0.61,6054
0.73,6053
0.75,6052
0.77,6051
0.80,6050
0.82,6049
0.85,6048
0.87,6047
0.88,6046
0.89,6045
0.90,6044
0.92,6043
0.93,6042
0.94,6041
0.95,6040
0.96,6039
0.97,6038
0.98,6037
1.00,6036
1.01,6035
1.02,6034
1.03,6033
1.04,6032
1.06,6031
1.07,6030
1.08,6029
1.09,6028
1.10,6027
1.11,6026
1.12,6025
1.13,6024
1.14,6023
1.15,6022
1.16,6021
1.18,6020
1.19,6019
1.20,6018
1.21,6017
1.22,6016
1.23,6015
1.24,6014
1.26,6013
1.27,6012
1.28,6011
1.29,6010
1.30,6009
1.31,6008
1.33,6007
1.35,6006
1.36,6005
1.37,6004
1.38,6003
1.39,6002
1.41,6001
1.42,6000
1.43,5999
1.44,5998
1.45,5997
1.47,5996
1.48,5995
1.50,5994
1.51,5993
1.52,5992
1.53,5991
1.55,5990
1.56,5989
1.57,5988
1.58,5987
1.59,5986
1.60,5985
1.62,5984
1.63,5983
1.64,5982
1.65,5981
1.66,5980
1.67,5979
1.68,5978
1.69,5977
1.70,5976
1.71,5975
1.72,5974
1.73,5973
1.74,5972
1.75,5971
1.76,5970
1.77,5969
1.79,5968
1.80,5967
1.81,5966
1.82,5965
1.84,5964
1.85,5963
1.86,5962
1.87,5961
1.88,5960
1.89,5959
1.90,5958
1.91,5957
1.92,5956
1.93,5955
1.94,5954
1.95,5953
1.96,5952
1.97,5951
1.98,5950
1.99,5949
2.00,5948
2.01,5947
2.02,5946
2.05,5945
2.06,5944
2.07,5943
2.08,5942
2.09,5941
2.11,5940
2.13,5939
2.14,5938
2.15,5937
2.16,5936
2.17,5935
2.19,5934
2.20,5933
2.21,5932
2.22,5931
2.23,5930
2.24,5929
2.25,5928
2.26,5927
2.27,5926
2.28,5925
2.29,5924
2.30,5923
2.31,5922
2.32,5921
2.33,5920
2.35,5919
2.36,5918
2.37,5917
2.38,5916
2.39,5915
2.40,5914
2.41,5913
2.42,5912
2.43,5911
2.44,5910
2.45,5909
2.46,5908
2.47,5907
2.49,5906
2.50,5905
2.51,5904
2.52,5903
2.53,5902
2.54,5901
2.55,5900
2.56,5899
2.57,5898
2.58,5897
2.59,5896
2.60,5895
2.62,5894
2.63,5893
2.64,5892
2.65,5891
2.66,5890
2.67,5889
2.68,5888
2.69,5887
2.70,5886
2.71,5885
2.72,5884
2.73,5883
2.74,5882
2.75,5881
2.76,5880
2.77,5879
2.78,5878
2.80,5877
2.81,5876
2.82,5875
2.83,5874
2.85,5873
2.86,5872
2.87,5871
2.88,5870
2.89,5869
2.91,5868
2.92,5867
2.93,5866
2.94,5865
2.96,5864
2.97,5863
2.98,5862
2.99,5861
3.01,5860
3.02,5859
3.03,5858
3.04,5857
3.06,5856
3.07,5855
3.08,5854
3.09,5853
3.10,5852
3.11,5851
3.14,5850
3.15,5849
3.16,5848
3.18,5847
3.19,5846
3.20,5845
3.21,5844
3.22,5843
3.24,5842
3.25,5841
3.26,5840
3.27,5839
3.28,5838
3.29,5837
3.30,5836
3.32,5835
3.33,5834
3.34,5833
3.36,5832
3.37,5831
3.39,5830
3.40,5829
3.41,5828
3.42,5827
3.43,5826
3.44,5825
3.45,5824
3.46,5823
3.47,5822
3.48,5821
3.49,5820
3.50,5819
3.51,5818
3.52,5817
3.53,5816
3.55,5815
3.56,5814
3.57,5813
3.58,5812
3.59,5811
3.60,5810
3.61,5809
3.62,5808
3.63,5807
3.64,5806
3.65,5805
3.66,5804
3.67,5803
3.69,5802
3.70,5801
3.71,5800
3.72,5799
3.73,5798
3.74,5797
3.75,5796
3.76,5795
3.77,5794
3.79,5793
3.80,5792
3.81,5791
3.82,5790
3.83,5789
3.84,5788
3.85,5787
3.86,5786
3.87,5785
3.88,5784
3.89,5783
3.91,5782
3.92,5781
3.93,5780
3.94,5779
3.95,5778
3.96,5777
3.97,5776
3.98,5775
3.99,5774
4.00,5773
4.01,5772
4.02,5771
4.03,5770
4.04,5769
4.05,5768
4.06,5767
4.07,5766
4.08,5765
4.09,5764
4.10,5763
4.11,5762
4.12,5761
4.13,5760
4.14,5759
4.15,5758
4.16,5757
4.17,5756
4.18,5755
4.19,5754
4.20,5753
4.21,5752
4.22,5751
4.24,5750
4.25,5749
4.26,5748
4.27,5747
4.28,5746
4.29,5745
4.30,5744
4.31,5743
4.33,5742
4.34,5741
4.35,5740
4.36,5739
4.37,5738
4.38,5737
4.39,5736
4.40,5735
4.41,5734
4.42,5733
4.43,5732
4.44,5731
4.45,5730
4.46,5729
4.47,5728
4.48,5727
4.49,5726
4.50,5725
4.52,5724
4.53,5723
4.54,5722
4.55,5721
4.56,5720
4.58,5719
4.59,5718
4.60,5717
4.61,5716
4.62,5715
4.63,5714
4.64,5713
4.65,5712
4.68,5711
4.69,5710
4.70,5709
4.71,5708
4.72,5707
4.73,5706
4.74,5705
4.75,5704
4.78,5703
4.79,5702
4.80,5701
4.81,5700
4.82,5699
4.83,5698
4.84,5697
4.85,5696
4.86,5695
4.87,5694
4.88,5693
4.89,5692
4.90,5691
4.91,5690
4.93,5689
4.94,5688
4.95,5687
4.96,5686
4.97,5685
4.98,5684
4.99,5683
5.00,5682
5.01,5681
5.02,5680
5.03,5679
5.04,5678
5.05,5677
5.06,5676
5.07,5675
5.08,5674
5.09,5673
5.10,5672
5.11,5671
5.12,5670
5.13,5669
5.15,5668
5.16,5667
5.17,5666
5.18,5665
5.19,5664
5.20,5663
5.21,5662
5.22,5661
5.23,5660
5.24,5659
5.25,5658
5.26,5657
5.27,5656
5.28,5655
5.29,5654
5.30,5653
5.31,5652
5.32,5651
5.33,5650
5.34,5649
5.35,5648
5.37,5647
5.38,5646
5.39,5645
5.40,5644
5.41,5643
5.42,5642
5.43,5641
5.44,5640
5.45,5639
5.46,5638
5.47,5637
5.48,5636
5.49,5635
5.50,5634
5.51,5633
5.52,5632
5.53,5631
5.54,5630
5.55,5629
5.56,5628
5.57,5627
5.58,5626
5.59,5625
5.61,5624
5.62,5623
5.63,5622
5.64,5621
5.65,5620
5.66,5619
5.67,5618
5.68,5617
5.69,5616
5.70,5615
5.71,5614
5.72,5613
5.74,5612
5.75,5611
5.76,5610
5.77,5609
5.78,5608
5.79,5607
5.80,5606
5.81,5605
5.82,5604
5.83,5603
5.84,5602
5.85,5601
5.86,5600
5.87,5599
5.88,5598
5.89,5597
5.91,5596
5.92,5595
5.93,5594
5.94,5593
5.96,5592
5.97,5591
5.98,5590
5.99,5589
6.00,5588
6.01,5587
6.03,5586
6.04,5585
6.05,5584
6.06,5583
6.07,5582
6.08,5581
6.09,5580
6.10,5579
6.11,5578
6.13,5577
6.14,5576
6.15,5575
6.16,5574
6.17,5573
6.18,5572
6.19,5571
6.20,5570
6.21,5569
6.22,5568
6.23,5567
6.25,5566
6.26,5565
6.27,5564
6.28,5563
6.29,5562
6.30,5561
6.32,5560
6.33,5559
6.34,5558
6.35,5557
6.36,5556
6.37,5555
6.38,5554
6.40,5553
6.41,5552
6.42,5551
6.43,5550
6.47,5549
6.48,5548
6.49,5547
6.50,5546
6.51,5545
6.52,5544
6.53,5543
6.55,5542
6.56,5541
6.57,5540
6.58,5539
6.59,5538
6.60,5537
6.61,5536
6.63,5535
6.64,5534
6.65,5533
6.66,5532
6.67,5531
6.68,5530
6.69,5529
6.71,5528
6.72,5527
6.73,5526
6.74,5525
6.76,5524
6.77,5523
6.78,5522
6.79,5521
6.80,5520
6.82,5519
6.83,5518
6.84,5517
6.85,5516
6.86,5515
6.87,5514
6.88,5513
6.90,5512
6.91,5511
6.92,5510
6.94,5509
6.95,5508
6.96,5507
6.97,5506
6.98,5505
6.99,5504
7.00,5503
7.01,5502
7.03,5501
7.04,5500
7.05,5499
7.06,5498
7.07,5497
7.08,5496
7.09,5495
7.10,5494
7.11,5493
7.13,5492
7.15,5491
7.16,5490
7.17,5489
7.18,5488
7.19,5487
7.20,5486
7.21,5485
7.22,5484
7.23,5483
7.24,5482
7.25,5481
7.26,5480
7.27,5479
7.28,5478
7.29,5477
7.30,5476
7.31,5475
7.32,5474
7.33,5473
7.34,5472
7.35,5471
7.36,5470
7.37,5469
7.38,5468
7.39,5467
7.40,5466
7.41,5465
7.42,5464
7.43,5463
7.44,5462
7.45,5461
7.46,5460
7.47,5459
7.48,5458
7.49,5457
7.50,5456
7.51,5455
7.52,5454
7.53,5453
7.54,5452
7.55,5451
7.56,5450
7.57,5449
7.58,5448
7.59,5447
7.60,5446
7.62,5445
7.63,5444
7.64,5443
7.65,5442
7.66,5441
7.67,5440
7.68,5439
7.69,5438
7.70,5437
7.71,5436
7.72,5435
7.73,5434
7.74,5433
7.75,5432
7.76,5431
7.77,5430
7.78,5429
7.79,5428
7.80,5427
7.81,5426
7.82,5425
7.83,5424
7.84,5423
7.85,5422
7.86,5421
7.87,5420
7.88,5419
7.89,5418
7.90,5417
7.92,5416
7.93,5415
7.93,5414
7.95,5413
7.96,5412
7.97,5411
7.98,5410
7.99,5409
8.00,5408
8.01,5407
8.02,5406
8.03,5405
8.04,5404
8.05,5403
8.06,5402
8.07,5401
8.08,5400
8.09,5399
8.10,5398
8.11,5397
8.12,5396
8.13,5395
8.14,5394
8.15,5393
8.16,5392
8.17,5391
8.18,5390
8.19,5389
8.20,5388
8.22,5387
8.23,5386
8.24,5385
8.25,5384
8.26,5383
8.27,5382
8.27,5381
8.29,5380
8.30,5379
8.31,5378
8.32,5377
8.33,5376
8.34,5375
8.35,5374
8.36,5373
8.37,5372
8.38,5371
8.39,5370
8.41,5369
8.42,5368
8.43,5367
8.44,5366
8.45,5365
8.46,5364
8.47,5363
8.48,5362
8.49,5361
8.50,5360
8.51,5359
8.52,5358
8.53,5357
8.54,5356
8.55,5355
8.56,5354
8.57,5353
8.58,5352
8.59,5351
8.60,5350
8.61,5349
8.62,5348
8.64,5347
8.65,5346
8.66,5345
8.67,5344
8.68,5343
8.69,5342
8.70,5341
8.71,5340
8.72,5339
8.73,5338
8.74,5337
8.75,5336
8.76,5335
8.77,5334
8.78,5333
8.79,5332
8.80,5331
8.82,5330
8.83,5329
8.84,5328
8.85,5327
8.86,5326
8.87,5325
8.88,5324
8.89,5323
8.90,5322
8.91,5321
8.92,5320
8.93,5319
8.94,5318
8.95,5317
8.96,5316
8.97,5315
8.98,5314
8.99,5313
9.00,5312
9.01,5311
9.02,5310
9.03,5309
9.04,5308
9.05,5307
9.06,5306
9.07,5305
9.08,5304
9.09,5303
9.10,5302
9.11,5301
9.12,5300
9.13,5299
9.14,5298
9.15,5297
9.16,5296
9.17,5295
9.18,5294
9.19,5293
9.20,5292
9.21,5291
9.22,5290
9.23,5289
9.24,5288
9.25,5287
9.26,5286
9.27,5285
9.28,5284
9.29,5283
9.30,5282
9.31,5281
9.32,5280
9.34,5279
9.35,5278
9.36,5277
9.37,5276
9.38,5275
9.39,5274
9.40,5273
9.41,5272
9.42,5271
9.43,5270
9.44,5269
9.45,5268
9.46,5267
9.47,5266
9.48,5265
9.49,5264
9.50,5263
9.51,5262
9.52,5261
9.54,5260
9.55,5259
9.56,5258
9.57,5257
9.58,5256
9.59,5255
9.60,5254
9.61,5253
9.62,5252
9.63,5251
9.64,5250
9.65,5249
9.66,5248
9.67,5247
9.68,5246
9.69,5245
9.70,5244
9.71,5243
9.72,5242
9.73,5241
9.74,5240
9.76,5239
9.76,5238
9.77,5237
9.79,5236
9.80,5235
9.81,5234
9.82,5233
9.83,5232
9.84,5231
9.85,5230
9.86,5229
9.87,5228
9.88,5227
9.89,5226
9.90,5225
9.91,5224
9.92,5223
9.93,5222
9.94,5221
9.95,5220
9.96,5219
9.97,5218
9.98,5217
9.99,5216
10.00,5215
10.01,5214
10.02,5213
10.04,5212
10.05,5211
10.06,5210
10.06,5209
10.08,5208
10.09,5207
10.10,5206
10.11,5205
10.12,5204
10.13,5203
10.14,5202
10.14,5201
10.15,5200
10.16,5199
10.17,5198
10.18,5197
10.19,5196
10.20,5195
10.23,5194
10.24,5193
10.25,5192
10.26,5191
10.27,5190
10.28,5189
10.29,5188
10.30,5187
10.31,5186
10.32,5185
10.33,5184
10.34,5183
10.35,5182
10.36,5181
10.37,5180
10.38,5179
10.39,5178
10.40,5177
10.41,5176
10.42,5175
10.44,5174
10.44,5173
10.45,5172
10.46,5171
10.47,5170
10.48,5169
10.50,5168
10.51,5167
10.52,5166
10.53,5165
10.54,5164
10.55,5163
10.56,5162
10.57,5161
10.58,5160
10.59,5159
10.60,5158
10.61,5157
10.62,5156
10.63,5155
10.64,5154
10.65,5153
10.66,5152
10.67,5151
10.68,5150
10.69,5149
10.70,5148
10.71,5147
10.72,5146
10.73,5145
10.74,5144
10.75,5143
10.76,5142
10.77,5141
10.78,5140
10.79,5139
10.80,5138
10.81,5137
10.82,5136
10.83,5135
10.84,5134
10.85,5133
10.86,5132
10.87,5131
10.88,5130
10.89,5129
10.90,5128
10.91,5127
10.92,5126
10.93,5125
10.94,5124
10.95,5123
10.96,5122
10.97,5121
10.98,5120
10.99,5119
11.00,5118
11.01,5117
11.02,5116
11.03,5115
11.04,5114
11.05,5113
11.06,5112
11.07,5111
11.08,5110
11.09,5109
11.10,5108
11.11,5107
11.12,5106
11.13,5105
11.14,5104
11.15,5103
11.16,5102
11.17,5101
11.18,5100
11.19,5099
11.20,5098
11.21,5097
11.22,5096
11.23,5095
11.24,5094
11.25,5093
11.26,5092
11.27,5091
11.28,5090
11.29,5089
11.30,5088
11.31,5087
11.32,5086
11.33,5085
11.34,5084
11.35,5083
11.36,5082
11.37,5081
11.38,5080
11.39,5079
11.40,5078
11.41,5077
11.42,5076
11.43,5075
11.44,5074
11.45,5073
11.46,5072
11.47,5071
11.48,5070
11.49,5069
11.50,5068
11.51,5067
11.52,5066
11.54,5065
11.55,5064
11.56,5063
11.57,5062
11.58,5061
11.59,5060
11.60,5059
11.61,5058
11.62,5057
11.63,5056
11.64,5055
11.65,5054
11.66,5053
11.67,5052
11.68,5051
11.69,5050
11.70,5049
11.71,5048
11.72,5047
11.73,5046
11.74,5045
11.75,5044
11.76,5043
11.77,5042
11.78,5041
11.79,5040
11.80,5039
11.81,5038
11.82,5037
11.83,5036
11.84,5035
11.86,5034
11.87,5033
11.88,5032
11.89,5031
11.90,5030
11.91,5029
11.92,5028
11.93,5027
11.94,5026
11.95,5025
11.96,5024
11.97,5023
11.98,5022
11.99,5021
12.00,5020
12.01,5019
12.02,5018
12.03,5017
12.04,5016
12.05,5015
12.06,5014
12.07,5013
12.08,5012
12.09,5011
12.10,5010
12.11,5009
12.12,5008
12.13,5007
12.14,5006
12.15,5005
12.16,5004
12.17,5003
12.18,5002
12.19,5001
12.19,5000
12.21,4999
12.22,4998
12.23,4997
12.24,4996
12.25,4995
12.26,4994
12.27,4993
12.28,4992
12.29,4991
12.30,4990
12.31,4989
12.32,4988
12.33,4987
12.34,4986
12.35,4985
12.36,4984
12.37,4983
12.38,4982
12.39,4981
12.40,4980
12.41,4979
12.42,4978
12.43,4977
12.44,4976
12.45,4975
12.46,4974
12.47,4973
12.48,4972
12.49,4971
12.50,4970
12.51,4969
12.52,4968
12.53,4967
12.54,4966
12.55,4965
12.56,4964
12.57,4963
12.58,4962
12.58,4961
12.59,4960
12.60,4959
12.61,4958
12.62,4957
12.63,4956
12.64,4955
12.65,4954
12.66,4953
12.67,4952
12.68,4951
12.69,4950
12.70,4949
12.71,4948
12.72,4947
12.73,4946
12.74,4945
12.75,4944
12.77,4943
12.78,4942
12.79,4941
12.80,4940
12.81,4939
12.82,4938
12.83,4937
12.84,4936
12.85,4935
12.86,4934
12.87,4933
12.88,4932
12.89,4931
12.90,4930
12.91,4929
12.92,4928
12.93,4927
12.94,4926
12.95,4925
12.96,4924
12.97,4923
12.98,4922
12.99,4921
12.99,4920
13.00,4919
13.01,4918
13.02,4917
13.03,4916
13.04,4915
13.05,4914
13.06,4913
13.07,4912
13.08,4911
13.09,4910
13.10,4909
13.11,4908
13.12,4907
13.13,4906
13.14,4905
13.15,4904
13.16,4903
13.17,4902
13.18,4901
13.19,4900
13.20,4899
13.21,4898
13.22,4897
13.23,4896
13.24,4895
13.25,4894
13.26,4893
13.27,4892
13.28,4891
13.29,4890
13.30,4889
13.31,4888
13.32,4887
13.33,4886
13.34,4885
13.35,4884
13.36,4883
13.37,4882
13.38,4881
13.39,4880
13.40,4879
13.41,4878
13.42,4877
13.43,4876
13.44,4875
13.45,4874
13.46,4873
13.47,4872
13.48,4871
13.49,4870
13.50,4869
13.51,4868
13.52,4867
13.53,4866
13.54,4865
13.55,4864
13.56,4863
13.57,4862
13.58,4861
13.59,4860
13.60,4859
13.61,4858
13.62,4857
13.63,4856
13.64,4855
13.65,4854
13.66,4853
13.67,4852
13.68,4851
13.69,4850
13.70,4849
13.71,4848
13.72,4847
13.73,4846
13.74,4845
13.75,4844
13.76,4843
13.78,4842
13.79,4841
13.80,4840
13.81,4839
13.82,4838
13.83,4837
13.84,4836
13.85,4835
13.86,4834
13.87,4833
13.88,4832
13.89,4831
13.90,4830
13.91,4829
13.92,4828
13.93,4827
13.94,4826
13.95,4825
13.95,4824
13.96,4823
13.97,4822
13.98,4821
13.99,4820
14.00,4819
14.01,4818
14.02,4817
14.03,4816
14.04,4815
14.05,4814
14.06,4813
14.07,4812
14.08,4811
14.09,4810
14.10,4809
14.11,4808
14.12,4807
14.13,4806
14.14,4805
14.15,4804
14.16,4803
14.17,4802
14.18,4801
14.19,4800
14.19,4799
14.20,4798
14.21,4797
14.22,4796
14.23,4795
14.24,4794
14.25,4793
14.26,4792
14.27,4791
14.28,4790
14.29,4789
14.30,4788
14.31,4787
14.32,4786
14.33,4785
14.34,4784
14.35,4783
14.36,4782
14.37,4781
14.38,4780
14.39,4779
14.40,4778
14.41,4777
14.42,4776
14.43,4775
14.44,4774
14.45,4773
14.46,4772
14.47,4771
14.48,4770
14.49,4769
14.50,4768
14.51,4767
14.52,4766
14.53,4765
14.54,4764
14.55,4763
14.56,4762
14.57,4761
14.58,4760
14.59,4759
14.60,4758
14.61,4757
14.62,4756
14.63,4755
14.64,4754
14.65,4753
14.66,4752
14.67,4751
14.68,4750
14.69,4749
14.70,4748
14.71,4747
14.72,4746
14.73,4745
14.74,4744
14.75,4743
14.76,4742
14.77,4741
14.78,4740
14.79,4739
14.80,4738
14.81,4737
14.82,4736
14.83,4735
14.84,4734
14.85,4733
14.86,4732
14.87,4731
14.88,4730
14.89,4729
14.90,4728
14.91,4727
14.92,4726
14.93,4725
14.94,4724
14.95,4723
14.96,4722
14.97,4721
14.98,4720
14.98,4719
14.99,4718
15.00,4717
15.01,4716
15.02,4715
15.03,4714
15.04,4713
15.05,4712
15.06,4711
15.07,4710
15.08,4709
15.09,4708
15.10,4707
15.11,4706
15.12,4705
15.12,4704
15.13,4703
15.14,4702
15.15,4701
15.16,4700
15.17,4699
15.18,4698
15.19,4697
15.20,4696
15.21,4695
15.22,4694
15.23,4693
15.24,4692
15.25,4691
15.26,4690
15.27,4689
15.28,4688
15.29,4687
15.30,4686
15.31,4685
15.32,4684
15.33,4683
15.34,4682
15.35,4681
15.36,4680
15.37,4679
15.38,4678
15.39,4677
15.40,4676
15.41,4675
15.42,4674
15.43,4673
15.44,4672
15.45,4671
15.45,4670
15.46,4669
15.47,4668
15.48,4667
15.49,4666
15.50,4665
15.51,4664
15.52,4663
15.53,4662
15.54,4661
15.55,4660
15.56,4659
15.57,4658
15.58,4657
15.59,4656
15.60,4655
15.61,4654
15.62,4653
15.63,4652
15.64,4651
15.65,4650
15.66,4649
15.67,4648
15.68,4647
15.69,4646
15.70,4645
15.71,4644
15.72,4643
15.73,4642
15.74,4641
15.75,4640
15.76,4639
15.77,4638
15.78,4637
15.79,4636
15.80,4635
15.81,4634
15.82,4633
15.83,4632
15.84,4631
15.85,4630
15.86,4629
15.87,4628
15.88,4627
15.89,4626
15.90,4625
15.90,4624
15.91,4623
15.92,4622
15.93,4621
15.94,4620
15.95,4619
15.96,4618
15.97,4617
15.98,4616
15.99,4615
16.00,4614
16.01,4613
16.02,4612
16.03,4611
16.04,4610
16.05,4609
16.06,4608
16.07,4607
16.08,4606
16.09,4605
16.10,4604
16.11,4603
16.12,4602
16.13,4601
16.14,4600
16.15,4599
16.16,4598
16.17,4597
16.18,4596
16.19,4595
16.19,4594
16.20,4593
16.21,4592
16.22,4591
16.23,4590
16.24,4589
16.25,4588
16.26,4587
16.27,4586
16.28,4585
16.29,4584
16.30,4583
16.31,4582
16.32,4581
16.33,4580
16.34,4579
16.35,4578
16.36,4577
16.37,4576
16.38,4575
16.39,4574
16.40,4573
16.41,4572
16.42,4571
16.43,4570
16.44,4569
16.45,4568
16.46,4567
16.47,4566
16.48,4565
16.49,4564
16.50,4563
16.51,4562
16.52,4561
16.52,4560
16.53,4559
16.54,4558
16.55,4557
16.56,4556
16.57,4555
16.58,4554
16.59,4553
16.60,4552
16.61,4551
16.62,4550
16.63,4549
16.64,4548
16.65,4547
16.66,4546
16.67,4545
16.68,4544
16.70,4543
16.71,4542
16.72,4541
16.73,4540
16.74,4539
16.75,4538
16.76,4537
16.76,4536
16.77,4535
16.78,4534
16.79,4533
16.80,4532
16.81,4531
16.82,4530
16.83,4529
16.84,4528
16.85,4527
16.86,4526
16.87,4525
16.88,4524
16.89,4523
16.90,4522
16.91,4521
16.92,4520
16.93,4519
16.94,4518
16.95,4517
16.96,4516
16.97,4515
16.97,4514
16.98,4513
16.99,4512
17.00,4511
17.01,4510
17.02,4509
17.03,4508
17.04,4507
17.05,4506
17.06,4505
17.07,4504
17.08,4503
17.09,4502
17.10,4501
17.11,4500
17.12,4499
17.13,4498
17.14,4497
17.14,4496
17.15,4495
17.16,4494
17.17,4493
17.18,4492
17.19,4491
17.20,4490
17.21,4489
17.22,4488
17.23,4487
17.24,4486
17.25,4485
17.26,4484
17.27,4483
17.28,4482
17.28,4481
17.29,4480
17.30,4479
17.31,4478
17.32,4477
17.33,4476
17.34,4475
17.35,4474
17.36,4473
17.37,4472
17.38,4471
17.39,4470
17.40,4469
17.41,4468
17.42,4467
17.43,4466
17.44,4465
17.45,4464
17.46,4463
17.47,4462
17.48,4461
17.48,4460
17.49,4459
17.50,4458
17.51,4457
17.52,4456
17.53,4455
17.54,4454
17.55,4453
17.56,4452
17.57,4451
17.58,4450
17.59,4449
17.60,4448
17.61,4447
17.62,4446
17.63,4445
17.64,4444
17.65,4443
17.66,4442
17.67,4441
17.67,4440
17.68,4439
17.69,4438
17.70,4437
17.71,4436
17.72,4435
17.73,4434
17.74,4433
17.75,4432
17.76,4431
17.77,4430
17.78,4429
17.79,4428
17.80,4427
17.81,4426
17.82,4425
17.83,4424
17.84,4423
17.85,4422
17.86,4421
17.86,4420
17.87,4419
17.88,4418
17.89,4417
17.90,4416
17.91,4415
17.92,4414
17.93,4413
17.94,4412
17.95,4411
17.96,4410
17.97,4409
17.98,4408
17.98,4407
17.99,4406
18.00,4405
18.01,4404
18.02,4403
18.03,4402
18.04,4401
18.05,4400
18.06,4399
18.07,4398
18.08,4397
18.09,4396
18.09,4395
18.10,4394
18.11,4393
18.12,4392
18.13,4391
18.14,4390
18.15,4389
18.16,4388
18.17,4387
18.18,4386
18.19,4385
18.19,4384
18.20,4383
18.21,4382
18.22,4381
18.23,4380
18.24,4379
18.25,4378
18.26,4377
18.27,4376
18.28,4375
18.29,4374
18.29,4373
18.30,4372
18.31,4371
18.32,4370
18.33,4369
18.34,4368
18.35,4367
18.37,4366
18.37,4365
18.38,4364
18.39,4363
18.40,4362
18.41,4361
18.42,4360
18.43,4359
18.44,4358
18.45,4357
18.46,4356
18.47,4355
18.48,4354
18.49,4353
18.50,4352
18.51,4351
18.52,4350
18.53,4349
18.54,4348
18.55,4347
18.55,4346
18.56,4345
18.57,4344
18.58,4343
18.59,4342
18.60,4341
18.61,4340
18.62,4339
18.63,4338
18.64,4337
18.65,4336
18.66,4335
18.67,4334
18.68,4333
18.69,4332
18.70,4331
18.70,4330
18.71,4329
18.72,4328
18.73,4327
18.74,4326
18.75,4325
18.76,4324
18.77,4323
18.78,4322
18.79,4321
18.80,4320
18.81,4319
18.82,4318
18.83,4317
18.84,4316
18.85,4315
18.86,4314
18.87,4313
18.87,4312
18.88,4311
18.89,4310
18.90,4309
18.91,4308
18.92,4307
18.93,4306
18.94,4305
18.95,4304
18.96,4303
18.97,4302
18.98,4301
18.98,4300
18.99,4299
19.00,4298
19.01,4297
19.02,4296
19.03,4295
19.04,4294
19.05,4293
19.06,4292
19.07,4291
19.08,4290
19.09,4289
19.10,4288
19.10,4287
19.11,4286
19.12,4285
19.13,4284
19.14,4283
19.15,4282
19.16,4281
19.17,4280
19.18,4279
19.19,4278
19.20,4277
19.20,4276
19.21,4275
19.22,4274
19.23,4273
19.24,4272
19.25,4271
19.26,4270
19.27,4269
19.28,4268
19.29,4267
19.30,4266
19.31,4265
19.31,4264
19.32,4263
19.33,4262
19.34,4261
19.35,4260
19.36,4259
19.37,4258
19.38,4257
19.39,4256
19.40,4255
19.41,4254
19.42,4253
19.43,4252
19.44,4251
19.45,4250
19.46,4249
19.47,4248
19.48,4247
19.48,4246
19.49,4245
19.50,4244
19.51,4243
19.52,4242
19.53,4241
19.54,4240
19.55,4239
19.56,4238
19.57,4237
19.58,4236
19.59,4235
19.60,4234
19.61,4233
19.62,4232
19.63,4231
19.63,4230
19.64,4229
19.65,4228
19.66,4227
19.67,4226
19.68,4225
19.69,4224
19.70,4223
19.71,4222
19.72,4221
19.73,4220
19.74,4219
19.75,4218
19.76,4217
19.77,4216
19.78,4215
19.79,4214
19.80,4213
19.81,4212
19.82,4211
19.83,4210
19.83,4209
19.84,4208
19.85,4207
19.86,4206
19.87,4205
19.88,4204
19.89,4203
19.90,4202
19.91,4201
19.92,4200
19.93,4199
19.94,4198
19.95,4197
19.96,4196
19.97,4195
19.98,4194
19.99,4193
19.99,4192
20.00,4191
20.01,4190
20.02,4189
20.03,4188
20.04,4187
20.05,4186
20.06,4185
20.07,4184
20.08,4183
20.09,4182
20.10,4181
20.11,4180
20.12,4179
20.12,4178
20.13,4177
20.14,4176
20.15,4175
20.16,4174
20.17,4173
20.18,4172
20.19,4171
20.20,4170
20.21,4169
20.22,4168
20.23,4167
20.23,4166
20.24,4165
20.25,4164
20.26,4163
20.27,4162
20.28,4161
20.29,4160
20.30,4159
20.31,4158
20.32,4157
20.33,4156
20.34,4155
20.35,4154
20.36,4153
20.37,4152
20.38,4151
20.39,4150
20.40,4149
20.41,4148
20.41,4147
20.42,4146
20.43,4145
20.44,4144
20.45,4143
20.46,4142
20.47,4141
20.48,4140
20.49,4139
20.50,4138
20.51,4137
20.51,4136
20.52,4135
20.53,4134
20.54,4133
20.55,4132
20.56,4131
20.57,4130
20.58,4129
20.59,4128
20.60,4127
20.61,4126
20.62,4125
20.63,4124
20.64,4123
20.64,4122
20.65,4121
20.66,4120
20.67,4119
20.68,4118
20.69,4117
20.70,4116
20.71,4115
20.72,4114
20.73,4113
20.74,4112
20.75,4111
20.76,4110
20.77,4109
20.78,4108
20.79,4107
20.79,4106
20.80,4105
20.81,4104
20.82,4103
20.83,4102
20.84,4101
20.85,4100
20.86,4099
20.87,4098
20.88,4097
20.89,4096
20.90,4095
20.91,4094
20.91,4093
20.92,4092
20.93,4091
20.94,4090
20.95,4089
20.96,4088
20.97,4087
20.98,4086
20.99,4085
21.00,4084
21.01,4083
21.01,4082
21.02,4081
21.03,4080
21.04,4079
21.05,4078
21.06,4077
21.07,4076
21.08,4075
21.09,4074
21.09,4073
21.10,4072
21.11,4071
21.12,4070
21.13,4069
21.14,4068
21.15,4067
21.16,4066
21.17,4065
21.18,4064
21.19,4063
21.19,4062
21.20,4061
21.21,4060
21.22,4059
21.23,4058
21.24,4057
21.25,4056
21.26,4055
21.27,4054
21.28,4053
21.29,4052
21.30,4051
21.31,4050
21.31,4049
21.32,4048
21.33,4047
21.34,4046
21.35,4045
21.36,4044
21.37,4043
21.38,4042
21.39,4041
21.40,4040
21.41,4039
21.42,4038
21.43,4037
21.43,4036
21.44,4035
21.45,4034
21.46,4033
21.47,4032
21.48,4031
21.49,4030
21.50,4029
21.51,4028
21.52,4027
21.53,4026
21.53,4025
21.54,4024
21.55,4023
21.56,4022
21.57,4021
21.58,4020
21.59,4019
21.60,4018
21.61,4017
21.62,4016
21.63,4015
21.64,4014
21.65,4013
21.65,4012
21.66,4011
21.67,4010
21.68,4009
21.69,4008
21.70,4007
21.71,4006
21.72,4005
21.73,4004
21.73,4003
21.74,4002
21.75,4001
21.76,4000
21.77,3999
21.78,3998
21.79,3997
21.80,3996
21.81,3995
21.82,3994
21.83,3993
21.84,3992
21.85,3991
21.86,3990
21.86,3989
21.87,3988
21.88,3987
21.89,3986
21.90,3985
21.91,3984
21.92,3983
21.93,3982
21.94,3981
21.95,3980
21.95,3979
21.96,3978
21.97,3977
21.98,3976
21.99,3975
22.00,3974
22.01,3973
22.02,3972
22.03,3971
22.04,3970
22.04,3969
22.05,3968
22.06,3967
22.07,3966
22.08,3965
22.09,3964
22.10,3963
22.11,3962
22.11,3961
22.12,3960
22.13,3959
22.14,3958
22.15,3957
22.16,3956
22.17,3955
22.18,3954
22.18,3953
22.19,3952
22.20,3951
22.21,3950
22.22,3949
22.23,3948
22.23,3947
22.24,3946
22.25,3945
22.26,3944
22.27,3943
22.28,3942
22.29,3941
22.30,3940
22.31,3939
22.31,3938
22.32,3937
22.33,3936
22.34,3935
22.35,3934
22.36,3933
22.37,3932
22.37,3931
22.38,3930
22.39,3929
22.40,3928
22.41,3927
22.42,3926
22.43,3925
22.44,3924
22.45,3923
22.45,3922
22.46,3921
22.47,3920
22.48,3919
22.49,3918
22.50,3917
22.51,3916
22.52,3915
22.52,3914
22.53,3913
22.54,3912
22.55,3911
22.56,3910
22.57,3909
22.58,3908
22.59,3907
22.59,3906
22.60,3905
22.61,3904
22.62,3903
22.63,3902
22.64,3901
22.65,3900
22.66,3899
22.67,3898
22.68,3897
22.68,3896
22.69,3895
22.70,3894
22.71,3893
22.72,3892
22.73,3891
22.74,3890
22.75,3889
22.76,3888
22.77,3887
22.78,3886
22.79,3885
22.79,3884
22.80,3883
22.81,3882
22.82,3881
22.83,3880
22.84,3879
22.85,3878
22.86,3877
22.87,3876
22.88,3875
22.88,3874
22.89,3873
22.90,3872
22.91,3871
22.92,3870
22.93,3869
22.94,3868
22.95,3867
22.96,3866
22.97,3865
22.98,3864
22.98,3863
22.99,3862
23.00,3861
23.01,3860
23.02,3859
23.03,3858
23.04,3857
23.05,3856
23.06,3855
23.06,3854
23.07,3853
23.08,3852
23.09,3851
23.10,3850
23.11,3849
23.12,3848
23.13,3847
23.14,3846
23.15,3845
23.16,3844
23.17,3843
23.17,3842
23.18,3841
23.19,3840
23.20,3839
23.21,3838
23.22,3837
23.23,3836
23.24,3835
23.25,3834
23.26,3833
23.26,3832
23.27,3831
23.28,3830
23.29,3829
23.30,3828
23.31,3827
23.32,3826
23.33,3825
23.34,3824
23.35,3823
23.35,3822
23.36,3821
23.37,3820
23.38,3819
23.39,3818
23.40,3817
23.41,3816
23.42,3815
23.43,3814
23.44,3813
23.45,3812
23.45,3811
23.46,3810
23.47,3809
23.48,3808
23.49,3807
23.50,3806
23.51,3805
23.52,3804
23.53,3803
23.53,3802
23.54,3801
23.55,3800
23.56,3799
23.57,3798
23.58,3797
23.59,3796
23.60,3795
23.61,3794
23.62,3793
23.63,3792
23.63,3791
23.64,3790
23.65,3789
23.66,3788
23.67,3787
23.68,3786
23.69,3785
23.70,3784
23.70,3783
23.71,3782
23.72,3781
23.73,3780
23.74,3779
23.75,3778
23.76,3777
23.77,3776
23.78,3775
23.79,3774
23.80,3773
23.81,3772
23.81,3771
23.82,3770
23.83,3769
23.84,3768
23.85,3767
23.86,3766
23.87,3765
23.88,3764
23.89,3763
23.90,3762
23.90,3761
23.91,3760
23.92,3759
23.93,3758
23.94,3757
23.95,3756
23.96,3755
23.97,3754
23.97,3753
23.98,3752
23.99,3751
24.00,3750
24.01,3749
24.02,3748
24.03,3747
24.04,3746
24.05,3745
24.06,3744
24.06,3743
24.07,3742
24.08,3741
24.09,3740
24.10,3739
24.11,3738
24.12,3737
24.12,3736
24.13,3735
24.14,3734
24.15,3733
24.16,3732
24.17,3731
24.17,3730
24.18,3729
24.19,3728
24.20,3727
24.21,3726
24.22,3725
24.23,3724
24.24,3723
24.24,3722
24.25,3721
24.26,3720
24.27,3719
24.28,3718
24.29,3717
24.30,3716
24.30,3715
24.31,3714
24.32,3713
24.33,3712
24.34,3711
24.35,3710
24.36,3709
24.37,3708
24.37,3707
24.38,3706
24.39,3705
24.40,3704
24.41,3703
24.42,3702
24.43,3701
24.44,3700
24.45,3699
24.46,3698
24.46,3697
24.47,3696
24.48,3695
24.49,3694
24.50,3693
24.51,3692
24.52,3691
24.52,3690
24.53,3689
24.54,3688
24.55,3687
24.56,3686
24.57,3685
24.58,3684
24.59,3683
24.59,3682
24.60,3681
24.61,3680
24.62,3679
24.63,3678
24.64,3677
24.65,3676
24.66,3675
24.67,3674
24.67,3673
24.68,3672
24.69,3671
24.70,3670
24.71,3669
24.72,3668
24.73,3667
24.74,3666
24.75,3665
24.76,3664
24.76,3663
24.77,3662
24.78,3661
24.79,3660
24.80,3659
24.81,3658
24.82,3657
24.83,3656
24.84,3655
24.84,3654
24.85,3653
24.86,3652
24.87,3651
24.88,3650
24.89,3649
24.90,3648
24.91,3647
24.91,3646
24.92,3645
24.93,3644
24.94,3643
24.95,3642
24.96,3641
24.97,3640
24.98,3639
24.99,3638
25.00,3637
25.00,3636
25.01,3635
25.02,3634
25.03,3633
25.04,3632
25.05,3631
25.06,3630
25.07,3629
25.08,3628
25.08,3627
25.09,3626
25.10,3625
25.11,3624
25.12,3623
25.13,3622
25.14,3621
25.15,3620
25.15,3619
25.16,3618
25.17,3617
25.18,3616
25.19,3615
25.20,3614
25.21,3613
25.22,3612
25.22,3611
25.23,3610
25.24,3609
25.25,3608
25.26,3607
25.27,3606
25.28,3605
25.29,3604
25.29,3603
25.30,3602
25.31,3601
25.32,3600
25.33,3599
25.34,3598
25.35,3597
25.36,3596
25.36,3595
25.37,3594
25.38,3593
25.39,3592
25.40,3591
25.41,3590
25.42,3589
25.43,3588
25.44,3587
25.45,3586
25.45,3585
25.46,3584
25.47,3583
25.48,3582
25.49,3581
25.50,3580
25.51,3579
25.51,3578
25.52,3577
25.53,3576
25.54,3575
25.55,3574
25.56,3573
25.57,3572
25.58,3571
25.58,3570
25.59,3569
25.60,3568
25.61,3567
25.62,3566
25.63,3565
25.64,3564
25.64,3563
25.65,3562
25.66,3561
25.67,3560
25.68,3559
25.69,3558
25.70,3557
25.70,3556
25.71,3555
25.72,3554
25.73,3553
25.74,3552
25.75,3551
25.75,3550
25.76,3549
25.77,3548
25.78,3547
25.79,3546
25.80,3545
25.81,3544
25.81,3543
25.82,3542
25.83,3541
25.84,3540
25.85,3539
25.86,3538
25.87,3537
25.88,3536
25.89,3535
25.89,3534
25.90,3533
25.91,3532
25.92,3531
25.93,3530
25.94,3529
25.95,3528
25.96,3527
25.97,3526
25.97,3525
25.98,3524
25.99,3523
26.00,3522
26.01,3521
26.02,3520
26.03,3519
26.03,3518
26.04,3517
26.05,3516
26.06,3515
26.07,3514
26.08,3513
26.09,3512
26.09,3511
26.10,3510
26.11,3509
26.12,3508
26.13,3507
26.14,3506
26.16,3505
26.17,3504
26.18,3503
26.19,3502
26.19,3501
26.20,3500
26.21,3499
26.22,3498
26.23,3497
26.24,3496
26.24,3495
26.25,3494
26.26,3493
26.27,3492
26.28,3491
26.29,3490
26.30,3489
26.31,3488
26.31,3487
26.32,3486
26.33,3485
26.34,3484
26.35,3483
26.36,3482
26.37,3481
26.38,3480
26.38,3479
26.39,3478
26.40,3477
26.41,3476
26.42,3475
26.43,3474
26.44,3473
26.45,3472
26.45,3471
26.46,3470
26.47,3469
26.48,3468
26.49,3467
26.50,3466
26.51,3465
26.51,3464
26.52,3463
26.53,3462
26.54,3461
26.55,3460
26.56,3459
26.57,3458
26.58,3457
26.59,3456
26.60,3455
26.60,3454
26.61,3453
26.62,3452
26.63,3451
26.64,3450
26.65,3449
26.66,3448
26.66,3447
26.67,3446
26.68,3445
26.69,3444
26.70,3443
26.71,3442
26.71,3441
26.72,3440
26.73,3439
26.74,3438
26.75,3437
26.76,3436
26.77,3435
26.78,3434
26.78,3433
26.79,3432
26.80,3431
26.81,3430
26.82,3429
26.83,3428
26.84,3427
26.85,3426
26.88,3425
26.88,3424
26.89,3423
26.90,3422
26.91,3421
26.92,3420
26.93,3419
26.94,3418
26.94,3417
26.95,3416
26.96,3415
26.97,3414
26.98,3413
26.99,3412
27.00,3411
27.00,3410
27.01,3409
27.02,3408
27.03,3407
27.04,3406
27.05,3405
27.05,3404
27.06,3403
27.07,3402
27.08,3401
27.09,3400
27.10,3399
27.11,3398
27.12,3397
27.12,3396
27.13,3395
27.14,3394
27.15,3393
27.16,3392
27.17,3391
27.18,3390
27.18,3389
27.19,3388
27.20,3387
27.21,3386
27.22,3385
27.23,3384
27.24,3383
27.25,3382
27.25,3381
27.26,3380
27.27,3379
27.28,3378
27.29,3377
27.30,3376
27.31,3375
27.32,3374
27.32,3373
27.33,3372
27.34,3371
27.35,3370
27.36,3369
27.37,3368
27.38,3367
27.38,3366
27.39,3365
27.40,3364
27.41,3363
27.42,3362
27.43,3361
27.44,3360
27.44,3359
