0.56,6052
0.67,6051
0.70,6050
0.73,6049
0.75,6048
0.76,6047
0.78,6046
0.81,6045
0.82,6044
0.84,6043
0.85,6042
0.87,6041
0.88,6040
0.90,6039
0.91,6038
0.92,6037
0.94,6036
0.95,6035
0.96,6034
0.98,6033
0.99,6032
1.01,6031
1.02,6030
1.04,6029
1.05,6028
1.06,6027
1.07,6026
1.09,6025
1.10,6024
1.11,6023
1.13,6022
1.17,6021
1.18,6020
1.19,6019
1.21,6018
1.22,6017
1.23,6016
1.25,6015
1.26,6014
1.28,6013
1.30,6012
1.31,6011
1.33,6010
1.34,6009
1.36,6008
1.37,6007
1.39,6006
1.40,6005
1.41,6004
1.43,6003
1.44,6002
1.46,6001
1.47,6000
1.49,5999
1.50,5998
1.51,5997
1.53,5996
1.54,5995
1.56,5994
1.58,5993
1.60,5992
1.62,5991
1.63,5990
1.65,5989
1.66,5988
1.68,5987
1.70,5986
1.71,5985
1.72,5984
1.74,5983
1.75,5982
1.76,5981
1.77,5980
1.79,5979
1.80,5978
1.81,5977
1.83,5976
1.84,5975
1.85,5974
1.86,5973
1.88,5972
1.89,5971
1.90,5970
1.92,5969
1.93,5968
1.94,5967
1.95,5966
1.96,5965
1.99,5964
2.00,5963
2.01,5962
2.03,5961
2.04,5960
2.05,5959
2.06,5958
2.07,5957
2.09,5956
2.10,5955
2.11,5954
2.13,5953
2.14,5952
2.15,5951
2.17,5950
2.18,5949
2.19,5948
2.20,5947
2.22,5946
2.23,5945
2.24,5944
2.25,5943
2.27,5942
2.28,5941
2.29,5940
2.30,5939
2.32,5938
2.33,5937
2.35,5936
2.36,5935
2.38,5934
2.39,5933
2.41,5932
2.42,5931
2.43,5930
2.45,5929
2.46,5928
2.47,5927
2.49,5926
2.50,5925
2.51,5924
2.52,5923
2.53,5922
2.55,5921
2.56,5920
2.57,5919
2.58,5918
2.60,5917
2.61,5916
2.62,5915
2.64,5914
2.65,5913
2.66,5912
2.67,5911
2.69,5910
2.70,5909
2.71,5908
2.72,5907
2.73,5906
2.75,5905
2.76,5904
2.77,5903
2.78,5902
2.80,5901
2.81,5900
2.82,5899
2.83,5898
2.84,5897
2.86,5896
2.87,5895
2.88,5894
2.89,5893
2.90,5892
2.92,5891
2.93,5890
2.94,5889
2.95,5888
2.97,5887
2.98,5886
2.99,5885
3.01,5884
3.02,5883
3.03,5882
3.04,5881
3.06,5880
3.07,5879
3.08,5878
3.09,5877
3.11,5876
3.12,5875
3.13,5874
3.14,5873
3.16,5872
3.18,5871
3.20,5870
3.21,5869
3.22,5868
3.24,5867
3.25,5866
3.27,5865
3.28,5864
3.29,5863
3.31,5862
3.32,5861
3.33,5860
3.35,5859
3.36,5858
3.38,5857
3.39,5856
3.41,5855
3.42,5854
3.44,5853
3.45,5852
3.47,5851
3.48,5850
3.50,5849
3.51,5848
3.53,5847
3.54,5846
3.55,5845
3.57,5844
3.58,5843
3.60,5842
3.61,5841
3.63,5840
3.64,5839
3.66,5838
3.67,5837
3.68,5836
3.70,5835
3.72,5834
3.73,5833
3.74,5832
3.76,5831
3.77,5830
3.79,5829
3.80,5828
3.82,5827
3.83,5826
3.84,5825
3.87,5824
3.88,5823
3.89,5822
3.91,5821
3.92,5820
3.93,5819
3.94,5818
3.96,5817
3.97,5816
3.98,5815
4.00,5814
4.01,5813
4.02,5812
4.04,5811
4.05,5810
4.06,5809
4.08,5808
4.09,5807
4.10,5806
4.11,5805
4.12,5804
4.14,5803
4.15,5802
4.16,5801
4.18,5800
4.19,5799
4.20,5798
4.21,5797
4.23,5796
4.24,5795
4.25,5794
4.26,5793
4.28,5792
4.29,5791
4.30,5790
4.32,5789
4.33,5788
4.34,5787
4.36,5786
4.37,5785
4.38,5784
4.40,5783
4.41,5782
4.42,5781
4.44,5780
4.45,5779
4.46,5778
4.48,5777
4.49,5776
4.50,5775
4.52,5774
4.53,5773
4.54,5772
4.56,5771
4.57,5770
4.58,5769
4.60,5768
4.61,5767
4.62,5766
4.64,5765
4.65,5764
4.66,5763
4.68,5762
4.69,5761
4.70,5760
4.72,5759
4.73,5758
4.74,5757
4.76,5756
4.77,5755
4.78,5754
4.79,5753
4.81,5752
4.82,5751
4.83,5750
4.84,5749
4.86,5748
4.87,5747
4.88,5746
4.89,5745
4.91,5744
4.92,5743
4.93,5742
4.95,5741
4.96,5740
4.97,5739
4.99,5738
5.00,5737
5.02,5736
5.04,5735
5.05,5734
5.07,5733
5.08,5732
5.09,5731
5.11,5730
5.12,5729
5.14,5728
5.15,5727
5.17,5726
5.18,5725
5.19,5724
5.21,5723
5.22,5722
5.24,5721
5.25,5720
5.30,5719
5.32,5718
5.34,5717
5.35,5716
5.36,5715
5.38,5714
5.39,5713
5.41,5712
5.42,5711
5.44,5710
5.46,5709
5.47,5708
5.49,5707
5.50,5706
5.51,5705
5.53,5704
5.54,5703
5.55,5702
5.57,5701
5.58,5700
5.59,5699
5.61,5698
5.62,5697
5.63,5696
5.65,5695
5.66,5694
5.67,5693
5.69,5692
5.70,5691
5.71,5690
5.73,5689
5.74,5688
5.76,5687
5.77,5686
5.78,5685
5.80,5684
5.81,5683
5.82,5682
5.84,5681
5.85,5680
5.86,5679
5.88,5678
5.89,5677
5.90,5676
5.92,5675
5.93,5674
5.94,5673
5.96,5672
5.97,5671
5.98,5670
6.00,5669
6.01,5668
6.02,5667
6.04,5666
6.05,5665
6.06,5664
6.08,5663
6.09,5662
6.10,5661
6.12,5660
6.13,5659
6.14,5658
6.16,5657
6.17,5656
6.18,5655
6.19,5654
6.21,5653
6.22,5652
6.23,5651
6.25,5650
6.26,5649
6.27,5648
6.28,5647
6.30,5646
6.31,5645
6.32,5644
6.33,5643
6.34,5642
6.36,5641
6.37,5640
6.38,5639
6.40,5638
6.41,5637
6.42,5636
6.44,5635
6.45,5634
6.46,5633
6.47,5632
6.48,5631
6.50,5630
6.51,5629
6.52,5628
6.53,5627
6.55,5626
6.56,5625
6.57,5624
6.58,5623
6.60,5622
6.61,5621
6.62,5620
6.64,5619
6.65,5618
6.66,5617
6.67,5616
6.69,5615
6.70,5614
6.71,5613
6.73,5612
6.74,5611
6.75,5610
6.76,5609
6.78,5608
6.79,5607
6.80,5606
6.81,5605
6.82,5604
6.84,5603
6.85,5602
6.86,5601
6.88,5600
6.89,5599
6.90,5598
6.91,5597
6.92,5596
6.94,5595
6.95,5594
6.97,5593
6.98,5592
6.99,5591
7.00,5590
7.01,5589
7.03,5588
7.04,5587
7.06,5586
7.07,5585
7.08,5584
7.10,5583
7.11,5582
7.12,5581
7.14,5580
7.15,5579
7.17,5578
7.19,5577
7.20,5576
7.21,5575
7.22,5574
7.24,5573
7.25,5572
7.27,5571
7.28,5570
7.29,5569
7.31,5568
7.32,5567
7.33,5566
7.35,5565
7.36,5564
7.38,5563
7.39,5562
7.41,5561
7.42,5560
7.46,5559
7.47,5558
7.48,5557
7.50,5556
7.51,5555
7.52,5554
7.54,5553
7.55,5552
7.57,5551
7.58,5550
7.59,5549
7.61,5548
7.62,5547
7.64,5546
7.65,5545
7.66,5544
7.68,5543
7.69,5542
7.70,5541
7.73,5540
7.74,5539
7.76,5538
7.77,5537
7.79,5536
7.80,5535
7.81,5534
7.83,5533
7.84,5532
7.85,5531
7.87,5530
7.88,5529
7.90,5528
7.91,5527
7.92,5526
7.94,5525
7.95,5524
7.97,5523
7.98,5522
8.00,5521
8.01,5520
8.02,5519
8.04,5518
8.05,5517
8.06,5516
8.08,5515
8.09,5514
8.11,5513
8.12,5512
8.13,5511
8.15,5510
8.16,5509
8.18,5508
8.19,5507
8.20,5506
8.22,5505
8.23,5504
8.24,5503
8.26,5502
8.27,5501
8.28,5500
8.30,5499
8.31,5498
8.32,5497
8.33,5496
8.35,5495
8.36,5494
8.38,5493
8.39,5492
8.40,5491
8.42,5490
8.43,5489
8.45,5488
8.46,5487
8.48,5486
8.49,5485
8.50,5484
8.51,5483
8.53,5482
8.55,5481
8.56,5480
8.58,5479
8.60,5478
8.61,5477
8.63,5476
8.64,5475
8.65,5474
8.69,5473
8.71,5472
8.72,5471
8.73,5470
8.75,5469
8.76,5468
8.77,5467
8.79,5466
8.80,5465
8.82,5464
8.83,5463
8.84,5462
8.85,5461
8.87,5460
8.88,5459
8.89,5458
8.90,5457
8.92,5456
8.93,5455
8.94,5454
8.95,5453
8.96,5452
8.98,5451
8.99,5450
9.00,5449
9.02,5448
9.03,5447
9.04,5446
9.05,5445
9.06,5444
9.08,5443
9.09,5442
9.10,5441
9.11,5440
9.13,5439
9.14,5438
9.15,5437
9.16,5436
9.18,5435
9.19,5434
9.20,5433
9.22,5432
9.23,5431
9.24,5430
9.25,5429
9.27,5428
9.28,5427
9.29,5426
9.30,5425
9.32,5424
9.33,5423
9.34,5422
9.36,5421
9.37,5420
9.38,5419
9.40,5418
9.41,5417
9.42,5416
9.43,5415
9.45,5414
9.46,5413
9.47,5412
9.49,5411
9.50,5410
9.51,5409
9.52,5408
9.53,5407
9.55,5406
9.56,5405
9.57,5404
9.58,5403
9.60,5402
9.61,5401
9.62,5400
9.63,5399
9.65,5398
9.66,5397
9.67,5396
9.69,5395
9.70,5394
9.72,5393
9.73,5392
9.74,5391
9.75,5390
9.76,5389
9.77,5388
9.80,5387
9.81,5386
9.82,5385
9.84,5384
9.85,5383
9.86,5382
9.87,5381
9.88,5380
9.90,5379
9.91,5378
9.92,5377
9.93,5376
9.94,5375
9.96,5374
9.97,5373
9.98,5372
9.99,5371
10.01,5370
10.02,5369
10.03,5368
10.04,5367
10.05,5366
10.07,5365
10.08,5364
10.09,5363
10.11,5362
10.12,5361
10.13,5360
10.14,5359
10.16,5358
10.17,5357
10.18,5356
10.19,5355
10.20,5354
10.22,5353
10.23,5352
10.24,5351
10.25,5350
10.26,5349
10.28,5348
10.29,5347
10.30,5346
10.31,5345
10.32,5344
10.34,5343
10.35,5342
10.36,5341
10.37,5340
10.38,5339
10.40,5338
10.41,5337
10.43,5336
10.44,5335
10.45,5334
10.46,5333
10.47,5332
10.48,5331
10.50,5330
10.51,5329
10.52,5328
10.53,5327
10.55,5326
10.56,5325
10.57,5324
10.58,5323
10.60,5322
10.61,5321
10.62,5320
10.63,5319
10.65,5318
10.66,5317
10.67,5316
10.68,5315
10.70,5314
10.71,5313
10.72,5312
10.73,5311
10.74,5310
10.76,5309
10.77,5308
10.78,5307
10.79,5306
10.81,5305
10.82,5304
10.83,5303
10.84,5302
10.85,5301
10.87,5300
10.88,5299
10.89,5298
10.90,5297
10.92,5296
10.93,5295
10.94,5294
10.95,5293
10.97,5292
10.98,5291
10.99,5290
11.00,5289
11.02,5288
11.03,5287
11.04,5286
11.05,5285
11.07,5284
11.08,5283
11.09,5282
11.10,5281
11.12,5280
11.13,5279
11.14,5278
11.15,5277
11.17,5276
11.18,5275
11.19,5274
11.21,5273
11.22,5272
11.23,5271
11.24,5270
11.25,5269
11.26,5268
11.28,5267
11.29,5266
11.30,5265
11.31,5264
11.32,5263
11.34,5262
11.35,5261
11.36,5260
11.37,5259
11.38,5258
11.40,5257
11.41,5256
11.42,5255
11.43,5254
11.45,5253
11.46,5252
11.47,5251
11.48,5250
11.50,5249
11.51,5248
11.52,5247
11.53,5246
11.54,5245
11.56,5244
11.57,5243
11.58,5242
11.59,5241
11.61,5240
11.62,5239
11.63,5238
11.65,5237
11.66,5236
11.67,5235
11.68,5234
11.69,5233
11.71,5232
11.72,5231
11.73,5230
11.74,5229
11.76,5228
11.77,5227
11.79,5226
11.80,5225
11.82,5224
11.83,5223
11.84,5222
11.85,5221
11.86,5220
11.87,5219
11.89,5218
11.90,5217
11.91,5216
11.92,5215
11.94,5214
11.95,5213
11.96,5212
11.97,5211
11.98,5210
12.00,5209
12.01,5208
12.02,5207
12.03,5206
12.05,5205
12.06,5204
12.07,5203
12.08,5202
12.09,5201
12.10,5200
12.12,5199
12.13,5198
12.14,5197
12.15,5196
12.17,5195
12.18,5194
12.19,5193
12.20,5192
12.22,5191
12.23,5190
12.24,5189
12.26,5188
12.27,5187
12.28,5186
12.29,5185
12.31,5184
12.32,5183
12.33,5182
12.34,5181
12.35,5180
12.37,5179
12.38,5178
12.39,5177
12.40,5176
12.42,5175
12.43,5174
12.44,5173
12.45,5172
12.46,5171
12.47,5170
12.49,5169
12.50,5168
12.51,5167
12.52,5166
12.53,5165
12.55,5164
12.56,5163
12.57,5162
12.58,5161
12.60,5160
12.61,5159
12.62,5158
12.63,5157
12.65,5156
12.66,5155
12.67,5154
12.69,5153
12.70,5152
12.71,5151
12.72,5150
12.74,5149
12.75,5148
12.76,5147
12.77,5146
12.78,5145
12.79,5144
12.81,5143
12.82,5142
12.83,5141
12.84,5140
12.85,5139
12.87,5138
12.88,5137
12.89,5136
12.90,5135
12.91,5134
12.92,5133
12.94,5132
12.95,5131
12.96,5130
12.97,5129
12.98,5128
13.00,5127
13.01,5126
13.02,5125
13.03,5124
13.04,5123
13.06,5122
13.07,5121
13.08,5120
13.09,5119
13.11,5118
13.12,5117
13.13,5116
13.14,5115
13.15,5114
13.17,5113
13.18,5112
13.19,5111
13.20,5110
13.21,5109
13.23,5108
13.24,5107
13.25,5106
13.26,5105
13.27,5104
13.29,5103
13.30,5102
13.31,5101
13.32,5100
13.34,5099
13.35,5098
13.36,5097
13.37,5096
13.38,5095
13.40,5094
13.41,5093
13.42,5092
13.43,5091
13.44,5090
13.45,5089
13.47,5088
13.48,5087
13.49,5086
13.50,5085
13.51,5084
13.53,5083
13.54,5082
13.55,5081
13.56,5080
13.57,5079
13.58,5078
13.59,5077
13.61,5076
13.62,5075
13.63,5074
13.64,5073
13.66,5072
13.67,5071
13.68,5070
13.69,5069
13.70,5068
13.72,5067
13.73,5066
13.74,5065
13.75,5064
13.77,5063
13.78,5062
13.79,5061
13.80,5060
13.81,5059
13.83,5058
13.84,5057
13.85,5056
13.86,5055
13.87,5054
13.89,5053
13.90,5052
13.91,5051
13.92,5050
13.93,5049
13.95,5048
13.96,5047
13.97,5046
13.98,5045
14.00,5044
14.01,5043
14.02,5042
14.03,5041
14.04,5040
14.06,5039
14.07,5038
14.08,5037
14.09,5036
14.10,5035
14.11,5034
14.13,5033
14.14,5032
14.15,5031
14.16,5030
14.18,5029
14.19,5028
14.20,5027
14.21,5026
14.22,5025
14.24,5024
14.25,5023
14.26,5022
14.27,5021
14.30,5020
14.31,5019
14.32,5018
14.33,5017
14.34,5016
14.36,5015
14.37,5014
14.38,5013
14.39,5012
14.41,5011
14.42,5010
14.43,5009
14.44,5008
14.45,5007
14.46,5006
14.48,5005
14.49,5004
14.50,5003
14.51,5002
14.52,5001
14.54,5000
14.55,4999
14.56,4998
14.57,4997
14.58,4996
14.61,4995
14.62,4994
14.63,4993
14.65,4992
14.66,4991
14.67,4990
14.68,4989
14.69,4988
14.70,4987
14.71,4986
14.73,4985
14.74,4984
14.75,4983
14.76,4982
14.77,4981
14.79,4980
14.80,4979
14.81,4978
14.82,4977
14.84,4976
14.85,4975
14.86,4974
14.88,4973
14.89,4972
14.90,4971
14.91,4970
14.93,4969
14.94,4968
14.95,4967
14.97,4966
14.98,4965
14.99,4964
15.00,4963
15.01,4962
15.02,4961
15.04,4960
15.05,4959
15.06,4958
15.07,4957
15.08,4956
15.09,4955
15.11,4954
15.12,4953
15.13,4952
15.15,4951
15.16,4950
15.17,4949
15.18,4948
15.19,4947
15.21,4946
15.22,4945
15.23,4944
15.24,4943
15.25,4942
15.26,4941
15.28,4940
15.29,4939
15.30,4938
15.31,4937
15.32,4936
15.33,4935
15.35,4934
15.36,4933
15.37,4932
15.38,4931
15.39,4930
15.40,4929
15.42,4928
15.43,4927
15.44,4926
15.45,4925
15.46,4924
15.48,4923
15.49,4922
15.50,4921
15.51,4920
15.52,4919
15.53,4918
15.55,4917
15.56,4916
15.57,4915
15.58,4914
15.60,4913
15.61,4912
15.62,4911
15.63,4910
15.64,4909
15.66,4908
15.67,4907
15.68,4906
15.69,4905
15.70,4904
15.72,4903
15.73,4902
15.74,4901
15.75,4900
15.76,4899
15.78,4898
15.79,4897
15.80,4896
15.81,4895
15.82,4894
15.83,4893
15.85,4892
15.86,4891
15.87,4890
15.88,4889
15.90,4888
15.91,4887
15.92,4886
15.93,4885
15.94,4884
15.95,4883
15.97,4882
15.98,4881
15.99,4880
16.00,4879
16.02,4878
16.03,4877
16.04,4876
16.05,4875
16.06,4874
16.07,4873
16.09,4872
16.10,4871
16.11,4870
16.12,4869
16.14,4868
16.15,4867
16.16,4866
16.17,4865
16.18,4864
16.20,4863
16.21,4862
16.22,4861
16.23,4860
16.24,4859
16.26,4858
16.27,4857
16.28,4856
16.29,4855
16.30,4854
16.31,4853
16.33,4852
16.34,4851
16.35,4850
16.36,4849
16.37,4848
16.39,4847
16.40,4846
16.41,4845
16.42,4844
16.43,4843
16.44,4842
16.45,4841
16.46,4840
16.47,4839
16.49,4838
16.50,4837
16.51,4836
16.52,4835
16.53,4834
16.54,4833
16.55,4832
16.57,4831
16.58,4830
16.59,4829
16.60,4828
16.61,4827
16.62,4826
16.63,4825
16.65,4824
16.66,4823
16.67,4822
16.68,4821
16.69,4820
16.71,4819
16.72,4818
16.73,4817
16.74,4816
16.75,4815
16.76,4814
16.77,4813
16.79,4812
16.80,4811
16.81,4810
16.82,4809
16.83,4808
16.85,4807
16.86,4806
16.87,4805
16.88,4804
16.89,4803
16.90,4802
16.92,4801
16.93,4800
16.94,4799
16.95,4798
16.96,4797
16.98,4796
16.99,4795
17.00,4794
17.01,4793
17.02,4792
17.03,4791
17.04,4790
17.06,4789
17.07,4788
17.08,4787
17.09,4786
17.11,4785
17.12,4784
17.13,4783
17.14,4782
17.15,4781
17.17,4780
17.18,4779
17.19,4778
17.20,4777
17.21,4776
17.23,4775
17.24,4774
17.25,4773
17.26,4772
17.27,4771
17.29,4770
17.30,4769
17.31,4768
17.32,4767
17.33,4766
17.35,4765
17.36,4764
17.37,4763
17.38,4762
17.39,4761
17.40,4760
17.42,4759
17.43,4758
17.44,4757
17.45,4756
17.46,4755
17.48,4754
17.49,4753
17.50,4752
17.51,4751
17.52,4750
17.53,4749
17.55,4748
17.56,4747
17.57,4746
17.58,4745
17.59,4744
17.61,4743
17.62,4742
17.63,4741
17.64,4740
17.65,4739
17.67,4738
17.68,4737
17.69,4736
17.70,4735
17.71,4734
17.73,4733
17.74,4732
17.75,4731
17.76,4730
17.78,4729
17.79,4728
17.80,4727
17.81,4726
17.82,4725
17.84,4724
17.85,4723
17.86,4722
17.87,4721
17.88,4720
17.89,4719
17.91,4718
17.92,4717
17.93,4716
17.94,4715
17.95,4714
17.97,4713
17.98,4712
17.99,4711
18.00,4710
18.01,4709
18.03,4708
18.04,4707
18.05,4706
18.06,4705
18.07,4704
18.08,4703
18.10,4702
18.11,4701
18.12,4700
18.13,4699
18.15,4698
18.16,4697
18.17,4696
18.18,4695
18.19,4694
18.20,4693
18.21,4692
18.23,4691
18.24,4690
18.25,4689
18.26,4688
18.27,4687
18.29,4686
18.30,4685
18.31,4684
18.32,4683
18.33,4682
18.34,4681
18.36,4680
18.37,4679
18.38,4678
18.39,4677
18.40,4676
18.42,4675
18.43,4674
18.44,4673
18.45,4672
18.47,4671
18.48,4670
18.49,4669
18.50,4668
18.51,4667
18.52,4666
18.54,4665
18.55,4664
18.56,4663
18.57,4662
18.58,4661
18.60,4660
18.61,4659
18.62,4658
18.63,4657
18.64,4656
18.65,4655
18.66,4654
18.68,4653
18.69,4652
18.70,4651
18.71,4650
18.72,4649
18.73,4648
18.74,4647
18.75,4646
18.77,4645
18.78,4644
18.79,4643
18.80,4642
18.81,4641
18.83,4640
18.84,4639
18.85,4638
18.86,4637
18.87,4636
18.88,4635
18.89,4634
18.90,4633
18.92,4632
18.93,4631
18.94,4630
18.95,4629
18.96,4628
18.98,4627
18.99,4626
19.00,4625
19.01,4624
19.03,4623
19.04,4622
19.05,4621
19.06,4620
19.07,4619
19.08,4618
19.10,4617
19.11,4616
19.12,4615
19.13,4614
19.14,4613
19.16,4612
19.17,4611
19.18,4610
19.19,4609
19.20,4608
19.22,4607
19.23,4606
19.24,4605
19.25,4604
19.26,4603
19.28,4602
19.29,4601
19.30,4600
19.31,4599
19.32,4598
19.33,4597
19.35,4596
19.36,4595
19.37,4594
19.38,4593
19.39,4592
19.41,4591
19.42,4590
19.43,4589
19.44,4588
19.46,4587
19.47,4586
19.48,4585
19.49,4584
19.50,4583
19.51,4582
19.52,4581
19.53,4580
19.55,4579
19.56,4578
19.57,4577
19.58,4576
19.59,4575
19.61,4574
19.62,4573
19.63,4572
19.64,4571
19.66,4570
19.67,4569
19.68,4568
19.69,4567
19.70,4566
19.71,4565
19.73,4564
19.74,4563
19.75,4562
19.76,4561
19.77,4560
19.78,4559
19.79,4558
19.81,4557
19.82,4556
19.83,4555
19.84,4554
19.85,4553
19.86,4552
19.88,4551
19.89,4550
19.90,4549
19.91,4548
19.92,4547
19.93,4546
19.94,4545
19.95,4544
19.97,4543
19.98,4542
19.99,4541
20.00,4540
20.01,4539
20.02,4538
20.03,4537
20.05,4536
20.06,4535
20.07,4534
20.08,4533
20.09,4532
20.10,4531
20.12,4530
20.13,4529
20.14,4528
20.15,4527
20.16,4526
20.18,4525
20.19,4524
20.20,4523
20.21,4522
20.22,4521
20.23,4520
20.25,4519
20.26,4518
20.27,4517
20.28,4516
20.29,4515
20.30,4514
20.31,4513
20.33,4512
20.34,4511
20.35,4510
20.36,4509
20.37,4508
20.38,4507
20.40,4506
20.41,4505
20.42,4504
20.43,4503
20.44,4502
20.46,4501
20.47,4500
20.48,4499
20.49,4498
20.50,4497
20.51,4496
20.53,4495
20.54,4494
20.55,4493
20.56,4492
20.57,4491
20.58,4490
20.60,4489
20.61,4488
20.62,4487
20.63,4486
20.64,4485
20.66,4484
20.67,4483
20.68,4482
20.69,4481
20.71,4480
20.72,4479
20.73,4478
20.74,4477
20.75,4476
20.76,4475
20.77,4474
20.79,4473
20.80,4472
20.81,4471
20.82,4470
20.83,4469
20.84,4468
20.86,4467
20.87,4466
20.88,4465
20.89,4464
20.90,4463
20.91,4462
20.92,4461
20.94,4460
20.95,4459
20.96,4458
20.97,4457
20.98,4456
20.99,4455
21.01,4454
21.02,4453
21.03,4452
21.04,4451
21.05,4450
21.06,4449
21.08,4448
21.09,4447
21.10,4446
21.11,4445
21.12,4444
21.13,4443
21.15,4442
21.16,4441
21.17,4440
21.18,4439
21.19,4438
21.21,4437
21.22,4436
21.23,4435
21.24,4434
21.25,4433
21.27,4432
21.28,4431
21.29,4430
21.30,4429
21.31,4428
21.33,4427
21.34,4426
21.35,4425
21.36,4424
21.37,4423
21.39,4422
21.40,4421
21.41,4420
21.42,4419
21.43,4418
21.45,4417
21.46,4416
21.47,4415
21.48,4414
21.49,4413
21.50,4412
21.51,4411
21.53,4410
21.54,4409
21.55,4408
21.56,4407
21.57,4406
21.58,4405
21.59,4404
21.61,4403
21.62,4402
21.63,4401
21.64,4400
21.65,4399
21.67,4398
21.68,4397
21.69,4396
21.70,4395
21.71,4394
21.72,4393
21.73,4392
21.75,4391
21.76,4390
21.77,4389
21.78,4388
21.79,4387
21.80,4386
21.82,4385
21.83,4384
21.84,4383
21.85,4382
21.86,4381
21.88,4380
21.89,4379
21.90,4378
21.91,4377
21.92,4376
21.93,4375
21.95,4374
21.96,4373
21.97,4372
21.98,4371
21.99,4370
22.00,4369
22.02,4368
22.03,4367
22.04,4366
22.05,4365
22.06,4364
22.07,4363
22.09,4362
22.10,4361
22.11,4360
22.12,4359
22.13,4358
22.14,4357
22.16,4356
22.17,4355
22.18,4354
22.19,4353
22.20,4352
22.21,4351
22.22,4350
22.24,4349
22.25,4348
22.26,4347
22.27,4346
22.28,4345
22.30,4344
22.31,4343
22.32,4342
22.33,4341
22.34,4340
22.35,4339
22.36,4338
22.38,4337
22.39,4336
22.40,4335
22.41,4334
22.42,4333
22.43,4332
22.45,4331
22.46,4330
22.47,4329
22.49,4328
22.50,4327
22.51,4326
22.53,4325
22.54,4324
22.55,4323
22.56,4322
22.57,4321
22.58,4320
22.59,4319
22.61,4318
22.62,4317
22.63,4316
22.64,4315
22.65,4314
22.66,4313
22.68,4312
22.69,4311
22.70,4310
22.71,4309
22.72,4308
22.73,4307
22.74,4306
22.76,4305
22.77,4304
22.78,4303
22.79,4302
22.80,4301
22.81,4300
22.83,4299
22.84,4298
22.85,4297
22.86,4296
22.87,4295
22.88,4294
22.89,4293
22.91,4292
22.92,4291
22.93,4290
22.94,4289
22.95,4288
22.96,4287
22.97,4286
22.99,4285
23.00,4284
23.01,4283
23.02,4282
23.03,4281
23.04,4280
23.05,4279
23.06,4278
23.07,4277
23.09,4276
23.10,4275
23.11,4274
23.12,4273
23.13,4272
23.14,4271
23.15,4270
23.17,4269
23.18,4268
23.19,4267
23.20,4266
23.21,4265
23.23,4264
23.24,4263
23.25,4262
23.26,4261
23.27,4260
23.28,4259
23.29,4258
23.31,4257
23.32,4256
23.33,4255
23.34,4254
23.35,4253
23.36,4252
23.38,4251
23.39,4250
23.40,4249
23.41,4248
23.42,4247
23.43,4246
23.45,4245
23.46,4244
23.47,4243
23.48,4242
23.49,4241
23.50,4240
23.51,4239
23.52,4238
23.54,4237
23.55,4236
23.56,4235
23.57,4234
23.58,4233
23.59,4232
23.60,4231
23.62,4230
23.63,4229
23.64,4228
23.65,4227
23.66,4226
23.68,4225
23.69,4224
23.70,4223
23.71,4222
23.72,4221
23.73,4220
23.75,4219
23.76,4218
23.77,4217
23.78,4216
23.79,4215
23.80,4214
23.81,4213
23.82,4212
23.84,4211
23.85,4210
23.86,4209
23.87,4208
23.88,4207
23.89,4206
23.90,4205
23.91,4204
23.93,4203
23.94,4202
23.95,4201
23.96,4200
23.97,4199
23.98,4198
23.99,4197
24.00,4196
24.01,4195
24.03,4194
24.04,4193
24.05,4192
24.06,4191
24.07,4190
24.08,4189
24.09,4188
24.11,4187
24.12,4186
24.13,4185
24.14,4184
24.15,4183
24.16,4182
24.18,4181
24.19,4180
24.20,4179
24.21,4178
24.22,4177
24.23,4176
24.24,4175
24.25,4174
24.27,4173
24.28,4172
24.29,4171
24.30,4170
24.31,4169
24.32,4168
24.33,4167
24.34,4166
24.36,4165
24.37,4164
24.38,4163
24.39,4162
24.40,4161
24.41,4160
24.42,4159
24.44,4158
24.45,4157
24.46,4156
24.47,4155
24.48,4154
24.49,4153
24.51,4152
24.52,4151
24.53,4150
24.54,4149
24.55,4148
24.56,4147
24.57,4146
24.58,4145
24.60,4144
24.61,4143
24.62,4142
24.63,4141
24.64,4140
24.65,4139
24.66,4138
24.68,4137
24.69,4136
24.70,4135
24.71,4134
24.72,4133
24.73,4132
24.74,4131
24.75,4130
24.77,4129
24.78,4128
24.79,4127
24.80,4126
24.81,4125
24.82,4124
24.83,4123
24.85,4122
24.86,4121
24.87,4120
24.88,4119
24.89,4118
24.90,4117
24.91,4116
24.92,4115
24.93,4114
24.95,4113
24.96,4112
24.97,4111
24.98,4110
24.99,4109
25.00,4108
25.01,4107
25.02,4106
25.03,4105
25.05,4104
25.06,4103
25.07,4102
25.08,4101
25.09,4100
25.10,4099
25.11,4098
25.13,4097
25.14,4096
25.15,4095
25.16,4094
25.17,4093
25.19,4092
25.20,4091
25.21,4090
25.22,4089
25.23,4088
25.24,4087
25.25,4086
25.26,4085
25.28,4084
25.29,4083
25.30,4082
25.31,4081
25.32,4080
25.33,4079
25.34,4078
25.35,4077
25.37,4076
25.38,4075
25.39,4074
25.40,4073
25.41,4072
25.42,4071
25.43,4070
25.45,4069
25.46,4068
25.47,4067
25.48,4066
25.49,4065
25.50,4064
25.51,4063
25.53,4062
25.54,4061
25.55,4060
25.56,4059
25.57,4058
25.58,4057
25.59,4056
25.60,4055
25.61,4054
25.63,4053
25.64,4052
25.65,4051
25.66,4050
25.67,4049
25.68,4048
25.69,4047
25.71,4046
25.72,4045
25.73,4044
25.74,4043
25.75,4042
25.76,4041
25.77,4040
25.78,4039
25.80,4038
25.81,4037
25.82,4036
25.83,4035
25.84,4034
25.85,4033
25.86,4032
25.87,4031
25.88,4030
25.89,4029
25.90,4028
25.92,4027
25.93,4026
25.94,4025
25.95,4024
25.96,4023
25.97,4022
25.98,4021
25.99,4020
26.00,4019
26.01,4018
26.03,4017
26.04,4016
26.05,4015
26.06,4014
26.07,4013
26.08,4012
26.09,4011
26.11,4010
26.12,4009
26.13,4008
26.14,4007
26.15,4006
26.16,4005
26.17,4004
26.19,4003
26.20,4002
26.21,4001
26.22,4000
26.23,3999
26.24,3998
26.25,3997
26.27,3996
26.28,3995
26.29,3994
26.30,3993
26.31,3992
26.32,3991
26.33,3990
26.34,3989
26.36,3988
26.37,3987
26.38,3986
26.39,3985
26.40,3984
26.41,3983
26.42,3982
26.44,3981
26.44,3980
26.46,3979
26.47,3978
26.48,3977
26.49,3976
26.50,3975
26.51,3974
26.52,3973
26.53,3972
26.54,3971
26.56,3970
26.57,3969
26.58,3968
26.59,3967
26.60,3966
26.61,3965
26.62,3964
26.63,3963
26.65,3962
26.66,3961
26.67,3960
26.68,3959
26.69,3958
26.70,3957
26.71,3956
26.73,3955
26.74,3954
26.75,3953
26.76,3952
26.77,3951
26.78,3950
26.79,3949
26.80,3948
26.81,3947
26.83,3946
26.84,3945
26.85,3944
26.86,3943
26.88,3942
26.89,3941
26.90,3940
26.91,3939
26.92,3938
26.93,3937
26.94,3936
26.95,3935
26.96,3934
26.97,3933
26.98,3932
26.99,3931
27.01,3930
27.02,3929
27.03,3928
27.04,3927
27.05,3926
27.06,3925
27.07,3924
27.08,3923
27.10,3922
27.11,3921
27.12,3920
27.13,3919
27.14,3918
27.15,3917
27.16,3916
27.17,3915
27.18,3914
27.19,3913
27.20,3912
27.22,3911
27.23,3910
27.24,3909
27.25,3908
27.26,3907
27.27,3906
27.28,3905
27.29,3904
27.30,3903
27.31,3902
27.32,3901
27.33,3900
27.34,3899
27.35,3898
27.36,3897
27.37,3896
27.38,3895
27.40,3894
27.41,3893
27.42,3892
27.43,3891
27.44,3890
27.45,3889
27.46,3888
27.47,3887
27.48,3886
27.49,3885
27.50,3884
27.51,3883
27.52,3882
27.54,3881
27.55,3880
27.56,3879
27.57,3878
27.58,3877
27.59,3876
27.60,3875
27.61,3874
27.62,3873
27.64,3872
27.65,3871
27.66,3870
27.67,3869
27.68,3868
27.69,3867
27.70,3866
27.71,3865
27.72,3864
27.74,3863
27.75,3862
27.76,3861
27.77,3860
27.78,3859
27.79,3858
27.80,3857
27.81,3856
27.82,3855
27.83,3854
27.84,3853
27.86,3852
27.87,3851
27.88,3850
27.89,3849
27.90,3848
27.91,3847
27.92,3846
27.93,3845
27.94,3844
27.95,3843
27.96,3842
27.98,3841
27.99,3840
28.00,3839
28.01,3838
28.02,3837
28.03,3836
28.05,3835
28.06,3834
28.07,3833
28.08,3832
28.09,3831
28.10,3830
28.11,3829
28.12,3828
28.13,3827
28.14,3826
28.16,3825
28.17,3824
28.18,3823
28.19,3822
28.20,3821
28.21,3820
28.22,3819
28.23,3818
28.24,3817
28.26,3816
28.27,3815
28.28,3814
28.29,3813
28.30,3812
28.31,3811
28.32,3810
28.33,3809
28.34,3808
28.36,3807
28.37,3806
28.38,3805
28.39,3804
28.40,3803
28.41,3802
28.42,3801
28.43,3800
28.44,3799
28.45,3798
28.47,3797
28.48,3796
28.49,3795
28.50,3794
28.51,3793
28.52,3792
28.53,3791
28.54,3790
28.55,3789
28.56,3788
28.57,3787
28.58,3786
28.59,3785
28.60,3784
28.61,3783
28.63,3782
28.64,3781
28.65,3780
28.66,3779
28.67,3778
28.68,3777
28.69,3776
28.70,3775
28.71,3774
28.72,3773
28.74,3772
28.75,3771
28.76,3770
28.77,3769
28.78,3768
28.79,3767
28.80,3766
28.82,3765
28.83,3764
28.84,3763
28.85,3762
28.86,3761
28.87,3760
28.88,3759
28.89,3758
28.90,3757
28.91,3756
28.93,3755
28.94,3754
28.95,3753
28.96,3752
28.97,3751
28.98,3750
28.99,3749
29.00,3748
29.01,3747
29.02,3746
29.03,3745
29.04,3744
29.05,3743
29.07,3742
29.08,3741
29.09,3740
29.10,3739
29.11,3738
29.12,3737
29.13,3736
29.14,3735
29.16,3734
29.17,3733
29.18,3732
29.19,3731
29.20,3730
29.21,3729
29.22,3728
29.23,3727
29.24,3726
29.25,3725
29.26,3724
29.27,3723
29.28,3722
29.29,3721
29.31,3720
29.32,3719
29.33,3718
29.34,3717
29.35,3716
29.36,3715
29.37,3714
29.38,3713
29.39,3712
29.40,3711
29.42,3710
29.43,3709
29.44,3708
29.45,3707
29.46,3706
29.47,3705
29.48,3704
29.49,3703
29.50,3702
29.51,3701
29.52,3700
29.53,3699
29.54,3698
29.56,3697
29.57,3696
29.58,3695
29.59,3694
29.60,3693
29.61,3692
29.62,3691
29.63,3690
29.64,3689
29.65,3688
29.66,3687
29.68,3686
29.69,3685
29.70,3684
29.71,3683
29.72,3682
29.73,3681
29.74,3680
29.75,3679
29.76,3678
29.77,3677
29.79,3676
29.80,3675
29.81,3674
29.82,3673
29.83,3672
29.84,3671
29.85,3670
29.86,3669
29.87,3668
29.88,3667
29.89,3666
29.90,3665
29.91,3664
29.92,3663
29.93,3662
29.94,3661
29.95,3660
29.97,3659
29.98,3658
29.99,3657
30.00,3656
30.01,3655
30.02,3654
30.03,3653
30.04,3652
30.05,3651
30.06,3650
30.07,3649
30.08,3648
30.09,3647
30.10,3646
30.12,3645
30.13,3644
30.14,3643
30.15,3642
30.16,3641
30.17,3640
30.18,3639
30.19,3638
30.20,3637
30.21,3636
30.22,3635
30.24,3634
30.25,3633
30.26,3632
30.27,3631
30.28,3630
30.29,3629
30.30,3628
30.31,3627
30.32,3626
30.33,3625
30.35,3624
30.36,3623
30.37,3622
30.38,3621
30.39,3620
30.40,3619
30.41,3618
30.42,3617
30.43,3616
30.44,3615
30.45,3614
30.46,3613
30.47,3612
30.48,3611
30.49,3610
30.50,3609
30.51,3608
30.52,3607
30.53,3606
30.54,3605
30.55,3604
30.57,3603
30.58,3602
30.59,3601
30.60,3600
30.61,3599
30.62,3598
30.63,3597
30.64,3596
30.65,3595
30.66,3594
30.67,3593
30.69,3592
30.70,3591
30.71,3590
30.72,3589
30.73,3588
30.74,3587
30.75,3586
30.76,3585
30.77,3584
30.78,3583
30.79,3582
30.80,3581
30.81,3580
30.83,3579
30.84,3578
30.85,3577
30.86,3576
30.87,3575
30.88,3574
30.89,3573
30.90,3572
30.91,3571
30.92,3570
30.93,3569
30.94,3568
30.95,3567
30.96,3566
30.97,3565
30.98,3564
31.00,3563
31.00,3562
31.02,3561
31.03,3560
31.04,3559
31.05,3558
31.06,3557
31.07,3556
31.08,3555
31.09,3554
31.10,3553
31.11,3552
31.12,3551
31.13,3550
31.15,3549
31.16,3548
31.17,3547
31.18,3546
31.19,3545
31.20,3544
31.21,3543
31.22,3542
31.23,3541
31.24,3540
31.25,3539
31.26,3538
31.28,3537
31.29,3536
31.30,3535
31.31,3534
31.32,3533
31.33,3532
31.34,3531
31.35,3530
31.36,3529
31.37,3528
31.38,3527
31.39,3526
31.40,3525
31.41,3524
31.42,3523
31.43,3522
31.44,3521
31.45,3520
31.46,3519
31.47,3518
31.49,3517
31.50,3516
31.51,3515
31.52,3514
31.53,3513
31.54,3512
31.55,3511
31.56,3510
31.57,3509
31.58,3508
31.59,3507
31.60,3506
31.62,3505
31.63,3504
31.64,3503
31.65,3502
31.66,3501
31.67,3500
31.68,3499
31.69,3498
31.70,3497
31.71,3496
31.73,3495
31.74,3494
31.75,3493
31.76,3492
31.77,3491
31.78,3490
31.79,3489
31.80,3488
31.81,3487
31.82,3486
31.83,3485
31.84,3484
31.85,3483
31.86,3482
31.87,3481
31.88,3480
31.89,3479
31.90,3478
31.91,3477
31.92,3476
31.93,3475
31.94,3474
31.95,3473
31.97,3472
31.98,3471
31.99,3470
32.00,3469
32.01,3468
32.02,3467
32.03,3466
32.04,3465
32.05,3464
32.06,3463
32.07,3462
32.08,3461
32.09,3460
32.10,3459
32.11,3458
32.12,3457
32.13,3456
32.14,3455
32.16,3454
32.17,3453
32.18,3452
32.19,3451
32.20,3450
32.21,3449
32.22,3448
32.23,3447
32.24,3446
32.25,3445
32.26,3444
32.27,3443
32.28,3442
32.29,3441
32.30,3440
32.32,3439
32.33,3438
32.34,3437
32.35,3436
32.36,3435
32.37,3434
32.38,3433
32.39,3432
32.40,3431
32.41,3430
32.42,3429
32.43,3428
32.44,3427
32.45,3426
32.46,3425
32.48,3424
32.49,3423
32.50,3422
32.51,3421
32.52,3420
32.54,3419
32.55,3418
32.56,3417
32.57,3416
32.58,3415
32.59,3414
32.60,3413
32.61,3412
32.62,3411
32.63,3410
32.65,3409
32.66,3408
32.67,3407
32.68,3406
32.69,3405
32.70,3404
32.71,3403
32.72,3402
32.73,3401
32.74,3400
32.75,3399
32.77,3398
32.78,3397
32.79,3396
32.80,3395
32.81,3394
32.82,3393
32.83,3392
32.84,3391
32.85,3390
32.86,3389
32.87,3388
32.88,3387
32.89,3386
32.90,3385
32.92,3384
32.93,3383
32.93,3382
32.95,3381
32.96,3380
32.97,3379
32.98,3378
