0.60,6024
0.84,5964
0.98,5905
1.10,5846
1.21,5788
1.27,5731
1.39,5674
1.52,5618
1.63,5562
1.76,5507
1.91,5452
2.00,5398
2.14,5345
2.28,5292
2.40,5240
2.48,5188
2.58,5137
2.68,5086
2.79,5036
2.87,4986
2.93,4937
3.00,4888
3.16,4840
3.29,4792
3.38,4745
3.42,4698
3.49,4652
3.54,4606
3.64,4560
3.70,4515
3.75,4470
3.82,4426
3.87,4382
3.93,4339
4.03,4296
4.11,4254
4.15,4212
4.19,4170
4.23,4129
4.27,4088
4.31,4048
4.37,4008
4.43,3968
4.47,3929
4.54,3890
4.59,3852
4.63,3814
4.70,3776
4.75,3739
4.80,3702
4.87,3665
4.91,3629
4.92,3593
4.96,3558
5.01,3523
5.05,3488
5.15,3454
5.23,3420
5.30,3386
