0.51,6046
0.61,6045
0.63,6044
0.66,6043
0.68,6042
0.70,6041
0.73,6040
0.74,6039
0.75,6038
0.76,6037
0.78,6036
0.79,6035
0.80,6034
0.81,6033
0.83,6032
0.84,6031
0.85,6030
0.86,6029
0.87,6028
0.88,6027
0.90,6026
0.91,6025
0.92,6024
0.93,6023
0.94,6022
0.95,6021
0.96,6020
0.97,6019
0.98,6018
0.99,6017
1.00,6016
1.01,6015
1.02,6014
1.03,6013
1.04,6012
1.05,6011
1.07,6010
1.08,6009
1.09,6008
1.10,6007
1.11,6006
1.12,6005
1.13,6004
1.15,6003
1.16,6002
1.17,6001
1.18,6000
1.19,5999
1.21,5998
1.22,5997
1.23,5996
1.24,5995
1.25,5994
1.27,5993
1.28,5992
1.29,5991
1.30,5990
1.31,5989
1.34,5988
1.35,5987
1.36,5986
1.37,5985
1.39,5984
1.40,5983
1.41,5982
1.42,5981
1.43,5980
1.44,5979
1.45,5978
1.46,5977
1.47,5976
1.48,5975
1.49,5974
1.50,5973
1.51,5972
1.52,5971
1.53,5970
1.54,5969
1.55,5968
1.56,5967
1.58,5966
1.59,5965
1.60,5964
1.60,5963
1.62,5962
1.63,5961
1.64,5960
1.65,5959
1.66,5958
1.67,5957
1.68,5956
1.69,5955
1.70,5954
1.71,5953
1.72,5952
1.73,5951
1.74,5950
1.75,5949
1.76,5948
1.77,5947
1.78,5946
1.80,5945
1.81,5944
1.82,5943
1.83,5942
1.84,5941
1.85,5940
1.86,5939
1.87,5938
1.88,5937
1.89,5936
1.90,5935
1.91,5934
1.92,5933
1.93,5932
1.94,5931
1.95,5930
1.96,5929
1.98,5928
1.99,5927
2.00,5926
2.01,5925
2.02,5924
2.03,5923
2.04,5922
2.05,5921
2.06,5920
2.07,5919
2.08,5918
2.09,5917
2.10,5916
2.11,5915
2.12,5914
2.13,5913
2.14,5912
2.15,5911
2.16,5910
2.17,5909
2.18,5908
2.19,5907
2.20,5906
2.21,5905
2.22,5904
2.23,5903
2.24,5902
2.26,5901
2.26,5900
2.28,5899
2.29,5898
2.30,5897
2.31,5896
2.32,5895
2.32,5894
2.33,5893
2.35,5892
2.35,5891
2.36,5890
2.38,5889
2.39,5888
2.40,5887
2.41,5886
2.42,5885
2.43,5884
2.44,5883
2.45,5882
2.46,5881
2.47,5880
2.48,5879
2.49,5878
2.50,5877
2.51,5876
2.52,5875
2.53,5874
2.54,5873
2.55,5872
2.56,5871
2.57,5870
2.58,5869
2.59,5868
2.60,5867
2.62,5866
2.63,5865
2.64,5864
2.65,5863
2.66,5862
2.67,5861
2.68,5860
2.70,5859
2.71,5858
2.73,5857
2.74,5856
2.75,5855
2.76,5854
2.77,5853
2.78,5852
2.79,5851
2.81,5850
2.82,5849
2.83,5848
2.84,5847
2.85,5846
2.87,5845
2.88,5844
2.89,5843
2.90,5842
2.91,5841
2.93,5840
2.94,5839
2.95,5838
2.96,5837
2.97,5836
2.98,5835
3.00,5834
3.01,5833
3.02,5832
3.03,5831
3.04,5830
3.05,5829
3.06,5828
3.07,5827
3.09,5826
3.10,5825
3.11,5824
3.13,5823
3.14,5822
3.15,5821
3.16,5820
3.18,5819
3.19,5818
3.20,5817
3.21,5816
3.22,5815
3.24,5814
3.25,5813
3.26,5812
3.28,5811
3.29,5810
3.30,5809
3.31,5808
3.32,5807
3.33,5806
3.34,5805
3.35,5804
3.36,5803
3.37,5802
3.38,5801
3.40,5800
3.41,5799
3.42,5798
3.43,5797
3.44,5796
3.45,5795
3.46,5794
3.47,5793
3.48,5792
3.49,5791
3.50,5790
3.52,5789
3.52,5788
3.53,5787
3.54,5786
3.55,5785
3.57,5784
3.58,5783
3.59,5782
3.60,5781
3.61,5780
3.62,5779
3.63,5778
3.64,5777
3.65,5776
3.66,5775
3.67,5774
3.68,5773
3.69,5772
3.70,5771
3.71,5770
3.72,5769
3.73,5768
3.74,5767
3.75,5766
3.76,5765
3.77,5764
3.78,5763
3.79,5762
3.80,5761
3.81,5760
3.82,5759
3.83,5758
3.84,5757
3.85,5756
3.86,5755
3.87,5754
3.88,5753
3.89,5752
3.90,5751
3.91,5750
3.92,5749
3.94,5748
3.95,5747
3.96,5746
3.97,5745
3.98,5744
3.99,5743
4.00,5742
4.01,5741
4.02,5740
4.03,5739
4.04,5738
4.05,5737
4.06,5736
4.07,5735
4.08,5734
4.09,5733
4.10,5732
4.11,5731
4.12,5730
4.13,5729
4.14,5728
4.15,5727
4.16,5726
4.17,5725
4.18,5724
4.19,5723
4.20,5722
4.21,5721
4.22,5720
4.23,5719
4.24,5718
4.25,5717
4.26,5716
4.27,5715
4.28,5714
4.29,5713
4.30,5712
4.31,5711
4.32,5710
4.33,5709
4.34,5708
4.35,5707
4.36,5706
4.37,5705
4.38,5704
4.39,5703
4.40,5702
4.42,5701
4.43,5700
4.44,5699
4.45,5698
4.46,5697
4.47,5696
4.48,5695
4.49,5694
4.51,5693
4.51,5692
4.52,5691
4.54,5690
4.55,5689
4.56,5688
4.57,5687
4.58,5686
4.59,5685
4.59,5684
4.60,5683
4.61,5682
4.62,5681
4.63,5680
4.64,5679
4.65,5678
4.66,5677
4.68,5676
4.69,5675
4.70,5674
4.71,5673
4.72,5672
4.73,5671
4.74,5670
4.75,5669
4.76,5668
4.77,5667
4.78,5666
4.79,5665
4.80,5664
4.81,5663
4.82,5662
4.83,5661
4.84,5660
4.85,5659
4.85,5658
4.87,5657
4.88,5656
4.89,5655
4.90,5654
4.91,5653
4.92,5652
4.93,5651
4.94,5650
4.95,5649
4.96,5648
4.97,5647
4.98,5646
4.99,5645
5.00,5644
5.01,5643
5.03,5642
5.04,5641
5.05,5640
5.06,5639
5.07,5638
5.08,5637
5.09,5636
5.10,5635
5.11,5634
5.12,5633
5.14,5632
5.15,5631
5.16,5630
5.17,5629
5.18,5628
5.18,5627
5.19,5626
5.20,5625
5.21,5624
5.22,5623
5.23,5622
5.24,5621
5.25,5620
5.26,5619
5.27,5618
5.28,5617
5.30,5616
5.31,5615
5.32,5614
5.33,5613
5.34,5612
5.35,5611
5.36,5610
5.37,5609
5.38,5608
5.39,5607
5.40,5606
5.41,5605
5.42,5604
5.43,5603
5.44,5602
5.45,5601
5.46,5600
5.47,5599
5.48,5598
5.49,5597
5.50,5596
5.52,5595
5.53,5594
5.54,5593
5.55,5592
5.56,5591
5.57,5590
5.58,5589
5.59,5588
5.60,5587
5.61,5586
5.62,5585
5.63,5584
5.64,5583
5.65,5582
5.66,5581
5.67,5580
5.69,5579
5.70,5578
5.71,5577
5.72,5576
5.74,5575
5.75,5574
5.76,5573
5.77,5572
5.78,5571
5.80,5570
5.80,5569
5.82,5568
5.84,5567
5.85,5566
5.86,5565
5.87,5564
5.88,5563
5.89,5562
5.90,5561
5.91,5560
5.93,5559
5.94,5558
5.95,5557
5.96,5556
5.97,5555
5.98,5554
5.99,5553
6.00,5552
6.01,5551
6.02,5550
6.03,5549
6.04,5548
6.06,5547
6.07,5546
6.08,5545
6.09,5544
6.10,5543
6.11,5542
6.12,5541
6.13,5540
6.14,5539
6.16,5538
6.17,5537
6.18,5536
6.19,5535
6.20,5534
6.21,5533
6.22,5532
6.23,5531
6.25,5530
6.26,5529
6.28,5528
6.29,5527
6.30,5526
6.31,5525
6.32,5524
6.33,5523
6.34,5522
6.36,5521
6.37,5520
6.38,5519
6.39,5518
6.40,5517
6.42,5516
6.43,5515
6.44,5514
6.45,5513
6.46,5512
6.47,5511
6.49,5510
6.50,5509
6.51,5508
6.52,5507
6.54,5506
6.55,5505
6.56,5504
6.57,5503
6.58,5502
6.60,5501
6.61,5500
6.62,5499
6.63,5498
6.64,5497
6.65,5496
6.66,5495
6.68,5494
6.69,5493
6.70,5492
6.71,5491
6.72,5490
6.73,5489
6.74,5488
6.75,5487
6.77,5486
6.78,5485
6.79,5484
6.80,5483
6.81,5482
6.82,5481
6.84,5480
6.85,5479
6.86,5478
6.87,5477
6.88,5476
6.89,5475
6.90,5474
6.91,5473
6.92,5472
6.93,5471
6.95,5470
6.96,5469
6.98,5468
6.99,5467
7.00,5466
7.01,5465
7.02,5464
7.03,5463
7.04,5462
7.04,5461
7.05,5460
7.07,5459
7.07,5458
7.08,5457
7.09,5456
7.10,5455
7.12,5454
7.12,5453
7.14,5452
7.14,5451
7.15,5450
7.17,5449
7.18,5448
7.19,5447
7.20,5446
7.21,5445
7.22,5444
7.23,5443
7.24,5442
7.25,5441
7.26,5440
7.26,5439
7.27,5438
7.29,5437
7.30,5436
7.31,5435
7.32,5434
7.33,5433
7.34,5432
7.35,5431
7.36,5430
7.37,5429
7.38,5428
7.39,5427
7.40,5426
7.41,5425
7.42,5424
7.43,5423
7.45,5422
7.46,5421
7.48,5420
7.50,5419
7.51,5418
7.52,5417
7.53,5416
7.54,5415
7.55,5414
7.56,5413
7.57,5412
7.58,5411
7.59,5410
7.60,5409
7.61,5408
7.62,5407
7.63,5406
7.64,5405
7.65,5404
7.66,5403
7.67,5402
7.68,5401
7.69,5400
7.72,5399
7.73,5398
7.74,5397
7.75,5396
7.76,5395
7.78,5394
7.80,5393
7.81,5392
7.82,5391
7.83,5390
7.84,5389
7.85,5388
7.86,5387
7.87,5386
7.89,5385
7.90,5384
7.90,5383
7.91,5382
7.93,5381
7.94,5380
7.95,5379
7.96,5378
7.97,5377
7.98,5376
7.99,5375
8.00,5374
8.01,5373
8.02,5372
8.03,5371
8.04,5370
8.05,5369
8.06,5368
8.07,5367
8.08,5366
8.09,5365
8.10,5364
8.11,5363
8.12,5362
8.13,5361
8.14,5360
8.15,5359
8.16,5358
8.17,5357
8.18,5356
8.19,5355
8.20,5354
8.21,5353
8.22,5352
8.23,5351
8.24,5350
8.25,5349
8.26,5348
8.27,5347
8.28,5346
8.29,5345
8.30,5344
8.35,5343
8.36,5342
8.37,5341
8.38,5340
8.39,5339
8.40,5338
8.41,5337
8.42,5336
8.43,5335
8.44,5334
8.45,5333
8.46,5332
8.48,5331
8.49,5330
8.50,5329
8.51,5328
8.52,5327
8.53,5326
8.54,5325
8.55,5324
8.56,5323
8.57,5322
8.58,5321
8.59,5320
8.60,5319
8.61,5318
8.62,5317
8.63,5316
8.64,5315
8.65,5314
8.66,5313
8.67,5312
8.68,5311
8.70,5310
8.71,5309
8.72,5308
8.73,5307
8.73,5306
8.74,5305
8.75,5304
8.76,5303
8.77,5302
8.78,5301
8.79,5300
8.80,5299
8.81,5298
8.82,5297
8.83,5296
8.84,5295
8.85,5294
8.86,5293
8.87,5292
8.88,5291
8.89,5290
8.90,5289
8.91,5288
8.92,5287
8.93,5286
8.94,5285
8.95,5284
8.96,5283
8.97,5282
8.98,5281
8.99,5280
9.01,5279
9.02,5278
9.03,5277
9.04,5276
9.05,5275
9.06,5274
9.07,5273
9.08,5272
9.09,5271
9.10,5270
9.11,5269
9.12,5268
9.13,5267
9.14,5266
9.15,5265
9.16,5264
9.17,5263
9.18,5262
9.19,5261
9.20,5260
9.22,5259
9.23,5258
9.24,5257
9.24,5256
9.25,5255
9.26,5254
9.27,5253
9.28,5252
9.29,5251
9.30,5250
9.31,5249
9.33,5248
9.34,5247
9.35,5246
9.36,5245
9.37,5244
9.38,5243
9.39,5242
9.40,5241
9.41,5240
9.42,5239
9.43,5238
9.44,5237
9.45,5236
9.46,5235
9.47,5234
9.48,5233
9.49,5232
9.50,5231
9.51,5230
9.52,5229
9.53,5228
9.54,5227
9.55,5226
9.56,5225
9.57,5224
9.58,5223
9.59,5222
9.60,5221
9.61,5220
9.62,5219
9.63,5218
9.64,5217
9.65,5216
9.66,5215
9.67,5214
9.68,5213
9.69,5212
9.70,5211
9.71,5210
9.72,5209
9.74,5208
9.75,5207
9.76,5206
9.77,5205
9.78,5204
9.79,5203
9.80,5202
9.81,5201
9.82,5200
9.83,5199
9.84,5198
9.85,5197
9.86,5196
9.87,5195
9.88,5194
9.89,5193
9.90,5192
9.91,5191
9.92,5190
9.93,5189
9.94,5188
9.95,5187
9.96,5186
9.97,5185
9.98,5184
9.99,5183
10.00,5182
10.01,5181
10.02,5180
10.03,5179
10.04,5178
10.05,5177
10.06,5176
10.07,5175
10.08,5174
10.09,5173
10.10,5172
10.11,5171
10.12,5170
10.13,5169
10.14,5168
10.15,5167
10.16,5166
10.17,5165
10.18,5164
10.19,5163
10.20,5162
10.21,5161
10.22,5160
10.24,5159
10.25,5158
10.26,5157
10.26,5156
10.27,5155
10.29,5154
10.29,5153
10.31,5152
10.32,5151
10.32,5150
10.33,5149
10.34,5148
10.35,5147
10.36,5146
10.37,5145
10.38,5144
10.39,5143
10.40,5142
10.41,5141
10.42,5140
10.43,5139
10.44,5138
10.45,5137
10.46,5136
10.47,5135
10.48,5134
10.49,5133
10.50,5132
10.51,5131
10.52,5130
10.53,5129
10.54,5128
10.55,5127
10.56,5126
10.57,5125
10.58,5124
10.59,5123
10.60,5122
10.61,5121
10.62,5120
10.63,5119
10.64,5118
10.65,5117
10.66,5116
10.67,5115
10.68,5114
10.69,5113
10.70,5112
10.71,5111
10.72,5110
10.73,5109
10.74,5108
10.75,5107
10.76,5106
10.77,5105
10.78,5104
10.79,5103
10.80,5102
10.81,5101
10.82,5100
10.83,5099
10.84,5098
10.85,5097
10.86,5096
10.87,5095
10.89,5094
10.90,5093
10.91,5092
10.92,5091
10.93,5090
10.94,5089
10.95,5088
10.96,5087
10.97,5086
10.98,5085
10.99,5084
11.00,5083
11.01,5082
11.02,5081
11.03,5080
11.04,5079
11.05,5078
11.06,5077
11.07,5076
11.08,5075
11.09,5074
11.10,5073
11.11,5072
11.12,5071
11.13,5070
11.14,5069
11.15,5068
11.16,5067
11.17,5066
11.18,5065
11.19,5064
11.20,5063
11.21,5062
11.22,5061
11.23,5060
11.24,5059
11.25,5058
11.26,5057
11.27,5056
11.28,5055
11.29,5054
11.30,5053
11.31,5052
11.32,5051
11.33,5050
11.34,5049
11.35,5048
11.36,5047
11.37,5046
11.38,5045
11.39,5044
11.40,5043
11.41,5042
11.42,5041
11.43,5040
11.44,5039
11.45,5038
11.46,5037
11.47,5036
11.48,5035
11.49,5034
11.50,5033
11.50,5032
11.51,5031
11.52,5030
11.53,5029
11.54,5028
11.55,5027
11.56,5026
11.57,5025
11.58,5024
11.59,5023
11.60,5022
11.61,5021
11.62,5020
11.63,5019
11.64,5018
11.65,5017
11.66,5016
11.67,5015
11.68,5014
11.69,5013
11.70,5012
11.71,5011
11.72,5010
11.73,5009
11.74,5008
11.75,5007
11.76,5006
11.77,5005
11.78,5004
11.79,5003
11.80,5002
11.81,5001
11.82,5000
11.83,4999
11.84,4998
11.85,4997
11.86,4996
11.87,4995
11.88,4994
11.89,4993
11.90,4992
11.91,4991
11.92,4990
11.93,4989
11.94,4988
11.95,4987
11.96,4986
11.97,4985
11.98,4984
11.99,4983
12.00,4982
12.01,4981
12.02,4980
12.03,4979
12.04,4978
12.05,4977
12.06,4976
12.07,4975
12.08,4974
12.09,4973
12.10,4972
12.11,4971
12.12,4970
12.13,4969
12.14,4968
12.15,4967
12.16,4966
12.17,4965
12.18,4964
12.19,4963
12.20,4962
12.21,4961
12.22,4960
12.23,4959
12.24,4958
12.25,4957
12.25,4956
12.26,4955
12.27,4954
12.28,4953
12.29,4952
12.30,4951
12.31,4950
12.32,4949
12.33,4948
12.34,4947
12.35,4946
12.36,4945
12.37,4944
12.38,4943
12.39,4942
12.40,4941
12.41,4940
12.42,4939
12.43,4938
12.44,4937
12.45,4936
12.46,4935
12.47,4934
12.48,4933
12.49,4932
12.50,4931
12.51,4930
12.52,4929
12.53,4928
12.54,4927
12.55,4926
12.56,4925
12.57,4924
12.58,4923
12.59,4922
12.60,4921
12.61,4920
12.62,4919
12.63,4918
12.64,4917
12.65,4916
12.66,4915
12.67,4914
12.68,4913
12.69,4912
12.70,4911
12.71,4910
12.72,4909
12.73,4908
12.74,4907
12.75,4906
12.76,4905
12.77,4904
12.78,4903
12.79,4902
12.80,4901
12.81,4900
12.82,4899
12.83,4898
12.84,4897
12.85,4896
12.86,4895
12.87,4894
12.88,4893
12.89,4892
12.90,4891
12.91,4890
12.92,4889
12.93,4888
12.94,4887
12.95,4886
12.96,4885
12.97,4884
12.98,4883
12.99,4882
13.00,4881
13.01,4880
13.02,4879
13.03,4878
13.03,4877
13.04,4876
13.05,4875
13.06,4874
13.07,4873
13.09,4872
13.10,4871
13.10,4870
13.11,4869
13.12,4868
13.13,4867
13.14,4866
13.15,4865
13.16,4864
13.17,4863
13.18,4862
13.19,4861
13.20,4860
13.21,4859
13.22,4858
13.23,4857
13.24,4856
13.25,4855
13.26,4854
13.27,4853
13.28,4852
13.29,4851
13.30,4850
13.31,4849
13.32,4848
13.33,4847
13.34,4846
13.35,4845
13.36,4844
13.37,4843
13.38,4842
13.39,4841
13.40,4840
13.41,4839
13.42,4838
13.43,4837
13.44,4836
13.45,4835
13.46,4834
13.47,4833
13.47,4832
13.48,4831
13.49,4830
13.50,4829
13.51,4828
13.52,4827
13.53,4826
13.54,4825
13.55,4824
13.56,4823
13.57,4822
13.58,4821
13.59,4820
13.60,4819
13.61,4818
13.62,4817
13.63,4816
13.64,4815
13.65,4814
13.66,4813
13.67,4812
13.68,4811
13.69,4810
13.70,4809
13.71,4808
13.72,4807
13.73,4806
13.74,4805
13.75,4804
13.75,4803
13.76,4802
13.77,4801
13.79,4800
13.80,4799
13.81,4798
13.82,4797
13.82,4796
13.83,4795
13.84,4794
13.85,4793
13.86,4792
13.87,4791
13.88,4790
13.89,4789
13.91,4788
13.92,4787
13.93,4786
13.94,4785
13.95,4784
13.96,4783
13.97,4782
13.98,4781
13.99,4780
14.00,4779
14.01,4778
14.01,4777
14.02,4776
14.03,4775
14.04,4774
14.05,4773
14.06,4772
14.07,4771
14.08,4770
14.09,4769
14.10,4768
14.11,4767
14.12,4766
14.13,4765
14.14,4764
14.15,4763
14.16,4762
14.17,4761
14.18,4760
14.19,4759
14.20,4758
14.21,4757
14.22,4756
14.23,4755
14.24,4754
14.25,4753
14.25,4752
14.26,4751
14.27,4750
14.28,4749
14.29,4748
14.30,4747
14.31,4746
14.32,4745
14.33,4744
14.34,4743
14.35,4742
14.36,4741
14.37,4740
14.38,4739
14.39,4738
14.40,4737
14.41,4736
14.42,4735
14.43,4734
14.44,4733
14.45,4732
14.46,4731
14.47,4730
14.48,4729
14.49,4728
14.50,4727
14.51,4726
14.52,4725
14.53,4724
14.54,4723
14.54,4722
14.56,4721
14.56,4720
14.57,4719
14.58,4718
14.60,4717
14.60,4716
14.61,4715
14.62,4714
14.63,4713
14.64,4712
14.65,4711
14.66,4710
14.67,4709
14.68,4708
14.69,4707
14.70,4706
14.71,4705
14.72,4704
14.73,4703
14.74,4702
14.75,4701
14.75,4700
14.76,4699
14.77,4698
14.78,4697
14.79,4696
14.80,4695
14.81,4694
14.82,4693
14.83,4692
14.84,4691
14.85,4690
14.86,4689
14.88,4688
14.89,4687
14.90,4686
14.91,4685
14.92,4684
14.93,4683
14.94,4682
14.94,4681
14.95,4680
14.96,4679
14.97,4678
14.98,4677
14.99,4676
15.00,4675
15.01,4674
15.02,4673
15.03,4672
15.04,4671
15.05,4670
15.06,4669
15.07,4668
15.08,4667
15.09,4666
15.10,4665
15.11,4664
15.12,4663
15.12,4662
15.13,4661
15.14,4660
15.15,4659
15.16,4658
15.17,4657
15.18,4656
15.19,4655
15.20,4654
15.21,4653
15.22,4652
15.23,4651
15.24,4650
15.25,4649
15.26,4648
15.26,4647
15.27,4646
15.28,4645
15.29,4644
15.30,4643
15.31,4642
15.32,4641
15.33,4640
15.34,4639
15.35,4638
15.36,4637
15.37,4636
15.38,4635
15.39,4634
15.40,4633
15.41,4632
15.42,4631
15.43,4630
15.44,4629
15.45,4628
15.46,4627
15.47,4626
15.48,4625
15.49,4624
15.50,4623
15.51,4622
15.52,4621
15.53,4620
15.53,4619
15.54,4618
15.55,4617
15.56,4616
15.57,4615
15.58,4614
15.59,4613
15.60,4612
15.61,4611
15.62,4610
15.63,4609
15.64,4608
15.65,4607
15.66,4606
15.67,4605
15.68,4604
15.68,4603
15.69,4602
15.70,4601
15.71,4600
15.72,4599
15.73,4598
15.74,4597
15.75,4596
15.76,4595
15.77,4594
15.78,4593
15.78,4592
15.79,4591
15.80,4590
15.81,4589
15.82,4588
15.83,4587
15.84,4586
15.85,4585
15.86,4584
15.87,4583
15.88,4582
15.89,4581
15.90,4580
15.91,4579
15.92,4578
15.93,4577
15.94,4576
15.95,4575
15.96,4574
15.97,4573
15.98,4572
15.99,4571
16.00,4570
16.01,4569
16.02,4568
16.03,4567
16.04,4566
16.04,4565
16.05,4564
16.06,4563
16.07,4562
16.08,4561
16.09,4560
16.10,4559
16.11,4558
16.12,4557
16.13,4556
16.14,4555
16.15,4554
16.16,4553
16.17,4552
16.18,4551
16.19,4550
16.20,4549
16.21,4548
16.22,4547
16.22,4546
16.23,4545
16.24,4544
16.25,4543
16.26,4542
16.27,4541
16.28,4540
16.29,4539
16.30,4538
16.31,4537
16.32,4536
16.33,4535
16.34,4534
16.35,4533
16.36,4532
16.37,4531
16.38,4530
16.39,4529
16.39,4528
16.40,4527
16.41,4526
16.42,4525
16.43,4524
16.44,4523
16.45,4522
16.46,4521
16.47,4520
16.48,4519
16.49,4518
16.50,4517
16.51,4516
16.52,4515
16.53,4514
16.54,4513
16.55,4512
16.56,4511
16.57,4510
16.58,4509
16.59,4508
16.60,4507
16.61,4506
16.62,4505
16.62,4504
16.63,4503
16.64,4502
16.65,4501
16.66,4500
16.67,4499
16.68,4498
16.69,4497
16.69,4496
16.70,4495
16.71,4494
16.72,4493
16.73,4492
16.74,4491
16.75,4490
16.76,4489
16.77,4488
16.78,4487
16.79,4486
16.80,4485
16.81,4484
16.82,4483
16.83,4482
16.84,4481
16.85,4480
16.86,4479
16.86,4478
16.87,4477
16.88,4476
16.89,4475
16.90,4474
16.91,4473
16.92,4472
16.93,4471
16.94,4470
16.95,4469
16.96,4468
16.97,4467
16.98,4466
16.99,4465
17.00,4464
17.01,4463
17.01,4462
17.02,4461
17.03,4460
17.04,4459
17.05,4458
17.06,4457
17.07,4456
17.08,4455
17.09,4454
17.10,4453
17.11,4452
17.12,4451
17.12,4450
17.13,4449
17.14,4448
17.15,4447
17.16,4446
17.17,4445
17.18,4444
17.19,4443
17.20,4442
17.21,4441
17.22,4440
17.22,4439
17.23,4438
17.24,4437
17.25,4436
17.26,4435
17.27,4434
17.28,4433
17.29,4432
17.30,4431
17.31,4430
17.32,4429
17.33,4428
17.34,4427
17.35,4426
17.36,4425
17.37,4424
17.38,4423
17.39,4422
17.40,4421
17.41,4420
17.42,4419
17.42,4418
17.43,4417
17.44,4416
17.45,4415
17.46,4414
17.47,4413
17.48,4412
17.49,4411
17.50,4410
17.51,4409
17.52,4408
17.53,4407
17.54,4406
17.55,4405
17.56,4404
17.57,4403
17.57,4402
17.58,4401
17.59,4400
17.60,4399
17.61,4398
17.62,4397
17.63,4396
17.64,4395
17.65,4394
17.66,4393
17.67,4392
17.67,4391
17.68,4390
17.69,4389
17.70,4388
17.71,4387
17.72,4386
17.73,4385
17.74,4384
17.75,4383
17.76,4382
17.77,4381
17.77,4380
17.78,4379
17.79,4378
17.80,4377
17.81,4376
17.82,4375
17.83,4374
17.84,4373
17.85,4372
17.86,4371
17.87,4370
17.87,4369
17.88,4368
17.89,4367
17.90,4366
17.91,4365
17.92,4364
17.93,4363
17.94,4362
17.95,4361
17.96,4360
17.97,4359
17.98,4358
17.98,4357
17.99,4356
18.00,4355
18.01,4354
18.02,4353
18.03,4352
18.04,4351
18.05,4350
18.06,4349
18.07,4348
18.08,4347
18.09,4346
18.10,4345
18.11,4344
18.11,4343
18.12,4342
18.13,4341
18.14,4340
18.15,4339
18.16,4338
18.17,4337
18.18,4336
18.19,4335
18.20,4334
18.21,4333
18.22,4332
18.23,4331
18.23,4330
18.24,4329
18.25,4328
18.26,4327
18.27,4326
18.28,4325
18.29,4324
18.30,4323
18.31,4322
18.31,4321
18.32,4320
18.33,4319
18.34,4318
18.35,4317
18.36,4316
18.37,4315
18.38,4314
18.39,4313
18.40,4312
18.41,4311
18.42,4310
18.43,4309
18.44,4308
18.45,4307
18.46,4306
18.46,4305
18.47,4304
18.48,4303
18.49,4302
18.50,4301
18.51,4300
18.52,4299
18.53,4298
18.54,4297
18.55,4296
18.56,4295
18.56,4294
18.57,4293
18.58,4292
18.59,4291
18.60,4290
18.61,4289
18.62,4288
18.63,4287
18.64,4286
18.65,4285
18.66,4284
18.67,4283
18.68,4282
18.68,4281
18.69,4280
18.70,4279
18.71,4278
18.72,4277
18.73,4276
18.74,4275
18.75,4274
18.76,4273
18.77,4272
18.78,4271
18.79,4270
18.80,4269
18.81,4268
18.81,4267
18.82,4266
18.83,4265
18.84,4264
18.85,4263
18.86,4262
18.87,4261
18.88,4260
18.89,4259
18.90,4258
18.91,4257
18.92,4256
18.93,4255
18.94,4254
18.95,4253
18.95,4252
18.96,4251
18.97,4250
18.98,4249
18.99,4248
19.00,4247
19.01,4246
19.02,4245
19.03,4244
19.03,4243
19.04,4242
19.05,4241
19.06,4240
19.07,4239
19.08,4238
19.09,4237
19.10,4236
19.11,4235
19.12,4234
19.13,4233
19.13,4232
19.14,4231
19.15,4230
19.16,4229
19.17,4228
19.18,4227
19.19,4226
19.20,4225
19.20,4224
19.21,4223
19.22,4222
19.23,4221
19.24,4220
19.25,4219
19.26,4218
19.27,4217
19.28,4216
19.29,4215
19.30,4214
19.30,4213
19.31,4212
19.32,4211
19.33,4210
19.34,4209
19.35,4208
19.36,4207
19.37,4206
19.38,4205
19.39,4204
19.40,4203
19.41,4202
19.42,4201
19.43,4200
19.44,4199
19.45,4198
19.45,4197
19.46,4196
19.47,4195
19.48,4194
19.49,4193
19.50,4192
19.51,4191
19.52,4190
19.53,4189
19.54,4188
19.55,4187
19.56,4186
19.56,4185
19.57,4184
19.58,4183
19.59,4182
19.60,4181
19.61,4180
19.62,4179
19.63,4178
19.64,4177
19.65,4176
19.66,4175
19.66,4174
19.67,4173
19.68,4172
19.69,4171
19.70,4170
19.71,4169
19.72,4168
19.73,4167
19.74,4166
19.75,4165
19.76,4164
19.77,4163
19.78,4162
19.78,4161
19.79,4160
19.80,4159
19.81,4158
19.82,4157
19.83,4156
19.84,4155
19.85,4154
19.86,4153
19.87,4152
19.88,4151
19.89,4150
19.90,4149
19.91,4148
19.91,4147
19.92,4146
19.93,4145
19.94,4144
19.95,4143
19.96,4142
19.97,4141
19.98,4140
19.99,4139
19.99,4138
20.00,4137
20.01,4136
20.02,4135
20.03,4134
20.04,4133
20.05,4132
20.06,4131
20.07,4130
20.08,4129
20.08,4128
20.09,4127
20.10,4126
20.11,4125
20.12,4124
20.13,4123
20.14,4122
20.15,4121
20.16,4120
20.17,4119
20.17,4118
20.18,4117
20.19,4116
20.20,4115
20.21,4114
20.22,4113
20.23,4112
20.24,4111
20.25,4110
20.26,4109
20.27,4108
20.27,4107
20.28,4106
20.29,4105
20.30,4104
20.31,4103
20.32,4102
20.33,4101
20.34,4100
20.35,4099
20.36,4098
20.37,4097
20.38,4096
20.39,4095
20.40,4094
20.40,4093
20.41,4092
20.42,4091
20.43,4090
20.44,4089
20.45,4088
20.46,4087
20.47,4086
20.48,4085
20.49,4084
20.49,4083
20.50,4082
20.51,4081
20.52,4080
20.53,4079
20.54,4078
20.55,4077
20.56,4076
20.57,4075
20.58,4074
20.58,4073
20.59,4072
20.60,4071
20.61,4070
20.62,4069
20.63,4068
20.64,4067
20.65,4066
20.66,4065
20.66,4064
20.67,4063
20.68,4062
20.69,4061
20.70,4060
20.71,4059
20.72,4058
20.73,4057
20.73,4056
20.74,4055
20.75,4054
20.76,4053
20.77,4052
20.78,4051
20.79,4050
20.80,4049
20.80,4048
20.81,4047
20.82,4046
20.83,4045
20.84,4044
20.85,4043
20.86,4042
20.87,4041
20.88,4040
20.89,4039
20.90,4038
20.91,4037
20.91,4036
20.92,4035
20.93,4034
20.94,4033
20.95,4032
20.96,4031
20.97,4030
20.98,4029
20.98,4028
20.99,4027
21.00,4026
21.01,4025
21.02,4024
21.03,4023
21.04,4022
21.05,4021
21.05,4020
21.06,4019
21.07,4018
21.08,4017
21.09,4016
21.10,4015
21.11,4014
21.11,4013
21.12,4012
21.13,4011
21.14,4010
21.15,4009
21.16,4008
21.17,4007
21.18,4006
21.18,4005
21.19,4004
21.20,4003
21.21,4002
21.22,4001
21.23,4000
21.24,3999
21.25,3998
21.26,3997
21.27,3996
21.28,3995
21.28,3994
21.29,3993
21.30,3992
21.31,3991
21.32,3990
21.33,3989
21.34,3988
21.35,3987
21.36,3986
21.36,3985
21.37,3984
21.38,3983
21.39,3982
21.40,3981
21.41,3980
21.42,3979
21.43,3978
21.44,3977
21.45,3976
21.46,3975
21.47,3974
21.47,3973
21.48,3972
21.49,3971
21.50,3970
21.51,3969
21.52,3968
21.53,3967
21.54,3966
21.55,3965
21.56,3964
21.56,3963
21.57,3962
21.58,3961
21.59,3960
21.60,3959
21.61,3958
21.62,3957
21.63,3956
21.64,3955
21.65,3954
21.65,3953
21.66,3952
21.67,3951
21.68,3950
21.69,3949
21.70,3948
21.71,3947
21.72,3946
21.73,3945
21.74,3944
21.74,3943
21.75,3942
21.76,3941
21.77,3940
21.78,3939
21.79,3938
21.80,3937
21.81,3936
21.82,3935
21.83,3934
21.84,3933
21.85,3932
21.85,3931
21.86,3930
21.87,3929
21.88,3928
21.89,3927
21.90,3926
21.91,3925
21.92,3924
21.93,3923
21.93,3922
21.94,3921
21.95,3920
21.96,3919
21.97,3918
21.98,3917
21.99,3916
22.00,3915
22.00,3914
22.01,3913
22.02,3912
22.03,3911
22.04,3910
22.05,3909
22.06,3908
22.07,3907
22.07,3906
22.08,3905
22.09,3904
22.10,3903
22.11,3902
22.12,3901
22.13,3900
22.14,3899
22.15,3898
22.15,3897
22.16,3896
22.17,3895
22.18,3894
22.19,3893
22.20,3892
22.21,3891
22.21,3890
22.22,3889
22.23,3888
22.24,3887
22.25,3886
22.26,3885
22.27,3884
22.28,3883
22.29,3882
22.29,3881
22.30,3880
22.31,3879
22.32,3878
22.33,3877
22.34,3876
22.35,3875
22.36,3874
22.37,3873
22.38,3872
22.39,3871
22.39,3870
22.40,3869
22.41,3868
22.42,3867
22.43,3866
22.44,3865
22.45,3864
22.46,3863
22.47,3862
22.47,3861
22.48,3860
22.49,3859
22.50,3858
22.51,3857
22.52,3856
22.53,3855
22.54,3854
22.55,3853
22.55,3852
22.56,3851
22.57,3850
22.58,3849
22.59,3848
22.60,3847
22.61,3846
22.62,3845
22.63,3844
22.64,3843
22.64,3842
22.65,3841
22.66,3840
22.67,3839
22.68,3838
22.69,3837
22.70,3836
22.71,3835
22.72,3834
22.73,3833
22.74,3832
22.75,3831
22.76,3830
22.77,3829
22.77,3828
22.78,3827
22.79,3826
22.80,3825
22.81,3824
22.82,3823
22.83,3822
22.84,3821
22.85,3820
22.86,3819
22.87,3818
22.87,3817
22.88,3816
22.89,3815
22.90,3814
22.91,3813
22.92,3812
22.93,3811
22.94,3810
22.94,3809
22.95,3808
22.96,3807
22.97,3806
22.98,3805
22.99,3804
23.00,3803
23.01,3802
23.02,3801
23.02,3800
23.03,3799
23.04,3798
23.05,3797
23.06,3796
23.07,3795
23.08,3794
23.09,3793
23.09,3792
23.10,3791
23.11,3790
23.12,3789
23.13,3788
23.14,3787
23.15,3786
23.16,3785
23.16,3784
23.17,3783
23.18,3782
23.19,3781
23.20,3780
23.21,3779
23.22,3778
23.22,3777
23.23,3776
23.24,3775
23.25,3774
23.26,3773
23.27,3772
23.28,3771
23.29,3770
23.29,3769
23.30,3768
23.31,3767
23.32,3766
23.33,3765
23.34,3764
23.35,3763
23.36,3762
23.37,3761
23.38,3760
23.39,3759
23.39,3758
23.40,3757
23.41,3756
23.42,3755
23.43,3754
23.44,3753
23.45,3752
23.46,3751
23.47,3750
23.48,3749
23.49,3748
23.50,3747
23.50,3746
23.51,3745
23.52,3744
23.53,3743
23.54,3742
23.55,3741
23.56,3740
23.57,3739
23.57,3738
23.58,3737
23.59,3736
23.60,3735
23.61,3734
23.62,3733
23.63,3732
23.63,3731
23.64,3730
23.65,3729
23.66,3728
23.67,3727
23.68,3726
23.69,3725
23.69,3724
23.70,3723
23.71,3722
23.72,3721
23.73,3720
23.74,3719
23.75,3718
23.76,3717
23.76,3716
23.77,3715
23.78,3714
23.79,3713
23.80,3712
23.81,3711
23.82,3710
23.83,3709
23.83,3708
23.84,3707
23.85,3706
23.86,3705
23.87,3704
23.88,3703
23.89,3702
23.90,3701
23.90,3700
23.91,3699
23.92,3698
23.93,3697
23.94,3696
23.95,3695
23.96,3694
23.97,3693
23.97,3692
23.98,3691
23.99,3690
24.00,3689
24.01,3688
24.02,3687
24.03,3686
24.03,3685
24.04,3684
24.05,3683
24.06,3682
24.07,3681
24.08,3680
24.09,3679
24.09,3678
24.10,3677
24.11,3676
24.12,3675
24.13,3674
24.14,3673
24.14,3672
24.15,3671
24.16,3670
24.17,3669
24.18,3668
24.19,3667
24.20,3666
24.21,3665
24.21,3664
24.22,3663
24.23,3662
24.24,3661
24.25,3660
24.26,3659
24.27,3658
24.27,3657
24.28,3656
24.29,3655
24.30,3654
24.31,3653
24.32,3652
24.33,3651
24.34,3650
24.35,3649
24.35,3648
24.36,3647
24.37,3646
24.38,3645
24.39,3644
24.40,3643
24.41,3642
24.42,3641
24.42,3640
24.43,3639
24.44,3638
24.45,3637
24.46,3636
24.47,3635
24.47,3634
24.48,3633
24.49,3632
24.50,3631
24.51,3630
24.52,3629
24.53,3628
24.54,3627
24.54,3626
24.55,3625
24.56,3624
24.57,3623
24.58,3622
24.59,3621
24.60,3620
24.60,3619
24.61,3618
24.62,3617
24.63,3616
24.64,3615
24.65,3614
24.66,3613
24.66,3612
24.67,3611
24.68,3610
24.69,3609
24.70,3608
24.71,3607
24.72,3606
24.72,3605
24.73,3604
24.74,3603
24.75,3602
24.76,3601
24.77,3600
24.78,3599
24.78,3598
24.79,3597
24.80,3596
24.81,3595
24.82,3594
24.83,3593
24.84,3592
24.85,3591
24.86,3590
24.87,3589
24.87,3588
24.88,3587
24.89,3586
24.90,3585
24.91,3584
24.92,3583
24.93,3582
24.94,3581
24.94,3580
24.95,3579
24.96,3578
24.97,3577
24.98,3576
24.99,3575
25.00,3574
25.00,3573
25.01,3572
25.02,3571
25.03,3570
25.04,3569
25.05,3568
25.06,3567
25.07,3566
25.07,3565
25.08,3564
25.09,3563
25.10,3562
25.11,3561
25.12,3560
25.12,3559
25.13,3558
25.14,3557
25.15,3556
25.16,3555
25.17,3554
25.18,3553
25.18,3552
25.19,3551
25.20,3550
25.21,3549
25.22,3548
25.22,3547
25.23,3546
25.24,3545
25.25,3544
25.26,3543
25.27,3542
25.28,3541
25.28,3540
25.29,3539
25.30,3538
25.31,3537
25.32,3536
25.33,3535
25.34,3534
25.34,3533
25.35,3532
25.36,3531
25.37,3530
25.38,3529
25.39,3528
25.40,3527
25.40,3526
25.41,3525
25.42,3524
25.43,3523
25.44,3522
25.45,3521
25.46,3520
25.46,3519
25.47,3518
25.48,3517
25.49,3516
25.50,3515
25.50,3514
25.51,3513
25.52,3512
25.53,3511
25.54,3510
25.55,3509
25.56,3508
25.57,3507
25.57,3506
25.58,3505
25.59,3504
25.60,3503
25.61,3502
25.62,3501
25.63,3500
25.63,3499
25.64,3498
25.65,3497
25.66,3496
25.67,3495
25.68,3494
25.69,3493
25.71,3492
25.72,3491
25.72,3490
25.73,3489
25.74,3488
25.75,3487
25.76,3486
25.77,3485
25.77,3484
25.78,3483
25.79,3482
25.80,3481
25.81,3480
25.82,3479
25.83,3478
25.84,3477
25.84,3476
25.85,3475
25.86,3474
25.87,3473
25.88,3472
25.89,3471
25.90,3470
25.90,3469
25.91,3468
25.92,3467
25.93,3466
25.94,3465
25.95,3464
25.95,3463
25.96,3462
25.97,3461
25.98,3460
25.99,3459
26.00,3458
26.01,3457
26.02,3456
26.03,3455
26.04,3454
26.04,3453
26.05,3452
26.06,3451
26.07,3450
26.08,3449
26.09,3448
26.10,3447
26.11,3446
26.11,3445
26.12,3444
26.13,3443
26.14,3442
26.15,3441
26.16,3440
26.17,3439
26.17,3438
26.18,3437
26.21,3436
26.22,3435
26.23,3434
26.24,3433
26.24,3432
26.25,3431
26.26,3430
26.27,3429
26.28,3428
26.29,3427
26.29,3426
26.30,3425
26.31,3424
26.32,3423
26.33,3422
26.34,3421
26.35,3420
26.36,3419
26.37,3418
26.37,3417
26.38,3416
26.39,3415
26.40,3414
26.41,3413
26.42,3412
26.42,3411
26.43,3410
26.44,3409
26.45,3408
26.46,3407
26.47,3406
26.48,3405
26.48,3404
26.49,3403
26.50,3402
26.51,3401
26.52,3400
26.53,3399
26.54,3398
26.55,3397
26.56,3396
26.56,3395
26.57,3394
26.58,3393
26.59,3392
26.60,3391
26.61,3390
26.61,3389
26.62,3388
26.63,3387
26.64,3386
26.65,3385
26.66,3384
26.67,3383
26.67,3382
26.68,3381
26.69,3380
26.70,3379
26.71,3378
26.72,3377
26.73,3376
26.73,3375
26.74,3374
26.75,3373
26.76,3372
26.77,3371
26.78,3370
26.78,3369
26.79,3368
26.80,3367
26.81,3366
26.87,3365
