0.59,6080
0.83,6020
0.96,5960
1.02,5901
1.10,5842
1.21,5784
1.29,5727
1.34,5670
1.41,5614
1.54,5558
1.63,5503
1.73,5448
1.87,5394
2.01,5341
2.10,5288
2.18,5236
2.24,5184
2.29,5133
2.37,5082
2.43,5032
2.50,4982
2.59,4933
2.68,4884
2.76,4836
2.81,4788
2.84,4741
2.90,4694
2.96,4648
3.05,4602
3.09,4556
3.14,4511
3.18,4466
3.23,4422
3.26,4378
3.33,4335
3.40,4292
3.45,4250
3.49,4208
3.52,4166
3.56,4125
3.61,4084
3.66,4044
3.72,4004
3.75,3964
3.79,3925
3.83,3886
3.86,3848
3.89,3810
3.93,3772
3.96,3735
4.01,3698
4.06,3662
4.08,3626
4.12,3590
4.15,3555
4.19,3520
4.23,3485
4.26,3451
4.31,3417
4.35,3383
