0.60,6038
0.82,5978
0.91,5919
1.01,5860
1.12,5802
1.19,5744
1.28,5687
1.38,5631
1.46,5575
1.54,5520
1.64,5465
1.76,5411
1.87,5357
1.94,5304
2.07,5251
2.17,5199
2.25,5148
2.30,5097
2.43,5047
2.53,4997
2.59,4948
2.66,4899
2.75,4851
2.84,4803
2.94,4755
2.99,4708
3.03,4661
3.08,4615
3.12,4569
3.17,4524
3.24,4479
3.27,4435
3.33,4391
3.38,4348
3.45,4305
3.55,4262
3.59,4220
3.63,4178
3.67,4137
3.73,4096
3.76,4056
3.80,4016
3.85,3976
3.92,3937
3.96,3898
4.03,3860
4.05,3822
4.10,3784
4.13,3747
4.18,3710
4.23,3673
4.27,3637
4.30,3601
4.33,3565
4.37,3530
4.41,3495
4.48,3461
4.53,3427
4.56,3393
