0.52,6050
0.76,5990
0.85,5931
0.92,5872
1.05,5814
1.17,5756
1.29,5699
1.36,5643
1.43,5587
1.49,5532
1.59,5477
1.72,5423
1.80,5369
1.95,5316
2.03,5263
2.08,5211
2.19,5159
2.26,5108
2.32,5057
2.40,5007
2.48,4957
2.58,4908
2.71,4859
2.77,4811
2.84,4763
2.88,4716
2.90,4669
2.97,4623
3.03,4577
3.08,4532
3.13,4487
3.18,4443
3.23,4399
3.27,4356
3.31,4313
3.41,4270
3.46,4228
3.49,4186
3.52,4145
3.57,4104
3.64,4063
3.69,4023
3.73,3983
3.74,3944
3.78,3905
3.83,3866
3.86,3828
3.90,3790
3.93,3753
3.98,3716
4.05,3679
4.09,3643
4.12,3607
4.14,3571
4.17,3536
4.21,3501
4.26,3466
4.33,3432
4.40,3398
4.47,3365
