0.51,5996
0.79,5937
0.83,5878
0.90,5820
1.02,5762
1.08,5705
1.16,5648
1.22,5592
1.33,5537
1.40,5482
1.49,5428
1.58,5374
1.67,5321
1.78,5268
1.86,5216
2.00,5164
2.13,5113
2.25,5062
2.32,5012
2.39,4962
2.48,4913
2.65,4864
2.76,4816
2.84,4768
2.89,4721
2.93,4674
2.99,4628
3.07,4582
3.12,4537
3.16,4492
3.21,4448
3.29,4404
3.33,4360
3.40,4317
3.46,4274
3.50,4232
3.53,4190
3.57,4149
3.63,4108
3.69,4067
3.74,4027
3.79,3987
3.86,3948
3.91,3909
3.96,3870
3.98,3832
4.02,3794
4.07,3757
4.10,3720
4.16,3683
4.23,3647
4.27,3611
4.30,3575
4.32,3540
4.35,3505
4.38,3470
4.44,3436
4.50,3402
4.58,3368
