0.61,6070
0.72,6069
0.75,6068
0.77,6067
0.79,6066
0.82,6065
0.84,6064
0.85,6063
0.95,6062
0.96,6061
0.97,6060
0.99,6059
1.00,6058
1.01,6057
1.02,6056
1.03,6055
1.04,6054
1.05,6053
1.06,6052
1.07,6051
1.08,6050
1.09,6049
1.11,6048
1.12,6047
1.13,6046
1.14,6045
1.15,6044
1.16,6043
1.17,6042
1.18,6041
1.19,6040
1.21,6039
1.22,6038
1.23,6037
1.24,6036
1.25,6035
1.26,6034
1.28,6033
1.29,6032
1.30,6031
1.32,6030
1.33,6029
1.34,6028
1.35,6027
1.36,6026
1.38,6025
1.39,6024
1.40,6023
1.41,6022
1.43,6021
1.44,6020
1.45,6019
1.46,6018
1.48,6017
1.49,6016
1.50,6015
1.53,6014
1.54,6013
1.55,6012
1.56,6011
1.57,6010
1.58,6009
1.59,6008
1.60,6007
1.61,6006
1.62,6005
1.63,6004
1.64,6003
1.66,6002
1.67,6001
1.68,6000
1.69,5999
1.70,5998
1.71,5997
1.72,5996
1.73,5995
1.74,5994
1.75,5993
1.76,5992
1.78,5991
1.79,5990
1.80,5989
1.81,5988
1.82,5987
1.83,5986
1.84,5985
1.85,5984
1.86,5983
1.87,5982
1.88,5981
1.89,5980
1.90,5979
1.92,5978
1.93,5977
1.94,5976
1.95,5975
1.96,5974
1.97,5973
1.98,5972
1.99,5971
2.00,5970
2.01,5969
2.02,5968
2.03,5967
2.04,5966
2.05,5965
2.06,5964
2.07,5963
2.08,5962
2.09,5961
2.10,5960
2.12,5959
2.13,5958
2.14,5957
2.15,5956
2.16,5955
2.17,5954
2.18,5953
2.19,5952
2.20,5951
2.21,5950
2.22,5949
2.23,5948
2.25,5947
2.26,5946
2.27,5945
2.28,5944
2.29,5943
2.30,5942
2.31,5941
2.32,5940
2.33,5939
2.34,5938
2.35,5937
2.36,5936
2.37,5935
2.39,5934
2.40,5933
2.41,5932
2.42,5931
2.43,5930
2.44,5929
2.45,5928
2.46,5927
2.47,5926
2.48,5925
2.49,5924
2.50,5923
2.51,5922
2.52,5921
2.54,5920
2.55,5919
2.56,5918
2.57,5917
2.58,5916
2.59,5915
2.60,5914
2.61,5913
2.62,5912
2.63,5911
2.64,5910
2.65,5909
2.66,5908
2.67,5907
2.69,5906
2.70,5905
2.71,5904
2.72,5903
2.73,5902
2.74,5901
2.75,5900
2.76,5899
2.77,5898
2.78,5897
2.80,5896
2.81,5895
2.82,5894
2.83,5893
2.84,5892
2.86,5891
2.87,5890
2.88,5889
2.89,5888
2.91,5887
2.92,5886
2.93,5885
2.94,5884
2.95,5883
2.96,5882
2.98,5881
2.99,5880
3.03,5879
3.04,5878
3.05,5877
3.06,5876
3.07,5875
3.09,5874
3.10,5873
3.11,5872
3.12,5871
3.14,5870
3.15,5869
3.16,5868
3.17,5867
3.19,5866
3.20,5865
3.21,5864
3.22,5863
3.23,5862
3.25,5861
3.26,5860
3.27,5859
3.28,5858
3.29,5857
3.30,5856
3.31,5855
3.33,5854
3.34,5853
3.35,5852
3.36,5851
3.38,5850
3.39,5849
3.40,5848
3.42,5847
3.42,5846
3.44,5845
3.45,5844
3.46,5843
3.47,5842
3.48,5841
3.49,5840
3.50,5839
3.51,5838
3.52,5837
3.53,5836
3.54,5835
3.55,5834
3.56,5833
3.57,5832
3.58,5831
3.59,5830
3.60,5829
3.62,5828
3.63,5827
3.64,5826
3.65,5825
3.66,5824
3.67,5823
3.68,5822
3.69,5821
3.70,5820
3.71,5819
3.72,5818
3.73,5817
3.74,5816
3.75,5815
3.76,5814
3.77,5813
3.78,5812
3.79,5811
3.81,5810
3.82,5809
3.83,5808
3.84,5807
3.85,5806
3.86,5805
3.87,5804
3.88,5803
3.89,5802
3.91,5801
3.92,5800
3.93,5799
3.94,5798
3.95,5797
3.96,5796
3.97,5795
3.98,5794
3.99,5793
4.00,5792
4.01,5791
4.02,5790
4.03,5789
4.04,5788
4.05,5787
4.06,5786
4.07,5785
4.09,5784
4.10,5783
4.10,5782
4.12,5781
4.13,5780
4.14,5779
4.15,5778
4.16,5777
4.17,5776
4.18,5775
4.19,5774
4.20,5773
4.21,5772
4.22,5771
4.23,5770
4.24,5769
4.25,5768
4.26,5767
4.27,5766
4.29,5765
4.30,5764
4.31,5763
4.32,5762
4.33,5761
4.34,5760
4.35,5759
4.36,5758
4.37,5757
4.38,5756
4.39,5755
4.40,5754
4.41,5753
4.42,5752
4.43,5751
4.44,5750
4.45,5749
4.46,5748
4.48,5747
4.49,5746
4.50,5745
4.51,5744
4.52,5743
4.53,5742
4.54,5741
4.55,5740
4.56,5739
4.58,5738
4.59,5737
4.60,5736
4.61,5735
4.62,5734
4.63,5733
4.64,5732
4.65,5731
4.66,5730
4.67,5729
4.68,5728
4.70,5727
4.71,5726
4.72,5725
4.73,5724
4.74,5723
4.75,5722
4.76,5721
4.77,5720
4.78,5719
4.79,5718
4.80,5717
4.81,5716
4.82,5715
4.83,5714
4.84,5713
4.85,5712
4.86,5711
4.87,5710
4.88,5709
4.89,5708
4.90,5707
4.91,5706
4.92,5705
4.93,5704
4.94,5703
4.95,5702
4.96,5701
4.98,5700
4.99,5699
5.00,5698
5.01,5697
5.02,5696
5.03,5695
5.04,5694
5.05,5693
5.06,5692
5.07,5691
5.09,5690
5.10,5689
5.11,5688
5.12,5687
5.13,5686
5.14,5685
5.15,5684
5.16,5683
5.17,5682
5.18,5681
5.19,5680
5.20,5679
5.21,5678
5.22,5677
5.23,5676
5.24,5675
5.25,5674
5.26,5673
5.27,5672
5.28,5671
5.29,5670
5.30,5669
5.32,5668
5.33,5667
5.34,5666
5.35,5665
5.36,5664
5.37,5663
5.38,5662
5.39,5661
5.40,5660
5.41,5659
5.42,5658
5.43,5657
5.45,5656
5.46,5655
5.47,5654
5.48,5653
5.49,5652
5.50,5651
5.51,5650
5.52,5649
5.53,5648
5.54,5647
5.55,5646
5.56,5645
5.57,5644
5.58,5643
5.59,5642
5.61,5641
5.62,5640
5.63,5639
5.64,5638
5.65,5637
5.66,5636
5.67,5635
5.68,5634
5.69,5633
5.70,5632
5.71,5631
5.72,5630
5.73,5629
5.74,5628
5.75,5627
5.77,5626
5.78,5625
5.79,5624
5.80,5623
5.81,5622
5.82,5621
5.83,5620
5.84,5619
5.85,5618
5.86,5617
5.87,5616
5.89,5615
5.90,5614
5.94,5613
5.95,5612
5.97,5611
5.98,5610
5.99,5609
6.00,5608
6.01,5607
6.02,5606
6.04,5605
6.05,5604
6.06,5603
6.07,5602
6.08,5601
6.10,5600
6.11,5599
6.12,5598
6.20,5597
6.21,5596
6.22,5595
6.23,5594
6.24,5593
6.26,5592
6.27,5591
6.28,5590
6.29,5589
6.30,5588
6.31,5587
6.32,5586
6.33,5585
6.35,5584
6.36,5583
6.37,5582
6.38,5581
6.39,5580
6.41,5579
6.42,5578
6.44,5577
6.45,5576
6.46,5575
6.47,5574
6.48,5573
6.50,5572
6.51,5571
6.52,5570
6.53,5569
6.54,5568
6.55,5567
6.57,5566
6.58,5565
6.59,5564
6.60,5563
6.61,5562
6.62,5561
6.63,5560
6.65,5559
6.67,5558
6.68,5557
6.69,5556
6.70,5555
6.71,5554
6.72,5553
6.73,5552
6.75,5551
6.77,5550
6.78,5549
6.79,5548
6.80,5547
6.81,5546
6.82,5545
6.83,5544
6.85,5543
6.86,5542
6.87,5541
6.88,5540
6.89,5539
6.91,5538
6.92,5537
6.93,5536
6.94,5535
6.95,5534
6.96,5533
6.98,5532
7.00,5531
7.01,5530
7.02,5529
7.03,5528
7.04,5527
7.05,5526
7.07,5525
7.08,5524
7.09,5523
7.10,5522
7.11,5521
7.13,5520
7.14,5519
7.15,5518
7.16,5517
7.17,5516
7.18,5515
7.21,5514
7.22,5513
7.23,5512
7.24,5511
7.25,5510
7.26,5509
7.27,5508
7.28,5507
7.29,5506
7.30,5505
7.31,5504
7.32,5503
7.34,5502
7.35,5501
7.35,5500
7.36,5499
7.37,5498
7.38,5497
7.39,5496
7.40,5495
7.41,5494
7.43,5493
7.44,5492
7.45,5491
7.46,5490
7.47,5489
7.48,5488
7.49,5487
7.50,5486
7.51,5485
7.52,5484
7.53,5483
7.54,5482
7.55,5481
7.56,5480
7.57,5479
7.58,5478
7.59,5477
7.61,5476
7.62,5475
7.63,5474
7.64,5473
7.65,5472
7.66,5471
7.67,5470
7.68,5469
7.69,5468
7.70,5467
7.71,5466
7.72,5465
7.73,5464
7.74,5463
7.75,5462
7.76,5461
7.77,5460
7.78,5459
7.79,5458
7.81,5457
7.82,5456
7.83,5455
7.84,5454
7.85,5453
7.86,5452
7.87,5451
7.88,5450
7.89,5449
7.90,5448
7.91,5447
7.92,5446
7.93,5445
7.94,5444
7.95,5443
7.96,5442
7.97,5441
7.98,5440
7.99,5439
8.00,5438
8.01,5437
8.02,5436
8.03,5435
8.04,5434
8.05,5433
8.06,5432
8.07,5431
8.08,5430
8.09,5429
8.10,5428
8.11,5427
8.12,5426
8.13,5425
8.14,5424
8.15,5423
8.16,5422
8.17,5421
8.18,5420
8.19,5419
8.20,5418
8.21,5417
8.22,5416
8.23,5415
8.24,5414
8.25,5413
8.27,5412
8.28,5411
8.29,5410
8.30,5409
8.31,5408
8.32,5407
8.33,5406
8.34,5405
8.35,5404
8.36,5403
8.38,5402
8.39,5401
8.40,5400
8.41,5399
8.42,5398
8.43,5397
8.44,5396
8.45,5395
8.46,5394
8.47,5393
8.48,5392
8.49,5391
8.50,5390
8.51,5389
8.52,5388
8.53,5387
8.54,5386
8.55,5385
8.58,5384
8.59,5383
8.60,5382
8.61,5381
8.62,5380
8.63,5379
8.64,5378
8.65,5377
8.66,5376
8.67,5375
8.68,5374
8.69,5373
8.70,5372
8.71,5371
8.72,5370
8.73,5369
8.75,5368
8.76,5367
8.77,5366
8.78,5365
8.79,5364
8.80,5363
8.81,5362
8.82,5361
8.83,5360
8.85,5359
8.85,5358
8.87,5357
8.88,5356
8.89,5355
8.90,5354
8.91,5353
8.92,5352
8.93,5351
8.94,5350
8.95,5349
8.96,5348
8.97,5347
8.98,5346
8.99,5345
9.00,5344
9.01,5343
9.02,5342
9.03,5341
9.04,5340
9.05,5339
9.06,5338
9.07,5337
9.09,5336
9.10,5335
9.11,5334
9.12,5333
9.13,5332
9.14,5331
9.15,5330
9.16,5329
9.17,5328
9.18,5327
9.19,5326
9.20,5325
9.21,5324
9.22,5323
9.23,5322
9.24,5321
9.25,5320
9.26,5319
9.28,5318
9.29,5317
9.30,5316
9.31,5315
9.32,5314
9.33,5313
9.34,5312
9.35,5311
9.36,5310
9.37,5309
9.38,5308
9.40,5307
9.41,5306
9.42,5305
9.43,5304
9.44,5303
9.45,5302
9.46,5301
9.47,5300
9.48,5299
9.49,5298
9.50,5297
9.51,5296
9.52,5295
9.53,5294
9.55,5293
9.56,5292
9.57,5291
9.57,5290
9.58,5289
9.60,5288
9.60,5287
9.61,5286
9.63,5285
9.64,5284
9.65,5283
9.66,5282
9.67,5281
9.68,5280
9.69,5279
9.70,5278
9.71,5277
9.72,5276
9.73,5275
9.74,5274
9.75,5273
9.76,5272
9.77,5271
9.79,5270
9.80,5269
9.81,5268
9.82,5267
9.83,5266
9.84,5265
9.85,5264
9.86,5263
9.87,5262
9.88,5261
9.89,5260
9.90,5259
9.91,5258
9.92,5257
9.93,5256
9.94,5255
9.95,5254
9.96,5253
9.97,5252
9.98,5251
9.99,5250
10.00,5249
10.01,5248
10.02,5247
10.03,5246
10.04,5245
10.05,5244
10.06,5243
10.07,5242
10.08,5241
10.09,5240
10.10,5239
10.11,5238
10.12,5237
10.13,5236
10.14,5235
10.15,5234
10.16,5233
10.17,5232
10.18,5231
10.19,5230
10.20,5229
10.21,5228
10.22,5227
10.23,5226
10.24,5225
10.25,5224
10.26,5223
10.27,5222
10.28,5221
10.29,5220
10.30,5219
10.31,5218
10.32,5217
10.33,5216
10.34,5215
10.35,5214
10.36,5213
10.37,5212
10.38,5211
10.39,5210
10.40,5209
10.41,5208
10.42,5207
10.43,5206
10.44,5205
10.45,5204
10.46,5203
10.47,5202
10.48,5201
10.49,5200
10.50,5199
10.51,5198
10.52,5197
10.53,5196
10.54,5195
10.55,5194
10.57,5193
10.58,5192
10.59,5191
10.60,5190
10.61,5189
10.62,5188
10.63,5187
10.64,5186
10.65,5185
10.66,5184
10.67,5183
10.68,5182
10.69,5181
10.70,5180
10.71,5179
10.72,5178
10.73,5177
10.74,5176
10.75,5175
10.76,5174
10.77,5173
10.78,5172
10.79,5171
10.80,5170
10.81,5169
10.82,5168
10.83,5167
10.84,5166
10.85,5165
10.86,5164
10.87,5163
10.88,5162
10.89,5161
10.90,5160
10.91,5159
10.92,5158
10.93,5157
10.94,5156
10.95,5155
10.96,5154
10.97,5153
10.98,5152
10.99,5151
11.00,5150
11.01,5149
11.02,5148
11.03,5147
11.04,5146
11.06,5145
11.07,5144
11.08,5143
11.09,5142
11.10,5141
11.11,5140
11.12,5139
11.13,5138
11.14,5137
11.15,5136
11.16,5135
11.17,5134
11.18,5133
11.19,5132
11.20,5131
11.21,5130
11.22,5129
11.23,5128
11.24,5127
11.25,5126
11.26,5125
11.27,5124
11.28,5123
11.29,5122
11.30,5121
11.31,5120
11.32,5119
11.33,5118
11.34,5117
11.35,5116
11.36,5115
11.37,5114
11.38,5113
11.39,5112
11.40,5111
11.41,5110
11.43,5109
11.44,5108
11.44,5107
11.45,5106
11.46,5105
11.47,5104
11.49,5103
11.50,5102
11.51,5101
11.52,5100
11.53,5099
11.54,5098
11.55,5097
11.56,5096
11.57,5095
11.58,5094
11.59,5093
11.60,5092
11.61,5091
11.62,5090
11.63,5089
11.64,5088
11.65,5087
11.66,5086
11.67,5085
11.68,5084
11.69,5083
11.70,5082
11.71,5081
11.72,5080
11.73,5079
11.74,5078
11.75,5077
11.76,5076
11.77,5075
11.78,5074
11.79,5073
11.80,5072
11.81,5071
11.82,5070
11.83,5069
11.84,5068
11.85,5067
11.86,5066
11.87,5065
11.88,5064
11.89,5063
11.90,5062
11.91,5061
11.92,5060
11.93,5059
11.94,5058
11.95,5057
11.96,5056
11.97,5055
11.98,5054
11.99,5053
12.00,5052
12.01,5051
12.02,5050
12.03,5049
12.04,5048
12.05,5047
12.06,5046
12.07,5045
12.08,5044
12.09,5043
12.10,5042
12.11,5041
12.12,5040
12.13,5039
12.14,5038
12.15,5037
12.16,5036
12.17,5035
12.18,5034
12.19,5033
12.20,5032
12.21,5031
12.21,5030
12.22,5029
12.23,5028
12.24,5027
12.25,5026
12.26,5025
12.27,5024
12.28,5023
12.29,5022
12.30,5021
12.31,5020
12.32,5019
12.33,5018
12.34,5017
12.35,5016
12.36,5015
12.37,5014
12.38,5013
12.40,5012
12.41,5011
12.42,5010
12.43,5009
12.44,5008
12.45,5007
12.46,5006
12.47,5005
12.48,5004
12.49,5003
12.50,5002
12.51,5001
12.52,5000
12.53,4999
12.54,4998
12.55,4997
12.56,4996
12.57,4995
12.58,4994
12.59,4993
12.60,4992
12.61,4991
12.62,4990
12.63,4989
12.64,4988
12.65,4987
12.66,4986
12.67,4985
12.68,4984
12.69,4983
12.70,4982
12.71,4981
12.72,4980
12.73,4979
12.74,4978
12.75,4977
12.76,4976
12.77,4975
12.78,4974
12.79,4973
12.80,4972
12.81,4971
12.82,4970
12.83,4969
12.84,4968
12.85,4967
12.86,4966
12.87,4965
12.88,4964
12.89,4963
12.90,4962
12.91,4961
12.92,4960
12.93,4959
12.94,4958
12.95,4957
12.96,4956
12.97,4955
12.98,4954
12.99,4953
13.00,4952
13.01,4951
13.02,4950
13.03,4949
13.04,4948
13.05,4947
13.06,4946
13.07,4945
13.08,4944
13.09,4943
13.10,4942
13.11,4941
13.12,4940
13.13,4939
13.14,4938
13.15,4937
13.16,4936
13.17,4935
13.18,4934
13.19,4933
13.20,4932
13.21,4931
13.22,4930
13.23,4929
13.24,4928
13.25,4927
13.26,4926
13.27,4925
13.28,4924
13.29,4923
13.30,4922
13.31,4921
13.32,4920
13.33,4919
13.34,4918
13.35,4917
13.36,4916
13.37,4915
13.38,4914
13.39,4913
13.40,4912
13.41,4911
13.42,4910
13.43,4909
13.44,4908
13.45,4907
13.46,4906
13.47,4905
13.48,4904
13.49,4903
13.50,4902
13.51,4901
13.52,4900
13.53,4899
13.54,4898
13.55,4897
13.56,4896
13.57,4895
13.58,4894
13.59,4893
13.60,4892
13.61,4891
13.62,4890
13.63,4889
13.64,4888
13.65,4887
13.66,4886
13.67,4885
13.68,4884
13.69,4883
13.70,4882
13.71,4881
13.72,4880
13.73,4879
13.74,4878
13.75,4877
13.76,4876
13.77,4875
13.78,4874
13.79,4873
13.80,4872
13.81,4871
13.82,4870
13.83,4869
13.84,4868
13.85,4867
13.86,4866
13.87,4865
13.88,4864
13.89,4863
13.90,4862
13.91,4861
13.92,4860
13.93,4859
13.94,4858
13.95,4857
13.96,4856
13.97,4855
13.98,4854
13.99,4853
14.00,4852
14.01,4851
14.02,4850
14.03,4849
14.04,4848
14.05,4847
14.06,4846
14.07,4845
14.08,4844
14.09,4843
14.10,4842
14.11,4841
14.12,4840
14.13,4839
14.14,4838
14.15,4837
14.16,4836
14.17,4835
14.18,4834
14.19,4833
14.20,4832
14.21,4831
14.22,4830
14.23,4829
14.24,4828
14.25,4827
14.26,4826
14.27,4825
14.28,4824
14.29,4823
14.30,4822
14.31,4821
14.32,4820
14.33,4819
14.34,4818
14.35,4817
14.36,4816
14.37,4815
14.38,4814
14.39,4813
14.40,4812
14.41,4811
14.42,4810
14.43,4809
14.44,4808
14.45,4807
14.47,4806
14.48,4805
14.49,4804
14.50,4803
14.51,4802
14.52,4801
14.53,4800
14.54,4799
14.55,4798
14.56,4797
14.57,4796
14.58,4795
14.59,4794
14.60,4793
14.61,4792
14.62,4791
14.63,4790
14.64,4789
14.65,4788
14.66,4787
14.67,4786
14.68,4785
14.69,4784
14.70,4783
14.71,4782
14.72,4781
14.73,4780
14.74,4779
14.75,4778
14.76,4777
14.77,4776
14.78,4775
14.79,4774
14.80,4773
14.81,4772
14.82,4771
14.83,4770
14.84,4769
14.85,4768
14.86,4767
14.87,4766
14.88,4765
14.89,4764
14.90,4763
14.91,4762
14.92,4761
14.93,4760
14.94,4759
14.95,4758
14.96,4757
14.97,4756
14.98,4755
14.99,4754
14.99,4753
15.00,4752
15.01,4751
15.02,4750
15.03,4749
15.04,4748
15.05,4747
15.06,4746
15.07,4745
15.08,4744
15.10,4743
15.10,4742
15.11,4741
15.12,4740
15.13,4739
15.14,4738
15.15,4737
15.16,4736
15.17,4735
15.18,4734
15.19,4733
15.20,4732
15.22,4731
15.23,4730
15.24,4729
15.25,4728
15.26,4727
15.27,4726
15.28,4725
15.29,4724
15.30,4723
15.31,4722
15.32,4721
15.33,4720
15.34,4719
15.35,4718
15.36,4717
15.37,4716
15.38,4715
15.39,4714
15.40,4713
15.41,4712
15.42,4711
15.43,4710
15.44,4709
15.45,4708
15.46,4707
15.47,4706
15.48,4705
15.49,4704
15.50,4703
15.52,4702
15.52,4701
15.53,4700
15.54,4699
15.55,4698
15.56,4697
15.57,4696
15.58,4695
15.59,4694
15.60,4693
15.61,4692
15.62,4691
15.63,4690
15.64,4689
15.65,4688
15.66,4687
15.67,4686
15.68,4685
15.69,4684
15.70,4683
15.71,4682
15.72,4681
15.73,4680
15.74,4679
15.75,4678
15.76,4677
15.77,4676
15.78,4675
15.79,4674
15.80,4673
15.81,4672
15.82,4671
15.83,4670
15.84,4669
15.85,4668
15.86,4667
15.87,4666
15.88,4665
15.89,4664
15.90,4663
15.91,4662
15.92,4661
15.93,4660
15.94,4659
15.95,4658
15.96,4657
15.97,4656
15.98,4655
15.99,4654
16.00,4653
16.01,4652
16.02,4651
16.03,4650
16.04,4649
16.05,4648
16.06,4647
16.07,4646
16.08,4645
16.09,4644
16.10,4643
16.11,4642
16.12,4641
16.13,4640
16.14,4639
16.15,4638
16.16,4637
16.17,4636
16.18,4635
16.19,4634
16.20,4633
16.21,4632
16.22,4631
16.23,4630
16.24,4629
16.24,4628
16.25,4627
16.26,4626
16.27,4625
16.28,4624
16.29,4623
16.30,4622
16.31,4621
16.32,4620
16.33,4619
16.34,4618
16.35,4617
16.36,4616
16.37,4615
16.38,4614
16.39,4613
16.40,4612
16.41,4611
16.42,4610
16.44,4609
16.45,4608
16.45,4607
16.46,4606
16.47,4605
16.48,4604
16.49,4603
16.50,4602
16.51,4601
16.52,4600
16.53,4599
16.54,4598
16.55,4597
16.56,4596
16.57,4595
16.58,4594
16.59,4593
16.60,4592
16.61,4591
16.62,4590
16.63,4589
16.64,4588
16.65,4587
16.66,4586
16.67,4585
16.68,4584
16.69,4583
16.70,4582
16.71,4581
16.72,4580
16.73,4579
16.74,4578
16.75,4577
16.76,4576
16.77,4575
16.78,4574
16.79,4573
16.80,4572
16.81,4571
16.82,4570
16.83,4569
16.84,4568
16.85,4567
16.86,4566
16.87,4565
16.88,4564
16.89,4563
16.90,4562
16.91,4561
16.92,4560
16.93,4559
16.94,4558
16.95,4557
16.96,4556
16.97,4555
16.98,4554
16.98,4553
16.99,4552
17.00,4551
17.01,4550
17.02,4549
17.03,4548
17.04,4547
17.05,4546
17.06,4545
17.07,4544
17.08,4543
17.09,4542
17.10,4541
17.11,4540
17.12,4539
17.13,4538
17.14,4537
17.15,4536
17.16,4535
17.17,4534
17.18,4533
17.19,4532
17.20,4531
17.21,4530
17.22,4529
17.23,4528
17.24,4527
17.25,4526
17.26,4525
17.26,4524
17.27,4523
17.28,4522
17.29,4521
17.30,4520
17.31,4519
17.32,4518
17.33,4517
17.34,4516
17.35,4515
17.36,4514
17.37,4513
17.38,4512
17.39,4511
17.40,4510
17.41,4509
17.42,4508
17.43,4507
17.44,4506
17.45,4505
17.46,4504
17.47,4503
17.48,4502
17.49,4501
17.50,4500
17.51,4499
17.52,4498
17.53,4497
17.54,4496
17.55,4495
17.56,4494
17.57,4493
17.58,4492
17.59,4491
17.60,4490
17.61,4489
17.62,4488
17.63,4487
17.64,4486
17.65,4485
17.66,4484
17.67,4483
17.68,4482
17.69,4481
17.70,4480
17.71,4479
17.72,4478
17.73,4477
17.74,4476
17.75,4475
17.76,4474
17.77,4473
17.78,4472
17.79,4471
17.80,4470
17.81,4469
17.82,4468
17.83,4467
17.84,4466
17.85,4465
17.86,4464
17.87,4463
17.88,4462
17.89,4461
17.89,4460
17.90,4459
17.91,4458
17.92,4457
17.93,4456
17.94,4455
17.95,4454
17.96,4453
17.97,4452
17.98,4451
17.99,4450
18.00,4449
18.01,4448
18.02,4447
18.03,4446
18.04,4445
18.05,4444
18.06,4443
18.07,4442
18.08,4441
18.09,4440
18.10,4439
18.10,4438
18.11,4437
18.12,4436
18.13,4435
18.14,4434
18.15,4433
18.16,4432
18.17,4431
18.18,4430
18.19,4429
18.20,4428
18.21,4427
18.22,4426
18.23,4425
18.24,4424
18.25,4423
18.26,4422
18.27,4421
18.28,4420
18.29,4419
18.30,4418
18.31,4417
18.32,4416
18.33,4415
18.34,4414
18.35,4413
18.36,4412
18.37,4411
18.38,4410
18.39,4409
18.40,4408
18.41,4407
18.42,4406
18.43,4405
18.44,4404
18.45,4403
18.46,4402
18.47,4401
18.48,4400
18.48,4399
18.49,4398
18.50,4397
18.51,4396
18.52,4395
18.53,4394
18.54,4393
18.55,4392
18.56,4391
18.57,4390
18.58,4389
18.59,4388
18.60,4387
18.61,4386
18.62,4385
18.63,4384
18.64,4383
18.65,4382
18.66,4381
18.67,4380
18.68,4379
18.69,4378
18.70,4377
18.71,4376
18.72,4375
18.73,4374
18.74,4373
18.75,4372
18.76,4371
18.77,4370
18.78,4369
18.79,4368
18.80,4367
18.81,4366
18.82,4365
18.83,4364
18.84,4363
18.84,4362
18.85,4361
18.86,4360
18.87,4359
18.88,4358
18.89,4357
18.90,4356
18.91,4355
18.92,4354
18.93,4353
18.94,4352
18.95,4351
18.96,4350
18.97,4349
18.98,4348
18.99,4347
19.00,4346
19.01,4345
19.02,4344
19.03,4343
19.04,4342
19.05,4341
19.06,4340
19.07,4339
19.08,4338
19.09,4337
19.10,4336
19.11,4335
19.12,4334
19.13,4333
19.14,4332
19.14,4331
19.15,4330
19.16,4329
19.17,4328
19.18,4327
19.19,4326
19.20,4325
19.21,4324
19.22,4323
19.23,4322
19.24,4321
19.25,4320
19.26,4319
19.27,4318
19.28,4317
19.29,4316
19.30,4315
19.31,4314
19.32,4313
19.33,4312
19.34,4311
19.35,4310
19.36,4309
19.37,4308
19.37,4307
19.38,4306
19.39,4305
19.40,4304
19.41,4303
19.42,4302
19.43,4301
19.44,4300
19.45,4299
19.46,4298
19.47,4297
19.48,4296
19.49,4295
19.50,4294
19.51,4293
19.52,4292
19.53,4291
19.54,4290
19.55,4289
19.56,4288
19.57,4287
19.58,4286
19.59,4285
19.60,4284
19.61,4283
19.62,4282
19.63,4281
19.64,4280
19.65,4279
19.66,4278
19.67,4277
19.67,4276
19.68,4275
19.69,4274
19.70,4273
19.71,4272
19.72,4271
19.73,4270
19.74,4269
19.75,4268
19.76,4267
19.77,4266
19.78,4265
19.79,4264
19.80,4263
19.81,4262
19.82,4261
19.83,4260
19.84,4259
19.85,4258
19.86,4257
19.87,4256
19.88,4255
19.89,4254
19.90,4253
19.91,4252
19.92,4251
19.93,4250
19.94,4249
19.95,4248
19.96,4247
19.97,4246
19.98,4245
19.99,4244
20.00,4243
20.01,4242
20.02,4241
20.02,4240
20.04,4239
20.05,4238
20.05,4237
20.06,4236
20.07,4235
20.08,4234
20.09,4233
20.10,4232
20.11,4231
20.12,4230
20.13,4229
20.14,4228
20.15,4227
20.16,4226
20.17,4225
20.18,4224
20.19,4223
20.20,4222
20.21,4221
20.22,4220
20.22,4219
20.23,4218
20.24,4217
20.25,4216
20.26,4215
20.27,4214
20.28,4213
20.29,4212
20.30,4211
20.31,4210
20.32,4209
20.33,4208
20.34,4207
20.35,4206
20.36,4205
20.37,4204
20.38,4203
20.38,4202
20.39,4201
20.40,4200
20.41,4199
20.42,4198
20.43,4197
20.44,4196
20.45,4195
20.46,4194
20.47,4193
20.48,4192
20.48,4191
20.49,4190
20.50,4189
20.51,4188
20.52,4187
20.53,4186
20.54,4185
20.55,4184
20.56,4183
20.57,4182
20.58,4181
20.59,4180
20.60,4179
20.61,4178
20.62,4177
20.63,4176
20.64,4175
20.65,4174
20.65,4173
20.66,4172
20.67,4171
20.68,4170
20.69,4169
20.70,4168
20.71,4167
20.72,4166
20.73,4165
20.74,4164
20.75,4163
20.76,4162
20.77,4161
20.78,4160
20.79,4159
20.80,4158
20.81,4157
20.82,4156
20.83,4155
20.84,4154
20.84,4153
20.85,4152
20.86,4151
20.87,4150
20.88,4149
20.89,4148
20.90,4147
20.91,4146
20.92,4145
20.93,4144
20.94,4143
20.95,4142
20.96,4141
20.97,4140
20.98,4139
20.99,4138
21.00,4137
21.00,4136
21.01,4135
21.02,4134
21.03,4133
21.04,4132
21.05,4131
21.06,4130
21.07,4129
21.08,4128
21.09,4127
21.10,4126
21.11,4125
21.12,4124
21.13,4123
21.14,4122
21.14,4121
21.15,4120
21.16,4119
21.17,4118
21.18,4117
21.19,4116
21.20,4115
21.21,4114
21.22,4113
21.23,4112
21.24,4111
21.24,4110
21.25,4109
21.26,4108
21.27,4107
21.28,4106
21.29,4105
21.30,4104
21.31,4103
21.32,4102
21.33,4101
21.34,4100
21.35,4099
21.36,4098
21.37,4097
21.38,4096
21.39,4095
21.40,4094
21.41,4093
21.42,4092
21.43,4091
21.43,4090
21.44,4089
21.45,4088
21.46,4087
21.47,4086
21.48,4085
21.49,4084
21.50,4083
21.51,4082
21.52,4081
21.53,4080
21.54,4079
21.55,4078
21.56,4077
21.57,4076
21.58,4075
21.59,4074
21.59,4073
21.60,4072
21.61,4071
21.62,4070
21.63,4069
21.64,4068
21.65,4067
21.66,4066
21.67,4065
21.68,4064
21.69,4063
21.70,4062
21.71,4061
21.72,4060
21.72,4059
21.73,4058
21.74,4057
21.75,4056
21.76,4055
21.77,4054
21.78,4053
21.79,4052
21.80,4051
21.81,4050
21.82,4049
21.83,4048
21.84,4047
21.85,4046
21.86,4045
21.87,4044
21.88,4043
21.88,4042
21.89,4041
21.90,4040
21.91,4039
21.92,4038
21.93,4037
21.94,4036
21.95,4035
21.96,4034
21.97,4033
21.98,4032
21.99,4031
22.00,4030
22.01,4029
22.02,4028
22.03,4027
22.04,4026
22.04,4025
22.05,4024
22.06,4023
22.07,4022
22.08,4021
22.09,4020
22.10,4019
22.11,4018
22.12,4017
22.13,4016
22.14,4015
22.15,4014
22.16,4013
22.16,4012
22.17,4011
22.18,4010
22.19,4009
22.20,4008
22.21,4007
22.22,4006
22.23,4005
22.24,4004
22.25,4003
22.26,4002
22.27,4001
22.28,4000
22.29,3999
22.29,3998
22.30,3997
22.31,3996
22.32,3995
22.33,3994
22.34,3993
22.35,3992
22.36,3991
22.37,3990
22.38,3989
22.39,3988
22.40,3987
22.41,3986
22.41,3985
22.42,3984
22.43,3983
22.44,3982
22.45,3981
22.46,3980
22.47,3979
22.48,3978
22.49,3977
22.50,3976
22.51,3975
22.52,3974
22.52,3973
22.53,3972
22.54,3971
22.55,3970
22.56,3969
22.57,3968
22.58,3967
22.59,3966
22.60,3965
22.61,3964
22.62,3963
22.63,3962
22.63,3961
22.64,3960
22.65,3959
22.66,3958
22.67,3957
22.68,3956
22.69,3955
22.70,3954
22.71,3953
22.72,3952
22.73,3951
22.74,3950
22.75,3949
22.76,3948
22.76,3947
22.77,3946
22.78,3945
22.79,3944
22.80,3943
22.81,3942
22.82,3941
22.83,3940
22.84,3939
22.85,3938
22.86,3937
22.87,3936
22.88,3935
22.89,3934
22.90,3933
22.91,3932
22.92,3931
22.92,3930
22.93,3929
22.94,3928
22.95,3927
22.96,3926
22.97,3925
22.98,3924
22.99,3923
23.00,3922
23.01,3921
23.02,3920
23.03,3919
23.03,3918
23.04,3917
23.05,3916
23.06,3915
23.07,3914
23.08,3913
23.09,3912
23.10,3911
23.11,3910
23.12,3909
23.13,3908
23.14,3907
23.15,3906
23.15,3905
23.16,3904
23.17,3903
23.18,3902
23.19,3901
23.20,3900
23.21,3899
23.22,3898
23.23,3897
23.24,3896
23.25,3895
23.25,3894
23.26,3893
23.27,3892
23.28,3891
23.29,3890
23.30,3889
23.31,3888
23.32,3887
23.33,3886
23.34,3885
23.35,3884
23.36,3883
23.37,3882
23.38,3881
23.38,3880
23.39,3879
23.40,3878
23.41,3877
23.42,3876
23.43,3875
23.44,3874
23.45,3873
23.46,3872
23.47,3871
23.48,3870
23.49,3869
23.50,3868
23.51,3867
23.51,3866
23.52,3865
23.53,3864
23.54,3863
23.55,3862
23.56,3861
23.57,3860
23.58,3859
23.59,3858
23.60,3857
23.61,3856
23.62,3855
23.62,3854
23.63,3853
23.64,3852
23.65,3851
23.66,3850
23.67,3849
23.68,3848
23.69,3847
23.70,3846
23.71,3845
23.72,3844
23.72,3843
23.73,3842
23.74,3841
23.75,3840
23.76,3839
23.77,3838
23.78,3837
23.79,3836
23.80,3835
23.81,3834
23.82,3833
23.83,3832
23.84,3831
23.85,3830
23.86,3829
23.86,3828
23.87,3827
23.88,3826
23.89,3825
23.90,3824
23.91,3823
23.92,3822
23.93,3821
23.94,3820
23.95,3819
23.96,3818
23.97,3817
23.97,3816
23.98,3815
23.99,3814
24.00,3813
24.01,3812
24.02,3811
24.03,3810
24.04,3809
24.05,3808
24.06,3807
24.07,3806
24.08,3805
24.09,3804
24.09,3803
24.10,3802
24.11,3801
24.12,3800
24.13,3799
24.14,3798
24.15,3797
24.16,3796
24.17,3795
24.17,3794
24.18,3793
24.19,3792
24.20,3791
24.21,3790
24.22,3789
24.23,3788
24.24,3787
24.25,3786
24.26,3785
24.27,3784
24.28,3783
24.28,3782
24.29,3781
24.30,3780
24.31,3779
24.32,3778
24.33,3777
24.34,3776
24.35,3775
24.36,3774
24.37,3773
24.38,3772
24.39,3771
24.40,3770
24.40,3769
24.41,3768
24.42,3767
24.43,3766
24.44,3765
24.45,3764
24.46,3763
24.47,3762
24.48,3761
24.49,3760
24.50,3759
24.51,3758
24.52,3757
24.52,3756
24.53,3755
24.54,3754
24.55,3753
24.56,3752
24.57,3751
24.58,3750
24.59,3749
24.60,3748
24.61,3747
24.62,3746
24.62,3745
24.63,3744
24.64,3743
24.65,3742
24.66,3741
24.67,3740
24.68,3739
24.69,3738
24.70,3737
24.71,3736
24.72,3735
24.72,3734
24.73,3733
24.74,3732
24.75,3731
24.76,3730
24.77,3729
24.78,3728
24.79,3727
24.80,3726
24.81,3725
24.82,3724
24.82,3723
24.83,3722
24.84,3721
24.85,3720
24.86,3719
24.87,3718
24.88,3717
24.89,3716
24.90,3715
24.91,3714
24.91,3713
24.92,3712
24.93,3711
24.94,3710
24.95,3709
24.96,3708
24.97,3707
24.98,3706
24.99,3705
25.00,3704
25.00,3703
25.01,3702
25.02,3701
25.03,3700
25.04,3699
25.05,3698
25.06,3697
25.07,3696
25.08,3695
25.08,3694
25.09,3693
25.10,3692
25.11,3691
25.12,3690
25.13,3689
25.14,3688
25.15,3687
25.16,3686
25.16,3685
25.17,3684
25.18,3683
25.19,3682
25.20,3681
25.21,3680
25.22,3679
25.23,3678
25.24,3677
25.25,3676
25.26,3675
25.26,3674
25.27,3673
25.28,3672
25.29,3671
25.30,3670
25.31,3669
25.32,3668
25.33,3667
25.34,3666
25.35,3665
25.36,3664
25.37,3663
25.38,3662
25.39,3661
25.39,3660
25.40,3659
25.41,3658
25.42,3657
25.43,3656
25.44,3655
25.45,3654
25.46,3653
25.47,3652
25.48,3651
25.48,3650
25.49,3649
25.50,3648
25.51,3647
25.52,3646
25.53,3645
25.54,3644
25.55,3643
25.56,3642
25.57,3641
25.57,3640
25.58,3639
25.59,3638
25.60,3637
25.61,3636
25.62,3635
25.63,3634
25.64,3633
25.65,3632
25.66,3631
25.67,3630
25.68,3629
25.68,3628
25.69,3627
25.70,3626
25.71,3625
25.72,3624
25.73,3623
25.74,3622
25.75,3621
25.76,3620
25.77,3619
25.78,3618
25.78,3617
25.79,3616
25.80,3615
25.81,3614
25.82,3613
25.83,3612
25.84,3611
25.85,3610
25.86,3609
25.87,3608
25.88,3607
25.89,3606
25.89,3605
25.90,3604
25.91,3603
25.92,3602
25.93,3601
25.94,3600
25.95,3599
25.96,3598
25.97,3597
25.98,3596
25.98,3595
25.99,3594
26.00,3593
26.01,3592
26.02,3591
26.03,3590
26.04,3589
26.05,3588
26.06,3587
26.07,3586
26.08,3585
26.08,3584
26.09,3583
26.10,3582
26.11,3581
26.12,3580
26.13,3579
26.14,3578
26.14,3577
26.15,3576
26.16,3575
26.17,3574
26.18,3573
26.19,3572
26.20,3571
26.21,3570
26.21,3569
26.22,3568
26.23,3567
26.24,3566
26.25,3565
26.26,3564
26.27,3563
26.28,3562
26.29,3561
26.30,3560
26.30,3559
26.31,3558
26.32,3557
26.33,3556
26.34,3555
26.35,3554
26.36,3553
26.37,3552
26.38,3551
26.39,3550
26.39,3549
26.40,3548
26.41,3547
26.42,3546
26.43,3545
26.44,3544
26.45,3543
26.46,3542
26.47,3541
26.47,3540
26.48,3539
26.49,3538
26.50,3537
26.51,3536
26.52,3535
26.53,3534
26.54,3533
26.55,3532
26.55,3531
26.56,3530
26.57,3529
26.58,3528
26.59,3527
26.60,3526
26.61,3525
26.62,3524
26.63,3523
26.64,3522
26.64,3521
26.65,3520
26.66,3519
26.67,3518
26.68,3517
26.69,3516
26.70,3515
26.71,3514
26.71,3513
26.72,3512
26.73,3511
26.74,3510
26.75,3509
26.76,3508
26.77,3507
26.78,3506
26.79,3505
26.79,3504
26.80,3503
26.81,3502
26.82,3501
26.83,3500
26.84,3499
26.85,3498
26.86,3497
26.87,3496
26.88,3495
26.89,3494
26.89,3493
26.90,3492
26.91,3491
26.92,3490
26.93,3489
26.94,3488
26.95,3487
26.96,3486
26.97,3485
26.97,3484
26.98,3483
26.99,3482
27.00,3481
27.01,3480
27.02,3479
27.03,3478
27.04,3477
27.05,3476
27.06,3475
27.06,3474
27.07,3473
27.08,3472
27.09,3471
27.10,3470
27.11,3469
27.12,3468
27.13,3467
27.14,3466
27.15,3465
27.15,3464
27.17,3463
27.18,3462
27.19,3461
27.20,3460
27.20,3459
27.21,3458
27.22,3457
27.23,3456
27.24,3455
27.25,3454
27.26,3453
27.27,3452
27.28,3451
27.29,3450
27.29,3449
27.30,3448
27.31,3447
27.32,3446
27.33,3445
27.34,3444
27.35,3443
27.36,3442
27.37,3441
27.38,3440
27.39,3439
27.39,3438
27.40,3437
27.41,3436
27.42,3435
27.43,3434
27.44,3433
27.45,3432
27.46,3431
27.47,3430
27.48,3429
27.48,3428
27.49,3427
27.50,3426
27.51,3425
27.52,3424
27.53,3423
27.54,3422
27.55,3421
27.56,3420
27.57,3419
27.57,3418
27.58,3417
27.59,3416
27.60,3415
27.61,3414
27.62,3413
27.62,3412
27.63,3411
27.64,3410
27.65,3409
27.66,3408
27.67,3407
27.68,3406
27.69,3405
27.69,3404
27.70,3403
27.71,3402
27.72,3401
27.73,3400
27.74,3399
27.75,3398
27.76,3397
27.76,3396
27.77,3395
27.78,3394
27.79,3393
27.80,3392
27.81,3391
27.82,3390
27.83,3389
27.83,3388
27.84,3387
27.85,3386
27.86,3385
27.87,3384
27.88,3383
27.89,3382
27.90,3381
27.91,3380
27.92,3379
27.92,3378
27.93,3377
27.94,3376
27.95,3375
27.96,3374
27.97,3373
27.98,3372
27.98,3371
27.99,3370
28.00,3369
28.01,3368
28.02,3367
28.03,3366
28.03,3365
