0.57,6054
0.86,5994
0.96,5935
1.08,5876
1.16,5818
1.25,5760
1.34,5703
1.43,5646
1.52,5590
1.64,5535
1.73,5480
1.78,5426
1.84,5372
2.00,5319
2.08,5266
2.18,5214
2.28,5162
2.35,5111
2.40,5060
2.47,5010
2.57,4960
2.67,4911
2.74,4862
2.84,4814
2.92,4766
2.98,4719
3.03,4672
3.12,4626
3.18,4580
3.23,4535
3.31,4490
3.35,4446
3.41,4402
3.45,4358
3.50,4315
3.57,4272
3.66,4230
3.68,4188
3.72,4147
3.76,4106
3.80,4065
3.85,4025
3.89,3985
3.93,3946
3.97,3907
4.01,3868
4.05,3830
4.09,3792
4.12,3755
4.16,3718
4.22,3681
4.28,3645
4.31,3609
4.33,3573
4.35,3538
4.39,3503
4.43,3468
4.51,3434
4.59,3400
4.64,3366
