0.58,6064
0.88,6004
0.93,5944
1.01,5885
1.12,5827
1.20,5769
1.26,5712
1.34,5655
1.40,5599
1.57,5544
1.61,5489
1.71,5435
1.80,5381
1.87,5328
1.98,5275
2.07,5223
2.11,5171
2.20,5120
2.28,5069
2.38,5019
2.45,4969
2.60,4920
2.69,4871
2.78,4823
2.84,4775
2.88,4728
2.93,4681
2.98,4635
3.01,4589
3.11,4544
3.17,4499
3.23,4455
3.30,4411
3.40,4367
3.45,4324
3.50,4281
3.53,4239
3.57,4197
3.60,4156
3.64,4115
3.69,4074
3.73,4034
3.77,3994
3.83,3955
3.88,3916
3.92,3877
3.94,3839
3.97,3801
4.01,3763
4.06,3726
4.14,3689
4.19,3653
4.21,3617
4.24,3581
4.30,3546
4.35,3511
4.39,3476
4.44,3442
4.49,3408
4.55,3374
