0.56,6054
0.67,6053
0.70,6052
0.72,6051
0.75,6050
0.77,6049
0.79,6048
0.81,6047
0.83,6046
0.84,6045
0.85,6044
0.87,6043
0.88,6042
0.89,6041
0.92,6040
0.93,6039
0.95,6038
0.96,6037
0.97,6036
0.99,6035
1.00,6034
1.01,6033
1.03,6032
1.04,6031
1.05,6030
1.06,6029
1.08,6028
1.09,6027
1.10,6026
1.11,6025
1.12,6024
1.13,6023
1.15,6022
1.16,6021
1.17,6020
1.18,6019
1.19,6018
1.20,6017
1.22,6016
1.23,6015
1.24,6014
1.26,6013
1.27,6012
1.28,6011
1.29,6010
1.30,6009
1.32,6008
1.33,6007
1.34,6006
1.35,6005
1.37,6004
1.38,6003
1.39,6002
1.40,6001
1.42,6000
1.43,5999
1.44,5998
1.45,5997
1.46,5996
1.49,5995
1.50,5994
1.51,5993
1.52,5992
1.53,5991
1.54,5990
1.55,5989
1.56,5988
1.58,5987
1.59,5986
1.60,5985
1.61,5984
1.62,5983
1.63,5982
1.64,5981
1.65,5980
1.67,5979
1.68,5978
1.69,5977
1.70,5976
1.71,5975
1.72,5974
1.73,5973
1.74,5972
1.75,5971
1.77,5970
1.78,5969
1.79,5968
1.80,5967
1.81,5966
1.82,5965
1.83,5964
1.84,5963
1.85,5962
1.87,5961
1.88,5960
1.89,5959
1.90,5958
1.91,5957
1.92,5956
1.93,5955
1.96,5954
1.97,5953
1.98,5952
1.99,5951
2.00,5950
2.01,5949
2.03,5948
2.04,5947
2.05,5946
2.08,5945
2.09,5944
2.10,5943
2.11,5942
2.12,5941
2.14,5940
2.15,5939
2.16,5938
2.18,5937
2.19,5936
2.20,5935
2.21,5934
2.22,5933
2.24,5932
2.25,5931
2.26,5930
2.27,5929
2.28,5928
2.30,5927
2.31,5926
2.33,5925
2.34,5924
2.35,5923
2.36,5922
2.38,5921
2.39,5920
2.40,5919
2.42,5918
2.43,5917
2.44,5916
2.45,5915
2.47,5914
2.48,5913
2.49,5912
2.50,5911
2.51,5910
2.52,5909
2.53,5908
2.54,5907
2.56,5906
2.57,5905
2.58,5904
2.59,5903
2.60,5902
2.61,5901
2.62,5900
2.64,5899
2.65,5898
2.66,5897
2.67,5896
2.68,5895
2.69,5894
2.70,5893
2.71,5892
2.73,5891
2.74,5890
2.75,5889
2.76,5888
2.77,5887
2.78,5886
2.80,5885
2.81,5884
2.82,5883
2.83,5882
2.84,5881
2.85,5880
2.86,5879
2.87,5878
2.88,5877
2.89,5876
2.90,5875
2.92,5874
2.93,5873
2.94,5872
2.95,5871
2.97,5870
2.98,5869
2.99,5868
3.01,5867
3.02,5866
3.03,5865
3.04,5864
3.06,5863
3.07,5862
3.08,5861
3.09,5860
3.11,5859
3.12,5858
3.13,5857
3.15,5856
3.16,5855
3.17,5854
3.18,5853
3.19,5852
3.21,5851
3.22,5850
3.23,5849
3.24,5848
3.26,5847
3.27,5846
3.28,5845
3.30,5844
3.31,5843
3.32,5842
3.34,5841
3.35,5840
3.36,5839
3.37,5838
3.39,5837
3.40,5836
3.41,5835
3.43,5834
3.44,5833
3.45,5832
3.46,5831
3.48,5830
3.50,5829
3.51,5828
3.52,5827
3.53,5826
3.54,5825
3.55,5824
3.57,5823
3.58,5822
3.59,5821
3.60,5820
3.62,5819
3.63,5818
3.64,5817
3.65,5816
3.66,5815
3.67,5814
3.69,5813
3.70,5812
3.71,5811
3.72,5810
3.73,5809
3.74,5808
3.75,5807
3.76,5806
3.78,5805
3.79,5804
3.80,5803
3.81,5802
3.82,5801
3.83,5800
3.85,5799
3.86,5798
3.87,5797
3.88,5796
3.89,5795
3.90,5794
3.91,5793
3.93,5792
3.94,5791
3.95,5790
3.96,5789
3.97,5788
3.98,5787
3.99,5786
4.00,5785
4.02,5784
4.03,5783
4.04,5782
4.05,5781
4.06,5780
4.07,5779
4.08,5778
4.09,5777
4.11,5776
4.11,5775
4.13,5774
4.14,5773
4.15,5772
4.16,5771
4.17,5770
4.18,5769
4.20,5768
4.21,5767
4.22,5766
4.23,5765
4.24,5764
4.25,5763
4.26,5762
4.27,5761
4.29,5760
4.30,5759
4.31,5758
4.32,5757
4.33,5756
4.36,5755
4.37,5754
4.38,5753
4.39,5752
4.40,5751
4.41,5750
4.42,5749
4.43,5748
4.44,5747
4.46,5746
4.47,5745
4.48,5744
4.49,5743
4.50,5742
4.51,5741
4.52,5740
4.53,5739
4.54,5738
4.55,5737
4.56,5736
4.57,5735
4.59,5734
4.60,5733
4.61,5732
4.62,5731
4.63,5730
4.64,5729
4.65,5728
4.66,5727
4.67,5726
4.68,5725
4.69,5724
4.71,5723
4.72,5722
4.73,5721
4.74,5720
4.75,5719
4.76,5718
4.77,5717
4.79,5716
4.81,5715
4.82,5714
4.83,5713
4.84,5712
4.85,5711
4.86,5710
4.87,5709
4.89,5708
4.90,5707
4.91,5706
4.92,5705
4.93,5704
4.94,5703
4.95,5702
4.96,5701
4.97,5700
4.98,5699
4.99,5698
5.00,5697
5.02,5696
5.03,5695
5.04,5694
5.05,5693
5.06,5692
5.07,5691
5.08,5690
5.10,5689
5.11,5688
5.12,5687
5.13,5686
5.14,5685
5.15,5684
5.16,5683
5.17,5682
5.19,5681
5.20,5680
5.21,5679
5.22,5678
5.23,5677
5.24,5676
5.25,5675
5.26,5674
5.27,5673
5.29,5672
5.30,5671
5.31,5670
5.32,5669
5.33,5668
5.34,5667
5.35,5666
5.36,5665
5.37,5664
5.38,5663
5.39,5662
5.41,5661
5.42,5660
5.43,5659
5.44,5658
5.45,5657
5.46,5656
5.47,5655
5.48,5654
5.49,5653
5.50,5652
5.51,5651
5.53,5650
5.54,5649
5.55,5648
5.56,5647
5.57,5646
5.58,5645
5.59,5644
5.60,5643
5.61,5642
5.62,5641
5.63,5640
5.64,5639
5.65,5638
5.67,5637
5.68,5636
5.69,5635
5.70,5634
5.71,5633
5.72,5632
5.73,5631
5.74,5630
5.75,5629
5.77,5628
5.78,5627
5.79,5626
5.80,5625
5.81,5624
5.82,5623
5.84,5622
5.85,5621
5.86,5620
5.87,5619
5.88,5618
5.89,5617
5.90,5616
5.91,5615
5.92,5614
5.93,5613
5.94,5612
5.96,5611
5.97,5610
5.98,5609
5.99,5608
6.00,5607
6.01,5606
6.02,5605
6.05,5604
6.08,5603
6.09,5602
6.10,5601
6.12,5600
6.13,5599
6.14,5598
6.15,5597
6.16,5596
6.18,5595
6.19,5594
6.20,5593
6.21,5592
6.22,5591
6.23,5590
6.25,5589
6.26,5588
6.27,5587
6.28,5586
6.29,5585
6.30,5584
6.32,5583
6.33,5582
6.34,5581
6.35,5580
6.36,5579
6.38,5578
6.39,5577
6.41,5576
6.42,5575
6.43,5574
6.44,5573
6.46,5572
6.47,5571
6.48,5570
6.49,5569
6.51,5568
6.52,5567
6.53,5566
6.54,5565
6.55,5564
6.56,5563
6.58,5562
6.59,5561
6.60,5560
6.61,5559
6.62,5558
6.64,5557
6.65,5556
6.66,5555
6.67,5554
6.69,5553
6.70,5552
6.71,5551
6.73,5550
6.74,5549
6.75,5548
6.76,5547
6.78,5546
6.79,5545
6.80,5544
6.81,5543
6.82,5542
6.83,5541
6.85,5540
6.86,5539
6.87,5538
6.88,5537
6.89,5536
6.90,5535
6.91,5534
6.92,5533
6.94,5532
6.95,5531
6.96,5530
6.97,5529
6.98,5528
7.00,5527
7.01,5526
7.02,5525
7.03,5524
7.04,5523
7.06,5522
7.07,5521
7.08,5520
7.12,5519
7.13,5518
7.14,5517
7.15,5516
7.17,5515
7.18,5514
7.19,5513
7.20,5512
7.22,5511
7.23,5510
7.25,5509
7.26,5508
7.27,5507
7.28,5506
7.29,5505
7.31,5504
7.32,5503
7.33,5502
7.34,5501
7.35,5500
7.37,5499
7.38,5498
7.39,5497
7.40,5496
7.41,5495
7.42,5494
7.44,5493
7.45,5492
7.46,5491
7.47,5490
7.48,5489
7.50,5488
7.51,5487
7.52,5486
7.53,5485
7.54,5484
7.55,5483
7.57,5482
7.59,5481
7.60,5480
7.61,5479
7.62,5478
7.63,5477
7.64,5476
7.66,5475
7.67,5474
7.68,5473
7.69,5472
7.70,5471
7.72,5470
7.73,5469
7.74,5468
7.75,5467
7.77,5466
7.78,5465
7.79,5464
7.81,5463
7.82,5462
7.84,5461
7.85,5460
7.86,5459
7.87,5458
7.88,5457
7.89,5456
7.90,5455
7.92,5454
7.93,5453
7.94,5452
7.95,5451
7.96,5450
7.97,5449
7.99,5448
8.00,5447
8.01,5446
8.02,5445
8.03,5444
8.07,5443
8.08,5442
8.09,5441
8.10,5440
8.11,5439
8.12,5438
8.13,5437
8.14,5436
8.15,5435
8.16,5434
8.17,5433
8.19,5432
8.20,5431
8.21,5430
8.22,5429
8.23,5428
8.24,5427
8.25,5426
8.27,5425
8.28,5424
8.29,5423
8.30,5422
8.31,5421
8.32,5420
8.33,5419
8.34,5418
8.36,5417
8.37,5416
8.38,5415
8.39,5414
8.40,5413
8.41,5412
8.42,5411
8.43,5410
8.44,5409
8.46,5408
8.47,5407
8.48,5406
8.49,5405
8.50,5404
8.51,5403
8.52,5402
8.53,5401
8.54,5400
8.55,5399
8.57,5398
8.58,5397
8.59,5396
8.60,5395
8.61,5394
8.62,5393
8.63,5392
8.64,5391
8.66,5390
8.67,5389
8.69,5388
8.70,5387
8.71,5386
8.72,5385
8.73,5384
8.74,5383
8.75,5382
8.76,5381
8.77,5380
8.78,5379
8.80,5378
8.81,5377
8.82,5376
8.83,5375
8.84,5374
8.85,5373
8.86,5372
8.87,5371
8.88,5370
8.90,5369
8.92,5368
8.93,5367
8.94,5366
8.95,5365
8.96,5364
8.97,5363
8.98,5362
8.99,5361
9.00,5360
9.02,5359
9.03,5358
9.04,5357
9.05,5356
9.06,5355
9.07,5354
9.08,5353
9.09,5352
9.11,5351
9.12,5350
9.13,5349
9.14,5348
9.15,5347
9.16,5346
9.17,5345
9.18,5344
9.19,5343
9.20,5342
9.21,5341
9.22,5340
9.23,5339
9.24,5338
9.26,5337
9.27,5336
9.28,5335
9.29,5334
9.30,5333
9.31,5332
9.32,5331
9.33,5330
9.34,5329
9.35,5328
9.36,5327
9.38,5326
9.39,5325
9.40,5324
9.41,5323
9.42,5322
9.43,5321
9.44,5320
9.45,5319
9.46,5318
9.47,5317
9.48,5316
9.50,5315
9.52,5314
9.53,5313
9.54,5312
9.55,5311
9.56,5310
9.57,5309
9.58,5308
9.59,5307
9.60,5306
9.61,5305
9.62,5304
9.63,5303
9.65,5302
9.66,5301
9.67,5300
9.68,5299
9.69,5298
9.70,5297
9.71,5296
9.72,5295
9.74,5294
9.75,5293
9.76,5292
9.77,5291
9.78,5290
9.79,5289
9.81,5288
9.82,5287
9.83,5286
9.85,5285
9.86,5284
9.87,5283
9.88,5282
9.89,5281
9.91,5280
9.92,5279
9.93,5278
9.94,5277
9.95,5276
9.96,5275
9.97,5274
9.98,5273
9.99,5272
10.00,5271
10.02,5270
10.03,5269
10.04,5268
10.05,5267
10.06,5266
10.07,5265
10.09,5264
10.10,5263
10.11,5262
10.12,5261
10.13,5260
10.14,5259
10.15,5258
10.17,5257
10.17,5256
10.19,5255
10.20,5254
10.21,5253
10.22,5252
10.23,5251
10.24,5250
10.25,5249
10.26,5248
10.28,5247
10.29,5246
10.30,5245
10.31,5244
10.32,5243
10.33,5242
10.34,5241
10.35,5240
10.37,5239
10.38,5238
10.39,5237
10.40,5236
10.41,5235
10.42,5234
10.43,5233
10.44,5232
10.45,5231
10.46,5230
10.47,5229
10.48,5228
10.50,5227
10.51,5226
10.52,5225
10.53,5224
10.54,5223
10.55,5222
10.56,5221
10.57,5220
10.58,5219
10.59,5218
10.60,5217
10.61,5216
10.62,5215
10.63,5214
10.65,5213
10.66,5212
10.67,5211
10.68,5210
10.69,5209
10.70,5208
10.71,5207
10.72,5206
10.73,5205
10.74,5204
10.75,5203
10.76,5202
10.78,5201
10.79,5200
10.80,5199
10.81,5198
10.82,5197
10.83,5196
10.84,5195
10.85,5194
10.86,5193
10.87,5192
10.88,5191
10.89,5190
10.90,5189
10.91,5188
10.93,5187
10.94,5186
10.95,5185
10.96,5184
10.97,5183
10.98,5182
10.99,5181
11.00,5180
11.01,5179
11.02,5178
11.03,5177
11.04,5176
11.05,5175
11.06,5174
11.08,5173
11.09,5172
11.10,5171
11.11,5170
11.12,5169
11.13,5168
11.14,5167
11.16,5166
11.17,5165
11.18,5164
11.19,5163
11.20,5162
11.21,5161
11.22,5160
11.23,5159
11.24,5158
11.25,5157
11.26,5156
11.28,5155
11.29,5154
11.30,5153
11.31,5152
11.32,5151
11.33,5150
11.34,5149
11.35,5148
11.36,5147
11.38,5146
11.39,5145
11.40,5144
11.41,5143
11.42,5142
11.43,5141
11.44,5140
11.45,5139
11.46,5138
11.47,5137
11.49,5136
11.50,5135
11.51,5134
11.52,5133
11.53,5132
11.54,5131
11.55,5130
11.56,5129
11.57,5128
11.58,5127
11.59,5126
11.60,5125
11.62,5124
11.63,5123
11.64,5122
11.65,5121
11.66,5120
11.67,5119
11.68,5118
11.69,5117
11.70,5116
11.71,5115
11.72,5114
11.73,5113
11.74,5112
11.76,5111
11.77,5110
11.78,5109
11.79,5108
11.80,5107
11.81,5106
11.82,5105
11.83,5104
11.84,5103
11.85,5102
11.86,5101
11.87,5100
11.88,5099
11.89,5098
11.90,5097
11.91,5096
11.92,5095
11.93,5094
11.94,5093
11.96,5092
11.97,5091
11.98,5090
11.99,5089
12.00,5088
12.01,5087
12.02,5086
12.03,5085
12.04,5084
12.05,5083
12.06,5082
12.07,5081
12.08,5080
12.10,5079
12.11,5078
12.12,5077
12.13,5076
12.14,5075
12.15,5074
12.16,5073
12.17,5072
12.18,5071
12.19,5070
12.20,5069
12.21,5068
12.22,5067
12.23,5066
12.24,5065
12.26,5064
12.27,5063
12.28,5062
12.29,5061
12.30,5060
12.31,5059
12.32,5058
12.33,5057
12.34,5056
12.35,5055
12.36,5054
12.37,5053
12.38,5052
12.39,5051
12.40,5050
12.41,5049
12.42,5048
12.44,5047
12.45,5046
12.46,5045
12.47,5044
12.48,5043
12.49,5042
12.50,5041
12.51,5040
12.52,5039
12.53,5038
12.54,5037
12.55,5036
12.57,5035
12.58,5034
12.59,5033
12.60,5032
12.61,5031
12.62,5030
12.63,5029
12.64,5028
12.65,5027
12.66,5026
12.67,5025
12.68,5024
12.69,5023
12.70,5022
12.72,5021
12.73,5020
12.74,5019
12.75,5018
12.76,5017
12.77,5016
12.78,5015
12.79,5014
12.80,5013
12.81,5012
12.82,5011
12.83,5010
12.84,5009
12.85,5008
12.86,5007
12.87,5006
12.88,5005
12.89,5004
12.90,5003
12.91,5002
12.92,5001
12.93,5000
12.94,4999
12.95,4998
12.96,4997
12.97,4996
12.98,4995
12.99,4994
13.00,4993
13.01,4992
13.03,4991
13.04,4990
13.05,4989
13.06,4988
13.07,4987
13.08,4986
13.09,4985
13.10,4984
13.11,4983
13.12,4982
13.13,4981
13.14,4980
13.15,4979
13.16,4978
13.17,4977
13.18,4976
13.19,4975
13.20,4974
13.21,4973
13.23,4972
13.24,4971
13.25,4970
13.26,4969
13.27,4968
13.28,4967
13.29,4966
13.30,4965
13.31,4964
13.32,4963
13.33,4962
13.34,4961
13.35,4960
13.36,4959
13.37,4958
13.38,4957
13.40,4956
13.41,4955
13.42,4954
13.43,4953
13.44,4952
13.45,4951
13.46,4950
13.47,4949
13.48,4948
13.49,4947
13.51,4946
13.52,4945
13.53,4944
13.54,4943
13.55,4942
13.56,4941
13.57,4940
13.58,4939
13.59,4938
13.60,4937
13.61,4936
13.62,4935
13.63,4934
13.64,4933
13.65,4932
13.66,4931
13.67,4930
13.68,4929
13.69,4928
13.70,4927
13.72,4926
13.73,4925
13.74,4924
13.75,4923
13.76,4922
13.77,4921
13.78,4920
13.79,4919
13.80,4918
13.81,4917
13.82,4916
13.83,4915
13.84,4914
13.85,4913
13.86,4912
13.87,4911
13.89,4910
13.90,4909
13.91,4908
13.92,4907
13.93,4906
13.94,4905
13.95,4904
13.96,4903
13.97,4902
13.98,4901
13.99,4900
14.00,4899
14.01,4898
14.02,4897
14.03,4896
14.04,4895
14.05,4894
14.06,4893
14.07,4892
14.09,4891
14.10,4890
14.11,4889
14.12,4888
14.13,4887
14.14,4886
14.15,4885
14.17,4884
14.18,4883
14.19,4882
14.20,4881
14.21,4880
14.22,4879
14.23,4878
14.24,4877
14.25,4876
14.26,4875
14.27,4874
14.29,4873
14.30,4872
14.31,4871
14.32,4870
14.33,4869
14.34,4868
14.35,4867
14.36,4866
14.37,4865
14.38,4864
14.39,4863
14.40,4862
14.41,4861
14.42,4860
14.43,4859
14.44,4858
14.46,4857
14.47,4856
14.48,4855
14.49,4854
14.50,4853
14.51,4852
14.52,4851
14.53,4850
14.54,4849
14.55,4848
14.56,4847
14.57,4846
14.58,4845
14.59,4844
14.61,4843
14.61,4842
14.62,4841
14.64,4840
14.65,4839
14.66,4838
14.67,4837
14.68,4836
14.69,4835
14.70,4834
14.71,4833
14.72,4832
14.73,4831
14.74,4830
14.75,4829
14.76,4828
14.77,4827
14.78,4826
14.79,4825
14.80,4824
14.81,4823
14.82,4822
14.83,4821
14.84,4820
14.86,4819
14.87,4818
14.88,4817
14.89,4816
14.90,4815
14.91,4814
14.92,4813
14.93,4812
14.94,4811
14.95,4810
14.96,4809
14.97,4808
14.98,4807
14.99,4806
15.00,4805
15.01,4804
15.02,4803
15.03,4802
15.04,4801
15.06,4800
15.07,4799
15.08,4798
15.09,4797
15.10,4796
15.11,4795
15.12,4794
15.13,4793
15.14,4792
15.15,4791
15.16,4790
15.18,4789
15.19,4788
15.20,4787
15.21,4786
15.22,4785
15.23,4784
15.24,4783
15.25,4782
15.26,4781
15.27,4780
15.28,4779
15.29,4778
15.30,4777
15.31,4776
15.32,4775
15.33,4774
15.34,4773
15.35,4772
15.36,4771
15.37,4770
15.38,4769
15.39,4768
15.40,4767
15.42,4766
15.43,4765
15.44,4764
15.45,4763
15.46,4762
15.47,4761
15.48,4760
15.49,4759
15.50,4758
15.51,4757
15.52,4756
15.53,4755
15.54,4754
15.55,4753
15.56,4752
15.57,4751
15.58,4750
15.59,4749
15.60,4748
15.61,4747
15.62,4746
15.63,4745
15.64,4744
15.65,4743
15.66,4742
15.67,4741
15.68,4740
15.69,4739
15.70,4738
15.71,4737
15.72,4736
15.73,4735
15.74,4734
15.75,4733
15.76,4732
15.77,4731
15.78,4730
15.79,4729
15.80,4728
15.82,4727
15.83,4726
15.84,4725
15.85,4724
15.86,4723
15.87,4722
15.88,4721
15.89,4720
15.90,4719
15.91,4718
15.92,4717
15.93,4716
15.94,4715
15.95,4714
15.96,4713
15.97,4712
15.98,4711
15.99,4710
16.00,4709
16.01,4708
16.02,4707
16.03,4706
16.04,4705
16.05,4704
16.06,4703
16.07,4702
16.08,4701
16.09,4700
16.11,4699
16.12,4698
16.13,4697
16.14,4696
16.15,4695
16.16,4694
16.17,4693
16.18,4692
16.19,4691
16.20,4690
16.21,4689
16.22,4688
16.23,4687
16.24,4686
16.25,4685
16.26,4684
16.27,4683
16.28,4682
16.29,4681
16.31,4680
16.32,4679
16.33,4678
16.34,4677
16.35,4676
16.36,4675
16.37,4674
16.38,4673
16.39,4672
16.40,4671
16.41,4670
16.42,4669
16.43,4668
16.44,4667
16.45,4666
16.46,4665
16.47,4664
16.48,4663
16.49,4662
16.50,4661
16.51,4660
16.52,4659
16.53,4658
16.54,4657
16.55,4656
16.56,4655
16.57,4654
16.58,4653
16.59,4652
16.60,4651
16.61,4650
16.62,4649
16.64,4648
16.65,4647
16.66,4646
16.67,4645
16.68,4644
16.69,4643
16.70,4642
16.71,4641
16.72,4640
16.73,4639
16.74,4638
16.75,4637
16.76,4636
16.77,4635
16.78,4634
16.79,4633
16.80,4632
16.81,4631
16.82,4630
16.83,4629
16.84,4628
16.85,4627
16.86,4626
16.87,4625
16.88,4624
16.89,4623
16.90,4622
16.91,4621
16.93,4620
16.94,4619
16.95,4618
16.96,4617
16.97,4616
16.98,4615
16.99,4614
17.00,4613
17.01,4612
17.02,4611
17.03,4610
17.04,4609
17.05,4608
17.06,4607
17.07,4606
17.08,4605
17.09,4604
17.10,4603
17.11,4602
17.12,4601
17.13,4600
17.14,4599
17.15,4598
17.16,4597
17.17,4596
17.18,4595
17.19,4594
17.20,4593
17.21,4592
17.22,4591
17.23,4590
17.24,4589
17.25,4588
17.26,4587
17.27,4586
17.28,4585
17.29,4584
17.30,4583
17.32,4582
17.33,4581
17.34,4580
17.34,4579
17.35,4578
17.36,4577
17.37,4576
17.38,4575
17.39,4574
17.40,4573
17.41,4572
17.42,4571
17.43,4570
17.44,4569
17.45,4568
17.47,4567
17.48,4566
17.49,4565
17.50,4564
17.51,4563
17.52,4562
17.53,4561
17.54,4560
17.55,4559
17.56,4558
17.57,4557
17.58,4556
17.59,4555
17.60,4554
17.61,4553
17.62,4552
17.63,4551
17.64,4550
17.65,4549
17.66,4548
17.67,4547
17.68,4546
17.69,4545
17.70,4544
17.71,4543
17.72,4542
17.73,4541
17.74,4540
17.75,4539
17.76,4538
17.77,4537
17.78,4536
17.79,4535
17.80,4534
17.82,4533
17.83,4532
17.84,4531
17.85,4530
17.86,4529
17.87,4528
17.88,4527
17.89,4526
17.90,4525
17.91,4524
17.92,4523
17.93,4522
17.94,4521
17.95,4520
17.96,4519
17.97,4518
17.98,4517
17.99,4516
18.00,4515
18.01,4514
18.02,4513
18.03,4512
18.04,4511
18.05,4510
18.06,4509
18.07,4508
18.08,4507
18.09,4506
18.10,4505
18.12,4504
18.13,4503
18.14,4502
18.15,4501
18.16,4500
18.17,4499
18.18,4498
18.19,4497
18.20,4496
18.21,4495
18.22,4494
18.23,4493
18.24,4492
18.25,4491
18.26,4490
18.27,4489
18.28,4488
18.29,4487
18.30,4486
18.31,4485
18.32,4484
18.33,4483
18.34,4482
18.35,4481
18.36,4480
18.37,4479
18.38,4478
18.39,4477
18.40,4476
18.41,4475
18.42,4474
18.44,4473
18.45,4472
18.46,4471
18.47,4470
18.48,4469
18.49,4468
18.50,4467
18.51,4466
18.52,4465
18.53,4464
18.54,4463
18.55,4462
18.56,4461
18.57,4460
18.58,4459
18.59,4458
18.60,4457
18.61,4456
18.62,4455
18.63,4454
18.64,4453
18.65,4452
18.66,4451
18.67,4450
18.69,4449
18.70,4448
18.71,4447
18.72,4446
18.73,4445
18.74,4444
18.75,4443
18.76,4442
18.77,4441
18.78,4440
18.79,4439
18.80,4438
18.81,4437
18.82,4436
18.83,4435
18.84,4434
18.85,4433
18.86,4432
18.87,4431
18.88,4430
18.89,4429
18.90,4428
18.91,4427
18.92,4426
18.93,4425
18.94,4424
18.95,4423
18.96,4422
18.97,4421
18.98,4420
18.99,4419
19.00,4418
19.01,4417
19.02,4416
19.03,4415
19.04,4414
19.05,4413
19.06,4412
19.07,4411
19.08,4410
19.09,4409
19.10,4408
19.11,4407
19.12,4406
19.14,4405
19.15,4404
19.16,4403
19.17,4402
19.18,4401
19.19,4400
19.20,4399
19.21,4398
19.22,4397
19.23,4396
19.24,4395
19.25,4394
19.26,4393
19.27,4392
19.28,4391
19.29,4390
19.30,4389
19.31,4388
19.32,4387
19.33,4386
19.34,4385
19.35,4384
19.36,4383
19.37,4382
19.38,4381
19.39,4380
19.40,4379
19.41,4378
19.42,4377
19.43,4376
19.44,4375
19.45,4374
19.47,4373
19.48,4372
19.49,4371
19.50,4370
19.51,4369
19.52,4368
19.53,4367
19.54,4366
19.55,4365
19.56,4364
19.57,4363
19.58,4362
19.59,4361
19.60,4360
19.61,4359
19.62,4358
19.63,4357
19.64,4356
19.65,4355
19.66,4354
19.67,4353
19.68,4352
19.69,4351
19.70,4350
19.71,4349
19.72,4348
19.73,4347
19.74,4346
19.75,4345
19.76,4344
19.77,4343
19.78,4342
19.79,4341
19.80,4340
19.81,4339
19.82,4338
19.83,4337
19.84,4336
19.85,4335
19.86,4334
19.86,4333
19.87,4332
19.88,4331
19.89,4330
19.91,4329
19.92,4328
19.92,4327
19.93,4326
19.94,4325
19.95,4324
19.96,4323
19.97,4322
19.98,4321
19.99,4320
20.00,4319
20.01,4318
20.02,4317
20.03,4316
20.04,4315
20.06,4314
20.06,4313
20.08,4312
20.09,4311
20.10,4310
20.10,4309
20.12,4308
20.12,4307
20.13,4306
20.14,4305
20.15,4304
20.17,4303
20.17,4302
20.18,4301
20.19,4300
20.20,4299
20.22,4298
20.23,4297
20.24,4296
20.25,4295
20.26,4294
20.27,4293
20.28,4292
20.29,4291
20.30,4290
20.31,4289
20.32,4288
20.33,4287
20.34,4286
20.35,4285
20.36,4284
20.37,4283
20.38,4282
20.39,4281
20.40,4280
20.41,4279
20.42,4278
20.43,4277
20.44,4276
20.45,4275
20.46,4274
20.47,4273
20.48,4272
20.49,4271
20.50,4270
20.51,4269
20.52,4268
20.53,4267
20.54,4266
20.55,4265
20.56,4264
20.57,4263
20.58,4262
20.59,4261
20.60,4260
20.61,4259
20.62,4258
20.63,4257
20.64,4256
20.65,4255
20.66,4254
20.67,4253
20.68,4252
20.69,4251
20.70,4250
20.71,4249
20.72,4248
20.73,4247
20.74,4246
20.75,4245
20.76,4244
20.77,4243
20.78,4242
20.79,4241
20.80,4240
20.81,4239
20.82,4238
20.83,4237
20.84,4236
20.85,4235
20.86,4234
20.87,4233
20.88,4232
20.89,4231
20.90,4230
20.91,4229
20.92,4228
20.93,4227
20.94,4226
20.95,4225
20.96,4224
20.97,4223
20.98,4222
20.99,4221
20.99,4220
21.00,4219
21.01,4218
21.02,4217
21.03,4216
21.04,4215
21.05,4214
21.06,4213
21.07,4212
21.09,4211
21.09,4210
21.11,4209
21.12,4208
21.13,4207
21.14,4206
21.14,4205
21.15,4204
21.16,4203
21.17,4202
21.18,4201
21.19,4200
21.20,4199
21.21,4198
21.22,4197
21.23,4196
21.24,4195
21.25,4194
21.26,4193
21.27,4192
21.28,4191
21.29,4190
21.30,4189
21.31,4188
21.32,4187
21.33,4186
21.34,4185
21.35,4184
21.36,4183
21.37,4182
21.38,4181
21.39,4180
21.40,4179
21.41,4178
21.42,4177
21.43,4176
21.44,4175
21.45,4174
21.46,4173
21.47,4172
21.48,4171
21.49,4170
21.50,4169
21.51,4168
21.52,4167
21.53,4166
21.54,4165
21.55,4164
21.56,4163
21.58,4162
21.59,4161
21.59,4160
21.60,4159
21.61,4158
21.62,4157
21.63,4156
21.64,4155
21.65,4154
21.66,4153
21.67,4152
21.68,4151
21.69,4150
21.70,4149
21.71,4148
21.72,4147
21.73,4146
21.74,4145
21.75,4144
21.76,4143
21.77,4142
21.78,4141
21.79,4140
21.80,4139
21.82,4138
21.83,4137
21.84,4136
21.85,4135
21.86,4134
21.87,4133
21.88,4132
21.89,4131
21.89,4130
21.90,4129
21.91,4128
21.92,4127
21.93,4126
21.94,4125
21.95,4124
21.96,4123
21.97,4122
21.98,4121
21.99,4120
22.00,4119
22.01,4118
22.02,4117
22.03,4116
22.04,4115
22.05,4114
22.06,4113
22.07,4112
22.08,4111
22.09,4110
22.10,4109
22.11,4108
22.12,4107
22.13,4106
22.14,4105
22.15,4104
22.16,4103
22.17,4102
22.18,4101
22.19,4100
22.20,4099
22.21,4098
22.22,4097
22.23,4096
22.24,4095
22.25,4094
22.26,4093
22.27,4092
22.28,4091
22.29,4090
22.30,4089
22.31,4088
22.32,4087
22.33,4086
22.34,4085
22.35,4084
22.36,4083
22.37,4082
22.39,4081
22.40,4080
22.41,4079
22.42,4078
22.43,4077
22.44,4076
22.45,4075
22.46,4074
22.47,4073
22.48,4072
22.49,4071
22.50,4070
22.51,4069
22.52,4068
22.53,4067
22.54,4066
22.55,4065
22.56,4064
22.57,4063
22.58,4062
22.59,4061
22.60,4060
22.61,4059
22.62,4058
22.63,4057
22.64,4056
22.65,4055
22.66,4054
22.67,4053
22.67,4052
22.68,4051
22.69,4050
22.70,4049
22.71,4048
22.72,4047
22.73,4046
22.74,4045
22.75,4044
22.76,4043
22.77,4042
22.78,4041
22.79,4040
22.80,4039
22.81,4038
22.82,4037
22.83,4036
22.84,4035
22.85,4034
22.86,4033
22.87,4032
22.88,4031
22.89,4030
22.90,4029
22.91,4028
22.92,4027
22.93,4026
22.94,4025
22.95,4024
22.96,4023
22.97,4022
22.98,4021
22.99,4020
23.00,4019
23.01,4018
23.02,4017
23.03,4016
23.04,4015
23.05,4014
23.06,4013
23.07,4012
23.07,4011
23.08,4010
23.09,4009
23.10,4008
23.11,4007
23.12,4006
23.13,4005
23.14,4004
23.15,4003
23.16,4002
23.17,4001
23.18,4000
23.19,3999
23.20,3998
23.21,3997
23.22,3996
23.23,3995
23.24,3994
23.25,3993
23.26,3992
23.27,3991
23.28,3990
23.29,3989
23.30,3988
23.31,3987
23.32,3986
23.33,3985
23.34,3984
23.35,3983
23.36,3982
23.37,3981
23.38,3980
23.39,3979
23.40,3978
23.41,3977
23.42,3976
23.43,3975
23.44,3974
23.45,3973
23.46,3972
23.47,3971
23.48,3970
23.49,3969
23.50,3968
23.51,3967
23.52,3966
23.53,3965
23.54,3964
23.55,3963
23.56,3962
23.57,3961
23.58,3960
23.58,3959
23.59,3958
23.60,3957
23.61,3956
23.62,3955
23.63,3954
23.64,3953
23.65,3952
23.66,3951
23.67,3950
23.68,3949
23.69,3948
23.70,3947
23.71,3946
23.72,3945
23.73,3944
23.74,3943
23.74,3942
23.75,3941
23.76,3940
23.77,3939
23.78,3938
23.79,3937
23.80,3936
23.81,3935
23.82,3934
23.83,3933
23.84,3932
23.85,3931
23.86,3930
23.87,3929
23.88,3928
23.89,3927
23.90,3926
23.91,3925
23.92,3924
23.93,3923
23.94,3922
23.95,3921
23.96,3920
23.96,3919
23.97,3918
23.98,3917
23.99,3916
24.00,3915
24.01,3914
24.02,3913
24.03,3912
24.04,3911
24.05,3910
24.06,3909
24.07,3908
24.08,3907
24.09,3906
24.10,3905
24.11,3904
24.12,3903
24.13,3902
24.14,3901
24.15,3900
24.16,3899
24.17,3898
24.18,3897
24.19,3896
24.20,3895
24.21,3894
24.22,3893
24.23,3892
24.24,3891
24.25,3890
24.26,3889
24.27,3888
24.28,3887
24.29,3886
24.29,3885
24.30,3884
24.31,3883
24.32,3882
24.33,3881
24.34,3880
24.35,3879
24.36,3878
24.37,3877
24.38,3876
24.39,3875
24.40,3874
24.41,3873
24.42,3872
24.43,3871
24.44,3870
24.45,3869
24.46,3868
24.47,3867
24.48,3866
24.49,3865
24.50,3864
24.51,3863
24.52,3862
24.53,3861
24.54,3860
24.55,3859
24.56,3858
24.57,3857
24.58,3856
24.59,3855
24.60,3854
24.61,3853
24.61,3852
24.62,3851
24.63,3850
24.64,3849
24.65,3848
24.66,3847
24.67,3846
24.68,3845
24.69,3844
24.70,3843
24.71,3842
24.72,3841
24.73,3840
24.74,3839
24.75,3838
24.76,3837
24.77,3836
24.78,3835
24.79,3834
24.80,3833
24.81,3832
24.82,3831
24.83,3830
24.84,3829
24.84,3828
24.85,3827
24.86,3826
24.87,3825
24.88,3824
24.89,3823
24.90,3822
24.91,3821
24.92,3820
24.93,3819
24.94,3818
24.95,3817
24.96,3816
24.97,3815
24.98,3814
24.99,3813
25.00,3812
25.00,3811
25.01,3810
25.02,3809
25.03,3808
25.04,3807
25.05,3806
25.06,3805
25.07,3804
25.08,3803
25.09,3802
25.10,3801
25.11,3800
25.12,3799
25.13,3798
25.14,3797
25.15,3796
25.16,3795
25.17,3794
25.18,3793
25.19,3792
25.20,3791
25.21,3790
25.22,3789
25.23,3788
25.24,3787
25.25,3786
25.26,3785
25.27,3784
25.28,3783
25.29,3782
25.29,3781
25.30,3780
25.31,3779
25.32,3778
25.33,3777
25.34,3776
25.35,3775
25.36,3774
25.37,3773
25.38,3772
25.39,3771
25.40,3770
25.41,3769
25.42,3768
25.43,3767
25.44,3766
25.45,3765
25.46,3764
25.47,3763
25.48,3762
25.49,3761
25.50,3760
25.51,3759
25.52,3758
25.53,3757
25.54,3756
25.55,3755
25.56,3754
25.57,3753
25.58,3752
25.59,3751
25.60,3750
25.60,3749
25.61,3748
25.62,3747
25.63,3746
25.64,3745
25.65,3744
25.66,3743
25.67,3742
25.68,3741
25.69,3740
25.70,3739
25.71,3738
25.72,3737
25.73,3736
25.74,3735
25.75,3734
25.76,3733
25.77,3732
25.78,3731
25.79,3730
25.80,3729
25.81,3728
25.82,3727
25.82,3726
25.83,3725
25.84,3724
25.85,3723
25.86,3722
25.87,3721
25.88,3720
25.89,3719
25.90,3718
25.91,3717
25.92,3716
25.93,3715
25.94,3714
25.95,3713
25.96,3712
25.97,3711
25.98,3710
25.99,3709
25.99,3708
26.00,3707
26.01,3706
26.02,3705
26.03,3704
26.04,3703
26.05,3702
26.06,3701
26.07,3700
26.08,3699
26.09,3698
26.10,3697
26.11,3696
26.12,3695
26.12,3694
26.13,3693
26.14,3692
26.15,3691
26.16,3690
26.17,3689
26.18,3688
26.19,3687
26.20,3686
26.21,3685
26.22,3684
26.23,3683
26.24,3682
26.25,3681
26.26,3680
26.27,3679
26.28,3678
26.29,3677
26.30,3676
26.31,3675
26.32,3674
26.32,3673
26.33,3672
26.34,3671
26.35,3670
26.36,3669
26.37,3668
26.38,3667
26.39,3666
26.40,3665
26.41,3664
26.42,3663
26.43,3662
26.44,3661
26.45,3660
26.46,3659
26.47,3658
26.48,3657
26.49,3656
26.50,3655
26.51,3654
26.52,3653
26.53,3652
26.54,3651
26.55,3650
26.56,3649
26.56,3648
26.57,3647
26.58,3646
26.59,3645
26.60,3644
26.61,3643
26.62,3642
26.63,3641
26.64,3640
26.65,3639
26.66,3638
26.67,3637
26.68,3636
26.69,3635
26.70,3634
26.71,3633
26.72,3632
26.73,3631
26.74,3630
26.75,3629
26.76,3628
26.77,3627
26.77,3626
26.78,3625
26.79,3624
26.80,3623
26.81,3622
26.82,3621
26.83,3620
26.84,3619
26.85,3618
26.86,3617
26.87,3616
26.88,3615
26.89,3614
26.90,3613
26.90,3612
26.91,3611
26.92,3610
26.93,3609
26.94,3608
26.95,3607
26.96,3606
26.97,3605
26.98,3604
26.99,3603
27.00,3602
27.01,3601
27.02,3600
27.03,3599
27.03,3598
27.04,3597
27.05,3596
27.06,3595
27.07,3594
27.08,3593
27.09,3592
27.10,3591
27.11,3590
27.12,3589
27.13,3588
27.14,3587
27.15,3586
27.16,3585
27.17,3584
27.18,3583
27.19,3582
27.20,3581
27.21,3580
27.22,3579
27.23,3578
27.24,3577
27.25,3576
27.26,3575
27.26,3574
27.27,3573
27.28,3572
27.29,3571
27.30,3570
27.31,3569
27.32,3568
27.33,3567
27.34,3566
27.35,3565
27.36,3564
27.37,3563
27.38,3562
27.39,3561
27.40,3560
27.41,3559
27.42,3558
27.43,3557
27.44,3556
27.45,3555
27.46,3554
27.47,3553
27.48,3552
27.49,3551
27.50,3550
27.50,3549
27.51,3548
27.52,3547
27.53,3546
27.54,3545
27.55,3544
27.56,3543
27.57,3542
27.58,3541
27.59,3540
27.60,3539
27.61,3538
27.62,3537
27.63,3536
27.64,3535
27.65,3534
27.65,3533
27.66,3532
27.67,3531
27.68,3530
27.69,3529
27.70,3528
27.71,3527
27.72,3526
27.73,3525
27.74,3524
27.75,3523
27.76,3522
27.77,3521
27.78,3520
27.79,3519
27.80,3518
27.80,3517
27.81,3516
27.82,3515
27.83,3514
27.84,3513
27.85,3512
27.86,3511
27.87,3510
27.88,3509
27.89,3508
27.90,3507
27.91,3506
27.92,3505
27.93,3504
27.93,3503
27.94,3502
27.95,3501
27.96,3500
27.97,3499
27.98,3498
27.99,3497
28.00,3496
28.01,3495
28.02,3494
28.03,3493
28.04,3492
28.05,3491
28.06,3490
28.07,3489
28.08,3488
28.08,3487
28.09,3486
28.10,3485
28.11,3484
28.12,3483
28.13,3482
28.14,3481
28.15,3480
28.16,3479
28.17,3478
28.18,3477
28.19,3476
28.20,3475
28.21,3474
28.22,3473
28.22,3472
28.24,3471
28.24,3470
28.25,3469
28.26,3468
28.27,3467
28.28,3466
28.29,3465
28.30,3464
28.31,3463
28.32,3462
28.33,3461
28.34,3460
28.35,3459
28.36,3458
28.36,3457
28.37,3456
28.38,3455
28.42,3454
28.43,3453
28.43,3452
28.44,3451
28.45,3450
28.46,3449
28.47,3448
28.48,3447
28.49,3446
28.50,3445
28.51,3444
28.52,3443
28.53,3442
28.54,3441
28.55,3440
28.56,3439
28.57,3438
28.58,3437
28.59,3436
28.60,3435
28.61,3434
28.62,3433
28.63,3432
28.64,3431
28.65,3430
28.65,3429
28.66,3428
28.67,3427
28.68,3426
28.69,3425
28.70,3424
28.71,3423
28.72,3422
28.73,3421
28.74,3420
28.75,3419
28.76,3418
28.77,3417
28.78,3416
28.78,3415
28.79,3414
28.80,3413
28.81,3412
28.82,3411
28.83,3410
28.84,3409
28.85,3408
28.86,3407
28.87,3406
28.88,3405
28.89,3404
28.90,3403
28.91,3402
28.91,3401
28.92,3400
28.93,3399
28.94,3398
28.95,3397
28.96,3396
28.97,3395
28.98,3394
28.99,3393
29.00,3392
29.00,3391
29.01,3390
29.02,3389
29.03,3388
29.04,3387
29.05,3386
29.06,3385
29.07,3384
29.08,3383
29.09,3382
29.10,3381
29.11,3380
29.12,3379
29.13,3378
29.14,3377
29.14,3376
29.15,3375
29.16,3374
29.17,3373
29.18,3372
29.19,3371
29.20,3370
29.21,3369
29.22,3368
29.23,3367
29.24,3366
29.25,3365
29.26,3364
29.27,3363
29.27,3362
29.28,3361
29.29,3360
