0.51,6038
0.75,5978
0.82,5919
0.90,5860
1.01,5802
1.11,5744
1.18,5687
1.23,5631
1.29,5575
1.36,5520
1.43,5465
1.53,5411
1.62,5357
1.70,5304
1.79,5251
1.88,5199
1.97,5148
2.05,5097
2.14,5047
2.20,4997
2.25,4948
2.29,4899
2.39,4851
2.48,4803
2.55,4755
2.58,4708
2.63,4661
2.67,4615
2.74,4569
2.78,4524
2.83,4479
2.86,4435
2.90,4391
2.94,4348
2.98,4305
3.04,4262
3.10,4220
3.11,4178
3.13,4137
3.16,4096
3.19,4056
3.25,4016
3.29,3976
3.32,3937
3.36,3898
3.40,3860
3.43,3822
3.46,3784
3.49,3747
3.52,3710
3.58,3673
3.62,3637
3.66,3601
3.67,3565
3.70,3530
3.74,3495
3.77,3461
3.85,3427
3.88,3393
