0.49,6010
0.60,6009
0.63,6008
0.66,6007
0.68,6006
0.70,6005
0.73,6004
0.74,6003
0.76,6002
0.77,6001
0.79,6000
0.80,5999
0.81,5998
0.83,5997
0.84,5996
0.85,5995
0.86,5994
0.87,5993
0.89,5992
0.90,5991
0.91,5990
0.93,5989
0.94,5988
0.95,5987
0.96,5986
0.97,5985
0.98,5984
0.99,5983
1.00,5982
1.01,5981
1.02,5980
1.03,5979
1.04,5978
1.05,5977
1.06,5976
1.08,5975
1.09,5974
1.10,5973
1.11,5972
1.12,5971
1.13,5970
1.14,5969
1.16,5968
1.17,5967
1.18,5966
1.19,5965
1.20,5964
1.21,5963
1.23,5962
1.24,5961
1.25,5960
1.26,5959
1.28,5958
1.29,5957
1.30,5956
1.31,5955
1.33,5954
1.34,5953
1.35,5952
1.36,5951
1.38,5950
1.39,5949
1.41,5948
1.42,5947
1.43,5946
1.44,5945
1.46,5944
1.47,5943
1.48,5942
1.49,5941
1.50,5940
1.51,5939
1.52,5938
1.53,5937
1.54,5936
1.55,5935
1.57,5934
1.58,5933
1.59,5932
1.60,5931
1.61,5930
1.62,5929
1.64,5928
1.65,5927
1.67,5926
1.68,5925
1.69,5924
1.70,5923
1.71,5922
1.72,5921
1.73,5920
1.74,5919
1.75,5918
1.77,5917
1.78,5916
1.79,5915
1.80,5914
1.81,5913
1.82,5912
1.83,5911
1.84,5910
1.85,5909
1.87,5908
1.88,5907
1.89,5906
1.90,5905
1.91,5904
1.92,5903
1.93,5902
1.94,5901
1.95,5900
1.97,5899
1.99,5898
2.00,5897
2.01,5896
2.04,5895
2.06,5894
2.07,5893
2.08,5892
2.09,5891
2.10,5890
2.11,5889
2.12,5888
2.13,5887
2.14,5886
2.15,5885
2.16,5884
2.17,5883
2.18,5882
2.19,5881
2.20,5880
2.21,5879
2.22,5878
2.23,5877
2.24,5876
2.25,5875
2.27,5874
2.28,5873
2.29,5872
2.30,5871
2.31,5870
2.32,5869
2.33,5868
2.34,5867
2.35,5866
2.36,5865
2.38,5864
2.39,5863
2.40,5862
2.41,5861
2.42,5860
2.43,5859
2.44,5858
2.45,5857
2.47,5856
2.48,5855
2.49,5854
2.50,5853
2.51,5852
2.52,5851
2.53,5850
2.54,5849
2.55,5848
2.56,5847
2.57,5846
2.58,5845
2.59,5844
2.60,5843
2.63,5842
2.64,5841
2.65,5840
2.66,5839
2.67,5838
2.68,5837
2.69,5836
2.70,5835
2.71,5834
2.72,5833
2.73,5832
2.75,5831
2.76,5830
2.77,5829
2.78,5828
2.79,5827
2.80,5826
2.81,5825
2.83,5824
2.84,5823
2.85,5822
2.87,5821
2.88,5820
2.89,5819
2.90,5818
2.91,5817
2.93,5816
2.94,5815
2.95,5814
2.96,5813
2.98,5812
2.99,5811
3.00,5810
3.01,5809
3.02,5808
3.03,5807
3.04,5806
3.06,5805
3.07,5804
3.08,5803
3.09,5802
3.10,5801
3.12,5800
3.13,5799
3.15,5798
3.16,5797
3.17,5796
3.18,5795
3.20,5794
3.21,5793
3.22,5792
3.23,5791
3.25,5790
3.26,5789
3.27,5788
3.28,5787
3.29,5786
3.31,5785
3.32,5784
3.33,5783
3.35,5782
3.36,5781
3.38,5780
3.39,5779
3.40,5778
3.41,5777
3.42,5776
3.44,5775
3.45,5774
3.46,5773
3.47,5772
3.48,5771
3.49,5770
3.50,5769
3.52,5768
3.53,5767
3.54,5766
3.55,5765
3.56,5764
3.57,5763
3.58,5762
3.59,5761
3.60,5760
3.62,5759
3.63,5758
3.64,5757
3.65,5756
3.66,5755
3.67,5754
3.68,5753
3.69,5752
3.70,5751
3.71,5750
3.72,5749
3.73,5748
3.74,5747
3.75,5746
3.77,5745
3.78,5744
3.79,5743
3.80,5742
3.81,5741
3.82,5740
3.83,5739
3.85,5738
3.86,5737
3.87,5736
3.88,5735
3.89,5734
3.90,5733
3.91,5732
3.92,5731
3.94,5730
3.95,5729
3.96,5728
3.97,5727
3.98,5726
4.01,5725
4.02,5724
4.03,5723
4.04,5722
4.05,5721
4.06,5720
4.07,5719
4.08,5718
4.09,5717
4.11,5716
4.12,5715
4.13,5714
4.14,5713
4.15,5712
4.16,5711
4.17,5710
4.18,5709
4.19,5708
4.20,5707
4.22,5706
4.22,5705
4.24,5704
4.25,5703
4.26,5702
4.27,5701
4.28,5700
4.29,5699
4.30,5698
4.31,5697
4.33,5696
4.34,5695
4.35,5694
4.36,5693
4.37,5692
4.38,5691
4.39,5690
4.40,5689
4.42,5688
4.43,5687
4.44,5686
4.45,5685
4.46,5684
4.47,5683
4.48,5682
4.49,5681
4.51,5680
4.52,5679
4.53,5678
4.54,5677
4.55,5676
4.56,5675
4.57,5674
4.59,5673
4.60,5672
4.61,5671
4.62,5670
4.64,5669
4.66,5668
4.67,5667
4.68,5666
4.69,5665
4.70,5664
4.71,5663
4.72,5662
4.73,5661
4.74,5660
4.75,5659
4.77,5658
4.78,5657
4.79,5656
4.80,5655
4.81,5654
4.82,5653
4.83,5652
4.84,5651
4.85,5650
4.86,5649
4.88,5648
4.89,5647
4.90,5646
4.91,5645
4.92,5644
4.93,5643
4.94,5642
4.95,5641
4.96,5640
4.97,5639
4.98,5638
4.99,5637
5.00,5636
5.01,5635
5.02,5634
5.03,5633
5.04,5632
5.05,5631
5.06,5630
5.08,5629
5.09,5628
5.10,5627
5.11,5626
5.12,5625
5.13,5624
5.14,5623
5.16,5622
5.16,5621
5.18,5620
5.19,5619
5.20,5618
5.21,5617
5.22,5616
5.23,5615
5.24,5614
5.25,5613
5.26,5612
5.27,5611
5.29,5610
5.30,5609
5.31,5608
5.32,5607
5.33,5606
5.34,5605
5.35,5604
5.36,5603
5.37,5602
5.38,5601
5.39,5600
5.40,5599
5.41,5598
5.43,5597
5.44,5596
5.45,5595
5.47,5594
5.48,5593
5.49,5592
5.50,5591
5.51,5590
5.52,5589
5.53,5588
5.54,5587
5.55,5586
5.56,5585
5.57,5584
5.59,5583
5.60,5582
5.62,5581
5.63,5580
5.65,5579
5.66,5578
5.67,5577
5.69,5576
5.70,5575
5.71,5574
5.72,5573
5.73,5572
5.74,5571
5.75,5570
5.76,5569
5.77,5568
5.78,5567
5.79,5566
5.80,5565
5.82,5564
5.83,5563
5.84,5562
5.85,5561
5.86,5560
5.87,5559
5.88,5558
5.89,5557
5.90,5556
5.91,5555
5.92,5554
5.94,5553
5.95,5552
5.95,5551
5.97,5550
5.98,5549
5.99,5548
6.00,5547
6.01,5546
6.02,5545
6.03,5544
6.04,5543
6.05,5542
6.06,5541
6.07,5540
6.08,5539
6.10,5538
6.11,5537
6.12,5536
6.13,5535
6.14,5534
6.16,5533
6.17,5532
6.18,5531
6.19,5530
6.20,5529
6.22,5528
6.23,5527
6.24,5526
6.25,5525
6.26,5524
6.27,5523
6.29,5522
6.30,5521
6.31,5520
6.32,5519
6.34,5518
6.35,5517
6.36,5516
6.37,5515
6.39,5514
6.40,5513
6.41,5512
6.42,5511
6.44,5510
6.45,5509
6.46,5508
6.47,5507
6.49,5506
6.50,5505
6.51,5504
6.52,5503
6.53,5502
6.54,5501
6.56,5500
6.57,5499
6.58,5498
6.59,5497
6.61,5496
6.62,5495
6.63,5494
6.64,5493
6.66,5492
6.68,5491
6.69,5490
6.71,5489
6.72,5488
6.74,5487
6.75,5486
6.76,5485
6.77,5484
6.79,5483
6.80,5482
6.81,5481
6.82,5480
6.83,5479
6.84,5478
6.85,5477
6.87,5476
6.88,5475
6.89,5474
6.91,5473
6.92,5472
6.93,5471
6.94,5470
6.95,5469
6.97,5468
6.98,5467
6.99,5466
7.00,5465
7.02,5464
7.03,5463
7.04,5462
7.05,5461
7.06,5460
7.08,5459
7.09,5458
7.10,5457
7.11,5456
7.12,5455
7.14,5454
7.15,5453
7.16,5452
7.17,5451
7.18,5450
7.20,5449
7.21,5448
7.22,5447
7.23,5446
7.24,5445
7.26,5444
7.27,5443
7.28,5442
7.29,5441
7.30,5440
7.34,5439
7.35,5438
7.37,5437
7.38,5436
7.40,5435
7.42,5434
7.43,5433
7.44,5432
7.45,5431
7.46,5430
7.47,5429
7.48,5428
7.49,5427
7.50,5426
7.52,5425
7.53,5424
7.54,5423
7.55,5422
7.56,5421
7.57,5420
7.58,5419
7.59,5418
7.60,5417
7.61,5416
7.62,5415
7.64,5414
7.65,5413
7.66,5412
7.67,5411
7.69,5410
7.70,5409
7.71,5408
7.72,5407
7.73,5406
7.74,5405
7.75,5404
7.78,5403
7.79,5402
7.80,5401
7.81,5400
7.82,5399
7.83,5398
7.84,5397
7.85,5396
7.87,5395
7.87,5394
7.89,5393
7.90,5392
7.91,5391
7.92,5390
7.93,5389
8.00,5388
8.01,5387
8.02,5386
8.03,5385
8.04,5384
8.05,5383
8.06,5382
8.07,5381
8.08,5380
8.09,5379
8.10,5378
8.12,5377
8.13,5376
8.14,5375
8.15,5374
8.16,5373
8.17,5372
8.18,5371
8.19,5370
8.20,5369
8.21,5368
8.22,5367
8.23,5366
8.25,5365
8.26,5364
8.27,5363
8.28,5362
8.29,5361
8.30,5360
8.31,5359
8.32,5358
8.33,5357
8.35,5356
8.36,5355
8.37,5354
8.38,5353
8.39,5352
8.40,5351
8.41,5350
8.42,5349
8.43,5348
8.44,5347
8.46,5346
8.47,5345
8.48,5344
8.49,5343
8.50,5342
8.51,5341
8.52,5340
8.54,5339
8.55,5338
8.57,5337
8.58,5336
8.59,5335
8.60,5334
8.61,5333
8.62,5332
8.63,5331
8.64,5330
8.65,5329
8.66,5328
8.67,5327
8.68,5326
8.69,5325
8.71,5324
8.72,5323
8.73,5322
8.74,5321
8.75,5320
8.76,5319
8.80,5318
8.81,5317
8.82,5316
8.84,5315
8.85,5314
8.86,5313
8.87,5312
8.88,5311
8.89,5310
8.90,5309
8.92,5308
8.93,5307
8.94,5306
8.95,5305
8.96,5304
8.97,5303
8.98,5302
9.00,5301
9.01,5300
9.02,5299
9.03,5298
9.04,5297
9.05,5296
9.06,5295
9.07,5294
9.08,5293
9.09,5292
9.11,5291
9.12,5290
9.13,5289
9.14,5288
9.15,5287
9.16,5286
9.18,5285
9.18,5284
9.19,5283
9.20,5282
9.22,5281
9.23,5280
9.24,5279
9.25,5278
9.26,5277
9.27,5276
9.28,5275
9.29,5274
9.30,5273
9.31,5272
9.32,5271
9.33,5270
9.34,5269
9.35,5268
9.37,5267
9.38,5266
9.39,5265
9.42,5264
9.43,5263
9.44,5262
9.45,5261
9.46,5260
9.48,5259
9.49,5258
9.50,5257
9.51,5256
9.52,5255
9.53,5254
9.54,5253
9.55,5252
9.56,5251
9.57,5250
9.59,5249
9.60,5248
9.61,5247
9.62,5246
9.63,5245
9.64,5244
9.65,5243
9.66,5242
9.67,5241
9.69,5240
9.70,5239
9.71,5238
9.72,5237
9.73,5236
9.74,5235
9.75,5234
9.76,5233
9.77,5232
9.79,5231
9.80,5230
9.81,5229
9.82,5228
9.83,5227
9.84,5226
9.85,5225
9.86,5224
9.87,5223
9.88,5222
9.89,5221
9.91,5220
9.92,5219
9.93,5218
9.94,5217
9.95,5216
9.96,5215
9.97,5214
9.98,5213
9.99,5212
10.00,5211
10.01,5210
10.03,5209
10.04,5208
10.05,5207
10.06,5206
10.07,5205
10.08,5204
10.09,5203
10.10,5202
10.11,5201
10.12,5200
10.14,5199
10.15,5198
10.16,5197
10.17,5196
10.18,5195
10.19,5194
10.20,5193
10.21,5192
10.22,5191
10.24,5190
10.25,5189
10.26,5188
10.27,5187
10.28,5186
10.29,5185
10.30,5184
10.31,5183
10.32,5182
10.33,5181
10.34,5180
10.35,5179
10.37,5178
10.38,5177
10.39,5176
10.40,5175
10.41,5174
10.42,5173
10.43,5172
10.44,5171
10.45,5170
10.46,5169
10.48,5168
10.49,5167
10.50,5166
10.51,5165
10.52,5164
10.53,5163
10.54,5162
10.55,5161
10.56,5160
10.57,5159
10.58,5158
10.59,5157
10.60,5156
10.61,5155
10.62,5154
10.63,5153
10.64,5152
10.66,5151
10.67,5150
10.68,5149
10.69,5148
10.70,5147
10.71,5146
10.72,5145
10.73,5144
10.74,5143
10.75,5142
10.76,5141
10.77,5140
10.78,5139
10.79,5138
10.80,5137
10.81,5136
10.83,5135
10.84,5134
10.85,5133
10.86,5132
10.87,5131
10.88,5130
10.89,5129
10.90,5128
10.91,5127
10.93,5126
10.93,5125
10.95,5124
10.96,5123
10.97,5122
10.98,5121
10.99,5120
11.00,5119
11.01,5118
11.02,5117
11.03,5116
11.04,5115
11.05,5114
11.06,5113
11.07,5112
11.08,5111
11.09,5110
11.10,5109
11.11,5108
11.12,5107
11.13,5106
11.14,5105
11.15,5104
11.16,5103
11.18,5102
11.19,5101
11.20,5100
11.21,5099
11.22,5098
11.23,5097
11.24,5096
11.25,5095
11.26,5094
11.27,5093
11.28,5092
11.30,5091
11.31,5090
11.32,5089
11.33,5088
11.34,5087
11.35,5086
11.36,5085
11.37,5084
11.39,5083
11.40,5082
11.41,5081
11.42,5080
11.43,5079
11.44,5078
11.45,5077
11.46,5076
11.47,5075
11.48,5074
11.49,5073
11.50,5072
11.52,5071
11.53,5070
11.54,5069
11.55,5068
11.56,5067
11.57,5066
11.58,5065
11.59,5064
11.60,5063
11.61,5062
11.62,5061
11.64,5060
11.65,5059
11.67,5058
11.67,5057
11.68,5056
11.69,5055
11.71,5054
11.72,5053
11.73,5052
11.74,5051
11.75,5050
11.76,5049
11.77,5048
11.78,5047
11.79,5046
11.80,5045
11.81,5044
11.82,5043
11.84,5042
11.85,5041
11.86,5040
11.87,5039
11.88,5038
11.89,5037
11.90,5036
11.91,5035
11.92,5034
11.93,5033
11.94,5032
11.95,5031
11.96,5030
11.97,5029
11.99,5028
12.00,5027
12.01,5026
12.02,5025
12.03,5024
12.04,5023
12.05,5022
12.06,5021
12.07,5020
12.08,5019
12.09,5018
12.10,5017
12.11,5016
12.12,5015
12.13,5014
12.14,5013
12.15,5012
12.17,5011
12.18,5010
12.19,5009
12.20,5008
12.21,5007
12.22,5006
12.23,5005
12.24,5004
12.25,5003
12.26,5002
12.27,5001
12.28,5000
12.29,4999
12.30,4998
12.31,4997
12.32,4996
12.33,4995
12.34,4994
12.35,4993
12.37,4992
12.38,4991
12.39,4990
12.40,4989
12.41,4988
12.42,4987
12.43,4986
12.44,4985
12.45,4984
12.46,4983
12.47,4982
12.48,4981
12.49,4980
12.50,4979
12.51,4978
12.52,4977
12.53,4976
12.54,4975
12.56,4974
12.57,4973
12.58,4972
12.59,4971
12.60,4970
12.61,4969
12.62,4968
12.63,4967
12.64,4966
12.65,4965
12.66,4964
12.67,4963
12.68,4962
12.69,4961
12.70,4960
12.72,4959
12.73,4958
12.74,4957
12.75,4956
12.76,4955
12.77,4954
12.78,4953
12.79,4952
12.80,4951
12.81,4950
12.82,4949
12.83,4948
12.84,4947
12.85,4946
12.86,4945
12.87,4944
12.88,4943
12.89,4942
12.90,4941
12.91,4940
12.92,4939
12.93,4938
12.94,4937
12.95,4936
12.96,4935
12.97,4934
12.99,4933
12.99,4932
13.01,4931
13.02,4930
13.03,4929
13.04,4928
13.05,4927
13.06,4926
13.07,4925
13.08,4924
13.09,4923
13.10,4922
13.11,4921
13.12,4920
13.13,4919
13.14,4918
13.15,4917
13.16,4916
13.17,4915
13.18,4914
13.19,4913
13.20,4912
13.21,4911
13.22,4910
13.23,4909
13.24,4908
13.25,4907
13.26,4906
13.27,4905
13.28,4904
13.29,4903
13.30,4902
13.31,4901
13.32,4900
13.33,4899
13.34,4898
13.36,4897
13.37,4896
13.38,4895
13.39,4894
13.40,4893
13.41,4892
13.42,4891
13.43,4890
13.44,4889
13.45,4888
13.46,4887
13.47,4886
13.48,4885
13.49,4884
13.50,4883
13.51,4882
13.53,4881
13.54,4880
13.55,4879
13.56,4878
13.57,4877
13.58,4876
13.59,4875
13.60,4874
13.61,4873
13.62,4872
13.63,4871
13.64,4870
13.65,4869
13.66,4868
13.67,4867
13.68,4866
13.69,4865
13.70,4864
13.71,4863
13.73,4862
13.74,4861
13.75,4860
13.76,4859
13.77,4858
13.78,4857
13.79,4856
13.80,4855
13.81,4854
13.82,4853
13.83,4852
13.84,4851
13.85,4850
13.86,4849
13.87,4848
13.88,4847
13.89,4846
13.90,4845
13.91,4844
13.92,4843
13.93,4842
13.95,4841
13.96,4840
13.97,4839
13.98,4838
13.99,4837
14.00,4836
14.01,4835
14.02,4834
14.03,4833
14.04,4832
14.05,4831
14.06,4830
14.07,4829
14.08,4828
14.09,4827
14.10,4826
14.11,4825
14.12,4824
14.13,4823
14.14,4822
14.15,4821
14.16,4820
14.17,4819
14.18,4818
14.19,4817
14.20,4816
14.21,4815
14.22,4814
14.23,4813
14.24,4812
14.25,4811
14.26,4810
14.27,4809
14.28,4808
14.29,4807
14.30,4806
14.31,4805
14.32,4804
14.33,4803
14.34,4802
14.35,4801
14.36,4800
14.38,4799
14.39,4798
14.40,4797
14.41,4796
14.42,4795
14.43,4794
14.44,4793
14.45,4792
14.46,4791
14.47,4790
14.48,4789
14.49,4788
14.50,4787
14.51,4786
14.52,4785
14.53,4784
14.55,4783
14.56,4782
14.57,4781
14.58,4780
14.59,4779
14.60,4778
14.61,4777
14.62,4776
14.63,4775
14.64,4774
14.65,4773
14.66,4772
14.67,4771
14.68,4770
14.69,4769
14.70,4768
14.71,4767
14.72,4766
14.73,4765
14.74,4764
14.75,4763
14.76,4762
14.77,4761
14.78,4760
14.80,4759
14.81,4758
14.82,4757
14.83,4756
14.84,4755
14.85,4754
14.86,4753
14.87,4752
14.88,4751
14.89,4750
14.90,4749
14.91,4748
14.92,4747
14.93,4746
14.94,4745
14.95,4744
14.96,4743
14.97,4742
14.98,4741
14.99,4740
15.00,4739
15.01,4738
15.02,4737
15.04,4736
15.05,4735
15.06,4734
15.07,4733
15.08,4732
15.09,4731
15.10,4730
15.11,4729
15.12,4728
15.13,4727
15.14,4726
15.15,4725
15.16,4724
15.17,4723
15.18,4722
15.19,4721
15.20,4720
15.21,4719
15.22,4718
15.23,4717
15.24,4716
15.25,4715
15.26,4714
15.27,4713
15.28,4712
15.29,4711
15.30,4710
15.31,4709
15.32,4708
15.33,4707
15.34,4706
15.35,4705
15.36,4704
15.38,4703
15.39,4702
15.40,4701
15.41,4700
15.42,4699
15.43,4698
15.44,4697
15.45,4696
15.46,4695
15.47,4694
15.48,4693
15.49,4692
15.50,4691
15.51,4690
15.52,4689
15.53,4688
15.56,4687
15.57,4686
15.58,4685
15.59,4684
15.60,4683
15.61,4682
15.62,4681
15.63,4680
15.64,4679
15.65,4678
15.66,4677
15.67,4676
15.68,4675
15.69,4674
15.70,4673
15.71,4672
15.72,4671
15.74,4670
15.75,4669
15.76,4668
15.77,4667
15.78,4666
15.79,4665
15.80,4664
15.81,4663
15.82,4662
15.83,4661
15.84,4660
15.85,4659
15.86,4658
15.87,4657
15.88,4656
15.89,4655
15.90,4654
15.91,4653
15.92,4652
15.93,4651
15.94,4650
15.95,4649
15.96,4648
15.97,4647
15.98,4646
15.99,4645
16.00,4644
16.01,4643
16.02,4642
16.03,4641
16.04,4640
16.05,4639
16.06,4638
16.07,4637
16.08,4636
16.09,4635
16.10,4634
16.11,4633
16.12,4632
16.13,4631
16.14,4630
16.15,4629
16.16,4628
16.17,4627
16.18,4626
16.19,4625
16.20,4624
16.21,4623
16.22,4622
16.23,4621
16.24,4620
16.25,4619
16.26,4618
16.27,4617
16.28,4616
16.29,4615
16.30,4614
16.31,4613
16.32,4612
16.33,4611
16.34,4610
16.35,4609
16.36,4608
16.37,4607
16.39,4606
16.40,4605
16.41,4604
16.42,4603
16.43,4602
16.44,4601
16.45,4600
16.46,4599
16.47,4598
16.48,4597
16.49,4596
16.50,4595
16.51,4594
16.52,4593
16.53,4592
16.54,4591
16.55,4590
16.56,4589
16.57,4588
16.58,4587
16.59,4586
16.60,4585
16.61,4584
16.62,4583
16.63,4582
16.64,4581
16.65,4580
16.66,4579
16.67,4578
16.68,4577
16.69,4576
16.70,4575
16.71,4574
16.72,4573
16.73,4572
16.74,4571
16.75,4570
16.76,4569
16.77,4568
16.78,4567
16.80,4566
16.81,4565
16.82,4564
16.83,4563
16.84,4562
16.85,4561
16.86,4560
16.87,4559
16.88,4558
16.89,4557
16.90,4556
16.91,4555
16.92,4554
16.93,4553
16.94,4552
16.95,4551
16.96,4550
16.97,4549
16.98,4548
16.99,4547
17.00,4546
17.01,4545
17.02,4544
17.03,4543
17.04,4542
17.05,4541
17.06,4540
17.07,4539
17.08,4538
17.09,4537
17.10,4536
17.11,4535
17.12,4534
17.13,4533
17.14,4532
17.15,4531
17.16,4530
17.17,4529
17.18,4528
17.19,4527
17.20,4526
17.21,4525
17.22,4524
17.23,4523
17.24,4522
17.25,4521
17.26,4520
17.27,4519
17.28,4518
17.29,4517
17.30,4516
17.31,4515
17.32,4514
17.33,4513
17.34,4512
17.35,4511
17.36,4510
17.38,4509
17.39,4508
17.40,4507
17.41,4506
17.42,4505
17.43,4504
17.44,4503
17.45,4502
17.46,4501
17.47,4500
17.48,4499
17.49,4498
17.50,4497
17.51,4496
17.52,4495
17.53,4494
17.54,4493
17.55,4492
17.56,4491
17.57,4490
17.58,4489
17.59,4488
17.60,4487
17.61,4486
17.62,4485
17.63,4484
17.64,4483
17.65,4482
17.66,4481
17.67,4480
17.68,4479
17.69,4478
17.70,4477
17.71,4476
17.72,4475
17.73,4474
17.74,4473
17.75,4472
17.76,4471
17.77,4470
17.78,4469
17.79,4468
17.80,4467
17.81,4466
17.82,4465
17.83,4464
17.84,4463
17.85,4462
17.86,4461
17.87,4460
17.88,4459
17.89,4458
17.90,4457
17.91,4456
17.92,4455
17.93,4454
17.94,4453
17.95,4452
17.96,4451
17.97,4450
17.98,4449
17.99,4448
18.00,4447
18.01,4446
18.02,4445
18.03,4444
18.04,4443
18.05,4442
18.06,4441
18.07,4440
18.08,4439
18.09,4438
18.10,4437
18.11,4436
18.12,4435
18.13,4434
18.14,4433
18.15,4432
18.16,4431
18.17,4430
18.18,4429
18.19,4428
18.20,4427
18.21,4426
18.22,4425
18.23,4424
18.24,4423
18.25,4422
18.26,4421
18.26,4420
18.27,4419
18.28,4418
18.29,4417
18.30,4416
18.31,4415
18.32,4414
18.33,4413
18.34,4412
18.35,4411
18.36,4410
18.37,4409
18.38,4408
18.39,4407
18.40,4406
18.41,4405
18.42,4404
18.43,4403
18.44,4402
18.45,4401
18.46,4400
18.47,4399
18.48,4398
18.49,4397
18.50,4396
18.51,4395
18.52,4394
18.53,4393
18.54,4392
18.55,4391
18.56,4390
18.57,4389
18.58,4388
18.59,4387
18.60,4386
18.61,4385
18.62,4384
18.63,4383
18.64,4382
18.65,4381
18.66,4380
18.67,4379
18.68,4378
18.69,4377
18.70,4376
18.71,4375
18.72,4374
18.73,4373
18.74,4372
18.75,4371
18.76,4370
18.77,4369
18.78,4368
18.79,4367
18.80,4366
18.81,4365
18.82,4364
18.83,4363
18.84,4362
18.85,4361
18.86,4360
18.87,4359
18.89,4358
18.90,4357
18.90,4356
18.92,4355
18.93,4354
18.94,4353
18.95,4352
18.96,4351
18.96,4350
18.97,4349
18.98,4348
18.99,4347
19.00,4346
19.01,4345
19.02,4344
19.03,4343
19.04,4342
19.05,4341
19.06,4340
19.07,4339
19.08,4338
19.09,4337
19.10,4336
19.11,4335
19.12,4334
19.13,4333
19.14,4332
19.15,4331
19.16,4330
19.17,4329
19.18,4328
19.19,4327
19.20,4326
19.21,4325
19.22,4324
19.23,4323
19.24,4322
19.25,4321
19.26,4320
19.27,4319
19.28,4318
19.29,4317
19.30,4316
19.31,4315
19.32,4314
19.33,4313
19.34,4312
19.35,4311
19.36,4310
19.37,4309
19.38,4308
19.39,4307
19.40,4306
19.41,4305
19.42,4304
19.43,4303
19.44,4302
19.45,4301
19.46,4300
19.47,4299
19.48,4298
19.49,4297
19.50,4296
19.51,4295
19.52,4294
19.53,4293
19.54,4292
19.55,4291
19.56,4290
19.57,4289
19.58,4288
19.59,4287
19.60,4286
19.61,4285
19.62,4284
19.63,4283
19.64,4282
19.65,4281
19.66,4280
19.67,4279
19.68,4278
19.69,4277
19.70,4276
19.71,4275
19.72,4274
19.73,4273
19.74,4272
19.75,4271
19.76,4270
19.77,4269
19.78,4268
19.79,4267
19.80,4266
19.81,4265
19.82,4264
19.83,4263
19.84,4262
19.85,4261
19.86,4260
19.87,4259
19.88,4258
19.89,4257
19.90,4256
19.91,4255
19.92,4254
19.93,4253
19.94,4252
19.95,4251
19.96,4250
19.97,4249
19.98,4248
19.99,4247
20.00,4246
20.01,4245
20.02,4244
20.03,4243
20.04,4242
20.05,4241
20.06,4240
20.07,4239
20.08,4238
20.09,4237
20.10,4236
20.11,4235
20.12,4234
20.13,4233
20.14,4232
20.15,4231
20.16,4230
20.17,4229
20.18,4228
20.19,4227
20.20,4226
20.21,4225
20.22,4224
20.23,4223
20.24,4222
20.25,4221
20.26,4220
20.27,4219
20.28,4218
20.29,4217
20.30,4216
20.31,4215
20.32,4214
20.33,4213
20.34,4212
20.35,4211
20.36,4210
20.37,4209
20.38,4208
20.39,4207
20.40,4206
20.41,4205
20.42,4204
20.43,4203
20.44,4202
20.45,4201
20.46,4200
20.47,4199
20.48,4198
20.49,4197
20.50,4196
20.51,4195
20.52,4194
20.53,4193
20.54,4192
20.55,4191
20.56,4190
20.57,4189
20.58,4188
20.59,4187
20.60,4186
20.61,4185
20.62,4184
20.63,4183
20.64,4182
20.65,4181
20.66,4180
20.67,4179
20.68,4178
20.69,4177
20.70,4176
20.71,4175
20.71,4174
20.72,4173
20.73,4172
20.74,4171
20.75,4170
20.76,4169
20.77,4168
20.78,4167
20.79,4166
20.80,4165
20.81,4164
20.82,4163
20.83,4162
20.84,4161
20.85,4160
20.86,4159
20.87,4158
20.88,4157
20.89,4156
20.90,4155
20.91,4154
20.92,4153
20.93,4152
20.93,4151
20.94,4150
20.95,4149
20.96,4148
20.97,4147
20.98,4146
20.99,4145
21.00,4144
21.01,4143
21.02,4142
21.03,4141
21.04,4140
21.05,4139
21.06,4138
21.07,4137
21.07,4136
21.08,4135
21.09,4134
21.10,4133
21.11,4132
21.12,4131
21.13,4130
21.14,4129
21.15,4128
21.16,4127
21.17,4126
21.18,4125
21.19,4124
21.20,4123
21.21,4122
21.22,4121
21.23,4120
21.24,4119
21.25,4118
21.27,4117
21.28,4116
21.29,4115
21.30,4114
21.31,4113
21.32,4112
21.33,4111
21.33,4110
21.35,4109
21.36,4108
21.36,4107
21.37,4106
21.38,4105
21.39,4104
21.41,4103
21.42,4102
21.43,4101
21.44,4100
21.45,4099
21.46,4098
21.47,4097
21.48,4096
21.49,4095
21.50,4094
21.51,4093
21.52,4092
21.53,4091
21.53,4090
21.54,4089
21.55,4088
21.56,4087
21.57,4086
21.58,4085
21.59,4084
21.60,4083
21.61,4082
21.62,4081
21.63,4080
21.64,4079
21.65,4078
21.66,4077
21.67,4076
21.68,4075
21.69,4074
21.70,4073
21.71,4072
21.72,4071
21.73,4070
21.74,4069
21.74,4068
21.75,4067
21.76,4066
21.77,4065
21.78,4064
21.79,4063
21.80,4062
21.81,4061
21.82,4060
21.83,4059
21.84,4058
21.85,4057
21.86,4056
21.87,4055
21.88,4054
21.89,4053
21.90,4052
21.91,4051
21.92,4050
21.93,4049
21.94,4048
21.95,4047
21.95,4046
21.96,4045
21.97,4044
21.98,4043
21.99,4042
22.00,4041
22.01,4040
22.02,4039
22.03,4038
22.04,4037
22.05,4036
22.06,4035
22.07,4034
22.07,4033
22.08,4032
22.09,4031
22.10,4030
22.11,4029
22.12,4028
22.13,4027
22.14,4026
22.15,4025
22.16,4024
22.16,4023
22.17,4022
22.18,4021
22.19,4020
22.20,4019
22.21,4018
22.22,4017
22.23,4016
22.24,4015
22.25,4014
22.26,4013
22.27,4012
22.27,4011
22.28,4010
22.29,4009
22.30,4008
22.31,4007
22.32,4006
22.33,4005
22.34,4004
22.35,4003
22.36,4002
22.37,4001
22.39,4000
22.40,3999
22.41,3998
22.42,3997
22.43,3996
22.44,3995
22.45,3994
22.46,3993
22.47,3992
22.48,3991
22.48,3990
22.49,3989
22.50,3988
22.51,3987
22.52,3986
22.53,3985
22.54,3984
22.55,3983
22.56,3982
22.57,3981
22.58,3980
22.59,3979
22.60,3978
22.61,3977
22.62,3976
22.63,3975
22.64,3974
22.65,3973
22.66,3972
22.67,3971
22.67,3970
22.68,3969
22.69,3968
22.70,3967
22.71,3966
22.72,3965
22.73,3964
22.74,3963
22.75,3962
22.76,3961
22.77,3960
22.78,3959
22.79,3958
22.80,3957
22.81,3956
22.82,3955
22.83,3954
22.84,3953
22.85,3952
22.86,3951
22.87,3950
22.88,3949
22.88,3948
22.89,3947
22.90,3946
22.91,3945
22.92,3944
22.93,3943
22.94,3942
22.95,3941
22.96,3940
22.98,3939
22.99,3938
23.00,3937
23.00,3936
23.01,3935
23.02,3934
23.03,3933
23.04,3932
23.05,3931
23.06,3930
23.07,3929
23.08,3928
23.09,3927
23.10,3926
23.11,3925
23.12,3924
23.13,3923
23.14,3922
23.15,3921
23.16,3920
23.17,3919
23.18,3918
23.19,3917
23.20,3916
23.20,3915
23.21,3914
23.22,3913
23.23,3912
23.24,3911
23.25,3910
23.26,3909
23.27,3908
23.28,3907
23.29,3906
23.30,3905
23.31,3904
23.32,3903
23.33,3902
23.34,3901
23.35,3900
23.36,3899
23.37,3898
23.38,3897
23.39,3896
23.40,3895
23.41,3894
23.42,3893
23.43,3892
23.44,3891
23.45,3890
23.45,3889
23.46,3888
23.47,3887
23.48,3886
23.49,3885
23.50,3884
23.51,3883
23.52,3882
23.53,3881
23.54,3880
23.55,3879
23.56,3878
23.57,3877
23.58,3876
23.59,3875
23.60,3874
23.61,3873
23.62,3872
23.63,3871
23.63,3870
23.64,3869
23.65,3868
23.66,3867
23.67,3866
23.68,3865
23.69,3864
23.70,3863
23.71,3862
23.72,3861
23.73,3860
23.74,3859
23.75,3858
23.76,3857
23.77,3856
23.78,3855
23.79,3854
23.80,3853
23.80,3852
23.81,3851
23.82,3850
23.83,3849
23.84,3848
23.85,3847
23.86,3846
23.87,3845
23.88,3844
23.89,3843
23.90,3842
23.91,3841
23.92,3840
23.93,3839
23.94,3838
23.95,3837
23.96,3836
23.97,3835
23.98,3834
23.99,3833
24.00,3832
24.01,3831
24.02,3830
24.03,3829
24.04,3828
24.05,3827
24.05,3826
24.06,3825
24.07,3824
24.08,3823
24.09,3822
24.10,3821
24.11,3820
24.12,3819
24.13,3818
24.14,3817
24.15,3816
24.15,3815
24.16,3814
24.17,3813
24.18,3812
24.19,3811
24.20,3810
24.21,3809
24.22,3808
24.23,3807
24.24,3806
24.25,3805
24.26,3804
24.27,3803
24.28,3802
24.29,3801
24.30,3800
24.31,3799
24.31,3798
24.32,3797
24.33,3796
24.34,3795
24.35,3794
24.36,3793
24.37,3792
24.38,3791
24.39,3790
24.40,3789
24.41,3788
24.42,3787
24.43,3786
24.44,3785
24.45,3784
24.46,3783
24.47,3782
24.48,3781
24.49,3780
24.50,3779
24.51,3778
24.52,3777
24.53,3776
24.54,3775
24.55,3774
24.56,3773
24.56,3772
24.57,3771
24.58,3770
24.59,3769
24.60,3768
24.61,3767
24.62,3766
24.63,3765
24.64,3764
24.65,3763
24.66,3762
24.67,3761
24.68,3760
24.69,3759
24.70,3758
24.71,3757
24.72,3756
24.73,3755
24.74,3754
24.75,3753
24.75,3752
24.76,3751
24.77,3750
24.78,3749
24.79,3748
24.80,3747
24.81,3746
24.82,3745
24.83,3744
24.84,3743
24.85,3742
24.86,3741
24.87,3740
24.88,3739
24.89,3738
24.90,3737
24.91,3736
24.92,3735
24.93,3734
24.94,3733
24.95,3732
24.96,3731
24.97,3730
24.98,3729
24.99,3728
25.00,3727
25.00,3726
25.01,3725
25.02,3724
25.03,3723
25.04,3722
25.05,3721
25.06,3720
25.07,3719
25.08,3718
25.09,3717
25.10,3716
25.11,3715
25.12,3714
25.13,3713
25.13,3712
25.14,3711
25.15,3710
25.16,3709
25.17,3708
25.18,3707
25.19,3706
25.20,3705
25.21,3704
25.22,3703
25.23,3702
25.24,3701
25.25,3700
25.26,3699
25.26,3698
25.27,3697
25.28,3696
25.29,3695
25.30,3694
25.31,3693
25.32,3692
25.33,3691
25.34,3690
25.35,3689
25.36,3688
25.37,3687
25.38,3686
25.39,3685
25.40,3684
25.41,3683
25.41,3682
25.42,3681
25.43,3680
25.44,3679
25.45,3678
25.46,3677
25.47,3676
25.48,3675
25.49,3674
25.50,3673
25.51,3672
25.52,3671
25.53,3670
25.54,3669
25.55,3668
25.56,3667
25.57,3666
25.58,3665
25.59,3664
25.60,3663
25.60,3662
25.61,3661
25.62,3660
25.63,3659
25.64,3658
25.65,3657
25.66,3656
25.67,3655
25.68,3654
25.69,3653
25.70,3652
25.71,3651
25.72,3650
25.73,3649
25.74,3648
25.75,3647
25.75,3646
25.76,3645
25.77,3644
25.78,3643
25.79,3642
25.80,3641
25.81,3640
25.82,3639
25.83,3638
25.84,3637
25.85,3636
25.86,3635
25.87,3634
25.88,3633
25.89,3632
25.90,3631
25.91,3630
25.92,3629
25.93,3628
25.94,3627
25.94,3626
25.95,3625
25.96,3624
25.97,3623
25.98,3622
25.99,3621
26.00,3620
26.01,3619
26.02,3618
26.03,3617
26.04,3616
26.05,3615
26.06,3614
26.06,3613
26.07,3612
26.08,3611
26.09,3610
26.10,3609
26.11,3608
26.12,3607
26.13,3606
26.14,3605
26.15,3604
26.16,3603
26.16,3602
26.17,3601
26.18,3600
26.19,3599
26.20,3598
26.21,3597
26.22,3596
26.23,3595
26.24,3594
26.25,3593
26.26,3592
26.27,3591
26.27,3590
26.28,3589
26.29,3588
26.30,3587
26.31,3586
26.32,3585
26.33,3584
26.34,3583
26.35,3582
26.36,3581
26.37,3580
26.38,3579
26.39,3578
26.40,3577
26.41,3576
26.42,3575
26.43,3574
26.43,3573
26.44,3572
26.45,3571
26.46,3570
26.47,3569
26.48,3568
26.49,3567
26.50,3566
26.51,3565
26.52,3564
26.53,3563
26.53,3562
26.54,3561
26.55,3560
26.56,3559
26.57,3558
26.58,3557
26.59,3556
26.60,3555
26.61,3554
26.62,3553
26.63,3552
26.64,3551
26.65,3550
26.65,3549
26.66,3548
26.67,3547
26.68,3546
26.69,3545
26.70,3544
26.71,3543
26.72,3542
26.73,3541
26.74,3540
26.75,3539
26.76,3538
26.77,3537
26.78,3536
26.79,3535
26.80,3534
26.80,3533
26.81,3532
26.82,3531
26.83,3530
26.84,3529
26.85,3528
26.86,3527
26.87,3526
26.88,3525
26.89,3524
26.90,3523
26.90,3522
26.92,3521
26.92,3520
26.93,3519
26.94,3518
26.95,3517
26.96,3516
26.97,3515
26.98,3514
26.99,3513
27.00,3512
27.01,3511
27.02,3510
27.03,3509
27.03,3508
27.04,3507
27.05,3506
27.06,3505
27.07,3504
27.08,3503
27.09,3502
27.10,3501
27.11,3500
27.11,3499
27.12,3498
27.13,3497
27.14,3496
27.15,3495
27.16,3494
27.17,3493
27.18,3492
27.19,3491
27.19,3490
27.20,3489
27.21,3488
27.22,3487
27.23,3486
27.24,3485
27.25,3484
27.26,3483
27.26,3482
27.27,3481
27.28,3480
27.29,3479
27.30,3478
27.31,3477
27.32,3476
27.33,3475
27.34,3474
27.35,3473
27.36,3472
27.36,3471
27.37,3470
27.38,3469
27.39,3468
27.40,3467
27.41,3466
27.42,3465
27.43,3464
27.44,3463
27.45,3462
27.46,3461
27.47,3460
27.47,3459
27.48,3458
27.49,3457
27.50,3456
27.51,3455
27.52,3454
27.53,3453
27.54,3452
27.55,3451
27.56,3450
27.56,3449
27.57,3448
27.58,3447
27.59,3446
27.60,3445
27.61,3444
27.62,3443
27.63,3442
27.64,3441
27.65,3440
27.66,3439
27.67,3438
27.68,3437
27.69,3436
27.70,3435
27.70,3434
27.71,3433
27.72,3432
27.73,3431
27.74,3430
27.75,3429
27.76,3428
27.77,3427
27.78,3426
27.79,3425
27.80,3424
27.81,3423
27.82,3422
27.83,3421
27.84,3420
27.84,3419
27.85,3418
27.86,3417
27.87,3416
27.88,3415
27.89,3414
27.90,3413
27.91,3412
27.92,3411
27.94,3410
27.95,3409
27.95,3408
27.97,3407
27.98,3406
27.98,3405
27.99,3404
28.00,3403
28.01,3402
28.02,3401
28.03,3400
28.04,3399
28.05,3398
28.06,3397
28.07,3396
28.07,3395
28.08,3394
28.09,3393
28.10,3392
28.11,3391
28.12,3390
28.13,3389
28.14,3388
28.15,3387
28.16,3386
28.17,3385
28.17,3384
28.18,3383
28.19,3382
28.20,3381
28.21,3380
28.22,3379
28.23,3378
28.23,3377
28.24,3376
28.25,3375
28.26,3374
28.27,3373
28.28,3372
28.29,3371
28.30,3370
28.31,3369
28.31,3368
