0.60,6076
0.70,6075
0.73,6074
0.75,6073
0.77,6072
0.81,6071
0.82,6070
0.83,6069
0.85,6068
0.86,6067
0.88,6066
0.89,6065
0.91,6064
0.92,6063
0.93,6062
0.94,6061
0.96,6060
0.97,6059
0.98,6058
0.99,6057
1.01,6056
1.02,6055
1.03,6054
1.05,6053
1.06,6052
1.07,6051
1.09,6050
1.10,6049
1.11,6048
1.12,6047
1.14,6046
1.15,6045
1.16,6044
1.17,6043
1.19,6042
1.21,6041
1.22,6040
1.23,6039
1.24,6038
1.26,6037
1.27,6036
1.28,6035
1.30,6034
1.31,6033
1.32,6032
1.34,6031
1.35,6030
1.37,6029
1.38,6028
1.39,6027
1.40,6026
1.42,6025
1.43,6024
1.44,6023
1.46,6022
1.47,6021
1.49,6020
1.50,6019
1.52,6018
1.53,6017
1.55,6016
1.57,6015
1.58,6014
1.59,6013
1.60,6012
1.62,6011
1.63,6010
1.64,6009
1.65,6008
1.66,6007
1.67,6006
1.69,6005
1.70,6004
1.71,6003
1.72,6002
1.73,6001
1.74,6000
1.76,5999
1.77,5998
1.78,5997
1.79,5996
1.80,5995
1.82,5994
1.83,5993
1.84,5992
1.85,5991
1.86,5990
1.87,5989
1.89,5988
1.90,5987
1.91,5986
1.92,5985
1.93,5984
1.95,5983
1.96,5982
1.97,5981
1.98,5980
1.99,5979
2.01,5978
2.02,5977
2.03,5976
2.04,5975
2.05,5974
2.06,5973
2.07,5972
2.09,5971
2.10,5970
2.12,5969
2.13,5968
2.14,5967
2.16,5966
2.17,5965
2.18,5964
2.19,5963
2.21,5962
2.22,5961
2.24,5960
2.25,5959
2.26,5958
2.29,5957
2.30,5956
2.32,5955
2.33,5954
2.34,5953
2.35,5952
2.37,5951
2.38,5950
2.39,5949
2.40,5948
2.41,5947
2.43,5946
2.44,5945
2.45,5944
2.46,5943
2.47,5942
2.48,5941
2.50,5940
2.51,5939
2.52,5938
2.54,5937
2.55,5936
2.56,5935
2.57,5934
2.58,5933
2.60,5932
2.61,5931
2.62,5930
2.63,5929
2.65,5928
2.66,5927
2.67,5926
2.68,5925
2.70,5924
2.71,5923
2.72,5922
2.73,5921
2.75,5920
2.76,5919
2.77,5918
2.78,5917
2.80,5916
2.81,5915
2.82,5914
2.83,5913
2.85,5912
2.86,5911
2.87,5910
2.88,5909
2.89,5908
2.90,5907
2.92,5906
2.93,5905
2.94,5904
2.95,5903
2.96,5902
2.98,5901
2.99,5900
3.00,5899
3.01,5898
3.02,5897
3.04,5896
3.05,5895
3.06,5894
3.07,5893
3.09,5892
3.10,5891
3.11,5890
3.13,5889
3.14,5888
3.15,5887
3.17,5886
3.18,5885
3.19,5884
3.21,5883
3.23,5882
3.24,5881
3.25,5880
3.26,5879
3.28,5878
3.29,5877
3.30,5876
3.32,5875
3.33,5874
3.34,5873
3.36,5872
3.37,5871
3.38,5870
3.39,5869
3.41,5868
3.42,5867
3.43,5866
3.45,5865
3.46,5864
3.47,5863
3.49,5862
3.50,5861
3.51,5860
3.53,5859
3.54,5858
3.55,5857
3.57,5856
3.58,5855
3.59,5854
3.61,5853
3.62,5852
3.63,5851
3.65,5850
3.66,5849
3.69,5848
3.70,5847
3.71,5846
3.72,5845
3.73,5844
3.74,5843
3.76,5842
3.77,5841
3.78,5840
3.79,5839
3.81,5838
3.82,5837
3.83,5836
3.84,5835
3.86,5834
3.87,5833
3.88,5832
3.89,5831
3.91,5830
3.92,5829
3.94,5828
3.95,5827
3.96,5826
3.97,5825
3.99,5824
4.00,5823
4.01,5822
4.02,5821
4.04,5820
4.05,5819
4.06,5818
4.07,5817
4.08,5816
4.10,5815
4.11,5814
4.12,5813
4.13,5812
4.14,5811
4.16,5810
4.17,5809
4.18,5808
4.19,5807
4.20,5806
4.22,5805
4.23,5804
4.24,5803
4.25,5802
4.26,5801
4.28,5800
4.29,5799
4.30,5798
4.31,5797
4.33,5796
4.34,5795
4.35,5794
4.36,5793
4.38,5792
4.39,5791
4.40,5790
4.41,5789
4.43,5788
4.44,5787
4.45,5786
4.46,5785
4.48,5784
4.49,5783
4.50,5782
4.51,5781
4.52,5780
4.54,5779
4.55,5778
4.56,5777
4.57,5776
4.59,5775
4.60,5774
4.61,5773
4.62,5772
4.63,5771
4.65,5770
4.66,5769
4.67,5768
4.68,5767
4.69,5766
4.71,5765
4.72,5764
4.73,5763
4.74,5762
4.76,5761
4.77,5760
4.78,5759
4.79,5758
4.81,5757
4.82,5756
4.83,5755
4.84,5754
4.86,5753
4.87,5752
4.88,5751
4.89,5750
4.91,5749
4.92,5748
4.93,5747
4.94,5746
4.95,5745
4.97,5744
4.98,5743
4.99,5742
5.00,5741
5.01,5740
5.03,5739
5.04,5738
5.05,5737
5.06,5736
5.09,5735
5.10,5734
5.11,5733
5.12,5732
5.13,5731
5.14,5730
5.15,5729
5.17,5728
5.18,5727
5.19,5726
5.20,5725
5.21,5724
5.23,5723
5.24,5722
5.25,5721
5.26,5720
5.27,5719
5.28,5718
5.29,5717
5.31,5716
5.32,5715
5.33,5714
5.34,5713
5.35,5712
5.37,5711
5.38,5710
5.39,5709
5.40,5708
5.42,5707
5.43,5706
5.44,5705
5.45,5704
5.47,5703
5.48,5702
5.49,5701
5.50,5700
5.51,5699
5.53,5698
5.54,5697
5.55,5696
5.57,5695
5.59,5694
5.60,5693
5.61,5692
5.62,5691
5.63,5690
5.65,5689
5.66,5688
5.67,5687
5.68,5686
5.69,5685
5.71,5684
5.72,5683
5.73,5682
5.74,5681
5.76,5680
5.77,5679
5.78,5678
5.79,5677
5.81,5676
5.82,5675
5.83,5674
5.84,5673
5.85,5672
5.87,5671
5.88,5670
5.89,5669
5.90,5668
5.92,5667
5.93,5666
5.94,5665
5.95,5664
5.96,5663
5.98,5662
5.99,5661
6.00,5660
6.01,5659
6.02,5658
6.04,5657
6.05,5656
6.06,5655
6.07,5654
6.08,5653
6.10,5652
6.11,5651
6.12,5650
6.13,5649
6.14,5648
6.16,5647
6.17,5646
6.18,5645
6.19,5644
6.20,5643
6.21,5642
6.22,5641
6.24,5640
6.25,5639
6.26,5638
6.27,5637
6.28,5636
6.30,5635
6.31,5634
6.32,5633
6.33,5632
6.34,5631
6.35,5630
6.36,5629
6.38,5628
6.39,5627
6.40,5626
6.41,5625
6.43,5624
6.44,5623
6.45,5622
6.46,5621
6.47,5620
6.49,5619
6.50,5618
6.51,5617
6.52,5616
6.53,5615
6.54,5614
6.56,5613
6.57,5612
6.58,5611
6.59,5610
6.61,5609
6.62,5608
6.63,5607
6.65,5606
6.66,5605
6.67,5604
6.69,5603
6.70,5602
6.71,5601
6.73,5600
6.74,5599
6.76,5598
6.77,5597
6.78,5596
6.79,5595
6.81,5594
6.82,5593
6.84,5592
6.85,5591
6.86,5590
6.88,5589
6.89,5588
6.90,5587
6.92,5586
6.93,5585
6.94,5584
6.96,5583
6.97,5582
6.99,5581
7.00,5580
7.01,5579
7.02,5578
7.04,5577
7.05,5576
7.06,5575
7.08,5574
7.09,5573
7.10,5572
7.12,5571
7.13,5570
7.14,5569
7.16,5568
7.17,5567
7.18,5566
7.20,5565
7.21,5564
7.22,5563
7.24,5562
7.25,5561
7.26,5560
7.28,5559
7.29,5558
7.30,5557
7.31,5556
7.33,5555
7.34,5554
7.36,5553
7.37,5552
7.38,5551
7.40,5550
7.41,5549
7.43,5548
7.44,5547
7.45,5546
7.47,5545
7.48,5544
7.49,5543
7.51,5542
7.52,5541
7.53,5540
7.55,5539
7.56,5538
7.58,5537
7.59,5536
7.60,5535
7.62,5534
7.63,5533
7.64,5532
7.66,5531
7.67,5530
7.68,5529
7.69,5528
7.71,5527
7.72,5526
7.73,5525
7.75,5524
7.76,5523
7.77,5522
7.79,5521
7.80,5520
7.82,5519
7.83,5518
7.84,5517
7.86,5516
7.87,5515
7.89,5514
7.90,5513
7.91,5512
7.92,5511
7.94,5510
7.95,5509
7.96,5508
7.98,5507
7.99,5506
8.00,5505
8.02,5504
8.03,5503
8.04,5502
8.07,5501
8.08,5500
8.09,5499
8.10,5498
8.11,5497
8.13,5496
8.14,5495
8.15,5494
8.16,5493
8.17,5492
8.19,5491
8.20,5490
8.21,5489
8.22,5488
8.23,5487
8.25,5486
8.26,5485
8.27,5484
8.28,5483
8.29,5482
8.30,5481
8.32,5480
8.33,5479
8.34,5478
8.35,5477
8.36,5476
8.37,5475
8.38,5474
8.40,5473
8.41,5472
8.42,5471
8.43,5470
8.45,5469
8.46,5468
8.47,5467
8.48,5466
8.49,5465
8.51,5464
8.52,5463
8.53,5462
8.54,5461
8.55,5460
8.56,5459
8.58,5458
8.59,5457
8.60,5456
8.61,5455
8.62,5454
8.64,5453
8.65,5452
8.66,5451
8.67,5450
8.68,5449
8.69,5448
8.71,5447
8.72,5446
8.73,5445
8.74,5444
8.76,5443
8.77,5442
8.78,5441
8.79,5440
8.81,5439
8.82,5438
8.83,5437
8.84,5436
8.85,5435
8.87,5434
8.88,5433
8.89,5432
8.90,5431
8.91,5430
8.92,5429
8.93,5428
8.95,5427
8.96,5426
8.97,5425
8.98,5424
8.99,5423
9.00,5422
9.02,5421
9.03,5420
9.05,5419
9.06,5418
9.07,5417
9.08,5416
9.09,5415
9.10,5414
9.12,5413
9.13,5412
9.14,5411
9.15,5410
9.16,5409
9.18,5408
9.19,5407
9.20,5406
9.21,5405
9.22,5404
9.23,5403
9.25,5402
9.26,5401
9.27,5400
9.28,5399
9.29,5398
9.30,5397
9.32,5396
9.33,5395
9.34,5394
9.35,5393
9.37,5392
9.38,5391
9.39,5390
9.40,5389
9.41,5388
9.42,5387
9.44,5386
9.45,5385
9.46,5384
9.47,5383
9.48,5382
9.49,5381
9.51,5380
9.52,5379
9.53,5378
9.54,5377
9.55,5376
9.56,5375
9.58,5374
9.59,5373
9.60,5372
9.61,5371
9.62,5370
9.63,5369
9.64,5368
9.65,5367
9.67,5366
9.68,5365
9.69,5364
9.70,5363
9.71,5362
9.72,5361
9.73,5360
9.76,5359
9.77,5358
9.79,5357
9.80,5356
9.81,5355
9.82,5354
9.83,5353
9.84,5352
9.86,5351
9.87,5350
9.88,5349
9.89,5348
9.90,5347
9.92,5346
9.93,5345
9.94,5344
9.95,5343
9.96,5342
9.97,5341
9.99,5340
10.00,5339
10.01,5338
10.02,5337
10.03,5336
10.04,5335
10.05,5334
10.06,5333
10.07,5332
10.08,5331
10.10,5330
10.11,5329
10.12,5328
10.13,5327
10.14,5326
10.15,5325
10.16,5324
10.17,5323
10.19,5322
10.20,5321
10.21,5320
10.22,5319
10.23,5318
10.24,5317
10.26,5316
10.27,5315
10.28,5314
10.29,5313
10.30,5312
10.31,5311
10.33,5310
10.35,5309
10.36,5308
10.37,5307
10.38,5306
10.39,5305
10.40,5304
10.41,5303
10.42,5302
10.43,5301
10.45,5300
10.46,5299
10.47,5298
10.48,5297
10.49,5296
10.50,5295
10.51,5294
10.52,5293
10.54,5292
10.55,5291
10.56,5290
10.57,5289
10.58,5288
10.59,5287
10.60,5286
10.61,5285
10.62,5284
10.63,5283
10.64,5282
10.65,5281
10.67,5280
10.68,5279
10.69,5278
10.70,5277
10.71,5276
10.72,5275
10.74,5274
10.75,5273
10.76,5272
10.77,5271
10.78,5270
10.79,5269
10.81,5268
10.82,5267
10.83,5266
10.84,5265
10.86,5264
10.87,5263
10.88,5262
10.89,5261
10.90,5260
10.91,5259
10.92,5258
10.93,5257
10.95,5256
10.96,5255
10.97,5254
10.98,5253
10.99,5252
11.00,5251
11.01,5250
11.02,5249
11.03,5248
11.04,5247
11.06,5246
11.07,5245
11.08,5244
11.09,5243
11.10,5242
11.11,5241
11.12,5240
11.13,5239
11.14,5238
11.15,5237
11.17,5236
11.18,5235
11.19,5234
11.20,5233
11.21,5232
11.22,5231
11.23,5230
11.24,5229
11.25,5228
11.26,5227
11.28,5226
11.29,5225
11.30,5224
11.31,5223
11.32,5222
11.33,5221
11.35,5220
11.36,5219
11.37,5218
11.38,5217
11.39,5216
11.41,5215
11.42,5214
11.43,5213
11.44,5212
11.45,5211
11.46,5210
11.47,5209
11.48,5208
11.49,5207
11.50,5206
11.51,5205
11.52,5204
11.54,5203
11.55,5202
11.56,5201
11.57,5200
11.58,5199
11.59,5198
11.60,5197
11.62,5196
11.63,5195
11.64,5194
11.65,5193
11.66,5192
11.67,5191
11.68,5190
11.69,5189
11.70,5188
11.72,5187
11.73,5186
11.74,5185
11.75,5184
11.76,5183
11.77,5182
11.78,5181
11.79,5180
11.81,5179
11.82,5178
11.83,5177
11.84,5176
11.85,5175
11.86,5174
11.88,5173
11.89,5172
11.90,5171
11.91,5170
11.92,5169
11.93,5168
11.94,5167
11.95,5166
11.96,5165
11.97,5164
11.99,5163
12.00,5162
12.01,5161
12.02,5160
12.03,5159
12.04,5158
12.05,5157
12.06,5156
12.07,5155
12.08,5154
12.09,5153
12.10,5152
12.11,5151
12.12,5150
12.13,5149
12.15,5148
12.17,5147
12.18,5146
12.19,5145
12.20,5144
12.21,5143
12.22,5142
12.23,5141
12.24,5140
12.25,5139
12.26,5138
12.27,5137
12.29,5136
12.30,5135
12.31,5134
12.32,5133
12.33,5132
12.34,5131
12.35,5130
12.36,5129
12.38,5128
12.39,5127
12.40,5126
12.41,5125
12.42,5124
12.43,5123
12.44,5122
12.45,5121
12.46,5120
12.48,5119
12.49,5118
12.50,5117
12.51,5116
12.52,5115
12.53,5114
12.54,5113
12.55,5112
12.56,5111
12.58,5110
12.59,5109
12.60,5108
12.61,5107
12.62,5106
12.63,5105
12.64,5104
12.65,5103
12.66,5102
12.67,5101
12.68,5100
12.69,5099
12.70,5098
12.72,5097
12.73,5096
12.74,5095
12.75,5094
12.76,5093
12.77,5092
12.78,5091
12.80,5090
12.81,5089
12.82,5088
12.83,5087
12.84,5086
12.85,5085
12.86,5084
12.87,5083
12.88,5082
12.89,5081
12.91,5080
12.92,5079
12.93,5078
12.94,5077
12.95,5076
12.96,5075
12.97,5074
12.98,5073
12.99,5072
13.00,5071
13.01,5070
13.03,5069
13.04,5068
13.05,5067
13.06,5066
13.07,5065
13.08,5064
13.09,5063
13.10,5062
13.11,5061
13.12,5060
13.13,5059
13.15,5058
13.16,5057
13.17,5056
13.18,5055
13.19,5054
13.20,5053
13.21,5052
13.22,5051
13.23,5050
13.24,5049
13.25,5048
13.26,5047
13.28,5046
13.29,5045
13.30,5044
13.31,5043
13.32,5042
13.33,5041
13.34,5040
13.35,5039
13.37,5038
13.38,5037
13.39,5036
13.40,5035
13.41,5034
13.42,5033
13.43,5032
13.44,5031
13.46,5030
13.47,5029
13.48,5028
13.49,5027
13.50,5026
13.51,5025
13.52,5024
13.53,5023
13.54,5022
13.55,5021
13.56,5020
13.58,5019
13.59,5018
13.60,5017
13.61,5016
13.62,5015
13.63,5014
13.64,5013
13.65,5012
13.66,5011
13.68,5010
13.69,5009
13.70,5008
13.71,5007
13.72,5006
13.73,5005
13.74,5004
13.75,5003
13.76,5002
13.77,5001
13.79,5000
13.80,4999
13.81,4998
13.82,4997
13.83,4996
13.84,4995
13.85,4994
13.86,4993
13.88,4992
13.89,4991
13.90,4990
13.91,4989
13.92,4988
13.93,4987
13.94,4986
13.96,4985
13.97,4984
13.98,4983
13.99,4982
14.00,4981
14.01,4980
14.02,4979
14.03,4978
14.04,4977
14.05,4976
14.06,4975
14.07,4974
14.09,4973
14.10,4972
14.11,4971
14.12,4970
14.13,4969
14.14,4968
14.15,4967
14.16,4966
14.17,4965
14.19,4964
14.20,4963
14.21,4962
14.22,4961
14.23,4960
14.24,4959
14.25,4958
14.26,4957
14.27,4956
14.28,4955
14.30,4954
14.31,4953
14.32,4952
14.33,4951
14.34,4950
14.35,4949
14.36,4948
14.37,4947
14.39,4946
14.40,4945
14.41,4944
14.42,4943
14.43,4942
14.44,4941
14.45,4940
14.47,4939
14.48,4938
14.49,4937
14.50,4936
14.51,4935
14.52,4934
14.53,4933
14.54,4932
14.56,4931
14.57,4930
14.58,4929
14.59,4928
14.60,4927
14.61,4926
14.62,4925
14.63,4924
14.64,4923
14.66,4922
14.67,4921
14.68,4920
14.69,4919
14.70,4918
14.71,4917
14.72,4916
14.74,4915
14.75,4914
14.76,4913
14.77,4912
14.78,4911
14.79,4910
14.81,4909
14.82,4908
14.83,4907
14.85,4906
14.86,4905
14.87,4904
14.88,4903
14.89,4902
14.90,4901
14.91,4900
14.92,4899
14.94,4898
14.95,4897
14.96,4896
14.97,4895
14.98,4894
14.99,4893
15.00,4892
15.01,4891
15.03,4890
15.04,4889
15.05,4888
15.06,4887
15.07,4886
15.08,4885
15.09,4884
15.10,4883
15.12,4882
15.13,4881
15.14,4880
15.15,4879
15.16,4878
15.17,4877
15.18,4876
15.19,4875
15.20,4874
15.22,4873
15.23,4872
15.24,4871
15.25,4870
15.26,4869
15.27,4868
15.28,4867
15.30,4866
15.31,4865
15.32,4864
15.33,4863
15.34,4862
15.35,4861
15.37,4860
15.38,4859
15.39,4858
15.40,4857
15.41,4856
15.42,4855
15.43,4854
15.44,4853
15.46,4852
15.47,4851
15.48,4850
15.49,4849
15.50,4848
15.51,4847
15.52,4846
15.53,4845
15.55,4844
15.56,4843
15.57,4842
15.58,4841
15.59,4840
15.60,4839
15.62,4838
15.63,4837
15.64,4836
15.65,4835
15.66,4834
15.67,4833
15.68,4832
15.69,4831
15.70,4830
15.72,4829
15.73,4828
15.74,4827
15.75,4826
15.76,4825
15.77,4824
15.79,4823
15.80,4822
15.81,4821
15.82,4820
15.83,4819
15.84,4818
15.86,4817
15.87,4816
15.88,4815
15.89,4814
15.90,4813
15.91,4812
15.92,4811
15.94,4810
15.95,4809
15.96,4808
15.97,4807
15.98,4806
15.99,4805
16.00,4804
16.01,4803
16.02,4802
16.03,4801
16.04,4800
16.06,4799
16.07,4798
16.08,4797
16.09,4796
16.10,4795
16.11,4794
16.12,4793
16.13,4792
16.15,4791
16.16,4790
16.17,4789
16.18,4788
16.19,4787
16.20,4786
16.21,4785
16.22,4784
16.23,4783
16.24,4782
16.26,4781
16.27,4780
16.28,4779
16.29,4778
16.30,4777
16.31,4776
16.32,4775
16.34,4774
16.35,4773
16.36,4772
16.37,4771
16.38,4770
16.39,4769
16.40,4768
16.42,4767
16.43,4766
16.44,4765
16.45,4764
16.46,4763
16.47,4762
16.48,4761
16.50,4760
16.51,4759
16.52,4758
16.53,4757
16.54,4756
16.55,4755
16.56,4754
16.57,4753
16.58,4752
16.59,4751
16.60,4750
16.61,4749
16.63,4748
16.64,4747
16.65,4746
16.66,4745
16.67,4744
16.68,4743
16.69,4742
16.70,4741
16.71,4740
16.72,4739
16.74,4738
16.75,4737
16.76,4736
16.77,4735
16.78,4734
16.79,4733
16.80,4732
16.81,4731
16.83,4730
16.84,4729
16.85,4728
16.86,4727
16.87,4726
16.88,4725
16.89,4724
16.90,4723
16.91,4722
16.92,4721
16.94,4720
16.95,4719
16.96,4718
16.97,4717
16.98,4716
16.99,4715
17.00,4714
17.01,4713
17.02,4712
17.03,4711
17.04,4710
17.05,4709
17.06,4708
17.07,4707
17.09,4706
17.10,4705
17.11,4704
17.12,4703
17.13,4702
17.14,4701
17.15,4700
17.16,4699
17.17,4698
17.18,4697
17.19,4696
17.20,4695
17.22,4694
17.23,4693
17.24,4692
17.25,4691
17.26,4690
17.28,4689
17.29,4688
17.30,4687
17.31,4686
17.32,4685
17.33,4684
17.34,4683
17.35,4682
17.36,4681
17.38,4680
17.39,4679
17.40,4678
17.41,4677
17.42,4676
17.43,4675
17.44,4674
17.45,4673
17.46,4672
17.47,4671
17.48,4670
17.49,4669
17.51,4668
17.52,4667
17.53,4666
17.54,4665
17.55,4664
17.56,4663
17.57,4662
17.58,4661
17.59,4660
17.61,4659
17.62,4658
17.63,4657
17.64,4656
17.65,4655
17.66,4654
17.67,4653
17.68,4652
17.69,4651
17.71,4650
17.72,4649
17.73,4648
17.74,4647
17.75,4646
17.76,4645
17.77,4644
17.79,4643
17.80,4642
17.81,4641
17.82,4640
17.83,4639
17.84,4638
17.85,4637
17.86,4636
17.87,4635
17.89,4634
17.90,4633
17.91,4632
17.92,4631
17.93,4630
17.94,4629
17.95,4628
17.96,4627
17.97,4626
17.98,4625
18.00,4624
18.01,4623
18.02,4622
18.03,4621
18.04,4620
18.05,4619
18.06,4618
18.07,4617
18.08,4616
18.10,4615
18.11,4614
18.12,4613
18.13,4612
18.14,4611
18.15,4610
18.16,4609
18.17,4608
18.18,4607
18.19,4606
18.21,4605
18.22,4604
18.23,4603
18.24,4602
18.25,4601
18.26,4600
18.27,4599
18.28,4598
18.29,4597
18.30,4596
18.32,4595
18.33,4594
18.34,4593
18.35,4592
18.36,4591
18.37,4590
18.38,4589
18.39,4588
18.41,4587
18.42,4586
18.43,4585
18.44,4584
18.45,4583
18.47,4582
18.48,4581
18.49,4580
18.50,4579
18.51,4578
18.52,4577
18.53,4576
18.54,4575
18.55,4574
18.56,4573
18.57,4572
18.58,4571
18.60,4570
18.61,4569
18.62,4568
18.63,4567
18.64,4566
18.65,4565
18.66,4564
18.67,4563
18.68,4562
18.69,4561
18.70,4560
18.72,4559
18.73,4558
18.74,4557
18.75,4556
18.76,4555
18.77,4554
18.78,4553
18.79,4552
18.80,4551
18.81,4550
18.82,4549
18.84,4548
18.85,4547
18.86,4546
18.87,4545
18.88,4544
18.89,4543
18.90,4542
18.91,4541
18.92,4540
18.93,4539
18.94,4538
18.95,4537
18.96,4536
18.97,4535
18.98,4534
18.99,4533
19.00,4532
19.01,4531
19.02,4530
19.03,4529
19.05,4528
19.06,4527
19.07,4526
19.08,4525
19.09,4524
19.10,4523
19.11,4522
19.12,4521
19.13,4520
19.14,4519
19.15,4518
19.16,4517
19.17,4516
19.18,4515
19.19,4514
19.21,4513
19.22,4512
19.24,4511
19.25,4510
19.26,4509
19.27,4508
19.28,4507
19.29,4506
19.30,4505
19.31,4504
19.33,4503
19.34,4502
19.35,4501
19.36,4500
19.37,4499
19.38,4498
19.39,4497
19.40,4496
19.41,4495
19.42,4494
19.43,4493
19.44,4492
19.46,4491
19.47,4490
19.48,4489
19.49,4488
19.50,4487
19.51,4486
19.52,4485
19.53,4484
19.54,4483
19.55,4482
19.56,4481
19.57,4480
19.58,4479
19.59,4478
19.60,4477
19.61,4476
19.62,4475
19.64,4474
19.65,4473
19.66,4472
19.67,4471
19.68,4470
19.69,4469
19.70,4468
19.71,4467
19.72,4466
19.73,4465
19.74,4464
19.75,4463
19.76,4462
19.77,4461
19.78,4460
19.79,4459
19.81,4458
19.82,4457
19.83,4456
19.84,4455
19.85,4454
19.86,4453
19.87,4452
19.88,4451
19.90,4450
19.91,4449
19.92,4448
19.93,4447
19.94,4446
19.95,4445
19.96,4444
19.98,4443
19.99,4442
20.00,4441
20.01,4440
20.02,4439
20.03,4438
20.04,4437
20.05,4436
20.06,4435
20.07,4434
20.08,4433
20.09,4432
20.10,4431
20.11,4430
20.12,4429
20.13,4428
20.15,4427
20.16,4426
20.17,4425
20.18,4424
20.19,4423
20.20,4422
20.21,4421
20.22,4420
20.23,4419
20.24,4418
20.25,4417
20.26,4416
20.27,4415
20.29,4414
20.30,4413
20.31,4412
20.32,4411
20.33,4410
20.34,4409
20.35,4408
20.36,4407
20.37,4406
20.39,4405
20.40,4404
20.41,4403
20.42,4402
20.43,4401
20.44,4400
20.45,4399
20.46,4398
20.47,4397
20.48,4396
20.49,4395
20.51,4394
20.52,4393
20.53,4392
20.54,4391
20.55,4390
20.56,4389
20.57,4388
20.58,4387
20.59,4386
20.60,4385
20.61,4384
20.62,4383
20.64,4382
20.65,4381
20.66,4380
20.67,4379
20.68,4378
20.69,4377
20.70,4376
20.71,4375
20.72,4374
20.73,4373
20.74,4372
20.75,4371
20.76,4370
20.77,4369
20.79,4368
20.80,4367
20.81,4366
20.82,4365
20.83,4364
20.84,4363
20.85,4362
20.86,4361
20.87,4360
20.88,4359
20.90,4358
20.91,4357
20.92,4356
20.93,4355
20.94,4354
20.95,4353
20.96,4352
20.97,4351
20.98,4350
20.99,4349
21.00,4348
21.01,4347
21.03,4346
21.03,4345
21.05,4344
21.06,4343
21.07,4342
21.08,4341
21.09,4340
21.10,4339
21.11,4338
21.12,4337
21.13,4336
21.14,4335
21.15,4334
21.16,4333
21.18,4332
21.19,4331
21.20,4330
21.21,4329
21.22,4328
21.23,4327
21.24,4326
21.25,4325
21.26,4324
21.27,4323
21.28,4322
21.29,4321
21.31,4320
21.32,4319
21.33,4318
21.34,4317
21.35,4316
21.36,4315
21.37,4314
21.38,4313
21.39,4312
21.40,4311
21.41,4310
21.43,4309
21.44,4308
21.45,4307
21.46,4306
21.47,4305
21.48,4304
21.49,4303
21.50,4302
21.51,4301
21.53,4300
21.54,4299
21.55,4298
21.56,4297
21.57,4296
21.58,4295
21.59,4294
21.60,4293
21.61,4292
21.62,4291
21.63,4290
21.64,4289
21.65,4288
21.66,4287
21.67,4286
21.68,4285
21.69,4284
21.70,4283
21.71,4282
21.72,4281
21.73,4280
21.74,4279
21.75,4278
21.76,4277
21.78,4276
21.79,4275
21.80,4274
21.81,4273
21.82,4272
21.83,4271
21.84,4270
21.85,4269
21.86,4268
21.87,4267
21.88,4266
21.89,4265
21.90,4264
21.91,4263
21.92,4262
21.93,4261
21.94,4260
21.95,4259
21.97,4258
21.98,4257
21.99,4256
22.00,4255
22.01,4254
22.02,4253
22.02,4252
22.03,4251
22.04,4250
22.06,4249
22.07,4248
22.08,4247
22.09,4246
22.10,4245
22.11,4244
22.12,4243
22.13,4242
22.14,4241
22.15,4240
22.16,4239
22.17,4238
22.18,4237
22.19,4236
22.20,4235
22.21,4234
22.22,4233
22.23,4232
22.24,4231
22.25,4230
22.26,4229
22.28,4228
22.29,4227
22.30,4226
22.31,4225
22.32,4224
22.33,4223
22.34,4222
22.35,4221
22.36,4220
22.37,4219
22.38,4218
22.40,4217
22.41,4216
22.42,4215
22.43,4214
22.44,4213
22.45,4212
22.46,4211
22.47,4210
22.48,4209
22.49,4208
22.50,4207
22.51,4206
22.52,4205
22.53,4204
22.55,4203
22.56,4202
22.57,4201
22.58,4200
22.59,4199
22.60,4198
22.61,4197
22.62,4196
22.63,4195
22.64,4194
22.65,4193
22.66,4192
22.68,4191
22.69,4190
22.70,4189
22.71,4188
22.72,4187
22.73,4186
22.74,4185
22.75,4184
22.76,4183
22.77,4182
22.78,4181
22.79,4180
22.80,4179
22.81,4178
22.83,4177
22.84,4176
22.85,4175
22.86,4174
22.87,4173
22.88,4172
22.89,4171
22.90,4170
22.91,4169
22.92,4168
22.93,4167
22.94,4166
22.95,4165
22.96,4164
22.97,4163
22.98,4162
22.99,4161
23.00,4160
23.01,4159
23.03,4158
23.04,4157
23.05,4156
23.06,4155
23.07,4154
23.08,4153
23.09,4152
23.10,4151
23.11,4150
23.12,4149
23.13,4148
23.14,4147
23.15,4146
23.16,4145
23.17,4144
23.18,4143
23.20,4142
23.21,4141
23.22,4140
23.23,4139
23.24,4138
23.25,4137
23.26,4136
23.27,4135
23.28,4134
23.29,4133
23.30,4132
23.31,4131
23.32,4130
23.33,4129
23.34,4128
23.35,4127
23.37,4126
23.38,4125
23.39,4124
23.40,4123
23.41,4122
23.42,4121
23.43,4120
23.44,4119
23.45,4118
23.46,4117
23.47,4116
23.48,4115
23.50,4114
23.51,4113
23.52,4112
23.53,4111
23.54,4110
23.55,4109
23.56,4108
23.57,4107
23.58,4106
23.59,4105
23.60,4104
23.61,4103
23.62,4102
23.63,4101
23.64,4100
23.66,4099
23.67,4098
23.68,4097
23.70,4096
23.71,4095
23.72,4094
23.73,4093
23.74,4092
23.75,4091
23.76,4090
23.77,4089
23.78,4088
23.79,4087
23.80,4086
23.81,4085
23.82,4084
23.83,4083
23.85,4082
23.86,4081
23.87,4080
23.88,4079
23.89,4078
23.90,4077
23.91,4076
23.92,4075
23.93,4074
23.94,4073
23.95,4072
23.96,4071
23.97,4070
23.98,4069
23.99,4068
24.00,4067
24.01,4066
24.02,4065
24.03,4064
24.04,4063
24.05,4062
24.06,4061
24.07,4060
24.09,4059
24.10,4058
24.11,4057
24.12,4056
24.13,4055
24.14,4054
24.15,4053
24.15,4052
24.16,4051
24.17,4050
24.18,4049
24.19,4048
24.20,4047
24.21,4046
24.22,4045
24.23,4044
24.24,4043
24.26,4042
24.27,4041
24.28,4040
24.29,4039
24.30,4038
24.31,4037
24.32,4036
24.33,4035
24.34,4034
24.35,4033
24.36,4032
24.37,4031
24.38,4030
24.39,4029
24.40,4028
24.41,4027
24.42,4026
24.43,4025
24.44,4024
24.45,4023
24.46,4022
24.47,4021
24.48,4020
24.49,4019
24.50,4018
24.51,4017
24.52,4016
24.53,4015
24.54,4014
24.55,4013
24.56,4012
24.58,4011
24.59,4010
24.60,4009
24.61,4008
24.62,4007
24.63,4006
24.64,4005
24.65,4004
24.66,4003
24.67,4002
24.68,4001
24.69,4000
24.70,3999
24.71,3998
24.72,3997
24.73,3996
24.75,3995
24.76,3994
24.77,3993
24.78,3992
24.79,3991
24.80,3990
24.81,3989
24.82,3988
24.83,3987
24.84,3986
24.85,3985
24.86,3984
24.87,3983
24.88,3982
24.89,3981
24.92,3980
24.93,3979
24.94,3978
24.95,3977
24.96,3976
24.97,3975
24.98,3974
24.99,3973
25.00,3972
25.01,3971
25.02,3970
25.03,3969
25.04,3968
25.05,3967
25.06,3966
25.07,3965
25.08,3964
25.09,3963
25.10,3962
25.11,3961
25.12,3960
25.13,3959
25.14,3958
25.15,3957
25.16,3956
25.17,3955
25.18,3954
25.19,3953
25.20,3952
25.21,3951
25.22,3950
25.23,3949
25.24,3948
25.25,3947
25.26,3946
25.27,3945
25.28,3944
25.29,3943
25.30,3942
25.31,3941
25.32,3940
25.33,3939
25.34,3938
25.35,3937
25.37,3936
25.38,3935
25.39,3934
25.40,3933
25.41,3932
25.42,3931
25.43,3930
25.44,3929
25.45,3928
25.46,3927
25.47,3926
25.48,3925
25.49,3924
25.50,3923
25.51,3922
25.52,3921
25.53,3920
25.54,3919
25.55,3918
25.56,3917
25.57,3916
25.58,3915
25.59,3914
25.61,3913
25.62,3912
25.63,3911
25.64,3910
25.65,3909
25.66,3908
25.67,3907
25.68,3906
25.69,3905
25.70,3904
25.71,3903
25.72,3902
25.73,3901
25.74,3900
25.75,3899
25.76,3898
25.77,3897
25.78,3896
25.79,3895
25.80,3894
25.82,3893
25.83,3892
25.84,3891
25.85,3890
25.86,3889
25.87,3888
25.88,3887
25.89,3886
25.90,3885
25.91,3884
25.92,3883
25.93,3882
25.94,3881
25.95,3880
25.96,3879
25.97,3878
25.98,3877
25.99,3876
26.00,3875
26.01,3874
26.02,3873
26.03,3872
26.05,3871
26.06,3870
26.07,3869
26.08,3868
26.09,3867
26.10,3866
26.11,3865
26.12,3864
26.13,3863
26.14,3862
26.15,3861
26.16,3860
26.17,3859
26.18,3858
26.19,3857
26.20,3856
26.21,3855
26.22,3854
26.23,3853
26.24,3852
26.25,3851
26.26,3850
26.28,3849
26.29,3848
26.30,3847
26.31,3846
26.32,3845
26.33,3844
26.34,3843
26.35,3842
26.36,3841
26.37,3840
26.38,3839
26.39,3838
26.40,3837
26.41,3836
26.42,3835
26.44,3834
26.45,3833
26.46,3832
26.47,3831
26.48,3830
26.49,3829
26.50,3828
26.51,3827
26.52,3826
26.53,3825
26.54,3824
26.55,3823
26.56,3822
26.57,3821
26.58,3820
26.59,3819
26.60,3818
26.61,3817
26.62,3816
26.63,3815
26.64,3814
26.66,3813
26.67,3812
26.68,3811
26.69,3810
26.70,3809
26.71,3808
26.72,3807
26.73,3806
26.74,3805
26.75,3804
26.76,3803
26.77,3802
26.78,3801
26.79,3800
26.80,3799
26.81,3798
26.82,3797
26.83,3796
26.84,3795
26.85,3794
26.86,3793
26.87,3792
26.88,3791
26.89,3790
26.90,3789
26.91,3788
26.92,3787
26.93,3786
26.94,3785
26.96,3784
26.97,3783
26.98,3782
26.98,3781
26.99,3780
27.00,3779
27.01,3778
27.02,3777
27.03,3776
27.04,3775
27.05,3774
27.06,3773
27.07,3772
27.08,3771
27.09,3770
27.10,3769
27.11,3768
27.12,3767
27.13,3766
27.14,3765
27.15,3764
27.16,3763
27.17,3762
27.18,3761
27.19,3760
27.20,3759
27.22,3758
27.23,3757
27.24,3756
27.25,3755
27.26,3754
27.27,3753
27.28,3752
27.29,3751
27.30,3750
27.31,3749
27.32,3748
27.33,3747
27.34,3746
27.35,3745
27.36,3744
27.37,3743
27.38,3742
27.39,3741
27.40,3740
27.41,3739
27.42,3738
27.43,3737
27.44,3736
27.45,3735
27.46,3734
27.47,3733
27.48,3732
27.49,3731
27.50,3730
27.52,3729
27.53,3728
27.54,3727
27.55,3726
27.56,3725
27.57,3724
27.58,3723
27.59,3722
27.60,3721
27.61,3720
27.62,3719
27.63,3718
27.64,3717
27.65,3716
27.66,3715
27.67,3714
27.68,3713
27.69,3712
27.70,3711
27.71,3710
27.72,3709
27.73,3708
27.74,3707
27.76,3706
27.77,3705
27.78,3704
27.79,3703
27.80,3702
27.81,3701
27.82,3700
27.83,3699
27.84,3698
27.85,3697
27.86,3696
27.87,3695
27.88,3694
27.89,3693
27.90,3692
27.91,3691
27.92,3690
27.93,3689
27.94,3688
27.95,3687
27.96,3686
27.97,3685
27.98,3684
27.99,3683
28.00,3682
28.01,3681
28.02,3680
28.03,3679
28.04,3678
28.05,3677
28.06,3676
28.07,3675
28.08,3674
28.09,3673
28.10,3672
28.11,3671
28.13,3670
28.14,3669
28.15,3668
28.16,3667
28.17,3666
28.18,3665
28.19,3664
28.20,3663
28.21,3662
28.22,3661
28.23,3660
28.24,3659
28.25,3658
28.26,3657
28.27,3656
28.28,3655
28.29,3654
28.30,3653
28.31,3652
28.33,3651
28.34,3650
28.35,3649
28.36,3648
28.37,3647
28.38,3646
28.39,3645
28.40,3644
28.41,3643
28.42,3642
28.43,3641
28.44,3640
28.45,3639
28.46,3638
28.47,3637
28.48,3636
28.49,3635
28.50,3634
28.51,3633
28.52,3632
28.53,3631
28.54,3630
28.55,3629
28.56,3628
28.57,3627
28.59,3626
28.60,3625
28.61,3624
28.62,3623
28.63,3622
28.64,3621
28.65,3620
28.66,3619
28.67,3618
28.68,3617
28.69,3616
28.70,3615
28.71,3614
28.72,3613
28.73,3612
28.74,3611
28.75,3610
28.76,3609
28.77,3608
28.78,3607
28.79,3606
28.80,3605
28.81,3604
28.82,3603
28.83,3602
28.84,3601
28.85,3600
28.86,3599
28.87,3598
28.88,3597
28.89,3596
28.90,3595
28.91,3594
28.92,3593
28.93,3592
28.94,3591
28.95,3590
28.96,3589
28.97,3588
28.98,3587
28.99,3586
29.00,3585
29.01,3584
29.02,3583
29.03,3582
29.04,3581
29.05,3580
29.06,3579
29.07,3578
29.08,3577
29.09,3576
29.10,3575
29.11,3574
29.12,3573
29.13,3572
29.14,3571
29.15,3570
29.16,3569
29.17,3568
29.18,3567
29.19,3566
29.20,3565
29.21,3564
29.22,3563
29.23,3562
29.24,3561
29.25,3560
29.26,3559
29.27,3558
29.31,3557
29.32,3556
29.33,3555
29.34,3554
29.35,3553
29.36,3552
29.37,3551
29.38,3550
29.39,3549
29.40,3548
29.41,3547
29.42,3546
29.43,3545
29.44,3544
29.45,3543
29.46,3542
29.47,3541
29.48,3540
29.49,3539
29.50,3538
29.51,3537
29.52,3536
29.53,3535
29.54,3534
29.55,3533
29.56,3532
29.57,3531
29.58,3530
29.59,3529
29.60,3528
29.61,3527
29.62,3526
29.63,3525
29.64,3524
29.65,3523
29.66,3522
29.70,3521
29.71,3520
29.72,3519
29.73,3518
29.75,3517
29.76,3516
29.77,3515
29.78,3514
29.79,3513
29.80,3512
29.81,3511
29.82,3510
29.83,3509
29.84,3508
29.85,3507
29.86,3506
29.87,3505
29.88,3504
29.89,3503
29.90,3502
29.91,3501
29.92,3500
29.93,3499
29.94,3498
29.95,3497
29.96,3496
29.97,3495
29.98,3494
29.99,3493
30.00,3492
30.01,3491
30.02,3490
30.03,3489
30.04,3488
30.05,3487
30.06,3486
30.07,3485
30.08,3484
30.09,3483
30.09,3482
30.11,3481
30.12,3480
30.13,3479
30.14,3478
30.14,3477
30.15,3476
30.16,3475
30.17,3474
30.18,3473
30.19,3472
30.20,3471
30.21,3470
30.22,3469
30.23,3468
30.24,3467
30.25,3466
30.26,3465
30.27,3464
30.28,3463
30.29,3462
30.30,3461
30.31,3460
30.32,3459
30.33,3458
30.34,3457
30.35,3456
30.36,3455
30.37,3454
30.38,3453
30.39,3452
30.40,3451
30.41,3450
30.42,3449
30.43,3448
30.44,3447
30.45,3446
30.46,3445
30.47,3444
30.48,3443
30.49,3442
30.50,3441
30.51,3440
30.52,3439
30.53,3438
30.54,3437
30.55,3436
30.56,3435
30.57,3434
30.58,3433
30.59,3432
30.60,3431
30.61,3430
30.63,3429
30.64,3428
30.65,3427
30.65,3426
30.66,3425
30.67,3424
30.68,3423
30.71,3422
30.72,3421
30.73,3420
30.74,3419
30.75,3418
30.76,3417
30.77,3416
30.78,3415
30.79,3414
30.80,3413
30.81,3412
30.82,3411
30.83,3410
30.84,3409
30.85,3408
30.86,3407
30.87,3406
30.88,3405
30.89,3404
30.90,3403
30.91,3402
30.92,3401
30.93,3400
30.94,3399
30.95,3398
30.96,3397
30.97,3396
30.98,3395
30.99,3394
31.00,3393
31.01,3392
31.02,3391
31.03,3390
31.04,3389
31.05,3388
31.06,3387
31.07,3386
31.08,3385
31.09,3384
31.10,3383
31.11,3382
31.12,3381
31.13,3380
31.14,3379
31.15,3378
31.16,3377
31.17,3376
31.18,3375
31.19,3374
31.20,3373
31.21,3372
31.22,3371
31.23,3370
31.24,3369
31.25,3368
31.26,3367
31.27,3366
31.28,3365
31.29,3364
31.30,3363
31.31,3362
31.32,3361
31.33,3360
31.34,3359
31.35,3358
31.36,3357
