0.60,6072
0.81,6012
0.91,5952
1.00,5893
1.11,5835
1.18,5777
1.25,5720
1.33,5663
1.42,5607
1.53,5551
1.64,5496
1.71,5442
1.77,5388
1.83,5335
1.91,5282
1.99,5230
2.11,5178
2.22,5127
2.31,5076
2.38,5026
2.49,4976
2.55,4927
2.61,4878
2.67,4830
2.75,4782
2.80,4735
2.83,4688
2.87,4642
2.93,4596
3.01,4551
3.08,4506
3.10,4461
3.16,4417
3.23,4373
3.29,4330
3.34,4287
3.39,4245
3.44,4203
3.46,4161
3.50,4120
3.53,4079
3.56,4039
3.63,3999
3.66,3960
3.71,3921
3.73,3882
3.77,3844
3.80,3806
3.83,3768
3.87,3731
3.90,3694
3.96,3658
4.01,3622
4.05,3586
4.08,3551
4.10,3516
4.15,3481
4.21,3447
4.24,3413
4.30,3379
