0.03,926
0.09,925
0.09,924
0.10,923
0.10,922
0.10,921
0.11,920
0.11,919
0.11,918
0.12,917
0.12,916
0.12,915
0.13,914
0.13,913
0.13,912
0.14,911
0.14,910
0.14,909
0.14,908
0.14,907
0.15,906
0.15,905
0.15,904
0.15,903
0.15,902
0.16,901
0.16,900
0.16,899
0.16,898
0.16,897
0.16,896
0.17,895
0.17,894
0.17,893
0.17,892
0.17,891
0.18,890
0.18,889
0.18,888
0.18,887
0.18,886
0.18,885
0.18,884
0.19,883
0.19,882
0.19,881
0.19,880
0.19,879
0.20,878
0.20,877
0.20,876
0.20,875
0.20,874
0.20,873
0.21,872
0.21,871
0.21,870
0.21,869
0.21,868
0.21,867
0.22,866
0.22,865
0.22,864
0.22,863
0.22,862
0.22,861
0.22,860
0.22,859
0.23,858
0.23,857
0.23,856
0.23,855
0.23,854
0.23,853
0.23,852
0.23,851
0.24,850
0.24,849
0.24,848
0.24,847
0.24,846
0.24,845
0.24,844
0.24,843
0.25,842
0.25,841
0.25,840
0.25,839
0.25,838
0.25,837
0.25,836
0.25,835
0.26,834
0.26,833
0.26,832
0.26,831
0.26,830
0.26,829
0.26,828
0.27,827
0.27,826
0.27,825
0.27,824
0.27,823
0.27,822
0.27,821
0.28,820
0.28,819
0.28,818
0.28,817
0.28,816
0.28,815
0.28,814
0.29,813
0.29,812
0.29,811
0.29,810
0.29,809
0.29,808
0.29,807
0.29,806
0.30,805
0.30,804
0.30,803
0.30,802
0.30,801
0.30,800
0.30,799
0.30,798
0.31,797
0.31,796
0.31,795
0.31,794
0.31,793
0.31,792
0.31,791
0.31,790
0.31,789
0.32,788
0.32,787
0.32,786
0.32,785
0.32,784
0.32,783
0.32,782
0.32,781
0.33,780
0.33,779
0.33,778
0.33,777
0.33,776
0.33,775
0.33,774
0.33,773
0.33,772
0.34,771
0.34,770
0.34,769
0.34,768
0.34,767
0.34,766
0.34,765
0.34,764
0.34,763
0.35,762
0.35,761
0.35,760
