0.03,908
0.09,907
0.09,906
0.10,905
0.10,904
0.10,903
0.11,902
0.11,901
0.11,900
0.12,899
0.12,898
0.12,897
0.13,896
0.13,895
0.13,894
0.13,893
0.14,892
0.14,891
0.14,890
0.14,889
0.15,888
0.15,887
0.15,886
0.15,885
0.15,884
0.16,883
0.16,882
0.16,881
0.16,880
0.16,879
0.16,878
0.17,877
0.17,876
0.17,875
0.17,874
0.17,873
0.17,872
0.18,871
0.18,870
0.18,869
0.18,868
0.18,867
0.19,866
0.19,865
0.19,864
0.19,863
0.19,862
0.19,861
0.20,860
0.20,859
0.20,858
0.20,857
0.20,856
0.21,855
0.21,854
0.21,853
0.21,852
0.21,851
0.21,850
0.22,849
0.22,848
0.22,847
0.22,846
0.22,845
0.22,844
0.23,843
0.23,842
0.23,841
0.23,840
0.23,839
0.23,838
0.24,837
0.24,836
0.24,835
0.24,834
0.24,833
0.24,832
0.24,831
0.25,830
0.25,829
0.25,828
0.25,827
0.25,826
0.25,825
0.25,824
0.25,823
0.26,822
0.26,821
0.26,820
0.26,819
0.26,818
0.26,817
0.26,816
0.27,815
0.27,814
0.27,813
0.27,812
0.27,811
0.27,810
0.27,809
0.27,808
0.28,807
0.28,806
0.28,805
0.28,804
0.28,803
0.28,802
0.28,801
0.29,800
0.29,799
0.29,798
0.29,797
0.29,796
0.29,795
0.29,794
0.29,793
0.29,792
0.30,791
0.30,790
0.30,789
0.30,788
0.30,787
0.30,786
0.30,785
0.30,784
0.30,783
0.31,782
0.31,781
0.31,780
0.31,779
0.31,778
0.31,777
0.31,776
0.32,775
0.32,774
0.32,773
0.32,772
0.32,771
0.32,770
0.32,769
0.33,768
0.33,767
0.33,766
0.33,765
0.33,764
0.33,763
0.33,762
0.33,761
0.34,760
0.34,759
0.34,758
0.34,757
0.34,756
0.35,755
0.36,754
