0.03,920
0.09,919
0.09,918
0.10,917
0.10,916
0.10,915
0.11,914
0.11,913
0.11,912
0.12,911
0.12,910
0.12,909
0.13,908
0.13,907
0.13,906
0.13,905
0.14,904
0.14,903
0.14,902
0.14,901
0.15,900
0.15,899
0.15,898
0.15,897
0.15,896
0.16,895
0.16,894
0.16,893
0.16,892
0.16,891
0.16,890
0.17,889
0.17,888
0.17,887
0.17,886
0.17,885
0.17,884
0.18,883
0.18,882
0.18,881
0.18,880
0.18,879
0.18,878
0.19,877
0.19,876
0.19,875
0.19,874
0.19,873
0.19,872
0.20,871
0.20,870
0.20,869
0.20,868
0.20,867
0.20,866
0.21,865
0.21,864
0.21,863
0.21,862
0.21,861
0.21,860
0.22,859
0.22,858
0.22,857
0.22,856
0.22,855
0.22,854
0.22,853
0.23,852
0.23,851
0.23,850
0.23,849
0.23,848
0.23,847
0.23,846
0.24,845
0.24,844
0.24,843
0.24,842
0.24,841
0.24,840
0.24,839
0.25,838
0.25,837
0.25,836
0.25,835
0.25,834
0.25,833
0.25,832
0.25,831
0.26,830
0.26,829
0.26,828
0.26,827
0.26,826
0.26,825
0.26,824
0.27,823
0.27,822
0.27,821
0.27,820
0.27,819
0.27,818
0.27,817
0.27,816
0.27,815
0.28,814
0.28,813
0.28,812
0.28,811
0.28,810
0.28,809
0.28,808
0.28,807
0.29,806
0.29,805
0.29,804
0.29,803
0.29,802
0.29,801
0.29,800
0.29,799
0.30,798
0.30,797
0.30,796
0.30,795
0.30,794
0.30,793
0.30,792
0.30,791
0.30,790
0.31,789
0.31,788
0.31,787
0.31,786
0.31,785
0.31,784
0.31,783
0.31,782
0.31,781
0.32,780
0.32,779
0.32,778
0.32,777
0.32,776
0.32,775
0.32,774
0.32,773
0.32,772
0.33,771
0.33,770
0.33,769
0.33,768
0.33,767
0.33,766
0.33,765
0.33,764
0.33,763
0.34,762
0.34,761
0.34,760
0.34,759
0.34,758
0.34,757
0.35,756
0.35,755
