0.03,930
0.09,929
0.09,928
0.10,927
0.10,926
0.10,925
0.11,924
0.11,923
0.11,922
0.12,921
0.12,920
0.12,919
0.13,918
0.13,917
0.13,916
0.13,915
0.14,914
0.14,913
0.14,912
0.14,911
0.15,910
0.15,909
0.15,908
0.15,907
0.15,906
0.16,905
0.16,904
0.16,903
0.16,902
0.16,901
0.16,900
0.17,899
0.17,898
0.17,897
0.17,896
0.17,895
0.17,894
0.17,893
0.18,892
0.18,891
0.18,890
0.18,889
0.18,888
0.18,887
0.19,886
0.19,885
0.19,884
0.19,883
0.19,882
0.20,881
0.20,880
0.20,879
0.20,878
0.20,877
0.20,876
0.21,875
0.21,874
0.21,873
0.21,872
0.21,871
0.21,870
0.22,869
0.22,868
0.22,867
0.22,866
0.22,865
0.22,864
0.22,863
0.22,862
0.23,861
0.23,860
0.23,859
0.23,858
0.23,857
0.23,856
0.23,855
0.23,854
0.24,853
0.24,852
0.24,851
0.24,850
0.24,849
0.24,848
0.24,847
0.24,846
0.25,845
0.25,844
0.25,843
0.25,842
0.25,841
0.25,840
0.25,839
0.25,838
0.26,837
0.26,836
0.26,835
0.26,834
0.26,833
0.26,832
0.26,831
0.26,830
0.26,829
0.27,828
0.27,827
0.27,826
0.27,825
0.27,824
0.27,823
0.27,822
0.27,821
0.28,820
0.28,819
0.28,818
0.28,817
0.28,816
0.28,815
0.28,814
0.28,813
0.28,812
0.29,811
0.29,810
0.29,809
0.29,808
0.29,807
0.29,806
0.29,805
0.29,804
0.29,803
0.30,802
0.30,801
0.30,800
0.30,799
0.30,798
0.30,797
0.30,796
0.30,795
0.30,794
0.31,793
0.31,792
0.31,791
0.31,790
0.31,789
0.31,788
0.31,787
0.31,786
0.32,785
0.32,784
0.32,783
0.32,782
0.32,781
0.32,780
0.32,779
0.32,778
0.32,777
0.33,776
0.33,775
0.33,774
0.33,773
0.33,772
0.33,771
0.33,770
0.33,769
0.34,768
0.34,767
0.34,766
0.34,765
0.34,764
0.34,763
0.34,762
