0.03,920
0.09,919
0.09,918
0.10,917
0.10,916
0.11,915
0.11,914
0.11,913
0.12,912
0.12,911
0.12,910
0.13,909
0.13,908
0.13,907
0.13,906
0.14,905
0.14,904
0.14,903
0.14,902
0.15,901
0.15,900
0.15,899
0.15,898
0.16,897
0.16,896
0.16,895
0.16,894
0.17,893
0.17,892
0.17,891
0.17,890
0.17,889
0.17,888
0.18,887
0.18,886
0.18,885
0.18,884
0.18,883
0.18,882
0.19,881
0.19,880
0.19,879
0.19,878
0.19,877
0.19,876
0.20,875
0.20,874
0.20,873
0.20,872
0.20,871
0.21,870
0.21,869
0.21,868
0.21,867
0.21,866
0.21,865
0.22,864
0.22,863
0.22,862
0.22,861
0.22,860
0.22,859
0.22,858
0.23,857
0.23,856
0.23,855
0.23,854
0.23,853
0.23,852
0.23,851
0.24,850
0.24,849
0.24,848
0.24,847
0.24,846
0.24,845
0.24,844
0.24,843
0.24,842
0.25,841
0.25,840
0.25,839
0.25,838
0.25,837
0.25,836
0.25,835
0.26,834
0.26,833
0.26,832
0.26,831
0.26,830
0.26,829
0.26,828
0.26,827
0.27,826
0.27,825
0.27,824
0.27,823
0.27,822
0.27,821
0.27,820
0.27,819
0.27,818
0.28,817
0.28,816
0.28,815
0.28,814
0.28,813
0.28,812
0.28,811
0.28,810
0.28,809
0.29,808
0.29,807
0.29,806
0.29,805
0.29,804
0.29,803
0.29,802
0.29,801
0.29,800
0.30,799
0.30,798
0.30,797
0.30,796
0.30,795
0.30,794
0.30,793
0.30,792
0.30,791
0.31,790
0.31,789
0.31,788
0.31,787
0.31,786
0.31,785
0.31,784
0.31,783
0.31,782
0.32,781
0.32,780
0.32,779
0.32,778
0.32,777
0.32,776
0.32,775
0.32,774
0.33,773
0.33,772
0.33,771
0.33,770
0.33,769
0.33,768
0.33,767
0.33,766
0.34,765
0.34,764
0.34,763
0.34,762
