0.03,928
0.09,927
0.09,926
0.09,925
0.10,924
0.10,923
0.10,922
0.11,921
0.11,920
0.11,919
0.12,918
0.12,917
0.12,916
0.13,915
0.13,914
0.13,913
0.13,912
0.14,911
0.14,910
0.14,909
0.15,908
0.15,907
0.15,906
0.15,905
0.15,904
0.16,903
0.16,902
0.16,901
0.16,900
0.16,899
0.17,898
0.17,897
0.17,896
0.17,895
0.17,894
0.17,893
0.18,892
0.18,891
0.18,890
0.18,889
0.18,888
0.18,887
0.18,886
0.19,885
0.19,884
0.19,883
0.19,882
0.19,881
0.20,880
0.20,879
0.20,878
0.20,877
0.20,876
0.20,875
0.21,874
0.21,873
0.21,872
0.21,871
0.21,870
0.21,869
0.22,868
0.22,867
0.22,866
0.22,865
0.22,864
0.22,863
0.22,862
0.23,861
0.23,860
0.23,859
0.23,858
0.23,857
0.23,856
0.23,855
0.23,854
0.24,853
0.24,852
0.24,851
0.24,850
0.24,849
0.24,848
0.24,847
0.24,846
0.24,845
0.25,844
0.25,843
0.25,842
0.25,841
0.25,840
0.25,839
0.25,838
0.25,837
0.26,836
0.26,835
0.26,834
0.26,833
0.26,832
0.26,831
0.26,830
0.27,829
0.27,828
0.27,827
0.27,826
0.27,825
0.27,824
0.28,823
0.28,822
0.28,821
0.28,820
0.28,819
0.28,818
0.29,817
0.29,816
0.29,815
0.29,814
0.29,813
0.29,812
0.29,811
0.29,810
0.30,809
0.30,808
0.30,807
0.30,806
0.30,805
0.30,804
0.30,803
0.30,802
0.30,801
0.31,800
0.31,799
0.31,798
0.31,797
0.31,796
0.31,795
0.31,794
0.31,793
0.31,792
0.32,791
0.32,790
0.32,789
0.32,788
0.32,787
0.32,786
0.32,785
0.32,784
0.32,783
0.33,782
0.33,781
0.33,780
0.33,779
0.33,778
0.33,777
0.33,776
0.33,775
0.33,774
0.34,773
0.34,772
0.34,771
0.34,770
0.34,769
0.34,768
0.34,767
0.34,766
0.34,765
0.34,764
0.35,763
0.35,762
0.35,761
