0.03,906
0.09,905
0.09,904
0.10,903
0.10,902
0.11,901
0.11,900
0.11,899
0.12,898
0.12,897
0.12,896
0.12,895
0.13,894
0.13,893
0.13,892
0.14,891
0.14,890
0.14,889
0.14,888
0.15,887
0.15,886
0.15,885
0.15,884
0.16,883
0.16,882
0.16,881
0.16,880
0.16,879
0.16,878
0.17,877
0.17,876
0.17,875
0.17,874
0.17,873
0.17,872
0.18,871
0.18,870
0.18,869
0.18,868
0.18,867
0.18,866
0.18,865
0.19,864
0.19,863
0.19,862
0.19,861
0.19,860
0.19,859
0.20,858
0.20,857
0.20,856
0.20,855
0.20,854
0.20,853
0.21,852
0.21,851
0.21,850
0.21,849
0.21,848
0.21,847
0.22,846
0.22,845
0.22,844
0.22,843
0.22,842
0.22,841
0.22,840
0.23,839
0.23,838
0.23,837
0.23,836
0.23,835
0.23,834
0.23,833
0.24,832
0.24,831
0.24,830
0.24,829
0.24,828
0.24,827
0.24,826
0.24,825
0.25,824
0.25,823
0.25,822
0.25,821
0.25,820
0.25,819
0.25,818
0.26,817
0.26,816
0.26,815
0.26,814
0.26,813
0.26,812
0.26,811
0.26,810
0.26,809
0.27,808
0.27,807
0.27,806
0.27,805
0.27,804
0.27,803
0.27,802
0.27,801
0.28,800
0.28,799
0.28,798
0.28,797
0.28,796
0.28,795
0.28,794
0.28,793
0.29,792
0.29,791
0.29,790
0.29,789
0.29,788
0.29,787
0.29,786
0.29,785
0.29,784
0.30,783
0.30,782
0.30,781
0.30,780
0.30,779
0.30,778
0.30,777
0.30,776
0.30,775
0.31,774
0.31,773
0.31,772
0.31,771
0.31,770
0.31,769
0.31,768
0.31,767
0.31,766
0.32,765
0.32,764
0.32,763
0.32,762
0.32,761
0.32,760
0.32,759
0.33,758
0.33,757
