0.03,918
0.09,917
0.09,916
0.10,915
0.10,914
0.10,913
0.11,912
0.11,911
0.11,910
0.12,909
0.12,908
0.12,907
0.12,906
0.13,905
0.13,904
0.13,903
0.14,902
0.14,901
0.14,900
0.14,899
0.14,898
0.15,897
0.15,896
0.15,895
0.15,894
0.15,893
0.16,892
0.16,891
0.16,890
0.16,889
0.16,888
0.16,887
0.17,886
0.17,885
0.17,884
0.17,883
0.17,882
0.17,881
0.18,880
0.18,879
0.18,878
0.18,877
0.18,876
0.18,875
0.19,874
0.19,873
0.19,872
0.19,871
0.19,870
0.19,869
0.20,868
0.20,867
0.20,866
0.20,865
0.20,864
0.20,863
0.20,862
0.21,861
0.21,860
0.21,859
0.21,858
0.21,857
0.21,856
0.22,855
0.22,854
0.22,853
0.22,852
0.22,851
0.22,850
0.22,849
0.22,848
0.23,847
0.23,846
0.23,845
0.23,844
0.23,843
0.23,842
0.23,841
0.23,840
0.24,839
0.24,838
0.24,837
0.24,836
0.24,835
0.24,834
0.24,833
0.24,832
0.25,831
0.25,830
0.25,829
0.25,828
0.25,827
0.25,826
0.25,825
0.26,824
0.26,823
0.26,822
0.26,821
0.26,820
0.26,819
0.26,818
0.27,817
0.27,816
0.27,815
0.27,814
0.27,813
0.27,812
0.27,811
0.27,810
0.28,809
0.28,808
0.28,807
0.28,806
0.28,805
0.28,804
0.28,803
0.29,802
0.29,801
0.29,800
0.29,799
0.29,798
0.29,797
0.29,796
0.30,795
0.30,794
0.30,793
0.30,792
0.30,791
0.30,790
0.30,789
0.31,788
0.31,787
0.31,786
0.31,785
0.31,784
0.31,783
0.31,782
0.31,781
0.32,780
0.32,779
0.32,778
0.32,777
0.32,776
0.32,775
0.32,774
0.32,773
0.32,772
0.33,771
0.33,770
0.33,769
0.33,768
0.33,767
0.33,766
0.33,765
0.33,764
0.33,763
0.34,762
0.34,761
