0.05,830
0.11,829
0.11,828
0.12,827
0.13,826
0.13,825
0.14,824
0.15,823
0.15,822
0.15,821
0.15,820
0.16,819
0.16,818
0.16,817
0.17,816
0.17,815
0.17,814
0.18,813
0.18,812
0.18,811
0.18,810
0.19,809
0.19,808
0.19,807
0.19,806
0.20,805
0.20,804
0.20,803
0.20,802
0.21,801
0.21,800
0.21,799
0.21,798
0.22,797
0.22,796
0.22,795
0.22,794
0.23,793
0.23,792
0.23,791
0.23,790
0.23,789
0.24,788
0.24,787
0.24,786
0.24,785
0.24,784
0.24,783
0.25,782
0.25,781
0.25,780
0.26,779
0.26,778
0.26,777
0.26,776
0.26,775
0.27,774
0.27,773
0.27,772
0.27,771
0.27,770
0.28,769
0.28,768
0.28,767
0.28,766
0.28,765
0.29,764
0.29,763
0.29,762
0.29,761
0.29,760
0.29,759
0.30,758
0.30,757
0.30,756
0.30,755
0.31,754
0.31,753
0.31,752
0.31,751
0.31,750
0.32,749
0.32,748
0.32,747
0.32,746
0.33,745
0.33,744
0.33,743
0.33,742
0.33,741
0.34,740
0.34,739
0.34,738
0.34,737
0.35,736
0.35,735
0.35,734
0.35,733
0.35,732
0.36,731
0.36,730
0.36,729
0.36,728
0.36,727
0.36,726
0.37,725
0.37,724
0.37,723
0.37,722
0.37,721
0.37,720
0.38,719
0.38,718
0.38,717
0.38,716
0.39,715
0.39,714
0.39,713
0.39,712
0.39,711
0.40,710
0.40,709
0.40,708
0.40,707
0.40,706
0.40,705
0.41,704
0.41,703
0.41,702
0.41,701
0.41,700
0.41,699
0.42,698
0.42,697
0.42,696
0.42,695
0.42,694
0.42,693
0.43,692
0.43,691
0.43,690
0.43,689
0.43,688
0.43,687
0.44,686
0.44,685
0.44,684
0.44,683
0.44,682
0.44,681
0.45,680
0.45,679
0.45,678
0.45,677
0.45,676
0.45,675
0.46,674
0.46,673
0.46,672
0.46,671
0.46,670
0.46,669
0.47,668
0.47,667
0.47,666
0.47,665
0.47,664
0.48,663
0.48,662
0.48,661
0.48,660
0.48,659
0.48,658
0.48,657
0.48,656
0.49,655
0.49,654
0.49,653
0.49,652
0.49,651
0.49,650
0.49,649
0.50,648
0.50,647
0.51,646
