0.03,834
0.10,833
0.10,832
0.11,831
0.11,830
0.12,829
0.12,828
0.13,827
0.14,826
0.14,825
0.15,824
0.15,823
0.15,822
0.15,821
0.16,820
0.16,819
0.16,818
0.17,817
0.17,816
0.17,815
0.18,814
0.18,813
0.19,812
0.19,811
0.19,810
0.20,809
0.20,808
0.20,807
0.20,806
0.20,805
0.21,804
0.21,803
0.21,802
0.21,801
0.22,800
0.22,799
0.22,798
0.22,797
0.22,796
0.23,795
0.23,794
0.23,793
0.23,792
0.24,791
0.24,790
0.24,789
0.24,788
0.24,787
0.25,786
0.25,785
0.25,784
0.25,783
0.25,782
0.26,781
0.26,780
0.26,779
0.26,778
0.26,777
0.27,776
0.27,775
0.27,774
0.27,773
0.28,772
0.28,771
0.28,770
0.28,769
0.28,768
0.29,767
0.29,766
0.29,765
0.29,764
0.29,763
0.30,762
0.30,761
0.30,760
0.30,759
0.30,758
0.31,757
0.31,756
0.31,755
0.31,754
0.31,753
0.32,752
0.32,751
0.32,750
0.32,749
0.33,748
0.33,747
0.33,746
0.33,745
0.34,744
0.34,743
0.34,742
0.34,741
0.35,740
0.35,739
0.35,738
0.35,737
0.35,736
0.36,735
0.36,734
0.36,733
0.36,732
0.36,731
0.36,730
0.37,729
0.37,728
0.37,727
0.37,726
0.37,725
0.37,724
0.38,723
0.38,722
0.38,721
0.38,720
0.38,719
0.39,718
0.39,717
0.39,716
0.39,715
0.39,714
0.39,713
0.40,712
0.40,711
0.40,710
0.40,709
0.40,708
0.41,707
0.41,706
0.41,705
0.41,704
0.41,703
0.41,702
0.42,701
0.42,700
0.42,699
0.42,698
0.42,697
0.42,696
0.43,695
0.43,694
0.43,693
0.43,692
0.43,691
0.43,690
0.44,689
0.44,688
0.44,687
0.44,686
0.44,685
0.44,684
0.45,683
0.45,682
0.45,681
0.45,680
0.45,679
0.45,678
0.46,677
0.46,676
0.46,675
0.47,674
0.47,673
0.47,672
0.47,671
0.47,670
0.47,669
0.47,668
0.47,667
0.48,666
0.48,665
0.48,664
0.48,663
0.48,662
0.48,661
0.48,660
0.48,659
0.48,658
0.49,657
0.49,656
0.49,655
0.49,654
0.49,653
0.49,652
0.49,651
0.49,650
0.49,649
0.50,648
0.50,647
0.50,646
0.50,645
0.50,644
0.50,643
0.50,642
0.50,641
0.50,640
0.51,639
0.51,638
0.52,637
0.53,636
0.53,635
0.53,634
0.54,633
