0.03,816
0.10,815
0.10,814
0.11,813
0.11,812
0.12,811
0.13,810
0.13,809
0.14,808
0.14,807
0.14,806
0.15,805
0.15,804
0.15,803
0.16,802
0.16,801
0.16,800
0.16,799
0.17,798
0.17,797
0.17,796
0.18,795
0.18,794
0.19,793
0.19,792
0.19,791
0.19,790
0.20,789
0.20,788
0.20,787
0.20,786
0.21,785
0.21,784
0.21,783
0.21,782
0.22,781
0.22,780
0.22,779
0.22,778
0.23,777
0.23,776
0.23,775
0.23,774
0.23,773
0.24,772
0.24,771
0.24,770
0.24,769
0.24,768
0.25,767
0.25,766
0.25,765
0.25,764
0.25,763
0.25,762
0.26,761
0.26,760
0.26,759
0.26,758
0.27,757
0.27,756
0.27,755
0.27,754
0.27,753
0.27,752
0.28,751
0.28,750
0.28,749
0.28,748
0.28,747
0.29,746
0.29,745
0.29,744
0.29,743
0.29,742
0.29,741
0.30,740
0.30,739
0.30,738
0.30,737
0.30,736
0.31,735
0.31,734
0.31,733
0.31,732
0.31,731
0.32,730
0.32,729
0.32,728
0.32,727
0.32,726
0.33,725
0.33,724
0.33,723
0.33,722
0.33,721
0.34,720
0.34,719
0.34,718
0.34,717
0.34,716
0.35,715
0.35,714
0.35,713
0.36,712
0.36,711
0.36,710
0.36,709
0.36,708
0.36,707
0.37,706
0.37,705
0.37,704
0.37,703
0.37,702
0.37,701
0.38,700
0.38,699
0.38,698
0.38,697
0.38,696
0.39,695
0.39,694
0.39,693
0.39,692
0.39,691
0.39,690
0.40,689
0.40,688
0.40,687
0.40,686
0.40,685
0.40,684
0.41,683
0.41,682
0.41,681
0.41,680
0.41,679
0.41,678
0.42,677
0.42,676
0.42,675
0.42,674
0.42,673
0.42,672
0.43,671
0.43,670
0.43,669
0.43,668
0.43,667
0.43,666
0.44,665
0.44,664
0.44,663
0.44,662
0.44,661
0.44,660
0.45,659
0.45,658
0.45,657
0.45,656
0.45,655
0.45,654
0.46,653
0.46,652
0.46,651
0.47,650
0.47,649
