0.03,802
0.11,801
0.12,800
0.12,799
0.13,798
0.13,797
0.14,796
0.14,795
0.15,794
0.15,793
0.15,792
0.16,791
0.16,790
0.16,789
0.17,788
0.17,787
0.17,786
0.17,785
0.18,784
0.18,783
0.18,782
0.18,781
0.19,780
0.19,779
0.19,778
0.19,777
0.19,776
0.20,775
0.20,774
0.20,773
0.20,772
0.21,771
0.21,770
0.21,769
0.21,768
0.21,767
0.21,766
0.22,765
0.22,764
0.22,763
0.22,762
0.23,761
0.23,760
0.23,759
0.23,758
0.23,757
0.24,756
0.24,755
0.24,754
0.24,753
0.24,752
0.24,751
0.25,750
0.25,749
0.25,748
0.25,747
0.25,746
0.26,745
0.26,744
0.26,743
0.26,742
0.26,741
0.27,740
0.27,739
0.27,738
0.27,737
0.27,736
0.28,735
0.28,734
0.28,733
0.28,732
0.28,731
0.29,730
0.29,729
0.29,728
0.29,727
0.30,726
0.30,725
0.30,724
0.30,723
0.30,722
0.31,721
0.31,720
0.31,719
0.31,718
0.32,717
0.32,716
0.32,715
0.32,714
0.32,713
0.33,712
0.33,711
0.33,710
0.33,709
0.33,708
0.34,707
0.34,706
0.34,705
0.34,704
0.34,703
0.34,702
0.35,701
0.35,700
0.35,699
0.35,698
0.35,697
0.35,696
0.36,695
0.36,694
0.36,693
0.36,692
0.36,691
0.36,690
0.37,689
0.37,688
0.37,687
0.37,686
0.37,685
0.38,684
0.38,683
0.38,682
0.38,681
0.38,680
0.38,679
0.39,678
0.39,677
0.39,676
0.39,675
0.39,674
0.39,673
0.40,672
0.40,671
0.40,670
0.40,669
0.40,668
0.40,667
0.41,666
0.41,665
0.41,664
0.41,663
0.41,662
0.41,661
0.42,660
0.42,659
0.42,658
0.42,657
0.42,656
0.42,655
0.43,654
0.43,653
0.43,652
0.43,651
0.43,650
0.44,649
0.44,648
0.44,647
0.44,646
0.44,645
0.44,644
0.44,643
0.45,642
0.45,641
0.45,640
0.45,639
