0.05,832
0.11,831
0.12,830
0.13,829
0.13,828
0.14,827
0.14,826
0.15,825
0.15,824
0.15,823
0.15,822
0.16,821
0.16,820
0.16,819
0.17,818
0.17,817
0.17,816
0.17,815
0.18,814
0.18,813
0.18,812
0.19,811
0.19,810
0.19,809
0.20,808
0.20,807
0.20,806
0.20,805
0.20,804
0.20,803
0.21,802
0.21,801
0.21,800
0.21,799
0.22,798
0.22,797
0.22,796
0.22,795
0.22,794
0.22,793
0.23,792
0.23,791
0.23,790
0.23,789
0.23,788
0.24,787
0.24,786
0.24,785
0.24,784
0.24,783
0.24,782
0.25,781
0.25,780
0.25,779
0.25,778
0.26,777
0.26,776
0.26,775
0.26,774
0.26,773
0.26,772
0.27,771
0.27,770
0.27,769
0.27,768
0.27,767
0.27,766
0.28,765
0.28,764
0.28,763
0.28,762
0.28,761
0.28,760
0.29,759
0.29,758
0.29,757
0.29,756
0.29,755
0.29,754
0.30,753
0.30,752
0.30,751
0.30,750
0.30,749
0.31,748
0.31,747
0.31,746
0.31,745
0.31,744
0.31,743
0.32,742
0.32,741
0.32,740
0.32,739
0.32,738
0.33,737
0.33,736
0.33,735
0.33,734
0.33,733
0.34,732
0.34,731
0.34,730
0.34,729
0.34,728
0.35,727
0.35,726
0.35,725
0.35,724
0.35,723
0.35,722
0.36,721
0.36,720
0.36,719
0.36,718
0.36,717
0.36,716
0.36,715
0.37,714
0.37,713
0.37,712
0.37,711
0.37,710
0.38,709
0.38,708
0.38,707
0.38,706
0.38,705
0.38,704
0.39,703
0.39,702
0.39,701
0.39,700
0.39,699
0.39,698
0.40,697
0.40,696
0.40,695
0.40,694
0.40,693
0.40,692
0.40,691
0.41,690
0.41,689
0.41,688
0.41,687
0.41,686
0.41,685
0.41,684
0.42,683
0.42,682
0.42,681
0.42,680
0.42,679
0.42,678
0.42,677
0.43,676
0.43,675
0.43,674
0.43,673
0.43,672
0.43,671
0.44,670
0.44,669
0.44,668
0.44,667
0.44,666
0.44,665
0.45,664
0.45,663
0.45,662
0.45,661
0.45,660
0.45,659
0.45,658
0.45,657
0.45,656
0.45,655
0.46,654
0.46,653
0.46,652
0.46,651
0.46,650
0.46,649
0.46,648
0.46,647
0.46,646
0.46,645
0.47,644
0.47,643
0.47,642
0.47,641
0.47,640
0.48,639
0.48,638
0.48,637
