0.03,826
0.09,825
0.10,824
0.10,823
0.11,822
0.11,821
0.12,820
0.12,819
0.13,818
0.13,817
0.13,816
0.14,815
0.14,814
0.14,813
0.15,812
0.15,811
0.15,810
0.15,809
0.16,808
0.16,807
0.16,806
0.17,805
0.18,804
0.18,803
0.18,802
0.18,801
0.19,800
0.19,799
0.19,798
0.19,797
0.19,796
0.20,795
0.20,794
0.20,793
0.20,792
0.21,791
0.21,790
0.21,789
0.21,788
0.21,787
0.22,786
0.22,785
0.22,784
0.22,783
0.22,782
0.22,781
0.23,780
0.23,779
0.23,778
0.23,777
0.23,776
0.24,775
0.24,774
0.24,773
0.24,772
0.24,771
0.25,770
0.25,769
0.25,768
0.25,767
0.26,766
0.26,765
0.26,764
0.26,763
0.26,762
0.27,761
0.27,760
0.27,759
0.27,758
0.28,757
0.28,756
0.28,755
0.28,754
0.28,753
0.29,752
0.29,751
0.29,750
0.29,749
0.30,748
0.30,747
0.30,746
0.30,745
0.31,744
0.31,743
0.31,742
0.31,741
0.31,740
0.32,739
0.32,738
0.32,737
0.33,736
0.33,735
0.33,734
0.33,733
0.33,732
0.34,731
0.34,730
0.34,729
0.34,728
0.35,727
0.35,726
0.35,725
0.35,724
0.35,723
0.35,722
0.36,721
0.36,720
0.36,719
0.36,718
0.36,717
0.37,716
0.37,715
0.37,714
0.37,713
0.37,712
0.37,711
0.38,710
0.38,709
0.38,708
0.38,707
0.38,706
0.38,705
0.39,704
0.39,703
0.39,702
0.39,701
0.39,700
0.39,699
0.40,698
0.40,697
0.40,696
0.40,695
0.40,694
0.40,693
0.41,692
0.41,691
0.41,690
0.41,689
0.41,688
0.41,687
0.42,686
0.42,685
0.42,684
0.42,683
0.42,682
0.42,681
0.43,680
0.43,679
0.43,678
0.43,677
0.43,676
0.43,675
0.44,674
0.44,673
0.44,672
0.44,671
0.44,670
0.44,669
0.45,668
0.45,667
0.45,666
0.45,665
0.45,664
0.45,663
0.46,662
0.46,661
0.46,660
0.46,659
0.46,658
0.47,657
0.47,656
0.47,655
0.47,654
0.47,653
0.47,652
0.47,651
0.47,650
0.48,649
0.48,648
0.48,647
0.48,646
0.48,645
0.48,644
0.48,643
0.48,642
0.48,641
