0.03,846
0.09,845
0.10,844
0.11,843
0.12,842
0.12,841
0.12,840
0.13,839
0.13,838
0.13,837
0.14,836
0.14,835
0.14,834
0.15,833
0.15,832
0.15,831
0.16,830
0.16,829
0.16,828
0.16,827
0.17,826
0.17,825
0.17,824
0.18,823
0.18,822
0.18,821
0.19,820
0.19,819
0.19,818
0.19,817
0.19,816
0.20,815
0.20,814
0.20,813
0.20,812
0.21,811
0.21,810
0.21,809
0.21,808
0.21,807
0.22,806
0.22,805
0.22,804
0.22,803
0.22,802
0.24,801
0.24,800
0.24,799
0.24,798
0.24,797
0.25,796
0.25,795
0.25,794
0.25,793
0.25,792
0.26,791
0.26,790
0.26,789
0.26,788
0.26,787
0.27,786
0.27,785
0.27,784
0.27,783
0.27,782
0.28,781
0.28,780
0.28,779
0.28,778
0.28,777
0.29,776
0.29,775
0.29,774
0.29,773
0.29,772
0.30,771
0.30,770
0.30,769
0.30,768
0.30,767
0.31,766
0.31,765
0.31,764
0.31,763
0.31,762
0.32,761
0.32,760
0.32,759
0.32,758
0.33,757
0.33,756
0.33,755
0.33,754
0.33,753
0.34,752
0.34,751
0.34,750
0.34,749
0.35,748
0.35,747
0.35,746
0.35,745
0.36,744
0.36,743
0.36,742
0.36,741
0.37,740
0.37,739
0.37,738
0.37,737
0.37,736
0.37,735
0.38,734
0.38,733
0.38,732
0.38,731
0.38,730
0.38,729
0.39,728
0.39,727
0.39,726
0.39,725
0.39,724
0.40,723
0.40,722
0.40,721
0.40,720
0.40,719
0.40,718
0.41,717
0.41,716
0.41,715
0.41,714
0.41,713
0.42,712
0.42,711
0.42,710
0.42,709
0.42,708
0.42,707
0.43,706
0.43,705
0.43,704
0.43,703
0.43,702
0.43,701
0.44,700
0.44,699
0.44,698
0.44,697
0.44,696
0.45,695
0.45,694
0.45,693
0.45,692
0.45,691
0.45,690
0.46,689
0.46,688
0.46,687
0.46,686
0.46,685
0.46,684
0.47,683
0.47,682
0.47,681
0.47,680
0.47,679
0.48,678
0.48,677
0.48,676
0.48,675
0.48,674
0.48,673
0.48,672
0.48,671
0.49,670
0.49,669
0.49,668
0.49,667
0.49,666
0.49,665
0.49,664
0.49,663
0.50,662
0.50,661
0.50,660
0.50,659
0.50,658
0.50,657
0.50,656
0.50,655
0.50,654
0.51,653
0.51,652
0.51,651
0.51,650
0.51,649
0.51,648
0.51,647
0.51,646
