0.03,830
0.09,829
0.10,828
0.11,827
0.11,826
0.12,825
0.12,824
0.12,823
0.13,822
0.13,821
0.13,820
0.14,819
0.14,818
0.14,817
0.15,816
0.15,815
0.15,814
0.15,813
0.16,812
0.16,811
0.16,810
0.17,809
0.17,808
0.17,807
0.18,806
0.18,805
0.18,804
0.18,803
0.19,802
0.19,801
0.19,800
0.19,799
0.19,798
0.20,797
0.20,796
0.20,795
0.20,794
0.20,793
0.21,792
0.21,791
0.21,790
0.21,789
0.21,788
0.22,787
0.22,786
0.22,785
0.22,784
0.23,783
0.23,782
0.23,781
0.23,780
0.24,779
0.24,778
0.24,777
0.24,776
0.24,775
0.25,774
0.25,773
0.25,772
0.25,771
0.25,770
0.26,769
0.26,768
0.26,767
0.26,766
0.26,765
0.26,764
0.27,763
0.27,762
0.27,761
0.27,760
0.27,759
0.27,758
0.28,757
0.28,756
0.28,755
0.28,754
0.29,753
0.29,752
0.29,751
0.29,750
0.29,749
0.30,748
0.30,747
0.30,746
0.30,745
0.30,744
0.31,743
0.31,742
0.31,741
0.31,740
0.31,739
0.32,738
0.32,737
0.32,736
0.32,735
0.32,734
0.32,733
0.33,732
0.33,731
0.33,730
0.33,729
0.33,728
0.34,727
0.34,726
0.34,725
0.34,724
0.34,723
0.35,722
0.35,721
0.35,720
0.35,719
0.35,718
0.36,717
0.36,716
0.36,715
0.36,714
0.36,713
0.36,712
0.36,711
0.37,710
0.37,709
0.37,708
0.37,707
0.37,706
0.37,705
0.38,704
0.38,703
0.38,702
0.38,701
0.38,700
0.38,699
0.39,698
0.39,697
0.39,696
0.39,695
0.39,694
0.39,693
0.39,692
0.40,691
0.40,690
0.40,689
0.40,688
0.40,687
0.40,686
0.41,685
0.41,684
0.41,683
0.41,682
0.41,681
0.41,680
0.41,679
0.42,678
0.42,677
0.42,676
0.42,675
0.42,674
0.42,673
0.42,672
0.43,671
0.43,670
0.43,669
0.43,668
0.43,667
0.44,666
0.44,665
0.44,664
0.44,663
0.44,662
0.44,661
0.44,660
0.44,659
0.44,658
0.45,657
0.45,656
0.45,655
0.45,654
0.45,653
0.45,652
0.45,651
0.45,650
0.45,649
0.45,648
0.46,647
0.46,646
0.46,645
0.46,644
0.46,643
0.46,642
0.46,641
0.46,640
0.46,639
0.46,638
0.47,637
0.47,636
0.47,635
0.47,634
0.47,633
0.48,632
0.48,631
0.48,630
0.48,629
