0.04,844
0.10,843
0.10,842
0.11,841
0.11,840
0.12,839
0.12,838
0.13,837
0.13,836
0.13,835
0.14,834
0.14,833
0.15,832
0.15,831
0.15,830
0.15,829
0.16,828
0.16,827
0.17,826
0.17,825
0.17,824
0.17,823
0.18,822
0.18,821
0.18,820
0.18,819
0.19,818
0.19,817
0.19,816
0.19,815
0.20,814
0.20,813
0.20,812
0.20,811
0.20,810
0.21,809
0.21,808
0.21,807
0.21,806
0.22,805
0.22,804
0.22,803
0.22,802
0.22,801
0.23,800
0.23,799
0.23,798
0.23,797
0.23,796
0.24,795
0.24,794
0.24,793
0.24,792
0.24,791
0.25,790
0.25,789
0.25,788
0.25,787
0.25,786
0.26,785
0.26,784
0.26,783
0.26,782
0.26,781
0.27,780
0.27,779
0.27,778
0.27,777
0.28,776
0.28,775
0.28,774
0.28,773
0.28,772
0.29,771
0.29,770
0.29,769
0.29,768
0.29,767
0.30,766
0.30,765
0.30,764
0.30,763
0.30,762
0.31,761
0.31,760
0.31,759
0.31,758
0.32,757
0.32,756
0.32,755
0.32,754
0.33,753
0.33,752
0.33,751
0.33,750
0.33,749
0.34,748
0.34,747
0.34,746
0.34,745
0.34,744
0.34,743
0.35,742
0.35,741
0.35,740
0.35,739
0.35,738
0.36,737
0.36,736
0.36,735
0.36,734
0.36,733
0.36,732
0.37,731
0.37,730
0.37,729
0.37,728
0.37,727
0.38,726
0.38,725
0.38,724
0.38,723
0.38,722
0.39,721
0.39,720
0.39,719
0.39,718
0.39,717
0.39,716
0.40,715
0.40,714
0.40,713
0.40,712
0.40,711
0.40,710
0.41,709
0.41,708
0.41,707
0.41,706
0.41,705
0.42,704
0.42,703
0.42,702
0.42,701
0.42,700
0.42,699
0.43,698
0.43,697
0.43,696
0.43,695
0.43,694
0.43,693
0.44,692
0.44,691
0.44,690
0.44,689
0.44,688
0.44,687
0.45,686
0.45,685
0.45,684
0.45,683
0.45,682
0.45,681
0.46,680
0.46,679
0.46,678
0.46,677
0.46,676
0.47,675
0.47,674
0.47,673
0.47,672
0.47,671
0.47,670
0.47,669
0.47,668
0.48,667
0.48,666
0.48,665
0.48,664
0.48,663
0.48,662
0.48,661
0.48,660
0.48,659
0.49,658
0.49,657
0.49,656
0.49,655
0.49,654
0.49,653
0.49,652
0.49,651
0.50,650
0.50,649
0.50,648
0.50,647
0.50,646
0.50,645
0.50,644
0.50,643
0.51,642
0.51,641
0.51,640
0.51,639
0.51,638
0.51,637
0.52,636
0.52,635
