0.03,832
0.10,831
0.10,830
0.11,829
0.11,828
0.12,827
0.13,826
0.14,825
0.14,824
0.14,823
0.15,822
0.15,821
0.15,820
0.16,819
0.16,818
0.16,817
0.16,816
0.17,815
0.17,814
0.17,813
0.18,812
0.18,811
0.18,810
0.18,809
0.18,808
0.19,807
0.19,806
0.19,805
0.19,804
0.19,803
0.20,802
0.20,801
0.20,800
0.20,799
0.20,798
0.21,797
0.21,796
0.21,795
0.21,794
0.22,793
0.22,792
0.22,791
0.22,790
0.22,789
0.23,788
0.23,787
0.23,786
0.23,785
0.23,784
0.24,783
0.24,782
0.24,781
0.24,780
0.24,779
0.24,778
0.25,777
0.25,776
0.26,775
0.26,774
0.26,773
0.26,772
0.26,771
0.27,770
0.27,769
0.27,768
0.27,767
0.27,766
0.28,765
0.28,764
0.28,763
0.28,762
0.28,761
0.29,760
0.29,759
0.29,758
0.29,757
0.29,756
0.30,755
0.30,754
0.30,753
0.30,752
0.30,751
0.31,750
0.31,749
0.31,748
0.31,747
0.32,746
0.32,745
0.32,744
0.32,743
0.32,742
0.33,741
0.33,740
0.33,739
0.33,738
0.34,737
0.34,736
0.34,735
0.34,734
0.34,733
0.35,732
0.35,731
0.35,730
0.35,729
0.35,728
0.35,727
0.36,726
0.36,725
0.36,724
0.36,723
0.36,722
0.36,721
0.37,720
0.37,719
0.37,718
0.37,717
0.37,716
0.37,715
0.38,714
0.38,713
0.38,712
0.38,711
0.38,710
0.39,709
0.39,708
0.39,707
0.39,706
0.39,705
0.39,704
0.40,703
0.40,702
0.40,701
0.40,700
0.40,699
0.41,698
0.41,697
0.41,696
0.41,695
0.41,694
0.41,693
0.42,692
0.42,691
0.42,690
0.42,689
0.42,688
0.42,687
0.43,686
0.43,685
0.43,684
0.43,683
0.43,682
0.43,681
0.44,680
0.44,679
0.44,678
0.44,677
0.44,676
0.44,675
0.45,674
0.45,673
0.45,672
0.45,671
0.45,670
0.45,669
0.46,668
0.46,667
0.46,666
0.46,665
0.46,664
0.46,663
0.47,662
0.47,661
0.47,660
0.47,659
0.47,658
0.47,657
0.47,656
0.47,655
0.47,654
0.48,653
0.48,652
0.48,651
0.48,650
0.48,649
0.48,648
0.48,647
0.48,646
0.48,645
0.49,644
0.49,643
0.49,642
0.49,641
0.49,640
0.50,639
0.51,638
