0.36,5778
0.44,5777
0.45,5776
0.46,5775
0.48,5774
0.48,5773
0.49,5772
0.50,5771
0.51,5770
0.52,5769
0.53,5768
0.53,5767
0.54,5766
0.55,5765
0.56,5764
0.56,5763
0.57,5762
0.58,5761
0.58,5760
0.59,5759
0.60,5758
0.60,5757
0.61,5756
0.61,5755
0.62,5754
0.63,5753
0.64,5752
0.64,5751
0.65,5750
0.65,5749
0.66,5748
0.66,5747
0.67,5746
0.68,5745
0.68,5744
0.69,5743
0.69,5742
0.70,5741
0.70,5740
0.71,5739
0.72,5738
0.72,5737
0.73,5736
0.74,5735
0.74,5734
0.75,5733
0.75,5732
0.76,5731
0.76,5730
0.77,5729
0.78,5728
0.78,5727
0.79,5726
0.79,5725
0.80,5724
0.80,5723
0.81,5722
0.82,5721
0.82,5720
0.83,5719
0.83,5718
0.84,5717
0.85,5716
0.85,5715
0.86,5714
0.86,5713
0.87,5712
0.88,5711
0.88,5710
0.89,5709
0.90,5708
0.90,5707
0.91,5706
0.91,5705
0.92,5704
0.92,5703
0.93,5702
0.93,5701
0.94,5700
0.95,5699
0.95,5698
0.96,5697
0.96,5696
0.97,5695
0.97,5694
0.98,5693
0.99,5692
0.99,5691
1.00,5690
1.00,5689
1.01,5688
1.02,5687
1.02,5686
1.03,5685
1.04,5684
1.04,5683
1.05,5682
1.06,5681
1.06,5680
1.07,5679
1.08,5678
1.08,5677
1.09,5676
1.10,5675
1.10,5674
1.11,5673
1.12,5672
1.12,5671
1.13,5670
1.13,5669
1.14,5668
1.15,5667
1.15,5666
1.16,5665
1.17,5664
1.17,5663
1.18,5662
1.18,5661
1.19,5660
1.20,5659
1.20,5658
1.21,5657
1.22,5656
1.22,5655
1.23,5654
1.24,5653
1.25,5652
1.25,5651
1.26,5650
1.26,5649
1.27,5648
1.28,5647
1.28,5646
1.29,5645
1.29,5644
1.30,5643
1.30,5642
1.31,5641
1.31,5640
1.32,5639
1.32,5638
1.33,5637
1.34,5636
1.34,5635
1.35,5634
1.35,5633
1.36,5632
1.36,5631
1.37,5630
1.37,5629
1.38,5628
1.38,5627
1.39,5626
1.39,5625
1.40,5624
1.40,5623
1.41,5622
1.42,5621
1.42,5620
1.43,5619
1.43,5618
1.44,5617
1.44,5616
1.45,5615
1.46,5614
1.46,5613
1.47,5612
1.47,5611
1.48,5610
1.48,5609
1.49,5608
1.50,5607
1.50,5606
1.51,5605
1.51,5604
1.52,5603
1.53,5602
1.53,5601
1.54,5600
1.54,5599
1.55,5598
1.56,5597
1.56,5596
1.57,5595
1.58,5594
1.58,5593
1.59,5592
1.59,5591
1.61,5590
1.62,5589
1.62,5588
1.63,5587
1.63,5586
1.64,5585
1.64,5584
1.65,5583
1.66,5582
1.67,5581
1.67,5580
1.68,5579
1.68,5578
1.69,5577
1.69,5576
1.70,5575
1.71,5574
1.71,5573
1.72,5572
1.72,5571
1.73,5570
1.73,5569
1.74,5568
1.75,5567
1.75,5566
1.76,5565
1.76,5564
1.77,5563
1.77,5562
1.78,5561
1.79,5560
1.80,5559
1.80,5558
1.81,5557
1.81,5556
1.82,5555
1.82,5554
1.83,5553
1.83,5552
1.84,5551
1.85,5550
1.85,5549
1.85,5548
1.86,5547
1.87,5546
1.87,5545
1.88,5544
1.88,5543
1.89,5542
1.89,5541
1.90,5540
1.90,5539
1.91,5538
1.91,5537
1.92,5536
1.93,5535
1.93,5534
1.94,5533
1.94,5532
1.95,5531
1.96,5530
1.96,5529
1.97,5528
1.97,5527
1.98,5526
1.98,5525
1.98,5524
1.99,5523
2.00,5522
2.00,5521
2.00,5520
2.01,5519
2.02,5518
2.02,5517
2.03,5516
2.03,5515
2.04,5514
2.05,5513
2.05,5512
2.06,5511
2.06,5510
2.07,5509
2.08,5508
2.08,5507
2.09,5506
2.09,5505
2.10,5504
2.10,5503
2.11,5502
2.11,5501
2.12,5500
2.13,5499
2.13,5498
2.14,5497
2.14,5496
2.15,5495
2.15,5494
2.16,5493
2.16,5492
2.17,5491
2.17,5490
2.18,5489
2.18,5488
2.19,5487
2.19,5486
2.20,5485
2.20,5484
2.21,5483
2.21,5482
2.22,5481
2.22,5480
2.23,5479
2.23,5478
2.24,5477
2.24,5476
2.25,5475
2.26,5474
2.26,5473
2.27,5472
2.27,5471
2.28,5470
2.28,5469
2.29,5468
2.29,5467
2.30,5466
2.31,5465
2.31,5464
2.32,5463
2.33,5462
2.33,5461
2.34,5460
2.35,5459
2.35,5458
2.36,5457
2.36,5456
2.37,5455
2.38,5454
2.38,5453
2.39,5452
2.39,5451
2.40,5450
2.41,5449
2.41,5448
2.42,5447
2.42,5446
2.43,5445
2.44,5444
2.44,5443
2.45,5442
2.45,5441
2.46,5440
2.46,5439
2.47,5438
2.48,5437
2.48,5436
2.49,5435
2.49,5434
2.50,5433
2.50,5432
2.51,5431
2.51,5430
2.52,5429
2.53,5428
2.53,5427
2.54,5426
2.54,5425
2.55,5424
2.56,5423
2.56,5422
2.57,5421
2.57,5420
2.58,5419
2.58,5418
2.59,5417
2.60,5416
2.60,5415
2.61,5414
2.61,5413
2.62,5412
2.63,5411
2.63,5410
2.64,5409
2.65,5408
2.65,5407
2.66,5406
2.66,5405
2.67,5404
2.67,5403
2.68,5402
2.69,5401
2.69,5400
2.70,5399
2.71,5398
2.71,5397
2.72,5396
2.72,5395
2.73,5394
2.73,5393
2.74,5392
2.75,5391
2.76,5390
2.76,5389
2.77,5388
2.77,5387
2.78,5386
2.78,5385
2.79,5384
2.79,5383
2.80,5382
2.81,5381
2.81,5380
2.82,5379
2.82,5378
2.83,5377
2.83,5376
2.84,5375
2.84,5374
2.85,5373
2.85,5372
2.86,5371
2.86,5370
2.87,5369
2.87,5368
2.88,5367
2.88,5366
2.89,5365
2.89,5364
2.90,5363
2.90,5362
2.91,5361
2.91,5360
2.92,5359
2.92,5358
2.93,5357
2.93,5356
2.94,5355
2.94,5354
2.94,5353
2.95,5352
2.95,5351
2.96,5350
2.96,5349
2.97,5348
2.97,5347
2.98,5346
2.98,5345
2.99,5344
2.99,5343
3.00,5342
3.00,5341
3.01,5340
3.01,5339
3.02,5338
3.02,5337
3.03,5336
3.04,5335
3.04,5334
3.05,5333
3.05,5332
3.06,5331
3.06,5330
3.07,5329
3.07,5328
3.08,5327
3.08,5326
3.09,5325
3.09,5324
3.10,5323
3.11,5322
3.12,5321
3.12,5320
3.13,5319
3.13,5318
3.14,5317
3.14,5316
3.15,5315
3.15,5314
3.16,5313
3.16,5312
3.17,5311
3.17,5310
3.18,5309
3.18,5308
3.19,5307
3.19,5306
3.20,5305
3.20,5304
3.21,5303
3.21,5302
3.22,5301
3.22,5300
3.23,5299
3.23,5298
3.24,5297
3.24,5296
3.25,5295
3.25,5294
3.25,5293
3.26,5292
3.26,5291
3.27,5290
3.27,5289
3.28,5288
3.28,5287
3.29,5286
3.29,5285
3.30,5284
3.30,5283
3.31,5282
3.31,5281
3.32,5280
3.32,5279
3.33,5278
3.34,5277
3.34,5276
3.35,5275
3.35,5274
3.35,5273
3.36,5272
3.37,5271
3.37,5270
3.38,5269
3.38,5268
3.39,5267
3.39,5266
3.40,5265
3.40,5264
3.41,5263
3.41,5262
3.42,5261
3.42,5260
3.43,5259
3.43,5258
3.44,5257
3.44,5256
3.45,5255
3.45,5254
3.46,5253
3.46,5252
3.46,5251
3.47,5250
3.47,5249
3.48,5248
3.49,5247
3.49,5246
3.50,5245
3.50,5244
3.51,5243
3.51,5242
3.52,5241
3.52,5240
3.53,5239
3.53,5238
3.54,5237
3.54,5236
3.55,5235
3.55,5234
3.56,5233
3.56,5232
3.57,5231
3.57,5230
3.58,5229
3.58,5228
3.59,5227
3.59,5226
3.60,5225
3.60,5224
3.61,5223
3.61,5222
3.62,5221
3.62,5220
3.62,5219
3.63,5218
3.63,5217
3.64,5216
3.65,5215
3.65,5214
3.66,5213
3.66,5212
3.67,5211
3.67,5210
3.68,5209
3.68,5208
3.68,5207
3.69,5206
3.69,5205
3.70,5204
3.70,5203
3.71,5202
3.71,5201
3.72,5200
3.72,5199
3.73,5198
3.73,5197
3.73,5196
3.74,5195
3.74,5194
3.75,5193
3.75,5192
3.76,5191
3.76,5190
3.77,5189
3.77,5188
3.78,5187
3.78,5186
3.79,5185
3.79,5184
3.80,5183
3.80,5182
3.81,5181
3.81,5180
3.82,5179
3.82,5178
3.83,5177
3.83,5176
3.84,5175
3.84,5174
3.85,5173
3.85,5172
3.86,5171
3.86,5170
3.87,5169
3.87,5168
3.88,5167
3.88,5166
3.89,5165
3.89,5164
3.89,5163
3.90,5162
3.90,5161
3.91,5160
3.91,5159
3.92,5158
3.92,5157
3.93,5156
3.93,5155
3.94,5154
3.94,5153
3.95,5152
3.95,5151
3.96,5150
3.96,5149
3.97,5148
3.97,5147
3.98,5146
3.98,5145
3.99,5144
3.99,5143
4.00,5142
4.00,5141
4.01,5140
4.01,5139
4.02,5138
4.02,5137
4.03,5136
4.03,5135
4.04,5134
4.04,5133
4.05,5132
4.05,5131
4.06,5130
4.06,5129
4.06,5128
4.07,5127
4.07,5126
4.08,5125
4.08,5124
4.09,5123
4.09,5122
4.10,5121
4.10,5120
4.11,5119
4.11,5118
4.12,5117
4.12,5116
4.13,5115
4.13,5114
4.14,5113
4.14,5112
4.15,5111
4.15,5110
4.16,5109
4.16,5108
4.17,5107
4.17,5106
4.18,5105
4.18,5104
4.19,5103
4.19,5102
4.20,5101
4.20,5100
4.21,5099
4.21,5098
4.22,5097
4.22,5096
4.23,5095
4.23,5094
4.24,5093
4.24,5092
4.25,5091
4.25,5090
4.26,5089
4.26,5088
4.26,5087
4.27,5086
4.27,5085
4.28,5084
4.28,5083
4.29,5082
4.29,5081
4.30,5080
4.30,5079
4.31,5078
4.31,5077
4.32,5076
4.32,5075
4.33,5074
4.33,5073
4.33,5072
4.34,5071
4.34,5070
4.35,5069
4.36,5068
4.36,5067
4.37,5066
4.37,5065
4.38,5064
4.38,5063
4.38,5062
4.39,5061
4.39,5060
4.40,5059
4.40,5058
4.41,5057
4.41,5056
4.42,5055
4.42,5054
4.43,5053
4.43,5052
4.43,5051
4.44,5050
4.44,5049
4.45,5048
4.46,5047
4.46,5046
4.47,5045
4.47,5044
4.48,5043
4.48,5042
4.49,5041
4.49,5040
4.50,5039
4.50,5038
4.51,5037
4.51,5036
4.52,5035
4.52,5034
4.53,5033
4.53,5032
4.54,5031
4.54,5030
4.55,5029
4.55,5028
4.56,5027
4.56,5026
4.57,5025
4.57,5024
4.58,5023
4.58,5022
4.59,5021
4.59,5020
4.60,5019
4.60,5018
4.61,5017
4.61,5016
4.62,5015
4.62,5014
4.63,5013
4.63,5012
4.64,5011
4.64,5010
4.65,5009
4.65,5008
4.65,5007
4.66,5006
4.66,5005
4.67,5004
4.67,5003
4.68,5002
4.68,5001
4.69,5000
4.69,4999
4.70,4998
4.70,4997
4.71,4996
4.71,4995
4.72,4994
4.72,4993
4.73,4992
4.73,4991
4.74,4990
4.74,4989
4.75,4988
4.75,4987
4.76,4986
4.76,4985
4.77,4984
4.77,4983
4.78,4982
4.78,4981
4.79,4980
4.79,4979
4.80,4978
4.80,4977
4.81,4976
4.81,4975
4.82,4974
4.82,4973
4.83,4972
4.84,4971
4.84,4970
4.85,4969
4.85,4968
4.86,4967
4.86,4966
4.87,4965
4.87,4964
4.88,4963
4.88,4962
4.89,4961
4.89,4960
4.90,4959
4.90,4958
4.91,4957
4.91,4956
4.92,4955
4.92,4954
4.93,4953
4.93,4952
4.94,4951
4.94,4950
4.95,4949
4.95,4948
4.96,4947
4.96,4946
4.97,4945
4.97,4944
4.97,4943
4.98,4942
4.98,4941
4.99,4940
4.99,4939
5.00,4938
5.00,4937
5.01,4936
5.01,4935
5.02,4934
5.02,4933
5.03,4932
5.03,4931
5.04,4930
5.04,4929
5.05,4928
5.05,4927
5.06,4926
5.06,4925
5.07,4924
5.07,4923
5.08,4922
5.08,4921
5.09,4920
5.09,4919
5.10,4918
5.10,4917
5.11,4916
5.11,4915
5.12,4914
5.12,4913
5.13,4912
5.13,4911
5.13,4910
5.14,4909
5.14,4908
5.15,4907
5.15,4906
5.16,4905
5.16,4904
5.17,4903
5.17,4902
5.18,4901
5.18,4900
5.19,4899
5.19,4898
5.20,4897
5.20,4896
5.21,4895
5.21,4894
5.22,4893
5.22,4892
5.23,4891
5.23,4890
5.24,4889
5.24,4888
5.24,4887
5.25,4886
5.25,4885
5.26,4884
5.27,4883
5.27,4882
5.28,4881
5.28,4880
5.28,4879
5.29,4878
5.29,4877
5.30,4876
5.30,4875
5.31,4874
5.31,4873
5.32,4872
5.32,4871
5.33,4870
5.33,4869
5.34,4868
5.34,4867
5.35,4866
5.35,4865
5.36,4864
5.36,4863
5.37,4862
5.37,4861
5.38,4860
5.38,4859
5.38,4858
5.39,4857
5.39,4856
5.40,4855
5.41,4854
5.41,4853
5.42,4852
5.42,4851
5.42,4850
5.43,4849
5.44,4848
5.44,4847
5.44,4846
5.45,4845
5.46,4844
5.46,4843
5.46,4842
5.47,4841
5.47,4840
5.48,4839
5.49,4838
5.49,4837
5.50,4836
5.50,4835
5.51,4834
5.51,4833
5.52,4832
5.52,4831
5.53,4830
5.53,4829
5.54,4828
5.54,4827
5.55,4826
5.55,4825
5.56,4824
5.56,4823
5.57,4822
5.57,4821
5.58,4820
5.58,4819
5.59,4818
5.59,4817
5.60,4816
5.60,4815
5.61,4814
5.61,4813
5.62,4812
5.62,4811
5.63,4810
5.63,4809
5.64,4808
5.64,4807
5.64,4806
5.65,4805
5.65,4804
5.66,4803
5.66,4802
5.67,4801
5.67,4800
5.68,4799
5.68,4798
5.69,4797
5.69,4796
5.70,4795
5.70,4794
5.71,4793
5.71,4792
5.72,4791
5.72,4790
5.73,4789
5.73,4788
5.74,4787
5.74,4786
5.75,4785
5.75,4784
5.76,4783
5.76,4782
5.77,4781
5.77,4780
5.78,4779
5.78,4778
5.79,4777
5.79,4776
5.79,4775
5.80,4774
5.80,4773
5.81,4772
5.81,4771
5.82,4770
5.82,4769
5.83,4768
5.84,4767
5.84,4766
5.85,4765
5.85,4764
5.86,4763
5.86,4762
5.87,4761
5.87,4760
5.88,4759
5.88,4758
5.89,4757
5.89,4756
5.89,4755
5.90,4754
5.90,4753
5.91,4752
5.91,4751
5.92,4750
5.92,4749
5.93,4748
5.93,4747
5.94,4746
5.94,4745
5.95,4744
5.95,4743
5.96,4742
5.96,4741
5.97,4740
5.97,4739
5.97,4738
5.98,4737
5.98,4736
5.99,4735
5.99,4734
6.00,4733
6.00,4732
6.01,4731
6.01,4730
6.02,4729
6.02,4728
6.03,4727
6.03,4726
6.04,4725
6.04,4724
6.05,4723
6.05,4722
6.06,4721
6.06,4720
6.07,4719
6.07,4718
6.08,4717
6.08,4716
6.09,4715
6.09,4714
6.10,4713
6.10,4712
6.11,4711
6.11,4710
6.12,4709
6.12,4708
6.13,4707
6.13,4706
6.14,4705
6.14,4704
6.15,4703
6.15,4702
6.16,4701
6.16,4700
6.17,4699
6.17,4698
6.18,4697
6.18,4696
6.19,4695
6.19,4694
6.20,4693
6.20,4692
6.21,4691
6.21,4690
6.22,4689
6.22,4688
6.23,4687
6.23,4686
6.24,4685
6.24,4684
6.25,4683
6.25,4682
6.26,4681
6.26,4680
6.27,4679
6.27,4678
6.28,4677
6.28,4676
6.29,4675
6.29,4674
6.30,4673
6.30,4672
6.31,4671
6.31,4670
6.32,4669
6.32,4668
6.33,4667
6.33,4666
6.34,4665
6.34,4664
6.35,4663
6.35,4662
6.36,4661
6.36,4660
6.37,4659
6.37,4658
6.38,4657
6.38,4656
6.39,4655
6.39,4654
6.40,4653
6.40,4652
6.41,4651
6.41,4650
6.42,4649
6.42,4648
6.43,4647
6.43,4646
6.44,4645
6.44,4644
6.45,4643
6.45,4642
6.46,4641
6.46,4640
6.47,4639
6.47,4638
6.48,4637
6.48,4636
6.49,4635
6.49,4634
6.50,4633
6.50,4632
6.51,4631
6.51,4630
6.52,4629
6.52,4628
6.53,4627
6.53,4626
6.54,4625
6.54,4624
6.55,4623
6.55,4622
6.56,4621
6.56,4620
6.57,4619
6.57,4618
6.58,4617
6.58,4616
6.59,4615
6.59,4614
6.60,4613
6.60,4612
6.61,4611
6.61,4610
6.62,4609
6.62,4608
6.63,4607
6.63,4606
6.64,4605
6.64,4604
6.65,4603
6.65,4602
6.66,4601
6.66,4600
6.67,4599
6.67,4598
6.68,4597
6.68,4596
6.69,4595
6.69,4594
6.70,4593
6.70,4592
6.71,4591
6.71,4590
6.72,4589
6.72,4588
6.73,4587
6.73,4586
6.74,4585
6.74,4584
6.75,4583
6.75,4582
6.76,4581
6.76,4580
6.77,4579
6.77,4578
6.78,4577
6.78,4576
6.79,4575
6.79,4574
6.80,4573
6.80,4572
6.80,4571
6.81,4570
6.81,4569
6.82,4568
6.82,4567
6.83,4566
6.83,4565
6.84,4564
6.84,4563
6.85,4562
6.85,4561
6.86,4560
6.86,4559
6.87,4558
6.87,4557
6.88,4556
6.88,4555
6.89,4554
6.89,4553
6.90,4552
6.90,4551
6.91,4550
6.91,4549
6.91,4548
6.92,4547
6.92,4546
6.93,4545
6.93,4544
6.94,4543
6.94,4542
6.95,4541
6.95,4540
6.96,4539
6.96,4538
6.97,4537
6.97,4536
6.98,4535
6.98,4534
6.98,4533
6.99,4532
6.99,4531
7.00,4530
7.00,4529
7.01,4528
7.01,4527
7.02,4526
7.02,4525
7.03,4524
7.03,4523
7.04,4522
7.04,4521
7.05,4520
7.05,4519
7.06,4518
7.06,4517
7.06,4516
7.07,4515
7.07,4514
7.08,4513
7.08,4512
7.09,4511
7.09,4510
7.10,4509
7.10,4508
7.11,4507
7.11,4506
7.12,4505
7.12,4504
7.13,4503
7.13,4502
7.13,4501
7.14,4500
7.14,4499
7.15,4498
7.15,4497
7.16,4496
7.16,4495
7.17,4494
7.17,4493
7.18,4492
7.18,4491
7.19,4490
7.19,4489
7.19,4488
7.20,4487
7.20,4486
7.21,4485
7.21,4484
7.22,4483
7.22,4482
7.23,4481
7.23,4480
7.24,4479
7.24,4478
7.25,4477
7.25,4476
7.26,4475
7.26,4474
7.26,4473
7.27,4472
7.27,4471
7.28,4470
7.28,4469
7.29,4468
7.29,4467
7.30,4466
7.30,4465
7.31,4464
7.31,4463
7.32,4462
7.32,4461
7.33,4460
7.33,4459
7.34,4458
7.34,4457
7.35,4456
7.35,4455
7.36,4454
7.36,4453
7.37,4452
7.37,4451
7.38,4450
7.38,4449
7.39,4448
7.39,4447
7.40,4446
7.40,4445
7.41,4444
7.41,4443
7.42,4442
7.42,4441
7.43,4440
7.43,4439
7.44,4438
7.44,4437
7.45,4436
7.45,4435
7.46,4434
7.46,4433
7.47,4432
7.47,4431
7.48,4430
7.48,4429
7.49,4428
7.49,4427
7.50,4426
7.50,4425
7.51,4424
7.51,4423
7.52,4422
7.52,4421
7.53,4420
7.53,4419
7.54,4418
7.54,4417
7.54,4416
7.55,4415
7.56,4414
7.56,4413
7.57,4412
7.57,4411
7.58,4410
7.58,4409
7.59,4408
7.59,4407
7.60,4406
7.60,4405
7.61,4404
7.61,4403
7.62,4402
7.62,4401
7.63,4400
7.63,4399
7.64,4398
7.64,4397
7.64,4396
7.65,4395
7.65,4394
7.66,4393
7.66,4392
7.67,4391
7.67,4390
7.68,4389
7.68,4388
7.69,4387
7.69,4386
7.70,4385
7.70,4384
7.71,4383
7.71,4382
7.72,4381
7.72,4380
7.73,4379
7.73,4378
7.74,4377
7.74,4376
7.75,4375
7.75,4374
7.76,4373
7.76,4372
7.77,4371
7.77,4370
7.78,4369
7.78,4368
7.78,4367
7.79,4366
7.80,4365
7.80,4364
7.80,4363
7.81,4362
7.81,4361
7.82,4360
7.82,4359
7.83,4358
7.83,4357
7.84,4356
7.84,4355
7.85,4354
7.85,4353
7.86,4352
7.86,4351
7.87,4350
7.87,4349
7.88,4348
7.88,4347
7.89,4346
7.89,4345
7.90,4344
7.90,4343
7.91,4342
7.91,4341
7.92,4340
7.92,4339
7.92,4338
7.93,4337
7.93,4336
7.94,4335
7.94,4334
7.95,4333
7.95,4332
7.96,4331
7.96,4330
7.97,4329
7.97,4328
7.98,4327
7.98,4326
7.99,4325
7.99,4324
8.00,4323
8.00,4322
8.01,4321
8.01,4320
8.02,4319
8.02,4318
8.03,4317
8.03,4316
8.04,4315
8.04,4314
8.04,4313
8.05,4312
8.05,4311
8.06,4310
8.06,4309
8.07,4308
8.07,4307
8.08,4306
8.08,4305
8.09,4304
8.09,4303
8.10,4302
8.10,4301
8.11,4300
8.11,4299
8.12,4298
8.12,4297
8.13,4296
8.13,4295
8.14,4294
8.14,4293
8.15,4292
8.15,4291
8.16,4290
8.16,4289
8.17,4288
8.17,4287
8.18,4286
8.18,4285
8.19,4284
8.19,4283
8.20,4282
8.20,4281
8.21,4280
8.21,4279
8.22,4278
8.22,4277
8.23,4276
8.23,4275
8.24,4274
8.24,4273
8.24,4272
8.25,4271
8.25,4270
8.26,4269
8.26,4268
8.27,4267
8.27,4266
8.28,4265
8.28,4264
8.29,4263
8.29,4262
8.30,4261
8.30,4260
8.31,4259
8.31,4258
8.32,4257
8.32,4256
8.33,4255
8.33,4254
8.34,4253
8.34,4252
8.35,4251
8.35,4250
8.36,4249
8.36,4248
8.36,4247
8.37,4246
8.37,4245
8.38,4244
8.38,4243
8.39,4242
8.39,4241
8.40,4240
8.40,4239
8.41,4238
8.41,4237
8.42,4236
8.42,4235
8.43,4234
8.43,4233
8.44,4232
8.44,4231
8.45,4230
8.45,4229
8.46,4228
8.46,4227
8.47,4226
8.47,4225
8.48,4224
8.48,4223
8.49,4222
8.49,4221
8.50,4220
8.50,4219
8.51,4218
8.51,4217
8.51,4216
8.52,4215
8.53,4214
8.53,4213
8.53,4212
8.54,4211
8.54,4210
8.55,4209
8.55,4208
8.56,4207
8.56,4206
8.57,4205
8.57,4204
8.58,4203
8.58,4202
8.59,4201
8.59,4200
8.60,4199
8.60,4198
8.61,4197
8.61,4196
8.61,4195
8.62,4194
8.62,4193
8.63,4192
8.63,4191
8.64,4190
8.64,4189
8.65,4188
8.65,4187
8.66,4186
8.66,4185
8.67,4184
8.67,4183
8.68,4182
8.68,4181
8.69,4180
8.69,4179
8.70,4178
8.70,4177
8.70,4176
8.71,4175
8.71,4174
8.72,4173
8.72,4172
8.73,4171
8.73,4170
8.74,4169
8.74,4168
8.75,4167
8.75,4166
8.76,4165
8.76,4164
8.77,4163
8.77,4162
8.78,4161
8.78,4160
8.78,4159
8.79,4158
8.79,4157
8.80,4156
8.80,4155
8.81,4154
8.81,4153
8.82,4152
8.82,4151
8.83,4150
8.83,4149
8.84,4148
8.84,4147
