0.37,5800
0.45,5799
0.46,5798
0.47,5797
0.48,5796
0.49,5795
0.50,5794
0.51,5793
0.52,5792
0.52,5791
0.53,5790
0.54,5789
0.55,5788
0.56,5787
0.56,5786
0.57,5785
0.58,5784
0.59,5783
0.60,5782
0.60,5781
0.61,5780
0.61,5779
0.62,5778
0.63,5777
0.63,5776
0.64,5775
0.64,5774
0.65,5773
0.65,5772
0.66,5771
0.66,5770
0.67,5769
0.68,5768
0.68,5767
0.69,5766
0.69,5765
0.70,5764
0.70,5763
0.72,5762
0.72,5761
0.73,5760
0.73,5759
0.74,5758
0.74,5757
0.75,5756
0.75,5755
0.76,5754
0.76,5753
0.77,5752
0.78,5751
0.78,5750
0.79,5749
0.79,5748
0.80,5747
0.80,5746
0.81,5745
0.81,5744
0.82,5743
0.82,5742
0.83,5741
0.83,5740
0.84,5739
0.85,5738
0.85,5737
0.86,5736
0.86,5735
0.87,5734
0.87,5733
0.88,5732
0.88,5731
0.89,5730
0.89,5729
0.90,5728
0.91,5727
0.92,5726
0.93,5725
0.93,5724
0.94,5723
0.94,5722
0.95,5721
0.95,5720
0.96,5719
0.96,5718
0.97,5717
0.97,5716
0.98,5715
0.99,5714
0.99,5713
1.00,5712
1.01,5711
1.01,5710
1.02,5709
1.03,5708
1.03,5707
1.04,5706
1.05,5705
1.05,5704
1.06,5703
1.07,5702
1.07,5701
1.08,5700
1.08,5699
1.09,5698
1.10,5697
1.11,5696
1.11,5695
1.12,5694
1.13,5693
1.13,5692
1.14,5691
1.15,5690
1.15,5689
1.16,5688
1.16,5687
1.17,5686
1.18,5685
1.18,5684
1.19,5683
1.20,5682
1.20,5681
1.21,5680
1.22,5679
1.22,5678
1.23,5677
1.23,5676
1.24,5675
1.24,5674
1.25,5673
1.25,5672
1.26,5671
1.26,5670
1.27,5669
1.27,5668
1.28,5667
1.28,5666
1.29,5665
1.30,5664
1.30,5663
1.31,5662
1.32,5661
1.33,5660
1.33,5659
1.34,5658
1.34,5657
1.35,5656
1.35,5655
1.36,5654
1.36,5653
1.37,5652
1.37,5651
1.38,5650
1.38,5649
1.39,5648
1.39,5647
1.40,5646
1.40,5645
1.41,5644
1.42,5643
1.42,5642
1.43,5641
1.43,5640
1.44,5639
1.45,5638
1.45,5637
1.45,5636
1.47,5635
1.49,5634
1.49,5633
1.50,5632
1.50,5631
1.51,5630
1.51,5629
1.52,5628
1.53,5627
1.53,5626
1.54,5625
1.54,5624
1.55,5623
1.55,5622
1.56,5621
1.56,5620
1.57,5619
1.57,5618
1.58,5617
1.58,5616
1.59,5615
1.59,5614
1.60,5613
1.60,5612
1.61,5611
1.61,5610
1.62,5609
1.63,5608
1.63,5607
1.64,5606
1.64,5605
1.65,5604
1.65,5603
1.66,5602
1.66,5601
1.67,5600
1.67,5599
1.68,5598
1.69,5597
1.69,5596
1.70,5595
1.70,5594
1.71,5593
1.72,5592
1.73,5591
1.73,5590
1.74,5589
1.74,5588
1.75,5587
1.76,5586
1.76,5585
1.77,5584
1.77,5583
1.78,5582
1.79,5581
1.79,5580
1.80,5579
1.80,5578
1.81,5577
1.81,5576
1.82,5575
1.82,5574
1.83,5573
1.83,5572
1.84,5571
1.84,5570
1.85,5569
1.86,5568
1.86,5567
1.87,5566
1.88,5565
1.88,5564
1.89,5563
1.89,5562
1.90,5561
1.91,5560
1.91,5559
1.92,5558
1.92,5557
1.93,5556
1.93,5555
1.94,5554
1.95,5553
1.95,5552
1.96,5551
1.96,5550
1.97,5549
1.98,5548
1.98,5547
1.99,5546
1.99,5545
2.00,5544
2.00,5543
2.01,5542
2.01,5541
2.02,5540
2.02,5539
2.03,5538
2.03,5537
2.04,5536
2.04,5535
2.05,5534
2.05,5533
2.06,5532
2.07,5531
2.07,5530
2.08,5529
2.08,5528
2.09,5527
2.09,5526
2.10,5525
2.10,5524
2.11,5523
2.12,5522
2.12,5521
2.13,5520
2.13,5519
2.14,5518
2.14,5517
2.15,5516
2.15,5515
2.17,5514
2.17,5513
2.18,5512
2.18,5511
2.19,5510
2.19,5509
2.20,5508
2.20,5507
2.21,5506
2.22,5505
2.23,5504
2.23,5503
2.24,5502
2.25,5501
2.25,5500
2.26,5499
2.26,5498
2.27,5497
2.28,5496
2.28,5495
2.29,5494
2.30,5493
2.31,5492
2.31,5491
2.32,5490
2.33,5489
2.33,5488
2.34,5487
2.35,5486
2.35,5485
2.36,5484
2.37,5483
2.37,5482
2.38,5481
2.38,5480
2.39,5479
2.40,5478
2.40,5477
2.41,5476
2.42,5475
2.43,5474
2.44,5473
2.44,5472
2.45,5471
2.45,5470
2.46,5469
2.47,5468
2.47,5467
2.48,5466
2.48,5465
2.49,5464
2.50,5463
2.50,5462
2.51,5461
2.51,5460
2.52,5459
2.53,5458
2.53,5457
2.54,5456
2.55,5455
2.55,5454
2.56,5453
2.56,5452
2.57,5451
2.58,5450
2.58,5449
2.59,5448
2.59,5447
2.60,5446
2.61,5445
2.61,5444
2.62,5443
2.62,5442
2.63,5441
2.64,5440
2.64,5439
2.65,5438
2.66,5437
2.66,5436
2.67,5435
2.67,5434
2.68,5433
2.69,5432
2.69,5431
2.70,5430
2.70,5429
2.71,5428
2.72,5427
2.72,5426
2.73,5425
2.74,5424
2.74,5423
2.75,5422
2.75,5421
2.76,5420
2.77,5419
2.77,5418
2.77,5417
2.78,5416
2.79,5415
2.79,5414
2.80,5413
2.80,5412
2.81,5411
2.81,5410
2.82,5409
2.82,5408
2.83,5407
2.83,5406
2.84,5405
2.84,5404
2.85,5403
2.86,5402
2.86,5401
2.87,5400
2.87,5399
2.88,5398
2.88,5397
2.89,5396
2.89,5395
2.90,5394
2.90,5393
2.91,5392
2.92,5391
2.92,5390
2.93,5389
2.93,5388
2.94,5387
2.94,5386
2.95,5385
2.96,5384
2.96,5383
2.97,5382
2.97,5381
2.98,5380
2.99,5379
2.99,5378
3.00,5377
3.00,5376
3.01,5375
3.01,5374
3.02,5373
3.02,5372
3.03,5371
3.03,5370
3.04,5369
3.04,5368
3.05,5367
3.06,5366
3.06,5365
3.07,5364
3.07,5363
3.08,5362
3.08,5361
3.09,5360
3.09,5359
3.10,5358
3.10,5357
3.11,5356
3.12,5355
3.12,5354
3.13,5353
3.13,5352
3.14,5351
3.14,5350
3.15,5349
3.15,5348
3.16,5347
3.16,5346
3.17,5345
3.17,5344
3.18,5343
3.18,5342
3.19,5341
3.19,5340
3.20,5339
3.20,5338
3.21,5337
3.22,5336
3.22,5335
3.23,5334
3.23,5333
3.24,5332
3.24,5331
3.25,5330
3.25,5329
3.26,5328
3.26,5327
3.27,5326
3.28,5325
3.28,5324
3.29,5323
3.29,5322
3.30,5321
3.30,5320
3.31,5319
3.31,5318
3.32,5317
3.32,5316
3.33,5315
3.33,5314
3.34,5313
3.34,5312
3.35,5311
3.35,5310
3.36,5309
3.36,5308
3.37,5307
3.37,5306
3.38,5305
3.38,5304
3.39,5303
3.39,5302
3.40,5301
3.40,5300
3.41,5299
3.41,5298
3.42,5297
3.42,5296
3.43,5295
3.44,5294
3.44,5293
3.45,5292
3.45,5291
3.46,5290
3.46,5289
3.47,5288
3.47,5287
3.48,5286
3.48,5285
3.49,5284
3.49,5283
3.50,5282
3.50,5281
3.51,5280
3.52,5279
3.52,5278
3.53,5277
3.53,5276
3.54,5275
3.54,5274
3.55,5273
3.55,5272
3.56,5271
3.56,5270
3.57,5269
3.57,5268
3.58,5267
3.58,5266
3.59,5265
3.59,5264
3.60,5263
3.61,5262
3.61,5261
3.62,5260
3.62,5259
3.63,5258
3.63,5257
3.64,5256
3.64,5255
3.66,5254
3.66,5253
3.67,5252
3.67,5251
3.68,5250
3.68,5249
3.69,5248
3.69,5247
3.70,5246
3.70,5245
3.71,5244
3.71,5243
3.72,5242
3.72,5241
3.73,5240
3.73,5239
3.74,5238
3.74,5237
3.75,5236
3.75,5235
3.76,5234
3.76,5233
3.77,5232
3.77,5231
3.78,5230
3.78,5229
3.79,5228
3.79,5227
3.80,5226
3.80,5225
3.81,5224
3.81,5223
3.82,5222
3.82,5221
3.83,5220
3.83,5219
3.84,5218
3.84,5217
3.85,5216
3.85,5215
3.86,5214
3.86,5213
3.87,5212
3.87,5211
3.88,5210
3.88,5209
3.89,5208
3.89,5207
3.90,5206
3.90,5205
3.91,5204
3.91,5203
3.92,5202
3.92,5201
3.93,5200
3.93,5199
3.94,5198
3.95,5197
3.95,5196
3.96,5195
3.96,5194
3.97,5193
3.97,5192
3.98,5191
3.98,5190
3.99,5189
3.99,5188
4.00,5187
4.00,5186
4.01,5185
4.01,5184
4.02,5183
4.02,5182
4.03,5181
4.03,5180
4.04,5179
4.04,5178
4.05,5177
4.05,5176
4.06,5175
4.06,5174
4.07,5173
4.08,5172
4.08,5171
4.09,5170
4.09,5169
4.10,5168
4.10,5167
4.11,5166
4.11,5165
4.12,5164
4.12,5163
4.13,5162
4.14,5161
4.14,5160
4.15,5159
4.15,5158
4.16,5157
4.16,5156
4.17,5155
4.18,5154
4.18,5153
4.19,5152
4.19,5151
4.20,5150
4.20,5149
4.21,5148
4.21,5147
4.22,5146
4.22,5145
4.23,5144
4.23,5143
4.24,5142
4.24,5141
4.25,5140
4.25,5139
4.26,5138
4.27,5137
4.27,5136
4.28,5135
4.28,5134
4.29,5133
4.29,5132
4.30,5131
4.30,5130
4.31,5129
4.31,5128
4.32,5127
4.32,5126
4.33,5125
4.33,5124
4.34,5123
4.34,5122
4.35,5121
4.35,5120
4.36,5119
4.36,5118
4.37,5117
4.37,5116
4.38,5115
4.39,5114
4.39,5113
4.39,5112
4.40,5111
4.41,5110
4.41,5109
4.42,5108
4.42,5107
4.42,5106
4.43,5105
4.44,5104
4.44,5103
4.45,5102
4.45,5101
4.46,5100
4.46,5099
4.47,5098
4.47,5097
4.48,5096
4.48,5095
4.49,5094
4.49,5093
4.50,5092
4.50,5091
4.51,5090
4.52,5089
4.52,5088
4.53,5087
4.53,5086
4.54,5085
4.54,5084
4.55,5083
4.55,5082
4.56,5081
4.56,5080
4.57,5079
4.57,5078
4.58,5077
4.58,5076
4.59,5075
4.59,5074
4.60,5073
4.60,5072
4.61,5071
4.61,5070
4.62,5069
4.62,5068
4.63,5067
4.63,5066
4.64,5065
4.64,5064
4.65,5063
4.65,5062
4.66,5061
4.66,5060
4.67,5059
4.67,5058
4.68,5057
4.68,5056
4.69,5055
4.69,5054
4.70,5053
4.70,5052
4.71,5051
4.71,5050
4.72,5049
4.72,5048
4.73,5047
4.73,5046
4.74,5045
4.74,5044
4.75,5043
4.75,5042
4.76,5041
4.76,5040
4.77,5039
4.78,5038
4.78,5037
4.79,5036
4.79,5035
4.80,5034
4.80,5033
4.81,5032
4.81,5031
4.82,5030
4.82,5029
4.83,5028
4.83,5027
4.84,5026
4.84,5025
4.85,5024
4.85,5023
4.86,5022
4.86,5021
4.87,5020
4.87,5019
4.88,5018
4.88,5017
4.89,5016
4.90,5015
4.90,5014
4.91,5013
4.91,5012
4.91,5011
4.92,5010
4.92,5009
4.93,5008
4.93,5007
4.94,5006
4.94,5005
4.95,5004
4.96,5003
4.96,5002
4.97,5001
4.97,5000
4.98,4999
4.98,4998
4.99,4997
4.99,4996
5.00,4995
5.00,4994
5.00,4993
5.01,4992
5.01,4991
5.02,4990
5.02,4989
5.03,4988
5.03,4987
5.04,4986
5.04,4985
5.05,4984
5.05,4983
5.06,4982
5.06,4981
5.07,4980
5.07,4979
5.08,4978
5.08,4977
5.09,4976
5.09,4975
5.10,4974
5.10,4973
5.11,4972
5.11,4971
5.12,4970
5.13,4969
5.13,4968
5.14,4967
5.14,4966
5.15,4965
5.15,4964
5.16,4963
5.16,4962
5.17,4961
5.17,4960
5.18,4959
5.18,4958
5.19,4957
5.19,4956
5.20,4955
5.20,4954
5.21,4953
5.21,4952
5.22,4951
5.22,4950
5.23,4949
5.23,4948
5.24,4947
5.24,4946
5.25,4945
5.25,4944
5.26,4943
5.26,4942
5.27,4941
5.27,4940
5.28,4939
5.28,4938
5.29,4937
5.29,4936
5.30,4935
5.30,4934
5.31,4933
5.31,4932
5.32,4931
5.32,4930
5.33,4929
5.34,4928
5.34,4927
5.35,4926
5.35,4925
5.36,4924
5.36,4923
5.37,4922
5.37,4921
5.38,4920
5.38,4919
5.39,4918
5.39,4917
5.39,4916
5.40,4915
5.40,4914
5.41,4913
5.42,4912
5.42,4911
5.43,4910
5.43,4909
5.44,4908
5.44,4907
5.45,4906
5.45,4905
5.46,4904
5.47,4903
5.47,4902
5.48,4901
5.48,4900
5.48,4899
5.49,4898
5.50,4897
5.50,4896
5.51,4895
5.51,4894
5.52,4893
5.52,4892
5.53,4891
5.53,4890
5.54,4889
5.54,4888
5.55,4887
5.55,4886
5.56,4885
5.56,4884
5.57,4883
5.57,4882
5.58,4881
5.58,4880
5.59,4879
5.59,4878
5.60,4877
5.60,4876
5.61,4875
5.61,4874
5.61,4873
5.62,4872
5.63,4871
5.63,4870
5.63,4869
5.64,4868
5.64,4867
5.65,4866
5.65,4865
5.66,4864
5.66,4863
5.67,4862
5.67,4861
5.68,4860
5.68,4859
5.69,4858
5.69,4857
5.70,4856
5.71,4855
5.71,4854
5.72,4853
5.72,4852
5.73,4851
5.73,4850
5.74,4849
5.74,4848
5.75,4847
5.75,4846
5.76,4845
5.76,4844
5.77,4843
5.77,4842
5.78,4841
5.78,4840
5.79,4839
5.79,4838
5.80,4837
5.80,4836
5.81,4835
5.81,4834
5.82,4833
5.82,4832
5.83,4831
5.83,4830
5.84,4829
5.84,4828
5.85,4827
5.85,4826
5.86,4825
5.86,4824
5.87,4823
5.87,4822
5.88,4821
5.88,4820
5.89,4819
5.89,4818
5.90,4817
5.90,4816
5.91,4815
5.91,4814
5.92,4813
5.92,4812
5.93,4811
5.94,4810
5.94,4809
5.95,4808
5.95,4807
5.96,4806
5.96,4805
5.97,4804
5.97,4803
5.98,4802
5.98,4801
5.99,4800
5.99,4799
5.99,4798
6.00,4797
6.00,4796
6.01,4795
6.01,4794
6.02,4793
6.02,4792
6.03,4791
6.03,4790
6.04,4789
6.04,4788
6.05,4787
6.05,4786
6.06,4785
6.06,4784
6.07,4783
6.07,4782
6.08,4781
6.08,4780
6.09,4779
6.09,4778
6.10,4777
6.10,4776
6.11,4775
6.11,4774
6.12,4773
6.13,4772
6.13,4771
6.13,4770
6.14,4769
6.15,4768
6.15,4767
6.16,4766
6.16,4765
6.17,4764
6.17,4763
6.18,4762
6.18,4761
6.19,4760
6.19,4759
6.20,4758
6.20,4757
6.21,4756
6.21,4755
6.22,4754
6.22,4753
6.23,4752
6.23,4751
6.24,4750
6.24,4749
6.24,4748
6.25,4747
6.26,4746
6.26,4745
6.26,4744
6.27,4743
6.27,4742
6.28,4741
6.28,4740
6.29,4739
6.30,4738
6.30,4737
6.31,4736
6.31,4735
6.31,4734
6.32,4733
6.32,4732
6.33,4731
6.33,4730
6.34,4729
6.34,4728
6.35,4727
6.35,4726
6.36,4725
6.36,4724
6.37,4723
6.37,4722
6.38,4721
6.38,4720
6.39,4719
6.39,4718
6.40,4717
6.40,4716
6.41,4715
6.41,4714
6.42,4713
6.42,4712
6.43,4711
6.43,4710
6.44,4709
6.44,4708
6.45,4707
6.45,4706
6.46,4705
6.46,4704
6.47,4703
6.47,4702
6.48,4701
6.48,4700
6.49,4699
6.49,4698
6.50,4697
6.50,4696
6.51,4695
6.51,4694
6.52,4693
6.52,4692
6.53,4691
6.53,4690
6.54,4689
6.54,4688
6.55,4687
6.55,4686
6.56,4685
6.56,4684
6.57,4683
6.57,4682
6.58,4681
6.58,4680
6.59,4679
6.59,4678
6.60,4677
6.60,4676
6.61,4675
6.61,4674
6.62,4673
6.62,4672
6.63,4671
6.63,4670
6.64,4669
6.64,4668
6.65,4667
6.66,4666
6.66,4665
6.67,4664
6.67,4663
6.67,4662
6.68,4661
6.68,4660
6.69,4659
6.69,4658
6.70,4657
6.70,4656
6.71,4655
6.71,4654
6.72,4653
6.72,4652
6.73,4651
6.73,4650
6.74,4649
6.74,4648
6.75,4647
6.75,4646
6.76,4645
6.76,4644
6.77,4643
6.77,4642
6.78,4641
6.78,4640
6.79,4639
6.79,4638
6.80,4637
6.80,4636
6.81,4635
6.81,4634
6.82,4633
6.82,4632
6.83,4631
6.83,4630
6.84,4629
6.84,4628
6.85,4627
6.85,4626
6.86,4625
6.86,4624
6.87,4623
6.87,4622
6.88,4621
6.88,4620
6.89,4619
6.89,4618
6.90,4617
6.90,4616
6.91,4615
6.91,4614
6.92,4613
6.92,4612
6.93,4611
6.93,4610
6.94,4609
6.94,4608
6.95,4607
6.95,4606
6.96,4605
6.96,4604
6.97,4603
6.97,4602
6.98,4601
6.98,4600
6.99,4599
7.00,4598
7.00,4597
7.01,4596
7.01,4595
7.02,4594
7.02,4593
7.03,4592
7.03,4591
7.04,4590
7.04,4589
7.05,4588
7.05,4587
7.06,4586
7.06,4585
7.06,4584
7.07,4583
7.08,4582
7.08,4581
7.08,4580
7.09,4579
7.09,4578
7.10,4577
7.10,4576
7.11,4575
7.11,4574
7.12,4573
7.12,4572
7.13,4571
7.13,4570
7.14,4569
7.14,4568
7.15,4567
7.15,4566
7.16,4565
7.16,4564
7.17,4563
7.17,4562
7.18,4561
7.18,4560
7.19,4559
7.19,4558
7.20,4557
7.20,4556
7.21,4555
7.21,4554
7.22,4553
7.22,4552
7.23,4551
7.23,4550
7.24,4549
7.24,4548
7.25,4547
7.25,4546
7.26,4545
7.26,4544
7.27,4543
7.27,4542
7.28,4541
7.28,4540
7.29,4539
7.29,4538
7.30,4537
7.30,4536
7.31,4535
7.31,4534
7.32,4533
7.32,4532
7.33,4531
7.33,4530
7.34,4529
7.34,4528
7.35,4527
7.35,4526
7.36,4525
7.36,4524
7.37,4523
7.37,4522
7.38,4521
7.38,4520
7.39,4519
7.39,4518
7.40,4517
7.40,4516
7.41,4515
7.41,4514
7.42,4513
7.42,4512
7.43,4511
7.43,4510
7.44,4509
7.44,4508
7.45,4507
7.45,4506
7.46,4505
7.46,4504
7.47,4503
7.47,4502
7.48,4501
7.48,4500
7.49,4499
7.49,4498
7.49,4497
7.50,4496
7.51,4495
7.51,4494
7.52,4493
7.52,4492
7.53,4491
7.53,4490
7.54,4489
7.54,4488
7.55,4487
7.55,4486
7.56,4485
7.56,4484
7.57,4483
7.57,4482
7.58,4481
7.58,4480
7.59,4479
7.59,4478
7.60,4477
7.60,4476
7.60,4475
7.61,4474
7.61,4473
7.62,4472
7.62,4471
7.63,4470
7.63,4469
7.64,4468
7.64,4467
7.65,4466
7.65,4465
7.66,4464
7.66,4463
7.66,4462
7.67,4461
7.67,4460
7.68,4459
7.68,4458
7.69,4457
7.69,4456
7.70,4455
7.70,4454
7.71,4453
7.71,4452
7.72,4451
7.72,4450
7.73,4449
7.73,4448
7.74,4447
7.74,4446
7.75,4445
7.75,4444
7.75,4443
7.76,4442
7.76,4441
7.77,4440
7.77,4439
7.78,4438
7.78,4437
7.79,4436
7.79,4435
7.80,4434
7.80,4433
7.81,4432
7.81,4431
7.81,4430
7.82,4429
7.82,4428
7.83,4427
7.83,4426
7.84,4425
7.84,4424
7.85,4423
7.85,4422
7.86,4421
7.86,4420
7.86,4419
7.87,4418
7.87,4417
7.88,4416
7.88,4415
7.89,4414
7.89,4413
7.90,4412
7.90,4411
7.91,4410
7.91,4409
7.92,4408
7.92,4407
7.93,4406
7.93,4405
7.94,4404
7.94,4403
7.95,4402
7.95,4401
7.96,4400
7.96,4399
7.97,4398
7.97,4397
7.98,4396
7.98,4395
7.99,4394
7.99,4393
8.00,4392
8.00,4391
8.00,4390
8.01,4389
8.01,4388
8.02,4387
8.02,4386
8.03,4385
8.03,4384
8.04,4383
8.04,4382
8.05,4381
8.05,4380
8.06,4379
8.06,4378
8.07,4377
8.07,4376
8.08,4375
8.08,4374
8.09,4373
8.09,4372
8.09,4371
8.10,4370
8.10,4369
8.11,4368
8.11,4367
8.12,4366
8.12,4365
8.13,4364
8.13,4363
8.14,4362
8.14,4361
8.15,4360
8.15,4359
8.16,4358
8.16,4357
8.17,4356
8.17,4355
8.18,4354
8.18,4353
8.19,4352
8.19,4351
8.20,4350
8.20,4349
8.21,4348
8.21,4347
8.21,4346
8.22,4345
8.23,4344
8.23,4343
8.24,4342
8.24,4341
8.25,4340
8.25,4339
8.26,4338
8.26,4337
8.27,4336
8.27,4335
8.28,4334
8.28,4333
8.29,4332
8.29,4331
8.30,4330
8.30,4329
8.31,4328
8.31,4327
8.32,4326
8.32,4325
8.33,4324
8.33,4323
8.34,4322
8.34,4321
8.35,4320
8.35,4319
8.36,4318
8.36,4317
8.37,4316
8.37,4315
8.38,4314
8.38,4313
8.38,4312
8.39,4311
8.39,4310
8.40,4309
8.40,4308
8.41,4307
8.41,4306
8.42,4305
8.42,4304
8.43,4303
8.43,4302
8.44,4301
8.44,4300
8.45,4299
8.45,4298
8.46,4297
8.46,4296
8.47,4295
8.47,4294
8.48,4293
8.48,4292
8.49,4291
8.49,4290
8.49,4289
8.50,4288
8.50,4287
8.51,4286
8.51,4285
8.52,4284
8.52,4283
8.53,4282
8.53,4281
8.54,4280
8.54,4279
8.55,4278
8.55,4277
8.56,4276
8.56,4275
8.57,4274
8.57,4273
8.58,4272
8.58,4271
8.59,4270
8.59,4269
8.60,4268
8.60,4267
8.61,4266
8.61,4265
8.62,4264
8.62,4263
8.62,4262
8.63,4261
8.64,4260
8.64,4259
8.65,4258
8.65,4257
8.65,4256
8.66,4255
8.66,4254
8.67,4253
8.67,4252
8.68,4251
8.68,4250
8.69,4249
8.69,4248
8.70,4247
8.70,4246
8.71,4245
8.71,4244
8.72,4243
8.72,4242
8.73,4241
8.73,4240
8.74,4239
8.74,4238
8.75,4237
8.75,4236
8.76,4235
8.76,4234
8.77,4233
8.77,4232
8.78,4231
8.78,4230
8.79,4229
8.79,4228
8.79,4227
8.80,4226
8.80,4225
8.81,4224
8.81,4223
8.82,4222
8.82,4221
8.83,4220
8.83,4219
8.84,4218
8.84,4217
8.85,4216
8.85,4215
8.85,4214
8.86,4213
8.86,4212
8.87,4211
8.87,4210
8.88,4209
8.88,4208
8.89,4207
8.89,4206
8.90,4205
8.90,4204
8.91,4203
8.91,4202
8.92,4201
8.92,4200
8.93,4199
8.93,4198
8.94,4197
8.94,4196
8.95,4195
8.95,4194
8.96,4193
8.96,4192
8.97,4191
8.97,4190
8.98,4189
9.00,4188
