0.37,5772
0.44,5771
0.46,5770
0.47,5769
0.48,5768
0.49,5767
0.50,5766
0.51,5765
0.51,5764
0.52,5763
0.53,5762
0.54,5761
0.54,5760
0.55,5759
0.56,5758
0.57,5757
0.57,5756
0.58,5755
0.59,5754
0.59,5753
0.60,5752
0.60,5751
0.61,5750
0.62,5749
0.62,5748
0.63,5747
0.63,5746
0.64,5745
0.64,5744
0.65,5743
0.65,5742
0.66,5741
0.66,5740
0.67,5739
0.68,5738
0.68,5737
0.69,5736
0.70,5735
0.71,5734
0.71,5733
0.72,5732
0.72,5731
0.73,5730
0.73,5729
0.74,5728
0.74,5727
0.75,5726
0.76,5725
0.76,5724
0.77,5723
0.77,5722
0.78,5721
0.78,5720
0.79,5719
0.79,5718
0.80,5717
0.80,5716
0.81,5715
0.81,5714
0.82,5713
0.82,5712
0.82,5711
0.83,5710
0.83,5709
0.84,5708
0.84,5707
0.85,5706
0.85,5705
0.86,5704
0.86,5703
0.87,5702
0.87,5701
0.88,5700
0.88,5699
0.89,5698
0.89,5697
0.90,5696
0.90,5695
0.91,5694
0.92,5693
0.92,5692
0.93,5691
0.93,5690
0.94,5689
0.94,5688
0.95,5687
0.95,5686
0.96,5685
0.96,5684
0.97,5683
0.98,5682
0.98,5681
0.99,5680
1.00,5679
1.00,5678
1.01,5677
1.01,5676
1.02,5675
1.03,5674
1.03,5673
1.04,5672
1.04,5671
1.05,5670
1.06,5669
1.06,5668
1.07,5667
1.08,5666
1.08,5665
1.09,5664
1.09,5663
1.10,5662
1.10,5661
1.11,5660
1.12,5659
1.12,5658
1.13,5657
1.14,5656
1.14,5655
1.15,5654
1.16,5653
1.16,5652
1.17,5651
1.17,5650
1.18,5649
1.19,5648
1.20,5647
1.20,5646
1.21,5645
1.22,5644
1.23,5643
1.23,5642
1.24,5641
1.24,5640
1.25,5639
1.25,5638
1.26,5637
1.26,5636
1.27,5635
1.27,5634
1.28,5633
1.28,5632
1.29,5631
1.30,5630
1.30,5629
1.31,5628
1.31,5627
1.32,5626
1.32,5625
1.32,5624
1.33,5623
1.33,5622
1.34,5621
1.34,5620
1.35,5619
1.36,5618
1.36,5617
1.37,5616
1.37,5615
1.37,5614
1.38,5613
1.38,5612
1.40,5611
1.40,5610
1.41,5609
1.41,5608
1.42,5607
1.42,5606
1.43,5605
1.43,5604
1.44,5603
1.44,5602
1.45,5601
1.45,5600
1.46,5599
1.46,5598
1.47,5597
1.47,5596
1.48,5595
1.48,5594
1.49,5593
1.49,5592
1.50,5591
1.50,5590
1.51,5589
1.51,5588
1.52,5587
1.52,5586
1.53,5585
1.53,5584
1.54,5583
1.54,5582
1.55,5581
1.55,5580
1.56,5579
1.56,5578
1.57,5577
1.57,5576
1.58,5575
1.58,5574
1.59,5573
1.59,5572
1.60,5571
1.60,5570
1.60,5569
1.61,5568
1.61,5567
1.62,5566
1.62,5565
1.64,5564
1.64,5563
1.65,5562
1.66,5561
1.66,5560
1.67,5559
1.67,5558
1.68,5557
1.68,5556
1.69,5555
1.69,5554
1.70,5553
1.70,5552
1.71,5551
1.71,5550
1.72,5549
1.72,5548
1.74,5547
1.74,5546
1.75,5545
1.75,5544
1.76,5543
1.76,5542
1.77,5541
1.77,5540
1.78,5539
1.78,5538
1.79,5537
1.79,5536
1.80,5535
1.80,5534
1.81,5533
1.81,5532
1.82,5531
1.83,5530
1.83,5529
1.84,5528
1.84,5527
1.85,5526
1.85,5525
1.86,5524
1.86,5523
1.87,5522
1.87,5521
1.88,5520
1.88,5519
1.89,5518
1.90,5517
1.90,5516
1.91,5515
1.91,5514
1.92,5513
1.92,5512
1.93,5511
1.93,5510
1.94,5509
1.94,5508
1.95,5507
1.96,5506
1.96,5505
1.97,5504
1.97,5503
1.98,5502
1.98,5501
1.99,5500
1.99,5499
2.00,5498
2.00,5497
2.01,5496
2.01,5495
2.02,5494
2.02,5493
2.03,5492
2.04,5491
2.04,5490
2.05,5489
2.05,5488
2.06,5487
2.06,5486
2.07,5485
2.07,5484
2.08,5483
2.08,5482
2.09,5481
2.09,5480
2.10,5479
2.10,5478
2.11,5477
2.11,5476
2.12,5475
2.12,5474
2.13,5473
2.13,5472
2.14,5471
2.14,5470
2.15,5469
2.16,5468
2.16,5467
2.17,5466
2.17,5465
2.18,5464
2.18,5463
2.19,5462
2.19,5461
2.20,5460
2.21,5459
2.22,5458
2.22,5457
2.23,5456
2.23,5455
2.24,5454
2.25,5453
2.25,5452
2.26,5451
2.27,5450
2.27,5449
2.28,5448
2.29,5447
2.29,5446
2.30,5445
2.30,5444
2.31,5443
2.31,5442
2.32,5441
2.33,5440
2.33,5439
2.34,5438
2.35,5437
2.35,5436
2.36,5435
2.37,5434
2.37,5433
2.38,5432
2.39,5431
2.39,5430
2.40,5429
2.41,5428
2.41,5427
2.42,5426
2.43,5425
2.43,5424
2.44,5423
2.44,5422
2.45,5421
2.46,5420
2.46,5419
2.47,5418
2.48,5417
2.48,5416
2.52,5415
2.53,5414
2.53,5413
2.54,5412
2.55,5411
2.55,5410
2.56,5409
2.56,5408
2.57,5407
2.58,5406
2.58,5405
2.59,5404
2.60,5403
2.60,5402
2.61,5401
2.62,5400
2.62,5399
2.63,5398
2.63,5397
2.64,5396
2.65,5395
2.65,5394
2.66,5393
2.66,5392
2.67,5391
2.68,5390
2.68,5389
2.69,5388
2.70,5387
2.70,5386
2.71,5385
2.71,5384
2.72,5383
2.72,5382
2.73,5381
2.73,5380
2.74,5379
2.74,5378
2.75,5377
2.75,5376
2.76,5375
2.76,5374
2.77,5373
2.78,5372
2.78,5371
2.79,5370
2.79,5369
2.80,5368
2.80,5367
2.81,5366
2.81,5365
2.82,5364
2.82,5363
2.83,5362
2.83,5361
2.84,5360
2.84,5359
2.85,5358
2.85,5357
2.86,5356
2.86,5355
2.87,5354
2.88,5353
2.88,5352
2.89,5351
2.89,5350
2.90,5349
2.90,5348
2.91,5347
2.91,5346
2.92,5345
2.92,5344
2.93,5343
2.93,5342
2.94,5341
2.94,5340
2.95,5339
2.95,5338
2.96,5337
2.96,5336
2.97,5335
2.97,5334
2.98,5333
2.98,5332
2.99,5331
2.99,5330
3.00,5329
3.00,5328
3.01,5327
3.01,5326
3.02,5325
3.02,5324
3.03,5323
3.03,5322
3.04,5321
3.04,5320
3.05,5319
3.05,5318
3.06,5317
3.06,5316
3.07,5315
3.07,5314
3.08,5313
3.08,5312
3.09,5311
3.09,5310
3.10,5309
3.10,5308
3.11,5307
3.11,5306
3.12,5305
3.12,5304
3.13,5303
3.14,5302
3.14,5301
3.15,5300
3.15,5299
3.16,5298
3.16,5297
3.17,5296
3.17,5295
3.18,5294
3.18,5293
3.19,5292
3.20,5291
3.20,5290
3.21,5289
3.22,5288
3.22,5287
3.23,5286
3.23,5285
3.24,5284
3.24,5283
3.25,5282
3.25,5281
3.26,5280
3.26,5279
3.27,5278
3.28,5277
3.28,5276
3.29,5275
3.29,5274
3.30,5273
3.30,5272
3.31,5271
3.31,5270
3.32,5269
3.32,5268
3.33,5267
3.33,5266
3.34,5265
3.34,5264
3.35,5263
3.35,5262
3.36,5261
3.36,5260
3.37,5259
3.37,5258
3.38,5257
3.38,5256
3.39,5255
3.39,5254
3.40,5253
3.40,5252
3.41,5251
3.41,5250
3.42,5249
3.42,5248
3.43,5247
3.43,5246
3.44,5245
3.44,5244
3.45,5243
3.45,5242
3.45,5241
3.46,5240
3.47,5239
3.47,5238
3.48,5237
3.48,5236
3.49,5235
3.49,5234
3.50,5233
3.50,5232
3.51,5231
3.51,5230
3.52,5229
3.53,5228
3.53,5227
3.54,5226
3.54,5225
3.55,5224
3.55,5223
3.56,5222
3.56,5221
3.57,5220
3.57,5219
3.58,5218
3.59,5217
3.59,5216
3.60,5215
3.61,5214
3.61,5213
3.62,5212
3.62,5211
3.63,5210
3.63,5209
3.64,5208
3.64,5207
3.65,5206
3.65,5205
3.66,5204
3.66,5203
3.67,5202
3.67,5201
3.68,5200
3.69,5199
3.69,5198
3.70,5197
3.70,5196
3.71,5195
3.71,5194
3.72,5193
3.72,5192
3.73,5191
3.73,5190
3.74,5189
3.74,5188
3.75,5187
3.75,5186
3.76,5185
3.76,5184
3.77,5183
3.77,5182
3.78,5181
3.79,5180
3.79,5179
3.80,5178
3.80,5177
3.81,5176
3.81,5175
3.82,5174
3.82,5173
3.83,5172
3.83,5171
3.84,5170
3.84,5169
3.85,5168
3.85,5167
3.86,5166
3.86,5165
3.87,5164
3.87,5163
3.88,5162
3.89,5161
3.89,5160
3.90,5159
3.90,5158
3.91,5157
3.91,5156
3.92,5155
3.92,5154
3.93,5153
3.93,5152
3.94,5151
3.94,5150
3.95,5149
3.95,5148
3.96,5147
3.97,5146
3.97,5145
3.98,5144
3.98,5143
3.99,5142
3.99,5141
4.00,5140
4.00,5139
4.01,5138
4.01,5137
4.02,5136
4.02,5135
4.03,5134
4.03,5133
4.04,5132
4.05,5131
4.05,5130
4.06,5129
4.06,5128
4.07,5127
4.07,5126
4.07,5125
4.08,5124
4.08,5123
4.09,5122
4.10,5121
4.10,5120
4.11,5119
4.11,5118
4.12,5117
4.12,5116
4.13,5115
4.13,5114
4.14,5113
4.14,5112
4.15,5111
4.15,5110
4.16,5109
4.16,5108
4.17,5107
4.17,5106
4.18,5105
4.18,5104
4.19,5103
4.19,5102
4.20,5101
4.21,5100
4.21,5099
4.22,5098
4.22,5097
4.23,5096
4.23,5095
4.24,5094
4.24,5093
4.25,5092
4.25,5091
4.26,5090
4.26,5089
4.27,5088
4.27,5087
4.28,5086
4.28,5085
4.29,5084
4.30,5083
4.30,5082
4.31,5081
4.31,5080
4.32,5079
4.33,5078
4.33,5077
4.34,5076
4.34,5075
4.35,5074
4.35,5073
4.36,5072
4.36,5071
4.37,5070
4.38,5069
4.38,5068
4.39,5067
4.39,5066
4.40,5065
4.40,5064
4.41,5063
4.41,5062
4.42,5061
4.42,5060
4.43,5059
4.43,5058
4.44,5057
4.44,5056
4.45,5055
4.46,5054
4.46,5053
4.46,5052
4.47,5051
4.47,5050
4.49,5049
4.49,5048
4.50,5047
4.50,5046
4.51,5045
4.51,5044
4.51,5043
4.52,5042
4.52,5041
4.53,5040
4.53,5039
4.54,5038
4.54,5037
4.55,5036
4.55,5035
4.56,5034
4.56,5033
4.57,5032
4.57,5031
4.58,5030
4.58,5029
4.59,5028
4.59,5027
4.60,5026
4.61,5025
4.61,5024
4.62,5023
4.62,5022
4.63,5021
4.63,5020
4.64,5019
4.64,5018
4.65,5017
4.65,5016
4.66,5015
4.66,5014
4.67,5013
4.67,5012
4.68,5011
4.68,5010
4.69,5009
4.69,5008
4.70,5007
4.70,5006
4.71,5005
4.71,5004
4.72,5003
4.72,5002
4.73,5001
4.73,5000
4.74,4999
4.74,4998
4.75,4997
4.75,4996
4.76,4995
4.76,4994
4.77,4993
4.77,4992
4.78,4991
4.78,4990
4.79,4989
4.79,4988
4.80,4987
4.80,4986
4.81,4985
4.81,4984
4.82,4983
4.82,4982
4.83,4981
4.83,4980
4.84,4979
4.84,4978
4.85,4977
4.85,4976
4.86,4975
4.86,4974
4.87,4973
4.87,4972
4.88,4971
4.88,4970
4.89,4969
4.89,4968
4.90,4967
4.90,4966
4.91,4965
4.91,4964
4.92,4963
4.92,4962
4.93,4961
4.93,4960
4.94,4959
4.94,4958
4.95,4957
4.95,4956
4.96,4955
4.96,4954
4.97,4953
4.97,4952
4.98,4951
4.98,4950
4.99,4949
4.99,4948
5.00,4947
5.00,4946
5.01,4945
5.01,4944
5.02,4943
5.02,4942
5.03,4941
5.03,4940
5.04,4939
5.04,4938
5.05,4937
5.05,4936
5.05,4935
5.06,4934
5.06,4933
5.07,4932
5.07,4931
5.08,4930
5.08,4929
5.09,4928
5.09,4927
5.10,4926
5.10,4925
5.11,4924
5.11,4923
5.12,4922
5.12,4921
5.13,4920
5.13,4919
5.14,4918
5.14,4917
5.15,4916
5.15,4915
5.16,4914
5.16,4913
5.17,4912
5.17,4911
5.18,4910
5.18,4909
5.18,4908
5.19,4907
5.19,4906
5.20,4905
5.20,4904
5.21,4903
5.21,4902
5.22,4901
5.22,4900
5.23,4899
5.23,4898
5.24,4897
5.24,4896
5.25,4895
5.25,4894
5.26,4893
5.26,4892
5.27,4891
5.27,4890
5.28,4889
5.28,4888
5.29,4887
5.29,4886
5.30,4885
5.30,4884
5.31,4883
5.31,4882
5.32,4881
5.32,4880
5.33,4879
5.33,4878
5.33,4877
5.34,4876
5.34,4875
5.35,4874
5.35,4873
5.36,4872
5.36,4871
5.37,4870
5.37,4869
5.38,4868
5.38,4867
5.39,4866
5.39,4865
5.40,4864
5.40,4863
5.41,4862
5.41,4861
5.42,4860
5.42,4859
5.42,4858
5.43,4857
5.43,4856
5.44,4855
5.44,4854
5.45,4853
5.45,4852
5.46,4851
5.46,4850
5.47,4849
5.47,4848
5.48,4847
5.48,4846
5.49,4845
5.49,4844
5.49,4843
5.50,4842
5.50,4841
5.51,4840
5.51,4839
5.52,4838
5.53,4837
5.53,4836
5.54,4835
5.54,4834
5.55,4833
5.55,4832
5.56,4831
5.56,4830
5.57,4829
5.58,4828
5.58,4827
5.59,4826
5.59,4825
5.60,4824
5.60,4823
5.61,4822
5.61,4821
5.62,4820
5.62,4819
5.63,4818
5.63,4817
5.64,4816
5.64,4815
5.65,4814
5.65,4813
5.66,4812
5.66,4811
5.67,4810
5.67,4809
5.68,4808
5.68,4807
5.69,4806
5.69,4805
5.70,4804
5.70,4803
5.71,4802
5.71,4801
5.72,4800
5.72,4799
5.73,4798
5.73,4797
5.74,4796
5.74,4795
5.75,4794
5.75,4793
5.76,4792
5.76,4791
5.77,4790
5.77,4789
5.78,4788
5.78,4787
5.79,4786
5.79,4785
5.80,4784
5.80,4783
5.81,4782
5.81,4781
5.82,4780
5.82,4779
5.83,4778
5.83,4777
5.84,4776
5.84,4775
5.85,4774
5.85,4773
5.86,4772
5.86,4771
5.87,4770
5.87,4769
5.88,4768
5.88,4767
5.89,4766
5.89,4765
5.90,4764
5.90,4763
5.91,4762
5.91,4761
5.92,4760
5.92,4759
5.93,4758
5.93,4757
5.94,4756
5.94,4755
5.95,4754
5.95,4753
5.96,4752
5.96,4751
5.97,4750
5.97,4749
5.98,4748
5.98,4747
5.99,4746
5.99,4745
6.00,4744
6.00,4743
6.01,4742
6.01,4741
6.02,4740
6.02,4739
6.03,4738
6.03,4737
6.04,4736
6.04,4735
6.05,4734
6.05,4733
6.06,4732
6.06,4731
6.07,4730
6.07,4729
6.08,4728
6.08,4727
6.09,4726
6.09,4725
6.10,4724
6.10,4723
6.11,4722
6.11,4721
6.12,4720
6.12,4719
6.12,4718
6.13,4717
6.13,4716
6.14,4715
6.14,4714
6.15,4713
6.16,4712
6.16,4711
6.17,4710
6.17,4709
6.18,4708
6.18,4707
6.19,4706
6.19,4705
6.20,4704
6.20,4703
6.21,4702
6.21,4701
6.22,4700
6.22,4699
6.23,4698
6.23,4697
6.24,4696
6.24,4695
6.25,4694
6.25,4693
6.26,4692
6.26,4691
6.27,4690
6.27,4689
6.28,4688
6.28,4687
6.29,4686
6.29,4685
6.30,4684
6.30,4683
6.31,4682
6.31,4681
6.32,4680
6.32,4679
6.33,4678
6.33,4677
6.34,4676
6.34,4675
6.35,4674
6.35,4673
6.36,4672
6.36,4671
6.37,4670
6.37,4669
6.38,4668
6.38,4667
6.39,4666
6.39,4665
6.40,4664
6.40,4663
6.41,4662
6.41,4661
6.42,4660
6.42,4659
6.43,4658
6.43,4657
6.44,4656
6.44,4655
6.45,4654
6.45,4653
6.45,4652
6.46,4651
6.47,4650
6.47,4649
6.48,4648
6.48,4647
6.48,4646
6.49,4645
6.49,4644
6.50,4643
6.50,4642
6.51,4641
6.51,4640
6.52,4639
6.52,4638
6.53,4637
6.53,4636
6.54,4635
6.54,4634
6.55,4633
6.55,4632
6.56,4631
6.56,4630
6.57,4629
6.57,4628
6.58,4627
6.58,4626
6.59,4625
6.59,4624
6.60,4623
6.60,4622
6.61,4621
6.61,4620
6.62,4619
6.62,4618
6.63,4617
6.63,4616
6.64,4615
6.64,4614
6.65,4613
6.65,4612
6.66,4611
6.66,4610
6.66,4609
6.67,4608
6.67,4607
6.68,4606
6.68,4605
6.69,4604
6.69,4603
6.70,4602
6.70,4601
6.71,4600
6.71,4599
6.72,4598
6.72,4597
6.73,4596
6.73,4595
6.74,4594
6.74,4593
6.75,4592
6.75,4591
6.76,4590
6.76,4589
6.77,4588
6.77,4587
6.78,4586
6.78,4585
6.79,4584
6.79,4583
6.80,4582
6.80,4581
6.81,4580
6.81,4579
6.82,4578
6.82,4577
6.83,4576
6.83,4575
6.84,4574
6.84,4573
6.85,4572
6.85,4571
6.86,4570
6.86,4569
6.87,4568
6.87,4567
6.88,4566
6.88,4565
6.89,4564
6.89,4563
6.90,4562
6.90,4561
6.91,4560
6.91,4559
6.91,4558
6.92,4557
6.92,4556
6.93,4555
6.93,4554
6.94,4553
6.94,4552
6.95,4551
6.95,4550
6.96,4549
6.96,4548
6.97,4547
6.97,4546
6.98,4545
6.98,4544
6.99,4543
6.99,4542
7.00,4541
7.00,4540
7.01,4539
7.01,4538
7.02,4537
7.02,4536
7.03,4535
7.03,4534
7.04,4533
7.04,4532
7.05,4531
7.05,4530
7.06,4529
7.06,4528
7.06,4527
7.07,4526
7.07,4525
7.08,4524
7.08,4523
7.09,4522
7.09,4521
7.10,4520
7.10,4519
7.11,4518
7.11,4517
7.12,4516
7.12,4515
7.13,4514
7.13,4513
7.14,4512
7.14,4511
7.15,4510
7.15,4509
7.16,4508
7.16,4507
7.17,4506
7.17,4505
7.18,4504
7.18,4503
7.19,4502
7.19,4501
7.20,4500
7.20,4499
7.21,4498
7.21,4497
7.21,4496
7.22,4495
7.22,4494
7.23,4493
7.23,4492
7.24,4491
7.24,4490
7.25,4489
7.25,4488
7.26,4487
7.26,4486
7.27,4485
7.27,4484
7.28,4483
7.28,4482
7.29,4481
7.29,4480
7.30,4479
7.30,4478
7.31,4477
7.31,4476
7.32,4475
7.32,4474
7.33,4473
7.33,4472
7.34,4471
7.34,4470
7.35,4469
7.35,4468
7.36,4467
7.36,4466
7.37,4465
7.37,4464
7.38,4463
7.38,4462
7.38,4461
7.39,4460
7.39,4459
7.40,4458
7.40,4457
7.41,4456
7.41,4455
7.42,4454
7.42,4453
7.43,4452
7.43,4451
7.44,4450
7.44,4449
7.45,4448
7.45,4447
7.46,4446
7.46,4445
7.47,4444
7.47,4443
7.48,4442
7.48,4441
7.49,4440
7.49,4439
7.50,4438
7.50,4437
7.51,4436
7.51,4435
7.52,4434
7.52,4433
7.53,4432
7.53,4431
7.53,4430
7.54,4429
7.54,4428
7.55,4427
7.55,4426
7.56,4425
7.56,4424
7.57,4423
7.57,4422
7.58,4421
7.58,4420
7.59,4419
7.59,4418
7.60,4417
7.60,4416
7.61,4415
7.61,4414
7.62,4413
7.62,4412
7.63,4411
7.63,4410
7.63,4409
7.64,4408
7.64,4407
7.65,4406
7.66,4405
7.66,4404
7.66,4403
7.67,4402
7.67,4401
7.68,4400
7.68,4399
7.69,4398
7.69,4397
7.70,4396
7.70,4395
7.71,4394
7.71,4393
7.72,4392
7.72,4391
7.73,4390
7.73,4389
7.74,4388
7.74,4387
7.75,4386
7.75,4385
7.76,4384
7.76,4383
7.76,4382
7.77,4381
7.77,4380
7.78,4379
7.78,4378
7.79,4377
7.79,4376
7.80,4375
7.80,4374
7.81,4373
7.81,4372
7.82,4371
7.82,4370
7.83,4369
7.83,4368
7.84,4367
7.84,4366
7.85,4365
7.85,4364
7.86,4363
7.86,4362
7.87,4361
7.87,4360
7.88,4359
7.88,4358
7.89,4357
7.89,4356
7.90,4355
7.90,4354
7.91,4353
7.91,4352
7.92,4351
7.92,4350
7.92,4349
7.93,4348
7.93,4347
7.94,4346
7.94,4345
7.95,4344
7.95,4343
7.96,4342
7.96,4341
7.97,4340
7.97,4339
7.98,4338
7.98,4337
7.99,4336
7.99,4335
8.00,4334
8.00,4333
8.01,4332
8.01,4331
8.02,4330
8.02,4329
8.03,4328
8.03,4327
8.04,4326
8.04,4325
8.05,4324
8.05,4323
8.06,4322
8.06,4321
8.07,4320
8.07,4319
8.07,4318
8.08,4317
8.08,4316
8.09,4315
8.09,4314
8.10,4313
8.10,4312
8.11,4311
8.11,4310
8.12,4309
8.12,4308
8.13,4307
8.13,4306
8.14,4305
8.14,4304
8.15,4303
8.15,4302
8.16,4301
8.16,4300
8.17,4299
8.17,4298
8.18,4297
8.18,4296
8.18,4295
8.19,4294
8.19,4293
8.20,4292
8.20,4291
8.21,4290
8.21,4289
8.22,4288
8.22,4287
8.23,4286
8.23,4285
8.24,4284
8.24,4283
8.25,4282
8.25,4281
8.26,4280
8.26,4279
8.27,4278
8.27,4277
8.28,4276
8.28,4275
8.29,4274
8.29,4273
8.30,4272
8.30,4271
8.31,4270
8.31,4269
8.31,4268
8.32,4267
8.32,4266
8.33,4265
8.33,4264
8.34,4263
8.34,4262
8.35,4261
8.35,4260
8.36,4259
8.36,4258
8.37,4257
8.37,4256
8.38,4255
8.38,4254
8.39,4253
8.39,4252
8.40,4251
8.40,4250
8.40,4249
8.41,4248
8.41,4247
8.42,4246
8.42,4245
8.43,4244
8.43,4243
8.44,4242
8.44,4241
8.45,4240
8.45,4239
8.46,4238
8.46,4237
8.47,4236
8.47,4235
8.48,4234
8.48,4233
8.49,4232
8.49,4231
8.50,4230
8.50,4229
8.51,4228
8.51,4227
8.51,4226
8.52,4225
8.52,4224
8.53,4223
8.53,4222
8.54,4221
8.54,4220
8.55,4219
8.55,4218
8.56,4217
8.56,4216
8.57,4215
8.57,4214
8.58,4213
8.58,4212
8.59,4211
8.59,4210
8.60,4209
8.60,4208
8.61,4207
8.61,4206
8.62,4205
8.62,4204
8.63,4203
8.63,4202
8.64,4201
8.64,4200
8.65,4199
8.65,4198
8.65,4197
8.66,4196
8.66,4195
8.67,4194
8.67,4193
8.68,4192
8.68,4191
8.69,4190
8.69,4189
8.70,4188
8.70,4187
8.71,4186
8.71,4185
8.72,4184
8.72,4183
8.73,4182
8.73,4181
8.74,4180
8.74,4179
8.74,4178
8.75,4177
8.75,4176
