0.37,5786
0.44,5785
0.45,5784
0.47,5783
0.48,5782
0.49,5781
0.50,5780
0.50,5779
0.51,5778
0.52,5777
0.53,5776
0.54,5775
0.55,5774
0.55,5773
0.56,5772
0.57,5771
0.57,5770
0.58,5769
0.59,5768
0.59,5767
0.60,5766
0.61,5765
0.61,5764
0.62,5763
0.63,5762
0.64,5761
0.64,5760
0.65,5759
0.65,5758
0.66,5757
0.66,5756
0.67,5755
0.68,5754
0.68,5753
0.69,5752
0.69,5751
0.70,5750
0.71,5749
0.72,5748
0.72,5747
0.73,5746
0.73,5745
0.74,5744
0.74,5743
0.75,5742
0.76,5741
0.76,5740
0.77,5739
0.77,5738
0.79,5737
0.79,5736
0.80,5735
0.80,5734
0.81,5733
0.81,5732
0.82,5731
0.82,5730
0.83,5729
0.83,5728
0.84,5727
0.84,5726
0.85,5725
0.85,5724
0.86,5723
0.86,5722
0.87,5721
0.87,5720
0.88,5719
0.88,5718
0.89,5717
0.89,5716
0.90,5715
0.90,5714
0.91,5713
0.91,5712
0.92,5711
0.92,5710
0.93,5709
0.93,5708
0.94,5707
0.95,5706
0.95,5705
0.96,5704
0.96,5703
0.97,5702
0.97,5701
0.98,5700
0.98,5699
0.99,5698
1.00,5697
1.00,5696
1.01,5695
1.02,5694
1.03,5693
1.03,5692
1.04,5691
1.05,5690
1.06,5689
1.07,5688
1.07,5687
1.08,5686
1.08,5685
1.09,5684
1.10,5683
1.10,5682
1.11,5681
1.11,5680
1.12,5679
1.13,5678
1.13,5677
1.14,5676
1.15,5675
1.15,5674
1.16,5673
1.17,5672
1.17,5671
1.18,5670
1.19,5669
1.20,5668
1.20,5667
1.21,5666
1.22,5665
1.23,5664
1.23,5663
1.24,5662
1.24,5661
1.25,5660
1.25,5659
1.26,5658
1.26,5657
1.27,5656
1.28,5655
1.28,5654
1.29,5653
1.29,5652
1.30,5651
1.30,5650
1.31,5649
1.31,5648
1.32,5647
1.33,5646
1.33,5645
1.34,5644
1.34,5643
1.35,5642
1.35,5641
1.36,5640
1.37,5639
1.37,5638
1.38,5637
1.38,5636
1.39,5635
1.39,5634
1.40,5633
1.40,5632
1.41,5631
1.42,5630
1.42,5629
1.43,5628
1.43,5627
1.44,5626
1.44,5625
1.45,5624
1.45,5623
1.46,5622
1.47,5621
1.47,5620
1.47,5619
1.48,5618
1.48,5617
1.49,5616
1.50,5615
1.50,5614
1.51,5613
1.51,5612
1.52,5611
1.52,5610
1.53,5609
1.53,5608
1.54,5607
1.55,5606
1.55,5605
1.56,5604
1.56,5603
1.57,5602
1.57,5601
1.58,5600
1.58,5599
1.59,5598
1.59,5597
1.60,5596
1.60,5595
1.61,5594
1.61,5593
1.62,5592
1.63,5591
1.63,5590
1.64,5589
1.64,5588
1.65,5587
1.66,5586
1.66,5585
1.67,5584
1.67,5583
1.68,5582
1.68,5581
1.69,5580
1.69,5579
1.70,5578
1.71,5577
1.72,5576
1.72,5575
1.73,5574
1.73,5573
1.74,5572
1.75,5571
1.75,5570
1.76,5569
1.77,5568
1.77,5567
1.78,5566
1.78,5565
1.79,5564
1.80,5563
1.80,5562
1.81,5561
1.81,5560
1.82,5559
1.82,5558
1.83,5557
1.83,5556
1.84,5555
1.85,5554
1.85,5553
1.86,5552
1.86,5551
1.87,5550
1.87,5549
1.88,5548
1.88,5547
1.89,5546
1.89,5545
1.90,5544
1.90,5543
1.91,5542
1.91,5541
1.92,5540
1.93,5539
1.93,5538
1.94,5537
1.94,5536
1.95,5535
1.95,5534
1.96,5533
1.97,5532
1.97,5531
1.98,5530
1.98,5529
1.99,5528
1.99,5527
2.00,5526
2.01,5525
2.01,5524
2.02,5523
2.02,5522
2.03,5521
2.03,5520
2.04,5519
2.05,5518
2.05,5517
2.06,5516
2.06,5515
2.07,5514
2.07,5513
2.08,5512
2.08,5511
2.09,5510
2.09,5509
2.10,5508
2.10,5507
2.11,5506
2.11,5505
2.12,5504
2.13,5503
2.13,5502
2.14,5501
2.14,5500
2.15,5499
2.15,5498
2.16,5497
2.16,5496
2.17,5495
2.18,5494
2.18,5493
2.19,5492
2.19,5491
2.20,5490
2.21,5489
2.21,5488
2.22,5487
2.22,5486
2.23,5485
2.23,5484
2.24,5483
2.25,5482
2.25,5481
2.26,5480
2.27,5479
2.27,5478
2.28,5477
2.28,5476
2.29,5475
2.29,5474
2.30,5473
2.31,5472
2.31,5471
2.32,5470
2.33,5469
2.33,5468
2.34,5467
2.35,5466
2.36,5465
2.36,5464
2.37,5463
2.38,5462
2.38,5461
2.39,5460
2.40,5459
2.40,5458
2.41,5457
2.42,5456
2.43,5455
2.43,5454
2.44,5453
2.45,5452
2.45,5451
2.46,5450
2.47,5449
2.47,5448
2.48,5447
2.49,5446
2.50,5445
2.50,5444
2.51,5443
2.52,5442
2.52,5441
2.53,5440
2.53,5439
2.54,5438
2.55,5437
2.55,5436
2.56,5435
2.57,5434
2.57,5433
2.58,5432
2.59,5431
2.59,5430
2.60,5429
2.61,5428
2.61,5427
2.62,5426
2.62,5425
2.63,5424
2.64,5423
2.64,5422
2.65,5421
2.66,5420
2.66,5419
2.67,5418
2.68,5417
2.68,5416
2.69,5415
2.70,5414
2.70,5413
2.71,5412
2.72,5411
2.73,5410
2.73,5409
2.74,5408
2.75,5407
2.75,5406
2.76,5405
2.77,5404
2.77,5403
2.78,5402
2.79,5401
2.79,5400
2.80,5399
2.81,5398
2.81,5397
2.82,5396
2.82,5395
2.83,5394
2.83,5393
2.84,5392
2.85,5391
2.85,5390
2.86,5389
2.86,5388
2.87,5387
2.88,5386
2.88,5385
2.89,5384
2.89,5383
2.90,5382
2.90,5381
2.91,5380
2.91,5379
2.92,5378
2.92,5377
2.93,5376
2.93,5375
2.94,5374
2.95,5373
2.95,5372
2.96,5371
2.96,5370
2.97,5369
2.98,5368
2.98,5367
2.99,5366
2.99,5365
3.00,5364
3.00,5363
3.01,5362
3.02,5361
3.02,5360
3.03,5359
3.03,5358
3.04,5357
3.04,5356
3.05,5355
3.05,5354
3.06,5353
3.06,5352
3.07,5351
3.08,5350
3.08,5349
3.09,5348
3.09,5347
3.10,5346
3.10,5345
3.11,5344
3.11,5343
3.12,5342
3.13,5341
3.13,5340
3.14,5339
3.14,5338
3.15,5337
3.15,5336
3.16,5335
3.16,5334
3.17,5333
3.17,5332
3.18,5331
3.18,5330
3.19,5329
3.19,5328
3.20,5327
3.20,5326
3.21,5325
3.21,5324
3.22,5323
3.22,5322
3.23,5321
3.23,5320
3.24,5319
3.25,5318
3.25,5317
3.26,5316
3.26,5315
3.27,5314
3.27,5313
3.28,5312
3.28,5311
3.29,5310
3.29,5309
3.30,5308
3.30,5307
3.31,5306
3.31,5305
3.32,5304
3.32,5303
3.33,5302
3.34,5301
3.34,5300
3.35,5299
3.35,5298
3.36,5297
3.36,5296
3.37,5295
3.37,5294
3.38,5293
3.38,5292
3.39,5291
3.39,5290
3.40,5289
3.40,5288
3.41,5287
3.41,5286
3.42,5285
3.42,5284
3.43,5283
3.43,5282
3.44,5281
3.44,5280
3.45,5279
3.46,5278
3.46,5277
3.47,5276
3.47,5275
3.48,5274
3.48,5273
3.49,5272
3.49,5271
3.50,5270
3.50,5269
3.51,5268
3.51,5267
3.52,5266
3.52,5265
3.53,5264
3.53,5263
3.54,5262
3.54,5261
3.55,5260
3.55,5259
3.56,5258
3.56,5257
3.57,5256
3.57,5255
3.58,5254
3.58,5253
3.59,5252
3.59,5251
3.60,5250
3.61,5249
3.61,5248
3.62,5247
3.62,5246
3.63,5245
3.63,5244
3.64,5243
3.64,5242
3.65,5241
3.65,5240
3.66,5239
3.67,5238
3.67,5237
3.68,5236
3.68,5235
3.69,5234
3.69,5233
3.70,5232
3.70,5231
3.71,5230
3.72,5229
3.72,5228
3.73,5227
3.74,5226
3.74,5225
3.75,5224
3.75,5223
3.76,5222
3.76,5221
3.77,5220
3.77,5219
3.78,5218
3.78,5217
3.79,5216
3.79,5215
3.80,5214
3.80,5213
3.81,5212
3.81,5211
3.82,5210
3.82,5209
3.83,5208
3.83,5207
3.84,5206
3.84,5205
3.85,5204
3.86,5203
3.86,5202
3.87,5201
3.87,5200
3.87,5199
3.88,5198
3.88,5197
3.89,5196
3.89,5195
3.90,5194
3.90,5193
3.91,5192
3.91,5191
3.92,5190
3.92,5189
3.93,5188
3.93,5187
3.94,5186
3.94,5185
3.95,5184
3.95,5183
3.96,5182
3.97,5181
3.97,5180
3.97,5179
3.98,5178
3.98,5177
3.99,5176
3.99,5175
4.00,5174
4.00,5173
4.01,5172
4.01,5171
4.02,5170
4.02,5169
4.03,5168
4.03,5167
4.04,5166
4.04,5165
4.05,5164
4.05,5163
4.06,5162
4.06,5161
4.07,5160
4.07,5159
4.08,5158
4.08,5157
4.09,5156
4.09,5155
4.10,5154
4.10,5153
4.11,5152
4.11,5151
4.12,5150
4.12,5149
4.13,5148
4.13,5147
4.14,5146
4.14,5145
4.15,5144
4.15,5143
4.16,5142
4.16,5141
4.17,5140
4.17,5139
4.18,5138
4.18,5137
4.19,5136
4.19,5135
4.20,5134
4.20,5133
4.21,5132
4.21,5131
4.22,5130
4.22,5129
4.23,5128
4.23,5127
4.24,5126
4.24,5125
4.25,5124
4.25,5123
4.26,5122
4.26,5121
4.27,5120
4.27,5119
4.28,5118
4.28,5117
4.29,5116
4.29,5115
4.30,5114
4.30,5113
4.31,5112
4.31,5111
4.32,5110
4.32,5109
4.33,5108
4.33,5107
4.34,5106
4.34,5105
4.35,5104
4.35,5103
4.36,5102
4.36,5101
4.37,5100
4.37,5099
4.38,5098
4.38,5097
4.39,5096
4.39,5095
4.40,5094
4.40,5093
4.41,5092
4.41,5091
4.42,5090
4.42,5089
4.43,5088
4.43,5087
4.43,5086
4.44,5085
4.44,5084
4.45,5083
4.45,5082
4.46,5081
4.46,5080
4.47,5079
4.47,5078
4.48,5077
4.48,5076
4.49,5075
4.49,5074
4.50,5073
4.50,5072
4.50,5071
4.51,5070
4.51,5069
4.52,5068
4.52,5067
4.53,5066
4.53,5065
4.54,5064
4.54,5063
4.55,5062
4.55,5061
4.56,5060
4.56,5059
4.56,5058
4.57,5057
4.58,5056
4.58,5055
4.59,5054
4.60,5053
4.60,5052
4.61,5051
4.61,5050
4.62,5049
4.62,5048
4.63,5047
4.63,5046
4.64,5045
4.64,5044
4.65,5043
4.65,5042
4.66,5041
4.66,5040
4.67,5039
4.67,5038
4.68,5037
4.68,5036
4.69,5035
4.69,5034
4.70,5033
4.70,5032
4.71,5031
4.71,5030
4.72,5029
4.72,5028
4.73,5027
4.73,5026
4.74,5025
4.74,5024
4.75,5023
4.75,5022
4.76,5021
4.76,5020
4.77,5019
4.77,5018
4.78,5017
4.78,5016
4.79,5015
4.79,5014
4.80,5013
4.80,5012
4.81,5011
4.81,5010
4.82,5009
4.82,5008
4.83,5007
4.83,5006
4.84,5005
4.84,5004
4.85,5003
4.85,5002
4.86,5001
4.86,5000
4.87,4999
4.87,4998
4.88,4997
4.88,4996
4.89,4995
4.89,4994
4.90,4993
4.90,4992
4.91,4991
4.91,4990
4.92,4989
4.92,4988
4.93,4987
4.93,4986
4.94,4985
4.94,4984
4.95,4983
4.95,4982
4.96,4981
4.96,4980
4.97,4979
4.97,4978
4.98,4977
4.98,4976
4.99,4975
4.99,4974
5.00,4973
5.00,4972
5.01,4971
5.01,4970
5.02,4969
5.02,4968
5.03,4967
5.04,4966
5.04,4965
5.05,4964
5.05,4963
5.06,4962
5.06,4961
5.07,4960
5.07,4959
5.08,4958
5.08,4957
5.09,4956
5.09,4955
5.10,4954
5.10,4953
5.11,4952
5.11,4951
5.12,4950
5.13,4949
5.13,4948
5.14,4947
5.14,4946
5.15,4945
5.15,4944
5.16,4943
5.16,4942
5.17,4941
5.17,4940
5.18,4939
5.18,4938
5.19,4937
5.20,4936
5.20,4935
5.21,4934
5.21,4933
5.22,4932
5.22,4931
5.23,4930
5.23,4929
5.24,4928
5.24,4927
5.25,4926
5.25,4925
5.26,4924
5.26,4923
5.27,4922
5.28,4921
5.28,4920
5.29,4919
5.29,4918
5.30,4917
5.31,4916
5.31,4915
5.32,4914
5.32,4913
5.33,4912
5.33,4911
5.34,4910
5.34,4909
5.35,4908
5.35,4907
5.36,4906
5.36,4905
5.37,4904
5.37,4903
5.38,4902
5.38,4901
5.39,4900
5.39,4899
5.40,4898
5.40,4897
5.41,4896
5.42,4895
5.42,4894
5.43,4893
5.43,4892
5.44,4891
5.44,4890
5.45,4889
5.45,4888
5.46,4887
5.46,4886
5.47,4885
5.47,4884
5.48,4883
5.48,4882
5.49,4881
5.49,4880
5.50,4879
5.50,4878
5.51,4877
5.51,4876
5.52,4875
5.52,4874
5.53,4873
5.53,4872
5.54,4871
5.54,4870
5.55,4869
5.55,4868
5.56,4867
5.56,4866
5.57,4865
5.57,4864
5.58,4863
5.58,4862
5.59,4861
5.60,4860
5.60,4859
5.61,4858
5.61,4857
5.62,4856
5.62,4855
5.63,4854
5.63,4853
5.64,4852
5.64,4851
5.65,4850
5.65,4849
5.66,4848
5.66,4847
5.67,4846
5.67,4845
5.68,4844
5.68,4843
5.69,4842
5.69,4841
5.70,4840
5.70,4839
5.71,4838
5.71,4837
5.72,4836
5.73,4835
5.73,4834
5.74,4833
5.74,4832
5.75,4831
5.75,4830
5.76,4829
5.76,4828
5.77,4827
5.77,4826
5.78,4825
5.78,4824
5.79,4823
5.79,4822
5.80,4821
5.80,4820
5.81,4819
5.81,4818
5.82,4817
5.82,4816
5.83,4815
5.83,4814
5.84,4813
5.84,4812
5.85,4811
5.85,4810
5.86,4809
5.86,4808
5.87,4807
5.87,4806
5.88,4805
5.88,4804
5.89,4803
5.89,4802
5.90,4801
5.90,4800
5.91,4799
5.91,4798
5.92,4797
5.92,4796
5.93,4795
5.94,4794
5.94,4793
5.95,4792
5.95,4791
5.96,4790
5.96,4789
5.97,4788
5.97,4787
5.98,4786
5.98,4785
5.99,4784
5.99,4783
6.00,4782
6.00,4781
6.01,4780
6.01,4779
6.02,4778
6.02,4777
6.03,4776
6.03,4775
6.04,4774
6.04,4773
6.05,4772
6.05,4771
6.06,4770
6.06,4769
6.07,4768
6.07,4767
6.08,4766
6.08,4765
6.09,4764
6.09,4763
6.10,4762
6.10,4761
6.11,4760
6.11,4759
6.12,4758
6.12,4757
6.13,4756
6.13,4755
6.14,4754
6.14,4753
6.15,4752
6.15,4751
6.16,4750
6.16,4749
6.17,4748
6.17,4747
6.18,4746
6.18,4745
6.19,4744
6.19,4743
6.20,4742
6.20,4741
6.21,4740
6.21,4739
6.22,4738
6.22,4737
6.23,4736
6.23,4735
6.24,4734
6.24,4733
6.25,4732
6.25,4731
6.26,4730
6.26,4729
6.27,4728
6.27,4727
6.28,4726
6.28,4725
6.29,4724
6.30,4723
6.30,4722
6.31,4721
6.31,4720
6.31,4719
6.32,4718
6.32,4717
6.33,4716
6.33,4715
6.34,4714
6.35,4713
6.35,4712
6.36,4711
6.36,4710
6.37,4709
6.37,4708
6.38,4707
6.38,4706
6.39,4705
6.39,4704
6.40,4703
6.40,4702
6.41,4701
6.42,4700
6.42,4699
6.43,4698
6.43,4697
6.44,4696
6.44,4695
6.45,4694
6.45,4693
6.46,4692
6.46,4691
6.47,4690
6.47,4689
6.48,4688
6.48,4687
6.49,4686
6.49,4685
6.50,4684
6.50,4683
6.51,4682
6.51,4681
6.52,4680
6.52,4679
6.53,4678
6.54,4677
6.54,4676
6.54,4675
6.55,4674
6.56,4673
6.56,4672
6.57,4671
6.57,4670
6.58,4669
6.58,4668
6.59,4667
6.59,4666
6.60,4665
6.60,4664
6.61,4663
6.61,4662
6.62,4661
6.62,4660
6.63,4659
6.63,4658
6.64,4657
6.64,4656
6.65,4655
6.65,4654
6.66,4653
6.66,4652
6.67,4651
6.68,4650
6.68,4649
6.69,4648
6.69,4647
6.70,4646
6.70,4645
6.71,4644
6.71,4643
6.72,4642
6.72,4641
6.73,4640
6.73,4639
6.74,4638
6.74,4637
6.75,4636
6.75,4635
6.76,4634
6.76,4633
6.77,4632
6.77,4631
6.78,4630
6.78,4629
6.79,4628
6.79,4627
6.80,4626
6.80,4625
6.81,4624
6.81,4623
6.82,4622
6.82,4621
6.83,4620
6.84,4619
6.84,4618
6.85,4617
6.85,4616
6.86,4615
6.86,4614
6.87,4613
6.87,4612
6.88,4611
6.88,4610
6.89,4609
6.89,4608
6.90,4607
6.90,4606
6.91,4605
6.91,4604
6.92,4603
6.92,4602
6.93,4601
6.93,4600
6.94,4599
6.94,4598
6.95,4597
6.95,4596
6.96,4595
6.96,4594
6.97,4593
6.97,4592
6.98,4591
6.98,4590
6.99,4589
6.99,4588
7.00,4587
7.01,4586
7.01,4585
7.02,4584
7.02,4583
7.03,4582
7.03,4581
7.04,4580
7.04,4579
7.05,4578
7.05,4577
7.06,4576
7.06,4575
7.07,4574
7.07,4573
7.08,4572
7.08,4571
7.09,4570
7.09,4569
7.10,4568
7.10,4567
7.11,4566
7.11,4565
7.12,4564
7.12,4563
7.13,4562
7.13,4561
7.14,4560
7.15,4559
7.15,4558
7.16,4557
7.16,4556
7.17,4555
7.17,4554
7.17,4553
7.18,4552
7.19,4551
7.19,4550
7.20,4549
7.20,4548
7.21,4547
7.21,4546
7.22,4545
7.22,4544
7.22,4543
7.23,4542
7.23,4541
7.24,4540
7.25,4539
7.25,4538
7.26,4537
7.26,4536
7.26,4535
7.27,4534
7.27,4533
7.28,4532
7.29,4531
7.29,4530
7.30,4529
7.30,4528
7.31,4527
7.31,4526
7.32,4525
7.32,4524
7.33,4523
7.33,4522
7.34,4521
7.34,4520
7.35,4519
7.35,4518
7.36,4517
7.36,4516
7.37,4515
7.37,4514
7.38,4513
7.38,4512
7.39,4511
7.39,4510
7.40,4509
7.40,4508
7.41,4507
7.41,4506
7.42,4505
7.42,4504
7.43,4503
7.43,4502
7.44,4501
7.44,4500
7.45,4499
7.45,4498
7.46,4497
7.46,4496
7.47,4495
7.48,4494
7.48,4493
7.49,4492
7.49,4491
7.50,4490
7.50,4489
7.51,4488
7.51,4487
7.52,4486
7.52,4485
7.53,4484
7.53,4483
7.54,4482
7.54,4481
7.55,4480
7.55,4479
7.56,4478
7.56,4477
7.57,4476
7.57,4475
7.58,4474
7.58,4473
7.59,4472
7.59,4471
7.60,4470
7.60,4469
7.61,4468
7.61,4467
7.62,4466
7.62,4465
7.63,4464
7.63,4463
7.64,4462
7.64,4461
7.65,4460
7.65,4459
7.66,4458
7.66,4457
7.67,4456
7.67,4455
7.68,4454
7.68,4453
7.69,4452
7.69,4451
7.70,4450
7.70,4449
7.71,4448
7.71,4447
7.72,4446
7.72,4445
7.73,4444
7.73,4443
7.74,4442
7.74,4441
7.74,4440
7.75,4439
7.75,4438
7.76,4437
7.76,4436
7.77,4435
7.78,4434
7.78,4433
7.79,4432
7.79,4431
7.80,4430
7.80,4429
7.81,4428
7.81,4427
7.82,4426
7.82,4425
7.83,4424
7.83,4423
7.84,4422
7.84,4421
7.85,4420
7.85,4419
7.86,4418
7.86,4417
7.87,4416
7.87,4415
7.88,4414
7.88,4413
7.88,4412
7.89,4411
7.89,4410
7.90,4409
7.90,4408
7.91,4407
7.91,4406
7.92,4405
7.92,4404
7.93,4403
7.93,4402
7.94,4401
7.94,4400
7.95,4399
7.95,4398
7.96,4397
7.96,4396
7.97,4395
7.97,4394
7.97,4393
7.98,4392
7.98,4391
7.99,4390
7.99,4389
8.00,4388
8.00,4387
8.01,4386
8.01,4385
8.02,4384
8.02,4383
8.03,4382
8.03,4381
8.04,4380
8.04,4379
8.05,4378
8.05,4377
8.06,4376
8.06,4375
8.07,4374
8.07,4373
8.07,4372
8.08,4371
8.08,4370
8.09,4369
8.09,4368
8.10,4367
8.10,4366
8.11,4365
8.11,4364
8.12,4363
8.12,4362
8.13,4361
8.13,4360
8.14,4359
8.14,4358
8.15,4357
8.15,4356
8.16,4355
8.16,4354
8.17,4353
8.17,4352
8.18,4351
8.18,4350
8.19,4349
8.19,4348
8.20,4347
8.20,4346
8.21,4345
8.21,4344
8.22,4343
8.22,4342
8.23,4341
8.24,4340
8.24,4339
8.24,4338
8.25,4337
8.25,4336
8.26,4335
8.26,4334
8.27,4333
8.27,4332
8.28,4331
8.28,4330
8.29,4329
8.29,4328
8.30,4327
8.30,4326
8.31,4325
8.31,4324
8.32,4323
8.32,4322
8.33,4321
8.33,4320
8.34,4319
8.34,4318
8.35,4317
8.35,4316
8.36,4315
8.36,4314
8.37,4313
8.37,4312
8.38,4311
8.38,4310
8.39,4309
8.39,4308
8.40,4307
8.40,4306
8.41,4305
8.41,4304
8.42,4303
8.42,4302
8.43,4301
8.43,4300
8.44,4299
8.44,4298
8.45,4297
8.45,4296
8.46,4295
8.46,4294
8.47,4293
8.47,4292
8.48,4291
8.48,4290
8.49,4289
8.49,4288
8.50,4287
8.50,4286
8.50,4285
8.51,4284
8.51,4283
8.52,4282
8.52,4281
8.53,4280
8.53,4279
8.54,4278
8.54,4277
8.55,4276
8.55,4275
8.56,4274
8.56,4273
8.57,4272
8.57,4271
8.58,4270
8.58,4269
8.59,4268
8.59,4267
8.60,4266
8.60,4265
8.61,4264
8.61,4263
8.62,4262
8.62,4261
8.63,4260
8.63,4259
8.64,4258
8.64,4257
8.65,4256
8.65,4255
8.66,4254
8.66,4253
8.67,4252
8.67,4251
8.68,4250
8.68,4249
8.69,4248
8.69,4247
8.70,4246
8.70,4245
8.71,4244
8.71,4243
8.72,4242
8.72,4241
8.72,4240
8.73,4239
8.74,4238
8.74,4237
8.75,4236
8.75,4235
8.76,4234
8.76,4233
8.76,4232
8.77,4231
8.77,4230
8.78,4229
8.78,4228
8.79,4227
8.79,4226
8.80,4225
8.80,4224
8.81,4223
8.81,4222
8.82,4221
8.82,4220
8.83,4219
8.83,4218
8.84,4217
8.84,4216
8.85,4215
8.85,4214
8.86,4213
8.86,4212
8.87,4211
8.87,4210
8.88,4209
8.88,4208
8.89,4207
8.89,4206
8.90,4205
8.90,4204
8.93,4203
