0.36,5806
0.44,5805
0.45,5804
0.47,5803
0.48,5802
0.49,5801
0.50,5800
0.50,5799
0.51,5798
0.52,5797
0.53,5796
0.54,5795
0.54,5794
0.55,5793
0.56,5792
0.56,5791
0.57,5790
0.58,5789
0.58,5788
0.59,5787
0.60,5786
0.60,5785
0.61,5784
0.61,5783
0.62,5782
0.62,5781
0.63,5780
0.63,5779
0.64,5778
0.64,5777
0.65,5776
0.66,5775
0.66,5774
0.67,5773
0.67,5772
0.68,5771
0.68,5770
0.69,5769
0.70,5768
0.71,5767
0.71,5766
0.72,5765
0.72,5764
0.73,5763
0.73,5762
0.74,5761
0.74,5760
0.75,5759
0.75,5758
0.76,5757
0.76,5756
0.77,5755
0.77,5754
0.78,5753
0.78,5752
0.78,5751
0.79,5750
0.80,5749
0.80,5748
0.81,5747
0.81,5746
0.82,5745
0.82,5744
0.83,5743
0.83,5742
0.84,5741
0.84,5740
0.85,5739
0.85,5738
0.86,5737
0.86,5736
0.87,5735
0.87,5734
0.88,5733
0.88,5732
0.89,5731
0.89,5730
0.90,5729
0.90,5728
0.91,5727
0.91,5726
0.92,5725
0.92,5724
0.93,5723
0.93,5722
0.94,5721
0.94,5720
0.95,5719
0.96,5718
0.96,5717
0.97,5716
0.97,5715
0.98,5714
0.99,5713
0.99,5712
1.00,5711
1.00,5710
1.01,5709
1.02,5708
1.03,5707
1.03,5706
1.04,5705
1.04,5704
1.05,5703
1.06,5702
1.06,5701
1.07,5700
1.07,5699
1.08,5698
1.09,5697
1.09,5696
1.10,5695
1.10,5694
1.11,5693
1.11,5692
1.12,5691
1.13,5690
1.13,5689
1.14,5688
1.14,5687
1.15,5686
1.16,5685
1.16,5684
1.17,5683
1.18,5682
1.18,5681
1.19,5680
1.19,5679
1.20,5678
1.21,5677
1.21,5676
1.21,5675
1.23,5674
1.23,5673
1.24,5672
1.24,5671
1.25,5670
1.25,5669
1.26,5668
1.26,5667
1.27,5666
1.28,5665
1.28,5664
1.29,5663
1.29,5662
1.30,5661
1.30,5660
1.31,5659
1.31,5658
1.32,5657
1.32,5656
1.33,5655
1.33,5654
1.34,5653
1.34,5652
1.35,5651
1.35,5650
1.36,5649
1.36,5648
1.37,5647
1.37,5646
1.38,5645
1.38,5644
1.38,5643
1.39,5642
1.39,5641
1.40,5640
1.40,5639
1.41,5638
1.41,5637
1.42,5636
1.42,5635
1.43,5634
1.43,5633
1.44,5632
1.44,5631
1.45,5630
1.45,5629
1.46,5628
1.46,5627
1.47,5626
1.47,5625
1.48,5624
1.48,5623
1.49,5622
1.49,5621
1.50,5620
1.50,5619
1.51,5618
1.51,5617
1.52,5616
1.52,5615
1.53,5614
1.53,5613
1.54,5612
1.54,5611
1.54,5610
1.55,5609
1.56,5608
1.56,5607
1.57,5606
1.58,5605
1.58,5604
1.58,5603
1.59,5602
1.59,5601
1.60,5600
1.60,5599
1.61,5598
1.62,5597
1.62,5596
1.63,5595
1.63,5594
1.64,5593
1.64,5592
1.64,5591
1.65,5590
1.65,5589
1.66,5588
1.66,5587
1.67,5586
1.67,5585
1.68,5584
1.68,5583
1.69,5582
1.69,5581
1.70,5580
1.70,5579
1.71,5578
1.71,5577
1.72,5576
1.72,5575
1.73,5574
1.73,5573
1.74,5572
1.74,5571
1.75,5570
1.77,5569
1.77,5568
1.78,5567
1.78,5566
1.79,5565
1.79,5564
1.80,5563
1.80,5562
1.80,5561
1.81,5560
1.81,5559
1.82,5558
1.83,5557
1.83,5556
1.84,5555
1.84,5554
1.85,5553
1.85,5552
1.86,5551
1.86,5550
1.87,5549
1.87,5548
1.88,5547
1.88,5546
1.89,5545
1.89,5544
1.90,5543
1.90,5542
1.91,5541
1.91,5540
1.92,5539
1.92,5538
1.93,5537
1.93,5536
1.94,5535
1.94,5534
1.95,5533
1.95,5532
1.96,5531
1.96,5530
1.97,5529
1.97,5528
1.98,5527
1.98,5526
1.99,5525
1.99,5524
2.00,5523
2.00,5522
2.01,5521
2.01,5520
2.02,5519
2.02,5518
2.03,5517
2.03,5516
2.04,5515
2.04,5514
2.05,5513
2.05,5512
2.06,5511
2.06,5510
2.07,5509
2.07,5508
2.08,5507
2.08,5506
2.09,5505
2.09,5504
2.10,5503
2.10,5502
2.11,5501
2.11,5500
2.12,5499
2.13,5498
2.13,5497
2.14,5496
2.14,5495
2.15,5494
2.16,5493
2.16,5492
2.17,5491
2.17,5490
2.18,5489
2.18,5488
2.19,5487
2.20,5486
2.20,5485
2.21,5484
2.21,5483
2.22,5482
2.23,5481
2.23,5480
2.24,5479
2.24,5478
2.25,5477
2.26,5476
2.26,5475
2.27,5474
2.27,5473
2.28,5472
2.28,5471
2.29,5470
2.30,5469
2.30,5468
2.31,5467
2.31,5466
2.32,5465
2.33,5464
2.33,5463
2.34,5462
2.35,5461
2.35,5460
2.36,5459
2.36,5458
2.37,5457
2.38,5456
2.38,5455
2.39,5454
2.40,5453
2.40,5452
2.41,5451
2.41,5450
2.42,5449
2.42,5448
2.43,5447
2.44,5446
2.44,5445
2.45,5444
2.45,5443
2.46,5442
2.46,5441
2.47,5440
2.47,5439
2.48,5438
2.48,5437
2.49,5436
2.50,5435
2.50,5434
2.51,5433
2.51,5432
2.52,5431
2.53,5430
2.53,5429
2.54,5428
2.54,5427
2.55,5426
2.56,5425
2.56,5424
2.57,5423
2.58,5422
2.58,5421
2.59,5420
2.59,5419
2.60,5418
2.60,5417
2.61,5416
2.61,5415
2.62,5414
2.62,5413
2.63,5412
2.63,5411
2.64,5410
2.64,5409
2.65,5408
2.65,5407
2.66,5406
2.67,5405
2.67,5404
2.68,5403
2.68,5402
2.69,5401
2.70,5400
2.70,5399
2.71,5398
2.71,5397
2.72,5396
2.72,5395
2.73,5394
2.73,5393
2.74,5392
2.74,5391
2.74,5390
2.75,5389
2.75,5388
2.76,5387
2.77,5386
2.77,5385
2.78,5384
2.78,5383
2.79,5382
2.79,5381
2.80,5380
2.80,5379
2.81,5378
2.81,5377
2.82,5376
2.82,5375
2.83,5374
2.83,5373
2.84,5372
2.84,5371
2.85,5370
2.85,5369
2.86,5368
2.86,5367
2.87,5366
2.87,5365
2.88,5364
2.89,5363
2.89,5362
2.90,5361
2.90,5360
2.91,5359
2.91,5358
2.92,5357
2.92,5356
2.93,5355
2.93,5354
2.94,5353
2.94,5352
2.95,5351
2.95,5350
2.96,5349
2.96,5348
2.97,5347
2.97,5346
2.98,5345
2.98,5344
2.99,5343
2.99,5342
3.00,5341
3.00,5340
3.01,5339
3.02,5338
3.02,5337
3.02,5336
3.03,5335
3.03,5334
3.04,5333
3.04,5332
3.05,5331
3.05,5330
3.06,5329
3.06,5328
3.07,5327
3.07,5326
3.08,5325
3.08,5324
3.09,5323
3.09,5322
3.10,5321
3.10,5320
3.11,5319
3.11,5318
3.12,5317
3.12,5316
3.13,5315
3.13,5314
3.14,5313
3.14,5312
3.15,5311
3.15,5310
3.16,5309
3.16,5308
3.17,5307
3.18,5306
3.18,5305
3.19,5304
3.19,5303
3.20,5302
3.20,5301
3.21,5300
3.21,5299
3.22,5298
3.22,5297
3.23,5296
3.23,5295
3.24,5294
3.24,5293
3.25,5292
3.25,5291
3.26,5290
3.26,5289
3.27,5288
3.27,5287
3.28,5286
3.28,5285
3.29,5284
3.29,5283
3.30,5282
3.30,5281
3.31,5280
3.31,5279
3.32,5278
3.32,5277
3.33,5276
3.33,5275
3.34,5274
3.34,5273
3.35,5272
3.35,5271
3.36,5270
3.36,5269
3.37,5268
3.37,5267
3.38,5266
3.38,5265
3.39,5264
3.39,5263
3.40,5262
3.40,5261
3.41,5260
3.41,5259
3.42,5258
3.42,5257
3.43,5256
3.43,5255
3.44,5254
3.44,5253
3.45,5252
3.46,5251
3.46,5250
3.47,5249
3.48,5248
3.48,5247
3.49,5246
3.49,5245
3.50,5244
3.50,5243
3.51,5242
3.51,5241
3.52,5240
3.52,5239
3.53,5238
3.53,5237
3.54,5236
3.54,5235
3.55,5234
3.55,5233
3.56,5232
3.56,5231
3.57,5230
3.57,5229
3.58,5228
3.58,5227
3.59,5226
3.59,5225
3.60,5224
3.60,5223
3.61,5222
3.61,5221
3.62,5220
3.62,5219
3.63,5218
3.63,5217
3.64,5216
3.64,5215
3.65,5214
3.65,5213
3.66,5212
3.66,5211
3.67,5210
3.67,5209
3.68,5208
3.68,5207
3.69,5206
3.70,5205
3.70,5204
3.70,5203
3.71,5202
3.71,5201
3.72,5200
3.72,5199
3.73,5198
3.74,5197
3.74,5196
3.75,5195
3.75,5194
3.76,5193
3.76,5192
3.77,5191
3.77,5190
3.78,5189
3.78,5188
3.79,5187
3.79,5186
3.80,5185
3.80,5184
3.80,5183
3.81,5182
3.82,5181
3.82,5180
3.83,5179
3.83,5178
3.83,5177
3.84,5176
3.84,5175
3.85,5174
3.85,5173
3.86,5172
3.86,5171
3.87,5170
3.87,5169
3.88,5168
3.88,5167
3.89,5166
3.89,5165
3.90,5164
3.90,5163
3.91,5162
3.91,5161
3.92,5160
3.92,5159
3.93,5158
3.93,5157
3.94,5156
3.94,5155
3.95,5154
3.95,5153
3.96,5152
3.96,5151
3.97,5150
3.97,5149
3.97,5148
3.98,5147
3.98,5146
3.99,5145
3.99,5144
4.00,5143
4.00,5142
4.01,5141
4.01,5140
4.02,5139
4.02,5138
4.03,5137
4.03,5136
4.03,5135
4.04,5134
4.04,5133
4.05,5132
4.05,5131
4.06,5130
4.06,5129
4.07,5128
4.07,5127
4.08,5126
4.08,5125
4.08,5124
4.09,5123
4.09,5122
4.10,5121
4.10,5120
4.11,5119
4.11,5118
4.12,5117
4.12,5116
4.12,5115
4.13,5114
4.13,5113
4.14,5112
4.14,5111
4.15,5110
4.15,5109
4.16,5108
4.16,5107
4.17,5106
4.17,5105
4.17,5104
4.18,5103
4.18,5102
4.19,5101
4.19,5100
4.20,5099
4.20,5098
4.21,5097
4.21,5096
4.21,5095
4.22,5094
4.22,5093
4.23,5092
4.23,5091
4.23,5090
4.24,5089
4.24,5088
4.25,5087
4.25,5086
4.26,5085
4.26,5084
4.27,5083
4.28,5082
4.28,5081
4.28,5080
4.29,5079
4.29,5078
4.30,5077
4.30,5076
4.31,5075
4.31,5074
4.32,5073
4.32,5072
4.33,5071
4.33,5070
4.34,5069
4.34,5068
4.35,5067
4.35,5066
4.36,5065
4.36,5064
4.37,5063
4.37,5062
4.37,5061
4.38,5060
4.38,5059
4.39,5058
4.39,5057
4.40,5056
4.40,5055
4.41,5054
4.41,5053
4.42,5052
4.42,5051
4.43,5050
4.43,5049
4.44,5048
4.44,5047
4.45,5046
4.45,5045
4.46,5044
4.46,5043
4.47,5042
4.47,5041
4.48,5040
4.48,5039
4.49,5038
4.49,5037
4.50,5036
4.50,5035
4.51,5034
4.51,5033
4.52,5032
4.52,5031
4.53,5030
4.53,5029
4.54,5028
4.54,5027
4.55,5026
4.55,5025
4.56,5024
4.56,5023
4.57,5022
4.57,5021
4.58,5020
4.58,5019
4.59,5018
4.59,5017
4.60,5016
4.60,5015
4.61,5014
4.61,5013
4.62,5012
4.62,5011
4.63,5010
4.63,5009
4.64,5008
4.64,5007
4.65,5006
4.65,5005
4.66,5004
4.66,5003
4.67,5002
4.67,5001
4.68,5000
4.68,4999
4.69,4998
4.69,4997
4.70,4996
4.70,4995
4.71,4994
4.72,4993
4.72,4992
4.73,4991
4.73,4990
4.73,4989
4.74,4988
4.75,4987
4.75,4986
4.76,4985
4.76,4984
4.77,4983
4.77,4982
4.78,4981
4.78,4980
4.79,4979
4.79,4978
4.80,4977
4.80,4976
4.80,4975
4.81,4974
4.81,4973
4.82,4972
4.82,4971
4.83,4970
4.83,4969
4.84,4968
4.84,4967
4.85,4966
4.85,4965
4.86,4964
4.86,4963
4.87,4962
4.87,4961
4.88,4960
4.89,4959
4.89,4958
4.89,4957
4.90,4956
4.90,4955
4.91,4954
4.91,4953
4.92,4952
4.92,4951
4.93,4950
4.93,4949
4.94,4948
4.94,4947
4.95,4946
4.95,4945
4.96,4944
4.96,4943
4.97,4942
4.97,4941
4.98,4940
4.98,4939
4.99,4938
4.99,4937
5.00,4936
5.00,4935
5.01,4934
5.01,4933
5.02,4932
5.02,4931
5.03,4930
5.03,4929
5.04,4928
5.04,4927
5.05,4926
5.05,4925
5.05,4924
5.06,4923
5.07,4922
5.07,4921
5.07,4920
5.08,4919
5.08,4918
5.09,4917
5.09,4916
5.10,4915
5.11,4914
5.11,4913
5.12,4912
5.12,4911
5.13,4910
5.13,4909
5.14,4908
5.14,4907
5.15,4906
5.15,4905
5.16,4904
5.16,4903
5.17,4902
5.17,4901
5.18,4900
5.18,4899
5.18,4898
5.19,4897
5.19,4896
5.20,4895
5.20,4894
5.21,4893
5.21,4892
5.22,4891
5.22,4890
5.23,4889
5.23,4888
5.24,4887
5.24,4886
5.25,4885
5.25,4884
5.26,4883
5.26,4882
5.27,4881
5.27,4880
5.28,4879
5.28,4878
5.29,4877
5.29,4876
5.30,4875
5.30,4874
5.31,4873
5.31,4872
5.32,4871
5.32,4870
5.33,4869
5.33,4868
5.34,4867
5.34,4866
5.35,4865
5.35,4864
5.36,4863
5.36,4862
5.37,4861
5.37,4860
5.38,4859
5.38,4858
5.39,4857
5.39,4856
5.40,4855
5.40,4854
5.41,4853
5.41,4852
5.42,4851
5.42,4850
5.43,4849
5.43,4848
5.43,4847
5.44,4846
5.44,4845
5.45,4844
5.45,4843
5.46,4842
5.46,4841
5.47,4840
5.47,4839
5.48,4838
5.48,4837
5.49,4836
5.49,4835
5.50,4834
5.50,4833
5.51,4832
5.51,4831
5.52,4830
5.52,4829
5.53,4828
5.53,4827
5.54,4826
5.54,4825
5.55,4824
5.55,4823
5.56,4822
5.56,4821
5.57,4820
5.57,4819
5.58,4818
5.58,4817
5.59,4816
5.59,4815
5.60,4814
5.60,4813
5.60,4812
5.61,4811
5.61,4810
5.62,4809
5.62,4808
5.63,4807
5.63,4806
5.64,4805
5.64,4804
5.65,4803
5.65,4802
5.66,4801
5.66,4800
5.67,4799
5.67,4798
5.68,4797
5.68,4796
5.69,4795
5.69,4794
5.70,4793
5.70,4792
5.71,4791
5.71,4790
5.72,4789
5.72,4788
5.73,4787
5.73,4786
5.74,4785
5.74,4784
5.75,4783
5.75,4782
5.76,4781
5.76,4780
5.76,4779
5.77,4778
5.77,4777
5.78,4776
5.78,4775
5.79,4774
5.79,4773
5.80,4772
5.80,4771
5.81,4770
5.81,4769
5.82,4768
5.82,4767
5.83,4766
5.83,4765
5.84,4764
5.84,4763
5.85,4762
5.85,4761
5.86,4760
5.86,4759
5.87,4758
5.87,4757
5.88,4756
5.88,4755
5.89,4754
5.89,4753
5.90,4752
5.90,4751
5.91,4750
5.91,4749
5.92,4748
5.92,4747
5.93,4746
5.93,4745
5.94,4744
5.94,4743
5.95,4742
5.95,4741
5.96,4740
5.96,4739
5.96,4738
5.97,4737
5.97,4736
5.98,4735
5.98,4734
5.99,4733
5.99,4732
6.00,4731
6.00,4730
6.01,4729
6.01,4728
6.02,4727
6.02,4726
6.03,4725
6.03,4724
6.04,4723
6.04,4722
6.05,4721
6.05,4720
6.06,4719
6.06,4718
6.07,4717
6.07,4716
6.08,4715
6.08,4714
6.09,4713
6.09,4712
6.10,4711
6.10,4710
6.10,4709
6.11,4708
6.11,4707
6.12,4706
6.12,4705
6.13,4704
6.13,4703
6.14,4702
6.14,4701
6.15,4700
6.15,4699
6.16,4698
6.16,4697
6.16,4696
6.17,4695
6.17,4694
6.18,4693
6.18,4692
6.19,4691
6.19,4690
6.20,4689
6.20,4688
6.21,4687
6.21,4686
6.22,4685
6.22,4684
6.22,4683
6.23,4682
6.23,4681
6.24,4680
6.24,4679
6.25,4678
6.25,4677
6.26,4676
6.26,4675
6.27,4674
6.27,4673
6.27,4672
6.28,4671
6.28,4670
6.29,4669
6.29,4668
6.30,4667
6.30,4666
6.31,4665
6.31,4664
6.32,4663
6.32,4662
6.32,4661
6.33,4660
6.33,4659
6.34,4658
6.34,4657
6.35,4656
6.35,4655
6.36,4654
6.36,4653
6.37,4652
6.37,4651
6.38,4650
6.38,4649
6.39,4648
6.39,4647
6.40,4646
6.40,4645
6.41,4644
6.41,4643
6.41,4642
6.42,4641
6.42,4640
6.43,4639
6.43,4638
6.44,4637
6.44,4636
6.45,4635
6.45,4634
6.46,4633
6.46,4632
6.46,4631
6.47,4630
6.47,4629
6.48,4628
6.48,4627
6.49,4626
6.49,4625
6.50,4624
6.50,4623
6.51,4622
6.51,4621
6.52,4620
6.52,4619
6.52,4618
6.53,4617
6.53,4616
6.54,4615
6.54,4614
6.55,4613
6.55,4612
6.56,4611
6.56,4610
6.57,4609
6.57,4608
6.57,4607
6.58,4606
6.58,4605
6.59,4604
6.59,4603
6.60,4602
6.60,4601
6.61,4600
6.61,4599
6.62,4598
6.62,4597
6.63,4596
6.63,4595
6.64,4594
6.64,4593
6.65,4592
6.65,4591
6.65,4590
6.66,4589
6.66,4588
6.67,4587
6.67,4586
6.68,4585
6.68,4584
6.69,4583
6.69,4582
6.70,4581
6.70,4580
6.71,4579
6.71,4578
6.72,4577
6.72,4576
6.73,4575
6.73,4574
6.74,4573
6.74,4572
6.75,4571
6.75,4570
6.76,4569
6.76,4568
6.77,4567
6.77,4566
6.78,4565
6.78,4564
6.79,4563
6.79,4562
6.79,4561
6.80,4560
6.80,4559
6.81,4558
6.81,4557
6.82,4556
6.82,4555
6.83,4554
6.83,4553
6.84,4552
6.85,4551
6.85,4550
6.85,4549
6.86,4548
6.86,4547
6.87,4546
6.87,4545
6.88,4544
6.88,4543
6.89,4542
6.89,4541
6.90,4540
6.90,4539
6.91,4538
6.91,4537
6.92,4536
6.92,4535
6.93,4534
6.93,4533
6.94,4532
6.94,4531
6.95,4530
6.95,4529
6.96,4528
6.96,4527
6.97,4526
6.97,4525
6.98,4524
6.98,4523
6.99,4522
6.99,4521
7.00,4520
7.00,4519
7.01,4518
7.01,4517
7.02,4516
7.02,4515
7.03,4514
7.03,4513
7.04,4512
7.04,4511
7.05,4510
7.05,4509
7.06,4508
7.06,4507
7.07,4506
7.07,4505
7.08,4504
7.08,4503
7.09,4502
7.09,4501
7.10,4500
7.10,4499
7.11,4498
7.11,4497
7.12,4496
7.12,4495
7.13,4494
7.13,4493
7.14,4492
7.14,4491
7.15,4490
7.15,4489
7.16,4488
7.16,4487
7.16,4486
7.17,4485
7.17,4484
7.18,4483
7.18,4482
7.19,4481
7.19,4480
7.20,4479
7.20,4478
7.21,4477
7.21,4476
7.22,4475
7.22,4474
7.23,4473
7.23,4472
7.24,4471
7.24,4470
7.25,4469
7.25,4468
7.26,4467
7.26,4466
7.27,4465
7.27,4464
7.28,4463
7.28,4462
7.29,4461
7.29,4460
7.30,4459
7.30,4458
7.31,4457
7.31,4456
7.32,4455
7.32,4454
7.32,4453
7.33,4452
7.33,4451
7.34,4450
7.34,4449
7.35,4448
7.35,4447
7.36,4446
7.36,4445
7.37,4444
7.37,4443
7.38,4442
7.38,4441
7.39,4440
7.39,4439
7.40,4438
7.40,4437
7.41,4436
7.41,4435
7.41,4434
7.42,4433
7.42,4432
7.43,4431
7.43,4430
7.44,4429
7.44,4428
7.45,4427
7.45,4426
7.46,4425
7.46,4424
7.47,4423
7.47,4422
7.48,4421
7.48,4420
7.49,4419
7.49,4418
7.50,4417
7.50,4416
7.51,4415
7.51,4414
7.52,4413
7.52,4412
7.53,4411
7.53,4410
7.54,4409
7.54,4408
7.54,4407
7.55,4406
7.55,4405
7.56,4404
7.56,4403
7.57,4402
7.57,4401
7.58,4400
7.58,4399
7.59,4398
7.59,4397
7.60,4396
7.60,4395
7.61,4394
7.61,4393
7.62,4392
7.62,4391
7.62,4390
7.63,4389
7.63,4388
7.64,4387
7.64,4386
7.65,4385
7.65,4384
7.66,4383
7.66,4382
7.67,4381
7.67,4380
7.68,4379
7.68,4378
7.69,4377
7.69,4376
7.70,4375
7.70,4374
7.71,4373
7.71,4372
7.71,4371
7.72,4370
7.72,4369
7.73,4368
7.73,4367
7.74,4366
7.74,4365
7.75,4364
7.75,4363
7.76,4362
7.76,4361
7.76,4360
7.77,4359
7.77,4358
7.78,4357
7.78,4356
7.79,4355
7.79,4354
7.80,4353
7.80,4352
7.81,4351
7.81,4350
7.82,4349
7.82,4348
7.83,4347
7.83,4346
7.84,4345
7.84,4344
7.85,4343
7.85,4342
7.86,4341
7.86,4340
7.87,4339
7.87,4338
7.87,4337
7.88,4336
7.88,4335
7.89,4334
7.89,4333
7.90,4332
7.90,4331
7.91,4330
7.91,4329
7.92,4328
7.92,4327
7.93,4326
7.93,4325
7.94,4324
7.94,4323
7.95,4322
7.95,4321
7.95,4320
7.96,4319
7.96,4318
7.97,4317
7.97,4316
7.98,4315
7.98,4314
7.99,4313
7.99,4312
8.00,4311
8.00,4310
8.01,4309
8.01,4308
8.02,4307
8.02,4306
8.03,4305
8.03,4304
8.04,4303
8.04,4302
8.05,4301
8.05,4300
8.05,4299
8.06,4298
8.07,4297
8.07,4296
8.07,4295
8.08,4294
8.08,4293
8.09,4292
8.09,4291
8.10,4290
8.10,4289
8.11,4288
8.11,4287
8.11,4286
8.12,4285
8.12,4284
8.13,4283
8.13,4282
8.14,4281
8.14,4280
8.15,4279
8.15,4278
8.16,4277
8.16,4276
8.17,4275
8.17,4274
8.18,4273
8.18,4272
8.19,4271
8.19,4270
8.19,4269
8.20,4268
8.20,4267
8.21,4266
8.21,4265
8.22,4264
8.22,4263
8.23,4262
8.23,4261
8.24,4260
8.24,4259
8.25,4258
8.25,4257
8.26,4256
8.26,4255
8.26,4254
8.27,4253
8.27,4252
8.28,4251
8.28,4250
8.29,4249
8.29,4248
8.30,4247
8.30,4246
8.31,4245
8.31,4244
8.32,4243
8.32,4242
8.33,4241
8.33,4240
8.33,4239
8.34,4238
8.34,4237
8.35,4236
8.35,4235
8.36,4234
8.36,4233
8.37,4232
8.37,4231
8.38,4230
8.38,4229
8.39,4228
8.39,4227
8.39,4226
8.40,4225
8.40,4224
8.41,4223
8.41,4222
8.42,4221
8.42,4220
8.43,4219
8.43,4218
8.44,4217
8.44,4216
8.45,4215
8.45,4214
8.46,4213
8.46,4212
8.47,4211
8.47,4210
8.47,4209
8.48,4208
8.48,4207
8.49,4206
8.49,4205
8.50,4204
8.50,4203
8.51,4202
8.51,4201
8.52,4200
8.52,4199
8.53,4198
8.53,4197
8.54,4196
8.54,4195
8.54,4194
8.55,4193
8.55,4192
8.56,4191
8.56,4190
8.57,4189
8.57,4188
8.58,4187
8.58,4186
8.59,4185
8.59,4184
8.60,4183
8.60,4182
8.61,4181
8.61,4180
8.62,4179
8.62,4178
8.62,4177
8.63,4176
8.63,4175
8.64,4174
8.64,4173
8.66,4172
