0.37,5754
0.44,5753
0.46,5752
0.47,5751
0.48,5750
0.49,5749
0.50,5748
0.50,5747
0.51,5746
0.52,5745
0.53,5744
0.54,5743
0.55,5742
0.55,5741
0.56,5740
0.57,5739
0.57,5738
0.58,5737
0.59,5736
0.60,5735
0.60,5734
0.61,5733
0.62,5732
0.62,5731
0.63,5730
0.63,5729
0.64,5728
0.65,5727
0.65,5726
0.66,5725
0.66,5724
0.67,5723
0.68,5722
0.68,5721
0.69,5720
0.69,5719
0.70,5718
0.70,5717
0.71,5716
0.72,5715
0.73,5714
0.73,5713
0.74,5712
0.74,5711
0.75,5710
0.75,5709
0.76,5708
0.76,5707
0.77,5706
0.77,5705
0.78,5704
0.78,5703
0.79,5702
0.79,5701
0.80,5700
0.80,5699
0.81,5698
0.81,5697
0.82,5696
0.82,5695
0.83,5694
0.83,5693
0.84,5692
0.84,5691
0.85,5690
0.85,5689
0.86,5688
0.86,5687
0.87,5686
0.87,5685
0.88,5684
0.88,5683
0.89,5682
0.89,5681
0.90,5680
0.90,5679
0.91,5678
0.91,5677
0.92,5676
0.92,5675
0.93,5674
0.94,5673
0.95,5672
0.95,5671
0.96,5670
0.96,5669
0.97,5668
0.98,5667
0.98,5666
0.99,5665
0.99,5664
1.00,5663
1.01,5662
1.01,5661
1.02,5660
1.02,5659
1.03,5658
1.04,5657
1.04,5656
1.05,5655
1.05,5654
1.06,5653
1.07,5652
1.07,5651
1.08,5650
1.09,5649
1.09,5648
1.10,5647
1.10,5646
1.11,5645
1.12,5644
1.12,5643
1.13,5642
1.14,5641
1.14,5640
1.15,5639
1.16,5638
1.16,5637
1.17,5636
1.18,5635
1.18,5634
1.19,5633
1.19,5632
1.20,5631
1.21,5630
1.21,5629
1.22,5628
1.22,5627
1.23,5626
1.24,5625
1.24,5624
1.25,5623
1.25,5622
1.26,5621
1.26,5620
1.27,5619
1.27,5618
1.28,5617
1.28,5616
1.29,5615
1.29,5614
1.30,5613
1.30,5612
1.31,5611
1.31,5610
1.32,5609
1.32,5608
1.33,5607
1.33,5606
1.34,5605
1.34,5604
1.35,5603
1.35,5602
1.36,5601
1.36,5600
1.37,5599
1.37,5598
1.38,5597
1.38,5596
1.39,5595
1.39,5594
1.40,5593
1.40,5592
1.41,5591
1.41,5590
1.42,5589
1.43,5588
1.43,5587
1.44,5586
1.44,5585
1.45,5584
1.45,5583
1.46,5582
1.46,5581
1.47,5580
1.48,5579
1.48,5578
1.49,5577
1.49,5576
1.50,5575
1.50,5574
1.51,5573
1.51,5572
1.52,5571
1.52,5570
1.53,5569
1.54,5568
1.54,5567
1.55,5566
1.55,5565
1.55,5564
1.56,5563
1.56,5562
1.57,5561
1.57,5560
1.58,5559
1.59,5558
1.59,5557
1.60,5556
1.60,5555
1.61,5554
1.61,5553
1.62,5552
1.62,5551
1.63,5550
1.63,5549
1.64,5548
1.64,5547
1.65,5546
1.66,5545
1.66,5544
1.67,5543
1.68,5542
1.69,5541
1.69,5540
1.70,5539
1.70,5538
1.71,5537
1.72,5536
1.72,5535
1.73,5534
1.73,5533
1.74,5532
1.74,5531
1.75,5530
1.75,5529
1.76,5528
1.76,5527
1.77,5526
1.77,5525
1.78,5524
1.78,5523
1.79,5522
1.79,5521
1.80,5520
1.80,5519
1.81,5518
1.82,5517
1.82,5516
1.83,5515
1.83,5514
1.84,5513
1.84,5512
1.85,5511
1.85,5510
1.86,5509
1.86,5508
1.87,5507
1.87,5506
1.88,5505
1.88,5504
1.89,5503
1.89,5502
1.90,5501
1.90,5500
1.91,5499
1.91,5498
1.92,5497
1.92,5496
1.93,5495
1.93,5494
1.94,5493
1.94,5492
1.95,5491
1.96,5490
1.96,5489
1.97,5488
1.97,5487
1.98,5486
1.98,5485
1.99,5484
1.99,5483
2.00,5482
2.00,5481
2.01,5480
2.01,5479
2.02,5478
2.02,5477
2.03,5476
2.03,5475
2.04,5474
2.04,5473
2.05,5472
2.05,5471
2.06,5470
2.07,5469
2.07,5468
2.07,5467
2.08,5466
2.08,5465
2.09,5464
2.09,5463
2.10,5462
2.10,5461
2.11,5460
2.11,5459
2.12,5458
2.12,5457
2.13,5456
2.13,5455
2.14,5454
2.14,5453
2.15,5452
2.15,5451
2.16,5450
2.16,5449
2.17,5448
2.17,5447
2.18,5446
2.19,5445
2.19,5444
2.20,5443
2.21,5442
2.21,5441
2.22,5440
2.22,5439
2.23,5438
2.24,5437
2.24,5436
2.25,5435
2.26,5434
2.26,5433
2.27,5432
2.27,5431
2.28,5430
2.28,5429
2.29,5428
2.30,5427
2.30,5426
2.31,5425
2.31,5424
2.32,5423
2.33,5422
2.33,5421
2.34,5420
2.35,5419
2.35,5418
2.36,5417
2.36,5416
2.37,5415
2.37,5414
2.38,5413
2.39,5412
2.39,5411
2.40,5410
2.40,5409
2.41,5408
2.42,5407
2.42,5406
2.43,5405
2.43,5404
2.44,5403
2.45,5402
2.45,5401
2.46,5400
2.46,5399
2.47,5398
2.48,5397
2.48,5396
2.49,5395
2.50,5394
2.50,5393
2.51,5392
2.51,5391
2.52,5390
2.53,5389
2.53,5388
2.54,5387
2.54,5386
2.55,5385
2.56,5384
2.56,5383
2.57,5382
2.57,5381
2.58,5380
2.59,5379
2.59,5378
2.60,5377
2.60,5376
2.61,5375
2.61,5374
2.62,5373
2.63,5372
2.63,5371
2.64,5370
2.65,5369
2.65,5368
2.66,5367
2.66,5366
2.68,5365
2.68,5364
2.69,5363
2.69,5362
2.70,5361
2.70,5360
2.71,5359
2.71,5358
2.72,5357
2.72,5356
2.72,5355
2.73,5354
2.73,5353
2.74,5352
2.74,5351
2.75,5350
2.75,5349
2.76,5348
2.76,5347
2.77,5346
2.77,5345
2.78,5344
2.78,5343
2.79,5342
2.79,5341
2.80,5340
2.80,5339
2.81,5338
2.81,5337
2.82,5336
2.83,5335
2.83,5334
2.84,5333
2.84,5332
2.85,5331
2.85,5330
2.86,5329
2.86,5328
2.87,5327
2.87,5326
2.87,5325
2.88,5324
2.88,5323
2.89,5322
2.90,5321
2.90,5320
2.91,5319
2.91,5318
2.92,5317
2.92,5316
2.93,5315
2.93,5314
2.94,5313
2.94,5312
2.95,5311
2.95,5310
2.96,5309
2.96,5308
2.97,5307
2.97,5306
2.98,5305
2.98,5304
2.99,5303
2.99,5302
2.99,5301
3.00,5300
3.00,5299
3.01,5298
3.01,5297
3.02,5296
3.02,5295
3.03,5294
3.03,5293
3.04,5292
3.04,5291
3.05,5290
3.05,5289
3.06,5288
3.06,5287
3.07,5286
3.07,5285
3.08,5284
3.08,5283
3.09,5282
3.09,5281
3.10,5280
3.11,5279
3.11,5278
3.12,5277
3.12,5276
3.13,5275
3.13,5274
3.14,5273
3.14,5272
3.15,5271
3.15,5270
3.16,5269
3.16,5268
3.17,5267
3.17,5266
3.18,5265
3.18,5264
3.19,5263
3.20,5262
3.20,5261
3.21,5260
3.21,5259
3.22,5258
3.22,5257
3.23,5256
3.23,5255
3.24,5254
3.24,5253
3.25,5252
3.25,5251
3.26,5250
3.26,5249
3.27,5248
3.27,5247
3.28,5246
3.28,5245
3.29,5244
3.30,5243
3.30,5242
3.31,5241
3.31,5240
3.32,5239
3.32,5238
3.33,5237
3.33,5236
3.34,5235
3.34,5234
3.35,5233
3.35,5232
3.36,5231
3.37,5230
3.37,5229
3.38,5228
3.38,5227
3.39,5226
3.39,5225
3.40,5224
3.40,5223
3.41,5222
3.41,5221
3.42,5220
3.42,5219
3.43,5218
3.43,5217
3.44,5216
3.45,5215
3.45,5214
3.46,5213
3.46,5212
3.47,5211
3.47,5210
3.48,5209
3.48,5208
3.49,5207
3.49,5206
3.50,5205
3.50,5204
3.51,5203
3.51,5202
3.52,5201
3.53,5200
3.53,5199
3.54,5198
3.54,5197
3.55,5196
3.55,5195
3.56,5194
3.56,5193
3.57,5192
3.58,5191
3.58,5190
3.59,5189
3.60,5188
3.60,5187
3.61,5186
3.61,5185
3.62,5184
3.63,5183
3.63,5182
3.64,5181
3.64,5180
3.65,5179
3.65,5178
3.66,5177
3.66,5176
3.67,5175
3.67,5174
3.68,5173
3.68,5172
3.69,5171
3.70,5170
3.70,5169
3.71,5168
3.71,5167
3.71,5166
3.72,5165
3.72,5164
3.73,5163
3.74,5162
3.75,5161
3.75,5160
3.76,5159
3.76,5158
3.77,5157
3.77,5156
3.78,5155
3.78,5154
3.79,5153
3.79,5152
3.80,5151
3.80,5150
3.81,5149
3.81,5148
3.82,5147
3.82,5146
3.83,5145
3.83,5144
3.84,5143
3.84,5142
3.85,5141
3.85,5140
3.86,5139
3.86,5138
3.87,5137
3.87,5136
3.88,5135
3.88,5134
3.89,5133
3.90,5132
3.90,5131
3.91,5130
3.91,5129
3.92,5128
3.92,5127
3.93,5126
3.93,5125
3.94,5124
3.94,5123
3.95,5122
3.95,5121
3.96,5120
3.96,5119
3.97,5118
3.97,5117
3.98,5116
3.98,5115
3.99,5114
3.99,5113
4.00,5112
4.00,5111
4.01,5110
4.01,5109
4.02,5108
4.02,5107
4.03,5106
4.03,5105
4.04,5104
4.04,5103
4.05,5102
4.05,5101
4.06,5100
4.06,5099
4.07,5098
4.07,5097
4.08,5096
4.08,5095
4.09,5094
4.09,5093
4.10,5092
4.10,5091
4.11,5090
4.11,5089
4.12,5088
4.12,5087
4.13,5086
4.13,5085
4.14,5084
4.14,5083
4.15,5082
4.15,5081
4.16,5080
4.16,5079
4.17,5078
4.17,5077
4.18,5076
4.18,5075
4.19,5074
4.19,5073
4.20,5072
4.20,5071
4.21,5070
4.21,5069
4.22,5068
4.23,5067
4.23,5066
4.24,5065
4.24,5064
4.25,5063
4.25,5062
4.26,5061
4.26,5060
4.27,5059
4.27,5058
4.28,5057
4.28,5056
4.29,5055
4.29,5054
4.30,5053
4.30,5052
4.31,5051
4.31,5050
4.32,5049
4.32,5048
4.33,5047
4.33,5046
4.34,5045
4.34,5044
4.35,5043
4.35,5042
4.36,5041
4.36,5040
4.37,5039
4.37,5038
4.38,5037
4.38,5036
4.39,5035
4.39,5034
4.40,5033
4.40,5032
4.41,5031
4.41,5030
4.42,5029
4.42,5028
4.43,5027
4.44,5026
4.44,5025
4.45,5024
4.45,5023
4.46,5022
4.46,5021
4.47,5020
4.47,5019
4.48,5018
4.48,5017
4.49,5016
4.49,5015
4.50,5014
4.50,5013
4.51,5012
4.51,5011
4.52,5010
4.53,5009
4.53,5008
4.54,5007
4.54,5006
4.55,5005
4.55,5004
4.56,5003
4.56,5002
4.57,5001
4.57,5000
4.58,4999
4.58,4998
4.59,4997
4.59,4996
4.60,4995
4.60,4994
4.61,4993
4.61,4992
4.62,4991
4.62,4990
4.63,4989
4.63,4988
4.64,4987
4.64,4986
4.65,4985
4.65,4984
4.66,4983
4.66,4982
4.67,4981
4.68,4980
4.68,4979
4.69,4978
4.69,4977
4.70,4976
4.70,4975
4.71,4974
4.71,4973
4.72,4972
4.72,4971
4.73,4970
4.73,4969
4.74,4968
4.74,4967
4.75,4966
4.75,4965
4.76,4964
4.76,4963
4.77,4962
4.77,4961
4.78,4960
4.78,4959
4.79,4958
4.79,4957
4.80,4956
4.80,4955
4.81,4954
4.82,4953
4.82,4952
4.83,4951
4.83,4950
4.84,4949
4.84,4948
4.85,4947
4.85,4946
4.86,4945
4.86,4944
4.87,4943
4.87,4942
4.87,4941
4.88,4940
4.88,4939
4.89,4938
4.89,4937
4.90,4936
4.90,4935
4.91,4934
4.91,4933
4.92,4932
4.92,4931
4.93,4930
4.93,4929
4.94,4928
4.94,4927
4.95,4926
4.95,4925
4.96,4924
4.96,4923
4.97,4922
4.97,4921
4.98,4920
4.98,4919
4.99,4918
4.99,4917
5.00,4916
5.00,4915
5.01,4914
5.01,4913
5.02,4912
5.02,4911
5.03,4910
5.03,4909
5.04,4908
5.04,4907
5.04,4906
5.05,4905
5.05,4904
5.06,4903
5.06,4902
5.07,4901
5.07,4900
5.08,4899
5.08,4898
5.09,4897
5.09,4896
5.10,4895
5.10,4894
5.11,4893
5.11,4892
5.12,4891
5.12,4890
5.13,4889
5.13,4888
5.14,4887
5.14,4886
5.15,4885
5.15,4884
5.16,4883
5.16,4882
5.17,4881
5.17,4880
5.18,4879
5.18,4878
5.19,4877
5.19,4876
5.20,4875
5.20,4874
5.21,4873
5.21,4872
5.22,4871
5.22,4870
5.23,4869
5.23,4868
5.24,4867
5.24,4866
5.25,4865
5.25,4864
5.26,4863
5.26,4862
5.27,4861
5.28,4860
5.28,4859
5.28,4858
5.29,4857
5.29,4856
5.30,4855
5.30,4854
5.31,4853
5.32,4852
5.32,4851
5.33,4850
5.33,4849
5.34,4848
5.34,4847
5.34,4846
5.35,4845
5.35,4844
5.36,4843
5.37,4842
5.37,4841
5.38,4840
5.38,4839
5.39,4838
5.39,4837
5.40,4836
5.40,4835
5.41,4834
5.41,4833
5.42,4832
5.42,4831
5.43,4830
5.43,4829
5.44,4828
5.44,4827
5.45,4826
5.45,4825
5.46,4824
5.46,4823
5.47,4822
5.47,4821
5.48,4820
5.48,4819
5.49,4818
5.49,4817
5.50,4816
5.50,4815
5.51,4814
5.51,4813
5.52,4812
5.52,4811
5.53,4810
5.53,4809
5.54,4808
5.54,4807
5.55,4806
5.56,4805
5.56,4804
5.57,4803
5.57,4802
5.58,4801
5.58,4800
5.59,4799
5.59,4798
5.60,4797
5.60,4796
5.61,4795
5.61,4794
5.62,4793
5.62,4792
5.63,4791
5.63,4790
5.64,4789
5.64,4788
5.65,4787
5.65,4786
5.66,4785
5.66,4784
5.67,4783
5.67,4782
5.68,4781
5.68,4780
5.69,4779
5.69,4778
5.70,4777
5.70,4776
5.71,4775
5.71,4774
5.72,4773
5.72,4772
5.73,4771
5.74,4770
5.74,4769
5.75,4768
5.75,4767
5.75,4766
5.76,4765
5.76,4764
5.77,4763
5.78,4762
5.78,4761
5.79,4760
5.79,4759
5.80,4758
5.80,4757
5.81,4756
5.81,4755
5.82,4754
5.82,4753
5.83,4752
5.83,4751
5.84,4750
5.84,4749
5.85,4748
5.85,4747
5.86,4746
5.86,4745
5.87,4744
5.87,4743
5.88,4742
5.88,4741
5.89,4740
5.89,4739
5.90,4738
5.90,4737
5.91,4736
5.91,4735
5.92,4734
5.92,4733
5.93,4732
5.93,4731
5.94,4730
5.94,4729
5.95,4728
5.95,4727
5.96,4726
5.96,4725
5.97,4724
5.97,4723
5.98,4722
5.98,4721
5.99,4720
5.99,4719
6.00,4718
6.00,4717
6.01,4716
6.01,4715
6.02,4714
6.02,4713
6.03,4712
6.03,4711
6.04,4710
6.04,4709
6.05,4708
6.05,4707
6.06,4706
6.06,4705
6.07,4704
6.07,4703
6.08,4702
6.08,4701
6.09,4700
6.09,4699
6.10,4698
6.10,4697
6.11,4696
6.11,4695
6.12,4694
6.13,4693
6.13,4692
6.13,4691
6.14,4690
6.14,4689
6.15,4688
6.15,4687
6.16,4686
6.17,4685
6.17,4684
6.18,4683
6.18,4682
6.18,4681
6.19,4680
6.19,4679
6.20,4678
6.21,4677
6.21,4676
6.21,4675
6.22,4674
6.23,4673
6.23,4672
6.24,4671
6.24,4670
6.25,4669
6.25,4668
6.26,4667
6.26,4666
6.27,4665
6.27,4664
6.28,4663
6.28,4662
6.28,4661
6.29,4660
6.30,4659
6.30,4658
6.31,4657
6.31,4656
6.32,4655
6.32,4654
6.33,4653
6.33,4652
6.34,4651
6.34,4650
6.35,4649
6.35,4648
6.36,4647
6.36,4646
6.37,4645
6.37,4644
6.38,4643
6.38,4642
6.39,4641
6.39,4640
6.40,4639
6.40,4638
6.41,4637
6.41,4636
6.42,4635
6.42,4634
6.43,4633
6.43,4632
6.44,4631
6.44,4630
6.45,4629
6.45,4628
6.46,4627
6.46,4626
6.47,4625
6.48,4624
6.48,4623
6.49,4622
6.49,4621
6.50,4620
6.50,4619
6.51,4618
6.51,4617
6.52,4616
6.52,4615
6.53,4614
6.53,4613
6.54,4612
6.54,4611
6.54,4610
6.55,4609
6.56,4608
6.56,4607
6.56,4606
6.57,4605
6.58,4604
6.58,4603
6.58,4602
6.59,4601
6.59,4600
6.60,4599
6.61,4598
6.61,4597
6.62,4596
6.62,4595
6.63,4594
6.63,4593
6.63,4592
6.64,4591
6.65,4590
6.65,4589
6.66,4588
6.66,4587
6.67,4586
6.67,4585
6.68,4584
6.68,4583
6.69,4582
6.69,4581
6.70,4580
6.70,4579
6.71,4578
6.71,4577
6.72,4576
6.72,4575
6.73,4574
6.73,4573
6.73,4572
6.74,4571
6.74,4570
6.75,4569
6.75,4568
6.76,4567
6.77,4566
6.77,4565
6.77,4564
6.78,4563
6.78,4562
6.79,4561
6.79,4560
6.80,4559
6.80,4558
6.81,4557
6.81,4556
6.82,4555
6.82,4554
6.83,4553
6.83,4552
6.84,4551
6.84,4550
6.85,4549
6.85,4548
6.85,4547
6.86,4546
6.86,4545
6.87,4544
6.87,4543
6.88,4542
6.88,4541
6.89,4540
6.89,4539
6.90,4538
6.90,4537
6.91,4536
6.91,4535
6.92,4534
6.92,4533
6.93,4532
6.93,4531
6.93,4530
6.94,4529
6.94,4528
6.95,4527
6.95,4526
6.96,4525
6.96,4524
6.97,4523
6.97,4522
6.98,4521
6.98,4520
6.99,4519
6.99,4518
6.99,4517
7.00,4516
7.00,4515
7.01,4514
7.01,4513
7.02,4512
7.02,4511
7.03,4510
7.03,4509
7.04,4508
7.04,4507
7.05,4506
7.05,4505
7.05,4504
7.06,4503
7.06,4502
7.07,4501
7.07,4500
7.08,4499
7.08,4498
7.09,4497
7.09,4496
7.10,4495
7.10,4494
7.11,4493
7.11,4492
7.12,4491
7.12,4490
7.13,4489
7.13,4488
7.13,4487
7.14,4486
7.14,4485
7.15,4484
7.15,4483
7.16,4482
7.16,4481
7.17,4480
7.17,4479
7.18,4478
7.19,4477
7.19,4476
7.20,4475
7.20,4474
7.21,4473
7.21,4472
7.22,4471
7.22,4470
7.23,4469
7.23,4468
7.24,4467
7.24,4466
7.25,4465
7.25,4464
7.26,4463
7.26,4462
7.27,4461
7.27,4460
7.28,4459
7.28,4458
7.29,4457
7.29,4456
7.30,4455
7.30,4454
7.31,4453
7.31,4452
7.32,4451
7.32,4450
7.33,4449
7.33,4448
7.34,4447
7.34,4446
7.35,4445
7.35,4444
7.36,4443
7.36,4442
7.37,4441
7.37,4440
7.38,4439
7.38,4438
7.39,4437
7.39,4436
7.40,4435
7.40,4434
7.40,4433
7.41,4432
7.41,4431
7.42,4430
7.43,4429
7.43,4428
7.44,4427
7.44,4426
7.45,4425
7.45,4424
7.46,4423
7.46,4422
7.47,4421
7.47,4420
7.48,4419
7.48,4418
7.48,4417
7.49,4416
7.49,4415
7.50,4414
7.50,4413
7.51,4412
7.51,4411
7.52,4410
7.52,4409
7.53,4408
7.53,4407
7.54,4406
7.54,4405
7.55,4404
7.55,4403
7.56,4402
7.56,4401
7.57,4400
7.57,4399
7.58,4398
7.58,4397
7.59,4396
7.59,4395
7.60,4394
7.60,4393
7.61,4392
7.61,4391
7.62,4390
7.62,4389
7.63,4388
7.63,4387
7.64,4386
7.64,4385
7.65,4384
7.65,4383
7.66,4382
7.66,4381
7.67,4380
7.67,4379
7.68,4378
7.68,4377
7.69,4376
7.69,4375
7.70,4374
7.70,4373
7.71,4372
7.71,4371
7.72,4370
7.72,4369
7.73,4368
7.73,4367
7.74,4366
7.74,4365
7.75,4364
7.75,4363
7.76,4362
7.76,4361
7.77,4360
7.77,4359
7.78,4358
7.78,4357
7.79,4356
7.79,4355
7.80,4354
7.80,4353
7.81,4352
7.81,4351
7.82,4350
7.82,4349
7.83,4348
7.83,4347
7.84,4346
7.84,4345
7.85,4344
7.85,4343
7.86,4342
7.86,4341
7.87,4340
7.87,4339
7.88,4338
7.88,4337
7.89,4336
7.89,4335
7.89,4334
7.90,4333
7.90,4332
7.91,4331
7.91,4330
7.92,4329
7.92,4328
7.93,4327
7.93,4326
7.94,4325
7.94,4324
7.95,4323
7.95,4322
7.96,4321
7.96,4320
7.97,4319
7.97,4318
7.98,4317
7.98,4316
7.99,4315
7.99,4314
8.00,4313
8.00,4312
8.01,4311
8.01,4310
8.02,4309
8.02,4308
8.03,4307
8.03,4306
8.04,4305
8.04,4304
8.05,4303
8.05,4302
8.06,4301
8.06,4300
8.07,4299
8.07,4298
8.08,4297
8.08,4296
8.09,4295
8.09,4294
8.09,4293
8.10,4292
8.10,4291
8.11,4290
8.12,4289
8.12,4288
8.13,4287
8.13,4286
8.14,4285
8.14,4284
8.15,4283
8.15,4282
8.16,4281
8.16,4280
8.17,4279
8.17,4278
8.18,4277
8.18,4276
8.19,4275
8.19,4274
8.20,4273
8.20,4272
8.20,4271
8.21,4270
8.21,4269
8.22,4268
8.22,4267
8.23,4266
8.23,4265
8.24,4264
8.24,4263
8.25,4262
8.25,4261
8.26,4260
8.26,4259
8.27,4258
8.27,4257
8.28,4256
8.28,4255
8.29,4254
8.29,4253
8.30,4252
8.30,4251
8.31,4250
8.31,4249
8.32,4248
8.32,4247
8.33,4246
8.33,4245
8.34,4244
8.34,4243
8.35,4242
8.35,4241
8.36,4240
8.36,4239
8.37,4238
8.37,4237
8.38,4236
8.38,4235
8.39,4234
8.39,4233
8.40,4232
8.40,4231
8.41,4230
8.41,4229
8.41,4228
8.42,4227
8.42,4226
8.43,4225
8.43,4224
8.44,4223
8.44,4222
8.45,4221
8.45,4220
8.46,4219
8.46,4218
8.47,4217
8.47,4216
8.48,4215
8.48,4214
8.48,4213
8.49,4212
8.49,4211
8.50,4210
8.50,4209
8.51,4208
8.51,4207
8.52,4206
8.52,4205
8.53,4204
8.53,4203
8.53,4202
8.54,4201
8.54,4200
8.55,4199
8.55,4198
8.56,4197
8.56,4196
8.57,4195
8.57,4194
8.58,4193
8.58,4192
8.58,4191
8.59,4190
8.59,4189
8.60,4188
8.60,4187
8.61,4186
8.61,4185
8.61,4184
8.62,4183
8.62,4182
8.63,4181
8.63,4180
8.64,4179
8.64,4178
8.65,4177
8.69,4176
