0.36,5812
0.43,5811
0.45,5810
0.46,5809
0.47,5808
0.48,5807
0.49,5806
0.50,5805
0.51,5804
0.52,5803
0.53,5802
0.53,5801
0.54,5800
0.55,5799
0.56,5798
0.56,5797
0.57,5796
0.58,5795
0.59,5794
0.59,5793
0.60,5792
0.61,5791
0.61,5790
0.63,5789
0.63,5788
0.64,5787
0.64,5786
0.65,5785
0.66,5784
0.66,5783
0.67,5782
0.68,5781
0.68,5780
0.69,5779
0.69,5778
0.70,5777
0.70,5776
0.72,5775
0.72,5774
0.73,5773
0.73,5772
0.74,5771
0.74,5770
0.75,5769
0.75,5768
0.76,5767
0.76,5766
0.77,5765
0.78,5764
0.78,5763
0.79,5762
0.79,5761
0.80,5760
0.80,5759
0.81,5758
0.81,5757
0.82,5756
0.82,5755
0.83,5754
0.83,5753
0.84,5752
0.84,5751
0.85,5750
0.85,5749
0.86,5748
0.86,5747
0.87,5746
0.87,5745
0.88,5744
0.89,5743
0.89,5742
0.90,5741
0.90,5740
0.91,5739
0.91,5738
0.92,5737
0.92,5736
0.93,5735
0.93,5734
0.94,5733
0.94,5732
0.95,5731
0.95,5730
0.96,5729
0.96,5728
0.97,5727
0.98,5726
0.98,5725
0.99,5724
1.00,5723
1.00,5722
1.01,5721
1.02,5720
1.02,5719
1.03,5718
1.03,5717
1.04,5716
1.04,5715
1.05,5714
1.06,5713
1.06,5712
1.07,5711
1.07,5710
1.08,5709
1.09,5708
1.09,5707
1.10,5706
1.11,5705
1.11,5704
1.12,5703
1.12,5702
1.14,5701
1.15,5700
1.15,5699
1.16,5698
1.16,5697
1.17,5696
1.18,5695
1.19,5694
1.19,5693
1.20,5692
1.21,5691
1.22,5690
1.22,5689
1.23,5688
1.23,5687
1.24,5686
1.24,5685
1.25,5684
1.25,5683
1.26,5682
1.26,5681
1.27,5680
1.27,5679
1.28,5678
1.28,5677
1.29,5676
1.31,5675
1.32,5674
1.32,5673
1.33,5672
1.33,5671
1.34,5670
1.34,5669
1.35,5668
1.36,5667
1.36,5666
1.37,5665
1.37,5664
1.38,5663
1.38,5662
1.39,5661
1.39,5660
1.40,5659
1.40,5658
1.41,5657
1.41,5656
1.42,5655
1.43,5654
1.43,5653
1.44,5652
1.44,5651
1.45,5650
1.45,5649
1.46,5648
1.47,5647
1.48,5646
1.48,5645
1.49,5644
1.49,5643
1.50,5642
1.50,5641
1.51,5640
1.51,5639
1.52,5638
1.52,5637
1.53,5636
1.53,5635
1.54,5634
1.54,5633
1.55,5632
1.55,5631
1.56,5630
1.56,5629
1.57,5628
1.57,5627
1.58,5626
1.58,5625
1.59,5624
1.59,5623
1.60,5622
1.61,5621
1.61,5620
1.62,5619
1.62,5618
1.63,5617
1.63,5616
1.64,5615
1.64,5614
1.65,5613
1.65,5612
1.66,5611
1.67,5610
1.67,5609
1.68,5608
1.68,5607
1.69,5606
1.70,5605
1.70,5604
1.71,5603
1.71,5602
1.72,5601
1.72,5600
1.73,5599
1.73,5598
1.74,5597
1.74,5596
1.75,5595
1.75,5594
1.76,5593
1.76,5592
1.77,5591
1.77,5590
1.78,5589
1.78,5588
1.79,5587
1.79,5586
1.80,5585
1.80,5584
1.81,5583
1.82,5582
1.82,5581
1.83,5580
1.83,5579
1.84,5578
1.84,5577
1.85,5576
1.85,5575
1.86,5574
1.87,5573
1.87,5572
1.88,5571
1.88,5570
1.89,5569
1.89,5568
1.90,5567
1.90,5566
1.91,5565
1.92,5564
1.93,5563
1.93,5562
1.94,5561
1.95,5560
1.95,5559
1.96,5558
1.97,5557
1.98,5556
1.98,5555
1.99,5554
1.99,5553
2.00,5552
2.00,5551
2.01,5550
2.01,5549
2.02,5548
2.02,5547
2.03,5546
2.04,5545
2.04,5544
2.05,5543
2.05,5542
2.06,5541
2.06,5540
2.07,5539
2.07,5538
2.08,5537
2.08,5536
2.09,5535
2.09,5534
2.10,5533
2.11,5532
2.11,5531
2.12,5530
2.12,5529
2.13,5528
2.13,5527
2.14,5526
2.14,5525
2.15,5524
2.16,5523
2.16,5522
2.17,5521
2.17,5520
2.18,5519
2.19,5518
2.19,5517
2.20,5516
2.20,5515
2.21,5514
2.22,5513
2.22,5512
2.23,5511
2.23,5510
2.24,5509
2.25,5508
2.25,5507
2.26,5506
2.26,5505
2.27,5504
2.28,5503
2.28,5502
2.29,5501
2.30,5500
2.30,5499
2.31,5498
2.31,5497
2.32,5496
2.33,5495
2.33,5494
2.34,5493
2.35,5492
2.35,5491
2.36,5490
2.36,5489
2.37,5488
2.38,5487
2.38,5486
2.39,5485
2.39,5484
2.40,5483
2.41,5482
2.41,5481
2.42,5480
2.42,5479
2.43,5478
2.44,5477
2.44,5476
2.45,5475
2.45,5474
2.46,5473
2.47,5472
2.47,5471
2.48,5470
2.49,5469
2.49,5468
2.50,5467
2.50,5466
2.51,5465
2.52,5464
2.52,5463
2.53,5462
2.53,5461
2.54,5460
2.55,5459
2.55,5458
2.56,5457
2.57,5456
2.57,5455
2.58,5454
2.59,5453
2.59,5452
2.60,5451
2.61,5450
2.61,5449
2.62,5448
2.63,5447
2.63,5446
2.64,5445
2.65,5444
2.65,5443
2.66,5442
2.67,5441
2.67,5440
2.68,5439
2.69,5438
2.69,5437
2.70,5436
2.71,5435
2.71,5434
2.72,5433
2.72,5432
2.74,5431
2.74,5430
2.74,5429
2.75,5428
2.75,5427
2.76,5426
2.76,5425
2.77,5424
2.77,5423
2.78,5422
2.78,5421
2.79,5420
2.79,5419
2.80,5418
2.80,5417
2.81,5416
2.81,5415
2.82,5414
2.82,5413
2.83,5412
2.83,5411
2.84,5410
2.84,5409
2.85,5408
2.86,5407
2.86,5406
2.87,5405
2.87,5404
2.88,5403
2.88,5402
2.89,5401
2.89,5400
2.90,5399
2.90,5398
2.91,5397
2.91,5396
2.92,5395
2.92,5394
2.92,5393
2.93,5392
2.93,5391
2.94,5390
2.95,5389
2.95,5388
2.96,5387
2.96,5386
2.97,5385
2.97,5384
2.97,5383
2.98,5382
2.98,5381
2.99,5380
3.00,5379
3.00,5378
3.00,5377
3.01,5376
3.01,5375
3.02,5374
3.02,5373
3.03,5372
3.04,5371
3.04,5370
3.05,5369
3.05,5368
3.06,5367
3.06,5366
3.07,5365
3.07,5364
3.08,5363
3.08,5362
3.09,5361
3.09,5360
3.10,5359
3.10,5358
3.11,5357
3.11,5356
3.12,5355
3.12,5354
3.13,5353
3.13,5352
3.14,5351
3.14,5350
3.15,5349
3.15,5348
3.16,5347
3.16,5346
3.17,5345
3.17,5344
3.18,5343
3.18,5342
3.19,5341
3.19,5340
3.20,5339
3.20,5338
3.21,5337
3.21,5336
3.22,5335
3.22,5334
3.23,5333
3.23,5332
3.24,5331
3.24,5330
3.25,5329
3.25,5328
3.26,5327
3.26,5326
3.27,5325
3.27,5324
3.28,5323
3.28,5322
3.29,5321
3.29,5320
3.30,5319
3.31,5318
3.31,5317
3.32,5316
3.32,5315
3.33,5314
3.33,5313
3.34,5312
3.34,5311
3.35,5310
3.35,5309
3.36,5308
3.36,5307
3.37,5306
3.37,5305
3.38,5304
3.38,5303
3.39,5302
3.39,5301
3.40,5300
3.40,5299
3.41,5298
3.41,5297
3.42,5296
3.42,5295
3.43,5294
3.43,5293
3.44,5292
3.44,5291
3.45,5290
3.45,5289
3.46,5288
3.46,5287
3.47,5286
3.47,5285
3.48,5284
3.48,5283
3.49,5282
3.49,5281
3.50,5280
3.50,5279
3.51,5278
3.51,5277
3.52,5276
3.53,5275
3.53,5274
3.54,5273
3.54,5272
3.55,5271
3.55,5270
3.56,5269
3.56,5268
3.57,5267
3.57,5266
3.58,5265
3.58,5264
3.59,5263
3.59,5262
3.60,5261
3.60,5260
3.61,5259
3.62,5258
3.62,5257
3.63,5256
3.63,5255
3.64,5254
3.64,5253
3.65,5252
3.65,5251
3.66,5250
3.66,5249
3.67,5248
3.67,5247
3.67,5246
3.69,5245
3.69,5244
3.70,5243
3.70,5242
3.71,5241
3.71,5240
3.72,5239
3.72,5238
3.73,5237
3.73,5236
3.74,5235
3.74,5234
3.75,5233
3.75,5232
3.76,5231
3.76,5230
3.77,5229
3.77,5228
3.78,5227
3.79,5226
3.79,5225
3.80,5224
3.80,5223
3.81,5222
3.81,5221
3.82,5220
3.82,5219
3.83,5218
3.83,5217
3.84,5216
3.84,5215
3.85,5214
3.85,5213
3.86,5212
3.86,5211
3.87,5210
3.87,5209
3.88,5208
3.88,5207
3.89,5206
3.89,5205
3.90,5204
3.90,5203
3.91,5202
3.91,5201
3.92,5200
3.92,5199
3.93,5198
3.93,5197
3.94,5196
3.94,5195
3.95,5194
3.95,5193
3.96,5192
3.96,5191
3.97,5190
3.97,5189
3.98,5188
3.98,5187
3.99,5186
3.99,5185
4.00,5184
4.00,5183
4.01,5182
4.01,5181
4.02,5180
4.02,5179
4.03,5178
4.03,5177
4.04,5176
4.04,5175
4.05,5174
4.05,5173
4.06,5172
4.06,5171
4.07,5170
4.07,5169
4.08,5168
4.08,5167
4.09,5166
4.09,5165
4.10,5164
4.10,5163
4.11,5162
4.11,5161
4.12,5160
4.12,5159
4.13,5158
4.13,5157
4.14,5156
4.14,5155
4.15,5154
4.15,5153
4.16,5152
4.16,5151
4.17,5150
4.17,5149
4.18,5148
4.18,5147
4.19,5146
4.19,5145
4.20,5144
4.20,5143
4.21,5142
4.21,5141
4.22,5140
4.22,5139
4.23,5138
4.23,5137
4.24,5136
4.24,5135
4.25,5134
4.25,5133
4.26,5132
4.26,5131
4.27,5130
4.27,5129
4.28,5128
4.28,5127
4.29,5126
4.29,5125
4.30,5124
4.30,5123
4.31,5122
4.31,5121
4.32,5120
4.32,5119
4.33,5118
4.34,5117
4.34,5116
4.34,5115
4.35,5114
4.35,5113
4.36,5112
4.36,5111
4.37,5110
4.37,5109
4.38,5108
4.38,5107
4.39,5106
4.39,5105
4.40,5104
4.40,5103
4.41,5102
4.41,5101
4.42,5100
4.42,5099
4.43,5098
4.43,5097
4.44,5096
4.44,5095
4.45,5094
4.46,5093
4.46,5092
4.47,5091
4.47,5090
4.48,5089
4.48,5088
4.48,5087
4.49,5086
4.49,5085
4.50,5084
4.51,5083
4.51,5082
4.52,5081
4.52,5080
4.53,5079
4.53,5078
4.54,5077
4.54,5076
4.55,5075
4.55,5074
4.56,5073
4.56,5072
4.57,5071
4.57,5070
4.58,5069
4.58,5068
4.58,5067
4.59,5066
4.59,5065
4.60,5064
4.60,5063
4.61,5062
4.61,5061
4.62,5060
4.62,5059
4.63,5058
4.63,5057
4.64,5056
4.64,5055
4.65,5054
4.65,5053
4.66,5052
4.66,5051
4.67,5050
4.67,5049
4.68,5048
4.68,5047
4.69,5046
4.69,5045
4.70,5044
4.70,5043
4.71,5042
4.71,5041
4.72,5040
4.72,5039
4.73,5038
4.73,5037
4.74,5036
4.74,5035
4.75,5034
4.75,5033
4.76,5032
4.76,5031
4.77,5030
4.77,5029
4.78,5028
4.78,5027
4.79,5026
4.79,5025
4.80,5024
4.80,5023
4.81,5022
4.81,5021
4.82,5020
4.82,5019
4.83,5018
4.83,5017
4.84,5016
4.84,5015
4.85,5014
4.85,5013
4.86,5012
4.86,5011
4.87,5010
4.87,5009
4.88,5008
4.88,5007
4.89,5006
4.89,5005
4.90,5004
4.90,5003
4.91,5002
4.91,5001
4.92,5000
4.92,4999
4.93,4998
4.93,4997
4.94,4996
4.94,4995
4.95,4994
4.95,4993
4.96,4992
4.96,4991
4.97,4990
4.97,4989
4.98,4988
4.98,4987
4.99,4986
4.99,4985
5.00,4984
5.00,4983
5.01,4982
5.01,4981
5.02,4980
5.02,4979
5.03,4978
5.03,4977
5.04,4976
5.04,4975
5.05,4974
5.05,4973
5.06,4972
5.06,4971
5.07,4970
5.07,4969
5.08,4968
5.08,4967
5.09,4966
5.09,4965
5.10,4964
5.10,4963
5.11,4962
5.11,4961
5.12,4960
5.12,4959
5.13,4958
5.13,4957
5.14,4956
5.14,4955
5.15,4954
5.15,4953
5.16,4952
5.16,4951
5.17,4950
5.17,4949
5.18,4948
5.18,4947
5.19,4946
5.19,4945
5.20,4944
5.20,4943
5.21,4942
5.21,4941
5.22,4940
5.22,4939
5.23,4938
5.23,4937
5.24,4936
5.24,4935
5.25,4934
5.25,4933
5.25,4932
5.26,4931
5.27,4930
5.27,4929
5.28,4928
5.28,4927
5.29,4926
5.29,4925
5.29,4924
5.30,4923
5.30,4922
5.31,4921
5.31,4920
5.32,4919
5.32,4918
5.33,4917
5.33,4916
5.34,4915
5.34,4914
5.35,4913
5.35,4912
5.36,4911
5.36,4910
5.37,4909
5.37,4908
5.38,4907
5.38,4906
5.39,4905
5.39,4904
5.40,4903
5.40,4902
5.41,4901
5.41,4900
5.42,4899
5.42,4898
5.43,4897
5.43,4896
5.44,4895
5.44,4894
5.45,4893
5.45,4892
5.46,4891
5.46,4890
5.47,4889
5.47,4888
5.48,4887
5.48,4886
5.49,4885
5.49,4884
5.50,4883
5.50,4882
5.51,4881
5.51,4880
5.52,4879
5.52,4878
5.53,4877
5.53,4876
5.54,4875
5.54,4874
5.55,4873
5.55,4872
5.56,4871
5.56,4870
5.57,4869
5.57,4868
5.58,4867
5.58,4866
5.59,4865
5.59,4864
5.60,4863
5.60,4862
5.61,4861
5.61,4860
5.62,4859
5.62,4858
5.63,4857
5.63,4856
5.64,4855
5.64,4854
5.64,4853
5.65,4852
5.65,4851
5.66,4850
5.66,4849
5.67,4848
5.67,4847
5.68,4846
5.68,4845
5.69,4844
5.69,4843
5.70,4842
5.70,4841
5.71,4840
5.71,4839
5.72,4838
5.72,4837
5.73,4836
5.73,4835
5.74,4834
5.74,4833
5.75,4832
5.75,4831
5.76,4830
5.76,4829
5.77,4828
5.77,4827
5.78,4826
5.78,4825
5.79,4824
5.79,4823
5.79,4822
5.80,4821
5.80,4820
5.81,4819
5.81,4818
5.82,4817
5.82,4816
5.83,4815
5.83,4814
5.84,4813
5.84,4812
5.85,4811
5.85,4810
5.86,4809
5.86,4808
5.86,4807
5.87,4806
5.87,4805
5.88,4804
5.88,4803
5.89,4802
5.89,4801
5.90,4800
5.90,4799
5.91,4798
5.91,4797
5.92,4796
5.92,4795
5.93,4794
5.93,4793
5.93,4792
5.94,4791
5.94,4790
5.95,4789
5.95,4788
5.96,4787
5.96,4786
5.97,4785
5.97,4784
5.98,4783
5.98,4782
5.99,4781
5.99,4780
5.99,4779
6.00,4778
6.00,4777
6.01,4776
6.01,4775
6.02,4774
6.02,4773
6.03,4772
6.03,4771
6.04,4770
6.04,4769
6.05,4768
6.05,4767
6.06,4766
6.06,4765
6.07,4764
6.07,4763
6.08,4762
6.08,4761
6.08,4760
6.09,4759
6.09,4758
6.10,4757
6.10,4756
6.11,4755
6.11,4754
6.12,4753
6.12,4752
6.12,4751
6.13,4750
6.13,4749
6.14,4748
6.14,4747
6.15,4746
6.15,4745
6.16,4744
6.16,4743
6.16,4742
6.17,4741
6.17,4740
6.18,4739
6.18,4738
6.19,4737
6.19,4736
6.20,4735
6.20,4734
6.21,4733
6.21,4732
6.21,4731
6.22,4730
6.22,4729
6.23,4728
6.23,4727
6.24,4726
6.24,4725
6.25,4724
6.25,4723
6.26,4722
6.26,4721
6.27,4720
6.27,4719
6.27,4718
6.28,4717
6.28,4716
6.29,4715
6.29,4714
6.30,4713
6.30,4712
6.31,4711
6.31,4710
6.32,4709
6.32,4708
6.33,4707
6.33,4706
6.33,4705
6.34,4704
6.34,4703
6.35,4702
6.35,4701
6.36,4700
6.36,4699
6.37,4698
6.37,4697
6.38,4696
6.38,4695
6.39,4694
6.39,4693
6.40,4692
6.40,4691
6.41,4690
6.41,4689
6.42,4688
6.42,4687
6.43,4686
6.43,4685
6.44,4684
6.44,4683
6.45,4682
6.45,4681
6.46,4680
6.46,4679
6.46,4678
6.47,4677
6.47,4676
6.48,4675
6.48,4674
6.49,4673
6.49,4672
6.50,4671
6.50,4670
6.51,4669
6.51,4668
6.52,4667
6.52,4666
6.53,4665
6.53,4664
6.54,4663
6.54,4662
6.55,4661
6.55,4660
6.56,4659
6.56,4658
6.57,4657
6.57,4656
6.57,4655
6.58,4654
6.58,4653
6.59,4652
6.59,4651
6.60,4650
6.60,4649
6.61,4648
6.61,4647
6.62,4646
6.62,4645
6.63,4644
6.63,4643
6.64,4642
6.64,4641
6.65,4640
6.65,4639
6.65,4638
6.66,4637
6.66,4636
6.67,4635
6.67,4634
6.68,4633
6.68,4632
6.69,4631
6.69,4630
6.70,4629
6.70,4628
6.71,4627
6.71,4626
6.72,4625
6.72,4624
6.73,4623
6.73,4622
6.74,4621
6.74,4620
6.75,4619
6.75,4618
6.76,4617
6.76,4616
6.77,4615
6.77,4614
6.78,4613
6.78,4612
6.78,4611
6.79,4610
6.80,4609
6.80,4608
6.80,4607
6.81,4606
6.81,4605
6.82,4604
6.82,4603
6.83,4602
6.83,4601
6.84,4600
6.84,4599
6.85,4598
6.85,4597
6.86,4596
6.86,4595
6.87,4594
6.87,4593
6.88,4592
6.88,4591
6.89,4590
6.89,4589
6.90,4588
6.90,4587
6.91,4586
6.91,4585
6.92,4584
6.92,4583
6.93,4582
6.93,4581
6.93,4580
6.94,4579
6.94,4578
6.95,4577
6.95,4576
6.96,4575
6.96,4574
6.97,4573
6.97,4572
6.98,4571
6.98,4570
6.99,4569
6.99,4568
7.00,4567
7.00,4566
7.01,4565
7.01,4564
7.02,4563
7.02,4562
7.02,4561
7.03,4560
7.03,4559
7.04,4558
7.04,4557
7.05,4556
7.05,4555
7.06,4554
7.06,4553
7.07,4552
7.07,4551
7.08,4550
7.08,4549
7.09,4548
7.09,4547
7.10,4546
7.10,4545
7.11,4544
7.11,4543
7.12,4542
7.12,4541
7.13,4540
7.13,4539
7.14,4538
7.14,4537
7.15,4536
7.15,4535
7.15,4534
7.16,4533
7.16,4532
7.17,4531
7.17,4530
7.18,4529
7.18,4528
7.19,4527
7.19,4526
7.20,4525
7.20,4524
7.21,4523
7.21,4522
7.22,4521
7.22,4520
7.23,4519
7.23,4518
7.24,4517
7.24,4516
7.24,4515
7.25,4514
7.25,4513
7.26,4512
7.26,4511
7.27,4510
7.27,4509
7.28,4508
7.29,4507
7.29,4506
7.30,4505
7.30,4504
7.31,4503
7.31,4502
7.31,4501
7.32,4500
7.33,4499
7.33,4498
7.34,4497
7.34,4496
7.35,4495
7.35,4494
7.35,4493
7.36,4492
7.36,4491
7.37,4490
7.37,4489
7.38,4488
7.38,4487
7.39,4486
7.39,4485
7.40,4484
7.40,4483
7.41,4482
7.41,4481
7.42,4480
7.42,4479
7.43,4478
7.43,4477
7.44,4476
7.44,4475
7.45,4474
7.45,4473
7.46,4472
7.46,4471
7.46,4470
7.47,4469
7.48,4468
7.48,4467
7.48,4466
7.49,4465
7.49,4464
7.50,4463
7.50,4462
7.51,4461
7.51,4460
7.52,4459
7.52,4458
7.53,4457
7.53,4456
7.54,4455
7.54,4454
7.55,4453
7.55,4452
7.56,4451
7.56,4450
7.57,4449
7.57,4448
7.57,4447
7.58,4446
7.58,4445
7.59,4444
7.59,4443
7.60,4442
7.60,4441
7.61,4440
7.61,4439
7.62,4438
7.62,4437
7.63,4436
7.63,4435
7.64,4434
7.64,4433
7.65,4432
7.65,4431
7.66,4430
7.66,4429
7.67,4428
7.67,4427
7.67,4426
7.68,4425
7.68,4424
7.69,4423
7.69,4422
7.70,4421
7.70,4420
7.71,4419
7.71,4418
7.72,4417
7.72,4416
7.73,4415
7.73,4414
7.74,4413
7.74,4412
7.75,4411
7.75,4410
7.76,4409
7.76,4408
7.77,4407
7.77,4406
7.78,4405
7.78,4404
7.78,4403
7.79,4402
7.79,4401
7.80,4400
7.80,4399
7.81,4398
7.81,4397
7.82,4396
7.82,4395
7.83,4394
7.83,4393
7.84,4392
7.84,4391
7.85,4390
7.85,4389
7.86,4388
7.86,4387
7.86,4386
7.87,4385
7.87,4384
7.88,4383
7.88,4382
7.89,4381
7.89,4380
7.90,4379
7.90,4378
7.91,4377
7.91,4376
7.92,4375
7.92,4374
7.93,4373
7.93,4372
7.94,4371
7.94,4370
7.95,4369
7.95,4368
7.96,4367
7.96,4366
7.96,4365
7.97,4364
7.97,4363
7.98,4362
7.98,4361
7.99,4360
7.99,4359
8.00,4358
8.00,4357
8.01,4356
8.01,4355
8.02,4354
8.02,4353
8.03,4352
8.03,4351
8.03,4350
8.04,4349
8.04,4348
8.05,4347
8.05,4346
8.06,4345
8.06,4344
8.07,4343
8.07,4342
8.08,4341
8.08,4340
8.09,4339
8.09,4338
8.10,4337
8.10,4336
8.11,4335
8.11,4334
8.12,4333
8.12,4332
8.13,4331
8.13,4330
8.13,4329
8.14,4328
8.14,4327
8.15,4326
8.15,4325
8.16,4324
8.16,4323
8.17,4322
8.17,4321
8.18,4320
8.18,4319
8.19,4318
8.19,4317
8.20,4316
8.20,4315
8.21,4314
8.21,4313
8.22,4312
8.22,4311
8.22,4310
8.23,4309
8.24,4308
8.24,4307
8.24,4306
8.25,4305
8.25,4304
8.26,4303
8.26,4302
8.27,4301
8.27,4300
8.28,4299
8.28,4298
8.29,4297
8.29,4296
8.29,4295
8.30,4294
8.30,4293
8.31,4292
8.31,4291
8.32,4290
8.32,4289
8.33,4288
8.33,4287
8.34,4286
8.34,4285
8.35,4284
8.35,4283
8.36,4282
8.36,4281
8.37,4280
8.37,4279
8.38,4278
8.38,4277
8.39,4276
8.39,4275
8.40,4274
8.40,4273
8.41,4272
8.41,4271
8.41,4270
8.42,4269
8.42,4268
8.43,4267
8.43,4266
8.44,4265
8.44,4264
8.45,4263
8.45,4262
8.46,4261
8.46,4260
8.46,4259
8.47,4258
8.47,4257
8.48,4256
8.48,4255
8.49,4254
8.49,4253
8.50,4252
8.50,4251
8.50,4250
8.51,4249
8.51,4248
8.52,4247
8.52,4246
8.53,4245
8.53,4244
8.53,4243
8.54,4242
8.54,4241
8.55,4240
8.55,4239
8.56,4238
8.56,4237
8.57,4236
8.57,4235
8.57,4234
8.58,4233
8.58,4232
8.59,4231
8.59,4230
8.60,4229
8.60,4228
8.61,4227
8.61,4226
8.61,4225
8.62,4224
8.62,4223
8.63,4222
8.63,4221
8.64,4220
8.64,4219
8.65,4218
8.65,4217
8.65,4216
8.66,4215
8.66,4214
8.67,4213
8.67,4212
8.68,4211
8.68,4210
8.69,4209
8.69,4208
8.70,4207
8.70,4206
8.71,4205
8.71,4204
8.72,4203
8.72,4202
8.72,4201
8.73,4200
8.73,4199
8.74,4198
8.74,4197
8.75,4196
8.75,4195
8.75,4194
8.76,4193
8.76,4192
8.77,4191
8.77,4190
8.78,4189
8.78,4188
8.79,4187
8.79,4186
8.79,4185
8.80,4184
8.80,4183
8.81,4182
8.81,4181
8.82,4180
8.82,4179
8.82,4178
8.83,4177
8.83,4176
8.84,4175
8.84,4174
