0.37,5822
0.45,5821
0.46,5820
0.47,5819
0.49,5818
0.49,5817
0.50,5816
0.51,5815
0.52,5814
0.53,5813
0.53,5812
0.54,5811
0.55,5810
0.56,5809
0.57,5808
0.57,5807
0.58,5806
0.59,5805
0.60,5804
0.60,5803
0.61,5802
0.61,5801
0.62,5800
0.63,5799
0.63,5798
0.64,5797
0.64,5796
0.65,5795
0.65,5794
0.66,5793
0.66,5792
0.67,5791
0.67,5790
0.68,5789
0.69,5788
0.69,5787
0.70,5786
0.70,5785
0.71,5784
0.72,5783
0.73,5782
0.73,5781
0.74,5780
0.74,5779
0.75,5778
0.75,5777
0.76,5776
0.76,5775
0.77,5774
0.78,5773
0.78,5772
0.79,5771
0.79,5770
0.80,5769
0.80,5768
0.81,5767
0.81,5766
0.82,5765
0.82,5764
0.83,5763
0.83,5762
0.84,5761
0.84,5760
0.85,5759
0.85,5758
0.86,5757
0.86,5756
0.87,5755
0.87,5754
0.88,5753
0.88,5752
0.89,5751
0.90,5750
0.90,5749
0.91,5748
0.91,5747
0.92,5746
0.92,5745
0.93,5744
0.93,5743
0.94,5742
0.94,5741
0.95,5740
0.95,5739
0.96,5738
0.97,5737
0.98,5736
0.98,5735
1.00,5734
1.00,5733
1.01,5732
1.01,5731
1.02,5730
1.03,5729
1.03,5728
1.04,5727
1.05,5726
1.05,5725
1.06,5724
1.07,5723
1.07,5722
1.08,5721
1.09,5720
1.09,5719
1.10,5718
1.10,5717
1.11,5716
1.12,5715
1.12,5714
1.13,5713
1.14,5712
1.14,5711
1.15,5710
1.16,5709
1.16,5708
1.17,5707
1.18,5706
1.18,5705
1.19,5704
1.20,5703
1.20,5702
1.21,5701
1.21,5700
1.22,5699
1.23,5698
1.23,5697
1.24,5696
1.25,5695
1.25,5694
1.26,5693
1.26,5692
1.27,5691
1.28,5690
1.28,5689
1.29,5688
1.31,5687
1.31,5686
1.32,5685
1.33,5684
1.33,5683
1.34,5682
1.34,5681
1.35,5680
1.35,5679
1.36,5678
1.36,5677
1.37,5676
1.38,5675
1.38,5674
1.39,5673
1.39,5672
1.40,5671
1.40,5670
1.41,5669
1.41,5668
1.42,5667
1.42,5666
1.43,5665
1.43,5664
1.44,5663
1.44,5662
1.45,5661
1.45,5660
1.46,5659
1.46,5658
1.47,5657
1.47,5656
1.48,5655
1.48,5654
1.49,5653
1.50,5652
1.50,5651
1.51,5650
1.52,5649
1.52,5648
1.53,5647
1.53,5646
1.54,5645
1.54,5644
1.55,5643
1.55,5642
1.56,5641
1.56,5640
1.57,5639
1.58,5638
1.58,5637
1.58,5636
1.59,5635
1.61,5634
1.61,5633
1.62,5632
1.63,5631
1.63,5630
1.64,5629
1.64,5628
1.65,5627
1.65,5626
1.66,5625
1.66,5624
1.67,5623
1.68,5622
1.68,5621
1.69,5620
1.70,5619
1.70,5618
1.71,5617
1.71,5616
1.72,5615
1.72,5614
1.73,5613
1.73,5612
1.74,5611
1.74,5610
1.75,5609
1.75,5608
1.76,5607
1.77,5606
1.77,5605
1.78,5604
1.78,5603
1.79,5602
1.79,5601
1.80,5600
1.80,5599
1.81,5598
1.81,5597
1.82,5596
1.82,5595
1.83,5594
1.83,5593
1.84,5592
1.84,5591
1.85,5590
1.85,5589
1.86,5588
1.86,5587
1.86,5586
1.87,5585
1.87,5584
1.88,5583
1.88,5582
1.89,5581
1.89,5580
1.90,5579
1.90,5578
1.91,5577
1.91,5576
1.92,5575
1.93,5574
1.93,5573
1.94,5572
1.94,5571
1.95,5570
1.95,5569
1.96,5568
1.96,5567
1.97,5566
1.97,5565
1.98,5564
1.98,5563
1.99,5562
1.99,5561
2.00,5560
2.01,5559
2.01,5558
2.02,5557
2.02,5556
2.03,5555
2.03,5554
2.04,5553
2.04,5552
2.05,5551
2.05,5550
2.06,5549
2.06,5548
2.07,5547
2.07,5546
2.08,5545
2.08,5544
2.09,5543
2.09,5542
2.10,5541
2.10,5540
2.11,5539
2.11,5538
2.12,5537
2.12,5536
2.13,5535
2.13,5534
2.14,5533
2.14,5532
2.15,5531
2.15,5530
2.16,5529
2.16,5528
2.17,5527
2.17,5526
2.18,5525
2.19,5524
2.19,5523
2.20,5522
2.20,5521
2.21,5520
2.21,5519
2.22,5518
2.22,5517
2.23,5516
2.24,5515
2.24,5514
2.25,5513
2.26,5512
2.26,5511
2.27,5510
2.28,5509
2.28,5508
2.29,5507
2.29,5506
2.30,5505
2.31,5504
2.31,5503
2.32,5502
2.32,5501
2.33,5500
2.34,5499
2.34,5498
2.35,5497
2.36,5496
2.37,5495
2.37,5494
2.38,5493
2.38,5492
2.40,5491
2.42,5490
2.43,5489
2.43,5488
2.44,5487
2.45,5486
2.45,5485
2.46,5484
2.46,5483
2.47,5482
2.48,5481
2.48,5480
2.49,5479
2.49,5478
2.50,5477
2.51,5476
2.51,5475
2.52,5474
2.52,5473
2.53,5472
2.54,5471
2.54,5470
2.55,5469
2.56,5468
2.56,5467
2.57,5466
2.58,5465
2.59,5464
2.59,5463
2.60,5462
2.61,5461
2.61,5460
2.62,5459
2.62,5458
2.63,5457
2.64,5456
2.65,5455
2.66,5454
2.66,5453
2.67,5452
2.67,5451
2.68,5450
2.69,5449
2.69,5448
2.70,5447
2.71,5446
2.72,5445
2.72,5444
2.73,5443
2.73,5442
2.74,5441
2.74,5440
2.75,5439
2.75,5438
2.76,5437
2.76,5436
2.77,5435
2.77,5434
2.78,5433
2.78,5432
2.79,5431
2.79,5430
2.80,5429
2.80,5428
2.81,5427
2.81,5426
2.82,5425
2.82,5424
2.83,5423
2.83,5422
2.84,5421
2.84,5420
2.85,5419
2.86,5418
2.86,5417
2.86,5416
2.87,5415
2.88,5414
2.88,5413
2.89,5412
2.89,5411
2.90,5410
2.91,5409
2.91,5408
2.92,5407
2.92,5406
2.93,5405
2.93,5404
2.94,5403
2.94,5402
2.95,5401
2.95,5400
2.96,5399
2.97,5398
2.97,5397
2.98,5396
2.98,5395
2.99,5394
2.99,5393
3.00,5392
3.00,5391
3.01,5390
3.01,5389
3.02,5388
3.02,5387
3.03,5386
3.03,5385
3.04,5384
3.04,5383
3.05,5382
3.05,5381
3.06,5380
3.06,5379
3.07,5378
3.07,5377
3.08,5376
3.08,5375
3.09,5374
3.09,5373
3.10,5372
3.10,5371
3.11,5370
3.11,5369
3.12,5368
3.12,5367
3.13,5366
3.14,5365
3.14,5364
3.15,5363
3.15,5362
3.16,5361
3.16,5360
3.17,5359
3.17,5358
3.18,5357
3.18,5356
3.19,5355
3.19,5354
3.20,5353
3.20,5352
3.21,5351
3.21,5350
3.22,5349
3.22,5348
3.23,5347
3.23,5346
3.24,5345
3.24,5344
3.25,5343
3.26,5342
3.26,5341
3.27,5340
3.27,5339
3.28,5338
3.28,5337
3.29,5336
3.29,5335
3.30,5334
3.30,5333
3.31,5332
3.32,5331
3.32,5330
3.33,5329
3.33,5328
3.34,5327
3.34,5326
3.35,5325
3.35,5324
3.36,5323
3.36,5322
3.37,5321
3.37,5320
3.38,5319
3.39,5318
3.39,5317
3.39,5316
3.40,5315
3.40,5314
3.41,5313
3.42,5312
3.42,5311
3.43,5310
3.43,5309
3.44,5308
3.44,5307
3.44,5306
3.45,5305
3.45,5304
3.46,5303
3.46,5302
3.47,5301
3.48,5300
3.49,5299
3.49,5298
3.50,5297
3.50,5296
3.51,5295
3.51,5294
3.52,5293
3.52,5292
3.53,5291
3.53,5290
3.54,5289
3.54,5288
3.55,5287
3.55,5286
3.56,5285
3.56,5284
3.57,5283
3.57,5282
3.58,5281
3.59,5280
3.59,5279
3.60,5278
3.60,5277
3.61,5276
3.61,5275
3.62,5274
3.63,5273
3.63,5272
3.64,5271
3.64,5270
3.65,5269
3.65,5268
3.66,5267
3.66,5266
3.67,5265
3.68,5264
3.68,5263
3.69,5262
3.69,5261
3.70,5260
3.70,5259
3.71,5258
3.71,5257
3.72,5256
3.72,5255
3.72,5254
3.73,5253
3.73,5252
3.74,5251
3.74,5250
3.75,5249
3.75,5248
3.76,5247
3.76,5246
3.77,5245
3.77,5244
3.78,5243
3.78,5242
3.79,5241
3.79,5240
3.80,5239
3.80,5238
3.81,5237
3.81,5236
3.82,5235
3.82,5234
3.83,5233
3.83,5232
3.84,5231
3.84,5230
3.85,5229
3.85,5228
3.86,5227
3.86,5226
3.87,5225
3.87,5224
3.88,5223
3.88,5222
3.89,5221
3.89,5220
3.90,5219
3.90,5218
3.91,5217
3.91,5216
3.92,5215
3.92,5214
3.93,5213
3.93,5212
3.94,5211
3.94,5210
3.95,5209
3.95,5208
3.96,5207
3.96,5206
3.97,5205
3.97,5204
3.98,5203
3.98,5202
3.99,5201
3.99,5200
4.00,5199
4.00,5198
4.01,5197
4.01,5196
4.02,5195
4.02,5194
4.03,5193
4.03,5192
4.04,5191
4.04,5190
4.05,5189
4.05,5188
4.06,5187
4.06,5186
4.07,5185
4.07,5184
4.08,5183
4.08,5182
4.09,5181
4.09,5180
4.10,5179
4.10,5178
4.11,5177
4.11,5176
4.12,5175
4.12,5174
4.13,5173
4.13,5172
4.14,5171
4.14,5170
4.15,5169
4.15,5168
4.16,5167
4.17,5166
4.17,5165
4.18,5164
4.18,5163
4.19,5162
4.19,5161
4.20,5160
4.20,5159
4.21,5158
4.21,5157
4.22,5156
4.22,5155
4.23,5154
4.23,5153
4.24,5152
4.24,5151
4.25,5150
4.25,5149
4.26,5148
4.26,5147
4.27,5146
4.27,5145
4.28,5144
4.28,5143
4.29,5142
4.29,5141
4.30,5140
4.30,5139
4.31,5138
4.31,5137
4.32,5136
4.32,5135
4.33,5134
4.33,5133
4.34,5132
4.34,5131
4.35,5130
4.35,5129
4.35,5128
4.36,5127
4.37,5126
4.37,5125
4.38,5124
4.38,5123
4.39,5122
4.39,5121
4.40,5120
4.40,5119
4.41,5118
4.41,5117
4.42,5116
4.42,5115
4.43,5114
4.43,5113
4.43,5112
4.44,5111
4.44,5110
4.45,5109
4.46,5108
4.47,5107
4.47,5106
4.48,5105
4.48,5104
4.48,5103
4.49,5102
4.49,5101
4.50,5100
4.50,5099
4.51,5098
4.51,5097
4.52,5096
4.52,5095
4.53,5094
4.53,5093
4.54,5092
4.54,5091
4.55,5090
4.55,5089
4.56,5088
4.56,5087
4.57,5086
4.57,5085
4.58,5084
4.58,5083
4.59,5082
4.59,5081
4.60,5080
4.60,5079
4.61,5078
4.61,5077
4.62,5076
4.62,5075
4.63,5074
4.63,5073
4.64,5072
4.64,5071
4.65,5070
4.65,5069
4.66,5068
4.66,5067
4.67,5066
4.67,5065
4.68,5064
4.68,5063
4.69,5062
4.69,5061
4.70,5060
4.70,5059
4.71,5058
4.71,5057
4.72,5056
4.72,5055
4.73,5054
4.73,5053
4.74,5052
4.74,5051
4.75,5050
4.75,5049
4.76,5048
4.76,5047
4.77,5046
4.77,5045
4.78,5044
4.78,5043
4.79,5042
4.79,5041
4.80,5040
4.80,5039
4.81,5038
4.81,5037
4.82,5036
4.82,5035
4.83,5034
4.83,5033
4.84,5032
4.84,5031
4.85,5030
4.85,5029
4.86,5028
4.86,5027
4.87,5026
4.87,5025
4.88,5024
4.88,5023
4.89,5022
4.89,5021
4.90,5020
4.90,5019
4.91,5018
4.91,5017
4.92,5016
4.92,5015
4.93,5014
4.93,5013
4.94,5012
4.94,5011
4.95,5010
4.95,5009
4.96,5008
4.96,5007
4.97,5006
4.97,5005
4.98,5004
4.98,5003
4.99,5002
4.99,5001
5.00,5000
5.00,4999
5.01,4998
5.01,4997
5.02,4996
5.02,4995
5.03,4994
5.03,4993
5.04,4992
5.04,4991
5.05,4990
5.05,4989
5.06,4988
5.06,4987
5.07,4986
5.07,4985
5.08,4984
5.09,4983
5.09,4982
5.09,4981
5.10,4980
5.10,4979
5.11,4978
5.12,4977
5.12,4976
5.13,4975
5.13,4974
5.14,4973
5.14,4972
5.15,4971
5.15,4970
5.16,4969
5.16,4968
5.17,4967
5.17,4966
5.18,4965
5.18,4964
5.19,4963
5.19,4962
5.20,4961
5.20,4960
5.21,4959
5.21,4958
5.22,4957
5.22,4956
5.23,4955
5.23,4954
5.24,4953
5.24,4952
5.25,4951
5.25,4950
5.26,4949
5.26,4948
5.27,4947
5.27,4946
5.28,4945
5.28,4944
5.29,4943
5.29,4942
5.30,4941
5.30,4940
5.31,4939
5.31,4938
5.32,4937
5.32,4936
5.33,4935
5.33,4934
5.34,4933
5.35,4932
5.35,4931
5.36,4930
5.36,4929
5.37,4928
5.37,4927
5.38,4926
5.38,4925
5.39,4924
5.39,4923
5.40,4922
5.40,4921
5.41,4920
5.41,4919
5.42,4918
5.42,4917
5.43,4916
5.43,4915
5.44,4914
5.44,4913
5.45,4912
5.45,4911
5.46,4910
5.46,4909
5.47,4908
5.47,4907
5.48,4906
5.48,4905
5.49,4904
5.49,4903
5.50,4902
5.50,4901
5.51,4900
5.51,4899
5.52,4898
5.52,4897
5.53,4896
5.53,4895
5.54,4894
5.54,4893
5.55,4892
5.55,4891
5.56,4890
5.56,4889
5.56,4888
5.57,4887
5.58,4886
5.58,4885
5.59,4884
5.59,4883
5.59,4882
5.60,4881
5.60,4880
5.61,4879
5.61,4878
5.62,4877
5.62,4876
5.63,4875
5.63,4874
5.64,4873
5.64,4872
5.65,4871
5.65,4870
5.66,4869
5.66,4868
5.67,4867
5.67,4866
5.68,4865
5.68,4864
5.69,4863
5.69,4862
5.70,4861
5.70,4860
5.71,4859
5.71,4858
5.72,4857
5.72,4856
5.73,4855
5.73,4854
5.74,4853
5.74,4852
5.75,4851
5.75,4850
5.76,4849
5.76,4848
5.77,4847
5.77,4846
5.78,4845
5.78,4844
5.79,4843
5.79,4842
5.80,4841
5.80,4840
5.81,4839
5.81,4838
5.82,4837
5.82,4836
5.83,4835
5.83,4834
5.84,4833
5.84,4832
5.85,4831
5.85,4830
5.86,4829
5.86,4828
5.87,4827
5.87,4826
5.88,4825
5.88,4824
5.89,4823
5.89,4822
5.90,4821
5.90,4820
5.91,4819
5.91,4818
5.92,4817
5.92,4816
5.93,4815
5.93,4814
5.94,4813
5.94,4812
5.95,4811
5.95,4810
5.96,4809
5.96,4808
5.97,4807
5.97,4806
5.98,4805
5.98,4804
5.99,4803
5.99,4802
6.00,4801
6.00,4800
6.01,4799
6.01,4798
6.02,4797
6.02,4796
6.03,4795
6.03,4794
6.04,4793
6.04,4792
6.05,4791
6.05,4790
6.06,4789
6.06,4788
6.07,4787
6.07,4786
6.08,4785
6.08,4784
6.09,4783
6.09,4782
6.10,4781
6.10,4780
6.11,4779
6.11,4778
6.12,4777
6.12,4776
6.13,4775
6.13,4774
6.14,4773
6.14,4772
6.15,4771
6.15,4770
6.16,4769
6.16,4768
6.17,4767
6.17,4766
6.18,4765
6.18,4764
6.19,4763
6.19,4762
6.20,4761
6.20,4760
6.21,4759
6.21,4758
6.22,4757
6.22,4756
6.23,4755
6.23,4754
6.24,4753
6.24,4752
6.25,4751
6.25,4750
6.26,4749
6.26,4748
6.27,4747
6.27,4746
6.28,4745
6.28,4744
6.29,4743
6.29,4742
6.30,4741
6.30,4740
6.31,4739
6.31,4738
6.32,4737
6.32,4736
6.33,4735
6.33,4734
6.33,4733
6.34,4732
6.34,4731
6.35,4730
6.35,4729
6.36,4728
6.36,4727
6.37,4726
6.37,4725
6.38,4724
6.38,4723
6.39,4722
6.39,4721
6.40,4720
6.40,4719
6.41,4718
6.41,4717
6.42,4716
6.42,4715
6.42,4714
6.43,4713
6.43,4712
6.44,4711
6.44,4710
6.45,4709
6.45,4708
6.46,4707
6.46,4706
6.47,4705
6.47,4704
6.48,4703
6.48,4702
6.48,4701
6.49,4700
6.49,4699
6.50,4698
6.50,4697
6.51,4696
6.51,4695
6.52,4694
6.52,4693
6.53,4692
6.53,4691
6.54,4690
6.54,4689
6.54,4688
6.55,4687
6.55,4686
6.56,4685
6.56,4684
6.57,4683
6.57,4682
6.58,4681
6.58,4680
6.59,4679
6.59,4678
6.60,4677
6.60,4676
6.61,4675
6.61,4674
6.62,4673
6.62,4672
6.63,4671
6.63,4670
6.63,4669
6.64,4668
6.64,4667
6.65,4666
6.65,4665
6.66,4664
6.66,4663
6.67,4662
6.67,4661
6.68,4660
6.68,4659
6.69,4658
6.69,4657
6.70,4656
6.70,4655
6.70,4654
6.71,4653
6.71,4652
6.72,4651
6.72,4650
6.73,4649
6.73,4648
6.74,4647
6.74,4646
6.75,4645
6.75,4644
6.76,4643
6.76,4642
6.77,4641
6.77,4640
6.78,4639
6.78,4638
6.79,4637
6.79,4636
6.80,4635
6.80,4634
6.81,4633
6.81,4632
6.82,4631
6.82,4630
6.83,4629
6.83,4628
6.84,4627
6.84,4626
6.85,4625
6.85,4624
6.86,4623
6.86,4622
6.87,4621
6.87,4620
6.88,4619
6.88,4618
6.89,4617
6.89,4616
6.89,4615
6.90,4614
6.91,4613
6.91,4612
6.92,4611
6.92,4610
6.93,4609
6.93,4608
6.94,4607
6.94,4606
6.95,4605
6.95,4604
6.96,4603
6.96,4602
6.97,4601
6.97,4600
6.98,4599
6.98,4598
6.99,4597
6.99,4596
6.99,4595
7.00,4594
7.00,4593
7.01,4592
7.01,4591
7.02,4590
7.02,4589
7.03,4588
7.03,4587
7.04,4586
7.04,4585
7.05,4584
7.05,4583
7.06,4582
7.06,4581
7.07,4580
7.07,4579
7.08,4578
7.08,4577
7.09,4576
7.09,4575
7.10,4574
7.10,4573
7.11,4572
7.11,4571
7.12,4570
7.12,4569
7.13,4568
7.13,4567
7.14,4566
7.14,4565
7.15,4564
7.15,4563
7.16,4562
7.16,4561
7.17,4560
7.17,4559
7.18,4558
7.18,4557
7.19,4556
7.19,4555
7.20,4554
7.20,4553
7.21,4552
7.21,4551
7.22,4550
7.22,4549
7.23,4548
7.23,4547
7.24,4546
7.24,4545
7.25,4544
7.25,4543
7.26,4542
7.26,4541
7.27,4540
7.27,4539
7.28,4538
7.28,4537
7.29,4536
7.29,4535
7.30,4534
7.30,4533
7.31,4532
7.31,4531
7.32,4530
7.32,4529
7.33,4528
7.33,4527
7.34,4526
7.34,4525
7.35,4524
7.35,4523
7.36,4522
7.36,4521
7.37,4520
7.37,4519
7.38,4518
7.38,4517
7.39,4516
7.39,4515
7.40,4514
7.40,4513
7.41,4512
7.41,4511
7.42,4510
7.42,4509
7.43,4508
7.43,4507
7.43,4506
7.44,4505
7.44,4504
7.45,4503
7.45,4502
7.46,4501
7.46,4500
7.47,4499
7.47,4498
7.48,4497
7.48,4496
7.48,4495
7.49,4494
7.49,4493
7.50,4492
7.50,4491
7.51,4490
7.51,4489
7.52,4488
7.52,4487
7.53,4486
7.53,4485
7.54,4484
7.54,4483
7.55,4482
7.55,4481
7.55,4480
7.56,4479
7.56,4478
7.57,4477
7.57,4476
7.58,4475
7.58,4474
7.59,4473
7.59,4472
7.60,4471
7.60,4470
7.61,4469
7.61,4468
7.62,4467
7.62,4466
7.62,4465
7.63,4464
7.63,4463
7.64,4462
7.64,4461
7.65,4460
7.65,4459
7.66,4458
7.66,4457
7.67,4456
7.67,4455
7.67,4454
7.68,4453
7.68,4452
7.69,4451
7.69,4450
7.70,4449
7.70,4448
7.71,4447
7.71,4446
7.72,4445
7.72,4444
7.72,4443
7.73,4442
7.73,4441
7.74,4440
7.74,4439
7.75,4438
7.75,4437
7.76,4436
7.76,4435
7.76,4434
7.77,4433
7.77,4432
7.78,4431
7.78,4430
7.79,4429
7.79,4428
7.80,4427
7.80,4426
7.81,4425
7.81,4424
7.81,4423
7.82,4422
7.82,4421
7.83,4420
7.83,4419
7.84,4418
7.84,4417
7.85,4416
7.85,4415
7.85,4414
7.86,4413
7.86,4412
7.87,4411
7.87,4410
7.88,4409
7.88,4408
7.89,4407
7.89,4406
7.89,4405
7.90,4404
7.90,4403
7.91,4402
7.91,4401
7.92,4400
7.92,4399
7.93,4398
7.93,4397
7.94,4396
7.94,4395
7.95,4394
7.95,4393
7.95,4392
7.96,4391
7.97,4390
7.97,4389
7.97,4388
7.98,4387
7.98,4386
7.99,4385
7.99,4384
8.00,4383
8.00,4382
8.01,4381
8.01,4380
8.02,4379
8.02,4378
8.03,4377
8.03,4376
8.03,4375
8.04,4374
8.04,4373
8.05,4372
8.05,4371
8.06,4370
8.06,4369
8.07,4368
8.07,4367
8.08,4366
8.08,4365
8.09,4364
8.09,4363
8.10,4362
8.10,4361
8.11,4360
8.11,4359
8.12,4358
8.12,4357
8.13,4356
8.13,4355
8.14,4354
8.14,4353
8.15,4352
8.15,4351
8.16,4350
8.16,4349
8.16,4348
8.17,4347
8.17,4346
8.18,4345
8.18,4344
8.19,4343
8.19,4342
8.20,4341
8.20,4340
8.21,4339
8.21,4338
8.22,4337
8.22,4336
8.23,4335
8.23,4334
8.24,4333
8.24,4332
8.25,4331
8.25,4330
8.26,4329
8.26,4328
8.27,4327
8.27,4326
8.27,4325
8.28,4324
8.28,4323
8.29,4322
8.29,4321
8.30,4320
8.30,4319
8.31,4318
8.31,4317
8.32,4316
8.32,4315
8.33,4314
8.33,4313
8.34,4312
8.34,4311
8.35,4310
8.35,4309
8.36,4308
8.36,4307
8.37,4306
8.37,4305
8.38,4304
8.38,4303
8.39,4302
8.39,4301
8.40,4300
8.40,4299
8.41,4298
8.41,4297
8.42,4296
8.42,4295
8.43,4294
8.43,4293
8.43,4292
8.44,4291
8.44,4290
8.45,4289
8.45,4288
8.46,4287
8.46,4286
8.47,4285
8.47,4284
8.48,4283
8.48,4282
8.49,4281
8.49,4280
8.50,4279
8.50,4278
8.51,4277
8.51,4276
8.52,4275
8.52,4274
8.52,4273
8.53,4272
8.53,4271
8.54,4270
8.54,4269
8.55,4268
8.55,4267
8.56,4266
8.56,4265
8.57,4264
8.57,4263
8.58,4262
8.58,4261
8.59,4260
8.59,4259
8.60,4258
8.60,4257
8.61,4256
8.61,4255
8.62,4254
8.62,4253
8.63,4252
8.63,4251
8.63,4250
8.64,4249
8.64,4248
8.65,4247
8.65,4246
8.66,4245
8.66,4244
8.67,4243
8.67,4242
8.67,4241
8.68,4240
8.68,4239
8.69,4238
8.69,4237
8.70,4236
8.70,4235
8.71,4234
8.71,4233
8.72,4232
8.72,4231
8.73,4230
8.73,4229
8.74,4228
8.74,4227
8.75,4226
8.75,4225
8.76,4224
8.76,4223
8.77,4222
8.77,4221
8.77,4220
8.78,4219
8.78,4218
8.79,4217
8.79,4216
8.80,4215
8.80,4214
8.81,4213
8.81,4212
8.82,4211
8.82,4210
8.83,4209
8.83,4208
8.84,4207
8.84,4206
8.85,4205
8.85,4204
8.86,4203
8.86,4202
8.86,4201
8.87,4200
8.87,4199
8.88,4198
8.88,4197
8.89,4196
8.89,4195
8.90,4194
8.90,4193
8.91,4192
