0.38,5758
0.45,5757
0.46,5756
0.47,5755
0.49,5754
0.49,5753
0.50,5752
0.51,5751
0.52,5750
0.53,5749
0.54,5748
0.54,5747
0.55,5746
0.56,5745
0.57,5744
0.57,5743
0.58,5742
0.59,5741
0.59,5740
0.60,5739
0.61,5738
0.61,5737
0.62,5736
0.63,5735
0.63,5734
0.64,5733
0.64,5732
0.65,5731
0.66,5730
0.66,5729
0.67,5728
0.67,5727
0.68,5726
0.68,5725
0.69,5724
0.69,5723
0.70,5722
0.70,5721
0.72,5720
0.72,5719
0.73,5718
0.73,5717
0.74,5716
0.74,5715
0.75,5714
0.75,5713
0.76,5712
0.76,5711
0.77,5710
0.77,5709
0.78,5708
0.78,5707
0.79,5706
0.79,5705
0.80,5704
0.81,5703
0.81,5702
0.81,5701
0.82,5700
0.83,5699
0.83,5698
0.84,5697
0.84,5696
0.85,5695
0.85,5694
0.86,5693
0.86,5692
0.88,5691
0.88,5690
0.89,5689
0.89,5688
0.90,5687
0.90,5686
0.91,5685
0.91,5684
0.92,5683
0.93,5682
0.93,5681
0.94,5680
0.94,5679
0.95,5678
0.95,5677
0.96,5676
0.97,5675
0.97,5674
0.98,5673
0.98,5672
0.99,5671
1.01,5670
1.01,5669
1.02,5668
1.03,5667
1.03,5666
1.04,5665
1.05,5664
1.05,5663
1.06,5662
1.07,5661
1.07,5660
1.08,5659
1.09,5658
1.09,5657
1.10,5656
1.11,5655
1.12,5654
1.13,5653
1.14,5652
1.15,5651
1.15,5650
1.16,5649
1.17,5648
1.17,5647
1.18,5646
1.19,5645
1.20,5644
1.20,5643
1.21,5642
1.22,5641
1.23,5640
1.23,5639
1.24,5638
1.24,5637
1.25,5636
1.25,5635
1.26,5634
1.26,5633
1.27,5632
1.27,5631
1.28,5630
1.29,5629
1.29,5628
1.30,5627
1.30,5626
1.31,5625
1.32,5624
1.32,5623
1.33,5622
1.33,5621
1.34,5620
1.34,5619
1.36,5618
1.36,5617
1.37,5616
1.37,5615
1.38,5614
1.39,5613
1.39,5612
1.40,5611
1.40,5610
1.41,5609
1.41,5608
1.42,5607
1.42,5606
1.43,5605
1.43,5604
1.44,5603
1.44,5602
1.45,5601
1.45,5600
1.46,5599
1.46,5598
1.47,5597
1.48,5596
1.48,5595
1.48,5594
1.49,5593
1.50,5592
1.50,5591
1.51,5590
1.51,5589
1.52,5588
1.53,5587
1.53,5586
1.54,5585
1.54,5584
1.55,5583
1.55,5582
1.56,5581
1.56,5580
1.57,5579
1.57,5578
1.58,5577
1.59,5576
1.59,5575
1.60,5574
1.60,5573
1.61,5572
1.61,5571
1.62,5570
1.62,5569
1.63,5568
1.63,5567
1.64,5566
1.64,5565
1.65,5564
1.66,5563
1.66,5562
1.67,5561
1.67,5560
1.68,5559
1.68,5558
1.69,5557
1.69,5556
1.70,5555
1.71,5554
1.71,5553
1.72,5552
1.73,5551
1.73,5550
1.74,5549
1.75,5548
1.75,5547
1.76,5546
1.76,5545
1.77,5544
1.78,5543
1.78,5542
1.79,5541
1.79,5540
1.80,5539
1.80,5538
1.81,5537
1.82,5536
1.82,5535
1.83,5534
1.83,5533
1.84,5532
1.84,5531
1.85,5530
1.85,5529
1.86,5528
1.86,5527
1.87,5526
1.87,5525
1.88,5524
1.88,5523
1.89,5522
1.89,5521
1.90,5520
1.90,5519
1.91,5518
1.91,5517
1.92,5516
1.93,5515
1.93,5514
1.94,5513
1.94,5512
1.95,5511
1.96,5510
1.96,5509
1.97,5508
1.97,5507
1.98,5506
1.98,5505
1.99,5504
1.99,5503
2.00,5502
2.00,5501
2.01,5500
2.01,5499
2.02,5498
2.02,5497
2.03,5496
2.03,5495
2.04,5494
2.04,5493
2.05,5492
2.05,5491
2.06,5490
2.06,5489
2.07,5488
2.07,5487
2.08,5486
2.09,5485
2.09,5484
2.10,5483
2.10,5482
2.11,5481
2.11,5480
2.12,5479
2.12,5478
2.13,5477
2.14,5476
2.14,5475
2.15,5474
2.15,5473
2.16,5472
2.16,5471
2.17,5470
2.18,5469
2.18,5468
2.19,5467
2.19,5466
2.20,5465
2.20,5464
2.21,5463
2.22,5462
2.22,5461
2.23,5460
2.23,5459
2.24,5458
2.24,5457
2.25,5456
2.26,5455
2.26,5454
2.27,5453
2.28,5452
2.28,5451
2.29,5450
2.30,5449
2.30,5448
2.31,5447
2.31,5446
2.33,5445
2.33,5444
2.34,5443
2.35,5442
2.35,5441
2.36,5440
2.36,5439
2.37,5438
2.38,5437
2.38,5436
2.39,5435
2.40,5434
2.40,5433
2.41,5432
2.42,5431
2.42,5430
2.43,5429
2.44,5428
2.44,5427
2.45,5426
2.46,5425
2.46,5424
2.47,5423
2.48,5422
2.48,5421
2.49,5420
2.49,5419
2.50,5418
2.51,5417
2.51,5416
2.52,5415
2.52,5414
2.53,5413
2.54,5412
2.54,5411
2.55,5410
2.56,5409
2.56,5408
2.57,5407
2.58,5406
2.58,5405
2.59,5404
2.59,5403
2.60,5402
2.60,5401
2.61,5400
2.62,5399
2.62,5398
2.63,5397
2.64,5396
2.64,5395
2.65,5394
2.65,5393
2.66,5392
2.67,5391
2.67,5390
2.68,5389
2.68,5388
2.69,5387
2.69,5386
2.70,5385
2.71,5384
2.71,5383
2.72,5382
2.72,5381
2.74,5380
2.74,5379
2.75,5378
2.75,5377
2.76,5376
2.76,5375
2.77,5374
2.77,5373
2.78,5372
2.78,5371
2.79,5370
2.79,5369
2.80,5368
2.80,5367
2.81,5366
2.81,5365
2.82,5364
2.82,5363
2.83,5362
2.83,5361
2.84,5360
2.84,5359
2.85,5358
2.85,5357
2.86,5356
2.86,5355
2.87,5354
2.87,5353
2.88,5352
2.88,5351
2.89,5350
2.90,5349
2.90,5348
2.91,5347
2.91,5346
2.92,5345
2.92,5344
2.93,5343
2.93,5342
2.94,5341
2.95,5340
2.95,5339
2.96,5338
2.96,5337
2.97,5336
2.97,5335
2.98,5334
2.98,5333
2.99,5332
2.99,5331
3.00,5330
3.00,5329
3.01,5328
3.01,5327
3.02,5326
3.02,5325
3.03,5324
3.03,5323
3.04,5322
3.04,5321
3.05,5320
3.06,5319
3.06,5318
3.06,5317
3.07,5316
3.07,5315
3.08,5314
3.08,5313
3.09,5312
3.10,5311
3.10,5310
3.11,5309
3.11,5308
3.12,5307
3.12,5306
3.13,5305
3.13,5304
3.14,5303
3.14,5302
3.15,5301
3.15,5300
3.16,5299
3.16,5298
3.17,5297
3.17,5296
3.18,5295
3.18,5294
3.19,5293
3.19,5292
3.20,5291
3.21,5290
3.21,5289
3.22,5288
3.22,5287
3.23,5286
3.23,5285
3.24,5284
3.24,5283
3.25,5282
3.25,5281
3.26,5280
3.26,5279
3.27,5278
3.28,5277
3.28,5276
3.29,5275
3.29,5274
3.30,5273
3.30,5272
3.31,5271
3.31,5270
3.32,5269
3.32,5268
3.33,5267
3.34,5266
3.34,5265
3.35,5264
3.35,5263
3.36,5262
3.36,5261
3.37,5260
3.37,5259
3.38,5258
3.40,5257
3.40,5256
3.41,5255
3.41,5254
3.42,5253
3.42,5252
3.44,5251
3.44,5250
3.45,5249
3.45,5248
3.46,5247
3.46,5246
3.47,5245
3.47,5244
3.48,5243
3.48,5242
3.49,5241
3.49,5240
3.50,5239
3.50,5238
3.51,5237
3.51,5236
3.52,5235
3.53,5234
3.53,5233
3.54,5232
3.54,5231
3.55,5230
3.55,5229
3.56,5228
3.56,5227
3.57,5226
3.57,5225
3.58,5224
3.58,5223
3.59,5222
3.59,5221
3.60,5220
3.60,5219
3.61,5218
3.61,5217
3.62,5216
3.63,5215
3.63,5214
3.64,5213
3.64,5212
3.65,5211
3.65,5210
3.66,5209
3.67,5208
3.67,5207
3.68,5206
3.68,5205
3.69,5204
3.69,5203
3.70,5202
3.70,5201
3.71,5200
3.71,5199
3.72,5198
3.72,5197
3.73,5196
3.73,5195
3.74,5194
3.74,5193
3.75,5192
3.75,5191
3.76,5190
3.76,5189
3.77,5188
3.77,5187
3.78,5186
3.78,5185
3.79,5184
3.79,5183
3.80,5182
3.80,5181
3.81,5180
3.81,5179
3.82,5178
3.82,5177
3.83,5176
3.83,5175
3.84,5174
3.84,5173
3.85,5172
3.86,5171
3.86,5170
3.87,5169
3.87,5168
3.88,5167
3.88,5166
3.89,5165
3.89,5164
3.90,5163
3.90,5162
3.91,5161
3.91,5160
3.92,5159
3.92,5158
3.93,5157
3.93,5156
3.94,5155
3.94,5154
3.95,5153
3.95,5152
3.96,5151
3.96,5150
3.97,5149
3.97,5148
3.98,5147
3.98,5146
3.99,5145
3.99,5144
4.00,5143
4.01,5142
4.01,5141
4.02,5140
4.02,5139
4.03,5138
4.04,5137
4.05,5136
4.05,5135
4.06,5134
4.06,5133
4.07,5132
4.07,5131
4.08,5130
4.08,5129
4.09,5128
4.09,5127
4.10,5126
4.10,5125
4.11,5124
4.11,5123
4.12,5122
4.12,5121
4.13,5120
4.13,5119
4.14,5118
4.14,5117
4.15,5116
4.16,5115
4.16,5114
4.17,5113
4.17,5112
4.17,5111
4.18,5110
4.19,5109
4.19,5108
4.20,5107
4.20,5106
4.21,5105
4.21,5104
4.22,5103
4.22,5102
4.23,5101
4.23,5100
4.24,5099
4.24,5098
4.25,5097
4.25,5096
4.26,5095
4.26,5094
4.27,5093
4.27,5092
4.28,5091
4.29,5090
4.29,5089
4.30,5088
4.30,5087
4.31,5086
4.31,5085
4.32,5084
4.32,5083
4.33,5082
4.33,5081
4.34,5080
4.34,5079
4.35,5078
4.35,5077
4.36,5076
4.36,5075
4.37,5074
4.37,5073
4.38,5072
4.38,5071
4.39,5070
4.39,5069
4.40,5068
4.40,5067
4.41,5066
4.41,5065
4.42,5064
4.43,5063
4.43,5062
4.44,5061
4.44,5060
4.45,5059
4.45,5058
4.46,5057
4.46,5056
4.47,5055
4.47,5054
4.48,5053
4.48,5052
4.49,5051
4.49,5050
4.50,5049
4.50,5048
4.51,5047
4.51,5046
4.52,5045
4.52,5044
4.53,5043
4.54,5042
4.54,5041
4.55,5040
4.55,5039
4.56,5038
4.57,5037
4.57,5036
4.58,5035
4.58,5034
4.59,5033
4.60,5032
4.60,5031
4.61,5030
4.61,5029
4.62,5028
4.62,5027
4.63,5026
4.63,5025
4.64,5024
4.64,5023
4.65,5022
4.65,5021
4.66,5020
4.66,5019
4.67,5018
4.67,5017
4.68,5016
4.68,5015
4.69,5014
4.69,5013
4.70,5012
4.70,5011
4.71,5010
4.71,5009
4.72,5008
4.72,5007
4.73,5006
4.73,5005
4.74,5004
4.74,5003
4.75,5002
4.75,5001
4.76,5000
4.76,4999
4.77,4998
4.77,4997
4.78,4996
4.78,4995
4.79,4994
4.79,4993
4.80,4992
4.80,4991
4.81,4990
4.81,4989
4.82,4988
4.82,4987
4.83,4986
4.83,4985
4.84,4984
4.84,4983
4.85,4982
4.85,4981
4.85,4980
4.86,4979
4.87,4978
4.87,4977
4.87,4976
4.88,4975
4.88,4974
4.89,4973
4.89,4972
4.90,4971
4.90,4970
4.91,4969
4.91,4968
4.92,4967
4.92,4966
4.93,4965
4.93,4964
4.94,4963
4.94,4962
4.94,4961
4.95,4960
4.95,4959
4.96,4958
4.96,4957
4.97,4956
4.97,4955
4.98,4954
4.98,4953
4.99,4952
4.99,4951
5.00,4950
5.00,4949
5.01,4948
5.01,4947
5.02,4946
5.02,4945
5.03,4944
5.03,4943
5.04,4942
5.04,4941
5.05,4940
5.05,4939
5.06,4938
5.06,4937
5.07,4936
5.07,4935
5.07,4934
5.08,4933
5.08,4932
5.09,4931
5.09,4930
5.10,4929
5.10,4928
5.11,4927
5.11,4926
5.12,4925
5.12,4924
5.13,4923
5.13,4922
5.14,4921
5.14,4920
5.15,4919
5.15,4918
5.16,4917
5.16,4916
5.16,4915
5.17,4914
5.17,4913
5.18,4912
5.18,4911
5.19,4910
5.19,4909
5.20,4908
5.20,4907
5.21,4906
5.21,4905
5.22,4904
5.22,4903
5.23,4902
5.23,4901
5.24,4900
5.24,4899
5.25,4898
5.25,4897
5.26,4896
5.26,4895
5.26,4894
5.27,4893
5.27,4892
5.28,4891
5.28,4890
5.29,4889
5.29,4888
5.30,4887
5.30,4886
5.31,4885
5.31,4884
5.32,4883
5.32,4882
5.33,4881
5.33,4880
5.34,4879
5.34,4878
5.35,4877
5.35,4876
5.35,4875
5.36,4874
5.36,4873
5.37,4872
5.37,4871
5.38,4870
5.38,4869
5.39,4868
5.39,4867
5.40,4866
5.40,4865
5.40,4864
5.41,4863
5.41,4862
5.42,4861
5.42,4860
5.43,4859
5.43,4858
5.44,4857
5.44,4856
5.45,4855
5.45,4854
5.46,4853
5.46,4852
5.47,4851
5.47,4850
5.48,4849
5.48,4848
5.49,4847
5.49,4846
5.50,4845
5.50,4844
5.51,4843
5.51,4842
5.52,4841
5.52,4840
5.53,4839
5.53,4838
5.54,4837
5.54,4836
5.55,4835
5.55,4834
5.56,4833
5.56,4832
5.57,4831
5.57,4830
5.58,4829
5.58,4828
5.59,4827
5.59,4826
5.60,4825
5.60,4824
5.61,4823
5.61,4822
5.62,4821
5.62,4820
5.63,4819
5.63,4818
5.64,4817
5.64,4816
5.65,4815
5.65,4814
5.66,4813
5.66,4812
5.67,4811
5.67,4810
5.68,4809
5.68,4808
5.69,4807
5.69,4806
5.70,4805
5.70,4804
5.71,4803
5.72,4802
5.72,4801
5.73,4800
5.73,4799
5.74,4798
5.74,4797
5.75,4796
5.75,4795
5.75,4794
5.76,4793
5.77,4792
5.77,4791
5.78,4790
5.78,4789
5.79,4788
5.79,4787
5.80,4786
5.80,4785
5.81,4784
5.81,4783
5.82,4782
5.82,4781
5.83,4780
5.83,4779
5.84,4778
5.84,4777
5.85,4776
5.85,4775
5.86,4774
5.86,4773
5.87,4772
5.87,4771
5.88,4770
5.88,4769
5.89,4768
5.89,4767
5.90,4766
5.90,4765
5.91,4764
5.91,4763
5.92,4762
5.92,4761
5.93,4760
5.93,4759
5.94,4758
5.94,4757
5.95,4756
5.95,4755
5.95,4754
5.96,4753
5.96,4752
5.97,4751
5.97,4750
5.98,4749
5.98,4748
5.99,4747
5.99,4746
6.00,4745
6.00,4744
6.01,4743
6.01,4742
6.02,4741
6.02,4740
6.03,4739
6.03,4738
6.04,4737
6.04,4736
6.05,4735
6.05,4734
6.06,4733
6.06,4732
6.07,4731
6.07,4730
6.08,4729
6.08,4728
6.09,4727
6.09,4726
6.10,4725
6.10,4724
6.11,4723
6.11,4722
6.12,4721
6.12,4720
6.12,4719
6.13,4718
6.13,4717
6.14,4716
6.15,4715
6.15,4714
6.15,4713
6.16,4712
6.16,4711
6.17,4710
6.17,4709
6.18,4708
6.18,4707
6.19,4706
6.19,4705
6.20,4704
6.20,4703
6.21,4702
6.21,4701
6.22,4700
6.22,4699
6.23,4698
6.23,4697
6.24,4696
6.24,4695
6.25,4694
6.25,4693
6.26,4692
6.26,4691
6.27,4690
6.27,4689
6.27,4688
6.28,4687
6.28,4686
6.29,4685
6.29,4684
6.30,4683
6.30,4682
6.31,4681
6.31,4680
6.32,4679
6.32,4678
6.33,4677
6.33,4676
6.34,4675
6.34,4674
6.35,4673
6.35,4672
6.36,4671
6.36,4670
6.37,4669
6.37,4668
6.37,4667
6.38,4666
6.38,4665
6.39,4664
6.39,4663
6.40,4662
6.40,4661
6.41,4660
6.41,4659
6.42,4658
6.42,4657
6.43,4656
6.43,4655
6.44,4654
6.44,4653
6.45,4652
6.45,4651
6.46,4650
6.46,4649
6.47,4648
6.47,4647
6.48,4646
6.48,4645
6.49,4644
6.49,4643
6.50,4642
6.50,4641
6.50,4640
6.51,4639
6.51,4638
6.52,4637
6.52,4636
6.53,4635
6.53,4634
6.54,4633
6.54,4632
6.55,4631
6.55,4630
6.56,4629
6.56,4628
6.57,4627
6.57,4626
6.58,4625
6.58,4624
6.59,4623
6.59,4622
6.60,4621
6.60,4620
6.61,4619
6.61,4618
6.62,4617
6.62,4616
6.63,4615
6.63,4614
6.64,4613
6.64,4612
6.65,4611
6.65,4610
6.66,4609
6.66,4608
6.66,4607
6.67,4606
6.67,4605
6.68,4604
6.69,4603
6.69,4602
6.69,4601
6.70,4600
6.70,4599
6.71,4598
6.71,4597
6.72,4596
6.72,4595
6.73,4594
6.73,4593
6.74,4592
6.74,4591
6.75,4590
6.75,4589
6.76,4588
6.76,4587
6.77,4586
6.77,4585
6.78,4584
6.78,4583
6.79,4582
6.79,4581
6.80,4580
6.80,4579
6.81,4578
6.81,4577
6.82,4576
6.82,4575
6.83,4574
6.83,4573
6.84,4572
6.84,4571
6.85,4570
6.85,4569
6.86,4568
6.86,4567
6.87,4566
6.87,4565
6.88,4564
6.88,4563
6.89,4562
6.89,4561
6.90,4560
6.90,4559
6.91,4558
6.91,4557
6.92,4556
6.92,4555
6.93,4554
6.93,4553
6.94,4552
6.94,4551
6.95,4550
6.95,4549
6.96,4548
6.96,4547
6.97,4546
6.97,4545
6.98,4544
6.98,4543
6.99,4542
6.99,4541
7.00,4540
7.00,4539
7.01,4538
7.01,4537
7.02,4536
7.02,4535
7.03,4534
7.03,4533
7.03,4532
7.04,4531
7.04,4530
7.05,4529
7.05,4528
7.06,4527
7.06,4526
7.07,4525
7.07,4524
7.08,4523
7.08,4522
7.08,4521
7.09,4520
7.09,4519
7.10,4518
7.10,4517
7.11,4516
7.11,4515
7.12,4514
7.12,4513
7.13,4512
7.13,4511
7.13,4510
7.14,4509
7.14,4508
7.15,4507
7.15,4506
7.16,4505
7.16,4504
7.17,4503
7.17,4502
7.18,4501
7.18,4500
7.19,4499
7.19,4498
7.20,4497
7.20,4496
7.20,4495
7.21,4494
7.21,4493
7.22,4492
7.22,4491
7.23,4490
7.23,4489
7.24,4488
7.24,4487
7.25,4486
7.25,4485
7.26,4484
7.26,4483
7.26,4482
7.27,4481
7.27,4480
7.28,4479
7.28,4478
7.29,4477
7.29,4476
7.30,4475
7.30,4474
7.31,4473
7.31,4472
7.31,4471
7.32,4470
7.32,4469
7.33,4468
7.33,4467
7.34,4466
7.34,4465
7.35,4464
7.35,4463
7.36,4462
7.36,4461
7.36,4460
7.37,4459
7.37,4458
7.38,4457
7.38,4456
7.39,4455
7.39,4454
7.40,4453
7.40,4452
7.40,4451
7.41,4450
7.41,4449
7.42,4448
7.42,4447
7.43,4446
7.43,4445
7.44,4444
7.44,4443
7.45,4442
7.45,4441
7.45,4440
7.46,4439
7.46,4438
7.47,4437
7.47,4436
7.48,4435
7.48,4434
7.49,4433
7.49,4432
7.49,4431
7.50,4430
7.50,4429
7.51,4428
7.51,4427
7.52,4426
7.52,4425
7.53,4424
7.53,4423
7.53,4422
7.54,4421
7.54,4420
7.55,4419
7.55,4418
7.56,4417
7.56,4416
7.57,4415
7.57,4414
7.58,4413
7.58,4412
7.58,4411
7.59,4410
7.59,4409
7.60,4408
7.60,4407
7.61,4406
7.61,4405
7.62,4404
7.62,4403
7.63,4402
7.63,4401
7.64,4400
7.64,4399
7.65,4398
7.65,4397
7.66,4396
7.66,4395
7.67,4394
7.67,4393
7.68,4392
7.68,4391
7.69,4390
7.69,4389
7.70,4388
7.70,4387
7.70,4386
7.71,4385
7.71,4384
7.72,4383
7.72,4382
7.73,4381
7.73,4380
7.74,4379
7.74,4378
7.75,4377
7.75,4376
7.76,4375
7.76,4374
7.77,4373
7.77,4372
7.78,4371
7.78,4370
7.79,4369
7.79,4368
7.79,4367
7.80,4366
7.80,4365
7.81,4364
7.81,4363
7.82,4362
7.82,4361
7.83,4360
7.83,4359
7.84,4358
7.84,4357
7.85,4356
7.85,4355
7.86,4354
7.86,4353
7.87,4352
7.87,4351
7.87,4350
7.88,4349
7.88,4348
7.89,4347
7.89,4346
7.90,4345
7.90,4344
7.91,4343
7.91,4342
7.92,4341
7.92,4340
7.93,4339
7.93,4338
7.94,4337
7.94,4336
7.94,4335
7.95,4334
7.95,4333
7.96,4332
7.96,4331
7.97,4330
7.97,4329
7.98,4328
7.98,4327
7.99,4326
7.99,4325
8.00,4324
8.00,4323
8.01,4322
8.01,4321
8.01,4320
8.02,4319
8.02,4318
8.03,4317
8.03,4316
8.04,4315
8.04,4314
8.05,4313
8.05,4312
8.06,4311
8.06,4310
8.07,4309
8.07,4308
8.08,4307
8.08,4306
8.09,4305
8.09,4304
8.10,4303
8.10,4302
8.11,4301
8.11,4300
8.12,4299
8.12,4298
8.13,4297
8.13,4296
8.13,4295
8.14,4294
8.14,4293
8.15,4292
8.15,4291
8.16,4290
8.16,4289
8.17,4288
8.17,4287
8.18,4286
8.18,4285
8.19,4284
8.19,4283
8.20,4282
8.20,4281
8.21,4280
8.21,4279
8.21,4278
8.22,4277
8.23,4276
8.23,4275
8.24,4274
8.24,4273
8.25,4272
8.25,4271
8.26,4270
8.26,4269
8.26,4268
8.27,4267
8.27,4266
8.28,4265
8.28,4264
8.29,4263
8.29,4262
8.30,4261
8.30,4260
8.31,4259
8.31,4258
8.32,4257
8.32,4256
8.33,4255
8.33,4254
8.34,4253
8.34,4252
8.35,4251
8.35,4250
8.36,4249
8.36,4248
8.37,4247
8.37,4246
8.38,4245
8.38,4244
8.39,4243
8.39,4242
8.39,4241
8.40,4240
8.40,4239
8.41,4238
8.41,4237
8.42,4236
8.42,4235
8.43,4234
8.43,4233
8.44,4232
8.44,4231
8.45,4230
8.45,4229
8.46,4228
8.46,4227
8.47,4226
8.47,4225
8.47,4224
8.48,4223
8.48,4222
8.49,4221
8.49,4220
8.50,4219
8.50,4218
8.51,4217
8.51,4216
8.52,4215
8.52,4214
8.53,4213
8.53,4212
8.54,4211
8.54,4210
8.55,4209
8.55,4208
8.56,4207
8.56,4206
8.56,4205
8.57,4204
8.57,4203
8.58,4202
8.58,4201
8.59,4200
8.59,4199
8.60,4198
8.60,4197
8.61,4196
8.61,4195
8.62,4194
8.62,4193
8.63,4192
8.63,4191
8.64,4190
8.64,4189
8.65,4188
8.65,4187
8.66,4186
8.66,4185
8.67,4184
8.67,4183
8.68,4182
8.68,4181
8.68,4180
8.69,4179
8.69,4178
8.70,4177
8.71,4176
