0.36,5770
0.43,5769
0.45,5768
0.46,5767
0.47,5766
0.48,5765
0.49,5764
0.50,5763
0.50,5762
0.51,5761
0.52,5760
0.53,5759
0.54,5758
0.55,5757
0.55,5756
0.56,5755
0.57,5754
0.58,5753
0.58,5752
0.59,5751
0.60,5750
0.60,5749
0.61,5748
0.62,5747
0.63,5746
0.63,5745
0.64,5744
0.65,5743
0.65,5742
0.66,5741
0.66,5740
0.67,5739
0.67,5738
0.68,5737
0.68,5736
0.69,5735
0.70,5734
0.70,5733
0.71,5732
0.72,5731
0.72,5730
0.73,5729
0.73,5728
0.74,5727
0.74,5726
0.75,5725
0.75,5724
0.76,5723
0.76,5722
0.77,5721
0.77,5720
0.78,5719
0.78,5718
0.79,5717
0.79,5716
0.80,5715
0.80,5714
0.81,5713
0.81,5712
0.82,5711
0.82,5710
0.83,5709
0.83,5708
0.84,5707
0.84,5706
0.87,5705
0.88,5704
0.88,5703
0.89,5702
0.89,5701
0.90,5700
0.90,5699
0.91,5698
0.91,5697
0.92,5696
0.93,5695
0.93,5694
0.94,5693
0.95,5692
0.96,5691
0.97,5690
0.97,5689
0.98,5688
0.98,5687
0.99,5686
0.99,5685
1.00,5684
1.01,5683
1.01,5682
1.02,5681
1.02,5680
1.03,5679
1.04,5678
1.04,5677
1.05,5676
1.05,5675
1.06,5674
1.07,5673
1.07,5672
1.08,5671
1.08,5670
1.09,5669
1.10,5668
1.10,5667
1.11,5666
1.11,5665
1.12,5664
1.12,5663
1.13,5662
1.13,5661
1.14,5660
1.15,5659
1.15,5658
1.16,5657
1.16,5656
1.17,5655
1.18,5654
1.19,5653
1.19,5652
1.20,5651
1.21,5650
1.21,5649
1.22,5648
1.22,5647
1.23,5646
1.23,5645
1.23,5644
1.24,5643
1.24,5642
1.25,5641
1.25,5640
1.26,5639
1.26,5638
1.27,5637
1.27,5636
1.28,5635
1.28,5634
1.29,5633
1.29,5632
1.30,5631
1.30,5630
1.31,5629
1.31,5628
1.32,5627
1.32,5626
1.33,5625
1.34,5624
1.34,5623
1.35,5622
1.35,5621
1.36,5620
1.36,5619
1.37,5618
1.37,5617
1.38,5616
1.38,5615
1.39,5614
1.39,5613
1.40,5612
1.40,5611
1.41,5610
1.42,5609
1.42,5608
1.43,5607
1.43,5606
1.44,5605
1.44,5604
1.45,5603
1.45,5602
1.46,5601
1.46,5600
1.47,5599
1.47,5598
1.48,5597
1.48,5596
1.49,5595
1.49,5594
1.50,5593
1.50,5592
1.51,5591
1.51,5590
1.52,5589
1.52,5588
1.53,5587
1.53,5586
1.54,5585
1.54,5584
1.55,5583
1.55,5582
1.56,5581
1.57,5580
1.57,5579
1.58,5578
1.58,5577
1.59,5576
1.59,5575
1.60,5574
1.60,5573
1.61,5572
1.61,5571
1.62,5570
1.62,5569
1.63,5568
1.63,5567
1.64,5566
1.64,5565
1.65,5564
1.66,5563
1.66,5562
1.67,5561
1.67,5560
1.68,5559
1.69,5558
1.69,5557
1.70,5556
1.70,5555
1.71,5554
1.71,5553
1.72,5552
1.72,5551
1.73,5550
1.74,5549
1.74,5548
1.75,5547
1.75,5546
1.76,5545
1.76,5544
1.78,5543
1.78,5542
1.79,5541
1.79,5540
1.80,5539
1.80,5538
1.81,5537
1.81,5536
1.82,5535
1.82,5534
1.83,5533
1.83,5532
1.84,5531
1.84,5530
1.85,5529
1.86,5528
1.86,5527
1.87,5526
1.87,5525
1.88,5524
1.88,5523
1.89,5522
1.89,5521
1.90,5520
1.91,5519
1.91,5518
1.92,5517
1.92,5516
1.93,5515
1.93,5514
1.94,5513
1.94,5512
1.95,5511
1.95,5510
1.96,5509
1.96,5508
1.97,5507
1.97,5506
1.98,5505
1.98,5504
1.99,5503
2.00,5502
2.00,5501
2.01,5500
2.01,5499
2.02,5498
2.02,5497
2.03,5496
2.03,5495
2.04,5494
2.04,5493
2.05,5492
2.05,5491
2.06,5490
2.07,5489
2.07,5488
2.08,5487
2.08,5486
2.09,5485
2.09,5484
2.10,5483
2.10,5482
2.11,5481
2.11,5480
2.12,5479
2.12,5478
2.13,5477
2.14,5476
2.14,5475
2.15,5474
2.15,5473
2.16,5472
2.16,5471
2.17,5470
2.17,5469
2.18,5468
2.19,5467
2.19,5466
2.20,5465
2.21,5464
2.21,5463
2.22,5462
2.22,5461
2.23,5460
2.23,5459
2.24,5458
2.25,5457
2.25,5456
2.26,5455
2.27,5454
2.27,5453
2.28,5452
2.28,5451
2.29,5450
2.30,5449
2.30,5448
2.31,5447
2.31,5446
2.32,5445
2.33,5444
2.33,5443
2.34,5442
2.35,5441
2.35,5440
2.36,5439
2.37,5438
2.38,5437
2.38,5436
2.39,5435
2.39,5434
2.40,5433
2.41,5432
2.41,5431
2.42,5430
2.42,5429
2.43,5428
2.44,5427
2.44,5426
2.45,5425
2.45,5424
2.46,5423
2.47,5422
2.47,5421
2.48,5420
2.49,5419
2.49,5418
2.50,5417
2.51,5416
2.51,5415
2.52,5414
2.52,5413
2.53,5412
2.54,5411
2.54,5410
2.55,5409
2.55,5408
2.56,5407
2.57,5406
2.57,5405
2.58,5404
2.58,5403
2.59,5402
2.60,5401
2.61,5400
2.61,5399
2.62,5398
2.62,5397
2.63,5396
2.64,5395
2.64,5394
2.65,5393
2.65,5392
2.66,5391
2.66,5390
2.67,5389
2.68,5388
2.69,5387
2.69,5386
2.70,5385
2.71,5384
2.71,5383
2.72,5382
2.72,5381
2.73,5380
2.73,5379
2.74,5378
2.74,5377
2.75,5376
2.75,5375
2.76,5374
2.76,5373
2.77,5372
2.77,5371
2.78,5370
2.79,5369
2.79,5368
2.80,5367
2.80,5366
2.80,5365
2.81,5364
2.82,5363
2.82,5362
2.83,5361
2.83,5360
2.84,5359
2.84,5358
2.85,5357
2.85,5356
2.86,5355
2.86,5354
2.87,5353
2.87,5352
2.88,5351
2.88,5350
2.89,5349
2.89,5348
2.90,5347
2.90,5346
2.91,5345
2.91,5344
2.92,5343
2.92,5342
2.93,5341
2.94,5340
2.94,5339
2.95,5338
2.95,5337
2.96,5336
2.96,5335
2.97,5334
2.97,5333
2.98,5332
2.98,5331
2.99,5330
2.99,5329
3.00,5328
3.00,5327
3.01,5326
3.01,5325
3.02,5324
3.02,5323
3.03,5322
3.03,5321
3.04,5320
3.04,5319
3.05,5318
3.05,5317
3.06,5316
3.06,5315
3.07,5314
3.07,5313
3.08,5312
3.08,5311
3.09,5310
3.09,5309
3.10,5308
3.10,5307
3.11,5306
3.11,5305
3.12,5304
3.12,5303
3.13,5302
3.13,5301
3.14,5300
3.14,5299
3.15,5298
3.15,5297
3.16,5296
3.16,5295
3.17,5294
3.17,5293
3.18,5292
3.18,5291
3.19,5290
3.19,5289
3.20,5288
3.20,5287
3.21,5286
3.21,5285
3.22,5284
3.22,5283
3.23,5282
3.23,5281
3.24,5280
3.24,5279
3.25,5278
3.25,5277
3.26,5276
3.27,5275
3.27,5274
3.29,5273
3.29,5272
3.30,5271
3.30,5270
3.31,5269
3.31,5268
3.32,5267
3.32,5266
3.33,5265
3.33,5264
3.34,5263
3.34,5262
3.35,5261
3.35,5260
3.35,5259
3.36,5258
3.36,5257
3.37,5256
3.38,5255
3.38,5254
3.39,5253
3.39,5252
3.40,5251
3.40,5250
3.41,5249
3.41,5248
3.42,5247
3.42,5246
3.43,5245
3.43,5244
3.44,5243
3.44,5242
3.45,5241
3.45,5240
3.46,5239
3.46,5238
3.47,5237
3.47,5236
3.48,5235
3.48,5234
3.49,5233
3.49,5232
3.50,5231
3.50,5230
3.51,5229
3.51,5228
3.52,5227
3.52,5226
3.53,5225
3.53,5224
3.54,5223
3.54,5222
3.54,5221
3.55,5220
3.56,5219
3.57,5218
3.57,5217
3.58,5216
3.58,5215
3.58,5214
3.59,5213
3.59,5212
3.60,5211
3.60,5210
3.61,5209
3.61,5208
3.62,5207
3.62,5206
3.63,5205
3.63,5204
3.63,5203
3.64,5202
3.64,5201
3.65,5200
3.65,5199
3.66,5198
3.66,5197
3.67,5196
3.67,5195
3.68,5194
3.68,5193
3.69,5192
3.69,5191
3.70,5190
3.70,5189
3.70,5188
3.71,5187
3.71,5186
3.72,5185
3.72,5184
3.73,5183
3.73,5182
3.74,5181
3.74,5180
3.75,5179
3.75,5178
3.75,5177
3.76,5176
3.76,5175
3.77,5174
3.78,5173
3.78,5172
3.79,5171
3.79,5170
3.80,5169
3.80,5168
3.81,5167
3.81,5166
3.82,5165
3.82,5164
3.82,5163
3.83,5162
3.83,5161
3.84,5160
3.84,5159
3.85,5158
3.85,5157
3.86,5156
3.86,5155
3.87,5154
3.87,5153
3.88,5152
3.88,5151
3.89,5150
3.89,5149
3.90,5148
3.90,5147
3.90,5146
3.91,5145
3.91,5144
3.92,5143
3.92,5142
3.93,5141
3.93,5140
3.94,5139
3.94,5138
3.95,5137
3.95,5136
3.96,5135
3.96,5134
3.97,5133
3.97,5132
3.98,5131
3.98,5130
3.98,5129
3.99,5128
3.99,5127
4.00,5126
4.00,5125
4.01,5124
4.01,5123
4.02,5122
4.02,5121
4.03,5120
4.03,5119
4.04,5118
4.04,5117
4.05,5116
4.05,5115
4.06,5114
4.06,5113
4.07,5112
4.07,5111
4.08,5110
4.08,5109
4.09,5108
4.09,5107
4.10,5106
4.10,5105
4.10,5104
4.11,5103
4.11,5102
4.12,5101
4.12,5100
4.13,5099
4.13,5098
4.14,5097
4.14,5096
4.15,5095
4.15,5094
4.15,5093
4.16,5092
4.16,5091
4.17,5090
4.17,5089
4.18,5088
4.18,5087
4.19,5086
4.19,5085
4.20,5084
4.20,5083
4.21,5082
4.21,5081
4.21,5080
4.22,5079
4.22,5078
4.23,5077
4.23,5076
4.24,5075
4.24,5074
4.25,5073
4.25,5072
4.25,5071
4.26,5070
4.26,5069
4.27,5068
4.27,5067
4.28,5066
4.28,5065
4.29,5064
4.29,5063
4.30,5062
4.30,5061
4.31,5060
4.31,5059
4.32,5058
4.32,5057
4.32,5056
4.33,5055
4.33,5054
4.34,5053
4.34,5052
4.35,5051
4.36,5050
4.36,5049
4.37,5048
4.37,5047
4.38,5046
4.38,5045
4.39,5044
4.39,5043
4.40,5042
4.40,5041
4.41,5040
4.41,5039
4.42,5038
4.42,5037
4.43,5036
4.43,5035
4.44,5034
4.44,5033
4.45,5032
4.45,5031
4.46,5030
4.46,5029
4.47,5028
4.47,5027
4.47,5026
4.48,5025
4.48,5024
4.49,5023
4.49,5022
4.50,5021
4.50,5020
4.51,5019
4.51,5018
4.52,5017
4.52,5016
4.53,5015
4.53,5014
4.54,5013
4.54,5012
4.55,5011
4.55,5010
4.56,5009
4.56,5008
4.57,5007
4.57,5006
4.58,5005
4.58,5004
4.59,5003
4.59,5002
4.60,5001
4.60,5000
4.61,4999
4.61,4998
4.61,4997
4.62,4996
4.63,4995
4.63,4994
4.64,4993
4.64,4992
4.65,4991
4.65,4990
4.65,4989
4.66,4988
4.66,4987
4.67,4986
4.67,4985
4.68,4984
4.69,4983
4.69,4982
4.70,4981
4.70,4980
4.71,4979
4.71,4978
4.72,4977
4.72,4976
4.73,4975
4.73,4974
4.74,4973
4.74,4972
4.75,4971
4.75,4970
4.76,4969
4.76,4968
4.77,4967
4.77,4966
4.78,4965
4.78,4964
4.79,4963
4.80,4962
4.80,4961
4.81,4960
4.81,4959
4.82,4958
4.82,4957
4.83,4956
4.83,4955
4.84,4954
4.84,4953
4.85,4952
4.85,4951
4.86,4950
4.86,4949
4.87,4948
4.87,4947
4.88,4946
4.88,4945
4.89,4944
4.89,4943
4.90,4942
4.90,4941
4.91,4940
4.91,4939
4.92,4938
4.92,4937
4.93,4936
4.93,4935
4.94,4934
4.95,4933
4.95,4932
4.96,4931
4.96,4930
4.97,4929
4.97,4928
4.98,4927
4.98,4926
4.99,4925
4.99,4924
5.00,4923
5.00,4922
5.01,4921
5.02,4920
5.02,4919
5.03,4918
5.03,4917
5.04,4916
5.04,4915
5.05,4914
5.05,4913
5.06,4912
5.07,4911
5.07,4910
5.08,4909
5.08,4908
5.09,4907
5.09,4906
5.10,4905
5.10,4904
5.11,4903
5.11,4902
5.12,4901
5.12,4900
5.13,4899
5.13,4898
5.14,4897
5.14,4896
5.15,4895
5.15,4894
5.16,4893
5.16,4892
5.17,4891
5.17,4890
5.18,4889
5.18,4888
5.19,4887
5.19,4886
5.20,4885
5.21,4884
5.21,4883
5.22,4882
5.22,4881
5.23,4880
5.23,4879
5.24,4878
5.24,4877
5.25,4876
5.25,4875
5.26,4874
5.26,4873
5.27,4872
5.27,4871
5.28,4870
5.28,4869
5.29,4868
5.30,4867
5.30,4866
5.31,4865
5.31,4864
5.32,4863
5.32,4862
5.33,4861
5.33,4860
5.34,4859
5.34,4858
5.35,4857
5.35,4856
5.36,4855
5.36,4854
5.37,4853
5.37,4852
5.38,4851
5.38,4850
5.39,4849
5.39,4848
5.40,4847
5.40,4846
5.41,4845
5.41,4844
5.42,4843
5.42,4842
5.43,4841
5.43,4840
5.44,4839
5.44,4838
5.45,4837
5.45,4836
5.46,4835
5.46,4834
5.47,4833
5.47,4832
5.48,4831
5.48,4830
5.49,4829
5.50,4828
5.50,4827
5.50,4826
5.51,4825
5.52,4824
5.52,4823
5.52,4822
5.53,4821
5.54,4820
5.54,4819
5.55,4818
5.55,4817
5.56,4816
5.56,4815
5.57,4814
5.57,4813
5.58,4812
5.58,4811
5.59,4810
5.59,4809
5.60,4808
5.60,4807
5.61,4806
5.61,4805
5.62,4804
5.62,4803
5.63,4802
5.63,4801
5.64,4800
5.64,4799
5.65,4798
5.65,4797
5.66,4796
5.66,4795
5.67,4794
5.67,4793
5.68,4792
5.68,4791
5.69,4790
5.69,4789
5.70,4788
5.70,4787
5.71,4786
5.72,4785
5.72,4784
5.73,4783
5.73,4782
5.74,4781
5.74,4780
5.75,4779
5.75,4778
5.76,4777
5.76,4776
5.77,4775
5.77,4774
5.78,4773
5.78,4772
5.79,4771
5.79,4770
5.80,4769
5.80,4768
5.81,4767
5.81,4766
5.82,4765
5.82,4764
5.83,4763
5.83,4762
5.84,4761
5.84,4760
5.85,4759
5.85,4758
5.86,4757
5.86,4756
5.87,4755
5.87,4754
5.88,4753
5.88,4752
5.89,4751
5.89,4750
5.90,4749
5.91,4748
5.91,4747
5.92,4746
5.92,4745
5.93,4744
5.93,4743
5.94,4742
5.94,4741
5.95,4740
5.95,4739
5.96,4738
5.96,4737
5.97,4736
5.97,4735
5.98,4734
5.98,4733
5.99,4732
5.99,4731
6.00,4730
6.00,4729
6.01,4728
6.01,4727
6.02,4726
6.02,4725
6.03,4724
6.03,4723
6.04,4722
6.04,4721
6.05,4720
6.05,4719
6.06,4718
6.06,4717
6.07,4716
6.07,4715
6.08,4714
6.08,4713
6.09,4712
6.09,4711
6.10,4710
6.10,4709
6.11,4708
6.11,4707
6.12,4706
6.12,4705
6.13,4704
6.13,4703
6.14,4702
6.14,4701
6.15,4700
6.15,4699
6.16,4698
6.16,4697
6.17,4696
6.17,4695
6.18,4694
6.18,4693
6.19,4692
6.19,4691
6.20,4690
6.20,4689
6.21,4688
6.21,4687
6.22,4686
6.22,4685
6.23,4684
6.23,4683
6.24,4682
6.25,4681
6.25,4680
6.26,4679
6.26,4678
6.27,4677
6.27,4676
6.28,4675
6.28,4674
6.29,4673
6.29,4672
6.30,4671
6.30,4670
6.31,4669
6.31,4668
6.32,4667
6.32,4666
6.33,4665
6.33,4664
6.34,4663
6.34,4662
6.35,4661
6.35,4660
6.36,4659
6.36,4658
6.37,4657
6.37,4656
6.38,4655
6.38,4654
6.39,4653
6.39,4652
6.40,4651
6.40,4650
6.41,4649
6.41,4648
6.42,4647
6.42,4646
6.43,4645
6.43,4644
6.44,4643
6.44,4642
6.45,4641
6.45,4640
6.46,4639
6.46,4638
6.47,4637
6.47,4636
6.48,4635
6.48,4634
6.49,4633
6.49,4632
6.50,4631
6.50,4630
6.51,4629
6.51,4628
6.52,4627
6.52,4626
6.53,4625
6.53,4624
6.54,4623
6.54,4622
6.55,4621
6.55,4620
6.56,4619
6.56,4618
6.57,4617
6.57,4616
6.58,4615
6.58,4614
6.59,4613
6.59,4612
6.60,4611
6.60,4610
6.61,4609
6.61,4608
6.62,4607
6.62,4606
6.63,4605
6.63,4604
6.64,4603
6.64,4602
6.65,4601
6.65,4600
6.66,4599
6.66,4598
6.66,4597
6.67,4596
6.67,4595
6.68,4594
6.68,4593
6.69,4592
6.69,4591
6.70,4590
6.70,4589
6.71,4588
6.71,4587
6.72,4586
6.72,4585
6.73,4584
6.73,4583
6.74,4582
6.74,4581
6.75,4580
6.75,4579
6.75,4578
6.76,4577
6.76,4576
6.77,4575
6.77,4574
6.78,4573
6.78,4572
6.79,4571
6.79,4570
6.80,4569
6.80,4568
6.81,4567
6.81,4566
6.82,4565
6.82,4564
6.83,4563
6.83,4562
6.84,4561
6.84,4560
6.85,4559
6.85,4558
6.86,4557
6.86,4556
6.87,4555
6.87,4554
6.88,4553
6.88,4552
6.89,4551
6.89,4550
6.90,4549
6.90,4548
6.91,4547
6.91,4546
6.92,4545
6.92,4544
6.93,4543
6.93,4542
6.94,4541
6.94,4540
6.94,4539
6.95,4538
6.95,4537
6.96,4536
6.97,4535
6.97,4534
6.98,4533
6.98,4532
6.99,4531
6.99,4530
7.00,4529
7.00,4528
7.01,4527
7.01,4526
7.01,4525
7.02,4524
7.02,4523
7.03,4522
7.03,4521
7.04,4520
7.04,4519
7.05,4518
7.05,4517
7.06,4516
7.06,4515
7.07,4514
7.07,4513
7.08,4512
7.08,4511
7.09,4510
7.09,4509
7.10,4508
7.10,4507
7.11,4506
7.11,4505
7.12,4504
7.12,4503
7.12,4502
7.13,4501
7.13,4500
7.14,4499
7.14,4498
7.15,4497
7.15,4496
7.16,4495
7.16,4494
7.17,4493
7.17,4492
7.18,4491
7.18,4490
7.19,4489
7.19,4488
7.20,4487
7.20,4486
7.21,4485
7.21,4484
7.22,4483
7.22,4482
7.23,4481
7.23,4480
7.24,4479
7.24,4478
7.25,4477
7.25,4476
7.26,4475
7.26,4474
7.27,4473
7.27,4472
7.28,4471
7.28,4470
7.29,4469
7.29,4468
7.30,4467
7.30,4466
7.31,4465
7.31,4464
7.32,4463
7.32,4462
7.33,4461
7.33,4460
7.34,4459
7.34,4458
7.35,4457
7.35,4456
7.36,4455
7.36,4454
7.36,4453
7.37,4452
7.37,4451
7.38,4450
7.38,4449
7.39,4448
7.39,4447
7.40,4446
7.40,4445
7.41,4444
7.41,4443
7.42,4442
7.42,4441
7.43,4440
7.43,4439
7.44,4438
7.44,4437
7.45,4436
7.45,4435
7.46,4434
7.46,4433
7.47,4432
7.47,4431
7.48,4430
7.48,4429
7.49,4428
7.49,4427
7.50,4426
7.50,4425
7.51,4424
7.51,4423
7.52,4422
7.52,4421
7.53,4420
7.53,4419
7.54,4418
7.54,4417
7.55,4416
7.55,4415
7.56,4414
7.56,4413
7.57,4412
7.57,4411
7.58,4410
7.58,4409
7.59,4408
7.59,4407
7.60,4406
7.60,4405
7.61,4404
7.61,4403
7.62,4402
7.62,4401
7.63,4400
7.63,4399
7.64,4398
7.64,4397
7.64,4396
7.65,4395
7.65,4394
7.66,4393
7.66,4392
7.67,4391
7.67,4390
7.68,4389
7.68,4388
7.69,4387
7.69,4386
7.69,4385
7.70,4384
7.70,4383
7.71,4382
7.71,4381
7.72,4380
7.72,4379
7.73,4378
7.73,4377
7.74,4376
7.74,4375
7.75,4374
7.75,4373
7.76,4372
7.76,4371
7.76,4370
7.77,4369
7.77,4368
7.78,4367
7.78,4366
7.79,4365
7.79,4364
7.80,4363
7.80,4362
7.81,4361
7.81,4360
7.82,4359
7.82,4358
7.83,4357
7.83,4356
7.84,4355
7.84,4354
7.85,4353
7.85,4352
7.86,4351
7.86,4350
7.87,4349
7.87,4348
7.88,4347
7.88,4346
7.89,4345
7.89,4344
7.90,4343
7.90,4342
7.91,4341
7.91,4340
7.92,4339
7.92,4338
7.93,4337
7.93,4336
7.94,4335
7.94,4334
7.95,4333
7.95,4332
7.96,4331
7.96,4330
7.97,4329
7.97,4328
7.98,4327
7.98,4326
7.99,4325
7.99,4324
8.00,4323
8.00,4322
8.00,4321
8.01,4320
8.01,4319
8.02,4318
8.02,4317
8.03,4316
8.03,4315
8.04,4314
8.04,4313
8.05,4312
8.05,4311
8.06,4310
8.06,4309
8.07,4308
8.07,4307
8.07,4306
8.08,4305
8.08,4304
8.09,4303
8.09,4302
8.10,4301
8.10,4300
8.11,4299
8.11,4298
8.12,4297
8.12,4296
8.13,4295
8.13,4294
8.14,4293
8.14,4292
8.15,4291
8.15,4290
8.16,4289
8.16,4288
8.17,4287
8.17,4286
8.18,4285
8.18,4284
8.19,4283
8.19,4282
8.19,4281
8.20,4280
8.20,4279
8.21,4278
8.21,4277
8.22,4276
8.22,4275
8.23,4274
8.23,4273
8.24,4272
8.24,4271
8.25,4270
8.25,4269
8.26,4268
8.26,4267
8.27,4266
8.27,4265
8.28,4264
8.28,4263
8.29,4262
8.29,4261
8.30,4260
8.30,4259
8.30,4258
8.31,4257
8.31,4256
8.32,4255
8.32,4254
8.33,4253
8.33,4252
8.34,4251
8.34,4250
8.35,4249
8.35,4248
8.36,4247
8.36,4246
8.37,4245
8.37,4244
8.38,4243
8.38,4242
8.39,4241
8.39,4240
8.40,4239
8.40,4238
8.41,4237
8.41,4236
8.42,4235
8.42,4234
8.43,4233
8.43,4232
8.44,4231
8.44,4230
8.45,4229
8.45,4228
8.46,4227
8.46,4226
8.47,4225
8.47,4224
8.48,4223
8.48,4222
8.49,4221
8.49,4220
8.50,4219
8.50,4218
8.51,4217
8.51,4216
8.52,4215
8.52,4214
8.53,4213
8.53,4212
8.54,4211
8.54,4210
8.55,4209
8.55,4208
8.56,4207
8.56,4206
8.57,4205
8.57,4204
8.58,4203
8.58,4202
8.59,4201
8.59,4200
8.60,4199
8.60,4198
8.61,4197
8.61,4196
8.62,4195
8.62,4194
8.63,4193
8.63,4192
8.64,4191
8.64,4190
8.65,4189
8.65,4188
8.66,4187
8.66,4186
8.67,4185
8.67,4184
8.68,4183
8.68,4182
8.69,4181
8.69,4180
8.70,4179
8.70,4178
8.70,4177
8.71,4176
8.71,4175
8.72,4174
8.72,4173
8.73,4172
8.73,4171
8.74,4170
8.74,4169
8.75,4168
8.75,4167
8.76,4166
8.76,4165
8.77,4164
8.78,4163
