0.03,1204
0.08,1203
0.09,1202
0.09,1201
0.10,1200
0.10,1199
0.11,1198
0.11,1197
0.11,1196
0.12,1195
0.12,1194
0.12,1193
0.13,1192
0.13,1191
0.13,1190
0.14,1189
0.14,1188
0.14,1187
0.14,1186
0.15,1185
0.15,1184
0.15,1183
0.15,1182
0.16,1181
0.16,1180
0.16,1179
0.16,1178
0.16,1177
0.16,1176
0.16,1175
0.17,1174
0.17,1173
0.17,1172
0.17,1171
0.17,1170
0.18,1169
0.18,1168
0.18,1167
0.18,1166
0.18,1165
0.19,1164
0.19,1163
0.19,1162
0.19,1161
0.19,1160
0.19,1159
0.20,1158
0.20,1157
0.20,1156
0.20,1155
0.20,1154
0.20,1153
0.21,1152
0.21,1151
0.21,1150
0.21,1149
0.21,1148
0.21,1147
0.22,1146
0.22,1145
0.22,1144
0.22,1143
0.22,1142
0.22,1141
0.23,1140
0.23,1139
0.23,1138
0.23,1137
0.23,1136
0.23,1135
0.24,1134
0.24,1133
0.24,1132
0.24,1131
0.24,1130
0.24,1129
0.24,1128
0.25,1127
0.25,1126
0.25,1125
0.25,1124
0.25,1123
0.25,1122
0.25,1121
0.26,1120
0.26,1119
0.26,1118
0.26,1117
0.26,1116
0.26,1115
0.26,1114
0.27,1113
0.27,1112
0.27,1111
0.27,1110
0.27,1109
0.27,1108
0.27,1107
0.27,1106
0.28,1105
0.28,1104
0.28,1103
0.28,1102
0.28,1101
0.28,1100
0.28,1099
0.28,1098
0.29,1097
0.29,1096
0.29,1095
0.29,1094
0.29,1093
0.29,1092
0.29,1091
0.29,1090
0.30,1089
0.30,1088
0.30,1087
0.30,1086
0.30,1085
0.30,1084
0.30,1083
0.30,1082
0.31,1081
0.31,1080
0.31,1079
0.31,1078
0.31,1077
0.31,1076
0.31,1075
0.31,1074
0.31,1073
0.32,1072
0.32,1071
0.32,1070
0.32,1069
0.32,1068
0.32,1067
0.32,1066
0.32,1065
0.32,1064
0.33,1063
0.33,1062
0.33,1061
0.33,1060
0.33,1059
0.33,1058
0.33,1057
0.33,1056
0.33,1055
0.34,1054
0.34,1053
0.34,1052
0.34,1051
0.34,1050
0.34,1049
0.34,1048
0.34,1047
0.34,1046
0.35,1045
0.35,1044
0.35,1043
0.35,1042
0.35,1041
0.35,1040
0.35,1039
0.36,1038
0.36,1037
0.36,1036
0.36,1035
0.36,1034
0.36,1033
0.36,1032
0.36,1031
0.36,1030
0.37,1029
0.37,1028
0.37,1027
0.37,1026
0.37,1025
0.37,1024
0.37,1023
0.37,1022
0.38,1021
0.38,1020
0.38,1019
0.38,1018
0.38,1017
0.38,1016
0.38,1015
0.38,1014
0.38,1013
0.39,1012
0.39,1011
0.39,1010
0.39,1009
0.39,1008
0.39,1007
0.39,1006
0.39,1005
0.39,1004
0.40,1003
0.40,1002
0.40,1001
0.40,1000
0.40,999
0.40,998
0.40,997
0.40,996
0.40,995
0.41,994
0.41,993
0.41,992
0.41,991
0.41,990
0.41,989
0.41,988
0.41,987
0.41,986
0.41,985
0.41,984
0.41,983
0.41,982
0.41,981
0.41,980
0.42,979
0.42,978
0.42,977
0.42,976
0.42,975
0.42,974
0.42,973
0.42,972
0.42,971
0.42,970
0.42,969
0.42,968
0.42,967
0.42,966
0.42,965
0.43,964
0.43,963
0.43,962
0.43,961
0.43,960
0.43,959
0.43,958
0.43,957
0.43,956
0.43,955
0.43,954
0.43,953
0.43,952
0.44,951
0.44,950
0.44,949
0.44,948
0.44,947
0.44,946
0.44,945
0.44,944
0.44,943
0.44,942
0.44,941
0.44,940
0.44,939
0.44,938
0.44,937
0.45,936
0.45,935
0.45,934
0.45,933
