0.03,1210
0.09,1209
0.09,1208
0.10,1207
0.10,1206
0.10,1205
0.11,1204
0.11,1203
0.11,1202
0.12,1201
0.12,1200
0.12,1199
0.13,1198
0.13,1197
0.13,1196
0.13,1195
0.14,1194
0.14,1193
0.14,1192
0.15,1191
0.15,1190
0.15,1189
0.16,1188
0.16,1187
0.16,1186
0.16,1185
0.16,1184
0.17,1183
0.17,1182
0.17,1181
0.17,1180
0.17,1179
0.17,1178
0.17,1177
0.18,1176
0.18,1175
0.18,1174
0.18,1173
0.18,1172
0.19,1171
0.19,1170
0.19,1169
0.19,1168
0.19,1167
0.19,1166
0.20,1165
0.20,1164
0.20,1163
0.20,1162
0.20,1161
0.21,1160
0.21,1159
0.21,1158
0.21,1157
0.21,1156
0.21,1155
0.22,1154
0.22,1153
0.22,1152
0.22,1151
0.22,1150
0.22,1149
0.23,1148
0.23,1147
0.23,1146
0.23,1145
0.23,1144
0.23,1143
0.23,1142
0.24,1141
0.24,1140
0.24,1139
0.24,1138
0.24,1137
0.24,1136
0.25,1135
0.25,1134
0.25,1133
0.25,1132
0.25,1131
0.25,1130
0.25,1129
0.26,1128
0.26,1127
0.26,1126
0.26,1125
0.26,1124
0.26,1123
0.26,1122
0.26,1121
0.27,1120
0.27,1119
0.27,1118
0.27,1117
0.27,1116
0.27,1115
0.27,1114
0.27,1113
0.27,1112
0.28,1111
0.28,1110
0.28,1109
0.28,1108
0.28,1107
0.28,1106
0.28,1105
0.28,1104
0.29,1103
0.29,1102
0.29,1101
0.29,1100
0.29,1099
0.29,1098
0.29,1097
0.29,1096
0.29,1095
0.30,1094
0.30,1093
0.30,1092
0.30,1091
0.30,1090
0.30,1089
0.30,1088
0.30,1087
0.30,1086
0.31,1085
0.31,1084
0.31,1083
0.31,1082
0.31,1081
0.31,1080
0.31,1079
0.31,1078
0.31,1077
0.32,1076
0.32,1075
0.32,1074
0.32,1073
0.32,1072
0.32,1071
0.32,1070
0.32,1069
0.32,1068
0.33,1067
0.33,1066
0.33,1065
0.33,1064
0.33,1063
0.33,1062
0.33,1061
0.33,1060
0.33,1059
0.33,1058
0.34,1057
0.34,1056
0.34,1055
0.34,1054
0.34,1053
0.34,1052
0.34,1051
0.34,1050
0.34,1049
0.34,1048
0.35,1047
0.35,1046
0.35,1045
0.35,1044
0.35,1043
0.35,1042
0.35,1041
0.35,1040
0.36,1039
0.36,1038
0.36,1037
0.36,1036
0.36,1035
0.36,1034
0.36,1033
0.36,1032
0.36,1031
0.37,1030
0.37,1029
0.37,1028
0.37,1027
0.37,1026
0.37,1025
0.37,1024
0.37,1023
0.37,1022
0.38,1021
0.38,1020
0.38,1019
0.38,1018
0.38,1017
0.38,1016
0.38,1015
0.38,1014
0.39,1013
0.39,1012
0.39,1011
0.39,1010
0.39,1009
0.39,1008
0.39,1007
0.40,1006
0.40,1005
0.40,1004
0.40,1003
0.40,1002
0.40,1001
0.40,1000
0.40,999
0.40,998
0.40,997
0.40,996
0.40,995
0.40,994
0.41,993
0.41,992
0.41,991
0.41,990
0.41,989
0.41,988
0.41,987
0.41,986
0.41,985
0.41,984
0.41,983
0.41,982
0.41,981
0.41,980
0.41,979
0.42,978
0.42,977
0.42,976
0.42,975
0.42,974
0.42,973
0.42,972
0.42,971
0.42,970
0.42,969
0.42,968
0.42,967
0.42,966
0.42,965
0.42,964
0.43,963
0.43,962
0.43,961
0.43,960
0.43,959
0.43,958
0.43,957
0.43,956
0.43,955
0.43,954
0.43,953
0.43,952
0.43,951
0.43,950
0.43,949
0.44,948
0.44,947
0.44,946
0.44,945
0.44,944
0.44,943
0.44,942
0.44,941
0.44,940
0.44,939
0.44,938
0.44,937
0.44,936
0.44,935
0.44,934
0.45,933
