0.03,1190
0.09,1189
0.10,1188
0.10,1187
0.10,1186
0.11,1185
0.11,1184
0.12,1183
0.12,1182
0.12,1181
0.13,1180
0.13,1179
0.13,1178
0.13,1177
0.14,1176
0.14,1175
0.14,1174
0.15,1173
0.15,1172
0.15,1171
0.15,1170
0.16,1169
0.16,1168
0.16,1167
0.16,1166
0.16,1165
0.17,1164
0.17,1163
0.17,1162
0.17,1161
0.17,1160
0.17,1159
0.18,1158
0.18,1157
0.18,1156
0.18,1155
0.18,1154
0.19,1153
0.19,1152
0.19,1151
0.19,1150
0.19,1149
0.19,1148
0.20,1147
0.20,1146
0.20,1145
0.20,1144
0.20,1143
0.21,1142
0.21,1141
0.21,1140
0.21,1139
0.21,1138
0.21,1137
0.22,1136
0.22,1135
0.22,1134
0.22,1133
0.22,1132
0.22,1131
0.23,1130
0.23,1129
0.23,1128
0.23,1127
0.23,1126
0.23,1125
0.24,1124
0.24,1123
0.24,1122
0.24,1121
0.24,1120
0.24,1119
0.24,1118
0.25,1117
0.25,1116
0.25,1115
0.25,1114
0.25,1113
0.25,1112
0.26,1111
0.26,1110
0.26,1109
0.26,1108
0.26,1107
0.26,1106
0.26,1105
0.26,1104
0.27,1103
0.27,1102
0.27,1101
0.27,1100
0.27,1099
0.27,1098
0.27,1097
0.27,1096
0.27,1095
0.28,1094
0.28,1093
0.28,1092
0.28,1091
0.28,1090
0.28,1089
0.28,1088
0.28,1087
0.29,1086
0.29,1085
0.29,1084
0.29,1083
0.29,1082
0.29,1081
0.29,1080
0.29,1079
0.30,1078
0.30,1077
0.30,1076
0.30,1075
0.30,1074
0.30,1073
0.30,1072
0.30,1071
0.30,1070
0.31,1069
0.31,1068
0.31,1067
0.31,1066
0.31,1065
0.31,1064
0.31,1063
0.31,1062
0.31,1061
0.32,1060
0.32,1059
0.32,1058
0.32,1057
0.32,1056
0.32,1055
0.32,1054
0.32,1053
0.32,1052
0.33,1051
0.33,1050
0.33,1049
0.33,1048
0.33,1047
0.33,1046
0.33,1045
0.33,1044
0.33,1043
0.34,1042
0.34,1041
0.34,1040
0.34,1039
0.34,1038
0.34,1037
0.34,1036
0.34,1035
0.34,1034
0.34,1033
0.35,1032
0.35,1031
0.35,1030
0.35,1029
0.35,1028
0.35,1027
0.35,1026
0.35,1025
0.36,1024
0.36,1023
0.36,1022
0.36,1021
0.36,1020
0.36,1019
0.36,1018
0.36,1017
0.36,1016
0.37,1015
0.37,1014
0.37,1013
0.37,1012
0.37,1011
0.37,1010
0.37,1009
0.37,1008
0.37,1007
0.38,1006
0.38,1005
0.38,1004
0.38,1003
0.38,1002
0.38,1001
0.38,1000
0.38,999
0.39,998
0.39,997
0.39,996
0.39,995
0.39,994
0.39,993
0.39,992
0.39,991
0.40,990
0.40,989
0.40,988
0.40,987
0.40,986
0.40,985
0.40,984
0.40,983
0.40,982
0.41,981
0.41,980
0.41,979
0.41,978
0.41,977
0.41,976
0.41,975
0.41,974
0.41,973
0.41,972
0.41,971
0.41,970
0.41,969
0.41,968
0.42,967
0.42,966
0.42,965
0.42,964
0.42,963
0.42,962
0.42,961
0.42,960
0.42,959
0.42,958
0.42,957
0.42,956
0.42,955
0.42,954
0.42,953
0.43,952
0.43,951
0.43,950
0.43,949
0.43,948
0.43,947
0.43,946
0.43,945
0.43,944
0.43,943
0.43,942
0.43,941
0.43,940
0.44,939
0.44,938
0.44,937
0.44,936
0.44,935
0.44,934
0.44,933
0.44,932
0.44,931
0.44,930
0.44,929
