0.03,1212
0.09,1211
0.09,1210
0.09,1209
0.10,1208
0.10,1207
0.11,1206
0.11,1205
0.12,1204
0.12,1203
0.13,1202
0.13,1201
0.13,1200
0.14,1199
0.14,1198
0.14,1197
0.14,1196
0.15,1195
0.15,1194
0.15,1193
0.15,1192
0.16,1191
0.16,1190
0.16,1189
0.16,1188
0.16,1187
0.17,1186
0.17,1185
0.17,1184
0.17,1183
0.17,1182
0.17,1181
0.18,1180
0.18,1179
0.18,1178
0.18,1177
0.18,1176
0.18,1175
0.19,1174
0.19,1173
0.19,1172
0.19,1171
0.19,1170
0.19,1169
0.20,1168
0.20,1167
0.20,1166
0.20,1165
0.20,1164
0.20,1163
0.21,1162
0.21,1161
0.21,1160
0.21,1159
0.21,1158
0.22,1157
0.22,1156
0.22,1155
0.22,1154
0.22,1153
0.22,1152
0.23,1151
0.23,1150
0.23,1149
0.23,1148
0.23,1147
0.23,1146
0.23,1145
0.24,1144
0.24,1143
0.24,1142
0.24,1141
0.24,1140
0.24,1139
0.25,1138
0.25,1137
0.25,1136
0.25,1135
0.25,1134
0.25,1133
0.25,1132
0.25,1131
0.26,1130
0.26,1129
0.26,1128
0.26,1127
0.26,1126
0.26,1125
0.26,1124
0.27,1123
0.27,1122
0.27,1121
0.27,1120
0.27,1119
0.27,1118
0.27,1117
0.27,1116
0.28,1115
0.28,1114
0.28,1113
0.28,1112
0.28,1111
0.28,1110
0.28,1109
0.28,1108
0.29,1107
0.29,1106
0.29,1105
0.29,1104
0.29,1103
0.29,1102
0.30,1101
0.30,1100
0.30,1099
0.30,1098
0.30,1097
0.30,1096
0.30,1095
0.30,1094
0.31,1093
0.31,1092
0.31,1091
0.31,1090
0.31,1089
0.31,1088
0.31,1087
0.31,1086
0.32,1085
0.32,1084
0.32,1083
0.32,1082
0.32,1081
0.32,1080
0.32,1079
0.32,1078
0.33,1077
0.33,1076
0.33,1075
0.33,1074
0.33,1073
0.33,1072
0.33,1071
0.33,1070
0.33,1069
0.34,1068
0.34,1067
0.34,1066
0.34,1065
0.34,1064
0.34,1063
0.34,1062
0.34,1061
0.35,1060
0.35,1059
0.35,1058
0.35,1057
0.35,1056
0.35,1055
0.35,1054
0.35,1053
0.35,1052
0.36,1051
0.36,1050
0.36,1049
0.36,1048
0.36,1047
0.36,1046
0.36,1045
0.36,1044
0.37,1043
0.37,1042
0.37,1041
0.37,1040
0.37,1039
0.37,1038
0.38,1037
0.38,1036
0.38,1035
0.38,1034
0.38,1033
0.38,1032
0.38,1031
0.38,1030
0.38,1029
0.39,1028
0.39,1027
0.39,1026
0.39,1025
0.39,1024
0.39,1023
0.39,1022
0.39,1021
0.39,1020
0.40,1019
0.40,1018
0.40,1017
0.40,1016
0.40,1015
0.40,1014
0.40,1013
0.41,1012
0.41,1011
0.41,1010
0.41,1009
0.41,1008
0.41,1007
0.41,1006
0.41,1005
0.41,1004
0.41,1003
0.41,1002
0.41,1001
0.41,1000
0.42,999
0.42,998
0.42,997
0.42,996
0.42,995
0.42,994
0.42,993
0.42,992
0.42,991
0.42,990
0.42,989
0.42,988
0.42,987
0.42,986
0.43,985
0.43,984
0.43,983
0.43,982
0.43,981
0.43,980
0.43,979
0.43,978
0.43,977
0.43,976
0.43,975
0.43,974
0.43,973
0.43,972
0.44,971
0.44,970
0.44,969
0.44,968
0.44,967
0.44,966
0.44,965
0.44,964
0.44,963
0.44,962
0.44,961
0.44,960
0.44,959
0.44,958
0.44,957
0.45,956
0.45,955
0.45,954
0.45,953
0.45,952
0.45,951
0.45,950
0.45,949
0.45,948
0.45,947
0.45,946
0.45,945
0.45,944
0.45,943
0.46,942
0.46,941
0.46,940
0.46,939
0.46,938
0.46,937
0.46,936
0.46,935
