0.03,1220
0.09,1219
0.09,1218
0.10,1217
0.10,1216
0.10,1215
0.11,1214
0.11,1213
0.12,1212
0.12,1211
0.12,1210
0.12,1209
0.13,1208
0.13,1207
0.13,1206
0.14,1205
0.14,1204
0.14,1203
0.14,1202
0.15,1201
0.15,1200
0.15,1199
0.15,1198
0.15,1197
0.16,1196
0.16,1195
0.16,1194
0.16,1193
0.16,1192
0.16,1191
0.17,1190
0.17,1189
0.17,1188
0.17,1187
0.17,1186
0.17,1185
0.18,1184
0.18,1183
0.18,1182
0.18,1181
0.18,1180
0.18,1179
0.19,1178
0.19,1177
0.19,1176
0.19,1175
0.19,1174
0.19,1173
0.20,1172
0.20,1171
0.20,1170
0.20,1169
0.20,1168
0.20,1167
0.21,1166
0.21,1165
0.21,1164
0.21,1163
0.21,1162
0.22,1161
0.22,1160
0.22,1159
0.22,1158
0.22,1157
0.23,1156
0.23,1155
0.23,1154
0.23,1153
0.23,1152
0.23,1151
0.24,1150
0.24,1149
0.24,1148
0.24,1147
0.24,1146
0.24,1145
0.24,1144
0.25,1143
0.25,1142
0.25,1141
0.25,1140
0.25,1139
0.25,1138
0.25,1137
0.26,1136
0.26,1135
0.26,1134
0.26,1133
0.26,1132
0.26,1131
0.26,1130
0.27,1129
0.27,1128
0.27,1127
0.27,1126
0.27,1125
0.27,1124
0.27,1123
0.27,1122
0.28,1121
0.28,1120
0.28,1119
0.28,1118
0.28,1117
0.28,1116
0.28,1115
0.28,1114
0.29,1113
0.29,1112
0.29,1111
0.29,1110
0.29,1109
0.29,1108
0.29,1107
0.29,1106
0.29,1105
0.30,1104
0.30,1103
0.30,1102
0.30,1101
0.30,1100
0.30,1099
0.30,1098
0.30,1097
0.30,1096
0.31,1095
0.31,1094
0.31,1093
0.31,1092
0.31,1091
0.31,1090
0.31,1089
0.31,1088
0.32,1087
0.32,1086
0.32,1085
0.32,1084
0.32,1083
0.32,1082
0.32,1081
0.32,1080
0.33,1079
0.33,1078
0.33,1077
0.33,1076
0.33,1075
0.33,1074
0.33,1073
0.33,1072
0.33,1071
0.34,1070
0.34,1069
0.34,1068
0.34,1067
0.34,1066
0.34,1065
0.34,1064
0.35,1063
0.35,1062
0.35,1061
0.35,1060
0.35,1059
0.35,1058
0.35,1057
0.35,1056
0.36,1055
0.36,1054
0.36,1053
0.36,1052
0.36,1051
0.36,1050
0.36,1049
0.36,1048
0.36,1047
0.37,1046
0.37,1045
0.37,1044
0.37,1043
0.37,1042
0.37,1041
0.37,1040
0.37,1039
0.37,1038
0.37,1037
0.38,1036
0.38,1035
0.38,1034
0.38,1033
0.38,1032
0.38,1031
0.38,1030
0.38,1029
0.38,1028
0.39,1027
0.39,1026
0.39,1025
0.39,1024
0.39,1023
0.39,1022
0.39,1021
0.39,1020
0.39,1019
0.40,1018
0.40,1017
0.40,1016
0.40,1015
0.40,1014
0.40,1013
0.40,1012
0.40,1011
0.40,1010
0.40,1009
0.41,1008
0.41,1007
0.41,1006
0.41,1005
0.41,1004
0.41,1003
0.41,1002
0.41,1001
0.41,1000
0.41,999
0.41,998
0.42,997
0.42,996
0.42,995
0.42,994
0.42,993
0.42,992
0.42,991
0.42,990
0.42,989
0.42,988
0.42,987
0.42,986
0.43,985
0.43,984
0.43,983
0.43,982
0.43,981
0.43,980
0.43,979
0.43,978
0.43,977
0.43,976
0.43,975
0.43,974
0.43,973
0.44,972
0.44,971
0.44,970
0.44,969
0.44,968
0.44,967
0.44,966
0.44,965
0.44,964
0.44,963
0.44,962
0.44,961
0.44,960
0.45,959
0.45,958
0.45,957
0.45,956
0.45,955
0.45,954
0.45,953
0.45,952
0.45,951
0.45,950
0.45,949
0.45,948
0.45,947
0.45,946
0.46,945
0.46,944
0.46,943
0.46,942
0.46,941
0.46,940
0.46,939
0.46,938
0.46,937
0.46,936
0.46,935
0.46,934
0.46,933
0.46,932
0.46,931
0.47,930
