0.10,3638
0.17,3637
0.18,3636
0.19,3635
0.20,3634
0.20,3633
0.21,3632
0.22,3631
0.23,3630
0.23,3629
0.24,3628
0.25,3627
0.25,3626
0.26,3625
0.27,3624
0.27,3623
0.28,3622
0.29,3621
0.29,3620
0.30,3619
0.31,3618
0.31,3617
0.32,3616
0.32,3615
0.33,3614
0.34,3613
0.34,3612
0.35,3611
0.35,3610
0.36,3609
0.37,3608
0.37,3607
0.38,3606
0.38,3605
0.39,3604
0.39,3603
0.40,3602
0.40,3601
0.41,3600
0.41,3599
0.42,3598
0.42,3597
0.43,3596
0.43,3595
0.44,3594
0.44,3593
0.45,3592
0.45,3591
0.45,3590
0.45,3589
0.45,3588
0.46,3587
0.46,3586
0.46,3585
0.46,3584
0.47,3583
0.47,3582
0.47,3581
0.48,3580
0.48,3579
0.48,3578
0.48,3577
0.48,3576
0.49,3575
0.49,3574
0.49,3573
0.49,3572
0.50,3571
0.50,3570
0.50,3569
0.50,3568
0.51,3567
0.51,3566
0.51,3565
0.51,3564
0.51,3563
0.52,3562
0.52,3561
0.52,3560
0.52,3559
0.53,3558
0.53,3557
0.53,3556
0.53,3555
0.53,3554
0.54,3553
0.54,3552
0.54,3551
0.54,3550
0.55,3549
0.55,3548
0.55,3547
0.55,3546
0.56,3545
0.56,3544
0.56,3543
0.56,3542
0.56,3541
0.57,3540
0.57,3539
0.57,3538
0.57,3537
0.58,3536
0.58,3535
0.58,3534
0.58,3533
0.59,3532
0.59,3531
0.59,3530
0.59,3529
0.59,3528
0.60,3527
0.60,3526
0.60,3525
0.60,3524
0.61,3523
0.61,3522
0.61,3521
0.61,3520
0.62,3519
0.62,3518
0.62,3517
0.62,3516
0.63,3515
0.63,3514
0.63,3513
0.63,3512
0.63,3511
0.64,3510
0.64,3509
0.64,3508
0.65,3507
0.65,3506
0.65,3505
0.65,3504
0.65,3503
0.66,3502
0.66,3501
0.66,3500
0.66,3499
0.66,3498
0.67,3497
0.67,3496
0.67,3495
0.67,3494
0.67,3493
0.68,3492
0.68,3491
0.68,3490
0.68,3489
0.69,3488
0.69,3487
0.69,3486
0.69,3485
0.69,3484
0.70,3483
0.70,3482
0.70,3481
0.70,3480
0.70,3479
0.71,3478
0.71,3477
0.71,3476
0.71,3475
0.72,3474
0.72,3473
0.72,3472
0.72,3471
0.72,3470
0.73,3469
0.73,3468
0.73,3467
0.73,3466
0.73,3465
0.74,3464
0.74,3463
0.74,3462
0.74,3461
0.75,3460
0.75,3459
0.75,3458
0.75,3457
0.75,3456
0.76,3455
0.76,3454
0.76,3453
0.76,3452
0.77,3451
0.77,3450
0.77,3449
0.77,3448
0.77,3447
0.78,3446
0.78,3445
0.78,3444
0.78,3443
0.79,3442
0.79,3441
0.79,3440
0.79,3439
0.79,3438
0.80,3437
0.80,3436
0.80,3435
0.80,3434
0.80,3433
0.81,3432
0.81,3431
0.81,3430
0.81,3429
0.82,3428
0.82,3427
0.82,3426
0.82,3425
0.83,3424
0.83,3423
0.83,3422
0.83,3421
0.84,3420
0.84,3419
0.84,3418
0.84,3417
0.84,3416
0.85,3415
0.85,3414
0.85,3413
0.85,3412
0.86,3411
0.86,3410
0.86,3409
0.86,3408
0.86,3407
0.87,3406
0.87,3405
0.87,3404
0.87,3403
0.87,3402
0.88,3401
0.88,3400
0.88,3399
0.88,3398
0.89,3397
0.89,3396
0.89,3395
0.89,3394
0.89,3393
0.90,3392
0.90,3391
0.90,3390
0.90,3389
0.91,3388
0.91,3387
0.91,3386
0.91,3385
0.92,3384
0.92,3383
0.92,3382
0.92,3381
0.92,3380
0.93,3379
0.93,3378
0.93,3377
0.93,3376
0.94,3375
0.94,3374
0.94,3373
0.94,3372
0.95,3371
0.95,3370
0.95,3369
0.95,3368
0.96,3367
0.96,3366
0.96,3365
0.96,3364
0.96,3363
0.97,3362
0.97,3361
0.97,3360
0.97,3359
0.98,3358
0.98,3357
0.98,3356
0.98,3355
0.98,3354
0.99,3353
0.99,3352
0.99,3351
0.99,3350
1.00,3349
1.00,3348
1.00,3347
1.00,3346
1.01,3345
1.01,3344
1.01,3343
1.01,3342
1.02,3341
1.02,3340
1.02,3339
1.02,3338
1.03,3337
1.03,3336
1.03,3335
1.03,3334
1.04,3333
1.04,3332
1.04,3331
1.04,3330
1.04,3329
1.05,3328
1.05,3327
1.05,3326
1.05,3325
1.05,3324
1.06,3323
1.06,3322
1.06,3321
1.06,3320
1.07,3319
1.07,3318
1.07,3317
1.07,3316
1.07,3315
1.08,3314
1.08,3313
1.08,3312
1.08,3311
1.08,3310
1.09,3309
1.09,3308
1.09,3307
1.09,3306
1.09,3305
1.10,3304
1.10,3303
1.10,3302
1.10,3301
1.10,3300
1.11,3299
1.11,3298
1.11,3297
1.11,3296
1.12,3295
1.12,3294
1.12,3293
1.12,3292
1.12,3291
1.13,3290
1.13,3289
1.13,3288
1.13,3287
1.13,3286
1.14,3285
1.14,3284
1.14,3283
1.14,3282
1.15,3281
1.15,3280
1.15,3279
1.15,3278
1.15,3277
1.16,3276
1.16,3275
1.16,3274
1.16,3273
1.16,3272
1.17,3271
1.17,3270
1.17,3269
1.17,3268
1.17,3267
1.18,3266
1.18,3265
1.18,3264
1.18,3263
1.19,3262
1.19,3261
1.19,3260
1.19,3259
1.19,3258
1.20,3257
1.20,3256
1.20,3255
1.20,3254
1.21,3253
1.21,3252
1.21,3251
1.21,3250
1.22,3249
1.22,3248
1.22,3247
1.22,3246
1.23,3245
1.23,3244
1.23,3243
1.23,3242
1.23,3241
1.24,3240
1.24,3239
1.24,3238
1.24,3237
1.24,3236
1.25,3235
1.25,3234
1.25,3233
1.25,3232
1.26,3231
1.26,3230
1.26,3229
1.26,3228
1.27,3227
1.27,3226
1.27,3225
1.27,3224
1.27,3223
1.28,3222
1.28,3221
1.28,3220
1.28,3219
1.28,3218
1.29,3217
1.29,3216
1.29,3215
1.29,3214
1.29,3213
1.30,3212
1.30,3211
1.30,3210
1.30,3209
1.31,3208
1.31,3207
1.31,3206
1.31,3205
1.32,3204
1.32,3203
1.32,3202
1.32,3201
1.32,3200
1.33,3199
1.33,3198
1.33,3197
1.33,3196
1.34,3195
1.34,3194
1.34,3193
1.34,3192
1.35,3191
1.35,3190
1.35,3189
1.35,3188
1.35,3187
1.36,3186
1.36,3185
1.36,3184
1.36,3183
1.36,3182
1.37,3181
1.37,3180
1.37,3179
1.37,3178
1.37,3177
1.38,3176
1.38,3175
1.38,3174
1.38,3173
1.39,3172
1.39,3171
1.39,3170
1.39,3169
1.40,3168
1.40,3167
1.40,3166
1.40,3165
1.40,3164
1.41,3163
1.41,3162
1.41,3161
1.41,3160
1.41,3159
1.42,3158
1.42,3157
1.42,3156
1.42,3155
1.43,3154
1.43,3153
1.43,3152
1.43,3151
1.43,3150
1.44,3149
1.44,3148
1.44,3147
1.44,3146
1.45,3145
1.45,3144
1.45,3143
1.45,3142
1.45,3141
1.46,3140
1.46,3139
1.46,3138
1.46,3137
1.46,3136
1.47,3135
1.47,3134
1.47,3133
1.47,3132
1.47,3131
1.48,3130
1.48,3129
1.48,3128
1.48,3127
1.48,3126
1.49,3125
1.49,3124
1.49,3123
1.49,3122
1.50,3121
1.50,3120
1.50,3119
1.50,3118
1.50,3117
1.51,3116
1.51,3115
1.51,3114
1.51,3113
1.51,3112
1.52,3111
1.52,3110
1.52,3109
1.52,3108
1.53,3107
1.53,3106
1.53,3105
1.54,3104
1.54,3103
1.54,3102
1.54,3101
1.54,3100
1.55,3099
1.55,3098
1.55,3097
1.55,3096
1.55,3095
1.56,3094
1.56,3093
1.56,3092
1.56,3091
1.56,3090
1.57,3089
1.57,3088
1.57,3087
1.57,3086
1.57,3085
1.58,3084
1.58,3083
1.58,3082
1.58,3081
1.59,3080
1.59,3079
1.59,3078
1.59,3077
1.60,3076
1.60,3075
1.60,3074
1.60,3073
1.61,3072
1.61,3071
1.61,3070
1.61,3069
1.61,3068
1.62,3067
1.62,3066
1.62,3065
1.62,3064
1.63,3063
1.63,3062
1.63,3061
1.63,3060
1.64,3059
1.64,3058
1.64,3057
1.64,3056
1.65,3055
1.65,3054
1.65,3053
1.65,3052
1.66,3051
1.66,3050
1.66,3049
1.66,3048
1.67,3047
1.67,3046
1.67,3045
1.67,3044
1.68,3043
1.68,3042
1.68,3041
1.68,3040
1.69,3039
1.69,3038
1.69,3037
1.70,3036
1.70,3035
1.70,3034
1.70,3033
1.70,3032
1.71,3031
1.71,3030
1.71,3029
1.71,3028
1.72,3027
1.72,3026
1.72,3025
1.72,3024
1.73,3023
1.73,3022
1.73,3021
1.73,3020
1.74,3019
1.74,3018
1.74,3017
1.74,3016
1.75,3015
1.75,3014
1.75,3013
1.75,3012
1.75,3011
1.76,3010
1.76,3009
1.76,3008
1.77,3007
1.77,3006
1.77,3005
1.77,3004
1.77,3003
1.78,3002
1.78,3001
1.78,3000
1.79,2999
1.79,2998
1.79,2997
1.80,2996
1.80,2995
1.80,2994
1.80,2993
1.81,2992
1.81,2991
1.81,2990
1.81,2989
1.81,2988
1.82,2987
1.82,2986
1.82,2985
1.82,2984
1.82,2983
1.83,2982
1.83,2981
1.83,2980
1.83,2979
1.83,2978
1.84,2977
1.84,2976
1.84,2975
1.84,2974
1.84,2973
1.85,2972
1.85,2971
1.85,2970
1.85,2969
1.85,2968
1.86,2967
1.86,2966
1.86,2965
1.86,2964
1.86,2963
1.87,2962
1.87,2961
1.87,2960
1.87,2959
1.87,2958
1.88,2957
1.88,2956
1.88,2955
1.88,2954
1.88,2953
1.89,2952
1.89,2951
1.89,2950
1.89,2949
1.89,2948
1.90,2947
1.90,2946
1.90,2945
1.90,2944
1.90,2943
1.91,2942
1.91,2941
1.91,2940
1.91,2939
1.91,2938
1.92,2937
1.92,2936
1.92,2935
1.92,2934
1.92,2933
1.93,2932
1.93,2931
1.93,2930
1.93,2929
1.93,2928
1.94,2927
1.94,2926
1.94,2925
1.94,2924
1.94,2923
1.95,2922
1.95,2921
1.95,2920
1.95,2919
1.95,2918
1.96,2917
1.96,2916
1.96,2915
1.96,2914
1.97,2913
1.97,2912
1.97,2911
1.97,2910
1.97,2909
1.98,2908
1.98,2907
1.98,2906
1.98,2905
1.98,2904
1.99,2903
1.99,2902
1.99,2901
1.99,2900
1.99,2899
2.00,2898
2.00,2897
2.00,2896
2.00,2895
2.00,2894
2.01,2893
2.01,2892
2.01,2891
2.01,2890
2.01,2889
2.02,2888
2.02,2887
2.02,2886
2.02,2885
2.02,2884
2.03,2883
2.03,2882
2.03,2881
2.03,2880
2.04,2879
2.04,2878
2.04,2877
2.04,2876
2.04,2875
2.05,2874
2.05,2873
2.05,2872
2.05,2871
2.05,2870
2.05,2869
2.06,2868
2.06,2867
2.06,2866
2.06,2865
2.07,2864
2.07,2863
2.07,2862
2.07,2861
2.07,2860
2.08,2859
2.08,2858
2.08,2857
2.08,2856
2.08,2855
2.08,2854
2.09,2853
2.09,2852
2.09,2851
2.09,2850
2.10,2849
2.10,2848
2.10,2847
2.10,2846
2.10,2845
2.11,2844
2.11,2843
2.11,2842
2.11,2841
2.11,2840
2.12,2839
2.12,2838
2.12,2837
2.12,2836
2.12,2835
2.13,2834
2.13,2833
2.13,2832
2.13,2831
2.13,2830
2.14,2829
2.14,2828
2.14,2827
2.14,2826
2.14,2825
2.15,2824
2.15,2823
2.15,2822
2.15,2821
2.15,2820
2.16,2819
2.16,2818
2.16,2817
2.16,2816
2.16,2815
2.17,2814
2.17,2813
2.17,2812
2.17,2811
2.18,2810
2.18,2809
2.18,2808
2.18,2807
2.18,2806
2.19,2805
2.19,2804
2.19,2803
2.19,2802
2.19,2801
2.20,2800
2.20,2799
2.20,2798
2.20,2797
2.20,2796
2.21,2795
2.21,2794
2.21,2793
2.21,2792
2.21,2791
2.22,2790
2.22,2789
2.22,2788
2.22,2787
2.22,2786
2.23,2785
2.23,2784
2.23,2783
2.23,2782
2.23,2781
2.24,2780
2.24,2779
2.24,2778
2.24,2777
2.24,2776
2.25,2775
2.25,2774
2.25,2773
2.25,2772
2.25,2771
2.26,2770
2.26,2769
2.26,2768
2.26,2767
2.26,2766
2.27,2765
2.27,2764
2.27,2763
2.27,2762
2.28,2761
2.28,2760
2.28,2759
2.28,2758
2.28,2757
2.29,2756
2.29,2755
2.29,2754
2.29,2753
2.29,2752
2.30,2751
2.30,2750
2.30,2749
2.30,2748
2.30,2747
2.31,2746
2.31,2745
2.31,2744
2.31,2743
2.31,2742
2.32,2741
2.32,2740
2.32,2739
2.32,2738
2.32,2737
2.33,2736
2.33,2735
2.33,2734
2.33,2733
2.34,2732
2.34,2731
2.34,2730
2.34,2729
2.34,2728
2.35,2727
2.35,2726
2.35,2725
2.35,2724
2.35,2723
2.36,2722
2.36,2721
2.36,2720
2.36,2719
2.36,2718
2.37,2717
2.37,2716
2.37,2715
2.37,2714
2.37,2713
2.37,2712
2.38,2711
2.38,2710
2.38,2709
2.38,2708
2.38,2707
2.39,2706
2.39,2705
2.39,2704
2.39,2703
2.39,2702
2.40,2701
2.40,2700
2.40,2699
2.40,2698
2.40,2697
2.41,2696
2.41,2695
2.41,2694
2.41,2693
2.41,2692
2.42,2691
2.42,2690
2.42,2689
2.42,2688
2.42,2687
2.43,2686
2.43,2685
2.43,2684
2.43,2683
2.43,2682
2.44,2681
2.44,2680
2.44,2679
2.44,2678
2.44,2677
2.45,2676
2.45,2675
2.45,2674
2.45,2673
2.45,2672
2.46,2671
2.46,2670
2.46,2669
2.46,2668
2.46,2667
2.47,2666
2.47,2665
2.47,2664
2.47,2663
2.47,2662
2.48,2661
2.48,2660
2.48,2659
2.48,2658
2.48,2657
2.48,2656
2.49,2655
2.49,2654
2.49,2653
2.49,2652
2.50,2651
2.50,2650
2.50,2649
2.50,2648
2.50,2647
2.50,2646
2.51,2645
2.51,2644
2.51,2643
2.51,2642
2.51,2641
2.52,2640
2.52,2639
2.52,2638
2.52,2637
2.52,2636
2.53,2635
2.53,2634
2.53,2633
2.53,2632
2.53,2631
2.54,2630
2.54,2629
2.54,2628
2.54,2627
2.55,2626
2.55,2625
2.55,2624
2.55,2623
2.55,2622
2.56,2621
2.56,2620
2.56,2619
2.56,2618
2.56,2617
2.57,2616
2.57,2615
2.57,2614
2.57,2613
2.57,2612
2.58,2611
2.58,2610
2.58,2609
2.58,2608
2.58,2607
2.59,2606
2.59,2605
2.59,2604
2.59,2603
2.59,2602
2.60,2601
2.60,2600
2.60,2599
2.60,2598
2.60,2597
2.61,2596
2.61,2595
2.61,2594
2.61,2593
2.61,2592
2.62,2591
2.62,2590
2.62,2589
2.62,2588
2.62,2587
2.63,2586
2.63,2585
2.63,2584
2.63,2583
2.64,2582
2.64,2581
2.64,2580
2.64,2579
2.64,2578
2.65,2577
2.65,2576
2.65,2575
2.65,2574
2.65,2573
2.65,2572
2.66,2571
2.66,2570
2.66,2569
2.66,2568
2.66,2567
2.67,2566
2.67,2565
2.67,2564
2.67,2563
2.67,2562
2.68,2561
2.68,2560
2.68,2559
2.68,2558
2.68,2557
2.69,2556
2.69,2555
2.69,2554
2.69,2553
2.69,2552
2.69,2551
2.70,2550
2.70,2549
2.70,2548
2.70,2547
2.70,2546
2.71,2545
2.71,2544
2.71,2543
2.71,2542
2.71,2541
2.72,2540
2.72,2539
2.72,2538
2.72,2537
2.72,2536
2.73,2535
2.73,2534
2.73,2533
2.73,2532
2.73,2531
2.74,2530
2.74,2529
2.74,2528
2.74,2527
2.74,2526
2.75,2525
2.75,2524
2.75,2523
2.75,2522
2.75,2521
2.75,2520
2.76,2519
2.76,2518
2.76,2517
2.76,2516
2.76,2515
2.77,2514
2.77,2513
2.77,2512
2.77,2511
2.77,2510
2.78,2509
2.78,2508
2.78,2507
2.78,2506
2.78,2505
2.78,2504
2.79,2503
2.79,2502
2.79,2501
2.79,2500
2.79,2499
2.80,2498
2.80,2497
2.80,2496
2.80,2495
2.80,2494
2.81,2493
2.81,2492
2.81,2491
2.81,2490
2.81,2489
2.82,2488
2.82,2487
2.82,2486
2.82,2485
2.82,2484
2.83,2483
2.83,2482
2.83,2481
2.83,2480
2.83,2479
2.84,2478
2.84,2477
2.84,2476
2.84,2475
2.84,2474
2.85,2473
2.85,2472
2.85,2471
2.85,2470
2.85,2469
2.85,2468
2.86,2467
2.86,2466
2.86,2465
2.86,2464
2.87,2463
2.87,2462
2.87,2461
2.87,2460
2.87,2459
2.87,2458
2.88,2457
2.88,2456
2.88,2455
2.88,2454
2.88,2453
2.89,2452
2.89,2451
2.89,2450
2.89,2449
2.89,2448
2.90,2447
2.90,2446
2.90,2445
2.90,2444
2.90,2443
2.91,2442
2.91,2441
2.91,2440
2.91,2439
2.91,2438
2.92,2437
2.92,2436
2.92,2435
2.92,2434
2.92,2433
2.93,2432
2.93,2431
2.93,2430
2.93,2429
2.93,2428
2.94,2427
2.94,2426
2.94,2425
2.94,2424
2.94,2423
2.95,2422
2.95,2421
2.95,2420
2.95,2419
2.95,2418
2.96,2417
2.96,2416
2.96,2415
2.96,2414
2.96,2413
2.97,2412
2.97,2411
2.97,2410
2.97,2409
2.97,2408
2.97,2407
2.98,2406
2.98,2405
2.98,2404
2.98,2403
2.98,2402
2.99,2401
2.99,2400
2.99,2399
2.99,2398
2.99,2397
3.00,2396
3.00,2395
3.00,2394
3.00,2393
3.00,2392
3.01,2391
3.01,2390
3.01,2389
3.01,2388
3.01,2387
3.02,2386
3.02,2385
3.02,2384
3.02,2383
3.02,2382
3.03,2381
3.03,2380
3.03,2379
3.03,2378
