0.10,3630
0.17,3629
0.18,3628
0.19,3627
0.20,3626
0.21,3625
0.22,3624
0.22,3623
0.23,3622
0.24,3621
0.24,3620
0.25,3619
0.25,3618
0.26,3617
0.26,3616
0.27,3615
0.28,3614
0.28,3613
0.29,3612
0.30,3611
0.30,3610
0.31,3609
0.31,3608
0.32,3607
0.33,3606
0.33,3605
0.34,3604
0.34,3603
0.35,3602
0.35,3601
0.36,3600
0.36,3599
0.37,3598
0.37,3597
0.38,3596
0.38,3595
0.39,3594
0.39,3593
0.40,3592
0.40,3591
0.41,3590
0.41,3589
0.41,3588
0.42,3587
0.42,3586
0.43,3585
0.43,3584
0.44,3583
0.44,3582
0.44,3581
0.44,3580
0.45,3579
0.45,3578
0.45,3577
0.45,3576
0.46,3575
0.46,3574
0.46,3573
0.46,3572
0.47,3571
0.47,3570
0.47,3569
0.47,3568
0.48,3567
0.48,3566
0.48,3565
0.48,3564
0.49,3563
0.49,3562
0.49,3561
0.49,3560
0.49,3559
0.50,3558
0.50,3557
0.50,3556
0.50,3555
0.51,3554
0.51,3553
0.51,3552
0.51,3551
0.51,3550
0.52,3549
0.52,3548
0.52,3547
0.52,3546
0.53,3545
0.53,3544
0.53,3543
0.53,3542
0.53,3541
0.54,3540
0.54,3539
0.54,3538
0.54,3537
0.54,3536
0.55,3535
0.55,3534
0.55,3533
0.55,3532
0.56,3531
0.56,3530
0.56,3529
0.56,3528
0.56,3527
0.57,3526
0.57,3525
0.57,3524
0.57,3523
0.58,3522
0.58,3521
0.58,3520
0.58,3519
0.58,3518
0.59,3517
0.59,3516
0.59,3515
0.59,3514
0.59,3513
0.60,3512
0.60,3511
0.60,3510
0.60,3509
0.61,3508
0.61,3507
0.61,3506
0.61,3505
0.61,3504
0.62,3503
0.62,3502
0.62,3501
0.63,3500
0.63,3499
0.63,3498
0.63,3497
0.63,3496
0.64,3495
0.64,3494
0.64,3493
0.64,3492
0.65,3491
0.65,3490
0.65,3489
0.65,3488
0.65,3487
0.66,3486
0.66,3485
0.66,3484
0.66,3483
0.66,3482
0.67,3481
0.67,3480
0.67,3479
0.67,3478
0.67,3477
0.68,3476
0.68,3475
0.68,3474
0.68,3473
0.68,3472
0.69,3471
0.69,3470
0.69,3469
0.69,3468
0.69,3467
0.70,3466
0.70,3465
0.70,3464
0.70,3463
0.71,3462
0.71,3461
0.71,3460
0.71,3459
0.71,3458
0.72,3457
0.72,3456
0.72,3455
0.72,3454
0.72,3453
0.73,3452
0.73,3451
0.73,3450
0.73,3449
0.74,3448
0.74,3447
0.74,3446
0.74,3445
0.74,3444
0.74,3443
0.75,3442
0.75,3441
0.75,3440
0.75,3439
0.76,3438
0.76,3437
0.76,3436
0.76,3435
0.76,3434
0.77,3433
0.77,3432
0.77,3431
0.77,3430
0.77,3429
0.78,3428
0.78,3427
0.78,3426
0.78,3425
0.78,3424
0.79,3423
0.79,3422
0.79,3421
0.79,3420
0.79,3419
0.80,3418
0.80,3417
0.80,3416
0.81,3415
0.81,3414
0.81,3413
0.81,3412
0.81,3411
0.82,3410
0.82,3409
0.82,3408
0.82,3407
0.82,3406
0.83,3405
0.83,3404
0.83,3403
0.83,3402
0.84,3401
0.84,3400
0.84,3399
0.84,3398
0.85,3397
0.85,3396
0.85,3395
0.85,3394
0.85,3393
0.86,3392
0.86,3391
0.86,3390
0.86,3389
0.86,3388
0.87,3387
0.87,3386
0.87,3385
0.87,3384
0.88,3383
0.88,3382
0.88,3381
0.88,3380
0.89,3379
0.89,3378
0.89,3377
0.89,3376
0.90,3375
0.90,3374
0.90,3373
0.90,3372
0.90,3371
0.91,3370
0.91,3369
0.91,3368
0.91,3367
0.91,3366
0.92,3365
0.92,3364
0.92,3363
0.92,3362
0.92,3361
0.93,3360
0.93,3359
0.93,3358
0.93,3357
0.93,3356
0.94,3355
0.94,3354
0.94,3353
0.94,3352
0.94,3351
0.95,3350
0.95,3349
0.95,3348
0.96,3347
0.96,3346
0.96,3345
0.96,3344
0.96,3343
0.97,3342
0.97,3341
0.97,3340
0.97,3339
0.97,3338
0.98,3337
0.98,3336
0.98,3335
0.98,3334
0.99,3333
0.99,3332
0.99,3331
0.99,3330
1.00,3329
1.00,3328
1.00,3327
1.00,3326
1.00,3325
1.01,3324
1.01,3323
1.01,3322
1.01,3321
1.01,3320
1.01,3319
1.02,3318
1.02,3317
1.02,3316
1.02,3315
1.03,3314
1.03,3313
1.03,3312
1.03,3311
1.03,3310
1.04,3309
1.04,3308
1.04,3307
1.04,3306
1.04,3305
1.05,3304
1.05,3303
1.05,3302
1.05,3301
1.05,3300
1.06,3299
1.06,3298
1.06,3297
1.06,3296
1.06,3295
1.07,3294
1.07,3293
1.07,3292
1.07,3291
1.07,3290
1.08,3289
1.08,3288
1.08,3287
1.08,3286
1.08,3285
1.09,3284
1.09,3283
1.09,3282
1.09,3281
1.09,3280
1.10,3279
1.10,3278
1.10,3277
1.10,3276
1.10,3275
1.11,3274
1.11,3273
1.11,3272
1.11,3271
1.11,3270
1.12,3269
1.12,3268
1.12,3267
1.12,3266
1.12,3265
1.13,3264
1.13,3263
1.13,3262
1.13,3261
1.13,3260
1.14,3259
1.14,3258
1.14,3257
1.14,3256
1.14,3255
1.15,3254
1.15,3253
1.15,3252
1.15,3251
1.15,3250
1.16,3249
1.16,3248
1.16,3247
1.16,3246
1.16,3245
1.17,3244
1.17,3243
1.17,3242
1.17,3241
1.18,3240
1.18,3239
1.18,3238
1.18,3237
1.19,3236
1.19,3235
1.19,3234
1.19,3233
1.19,3232
1.20,3231
1.20,3230
1.20,3229
1.20,3228
1.21,3227
1.21,3226
1.21,3225
1.21,3224
1.22,3223
1.22,3222
1.22,3221
1.22,3220
1.23,3219
1.23,3218
1.23,3217
1.24,3216
1.24,3215
1.24,3214
1.24,3213
1.24,3212
1.25,3211
1.25,3210
1.25,3209
1.25,3208
1.26,3207
1.26,3206
1.26,3205
1.26,3204
1.27,3203
1.27,3202
1.27,3201
1.27,3200
1.28,3199
1.28,3198
1.28,3197
1.28,3196
1.29,3195
1.29,3194
1.29,3193
1.29,3192
1.30,3191
1.30,3190
1.30,3189
1.30,3188
1.31,3187
1.31,3186
1.31,3185
1.31,3184
1.32,3183
1.32,3182
1.32,3181
1.32,3180
1.32,3179
1.33,3178
1.33,3177
1.33,3176
1.34,3175
1.34,3174
1.34,3173
1.34,3172
1.35,3171
1.35,3170
1.35,3169
1.35,3168
1.36,3167
1.36,3166
1.36,3165
1.37,3164
1.37,3163
1.37,3162
1.37,3161
1.37,3160
1.37,3159
1.38,3158
1.38,3157
1.38,3156
1.38,3155
1.39,3154
1.39,3153
1.39,3152
1.39,3151
1.39,3150
1.40,3149
1.40,3148
1.40,3147
1.40,3146
1.40,3145
1.41,3144
1.41,3143
1.41,3142
1.41,3141
1.41,3140
1.42,3139
1.42,3138
1.42,3137
1.42,3136
1.42,3135
1.43,3134
1.43,3133
1.43,3132
1.43,3131
1.43,3130
1.44,3129
1.44,3128
1.44,3127
1.44,3126
1.44,3125
1.45,3124
1.45,3123
1.45,3122
1.45,3121
1.45,3120
1.46,3119
1.46,3118
1.46,3117
1.46,3116
1.46,3115
1.47,3114
1.47,3113
1.47,3112
1.47,3111
1.47,3110
1.48,3109
1.48,3108
1.48,3107
1.48,3106
1.48,3105
1.49,3104
1.49,3103
1.49,3102
1.49,3101
1.49,3100
1.50,3099
1.50,3098
1.51,3097
1.51,3096
1.51,3095
1.51,3094
1.51,3093
1.52,3092
1.52,3091
1.52,3090
1.52,3089
1.52,3088
1.53,3087
1.53,3086
1.53,3085
1.53,3084
1.54,3083
1.54,3082
1.54,3081
1.54,3080
1.54,3079
1.55,3078
1.55,3077
1.55,3076
1.55,3075
1.55,3074
1.56,3073
1.56,3072
1.56,3071
1.56,3070
1.56,3069
1.57,3068
1.57,3067
1.57,3066
1.57,3065
1.57,3064
1.58,3063
1.58,3062
1.58,3061
1.58,3060
1.58,3059
1.59,3058
1.59,3057
1.59,3056
1.59,3055
1.60,3054
1.60,3053
1.60,3052
1.60,3051
1.60,3050
1.61,3049
1.61,3048
1.61,3047
1.61,3046
1.61,3045
1.62,3044
1.62,3043
1.62,3042
1.62,3041
1.62,3040
1.63,3039
1.63,3038
1.63,3037
1.63,3036
1.64,3035
1.64,3034
1.64,3033
1.64,3032
1.64,3031
1.65,3030
1.65,3029
1.65,3028
1.65,3027
1.65,3026
1.66,3025
1.66,3024
1.66,3023
1.66,3022
1.66,3021
1.67,3020
1.67,3019
1.67,3018
1.67,3017
1.67,3016
1.68,3015
1.68,3014
1.68,3013
1.68,3012
1.68,3011
1.69,3010
1.69,3009
1.69,3008
1.69,3007
1.69,3006
1.70,3005
1.70,3004
1.70,3003
1.70,3002
1.70,3001
1.71,3000
1.71,2999
1.71,2998
1.71,2997
1.71,2996
1.71,2995
1.72,2994
1.72,2993
1.72,2992
1.73,2991
1.73,2990
1.73,2989
1.73,2988
1.73,2987
1.74,2986
1.74,2985
1.74,2984
1.74,2983
1.74,2982
1.75,2981
1.75,2980
1.75,2979
1.75,2978
1.75,2977
1.76,2976
1.76,2975
1.76,2974
1.76,2973
1.76,2972
1.77,2971
1.77,2970
1.77,2969
1.77,2968
1.77,2967
1.78,2966
1.78,2965
1.78,2964
1.78,2963
1.78,2962
1.79,2961
1.79,2960
1.79,2959
1.79,2958
1.79,2957
1.80,2956
1.80,2955
1.80,2954
1.80,2953
1.80,2952
1.81,2951
1.81,2950
1.81,2949
1.81,2948
1.81,2947
1.82,2946
1.82,2945
1.82,2944
1.83,2943
1.83,2942
1.83,2941
1.83,2940
1.83,2939
1.84,2938
1.84,2937
1.84,2936
1.84,2935
1.84,2934
1.84,2933
1.85,2932
1.85,2931
1.85,2930
1.85,2929
1.85,2928
1.86,2927
1.86,2926
1.86,2925
1.86,2924
1.86,2923
1.87,2922
1.87,2921
1.87,2920
1.87,2919
1.87,2918
1.88,2917
1.88,2916
1.88,2915
1.88,2914
1.88,2913
1.89,2912
1.89,2911
1.89,2910
1.89,2909
1.89,2908
1.90,2907
1.90,2906
1.90,2905
1.90,2904
1.90,2903
1.91,2902
1.91,2901
1.91,2900
1.91,2899
1.91,2898
1.92,2897
1.92,2896
1.92,2895
1.92,2894
1.93,2893
1.93,2892
1.93,2891
1.93,2890
1.93,2889
1.93,2888
1.94,2887
1.94,2886
1.94,2885
1.94,2884
1.94,2883
1.95,2882
1.95,2881
1.95,2880
1.95,2879
1.95,2878
1.96,2877
1.96,2876
1.96,2875
1.96,2874
1.96,2873
1.97,2872
1.97,2871
1.97,2870
1.97,2869
1.97,2868
1.98,2867
1.98,2866
1.98,2865
1.98,2864
1.99,2863
1.99,2862
1.99,2861
1.99,2860
1.99,2859
2.00,2858
2.00,2857
2.00,2856
2.00,2855
2.00,2854
2.00,2853
2.01,2852
2.01,2851
2.01,2850
2.01,2849
2.01,2848
2.02,2847
2.02,2846
2.02,2845
2.02,2844
2.02,2843
2.03,2842
2.03,2841
2.03,2840
2.03,2839
2.03,2838
2.04,2837
2.04,2836
2.04,2835
2.04,2834
2.04,2833
2.05,2832
2.05,2831
2.05,2830
2.05,2829
2.05,2828
2.06,2827
2.06,2826
2.06,2825
2.06,2824
2.06,2823
2.07,2822
2.07,2821
2.07,2820
2.07,2819
2.07,2818
2.08,2817
2.08,2816
2.08,2815
2.08,2814
2.08,2813
2.09,2812
2.09,2811
2.09,2810
2.09,2809
2.09,2808
2.10,2807
2.10,2806
2.10,2805
2.10,2804
2.10,2803
2.11,2802
2.11,2801
2.11,2800
2.11,2799
2.12,2798
2.12,2797
2.12,2796
2.12,2795
2.12,2794
2.13,2793
2.13,2792
2.13,2791
2.13,2790
2.13,2789
2.14,2788
2.14,2787
2.14,2786
2.14,2785
2.15,2784
2.15,2783
2.15,2782
2.15,2781
2.15,2780
2.16,2779
2.16,2778
2.16,2777
2.17,2776
2.17,2775
2.17,2774
2.17,2773
2.17,2772
2.18,2771
2.18,2770
2.18,2769
2.18,2768
2.19,2767
2.19,2766
2.19,2765
2.19,2764
2.20,2763
2.20,2762
2.20,2761
2.20,2760
2.21,2759
2.21,2758
2.21,2757
2.21,2756
2.22,2755
2.22,2754
2.22,2753
2.22,2752
2.22,2751
2.23,2750
2.23,2749
2.23,2748
2.23,2747
2.24,2746
2.24,2745
2.24,2744
2.24,2743
2.25,2742
2.25,2741
2.25,2740
2.25,2739
2.25,2738
2.26,2737
2.26,2736
2.26,2735
2.26,2734
2.27,2733
2.27,2732
2.27,2731
2.27,2730
2.28,2729
2.28,2728
2.28,2727
2.28,2726
2.28,2725
2.29,2724
2.29,2723
2.29,2722
2.29,2721
2.30,2720
2.30,2719
2.30,2718
2.30,2717
2.31,2716
2.31,2715
2.31,2714
2.31,2713
2.31,2712
2.32,2711
2.32,2710
2.32,2709
2.32,2708
2.33,2707
2.33,2706
2.33,2705
2.33,2704
2.34,2703
2.34,2702
2.34,2701
2.34,2700
2.34,2699
2.35,2698
2.35,2697
2.35,2696
2.35,2695
2.36,2694
2.36,2693
2.36,2692
2.36,2691
2.37,2690
2.37,2689
2.37,2688
2.37,2687
2.38,2686
2.38,2685
2.38,2684
2.38,2683
2.39,2682
2.39,2681
2.39,2680
2.39,2679
2.39,2678
2.40,2677
2.40,2676
2.40,2675
2.40,2674
2.41,2673
2.41,2672
2.41,2671
2.41,2670
2.42,2669
2.42,2668
2.42,2667
2.42,2666
2.43,2665
2.43,2664
2.43,2663
2.43,2662
2.43,2661
2.44,2660
2.44,2659
2.44,2658
2.44,2657
2.45,2656
2.45,2655
2.45,2654
2.45,2653
2.46,2652
2.46,2651
2.46,2650
2.46,2649
2.46,2648
2.47,2647
2.47,2646
2.47,2645
2.48,2644
2.48,2643
2.48,2642
2.48,2641
2.48,2640
2.49,2639
2.49,2638
2.49,2637
2.49,2636
2.50,2635
2.50,2634
2.50,2633
2.50,2632
2.50,2631
2.51,2630
2.51,2629
2.51,2628
2.51,2627
2.52,2626
2.52,2625
2.52,2624
2.53,2623
2.53,2622
2.53,2621
2.54,2620
2.54,2619
2.54,2618
2.54,2617
2.54,2616
2.55,2615
2.55,2614
2.55,2613
2.55,2612
2.55,2611
2.56,2610
2.56,2609
2.56,2608
2.56,2607
2.57,2606
2.57,2605
2.57,2604
2.57,2603
2.57,2602
2.57,2601
2.58,2600
2.58,2599
2.58,2598
2.58,2597
2.58,2596
2.59,2595
2.59,2594
2.59,2593
2.59,2592
2.59,2591
2.60,2590
2.60,2589
2.60,2588
2.60,2587
2.60,2586
2.61,2585
2.61,2584
2.61,2583
2.61,2582
2.61,2581
2.62,2580
2.62,2579
2.62,2578
2.62,2577
2.62,2576
2.63,2575
2.63,2574
2.63,2573
2.63,2572
2.63,2571
2.64,2570
2.64,2569
2.64,2568
2.64,2567
2.64,2566
2.65,2565
2.65,2564
2.65,2563
2.65,2562
2.65,2561
2.66,2560
2.66,2559
2.66,2558
2.66,2557
2.66,2556
2.67,2555
2.67,2554
2.67,2553
2.67,2552
2.67,2551
2.68,2550
2.68,2549
2.68,2548
2.68,2547
2.68,2546
2.69,2545
2.69,2544
2.69,2543
2.69,2542
2.70,2541
2.70,2540
2.70,2539
2.70,2538
2.70,2537
2.71,2536
2.71,2535
2.71,2534
2.71,2533
2.71,2532
2.71,2531
2.72,2530
2.72,2529
2.72,2528
2.72,2527
2.73,2526
2.73,2525
2.73,2524
2.73,2523
2.73,2522
2.74,2521
2.74,2520
2.74,2519
2.74,2518
2.74,2517
2.74,2516
2.75,2515
2.75,2514
2.75,2513
2.75,2512
2.75,2511
2.76,2510
2.76,2509
2.76,2508
2.76,2507
2.76,2506
2.77,2505
2.77,2504
2.77,2503
2.77,2502
2.77,2501
2.78,2500
2.78,2499
2.78,2498
2.78,2497
2.78,2496
2.79,2495
2.79,2494
2.79,2493
2.79,2492
2.79,2491
2.80,2490
2.80,2489
2.80,2488
2.80,2487
2.80,2486
2.80,2485
2.81,2484
2.81,2483
2.81,2482
2.81,2481
2.81,2480
2.82,2479
2.82,2478
2.82,2477
2.82,2476
2.82,2475
2.83,2474
2.83,2473
2.83,2472
2.83,2471
2.83,2470
2.84,2469
2.84,2468
2.84,2467
2.84,2466
2.84,2465
2.84,2464
2.85,2463
2.85,2462
2.85,2461
2.86,2460
2.86,2459
2.86,2458
2.86,2457
2.86,2456
2.87,2455
2.87,2454
2.87,2453
2.87,2452
2.87,2451
2.87,2450
2.88,2449
2.88,2448
2.88,2447
2.88,2446
2.88,2445
2.89,2444
2.89,2443
2.89,2442
2.89,2441
2.89,2440
2.90,2439
2.90,2438
2.90,2437
2.90,2436
2.90,2435
2.91,2434
2.91,2433
2.91,2432
2.91,2431
2.91,2430
2.91,2429
2.92,2428
2.92,2427
2.92,2426
2.92,2425
2.92,2424
2.93,2423
2.93,2422
2.93,2421
2.93,2420
2.93,2419
2.94,2418
2.94,2417
2.94,2416
2.94,2415
2.94,2414
2.94,2413
2.95,2412
2.95,2411
2.95,2410
2.95,2409
2.96,2408
2.96,2407
2.96,2406
2.96,2405
2.96,2404
2.97,2403
2.97,2402
2.97,2401
2.97,2400
2.97,2399
2.97,2398
2.98,2397
2.98,2396
2.98,2395
2.98,2394
2.98,2393
2.99,2392
2.99,2391
2.99,2390
2.99,2389
2.99,2388
3.00,2387
3.00,2386
3.00,2385
3.00,2384
3.00,2383
3.01,2382
3.01,2381
3.01,2380
3.01,2379
3.01,2378
3.02,2377
3.02,2376
3.02,2375
3.02,2374
3.02,2373
3.03,2372
3.03,2371
3.03,2370
3.03,2369
3.04,2368
