0.10,3666
0.16,3665
0.17,3664
0.18,3663
0.19,3662
0.20,3661
0.21,3660
0.22,3659
0.22,3658
0.23,3657
0.23,3656
0.24,3655
0.24,3654
0.25,3653
0.25,3652
0.26,3651
0.27,3650
0.27,3649
0.28,3648
0.29,3647
0.29,3646
0.30,3645
0.30,3644
0.31,3643
0.31,3642
0.32,3641
0.32,3640
0.33,3639
0.34,3638
0.34,3637
0.35,3636
0.35,3635
0.36,3634
0.36,3633
0.37,3632
0.37,3631
0.38,3630
0.38,3629
0.38,3628
0.39,3627
0.39,3626
0.40,3625
0.40,3624
0.40,3623
0.41,3622
0.41,3621
0.42,3620
0.42,3619
0.42,3618
0.43,3617
0.43,3616
0.43,3615
0.43,3614
0.43,3613
0.44,3612
0.44,3611
0.44,3610
0.44,3609
0.45,3608
0.45,3607
0.45,3606
0.45,3605
0.45,3604
0.46,3603
0.46,3602
0.46,3601
0.46,3600
0.47,3599
0.47,3598
0.47,3597
0.47,3596
0.47,3595
0.48,3594
0.48,3593
0.48,3592
0.48,3591
0.48,3590
0.49,3589
0.49,3588
0.49,3587
0.49,3586
0.50,3585
0.50,3584
0.50,3583
0.50,3582
0.50,3581
0.51,3580
0.51,3579
0.51,3578
0.51,3577
0.52,3576
0.52,3575
0.52,3574
0.52,3573
0.52,3572
0.53,3571
0.53,3570
0.53,3569
0.53,3568
0.53,3567
0.54,3566
0.54,3565
0.54,3564
0.54,3563
0.55,3562
0.55,3561
0.55,3560
0.55,3559
0.55,3558
0.56,3557
0.56,3556
0.56,3555
0.56,3554
0.57,3553
0.57,3552
0.57,3551
0.57,3550
0.57,3549
0.58,3548
0.58,3547
0.58,3546
0.58,3545
0.59,3544
0.59,3543
0.59,3542
0.59,3541
0.59,3540
0.60,3539
0.60,3538
0.61,3537
0.61,3536
0.61,3535
0.61,3534
0.61,3533
0.62,3532
0.62,3531
0.62,3530
0.62,3529
0.62,3528
0.63,3527
0.63,3526
0.63,3525
0.63,3524
0.64,3523
0.64,3522
0.64,3521
0.64,3520
0.64,3519
0.65,3518
0.65,3517
0.65,3516
0.65,3515
0.66,3514
0.66,3513
0.66,3512
0.66,3511
0.66,3510
0.67,3509
0.67,3508
0.67,3507
0.67,3506
0.67,3505
0.68,3504
0.68,3503
0.68,3502
0.68,3501
0.69,3500
0.69,3499
0.69,3498
0.69,3497
0.69,3496
0.70,3495
0.70,3494
0.70,3493
0.70,3492
0.71,3491
0.71,3490
0.71,3489
0.71,3488
0.72,3487
0.72,3486
0.72,3485
0.72,3484
0.72,3483
0.73,3482
0.73,3481
0.73,3480
0.73,3479
0.74,3478
0.74,3477
0.74,3476
0.74,3475
0.74,3474
0.75,3473
0.75,3472
0.75,3471
0.75,3470
0.76,3469
0.76,3468
0.76,3467
0.76,3466
0.77,3465
0.77,3464
0.77,3463
0.77,3462
0.77,3461
0.78,3460
0.78,3459
0.78,3458
0.78,3457
0.78,3456
0.79,3455
0.79,3454
0.79,3453
0.80,3452
0.80,3451
0.80,3450
0.80,3449
0.81,3448
0.81,3447
0.81,3446
0.81,3445
0.81,3444
0.82,3443
0.82,3442
0.82,3441
0.82,3440
0.83,3439
0.83,3438
0.83,3437
0.83,3436
0.83,3435
0.84,3434
0.84,3433
0.84,3432
0.84,3431
0.85,3430
0.85,3429
0.85,3428
0.85,3427
0.86,3426
0.86,3425
0.86,3424
0.86,3423
0.87,3422
0.87,3421
0.87,3420
0.87,3419
0.88,3418
0.88,3417
0.88,3416
0.88,3415
0.89,3414
0.89,3413
0.89,3412
0.90,3411
0.90,3410
0.90,3409
0.90,3408
0.90,3407
0.91,3406
0.91,3405
0.91,3404
0.91,3403
0.92,3402
0.92,3401
0.92,3400
0.92,3399
0.92,3398
0.93,3397
0.93,3396
0.93,3395
0.93,3394
0.94,3393
0.94,3392
0.94,3391
0.94,3390
0.94,3389
0.95,3388
0.95,3387
0.95,3386
0.95,3385
0.96,3384
0.96,3383
0.96,3382
0.96,3381
0.96,3380
0.97,3379
0.97,3378
0.97,3377
0.97,3376
0.98,3375
0.98,3374
0.98,3373
0.98,3372
0.99,3371
0.99,3370
0.99,3369
1.00,3368
1.00,3367
1.00,3366
1.00,3365
1.00,3364
1.01,3363
1.01,3362
1.01,3361
1.01,3360
1.02,3359
1.02,3358
1.02,3357
1.02,3356
1.02,3355
1.03,3354
1.03,3353
1.03,3352
1.03,3351
1.04,3350
1.04,3349
1.04,3348
1.04,3347
1.04,3346
1.05,3345
1.05,3344
1.05,3343
1.05,3342
1.06,3341
1.06,3340
1.06,3339
1.06,3338
1.06,3337
1.07,3336
1.07,3335
1.07,3334
1.07,3333
1.07,3332
1.08,3331
1.08,3330
1.08,3329
1.08,3328
1.09,3327
1.09,3326
1.09,3325
1.09,3324
1.09,3323
1.10,3322
1.10,3321
1.10,3320
1.10,3319
1.10,3318
1.11,3317
1.11,3316
1.11,3315
1.11,3314
1.12,3313
1.12,3312
1.12,3311
1.12,3310
1.12,3309
1.13,3308
1.13,3307
1.13,3306
1.13,3305
1.13,3304
1.14,3303
1.14,3302
1.14,3301
1.14,3300
1.15,3299
1.15,3298
1.15,3297
1.15,3296
1.15,3295
1.16,3294
1.16,3293
1.16,3292
1.16,3291
1.16,3290
1.17,3289
1.17,3288
1.17,3287
1.17,3286
1.17,3285
1.18,3284
1.18,3283
1.18,3282
1.18,3281
1.19,3280
1.19,3279
1.19,3278
1.19,3277
1.20,3276
1.20,3275
1.20,3274
1.20,3273
1.21,3272
1.21,3271
1.21,3270
1.21,3269
1.22,3268
1.22,3267
1.22,3266
1.22,3265
1.22,3264
1.23,3263
1.23,3262
1.23,3261
1.24,3260
1.24,3259
1.24,3258
1.24,3257
1.25,3256
1.25,3255
1.25,3254
1.25,3253
1.26,3252
1.26,3251
1.26,3250
1.26,3249
1.27,3248
1.27,3247
1.27,3246
1.27,3245
1.28,3244
1.28,3243
1.28,3242
1.28,3241
1.29,3240
1.29,3239
1.29,3238
1.29,3237
1.30,3236
1.30,3235
1.30,3234
1.30,3233
1.31,3232
1.31,3231
1.31,3230
1.31,3229
1.32,3228
1.32,3227
1.32,3226
1.32,3225
1.33,3224
1.33,3223
1.33,3222
1.33,3221
1.34,3220
1.34,3219
1.34,3218
1.35,3217
1.35,3216
1.35,3215
1.35,3214
1.36,3213
1.36,3212
1.36,3211
1.36,3210
1.37,3209
1.37,3208
1.37,3207
1.37,3206
1.38,3205
1.38,3204
1.38,3203
1.38,3202
1.39,3201
1.39,3200
1.39,3199
1.40,3198
1.40,3197
1.40,3196
1.40,3195
1.41,3194
1.41,3193
1.41,3192
1.41,3191
1.41,3190
1.42,3189
1.42,3188
1.42,3187
1.42,3186
1.43,3185
1.43,3184
1.43,3183
1.43,3182
1.43,3181
1.44,3180
1.44,3179
1.44,3178
1.44,3177
1.44,3176
1.45,3175
1.45,3174
1.45,3173
1.45,3172
1.45,3171
1.46,3170
1.46,3169
1.46,3168
1.46,3167
1.47,3166
1.47,3165
1.47,3164
1.47,3163
1.47,3162
1.48,3161
1.48,3160
1.48,3159
1.48,3158
1.49,3157
1.49,3156
1.49,3155
1.49,3154
1.49,3153
1.50,3152
1.50,3151
1.50,3150
1.50,3149
1.51,3148
1.51,3147
1.51,3146
1.51,3145
1.51,3144
1.52,3143
1.52,3142
1.52,3141
1.52,3140
1.52,3139
1.53,3138
1.53,3137
1.53,3136
1.53,3135
1.54,3134
1.54,3133
1.54,3132
1.54,3131
1.54,3130
1.55,3129
1.55,3128
1.55,3127
1.55,3126
1.55,3125
1.56,3124
1.56,3123
1.56,3122
1.56,3121
1.57,3120
1.57,3119
1.57,3118
1.57,3117
1.57,3116
1.58,3115
1.58,3114
1.58,3113
1.58,3112
1.58,3111
1.59,3110
1.59,3109
1.59,3108
1.59,3107
1.60,3106
1.60,3105
1.60,3104
1.60,3103
1.61,3102
1.61,3101
1.61,3100
1.61,3099
1.61,3098
1.62,3097
1.62,3096
1.62,3095
1.62,3094
1.63,3093
1.63,3092
1.63,3091
1.63,3090
1.63,3089
1.64,3088
1.64,3087
1.64,3086
1.64,3085
1.65,3084
1.65,3083
1.65,3082
1.65,3081
1.65,3080
1.66,3079
1.66,3078
1.66,3077
1.66,3076
1.66,3075
1.67,3074
1.67,3073
1.67,3072
1.67,3071
1.68,3070
1.68,3069
1.68,3068
1.68,3067
1.68,3066
1.69,3065
1.69,3064
1.69,3063
1.69,3062
1.69,3061
1.70,3060
1.70,3059
1.70,3058
1.70,3057
1.71,3056
1.71,3055
1.71,3054
1.71,3053
1.71,3052
1.72,3051
1.72,3050
1.72,3049
1.72,3048
1.72,3047
1.73,3046
1.73,3045
1.73,3044
1.73,3043
1.74,3042
1.74,3041
1.74,3040
1.74,3039
1.74,3038
1.75,3037
1.75,3036
1.75,3035
1.75,3034
1.75,3033
1.76,3032
1.76,3031
1.76,3030
1.77,3029
1.77,3028
1.77,3027
1.77,3026
1.78,3025
1.78,3024
1.78,3023
1.78,3022
1.78,3021
1.79,3020
1.79,3019
1.79,3018
1.79,3017
1.79,3016
1.80,3015
1.80,3014
1.80,3013
1.80,3012
1.80,3011
1.81,3010
1.81,3009
1.81,3008
1.81,3007
1.82,3006
1.82,3005
1.82,3004
1.82,3003
1.82,3002
1.83,3001
1.83,3000
1.83,2999
1.83,2998
1.83,2997
1.84,2996
1.84,2995
1.84,2994
1.84,2993
1.84,2992
1.85,2991
1.85,2990
1.85,2989
1.85,2988
1.85,2987
1.86,2986
1.86,2985
1.86,2984
1.86,2983
1.86,2982
1.87,2981
1.87,2980
1.87,2979
1.87,2978
1.87,2977
1.88,2976
1.88,2975
1.88,2974
1.88,2973
1.88,2972
1.89,2971
1.89,2970
1.89,2969
1.89,2968
1.89,2967
1.90,2966
1.90,2965
1.90,2964
1.90,2963
1.90,2962
1.91,2961
1.91,2960
1.91,2959
1.91,2958
1.91,2957
1.92,2956
1.92,2955
1.92,2954
1.92,2953
1.92,2952
1.93,2951
1.93,2950
1.93,2949
1.93,2948
1.93,2947
1.94,2946
1.94,2945
1.94,2944
1.94,2943
1.94,2942
1.95,2941
1.95,2940
1.95,2939
1.95,2938
1.95,2937
1.96,2936
1.96,2935
1.96,2934
1.96,2933
1.96,2932
1.97,2931
1.97,2930
1.97,2929
1.97,2928
1.97,2927
1.98,2926
1.98,2925
1.98,2924
1.98,2923
1.98,2922
1.99,2921
1.99,2920
1.99,2919
1.99,2918
1.99,2917
2.00,2916
2.00,2915
2.00,2914
2.00,2913
2.00,2912
2.01,2911
2.01,2910
2.01,2909
2.01,2908
2.02,2907
2.02,2906
2.02,2905
2.02,2904
2.02,2903
2.03,2902
2.03,2901
2.03,2900
2.03,2899
2.03,2898
2.04,2897
2.04,2896
2.04,2895
2.04,2894
2.04,2893
2.05,2892
2.05,2891
2.05,2890
2.05,2889
2.05,2888
2.06,2887
2.06,2886
2.06,2885
2.06,2884
2.06,2883
2.07,2882
2.07,2881
2.07,2880
2.07,2879
2.07,2878
2.08,2877
2.08,2876
2.08,2875
2.08,2874
2.08,2873
2.09,2872
2.09,2871
2.09,2870
2.09,2869
2.09,2868
2.10,2867
2.10,2866
2.10,2865
2.10,2864
2.10,2863
2.11,2862
2.11,2861
2.11,2860
2.11,2859
2.11,2858
2.12,2857
2.12,2856
2.12,2855
2.12,2854
2.13,2853
2.13,2852
2.13,2851
2.13,2850
2.14,2849
2.14,2848
2.14,2847
2.14,2846
2.14,2845
2.15,2844
2.15,2843
2.15,2842
2.15,2841
2.15,2840
2.16,2839
2.16,2838
2.16,2837
2.16,2836
2.16,2835
2.17,2834
2.17,2833
2.17,2832
2.17,2831
2.17,2830
2.18,2829
2.18,2828
2.18,2827
2.18,2826
2.18,2825
2.19,2824
2.19,2823
2.19,2822
2.19,2821
2.19,2820
2.20,2819
2.20,2818
2.20,2817
2.20,2816
2.20,2815
2.21,2814
2.21,2813
2.21,2812
2.21,2811
2.21,2810
2.22,2809
2.22,2808
2.22,2807
2.22,2806
2.22,2805
2.23,2804
2.23,2803
2.23,2802
2.23,2801
2.23,2800
2.24,2799
2.24,2798
2.24,2797
2.24,2796
2.24,2795
2.25,2794
2.25,2793
2.25,2792
2.25,2791
2.25,2790
2.26,2789
2.26,2788
2.26,2787
2.26,2786
2.26,2785
2.27,2784
2.27,2783
2.27,2782
2.27,2781
2.27,2780
2.28,2779
2.28,2778
2.28,2777
2.28,2776
2.28,2775
2.29,2774
2.29,2773
2.29,2772
2.29,2771
2.29,2770
2.29,2769
2.30,2768
2.30,2767
2.30,2766
2.30,2765
2.31,2764
2.31,2763
2.31,2762
2.31,2761
2.31,2760
2.32,2759
2.32,2758
2.32,2757
2.32,2756
2.32,2755
2.33,2754
2.33,2753
2.33,2752
2.33,2751
2.34,2750
2.34,2749
2.34,2748
2.34,2747
2.34,2746
2.35,2745
2.35,2744
2.35,2743
2.35,2742
2.35,2741
2.35,2740
2.36,2739
2.36,2738
2.36,2737
2.36,2736
2.36,2735
2.37,2734
2.37,2733
2.37,2732
2.37,2731
2.37,2730
2.38,2729
2.38,2728
2.38,2727
2.38,2726
2.38,2725
2.39,2724
2.39,2723
2.39,2722
2.39,2721
2.39,2720
2.40,2719
2.40,2718
2.40,2717
2.40,2716
2.40,2715
2.41,2714
2.41,2713
2.41,2712
2.41,2711
2.41,2710
2.42,2709
2.42,2708
2.42,2707
2.42,2706
2.42,2705
2.43,2704
2.43,2703
2.43,2702
2.43,2701
2.43,2700
2.44,2699
2.44,2698
2.44,2697
2.44,2696
2.44,2695
2.45,2694
2.45,2693
2.45,2692
2.45,2691
2.45,2690
2.46,2689
2.46,2688
2.46,2687
2.46,2686
2.46,2685
2.47,2684
2.47,2683
2.47,2682
2.47,2681
2.47,2680
2.48,2679
2.48,2678
2.48,2677
2.48,2676
2.48,2675
2.49,2674
2.49,2673
2.49,2672
2.49,2671
2.49,2670
2.50,2669
2.50,2668
2.50,2667
2.50,2666
2.50,2665
2.51,2664
2.51,2663
2.51,2662
2.51,2661
2.51,2660
2.52,2659
2.52,2658
2.52,2657
2.52,2656
2.52,2655
2.53,2654
2.53,2653
2.53,2652
2.53,2651
2.54,2650
2.54,2649
2.54,2648
2.54,2647
2.54,2646
2.54,2645
2.55,2644
2.55,2643
2.55,2642
2.55,2641
2.55,2640
2.56,2639
2.56,2638
2.56,2637
2.56,2636
2.56,2635
2.57,2634
2.57,2633
2.57,2632
2.57,2631
2.57,2630
2.58,2629
2.58,2628
2.58,2627
2.58,2626
2.58,2625
2.59,2624
2.59,2623
2.59,2622
2.59,2621
2.59,2620
2.60,2619
2.60,2618
2.60,2617
2.60,2616
2.60,2615
2.61,2614
2.61,2613
2.61,2612
2.61,2611
2.61,2610
2.62,2609
2.62,2608
2.62,2607
2.62,2606
2.62,2605
2.63,2604
2.63,2603
2.63,2602
2.63,2601
2.63,2600
2.64,2599
2.64,2598
2.64,2597
2.64,2596
2.64,2595
2.65,2594
2.65,2593
2.65,2592
2.65,2591
2.65,2590
2.66,2589
2.66,2588
2.66,2587
2.66,2586
2.66,2585
2.67,2584
2.67,2583
2.67,2582
2.67,2581
2.67,2580
2.68,2579
2.68,2578
2.68,2577
2.68,2576
2.68,2575
2.69,2574
2.69,2573
2.69,2572
2.69,2571
2.69,2570
2.70,2569
2.70,2568
2.70,2567
2.70,2566
2.70,2565
2.71,2564
2.71,2563
2.71,2562
2.71,2561
2.71,2560
2.72,2559
2.72,2558
2.72,2557
2.72,2556
2.72,2555
2.73,2554
2.73,2553
2.73,2552
2.73,2551
2.73,2550
2.74,2549
2.74,2548
2.74,2547
2.74,2546
2.74,2545
2.75,2544
2.75,2543
2.75,2542
2.75,2541
2.75,2540
2.76,2539
2.76,2538
2.76,2537
2.76,2536
2.76,2535
2.77,2534
2.77,2533
2.77,2532
2.77,2531
2.77,2530
2.78,2529
2.78,2528
2.78,2527
2.78,2526
2.78,2525
2.79,2524
2.79,2523
2.79,2522
2.79,2521
2.79,2520
2.80,2519
2.80,2518
2.80,2517
2.80,2516
2.80,2515
2.81,2514
2.81,2513
2.81,2512
2.81,2511
2.81,2510
2.82,2509
2.82,2508
2.82,2507
2.82,2506
2.82,2505
2.83,2504
2.83,2503
2.83,2502
2.83,2501
2.83,2500
2.84,2499
2.84,2498
2.84,2497
2.84,2496
2.84,2495
2.85,2494
2.85,2493
2.85,2492
2.85,2491
2.85,2490
2.86,2489
2.86,2488
2.86,2487
2.86,2486
2.86,2485
2.87,2484
2.87,2483
2.87,2482
2.87,2481
2.87,2480
2.88,2479
2.88,2478
2.88,2477
2.88,2476
2.88,2475
2.89,2474
2.89,2473
2.89,2472
2.89,2471
2.89,2470
2.90,2469
2.90,2468
2.90,2467
2.90,2466
2.90,2465
2.91,2464
2.91,2463
2.91,2462
2.91,2461
2.91,2460
2.92,2459
2.92,2458
2.92,2457
2.92,2456
2.92,2455
2.93,2454
2.93,2453
2.93,2452
2.93,2451
2.93,2450
2.94,2449
2.94,2448
2.94,2447
2.94,2446
2.94,2445
2.95,2444
2.95,2443
2.95,2442
2.95,2441
2.95,2440
2.96,2439
2.96,2438
2.96,2437
2.96,2436
2.96,2435
2.97,2434
2.97,2433
2.97,2432
2.97,2431
2.97,2430
2.98,2429
2.98,2428
2.98,2427
2.98,2426
2.98,2425
2.99,2424
2.99,2423
2.99,2422
2.99,2421
2.99,2420
3.00,2419
3.00,2418
3.00,2417
3.00,2416
3.00,2415
3.01,2414
3.01,2413
3.01,2412
3.01,2411
3.01,2410
3.02,2409
3.02,2408
3.02,2407
3.02,2406
3.02,2405
3.03,2404
3.03,2403
3.03,2402
3.03,2401
3.03,2400
3.03,2399
3.04,2398
3.04,2397
3.04,2396
3.04,2395
3.05,2394
3.05,2393
3.05,2392
3.05,2391
3.05,2390
3.06,2389
3.06,2388
3.06,2387
3.06,2386
3.06,2385
3.07,2384
3.07,2383
3.07,2382
3.07,2381
3.08,2380
