0.10,3640
0.17,3639
0.18,3638
0.19,3637
0.20,3636
0.20,3635
0.21,3634
0.22,3633
0.23,3632
0.24,3631
0.24,3630
0.25,3629
0.25,3628
0.26,3627
0.26,3626
0.27,3625
0.27,3624
0.28,3623
0.29,3622
0.30,3621
0.30,3620
0.31,3619
0.31,3618
0.32,3617
0.32,3616
0.33,3615
0.33,3614
0.34,3613
0.35,3612
0.35,3611
0.36,3610
0.36,3609
0.37,3608
0.37,3607
0.37,3606
0.38,3605
0.38,3604
0.39,3603
0.39,3602
0.40,3601
0.40,3600
0.40,3599
0.41,3598
0.41,3597
0.41,3596
0.42,3595
0.42,3594
0.43,3593
0.43,3592
0.43,3591
0.43,3590
0.43,3589
0.44,3588
0.44,3587
0.44,3586
0.44,3585
0.45,3584
0.45,3583
0.45,3582
0.45,3581
0.45,3580
0.46,3579
0.46,3578
0.46,3577
0.46,3576
0.46,3575
0.47,3574
0.47,3573
0.47,3572
0.47,3571
0.48,3570
0.48,3569
0.48,3568
0.48,3567
0.48,3566
0.49,3565
0.49,3564
0.49,3563
0.49,3562
0.49,3561
0.50,3560
0.50,3559
0.50,3558
0.50,3557
0.50,3556
0.51,3555
0.51,3554
0.51,3553
0.51,3552
0.52,3551
0.52,3550
0.52,3549
0.52,3548
0.52,3547
0.53,3546
0.53,3545
0.53,3544
0.53,3543
0.53,3542
0.54,3541
0.54,3540
0.54,3539
0.54,3538
0.54,3537
0.55,3536
0.55,3535
0.55,3534
0.55,3533
0.56,3532
0.56,3531
0.56,3530
0.56,3529
0.56,3528
0.57,3527
0.57,3526
0.57,3525
0.57,3524
0.57,3523
0.58,3522
0.58,3521
0.58,3520
0.58,3519
0.58,3518
0.59,3517
0.59,3516
0.59,3515
0.59,3514
0.60,3513
0.60,3512
0.60,3511
0.61,3510
0.61,3509
0.61,3508
0.61,3507
0.61,3506
0.62,3505
0.62,3504
0.62,3503
0.62,3502
0.62,3501
0.63,3500
0.63,3499
0.63,3498
0.63,3497
0.63,3496
0.64,3495
0.64,3494
0.64,3493
0.64,3492
0.64,3491
0.65,3490
0.65,3489
0.65,3488
0.65,3487
0.65,3486
0.66,3485
0.66,3484
0.66,3483
0.66,3482
0.66,3481
0.67,3480
0.67,3479
0.67,3478
0.67,3477
0.67,3476
0.68,3475
0.68,3474
0.68,3473
0.68,3472
0.68,3471
0.69,3470
0.69,3469
0.69,3468
0.69,3467
0.69,3466
0.70,3465
0.70,3464
0.70,3463
0.70,3462
0.70,3461
0.71,3460
0.71,3459
0.71,3458
0.71,3457
0.71,3456
0.72,3455
0.72,3454
0.72,3453
0.72,3452
0.72,3451
0.73,3450
0.73,3449
0.73,3448
0.73,3447
0.73,3446
0.74,3445
0.74,3444
0.74,3443
0.74,3442
0.74,3441
0.75,3440
0.75,3439
0.75,3438
0.75,3437
0.76,3436
0.76,3435
0.76,3434
0.76,3433
0.76,3432
0.77,3431
0.77,3430
0.77,3429
0.77,3428
0.78,3427
0.78,3426
0.78,3425
0.78,3424
0.78,3423
0.79,3422
0.79,3421
0.79,3420
0.79,3419
0.80,3418
0.80,3417
0.80,3416
0.80,3415
0.80,3414
0.81,3413
0.81,3412
0.81,3411
0.81,3410
0.81,3409
0.81,3408
0.82,3407
0.82,3406
0.82,3405
0.82,3404
0.82,3403
0.83,3402
0.83,3401
0.83,3400
0.83,3399
0.83,3398
0.84,3397
0.84,3396
0.84,3395
0.84,3394
0.85,3393
0.85,3392
0.85,3391
0.85,3390
0.85,3389
0.86,3388
0.86,3387
0.86,3386
0.86,3385
0.86,3384
0.87,3383
0.87,3382
0.87,3381
0.87,3380
0.87,3379
0.88,3378
0.88,3377
0.88,3376
0.88,3375
0.88,3374
0.89,3373
0.89,3372
0.89,3371
0.89,3370
0.89,3369
0.90,3368
0.90,3367
0.90,3366
0.90,3365
0.90,3364
0.91,3363
0.91,3362
0.91,3361
0.91,3360
0.91,3359
0.92,3358
0.92,3357
0.92,3356
0.92,3355
0.92,3354
0.93,3353
0.93,3352
0.93,3351
0.93,3350
0.93,3349
0.94,3348
0.94,3347
0.94,3346
0.94,3345
0.95,3344
0.95,3343
0.95,3342
0.95,3341
0.95,3340
0.96,3339
0.96,3338
0.96,3337
0.96,3336
0.96,3335
0.97,3334
0.97,3333
0.97,3332
0.97,3331
0.97,3330
0.98,3329
0.98,3328
0.98,3327
0.98,3326
0.98,3325
0.99,3324
0.99,3323
0.99,3322
0.99,3321
0.99,3320
1.00,3319
1.00,3318
1.00,3317
1.00,3316
1.00,3315
1.01,3314
1.01,3313
1.01,3312
1.01,3311
1.01,3310
1.02,3309
1.02,3308
1.02,3307
1.02,3306
1.02,3305
1.03,3304
1.03,3303
1.03,3302
1.03,3301
1.03,3300
1.04,3299
1.04,3298
1.04,3297
1.04,3296
1.04,3295
1.04,3294
1.05,3293
1.05,3292
1.05,3291
1.05,3290
1.05,3289
1.06,3288
1.06,3287
1.06,3286
1.06,3285
1.06,3284
1.07,3283
1.07,3282
1.07,3281
1.07,3280
1.07,3279
1.08,3278
1.08,3277
1.08,3276
1.08,3275
1.08,3274
1.09,3273
1.09,3272
1.09,3271
1.09,3270
1.09,3269
1.10,3268
1.10,3267
1.10,3266
1.10,3265
1.10,3264
1.10,3263
1.11,3262
1.11,3261
1.11,3260
1.11,3259
1.11,3258
1.12,3257
1.12,3256
1.12,3255
1.12,3254
1.13,3253
1.13,3252
1.13,3251
1.13,3250
1.14,3249
1.14,3248
1.14,3247
1.14,3246
1.14,3245
1.15,3244
1.15,3243
1.15,3242
1.15,3241
1.15,3240
1.16,3239
1.16,3238
1.16,3237
1.16,3236
1.17,3235
1.17,3234
1.17,3233
1.17,3232
1.18,3231
1.18,3230
1.18,3229
1.18,3228
1.19,3227
1.19,3226
1.19,3225
1.19,3224
1.20,3223
1.20,3222
1.20,3221
1.20,3220
1.20,3219
1.21,3218
1.21,3217
1.21,3216
1.21,3215
1.22,3214
1.22,3213
1.22,3212
1.22,3211
1.23,3210
1.23,3209
1.23,3208
1.23,3207
1.24,3206
1.24,3205
1.24,3204
1.24,3203
1.24,3202
1.25,3201
1.25,3200
1.25,3199
1.25,3198
1.26,3197
1.26,3196
1.26,3195
1.26,3194
1.27,3193
1.27,3192
1.27,3191
1.27,3190
1.28,3189
1.28,3188
1.28,3187
1.28,3186
1.28,3185
1.29,3184
1.29,3183
1.29,3182
1.29,3181
1.30,3180
1.30,3179
1.30,3178
1.30,3177
1.31,3176
1.31,3175
1.31,3174
1.32,3173
1.32,3172
1.32,3171
1.32,3170
1.32,3169
1.32,3168
1.33,3167
1.33,3166
1.33,3165
1.33,3164
1.33,3163
1.34,3162
1.34,3161
1.34,3160
1.34,3159
1.34,3158
1.35,3157
1.35,3156
1.35,3155
1.35,3154
1.35,3153
1.35,3152
1.36,3151
1.36,3150
1.36,3149
1.36,3148
1.36,3147
1.37,3146
1.37,3145
1.37,3144
1.37,3143
1.37,3142
1.38,3141
1.38,3140
1.38,3139
1.38,3138
1.38,3137
1.38,3136
1.39,3135
1.39,3134
1.39,3133
1.39,3132
1.39,3131
1.40,3130
1.40,3129
1.40,3128
1.40,3127
1.40,3126
1.40,3125
1.41,3124
1.41,3123
1.41,3122
1.41,3121
1.41,3120
1.42,3119
1.42,3118
1.42,3117
1.42,3116
1.42,3115
1.43,3114
1.43,3113
1.43,3112
1.43,3111
1.43,3110
1.44,3109
1.44,3108
1.44,3107
1.44,3106
1.44,3105
1.44,3104
1.45,3103
1.45,3102
1.45,3101
1.45,3100
1.45,3099
1.46,3098
1.46,3097
1.46,3096
1.46,3095
1.46,3094
1.47,3093
1.47,3092
1.47,3091
1.47,3090
1.47,3089
1.47,3088
1.48,3087
1.48,3086
1.48,3085
1.48,3084
1.48,3083
1.49,3082
1.49,3081
1.49,3080
1.49,3079
1.49,3078
1.50,3077
1.50,3076
1.50,3075
1.50,3074
1.50,3073
1.51,3072
1.51,3071
1.51,3070
1.51,3069
1.51,3068
1.51,3067
1.52,3066
1.52,3065
1.52,3064
1.52,3063
1.52,3062
1.53,3061
1.53,3060
1.53,3059
1.53,3058
1.53,3057
1.54,3056
1.54,3055
1.54,3054
1.54,3053
1.54,3052
1.55,3051
1.55,3050
1.55,3049
1.55,3048
1.55,3047
1.55,3046
1.56,3045
1.56,3044
1.56,3043
1.56,3042
1.56,3041
1.57,3040
1.57,3039
1.57,3038
1.57,3037
1.57,3036
1.58,3035
1.58,3034
1.58,3033
1.58,3032
1.58,3031
1.59,3030
1.59,3029
1.59,3028
1.59,3027
1.59,3026
1.59,3025
1.60,3024
1.60,3023
1.60,3022
1.60,3021
1.60,3020
1.61,3019
1.61,3018
1.61,3017
1.61,3016
1.61,3015
1.62,3014
1.62,3013
1.62,3012
1.62,3011
1.62,3010
1.63,3009
1.63,3008
1.63,3007
1.63,3006
1.63,3005
1.64,3004
1.64,3003
1.64,3002
1.64,3001
1.65,3000
1.65,2999
1.65,2998
1.65,2997
1.65,2996
1.66,2995
1.66,2994
1.66,2993
1.66,2992
1.66,2991
1.66,2990
1.67,2989
1.67,2988
1.67,2987
1.67,2986
1.67,2985
1.68,2984
1.68,2983
1.68,2982
1.68,2981
1.68,2980
1.69,2979
1.69,2978
1.69,2977
1.69,2976
1.69,2975
1.69,2974
1.70,2973
1.70,2972
1.70,2971
1.70,2970
1.70,2969
1.71,2968
1.71,2967
1.71,2966
1.71,2965
1.71,2964
1.71,2963
1.72,2962
1.72,2961
1.72,2960
1.72,2959
1.72,2958
1.73,2957
1.73,2956
1.73,2955
1.73,2954
1.73,2953
1.73,2952
1.74,2951
1.74,2950
1.74,2949
1.74,2948
1.74,2947
1.75,2946
1.75,2945
1.75,2944
1.75,2943
1.75,2942
1.76,2941
1.76,2940
1.76,2939
1.76,2938
1.76,2937
1.76,2936
1.77,2935
1.77,2934
1.77,2933
1.77,2932
1.77,2931
1.78,2930
1.78,2929
1.78,2928
1.78,2927
1.78,2926
1.78,2925
1.79,2924
1.79,2923
1.79,2922
1.79,2921
1.79,2920
1.80,2919
1.80,2918
1.80,2917
1.80,2916
1.80,2915
1.81,2914
1.81,2913
1.81,2912
1.81,2911
1.81,2910
1.81,2909
1.82,2908
1.82,2907
1.82,2906
1.82,2905
1.82,2904
1.83,2903
1.83,2902
1.83,2901
1.83,2900
1.83,2899
1.84,2898
1.84,2897
1.84,2896
1.84,2895
1.84,2894
1.85,2893
1.85,2892
1.85,2891
1.85,2890
1.85,2889
1.85,2888
1.86,2887
1.86,2886
1.86,2885
1.86,2884
1.86,2883
1.87,2882
1.87,2881
1.87,2880
1.87,2879
1.87,2878
1.88,2877
1.88,2876
1.88,2875
1.88,2874
1.88,2873
1.88,2872
1.89,2871
1.89,2870
1.89,2869
1.89,2868
1.89,2867
1.90,2866
1.90,2865
1.90,2864
1.90,2863
1.90,2862
1.91,2861
1.91,2860
1.91,2859
1.91,2858
1.91,2857
1.91,2856
1.92,2855
1.92,2854
1.92,2853
1.92,2852
1.92,2851
1.93,2850
1.93,2849
1.93,2848
1.93,2847
1.93,2846
1.94,2845
1.94,2844
1.94,2843
1.94,2842
1.94,2841
1.94,2840
1.95,2839
1.95,2838
1.95,2837
1.95,2836
1.95,2835
1.96,2834
1.96,2833
1.96,2832
1.96,2831
1.96,2830
1.97,2829
1.97,2828
1.97,2827
1.97,2826
1.97,2825
1.97,2824
1.98,2823
1.98,2822
1.98,2821
1.98,2820
1.98,2819
1.99,2818
1.99,2817
1.99,2816
1.99,2815
1.99,2814
2.00,2813
2.00,2812
2.00,2811
2.00,2810
2.00,2809
2.01,2808
2.01,2807
2.01,2806
2.01,2805
2.02,2804
2.02,2803
2.02,2802
2.02,2801
2.02,2800
2.03,2799
2.03,2798
2.03,2797
2.03,2796
2.03,2795
2.04,2794
2.04,2793
2.04,2792
2.04,2791
2.04,2790
2.05,2789
2.05,2788
2.05,2787
2.05,2786
2.06,2785
2.06,2784
2.06,2783
2.06,2782
2.06,2781
2.07,2780
2.07,2779
2.07,2778
2.07,2777
2.08,2776
2.08,2775
2.08,2774
2.08,2773
2.09,2772
2.09,2771
2.09,2770
2.09,2769
2.09,2768
2.10,2767
2.10,2766
2.10,2765
2.10,2764
2.11,2763
2.11,2762
2.11,2761
2.11,2760
2.11,2759
2.12,2758
2.12,2757
2.12,2756
2.12,2755
2.13,2754
2.13,2753
2.13,2752
2.13,2751
2.13,2750
2.14,2749
2.14,2748
2.14,2747
2.14,2746
2.15,2745
2.15,2744
2.15,2743
2.15,2742
2.15,2741
2.16,2740
2.16,2739
2.16,2738
2.16,2737
2.17,2736
2.17,2735
2.17,2734
2.17,2733
2.17,2732
2.18,2731
2.18,2730
2.18,2729
2.18,2728
2.19,2727
2.19,2726
2.19,2725
2.19,2724
2.19,2723
2.20,2722
2.20,2721
2.20,2720
2.20,2719
2.21,2718
2.21,2717
2.21,2716
2.21,2715
2.21,2714
2.22,2713
2.22,2712
2.22,2711
2.22,2710
2.23,2709
2.23,2708
2.23,2707
2.23,2706
2.23,2705
2.24,2704
2.24,2703
2.24,2702
2.24,2701
2.25,2700
2.25,2699
2.25,2698
2.25,2697
2.26,2696
2.26,2695
2.26,2694
2.26,2693
2.27,2692
2.27,2691
2.27,2690
2.27,2689
2.27,2688
2.28,2687
2.28,2686
2.28,2685
2.28,2684
2.29,2683
2.29,2682
2.29,2681
2.29,2680
2.29,2679
2.30,2678
2.30,2677
2.30,2676
2.30,2675
2.31,2674
2.31,2673
2.31,2672
2.31,2671
2.31,2670
2.32,2669
2.32,2668
2.32,2667
2.32,2666
2.33,2665
2.33,2664
2.33,2663
2.33,2662
2.34,2661
2.34,2660
2.34,2659
2.34,2658
2.34,2657
2.35,2656
2.35,2655
2.35,2654
2.35,2653
2.36,2652
2.36,2651
2.36,2650
2.36,2649
2.36,2648
2.37,2647
2.37,2646
2.37,2645
2.37,2644
2.38,2643
2.38,2642
2.38,2641
2.38,2640
2.38,2639
2.39,2638
2.39,2637
2.39,2636
2.39,2635
2.40,2634
2.40,2633
2.40,2632
2.40,2631
2.40,2630
2.41,2629
2.41,2628
2.41,2627
2.42,2626
2.42,2625
2.42,2624
2.42,2623
2.42,2622
2.42,2621
2.43,2620
2.43,2619
2.43,2618
2.43,2617
2.43,2616
2.44,2615
2.44,2614
2.44,2613
2.44,2612
2.44,2611
2.45,2610
2.45,2609
2.45,2608
2.45,2607
2.45,2606
2.45,2605
2.46,2604
2.46,2603
2.46,2602
2.46,2601
2.46,2600
2.47,2599
2.47,2598
2.47,2597
2.47,2596
2.47,2595
2.47,2594
2.48,2593
2.48,2592
2.48,2591
2.48,2590
2.48,2589
2.49,2588
2.49,2587
2.49,2586
2.49,2585
2.49,2584
2.49,2583
2.50,2582
2.50,2581
2.50,2580
2.50,2579
2.50,2578
2.51,2577
2.51,2576
2.51,2575
2.51,2574
2.51,2573
2.51,2572
2.52,2571
2.52,2570
2.52,2569
2.52,2568
2.52,2567
2.53,2566
2.53,2565
2.53,2564
2.53,2563
2.53,2562
2.53,2561
2.54,2560
2.54,2559
2.54,2558
2.54,2557
2.54,2556
2.55,2555
2.55,2554
2.55,2553
2.55,2552
2.55,2551
2.55,2550
2.56,2549
2.56,2548
2.56,2547
2.56,2546
2.56,2545
2.56,2544
2.57,2543
2.57,2542
2.57,2541
2.57,2540
2.57,2539
2.58,2538
2.58,2537
2.58,2536
2.58,2535
2.58,2534
2.58,2533
2.59,2532
2.59,2531
2.59,2530
2.59,2529
2.59,2528
2.60,2527
2.60,2526
2.60,2525
2.60,2524
2.60,2523
2.60,2522
2.61,2521
2.61,2520
2.61,2519
2.61,2518
2.61,2517
2.62,2516
2.62,2515
2.62,2514
2.62,2513
2.62,2512
2.62,2511
2.63,2510
2.63,2509
2.63,2508
2.63,2507
2.63,2506
2.64,2505
2.64,2504
2.64,2503
2.64,2502
2.64,2501
2.64,2500
2.65,2499
2.65,2498
2.65,2497
2.65,2496
2.65,2495
2.66,2494
2.66,2493
2.66,2492
2.66,2491
2.66,2490
2.66,2489
2.67,2488
2.67,2487
2.67,2486
2.67,2485
2.67,2484
2.68,2483
2.68,2482
2.68,2481
2.68,2480
2.68,2479
2.68,2478
2.69,2477
2.69,2476
2.69,2475
2.69,2474
2.69,2473
2.70,2472
2.70,2471
2.70,2470
2.70,2469
2.70,2468
2.70,2467
2.71,2466
2.71,2465
2.71,2464
2.71,2463
2.71,2462
2.72,2461
2.72,2460
2.72,2459
2.72,2458
2.72,2457
2.72,2456
2.73,2455
2.73,2454
2.73,2453
2.73,2452
2.73,2451
2.74,2450
2.74,2449
2.74,2448
2.74,2447
2.74,2446
2.74,2445
2.75,2444
2.75,2443
2.75,2442
2.75,2441
2.75,2440
2.76,2439
2.76,2438
2.76,2437
2.76,2436
2.76,2435
2.76,2434
2.77,2433
2.77,2432
2.77,2431
2.77,2430
2.77,2429
2.78,2428
2.78,2427
2.78,2426
2.78,2425
2.78,2424
2.78,2423
2.79,2422
2.79,2421
2.79,2420
2.79,2419
2.79,2418
2.79,2417
2.80,2416
2.80,2415
2.80,2414
2.80,2413
2.80,2412
2.81,2411
2.81,2410
2.81,2409
2.81,2408
2.81,2407
2.82,2406
2.82,2405
2.82,2404
2.82,2403
2.82,2402
2.82,2401
2.83,2400
2.83,2399
2.83,2398
2.83,2397
2.83,2396
2.83,2395
2.84,2394
2.84,2393
2.84,2392
2.84,2391
2.84,2390
2.85,2389
2.85,2388
2.85,2387
2.85,2386
2.85,2385
2.85,2384
2.86,2383
2.86,2382
2.86,2381
2.86,2380
2.86,2379
2.87,2378
2.87,2377
2.87,2376
2.87,2375
2.87,2374
2.87,2373
2.88,2372
2.88,2371
2.88,2370
2.88,2369
