0.10,3654
0.17,3653
0.18,3652
0.19,3651
0.20,3650
0.21,3649
0.21,3648
0.22,3647
0.23,3646
0.24,3645
0.24,3644
0.25,3643
0.25,3642
0.26,3641
0.26,3640
0.27,3639
0.28,3638
0.28,3637
0.29,3636
0.29,3635
0.30,3634
0.30,3633
0.31,3632
0.32,3631
0.32,3630
0.33,3629
0.33,3628
0.34,3627
0.34,3626
0.35,3625
0.35,3624
0.36,3623
0.36,3622
0.37,3621
0.37,3620
0.38,3619
0.38,3618
0.39,3617
0.39,3616
0.40,3615
0.40,3614
0.40,3613
0.41,3612
0.41,3611
0.41,3610
0.42,3609
0.42,3608
0.42,3607
0.43,3606
0.43,3605
0.43,3604
0.43,3603
0.44,3602
0.44,3601
0.44,3600
0.44,3599
0.45,3598
0.45,3597
0.45,3596
0.45,3595
0.45,3594
0.46,3593
0.46,3592
0.46,3591
0.46,3590
0.46,3589
0.47,3588
0.47,3587
0.47,3586
0.47,3585
0.47,3584
0.48,3583
0.48,3582
0.48,3581
0.48,3580
0.48,3579
0.49,3578
0.49,3577
0.49,3576
0.49,3575
0.50,3574
0.50,3573
0.50,3572
0.50,3571
0.50,3570
0.51,3569
0.51,3568
0.51,3567
0.51,3566
0.51,3565
0.52,3564
0.52,3563
0.52,3562
0.52,3561
0.52,3560
0.53,3559
0.53,3558
0.53,3557
0.53,3556
0.53,3555
0.54,3554
0.54,3553
0.54,3552
0.54,3551
0.54,3550
0.55,3549
0.55,3548
0.55,3547
0.55,3546
0.56,3545
0.56,3544
0.56,3543
0.56,3542
0.56,3541
0.57,3540
0.57,3539
0.57,3538
0.57,3537
0.57,3536
0.58,3535
0.58,3534
0.58,3533
0.58,3532
0.58,3531
0.59,3530
0.59,3529
0.59,3528
0.59,3527
0.60,3526
0.60,3525
0.60,3524
0.61,3523
0.61,3522
0.61,3521
0.61,3520
0.61,3519
0.62,3518
0.62,3517
0.62,3516
0.62,3515
0.62,3514
0.63,3513
0.63,3512
0.63,3511
0.63,3510
0.63,3509
0.64,3508
0.64,3507
0.64,3506
0.64,3505
0.64,3504
0.65,3503
0.65,3502
0.65,3501
0.65,3500
0.65,3499
0.66,3498
0.66,3497
0.66,3496
0.66,3495
0.66,3494
0.67,3493
0.67,3492
0.67,3491
0.67,3490
0.67,3489
0.68,3488
0.68,3487
0.68,3486
0.68,3485
0.69,3484
0.69,3483
0.69,3482
0.69,3481
0.69,3480
0.70,3479
0.70,3478
0.70,3477
0.70,3476
0.70,3475
0.71,3474
0.71,3473
0.71,3472
0.71,3471
0.71,3470
0.72,3469
0.72,3468
0.72,3467
0.72,3466
0.73,3465
0.73,3464
0.73,3463
0.73,3462
0.73,3461
0.74,3460
0.74,3459
0.74,3458
0.74,3457
0.74,3456
0.75,3455
0.75,3454
0.75,3453
0.75,3452
0.75,3451
0.76,3450
0.76,3449
0.76,3448
0.76,3447
0.77,3446
0.77,3445
0.77,3444
0.77,3443
0.77,3442
0.78,3441
0.78,3440
0.78,3439
0.78,3438
0.79,3437
0.79,3436
0.79,3435
0.79,3434
0.79,3433
0.80,3432
0.80,3431
0.80,3430
0.80,3429
0.80,3428
0.81,3427
0.81,3426
0.81,3425
0.81,3424
0.81,3423
0.82,3422
0.82,3421
0.82,3420
0.82,3419
0.82,3418
0.83,3417
0.83,3416
0.83,3415
0.83,3414
0.83,3413
0.84,3412
0.84,3411
0.84,3410
0.84,3409
0.84,3408
0.85,3407
0.85,3406
0.85,3405
0.85,3404
0.85,3403
0.86,3402
0.86,3401
0.86,3400
0.86,3399
0.86,3398
0.87,3397
0.87,3396
0.87,3395
0.87,3394
0.87,3393
0.88,3392
0.88,3391
0.88,3390
0.88,3389
0.88,3388
0.89,3387
0.89,3386
0.89,3385
0.89,3384
0.89,3383
0.90,3382
0.90,3381
0.90,3380
0.90,3379
0.90,3378
0.91,3377
0.91,3376
0.91,3375
0.91,3374
0.91,3373
0.92,3372
0.92,3371
0.92,3370
0.92,3369
0.92,3368
0.93,3367
0.93,3366
0.93,3365
0.93,3364
0.93,3363
0.94,3362
0.94,3361
0.94,3360
0.94,3359
0.95,3358
0.95,3357
0.95,3356
0.95,3355
0.96,3354
0.96,3353
0.96,3352
0.96,3351
0.97,3350
0.97,3349
0.97,3348
0.97,3347
0.97,3346
0.98,3345
0.98,3344
0.98,3343
0.98,3342
0.99,3341
0.99,3340
0.99,3339
0.99,3338
0.99,3337
1.00,3336
1.00,3335
1.00,3334
1.00,3333
1.00,3332
1.01,3331
1.01,3330
1.01,3329
1.01,3328
1.01,3327
1.02,3326
1.02,3325
1.02,3324
1.02,3323
1.02,3322
1.02,3321
1.03,3320
1.03,3319
1.03,3318
1.03,3317
1.03,3316
1.04,3315
1.04,3314
1.04,3313
1.04,3312
1.04,3311
1.05,3310
1.05,3309
1.05,3308
1.05,3307
1.05,3306
1.06,3305
1.06,3304
1.06,3303
1.06,3302
1.06,3301
1.06,3300
1.07,3299
1.07,3298
1.07,3297
1.07,3296
1.07,3295
1.08,3294
1.08,3293
1.08,3292
1.08,3291
1.08,3290
1.09,3289
1.09,3288
1.09,3287
1.09,3286
1.09,3285
1.10,3284
1.10,3283
1.10,3282
1.10,3281
1.10,3280
1.11,3279
1.11,3278
1.11,3277
1.11,3276
1.11,3275
1.11,3274
1.12,3273
1.12,3272
1.12,3271
1.12,3270
1.13,3269
1.13,3268
1.13,3267
1.13,3266
1.13,3265
1.14,3264
1.14,3263
1.14,3262
1.14,3261
1.15,3260
1.15,3259
1.15,3258
1.15,3257
1.15,3256
1.16,3255
1.16,3254
1.16,3253
1.16,3252
1.17,3251
1.17,3250
1.17,3249
1.17,3248
1.17,3247
1.18,3246
1.18,3245
1.18,3244
1.18,3243
1.19,3242
1.19,3241
1.19,3240
1.19,3239
1.20,3238
1.20,3237
1.20,3236
1.20,3235
1.21,3234
1.21,3233
1.21,3232
1.21,3231
1.21,3230
1.22,3229
1.22,3228
1.22,3227
1.22,3226
1.23,3225
1.23,3224
1.23,3223
1.23,3222
1.24,3221
1.24,3220
1.24,3219
1.24,3218
1.24,3217
1.25,3216
1.25,3215
1.25,3214
1.25,3213
1.26,3212
1.26,3211
1.26,3210
1.26,3209
1.27,3208
1.27,3207
1.27,3206
1.27,3205
1.27,3204
1.28,3203
1.28,3202
1.28,3201
1.28,3200
1.29,3199
1.29,3198
1.29,3197
1.29,3196
1.30,3195
1.30,3194
1.30,3193
1.30,3192
1.31,3191
1.31,3190
1.31,3189
1.31,3188
1.32,3187
1.32,3186
1.32,3185
1.32,3184
1.32,3183
1.33,3182
1.33,3181
1.33,3180
1.33,3179
1.33,3178
1.34,3177
1.34,3176
1.34,3175
1.34,3174
1.34,3173
1.35,3172
1.35,3171
1.35,3170
1.35,3169
1.35,3168
1.36,3167
1.36,3166
1.36,3165
1.36,3164
1.36,3163
1.37,3162
1.37,3161
1.37,3160
1.37,3159
1.37,3158
1.37,3157
1.38,3156
1.38,3155
1.38,3154
1.38,3153
1.39,3152
1.39,3151
1.39,3150
1.39,3149
1.39,3148
1.40,3147
1.40,3146
1.40,3145
1.40,3144
1.40,3143
1.41,3142
1.41,3141
1.41,3140
1.41,3139
1.41,3138
1.41,3137
1.42,3136
1.42,3135
1.42,3134
1.42,3133
1.42,3132
1.43,3131
1.43,3130
1.43,3129
1.43,3128
1.43,3127
1.44,3126
1.44,3125
1.44,3124
1.44,3123
1.44,3122
1.45,3121
1.45,3120
1.45,3119
1.45,3118
1.45,3117
1.46,3116
1.46,3115
1.46,3114
1.46,3113
1.46,3112
1.47,3111
1.47,3110
1.47,3109
1.47,3108
1.47,3107
1.48,3106
1.48,3105
1.48,3104
1.48,3103
1.48,3102
1.49,3101
1.49,3100
1.49,3099
1.49,3098
1.49,3097
1.49,3096
1.50,3095
1.50,3094
1.50,3093
1.50,3092
1.50,3091
1.51,3090
1.51,3089
1.51,3088
1.51,3087
1.51,3086
1.52,3085
1.52,3084
1.52,3083
1.52,3082
1.52,3081
1.53,3080
1.53,3079
1.53,3078
1.53,3077
1.53,3076
1.54,3075
1.54,3074
1.54,3073
1.54,3072
1.54,3071
1.55,3070
1.55,3069
1.55,3068
1.55,3067
1.55,3066
1.56,3065
1.56,3064
1.56,3063
1.56,3062
1.56,3061
1.57,3060
1.57,3059
1.57,3058
1.57,3057
1.57,3056
1.58,3055
1.58,3054
1.58,3053
1.58,3052
1.58,3051
1.58,3050
1.59,3049
1.59,3048
1.59,3047
1.59,3046
1.59,3045
1.60,3044
1.60,3043
1.60,3042
1.60,3041
1.60,3040
1.61,3039
1.61,3038
1.61,3037
1.61,3036
1.61,3035
1.62,3034
1.62,3033
1.62,3032
1.62,3031
1.62,3030
1.63,3029
1.63,3028
1.63,3027
1.63,3026
1.63,3025
1.64,3024
1.64,3023
1.64,3022
1.64,3021
1.64,3020
1.65,3019
1.65,3018
1.65,3017
1.65,3016
1.66,3015
1.66,3014
1.66,3013
1.66,3012
1.66,3011
1.67,3010
1.67,3009
1.67,3008
1.67,3007
1.67,3006
1.68,3005
1.68,3004
1.68,3003
1.68,3002
1.68,3001
1.69,3000
1.69,2999
1.69,2998
1.69,2997
1.69,2996
1.70,2995
1.70,2994
1.70,2993
1.70,2992
1.70,2991
1.70,2990
1.71,2989
1.71,2988
1.71,2987
1.71,2986
1.71,2985
1.72,2984
1.72,2983
1.72,2982
1.72,2981
1.72,2980
1.73,2979
1.73,2978
1.73,2977
1.73,2976
1.73,2975
1.74,2974
1.74,2973
1.74,2972
1.74,2971
1.74,2970
1.75,2969
1.75,2968
1.75,2967
1.75,2966
1.75,2965
1.75,2964
1.76,2963
1.76,2962
1.76,2961
1.76,2960
1.76,2959
1.77,2958
1.77,2957
1.77,2956
1.77,2955
1.77,2954
1.78,2953
1.78,2952
1.78,2951
1.78,2950
1.78,2949
1.78,2948
1.79,2947
1.79,2946
1.79,2945
1.79,2944
1.79,2943
1.80,2942
1.80,2941
1.80,2940
1.80,2939
1.80,2938
1.81,2937
1.81,2936
1.81,2935
1.81,2934
1.81,2933
1.81,2932
1.82,2931
1.82,2930
1.82,2929
1.82,2928
1.82,2927
1.83,2926
1.83,2925
1.83,2924
1.83,2923
1.83,2922
1.83,2921
1.84,2920
1.84,2919
1.84,2918
1.84,2917
1.84,2916
1.85,2915
1.85,2914
1.85,2913
1.85,2912
1.85,2911
1.86,2910
1.86,2909
1.86,2908
1.86,2907
1.86,2906
1.86,2905
1.87,2904
1.87,2903
1.87,2902
1.87,2901
1.87,2900
1.88,2899
1.88,2898
1.88,2897
1.88,2896
1.88,2895
1.88,2894
1.89,2893
1.89,2892
1.89,2891
1.89,2890
1.89,2889
1.90,2888
1.90,2887
1.90,2886
1.90,2885
1.90,2884
1.91,2883
1.91,2882
1.91,2881
1.91,2880
1.91,2879
1.91,2878
1.92,2877
1.92,2876
1.92,2875
1.92,2874
1.92,2873
1.93,2872
1.93,2871
1.93,2870
1.93,2869
1.93,2868
1.94,2867
1.94,2866
1.94,2865
1.94,2864
1.94,2863
1.94,2862
1.95,2861
1.95,2860
1.95,2859
1.95,2858
1.95,2857
1.96,2856
1.96,2855
1.96,2854
1.96,2853
1.96,2852
1.96,2851
1.97,2850
1.97,2849
1.97,2848
1.97,2847
1.97,2846
1.98,2845
1.98,2844
1.98,2843
1.98,2842
1.98,2841
1.99,2840
1.99,2839
1.99,2838
1.99,2837
1.99,2836
1.99,2835
2.00,2834
2.00,2833
2.00,2832
2.00,2831
2.00,2830
2.01,2829
2.01,2828
2.01,2827
2.01,2826
2.01,2825
2.02,2824
2.02,2823
2.02,2822
2.02,2821
2.03,2820
2.03,2819
2.03,2818
2.03,2817
2.03,2816
2.04,2815
2.04,2814
2.04,2813
2.04,2812
2.04,2811
2.05,2810
2.05,2809
2.05,2808
2.05,2807
2.06,2806
2.06,2805
2.06,2804
2.06,2803
2.06,2802
2.07,2801
2.07,2800
2.07,2799
2.07,2798
2.08,2797
2.08,2796
2.08,2795
2.08,2794
2.08,2793
2.09,2792
2.09,2791
2.09,2790
2.09,2789
2.10,2788
2.10,2787
2.10,2786
2.10,2785
2.10,2784
2.11,2783
2.11,2782
2.11,2781
2.11,2780
2.12,2779
2.12,2778
2.12,2777
2.12,2776
2.13,2775
2.13,2774
2.13,2773
2.13,2772
2.13,2771
2.14,2770
2.14,2769
2.14,2768
2.14,2767
2.15,2766
2.15,2765
2.15,2764
2.15,2763
2.16,2762
2.16,2761
2.16,2760
2.16,2759
2.16,2758
2.17,2757
2.17,2756
2.17,2755
2.17,2754
2.18,2753
2.18,2752
2.18,2751
2.18,2750
2.18,2749
2.19,2748
2.19,2747
2.19,2746
2.19,2745
2.20,2744
2.20,2743
2.20,2742
2.20,2741
2.21,2740
2.21,2739
2.21,2738
2.21,2737
2.21,2736
2.22,2735
2.22,2734
2.22,2733
2.22,2732
2.23,2731
2.23,2730
2.23,2729
2.23,2728
2.23,2727
2.24,2726
2.24,2725
2.24,2724
2.24,2723
2.25,2722
2.25,2721
2.25,2720
2.25,2719
2.25,2718
2.26,2717
2.26,2716
2.26,2715
2.26,2714
2.27,2713
2.27,2712
2.27,2711
2.27,2710
2.27,2709
2.28,2708
2.28,2707
2.28,2706
2.28,2705
2.29,2704
2.29,2703
2.29,2702
2.29,2701
2.29,2700
2.30,2699
2.30,2698
2.30,2697
2.30,2696
2.31,2695
2.31,2694
2.31,2693
2.31,2692
2.31,2691
2.32,2690
2.32,2689
2.32,2688
2.32,2687
2.33,2686
2.33,2685
2.33,2684
2.33,2683
2.33,2682
2.34,2681
2.34,2680
2.34,2679
2.34,2678
2.34,2677
2.35,2676
2.35,2675
2.35,2674
2.35,2673
2.36,2672
2.36,2671
2.36,2670
2.36,2669
2.36,2668
2.37,2667
2.37,2666
2.37,2665
2.37,2664
2.38,2663
2.38,2662
2.38,2661
2.38,2660
2.38,2659
2.39,2658
2.39,2657
2.39,2656
2.39,2655
2.40,2654
2.40,2653
2.40,2652
2.40,2651
2.40,2650
2.41,2649
2.41,2648
2.41,2647
2.42,2646
2.42,2645
2.42,2644
2.42,2643
2.42,2642
2.42,2641
2.43,2640
2.43,2639
2.43,2638
2.43,2637
2.43,2636
2.44,2635
2.44,2634
2.44,2633
2.44,2632
2.44,2631
2.44,2630
2.45,2629
2.45,2628
2.45,2627
2.45,2626
2.45,2625
2.46,2624
2.46,2623
2.46,2622
2.46,2621
2.46,2620
2.46,2619
2.47,2618
2.47,2617
2.47,2616
2.47,2615
2.47,2614
2.48,2613
2.48,2612
2.48,2611
2.48,2610
2.48,2609
2.48,2608
2.49,2607
2.49,2606
2.49,2605
2.49,2604
2.49,2603
2.49,2602
2.50,2601
2.50,2600
2.50,2599
2.50,2598
2.50,2597
2.51,2596
2.51,2595
2.51,2594
2.51,2593
2.51,2592
2.51,2591
2.52,2590
2.52,2589
2.52,2588
2.52,2587
2.52,2586
2.52,2585
2.53,2584
2.53,2583
2.53,2582
2.53,2581
2.53,2580
2.54,2579
2.54,2578
2.54,2577
2.54,2576
2.54,2575
2.54,2574
2.55,2573
2.55,2572
2.55,2571
2.55,2570
2.55,2569
2.56,2568
2.56,2567
2.56,2566
2.56,2565
2.56,2564
2.56,2563
2.57,2562
2.57,2561
2.57,2560
2.57,2559
2.57,2558
2.57,2557
2.58,2556
2.58,2555
2.58,2554
2.58,2553
2.58,2552
2.59,2551
2.59,2550
2.59,2549
2.59,2548
2.59,2547
2.59,2546
2.60,2545
2.60,2544
2.60,2543
2.60,2542
2.60,2541
2.60,2540
2.61,2539
2.61,2538
2.61,2537
2.61,2536
2.61,2535
2.62,2534
2.62,2533
2.62,2532
2.62,2531
2.62,2530
2.62,2529
2.63,2528
2.63,2527
2.63,2526
2.63,2525
2.63,2524
2.63,2523
2.64,2522
2.64,2521
2.64,2520
2.64,2519
2.64,2518
2.65,2517
2.65,2516
2.65,2515
2.65,2514
2.65,2513
2.65,2512
2.66,2511
2.66,2510
2.66,2509
2.66,2508
2.66,2507
2.66,2506
2.67,2505
2.67,2504
2.67,2503
2.67,2502
2.67,2501
2.68,2500
2.68,2499
2.68,2498
2.68,2497
2.68,2496
2.68,2495
2.69,2494
2.69,2493
2.69,2492
2.69,2491
2.69,2490
2.69,2489
2.70,2488
2.70,2487
2.70,2486
2.70,2485
2.70,2484
2.71,2483
2.71,2482
2.71,2481
2.71,2480
2.71,2479
2.71,2478
2.72,2477
2.72,2476
2.72,2475
2.72,2474
2.72,2473
2.72,2472
2.73,2471
2.73,2470
2.73,2469
2.73,2468
2.73,2467
2.73,2466
2.74,2465
2.74,2464
2.74,2463
2.74,2462
2.74,2461
2.75,2460
2.75,2459
2.75,2458
2.75,2457
2.75,2456
2.75,2455
2.76,2454
2.76,2453
2.76,2452
2.76,2451
2.76,2450
2.76,2449
2.77,2448
2.77,2447
2.77,2446
2.77,2445
2.77,2444
2.77,2443
2.78,2442
2.78,2441
2.78,2440
2.78,2439
2.78,2438
2.79,2437
2.79,2436
2.79,2435
2.79,2434
2.79,2433
2.79,2432
2.80,2431
2.80,2430
2.80,2429
2.80,2428
2.80,2427
2.80,2426
2.81,2425
2.81,2424
2.81,2423
2.81,2422
2.81,2421
2.81,2420
2.82,2419
2.82,2418
2.82,2417
2.82,2416
2.82,2415
2.83,2414
2.83,2413
2.83,2412
2.83,2411
2.83,2410
2.83,2409
2.84,2408
2.84,2407
2.84,2406
2.84,2405
2.84,2404
2.84,2403
2.85,2402
2.85,2401
2.85,2400
2.87,2399
2.87,2398
