0.10,3672
0.16,3671
0.18,3670
0.18,3669
0.19,3668
0.20,3667
0.21,3666
0.22,3665
0.22,3664
0.23,3663
0.24,3662
0.24,3661
0.25,3660
0.25,3659
0.26,3658
0.26,3657
0.27,3656
0.28,3655
0.28,3654
0.29,3653
0.29,3652
0.30,3651
0.30,3650
0.31,3649
0.32,3648
0.32,3647
0.33,3646
0.33,3645
0.34,3644
0.34,3643
0.35,3642
0.35,3641
0.36,3640
0.36,3639
0.37,3638
0.37,3637
0.38,3636
0.38,3635
0.39,3634
0.39,3633
0.39,3632
0.40,3631
0.40,3630
0.41,3629
0.41,3628
0.42,3627
0.42,3626
0.43,3625
0.43,3624
0.43,3623
0.43,3622
0.44,3621
0.44,3620
0.44,3619
0.44,3618
0.45,3617
0.45,3616
0.45,3615
0.45,3614
0.45,3613
0.46,3612
0.46,3611
0.46,3610
0.46,3609
0.47,3608
0.47,3607
0.47,3606
0.47,3605
0.48,3604
0.48,3603
0.48,3602
0.48,3601
0.48,3600
0.49,3599
0.49,3598
0.49,3597
0.49,3596
0.50,3595
0.50,3594
0.50,3593
0.50,3592
0.51,3591
0.51,3590
0.51,3589
0.51,3588
0.51,3587
0.52,3586
0.52,3585
0.52,3584
0.52,3583
0.53,3582
0.53,3581
0.53,3580
0.53,3579
0.54,3578
0.54,3577
0.54,3576
0.54,3575
0.54,3574
0.55,3573
0.55,3572
0.55,3571
0.55,3570
0.56,3569
0.56,3568
0.56,3567
0.56,3566
0.56,3565
0.57,3564
0.57,3563
0.57,3562
0.57,3561
0.58,3560
0.58,3559
0.58,3558
0.58,3557
0.58,3556
0.59,3555
0.59,3554
0.59,3553
0.59,3552
0.60,3551
0.60,3550
0.60,3549
0.60,3548
0.61,3547
0.61,3546
0.61,3545
0.61,3544
0.62,3543
0.62,3542
0.62,3541
0.62,3540
0.63,3539
0.63,3538
0.63,3537
0.63,3536
0.64,3535
0.64,3534
0.64,3533
0.64,3532
0.65,3531
0.65,3530
0.65,3529
0.65,3528
0.65,3527
0.66,3526
0.66,3525
0.66,3524
0.66,3523
0.67,3522
0.67,3521
0.67,3520
0.67,3519
0.68,3518
0.68,3517
0.68,3516
0.68,3515
0.68,3514
0.69,3513
0.69,3512
0.69,3511
0.69,3510
0.70,3509
0.70,3508
0.70,3507
0.70,3506
0.70,3505
0.71,3504
0.71,3503
0.71,3502
0.71,3501
0.71,3500
0.72,3499
0.72,3498
0.72,3497
0.72,3496
0.73,3495
0.73,3494
0.73,3493
0.73,3492
0.73,3491
0.74,3490
0.74,3489
0.74,3488
0.74,3487
0.74,3486
0.75,3485
0.75,3484
0.75,3483
0.75,3482
0.76,3481
0.76,3480
0.76,3479
0.76,3478
0.76,3477
0.77,3476
0.77,3475
0.77,3474
0.77,3473
0.78,3472
0.78,3471
0.78,3470
0.78,3469
0.78,3468
0.79,3467
0.79,3466
0.79,3465
0.79,3464
0.80,3463
0.80,3462
0.80,3461
0.80,3460
0.80,3459
0.81,3458
0.81,3457
0.81,3456
0.81,3455
0.82,3454
0.82,3453
0.82,3452
0.82,3451
0.83,3450
0.83,3449
0.83,3448
0.83,3447
0.83,3446
0.84,3445
0.84,3444
0.84,3443
0.84,3442
0.84,3441
0.85,3440
0.85,3439
0.85,3438
0.85,3437
0.86,3436
0.86,3435
0.86,3434
0.86,3433
0.87,3432
0.87,3431
0.87,3430
0.87,3429
0.87,3428
0.88,3427
0.88,3426
0.88,3425
0.88,3424
0.89,3423
0.89,3422
0.89,3421
0.89,3420
0.89,3419
0.90,3418
0.90,3417
0.90,3416
0.90,3415
0.91,3414
0.91,3413
0.91,3412
0.91,3411
0.91,3410
0.92,3409
0.92,3408
0.92,3407
0.92,3406
0.93,3405
0.93,3404
0.93,3403
0.93,3402
0.93,3401
0.94,3400
0.94,3399
0.94,3398
0.94,3397
0.95,3396
0.95,3395
0.95,3394
0.95,3393
0.96,3392
0.96,3391
0.96,3390
0.96,3389
0.97,3388
0.97,3387
0.97,3386
0.97,3385
0.97,3384
0.98,3383
0.98,3382
0.98,3381
0.98,3380
0.98,3379
0.99,3378
0.99,3377
0.99,3376
0.99,3375
1.00,3374
1.00,3373
1.00,3372
1.01,3371
1.01,3370
1.01,3369
1.01,3368
1.01,3367
1.02,3366
1.02,3365
1.02,3364
1.02,3363
1.03,3362
1.03,3361
1.03,3360
1.03,3359
1.03,3358
1.04,3357
1.04,3356
1.04,3355
1.04,3354
1.04,3353
1.05,3352
1.05,3351
1.05,3350
1.05,3349
1.05,3348
1.06,3347
1.06,3346
1.06,3345
1.06,3344
1.06,3343
1.07,3342
1.07,3341
1.07,3340
1.07,3339
1.08,3338
1.08,3337
1.08,3336
1.08,3335
1.08,3334
1.09,3333
1.09,3332
1.09,3331
1.09,3330
1.10,3329
1.10,3328
1.10,3327
1.10,3326
1.10,3325
1.11,3324
1.11,3323
1.11,3322
1.11,3321
1.11,3320
1.12,3319
1.12,3318
1.12,3317
1.12,3316
1.12,3315
1.13,3314
1.13,3313
1.13,3312
1.13,3311
1.13,3310
1.14,3309
1.14,3308
1.14,3307
1.14,3306
1.15,3305
1.15,3304
1.15,3303
1.15,3302
1.15,3301
1.16,3300
1.16,3299
1.16,3298
1.16,3297
1.16,3296
1.17,3295
1.17,3294
1.17,3293
1.17,3292
1.17,3291
1.18,3290
1.18,3289
1.18,3288
1.18,3287
1.18,3286
1.19,3285
1.19,3284
1.19,3283
1.19,3282
1.20,3281
1.20,3280
1.20,3279
1.20,3278
1.21,3277
1.21,3276
1.21,3275
1.21,3274
1.22,3273
1.22,3272
1.22,3271
1.22,3270
1.22,3269
1.23,3268
1.23,3267
1.23,3266
1.23,3265
1.24,3264
1.24,3263
1.24,3262
1.25,3261
1.25,3260
1.25,3259
1.25,3258
1.25,3257
1.26,3256
1.26,3255
1.26,3254
1.26,3253
1.27,3252
1.27,3251
1.27,3250
1.28,3249
1.28,3248
1.28,3247
1.28,3246
1.28,3245
1.29,3244
1.29,3243
1.29,3242
1.29,3241
1.30,3240
1.30,3239
1.30,3238
1.30,3237
1.31,3236
1.31,3235
1.31,3234
1.31,3233
1.32,3232
1.32,3231
1.32,3230
1.32,3229
1.33,3228
1.33,3227
1.33,3226
1.33,3225
1.34,3224
1.34,3223
1.34,3222
1.34,3221
1.35,3220
1.35,3219
1.35,3218
1.35,3217
1.36,3216
1.36,3215
1.36,3214
1.36,3213
1.37,3212
1.37,3211
1.37,3210
1.37,3209
1.38,3208
1.38,3207
1.39,3206
1.39,3205
1.39,3204
1.39,3203
1.39,3202
1.40,3201
1.40,3200
1.40,3199
1.40,3198
1.40,3197
1.41,3196
1.41,3195
1.41,3194
1.41,3193
1.41,3192
1.42,3191
1.42,3190
1.42,3189
1.42,3188
1.42,3187
1.43,3186
1.43,3185
1.43,3184
1.43,3183
1.43,3182
1.44,3181
1.44,3180
1.44,3179
1.44,3178
1.44,3177
1.45,3176
1.45,3175
1.45,3174
1.45,3173
1.45,3172
1.46,3171
1.46,3170
1.46,3169
1.46,3168
1.47,3167
1.47,3166
1.47,3165
1.47,3164
1.47,3163
1.48,3162
1.48,3161
1.48,3160
1.48,3159
1.48,3158
1.49,3157
1.49,3156
1.49,3155
1.49,3154
1.49,3153
1.50,3152
1.50,3151
1.50,3150
1.50,3149
1.50,3148
1.51,3147
1.51,3146
1.51,3145
1.51,3144
1.51,3143
1.52,3142
1.52,3141
1.52,3140
1.52,3139
1.52,3138
1.53,3137
1.53,3136
1.53,3135
1.53,3134
1.54,3133
1.54,3132
1.54,3131
1.54,3130
1.54,3129
1.55,3128
1.55,3127
1.55,3126
1.55,3125
1.55,3124
1.56,3123
1.56,3122
1.56,3121
1.56,3120
1.56,3119
1.57,3118
1.57,3117
1.57,3116
1.57,3115
1.57,3114
1.58,3113
1.58,3112
1.58,3111
1.58,3110
1.58,3109
1.59,3108
1.59,3107
1.59,3106
1.59,3105
1.59,3104
1.60,3103
1.60,3102
1.60,3101
1.60,3100
1.60,3099
1.61,3098
1.61,3097
1.61,3096
1.61,3095
1.61,3094
1.62,3093
1.62,3092
1.62,3091
1.62,3090
1.63,3089
1.63,3088
1.63,3087
1.63,3086
1.63,3085
1.64,3084
1.64,3083
1.64,3082
1.64,3081
1.64,3080
1.65,3079
1.65,3078
1.65,3077
1.65,3076
1.65,3075
1.66,3074
1.66,3073
1.66,3072
1.66,3071
1.66,3070
1.67,3069
1.67,3068
1.67,3067
1.67,3066
1.67,3065
1.68,3064
1.68,3063
1.68,3062
1.68,3061
1.68,3060
1.69,3059
1.69,3058
1.69,3057
1.69,3056
1.69,3055
1.70,3054
1.70,3053
1.70,3052
1.70,3051
1.70,3050
1.71,3049
1.71,3048
1.71,3047
1.71,3046
1.71,3045
1.72,3044
1.72,3043
1.72,3042
1.72,3041
1.72,3040
1.73,3039
1.73,3038
1.73,3037
1.73,3036
1.73,3035
1.74,3034
1.74,3033
1.74,3032
1.75,3031
1.75,3030
1.75,3029
1.75,3028
1.75,3027
1.76,3026
1.76,3025
1.76,3024
1.76,3023
1.76,3022
1.77,3021
1.77,3020
1.77,3019
1.77,3018
1.77,3017
1.78,3016
1.78,3015
1.78,3014
1.78,3013
1.79,3012
1.79,3011
1.79,3010
1.79,3009
1.79,3008
1.80,3007
1.80,3006
1.80,3005
1.80,3004
1.80,3003
1.81,3002
1.81,3001
1.81,3000
1.81,2999
1.81,2998
1.82,2997
1.82,2996
1.82,2995
1.82,2994
1.82,2993
1.83,2992
1.83,2991
1.83,2990
1.83,2989
1.83,2988
1.84,2987
1.84,2986
1.84,2985
1.84,2984
1.84,2983
1.85,2982
1.85,2981
1.85,2980
1.85,2979
1.86,2978
1.86,2977
1.86,2976
1.86,2975
1.86,2974
1.87,2973
1.87,2972
1.87,2971
1.87,2970
1.87,2969
1.88,2968
1.88,2967
1.88,2966
1.88,2965
1.88,2964
1.89,2963
1.89,2962
1.89,2961
1.89,2960
1.89,2959
1.90,2958
1.90,2957
1.90,2956
1.90,2955
1.90,2954
1.91,2953
1.91,2952
1.91,2951
1.91,2950
1.91,2949
1.92,2948
1.92,2947
1.92,2946
1.92,2945
1.92,2944
1.93,2943
1.93,2942
1.93,2941
1.93,2940
1.93,2939
1.94,2938
1.94,2937
1.94,2936
1.94,2935
1.94,2934
1.95,2933
1.95,2932
1.95,2931
1.95,2930
1.95,2929
1.96,2928
1.96,2927
1.96,2926
1.96,2925
1.97,2924
1.97,2923
1.97,2922
1.97,2921
1.98,2920
1.98,2919
1.98,2918
1.98,2917
1.98,2916
1.99,2915
1.99,2914
1.99,2913
1.99,2912
2.00,2911
2.00,2910
2.00,2909
2.00,2908
2.00,2907
2.01,2906
2.01,2905
2.01,2904
2.01,2903
2.01,2902
2.02,2901
2.02,2900
2.02,2899
2.02,2898
2.02,2897
2.03,2896
2.03,2895
2.03,2894
2.03,2893
2.04,2892
2.04,2891
2.04,2890
2.04,2889
2.04,2888
2.05,2887
2.05,2886
2.05,2885
2.05,2884
2.05,2883
2.06,2882
2.06,2881
2.06,2880
2.06,2879
2.06,2878
2.07,2877
2.07,2876
2.07,2875
2.07,2874
2.07,2873
2.08,2872
2.08,2871
2.08,2870
2.08,2869
2.08,2868
2.09,2867
2.09,2866
2.09,2865
2.09,2864
2.09,2863
2.10,2862
2.10,2861
2.10,2860
2.10,2859
2.11,2858
2.11,2857
2.11,2856
2.11,2855
2.12,2854
2.12,2853
2.12,2852
2.12,2851
2.12,2850
2.13,2849
2.13,2848
2.13,2847
2.13,2846
2.13,2845
2.14,2844
2.14,2843
2.14,2842
2.14,2841
2.14,2840
2.15,2839
2.15,2838
2.15,2837
2.15,2836
2.15,2835
2.16,2834
2.16,2833
2.16,2832
2.16,2831
2.16,2830
2.17,2829
2.17,2828
2.17,2827
2.17,2826
2.17,2825
2.18,2824
2.18,2823
2.18,2822
2.18,2821
2.18,2820
2.19,2819
2.19,2818
2.19,2817
2.19,2816
2.19,2815
2.20,2814
2.20,2813
2.20,2812
2.20,2811
2.20,2810
2.21,2809
2.21,2808
2.21,2807
2.21,2806
2.21,2805
2.22,2804
2.22,2803
2.22,2802
2.22,2801
2.22,2800
2.23,2799
2.23,2798
2.23,2797
2.23,2796
2.23,2795
2.24,2794
2.24,2793
2.24,2792
2.24,2791
2.24,2790
2.25,2789
2.25,2788
2.25,2787
2.25,2786
2.25,2785
2.26,2784
2.26,2783
2.26,2782
2.26,2781
2.26,2780
2.27,2779
2.27,2778
2.27,2777
2.27,2776
2.27,2775
2.28,2774
2.28,2773
2.28,2772
2.28,2771
2.28,2770
2.29,2769
2.29,2768
2.29,2767
2.29,2766
2.29,2765
2.30,2764
2.30,2763
2.30,2762
2.30,2761
2.30,2760
2.31,2759
2.31,2758
2.31,2757
2.31,2756
2.31,2755
2.31,2754
2.32,2753
2.32,2752
2.32,2751
2.32,2750
2.32,2749
2.33,2748
2.33,2747
2.33,2746
2.33,2745
2.33,2744
2.34,2743
2.34,2742
2.34,2741
2.34,2740
2.34,2739
2.35,2738
2.35,2737
2.35,2736
2.35,2735
2.35,2734
2.36,2733
2.36,2732
2.36,2731
2.36,2730
2.36,2729
2.37,2728
2.37,2727
2.37,2726
2.37,2725
2.37,2724
2.38,2723
2.38,2722
2.38,2721
2.38,2720
2.38,2719
2.39,2718
2.39,2717
2.39,2716
2.39,2715
2.39,2714
2.40,2713
2.40,2712
2.40,2711
2.40,2710
2.40,2709
2.41,2708
2.41,2707
2.41,2706
2.41,2705
2.41,2704
2.42,2703
2.42,2702
2.42,2701
2.42,2700
2.42,2699
2.43,2698
2.43,2697
2.43,2696
2.43,2695
2.43,2694
2.44,2693
2.44,2692
2.44,2691
2.44,2690
2.44,2689
2.44,2688
2.45,2687
2.45,2686
2.45,2685
2.45,2684
2.46,2683
2.46,2682
2.46,2681
2.46,2680
2.46,2679
2.47,2678
2.47,2677
2.47,2676
2.47,2675
2.47,2674
2.48,2673
2.48,2672
2.48,2671
2.48,2670
2.48,2669
2.48,2668
2.49,2667
2.49,2666
2.49,2665
2.49,2664
2.50,2663
2.50,2662
2.50,2661
2.50,2660
2.50,2659
2.50,2658
2.51,2657
2.51,2656
2.51,2655
2.51,2654
2.51,2653
2.52,2652
2.52,2651
2.52,2650
2.52,2649
2.53,2648
2.53,2647
2.53,2646
2.53,2645
2.53,2644
2.53,2643
2.54,2642
2.54,2641
2.54,2640
2.54,2639
2.54,2638
2.55,2637
2.55,2636
2.55,2635
2.55,2634
2.55,2633
2.56,2632
2.56,2631
2.56,2630
2.56,2629
2.56,2628
2.57,2627
2.57,2626
2.57,2625
2.57,2624
2.57,2623
2.58,2622
2.58,2621
2.58,2620
2.58,2619
2.58,2618
2.59,2617
2.59,2616
2.59,2615
2.59,2614
2.59,2613
2.60,2612
2.60,2611
2.60,2610
2.60,2609
2.60,2608
2.61,2607
2.61,2606
2.61,2605
2.61,2604
2.61,2603
2.62,2602
2.62,2601
2.62,2600
2.62,2599
2.62,2598
2.63,2597
2.63,2596
2.63,2595
2.63,2594
2.63,2593
2.63,2592
2.64,2591
2.64,2590
2.64,2589
2.64,2588
2.64,2587
2.65,2586
2.65,2585
2.65,2584
2.65,2583
2.65,2582
2.66,2581
2.66,2580
2.66,2579
2.66,2578
2.66,2577
2.67,2576
2.67,2575
2.67,2574
2.67,2573
2.67,2572
2.68,2571
2.68,2570
2.68,2569
2.68,2568
2.68,2567
2.69,2566
2.69,2565
2.69,2564
2.69,2563
2.69,2562
2.70,2561
2.70,2560
2.70,2559
2.70,2558
2.70,2557
2.70,2556
2.71,2555
2.71,2554
2.71,2553
2.71,2552
2.71,2551
2.72,2550
2.72,2549
2.72,2548
2.72,2547
2.72,2546
2.73,2545
2.73,2544
2.73,2543
2.73,2542
2.73,2541
2.74,2540
2.74,2539
2.74,2538
2.74,2537
2.74,2536
2.75,2535
2.75,2534
2.75,2533
2.75,2532
2.75,2531
2.76,2530
2.76,2529
2.76,2528
2.76,2527
2.76,2526
2.76,2525
2.77,2524
2.77,2523
2.77,2522
2.77,2521
2.77,2520
2.78,2519
2.78,2518
2.78,2517
2.78,2516
2.78,2515
2.79,2514
2.79,2513
2.79,2512
2.79,2511
2.79,2510
2.80,2509
2.80,2508
2.80,2507
2.80,2506
2.80,2505
2.81,2504
2.81,2503
2.81,2502
2.81,2501
2.81,2500
2.82,2499
2.82,2498
2.82,2497
2.82,2496
2.82,2495
2.83,2494
2.83,2493
2.83,2492
2.83,2491
2.83,2490
2.84,2489
2.84,2488
2.84,2487
2.84,2486
2.84,2485
2.84,2484
2.85,2483
2.85,2482
2.85,2481
2.85,2480
2.85,2479
2.86,2478
2.86,2477
2.86,2476
2.86,2475
2.86,2474
2.87,2473
2.87,2472
2.87,2471
2.87,2470
2.87,2469
2.88,2468
2.88,2467
2.88,2466
2.88,2465
2.88,2464
2.89,2463
2.89,2462
2.89,2461
2.89,2460
2.89,2459
2.89,2458
2.90,2457
2.90,2456
2.90,2455
2.90,2454
2.90,2453
2.91,2452
2.91,2451
2.91,2450
2.91,2449
2.91,2448
2.92,2447
2.92,2446
2.92,2445
2.92,2444
2.92,2443
2.93,2442
2.93,2441
2.93,2440
2.93,2439
2.93,2438
2.94,2437
2.94,2436
2.94,2435
2.94,2434
2.94,2433
2.95,2432
2.95,2431
2.95,2430
2.95,2429
2.95,2428
2.95,2427
2.96,2426
2.96,2425
2.96,2424
2.96,2423
2.96,2422
2.97,2421
2.97,2420
2.97,2419
2.97,2418
2.97,2417
2.98,2416
2.98,2415
2.98,2414
2.98,2413
2.98,2412
2.99,2411
2.99,2410
2.99,2409
2.99,2408
2.99,2407
3.00,2406
3.00,2405
3.00,2404
3.00,2403
3.00,2402
3.01,2401
3.01,2400
3.01,2399
3.01,2398
3.01,2397
3.02,2396
3.02,2395
3.02,2394
3.02,2393
3.02,2392
3.02,2391
3.03,2390
3.03,2389
3.03,2388
3.03,2387
3.03,2386
3.04,2385
3.04,2384
3.04,2383
3.04,2382
3.04,2381
3.05,2380
3.05,2379
3.05,2378
