0.10,3640
0.17,3639
0.18,3638
0.19,3637
0.20,3636
0.21,3635
0.21,3634
0.22,3633
0.23,3632
0.23,3631
0.24,3630
0.25,3629
0.25,3628
0.26,3627
0.27,3626
0.27,3625
0.28,3624
0.28,3623
0.29,3622
0.29,3621
0.30,3620
0.31,3619
0.31,3618
0.32,3617
0.32,3616
0.33,3615
0.33,3614
0.34,3613
0.34,3612
0.35,3611
0.36,3610
0.36,3609
0.37,3608
0.38,3607
0.38,3606
0.39,3605
0.39,3604
0.40,3603
0.40,3602
0.41,3601
0.41,3600
0.42,3599
0.42,3598
0.43,3597
0.43,3596
0.44,3595
0.44,3594
0.45,3593
0.45,3592
0.45,3591
0.45,3590
0.46,3589
0.46,3588
0.46,3587
0.46,3586
0.47,3585
0.47,3584
0.47,3583
0.47,3582
0.47,3581
0.48,3580
0.48,3579
0.48,3578
0.48,3577
0.49,3576
0.49,3575
0.49,3574
0.49,3573
0.49,3572
0.50,3571
0.50,3570
0.50,3569
0.50,3568
0.51,3567
0.51,3566
0.51,3565
0.51,3564
0.51,3563
0.52,3562
0.52,3561
0.52,3560
0.52,3559
0.52,3558
0.53,3557
0.53,3556
0.53,3555
0.53,3554
0.54,3553
0.54,3552
0.54,3551
0.54,3550
0.54,3549
0.55,3548
0.55,3547
0.55,3546
0.55,3545
0.56,3544
0.56,3543
0.56,3542
0.56,3541
0.56,3540
0.57,3539
0.57,3538
0.57,3537
0.57,3536
0.58,3535
0.58,3534
0.58,3533
0.58,3532
0.58,3531
0.59,3530
0.59,3529
0.59,3528
0.59,3527
0.60,3526
0.60,3525
0.60,3524
0.60,3523
0.60,3522
0.61,3521
0.61,3520
0.61,3519
0.61,3518
0.62,3517
0.62,3516
0.62,3515
0.62,3514
0.63,3513
0.63,3512
0.63,3511
0.64,3510
0.64,3509
0.64,3508
0.64,3507
0.64,3506
0.65,3505
0.65,3504
0.65,3503
0.65,3502
0.66,3501
0.66,3500
0.66,3499
0.66,3498
0.66,3497
0.67,3496
0.67,3495
0.67,3494
0.67,3493
0.68,3492
0.68,3491
0.68,3490
0.68,3489
0.68,3488
0.69,3487
0.69,3486
0.69,3485
0.69,3484
0.70,3483
0.70,3482
0.70,3481
0.70,3480
0.70,3479
0.71,3478
0.71,3477
0.71,3476
0.71,3475
0.72,3474
0.72,3473
0.72,3472
0.72,3471
0.72,3470
0.73,3469
0.73,3468
0.73,3467
0.73,3466
0.74,3465
0.74,3464
0.74,3463
0.74,3462
0.74,3461
0.75,3460
0.75,3459
0.75,3458
0.75,3457
0.76,3456
0.76,3455
0.76,3454
0.76,3453
0.76,3452
0.77,3451
0.77,3450
0.77,3449
0.77,3448
0.77,3447
0.78,3446
0.78,3445
0.78,3444
0.78,3443
0.79,3442
0.79,3441
0.79,3440
0.79,3439
0.79,3438
0.80,3437
0.80,3436
0.80,3435
0.80,3434
0.81,3433
0.81,3432
0.81,3431
0.81,3430
0.81,3429
0.82,3428
0.82,3427
0.82,3426
0.83,3425
0.83,3424
0.83,3423
0.83,3422
0.83,3421
0.84,3420
0.84,3419
0.84,3418
0.84,3417
0.85,3416
0.85,3415
0.85,3414
0.85,3413
0.85,3412
0.86,3411
0.86,3410
0.86,3409
0.86,3408
0.87,3407
0.87,3406
0.87,3405
0.87,3404
0.87,3403
0.88,3402
0.88,3401
0.88,3400
0.88,3399
0.89,3398
0.89,3397
0.89,3396
0.89,3395
0.90,3394
0.90,3393
0.90,3392
0.90,3391
0.90,3390
0.91,3389
0.91,3388
0.91,3387
0.91,3386
0.92,3385
0.92,3384
0.92,3383
0.92,3382
0.92,3381
0.93,3380
0.93,3379
0.93,3378
0.93,3377
0.94,3376
0.94,3375
0.94,3374
0.94,3373
0.95,3372
0.95,3371
0.95,3370
0.95,3369
0.96,3368
0.96,3367
0.96,3366
0.96,3365
0.96,3364
0.97,3363
0.97,3362
0.97,3361
0.97,3360
0.98,3359
0.98,3358
0.98,3357
0.98,3356
0.98,3355
0.99,3354
0.99,3353
0.99,3352
0.99,3351
1.00,3350
1.00,3349
1.00,3348
1.00,3347
1.00,3346
1.01,3345
1.01,3344
1.01,3343
1.02,3342
1.02,3341
1.02,3340
1.02,3339
1.03,3338
1.03,3337
1.03,3336
1.03,3335
1.03,3334
1.04,3333
1.04,3332
1.04,3331
1.04,3330
1.05,3329
1.05,3328
1.05,3327
1.05,3326
1.05,3325
1.06,3324
1.06,3323
1.06,3322
1.06,3321
1.07,3320
1.07,3319
1.07,3318
1.07,3317
1.07,3316
1.08,3315
1.08,3314
1.08,3313
1.08,3312
1.08,3311
1.09,3310
1.09,3309
1.09,3308
1.09,3307
1.10,3306
1.10,3305
1.10,3304
1.10,3303
1.10,3302
1.11,3301
1.11,3300
1.11,3299
1.11,3298
1.12,3297
1.12,3296
1.12,3295
1.12,3294
1.13,3293
1.13,3292
1.13,3291
1.13,3290
1.13,3289
1.14,3288
1.14,3287
1.14,3286
1.14,3285
1.15,3284
1.15,3283
1.15,3282
1.15,3281
1.15,3280
1.16,3279
1.16,3278
1.16,3277
1.16,3276
1.17,3275
1.17,3274
1.17,3273
1.17,3272
1.17,3271
1.18,3270
1.18,3269
1.18,3268
1.18,3267
1.18,3266
1.19,3265
1.19,3264
1.19,3263
1.19,3262
1.20,3261
1.20,3260
1.20,3259
1.20,3258
1.20,3257
1.21,3256
1.21,3255
1.21,3254
1.21,3253
1.22,3252
1.22,3251
1.22,3250
1.22,3249
1.23,3248
1.23,3247
1.23,3246
1.23,3245
1.24,3244
1.24,3243
1.24,3242
1.24,3241
1.25,3240
1.25,3239
1.25,3238
1.25,3237
1.26,3236
1.26,3235
1.26,3234
1.26,3233
1.27,3232
1.27,3231
1.27,3230
1.28,3229
1.28,3228
1.28,3227
1.28,3226
1.29,3225
1.29,3224
1.29,3223
1.29,3222
1.30,3221
1.30,3220
1.30,3219
1.30,3218
1.31,3217
1.31,3216
1.31,3215
1.31,3214
1.32,3213
1.32,3212
1.32,3211
1.32,3210
1.33,3209
1.33,3208
1.33,3207
1.33,3206
1.34,3205
1.34,3204
1.34,3203
1.34,3202
1.35,3201
1.35,3200
1.35,3199
1.35,3198
1.36,3197
1.36,3196
1.36,3195
1.36,3194
1.37,3193
1.37,3192
1.37,3191
1.38,3190
1.38,3189
1.38,3188
1.38,3187
1.39,3186
1.39,3185
1.39,3184
1.39,3183
1.40,3182
1.40,3181
1.40,3180
1.40,3179
1.41,3178
1.41,3177
1.41,3176
1.42,3175
1.42,3174
1.42,3173
1.42,3172
1.42,3171
1.43,3170
1.43,3169
1.43,3168
1.43,3167
1.44,3166
1.44,3165
1.44,3164
1.44,3163
1.44,3162
1.45,3161
1.45,3160
1.45,3159
1.45,3158
1.46,3157
1.46,3156
1.46,3155
1.46,3154
1.46,3153
1.47,3152
1.47,3151
1.47,3150
1.47,3149
1.47,3148
1.48,3147
1.48,3146
1.48,3145
1.48,3144
1.49,3143
1.49,3142
1.49,3141
1.49,3140
1.50,3139
1.50,3138
1.50,3137
1.50,3136
1.50,3135
1.51,3134
1.51,3133
1.51,3132
1.51,3131
1.52,3130
1.52,3129
1.52,3128
1.52,3127
1.53,3126
1.53,3125
1.53,3124
1.53,3123
1.53,3122
1.54,3121
1.54,3120
1.54,3119
1.54,3118
1.55,3117
1.55,3116
1.55,3115
1.55,3114
1.55,3113
1.56,3112
1.56,3111
1.56,3110
1.56,3109
1.57,3108
1.57,3107
1.57,3106
1.57,3105
1.57,3104
1.58,3103
1.58,3102
1.58,3101
1.58,3100
1.59,3099
1.59,3098
1.59,3097
1.59,3096
1.59,3095
1.60,3094
1.60,3093
1.60,3092
1.60,3091
1.61,3090
1.61,3089
1.61,3088
1.61,3087
1.61,3086
1.62,3085
1.62,3084
1.62,3083
1.62,3082
1.62,3081
1.63,3080
1.63,3079
1.63,3078
1.63,3077
1.64,3076
1.64,3075
1.64,3074
1.64,3073
1.64,3072
1.65,3071
1.65,3070
1.65,3069
1.65,3068
1.66,3067
1.66,3066
1.66,3065
1.66,3064
1.67,3063
1.67,3062
1.67,3061
1.67,3060
1.67,3059
1.68,3058
1.68,3057
1.68,3056
1.68,3055
1.69,3054
1.69,3053
1.69,3052
1.69,3051
1.69,3050
1.70,3049
1.70,3048
1.70,3047
1.70,3046
1.71,3045
1.71,3044
1.71,3043
1.71,3042
1.71,3041
1.72,3040
1.72,3039
1.72,3038
1.72,3037
1.72,3036
1.73,3035
1.73,3034
1.73,3033
1.73,3032
1.74,3031
1.74,3030
1.74,3029
1.74,3028
1.74,3027
1.75,3026
1.75,3025
1.75,3024
1.75,3023
1.76,3022
1.76,3021
1.76,3020
1.76,3019
1.76,3018
1.77,3017
1.77,3016
1.77,3015
1.77,3014
1.77,3013
1.78,3012
1.78,3011
1.78,3010
1.78,3009
1.78,3008
1.79,3007
1.79,3006
1.80,3005
1.80,3004
1.80,3003
1.80,3002
1.80,3001
1.81,3000
1.81,2999
1.81,2998
1.81,2997
1.81,2996
1.82,2995
1.82,2994
1.82,2993
1.82,2992
1.82,2991
1.83,2990
1.83,2989
1.83,2988
1.83,2987
1.84,2986
1.84,2985
1.84,2984
1.84,2983
1.84,2982
1.85,2981
1.85,2980
1.85,2979
1.85,2978
1.85,2977
1.86,2976
1.86,2975
1.86,2974
1.86,2973
1.87,2972
1.87,2971
1.87,2970
1.87,2969
1.87,2968
1.88,2967
1.88,2966
1.88,2965
1.88,2964
1.88,2963
1.89,2962
1.89,2961
1.89,2960
1.89,2959
1.89,2958
1.90,2957
1.90,2956
1.90,2955
1.90,2954
1.91,2953
1.91,2952
1.91,2951
1.91,2950
1.91,2949
1.92,2948
1.92,2947
1.92,2946
1.92,2945
1.92,2944
1.93,2943
1.93,2942
1.93,2941
1.93,2940
1.93,2939
1.94,2938
1.94,2937
1.94,2936
1.94,2935
1.94,2934
1.95,2933
1.95,2932
1.95,2931
1.95,2930
1.95,2929
1.96,2928
1.96,2927
1.96,2926
1.96,2925
1.97,2924
1.97,2923
1.97,2922
1.97,2921
1.97,2920
1.98,2919
1.98,2918
1.98,2917
1.98,2916
1.98,2915
1.99,2914
1.99,2913
1.99,2912
1.99,2911
1.99,2910
2.00,2909
2.00,2908
2.00,2907
2.00,2906
2.00,2905
2.01,2904
2.01,2903
2.01,2902
2.01,2901
2.01,2900
2.02,2899
2.02,2898
2.02,2897
2.02,2896
2.03,2895
2.03,2894
2.03,2893
2.03,2892
2.03,2891
2.04,2890
2.04,2889
2.04,2888
2.04,2887
2.04,2886
2.05,2885
2.05,2884
2.05,2883
2.05,2882
2.05,2881
2.06,2880
2.06,2879
2.06,2878
2.06,2877
2.06,2876
2.07,2875
2.07,2874
2.07,2873
2.07,2872
2.07,2871
2.08,2870
2.08,2869
2.08,2868
2.08,2867
2.08,2866
2.09,2865
2.09,2864
2.09,2863
2.09,2862
2.09,2861
2.10,2860
2.10,2859
2.10,2858
2.10,2857
2.11,2856
2.11,2855
2.11,2854
2.11,2853
2.11,2852
2.12,2851
2.12,2850
2.12,2849
2.12,2848
2.12,2847
2.13,2846
2.13,2845
2.13,2844
2.13,2843
2.13,2842
2.14,2841
2.14,2840
2.14,2839
2.14,2838
2.14,2837
2.15,2836
2.15,2835
2.15,2834
2.15,2833
2.16,2832
2.16,2831
2.16,2830
2.17,2829
2.17,2828
2.17,2827
2.17,2826
2.17,2825
2.18,2824
2.18,2823
2.18,2822
2.18,2821
2.18,2820
2.19,2819
2.19,2818
2.19,2817
2.19,2816
2.19,2815
2.20,2814
2.20,2813
2.20,2812
2.20,2811
2.20,2810
2.21,2809
2.21,2808
2.21,2807
2.21,2806
2.21,2805
2.22,2804
2.22,2803
2.22,2802
2.22,2801
2.22,2800
2.23,2799
2.23,2798
2.23,2797
2.23,2796
2.23,2795
2.24,2794
2.24,2793
2.24,2792
2.24,2791
2.24,2790
2.24,2789
2.25,2788
2.25,2787
2.25,2786
2.25,2785
2.25,2784
2.26,2783
2.26,2782
2.26,2781
2.26,2780
2.26,2779
2.27,2778
2.27,2777
2.27,2776
2.27,2775
2.27,2774
2.28,2773
2.28,2772
2.28,2771
2.28,2770
2.28,2769
2.29,2768
2.29,2767
2.29,2766
2.29,2765
2.29,2764
2.30,2763
2.30,2762
2.30,2761
2.30,2760
2.30,2759
2.31,2758
2.31,2757
2.31,2756
2.31,2755
2.31,2754
2.32,2753
2.32,2752
2.32,2751
2.32,2750
2.32,2749
2.32,2748
2.33,2747
2.33,2746
2.33,2745
2.33,2744
2.33,2743
2.34,2742
2.34,2741
2.34,2740
2.34,2739
2.34,2738
2.35,2737
2.35,2736
2.35,2735
2.35,2734
2.35,2733
2.36,2732
2.36,2731
2.36,2730
2.36,2729
2.36,2728
2.37,2727
2.37,2726
2.37,2725
2.37,2724
2.37,2723
2.38,2722
2.38,2721
2.38,2720
2.38,2719
2.38,2718
2.39,2717
2.39,2716
2.39,2715
2.39,2714
2.39,2713
2.40,2712
2.40,2711
2.40,2710
2.40,2709
2.40,2708
2.41,2707
2.41,2706
2.41,2705
2.41,2704
2.41,2703
2.42,2702
2.42,2701
2.42,2700
2.42,2699
2.42,2698
2.43,2697
2.43,2696
2.43,2695
2.43,2694
2.43,2693
2.44,2692
2.44,2691
2.44,2690
2.44,2689
2.44,2688
2.45,2687
2.45,2686
2.45,2685
2.45,2684
2.46,2683
2.46,2682
2.46,2681
2.46,2680
2.46,2679
2.47,2678
2.47,2677
2.47,2676
2.47,2675
2.47,2674
2.48,2673
2.48,2672
2.48,2671
2.48,2670
2.48,2669
2.49,2668
2.49,2667
2.49,2666
2.49,2665
2.49,2664
2.50,2663
2.50,2662
2.50,2661
2.50,2660
2.50,2659
2.51,2658
2.51,2657
2.51,2656
2.51,2655
2.51,2654
2.52,2653
2.52,2652
2.52,2651
2.52,2650
2.52,2649
2.53,2648
2.53,2647
2.53,2646
2.53,2645
2.53,2644
2.54,2643
2.54,2642
2.54,2641
2.54,2640
2.54,2639
2.55,2638
2.55,2637
2.55,2636
2.55,2635
2.56,2634
2.56,2633
2.56,2632
2.56,2631
2.56,2630
2.57,2629
2.57,2628
2.57,2627
2.57,2626
2.57,2625
2.58,2624
2.58,2623
2.58,2622
2.58,2621
2.59,2620
2.59,2619
2.59,2618
2.59,2617
2.60,2616
2.60,2615
2.60,2614
2.60,2613
2.61,2612
2.61,2611
2.61,2610
2.61,2609
2.62,2608
2.62,2607
2.62,2606
2.62,2605
2.62,2604
2.63,2603
2.63,2602
2.63,2601
2.63,2600
2.64,2599
2.64,2598
2.64,2597
2.64,2596
2.65,2595
2.65,2594
2.65,2593
2.65,2592
2.66,2591
2.66,2590
2.66,2589
2.66,2588
2.67,2587
2.67,2586
2.67,2585
2.67,2584
2.68,2583
2.68,2582
2.68,2581
2.68,2580
2.68,2579
2.69,2578
2.69,2577
2.69,2576
2.69,2575
2.70,2574
2.70,2573
2.70,2572
2.70,2571
2.71,2570
2.71,2569
2.71,2568
2.71,2567
2.72,2566
2.72,2565
2.72,2564
2.72,2563
2.72,2562
2.73,2561
2.73,2560
2.73,2559
2.73,2558
2.74,2557
2.74,2556
2.74,2555
2.74,2554
2.75,2553
2.75,2552
2.75,2551
2.75,2550
2.76,2549
2.76,2548
2.76,2547
2.76,2546
2.77,2545
2.77,2544
2.77,2543
2.77,2542
2.77,2541
2.78,2540
2.78,2539
2.78,2538
2.78,2537
2.79,2536
2.79,2535
2.79,2534
2.79,2533
2.80,2532
2.80,2531
2.80,2530
2.80,2529
2.81,2528
2.81,2527
2.81,2526
2.81,2525
2.81,2524
2.82,2523
2.82,2522
2.82,2521
2.82,2520
2.83,2519
2.83,2518
2.83,2517
2.83,2516
2.84,2515
2.84,2514
2.84,2513
2.84,2512
2.84,2511
2.85,2510
2.85,2509
2.85,2508
2.85,2507
2.86,2506
2.86,2505
2.86,2504
2.86,2503
2.87,2502
2.87,2501
2.87,2500
2.87,2499
2.88,2498
2.88,2497
2.88,2496
2.88,2495
2.88,2494
2.89,2493
2.89,2492
2.89,2491
2.89,2490
2.90,2489
2.90,2488
2.90,2487
2.90,2486
2.91,2485
2.91,2484
2.91,2483
2.91,2482
2.91,2481
2.92,2480
2.92,2479
2.92,2478
2.92,2477
2.93,2476
2.93,2475
2.93,2474
2.93,2473
2.94,2472
2.94,2471
2.94,2470
2.94,2469
2.94,2468
2.95,2467
2.95,2466
2.95,2465
2.95,2464
2.96,2463
2.96,2462
2.96,2461
2.96,2460
2.96,2459
2.97,2458
2.97,2457
2.97,2456
2.97,2455
2.97,2454
2.98,2453
2.98,2452
2.98,2451
2.98,2450
2.98,2449
2.99,2448
2.99,2447
2.99,2446
2.99,2445
2.99,2444
3.00,2443
3.00,2442
3.00,2441
3.00,2440
3.00,2439
3.00,2438
3.01,2437
3.01,2436
3.01,2435
3.01,2434
3.01,2433
3.02,2432
3.02,2431
3.02,2430
3.02,2429
3.02,2428
3.03,2427
3.03,2426
3.03,2425
3.03,2424
3.03,2423
3.04,2422
3.04,2421
3.04,2420
3.04,2419
3.04,2418
3.05,2417
3.05,2416
3.05,2415
3.05,2414
3.05,2413
3.06,2412
3.06,2411
3.06,2410
3.06,2409
3.06,2408
3.07,2407
3.07,2406
3.07,2405
3.07,2404
3.07,2403
3.08,2402
3.08,2401
3.08,2400
3.08,2399
3.08,2398
3.09,2397
3.09,2396
3.09,2395
3.09,2394
3.09,2393
3.09,2392
3.10,2391
3.10,2390
3.10,2389
3.10,2388
3.10,2387
3.11,2386
3.11,2385
3.11,2384
3.11,2383
3.11,2382
3.12,2381
3.12,2380
3.12,2379
3.12,2378
3.12,2377
3.13,2376
3.13,2375
3.13,2374
3.13,2373
3.13,2372
3.14,2371
3.14,2370
3.14,2369
3.14,2368
3.14,2367
3.15,2366
3.15,2365
3.15,2364
3.15,2363
3.16,2362
