0.10,3622
0.16,3621
0.17,3620
0.18,3619
0.19,3618
0.20,3617
0.21,3616
0.22,3615
0.22,3614
0.23,3613
0.23,3612
0.24,3611
0.24,3610
0.25,3609
0.25,3608
0.26,3607
0.27,3606
0.27,3605
0.28,3604
0.28,3603
0.29,3602
0.30,3601
0.31,3600
0.31,3599
0.32,3598
0.32,3597
0.33,3596
0.34,3595
0.34,3594
0.35,3593
0.35,3592
0.36,3591
0.36,3590
0.37,3589
0.37,3588
0.38,3587
0.38,3586
0.39,3585
0.39,3584
0.39,3583
0.40,3582
0.40,3581
0.41,3580
0.41,3579
0.41,3578
0.42,3577
0.42,3576
0.43,3575
0.43,3574
0.43,3573
0.43,3572
0.44,3571
0.44,3570
0.44,3569
0.44,3568
0.44,3567
0.45,3566
0.45,3565
0.45,3564
0.45,3563
0.46,3562
0.46,3561
0.46,3560
0.46,3559
0.47,3558
0.47,3557
0.47,3556
0.47,3555
0.47,3554
0.48,3553
0.48,3552
0.48,3551
0.48,3550
0.49,3549
0.49,3548
0.49,3547
0.49,3546
0.50,3545
0.50,3544
0.50,3543
0.50,3542
0.50,3541
0.51,3540
0.51,3539
0.51,3538
0.51,3537
0.52,3536
0.52,3535
0.52,3534
0.52,3533
0.53,3532
0.53,3531
0.53,3530
0.53,3529
0.53,3528
0.54,3527
0.54,3526
0.54,3525
0.54,3524
0.55,3523
0.55,3522
0.55,3521
0.55,3520
0.55,3519
0.56,3518
0.56,3517
0.56,3516
0.56,3515
0.57,3514
0.57,3513
0.57,3512
0.57,3511
0.57,3510
0.58,3509
0.58,3508
0.58,3507
0.58,3506
0.59,3505
0.59,3504
0.59,3503
0.59,3502
0.59,3501
0.60,3500
0.60,3499
0.60,3498
0.60,3497
0.61,3496
0.61,3495
0.62,3494
0.62,3493
0.62,3492
0.62,3491
0.63,3490
0.63,3489
0.63,3488
0.63,3487
0.63,3486
0.64,3485
0.64,3484
0.64,3483
0.64,3482
0.65,3481
0.65,3480
0.65,3479
0.65,3478
0.65,3477
0.66,3476
0.66,3475
0.66,3474
0.66,3473
0.67,3472
0.67,3471
0.67,3470
0.67,3469
0.67,3468
0.68,3467
0.68,3466
0.68,3465
0.68,3464
0.68,3463
0.69,3462
0.69,3461
0.69,3460
0.69,3459
0.70,3458
0.70,3457
0.70,3456
0.70,3455
0.70,3454
0.71,3453
0.71,3452
0.71,3451
0.71,3450
0.72,3449
0.72,3448
0.72,3447
0.72,3446
0.72,3445
0.73,3444
0.73,3443
0.73,3442
0.73,3441
0.74,3440
0.74,3439
0.74,3438
0.74,3437
0.75,3436
0.75,3435
0.75,3434
0.75,3433
0.76,3432
0.76,3431
0.76,3430
0.76,3429
0.76,3428
0.77,3427
0.77,3426
0.77,3425
0.77,3424
0.78,3423
0.78,3422
0.78,3421
0.78,3420
0.79,3419
0.79,3418
0.79,3417
0.79,3416
0.80,3415
0.80,3414
0.80,3413
0.80,3412
0.80,3411
0.81,3410
0.81,3409
0.81,3408
0.82,3407
0.82,3406
0.82,3405
0.82,3404
0.82,3403
0.83,3402
0.83,3401
0.83,3400
0.83,3399
0.83,3398
0.84,3397
0.84,3396
0.84,3395
0.84,3394
0.85,3393
0.85,3392
0.85,3391
0.85,3390
0.85,3389
0.86,3388
0.86,3387
0.86,3386
0.86,3385
0.86,3384
0.87,3383
0.87,3382
0.87,3381
0.87,3380
0.87,3379
0.88,3378
0.88,3377
0.88,3376
0.88,3375
0.89,3374
0.89,3373
0.89,3372
0.89,3371
0.90,3370
0.90,3369
0.90,3368
0.90,3367
0.91,3366
0.91,3365
0.91,3364
0.91,3363
0.91,3362
0.92,3361
0.92,3360
0.92,3359
0.92,3358
0.92,3357
0.93,3356
0.93,3355
0.93,3354
0.93,3353
0.94,3352
0.94,3351
0.94,3350
0.94,3349
0.94,3348
0.95,3347
0.95,3346
0.95,3345
0.95,3344
0.95,3343
0.96,3342
0.96,3341
0.96,3340
0.96,3339
0.97,3338
0.97,3337
0.97,3336
0.97,3335
0.97,3334
0.98,3333
0.98,3332
0.98,3331
0.98,3330
0.99,3329
0.99,3328
0.99,3327
1.00,3326
1.00,3325
1.00,3324
1.00,3323
1.00,3322
1.01,3321
1.01,3320
1.01,3319
1.01,3318
1.02,3317
1.02,3316
1.02,3315
1.02,3314
1.02,3313
1.03,3312
1.03,3311
1.03,3310
1.03,3309
1.04,3308
1.04,3307
1.04,3306
1.04,3305
1.04,3304
1.05,3303
1.05,3302
1.05,3301
1.05,3300
1.05,3299
1.06,3298
1.06,3297
1.06,3296
1.06,3295
1.06,3294
1.07,3293
1.07,3292
1.07,3291
1.07,3290
1.08,3289
1.08,3288
1.08,3287
1.08,3286
1.08,3285
1.09,3284
1.09,3283
1.09,3282
1.09,3281
1.09,3280
1.10,3279
1.10,3278
1.10,3277
1.10,3276
1.11,3275
1.11,3274
1.11,3273
1.11,3272
1.11,3271
1.12,3270
1.12,3269
1.12,3268
1.12,3267
1.13,3266
1.13,3265
1.13,3264
1.13,3263
1.13,3262
1.14,3261
1.14,3260
1.14,3259
1.14,3258
1.14,3257
1.15,3256
1.15,3255
1.15,3254
1.15,3253
1.16,3252
1.16,3251
1.16,3250
1.16,3249
1.16,3248
1.17,3247
1.17,3246
1.17,3245
1.17,3244
1.18,3243
1.18,3242
1.18,3241
1.18,3240
1.18,3239
1.19,3238
1.19,3237
1.19,3236
1.19,3235
1.20,3234
1.20,3233
1.20,3232
1.20,3231
1.21,3230
1.21,3229
1.21,3228
1.21,3227
1.21,3226
1.22,3225
1.22,3224
1.22,3223
1.22,3222
1.23,3221
1.23,3220
1.23,3219
1.23,3218
1.24,3217
1.24,3216
1.24,3215
1.25,3214
1.25,3213
1.25,3212
1.25,3211
1.26,3210
1.26,3209
1.26,3208
1.26,3207
1.27,3206
1.27,3205
1.27,3204
1.27,3203
1.28,3202
1.28,3201
1.28,3200
1.28,3199
1.29,3198
1.29,3197
1.29,3196
1.30,3195
1.30,3194
1.30,3193
1.30,3192
1.31,3191
1.31,3190
1.31,3189
1.31,3188
1.32,3187
1.32,3186
1.32,3185
1.32,3184
1.33,3183
1.33,3182
1.33,3181
1.33,3180
1.34,3179
1.34,3178
1.34,3177
1.34,3176
1.35,3175
1.35,3174
1.35,3173
1.35,3172
1.36,3171
1.36,3170
1.36,3169
1.36,3168
1.37,3167
1.37,3166
1.37,3165
1.37,3164
1.38,3163
1.38,3162
1.38,3161
1.38,3160
1.39,3159
1.39,3158
1.39,3157
1.40,3156
1.40,3155
1.40,3154
1.40,3153
1.41,3152
1.41,3151
1.41,3150
1.41,3149
1.41,3148
1.42,3147
1.42,3146
1.42,3145
1.42,3144
1.42,3143
1.43,3142
1.43,3141
1.43,3140
1.43,3139
1.44,3138
1.44,3137
1.44,3136
1.44,3135
1.44,3134
1.45,3133
1.45,3132
1.45,3131
1.45,3130
1.45,3129
1.46,3128
1.46,3127
1.46,3126
1.46,3125
1.46,3124
1.47,3123
1.47,3122
1.47,3121
1.47,3120
1.48,3119
1.48,3118
1.48,3117
1.48,3116
1.48,3115
1.49,3114
1.49,3113
1.49,3112
1.49,3111
1.49,3110
1.50,3109
1.50,3108
1.50,3107
1.50,3106
1.51,3105
1.51,3104
1.51,3103
1.51,3102
1.51,3101
1.52,3100
1.52,3099
1.52,3098
1.52,3097
1.52,3096
1.53,3095
1.53,3094
1.53,3093
1.53,3092
1.54,3091
1.54,3090
1.54,3089
1.54,3088
1.54,3087
1.55,3086
1.55,3085
1.55,3084
1.55,3083
1.55,3082
1.56,3081
1.56,3080
1.56,3079
1.56,3078
1.56,3077
1.57,3076
1.57,3075
1.57,3074
1.57,3073
1.58,3072
1.58,3071
1.58,3070
1.58,3069
1.58,3068
1.59,3067
1.59,3066
1.59,3065
1.59,3064
1.59,3063
1.60,3062
1.60,3061
1.60,3060
1.60,3059
1.61,3058
1.61,3057
1.61,3056
1.61,3055
1.61,3054
1.62,3053
1.62,3052
1.62,3051
1.62,3050
1.62,3049
1.63,3048
1.63,3047
1.63,3046
1.63,3045
1.64,3044
1.64,3043
1.64,3042
1.64,3041
1.64,3040
1.65,3039
1.65,3038
1.65,3037
1.65,3036
1.66,3035
1.66,3034
1.66,3033
1.66,3032
1.66,3031
1.67,3030
1.67,3029
1.67,3028
1.67,3027
1.67,3026
1.68,3025
1.68,3024
1.68,3023
1.68,3022
1.69,3021
1.69,3020
1.69,3019
1.69,3018
1.69,3017
1.70,3016
1.70,3015
1.70,3014
1.70,3013
1.70,3012
1.71,3011
1.71,3010
1.71,3009
1.71,3008
1.72,3007
1.72,3006
1.72,3005
1.72,3004
1.72,3003
1.73,3002
1.73,3001
1.73,3000
1.73,2999
1.73,2998
1.74,2997
1.74,2996
1.74,2995
1.74,2994
1.74,2993
1.75,2992
1.75,2991
1.75,2990
1.75,2989
1.75,2988
1.76,2987
1.76,2986
1.76,2985
1.77,2984
1.77,2983
1.77,2982
1.77,2981
1.77,2980
1.78,2979
1.78,2978
1.78,2977
1.78,2976
1.78,2975
1.79,2974
1.79,2973
1.79,2972
1.79,2971
1.79,2970
1.80,2969
1.80,2968
1.80,2967
1.80,2966
1.80,2965
1.81,2964
1.81,2963
1.81,2962
1.81,2961
1.81,2960
1.82,2959
1.82,2958
1.82,2957
1.82,2956
1.82,2955
1.83,2954
1.83,2953
1.83,2952
1.83,2951
1.83,2950
1.84,2949
1.84,2948
1.84,2947
1.84,2946
1.84,2945
1.85,2944
1.85,2943
1.85,2942
1.85,2941
1.85,2940
1.86,2939
1.86,2938
1.86,2937
1.86,2936
1.86,2935
1.87,2934
1.87,2933
1.87,2932
1.87,2931
1.88,2930
1.88,2929
1.88,2928
1.88,2927
1.88,2926
1.89,2925
1.89,2924
1.89,2923
1.89,2922
1.89,2921
1.90,2920
1.90,2919
1.90,2918
1.90,2917
1.90,2916
1.91,2915
1.91,2914
1.91,2913
1.91,2912
1.91,2911
1.92,2910
1.92,2909
1.92,2908
1.92,2907
1.92,2906
1.93,2905
1.93,2904
1.93,2903
1.93,2902
1.93,2901
1.94,2900
1.94,2899
1.94,2898
1.94,2897
1.94,2896
1.95,2895
1.95,2894
1.95,2893
1.95,2892
1.96,2891
1.96,2890
1.96,2889
1.96,2888
1.96,2887
1.97,2886
1.97,2885
1.97,2884
1.97,2883
1.97,2882
1.98,2881
1.98,2880
1.98,2879
1.98,2878
1.98,2877
1.99,2876
1.99,2875
1.99,2874
1.99,2873
1.99,2872
2.00,2871
2.00,2870
2.00,2869
2.00,2868
2.00,2867
2.01,2866
2.01,2865
2.01,2864
2.01,2863
2.01,2862
2.02,2861
2.02,2860
2.02,2859
2.02,2858
2.03,2857
2.03,2856
2.03,2855
2.03,2854
2.03,2853
2.03,2852
2.04,2851
2.04,2850
2.04,2849
2.04,2848
2.04,2847
2.05,2846
2.05,2845
2.05,2844
2.05,2843
2.05,2842
2.06,2841
2.06,2840
2.06,2839
2.06,2838
2.06,2837
2.07,2836
2.07,2835
2.07,2834
2.07,2833
2.07,2832
2.08,2831
2.08,2830
2.08,2829
2.08,2828
2.08,2827
2.09,2826
2.09,2825
2.09,2824
2.09,2823
2.09,2822
2.10,2821
2.10,2820
2.10,2819
2.10,2818
2.10,2817
2.11,2816
2.11,2815
2.11,2814
2.12,2813
2.12,2812
2.12,2811
2.12,2810
2.12,2809
2.13,2808
2.13,2807
2.13,2806
2.13,2805
2.13,2804
2.14,2803
2.14,2802
2.14,2801
2.14,2800
2.14,2799
2.15,2798
2.15,2797
2.15,2796
2.15,2795
2.15,2794
2.16,2793
2.16,2792
2.16,2791
2.16,2790
2.16,2789
2.17,2788
2.17,2787
2.17,2786
2.17,2785
2.18,2784
2.18,2783
2.18,2782
2.18,2781
2.18,2780
2.19,2779
2.19,2778
2.19,2777
2.19,2776
2.19,2775
2.20,2774
2.20,2773
2.20,2772
2.20,2771
2.20,2770
2.21,2769
2.21,2768
2.21,2767
2.21,2766
2.21,2765
2.22,2764
2.22,2763
2.22,2762
2.22,2761
2.22,2760
2.23,2759
2.23,2758
2.23,2757
2.23,2756
2.23,2755
2.24,2754
2.24,2753
2.24,2752
2.24,2751
2.24,2750
2.25,2749
2.25,2748
2.25,2747
2.25,2746
2.25,2745
2.26,2744
2.26,2743
2.26,2742
2.26,2741
2.26,2740
2.27,2739
2.27,2738
2.27,2737
2.27,2736
2.28,2735
2.28,2734
2.28,2733
2.28,2732
2.28,2731
2.29,2730
2.29,2729
2.29,2728
2.29,2727
2.29,2726
2.30,2725
2.30,2724
2.30,2723
2.30,2722
2.30,2721
2.31,2720
2.31,2719
2.31,2718
2.31,2717
2.31,2716
2.32,2715
2.32,2714
2.32,2713
2.32,2712
2.32,2711
2.33,2710
2.33,2709
2.33,2708
2.33,2707
2.33,2706
2.34,2705
2.34,2704
2.34,2703
2.34,2702
2.34,2701
2.35,2700
2.35,2699
2.35,2698
2.35,2697
2.36,2696
2.36,2695
2.36,2694
2.36,2693
2.36,2692
2.37,2691
2.37,2690
2.37,2689
2.37,2688
2.37,2687
2.38,2686
2.38,2685
2.38,2684
2.38,2683
2.38,2682
2.39,2681
2.39,2680
2.39,2679
2.39,2678
2.39,2677
2.40,2676
2.40,2675
2.40,2674
2.40,2673
2.40,2672
2.41,2671
2.41,2670
2.41,2669
2.41,2668
2.41,2667
2.42,2666
2.42,2665
2.42,2664
2.42,2663
2.42,2662
2.43,2661
2.43,2660
2.43,2659
2.43,2658
2.43,2657
2.44,2656
2.44,2655
2.44,2654
2.44,2653
2.44,2652
2.45,2651
2.45,2650
2.45,2649
2.45,2648
2.45,2647
2.46,2646
2.46,2645
2.46,2644
2.46,2643
2.47,2642
2.47,2641
2.47,2640
2.47,2639
2.47,2638
2.48,2637
2.48,2636
2.48,2635
2.48,2634
2.48,2633
2.49,2632
2.49,2631
2.49,2630
2.49,2629
2.49,2628
2.50,2627
2.50,2626
2.50,2625
2.50,2624
2.50,2623
2.51,2622
2.51,2621
2.51,2620
2.51,2619
2.51,2618
2.52,2617
2.52,2616
2.52,2615
2.52,2614
2.52,2613
2.53,2612
2.53,2611
2.53,2610
2.53,2609
2.53,2608
2.54,2607
2.54,2606
2.54,2605
2.54,2604
2.54,2603
2.55,2602
2.55,2601
2.55,2600
2.55,2599
2.55,2598
2.56,2597
2.56,2596
2.56,2595
2.56,2594
2.56,2593
2.57,2592
2.57,2591
2.57,2590
2.57,2589
2.57,2588
2.58,2587
2.58,2586
2.58,2585
2.58,2584
2.58,2583
2.59,2582
2.59,2581
2.59,2580
2.59,2579
2.59,2578
2.60,2577
2.60,2576
2.60,2575
2.60,2574
2.60,2573
2.61,2572
2.61,2571
2.61,2570
2.61,2569
2.62,2568
2.62,2567
2.62,2566
2.62,2565
2.62,2564
2.63,2563
2.63,2562
2.63,2561
2.63,2560
2.63,2559
2.64,2558
2.64,2557
2.64,2556
2.64,2555
2.64,2554
2.65,2553
2.65,2552
2.65,2551
2.65,2550
2.65,2549
2.66,2548
2.66,2547
2.66,2546
2.66,2545
2.66,2544
2.67,2543
2.67,2542
2.67,2541
2.67,2540
2.67,2539
2.68,2538
2.68,2537
2.68,2536
2.68,2535
2.68,2534
2.69,2533
2.69,2532
2.69,2531
2.69,2530
2.69,2529
2.70,2528
2.70,2527
2.70,2526
2.70,2525
2.70,2524
2.71,2523
2.71,2522
2.71,2521
2.71,2520
2.71,2519
2.72,2518
2.72,2517
2.72,2516
2.72,2515
2.72,2514
2.73,2513
2.73,2512
2.73,2511
2.73,2510
2.73,2509
2.74,2508
2.74,2507
2.74,2506
2.74,2505
2.74,2504
2.74,2503
2.75,2502
2.75,2501
2.75,2500
2.75,2499
2.75,2498
2.76,2497
2.76,2496
2.76,2495
2.76,2494
2.76,2493
2.77,2492
2.77,2491
2.77,2490
2.77,2489
2.77,2488
2.78,2487
2.78,2486
2.78,2485
2.78,2484
2.78,2483
2.79,2482
2.79,2481
2.79,2480
2.79,2479
2.79,2478
2.80,2477
2.80,2476
2.80,2475
2.80,2474
2.80,2473
2.81,2472
2.81,2471
2.81,2470
2.81,2469
2.81,2468
2.82,2467
2.82,2466
2.82,2465
2.82,2464
2.82,2463
2.83,2462
2.83,2461
2.83,2460
2.83,2459
2.83,2458
2.84,2457
2.84,2456
2.84,2455
2.84,2454
2.84,2453
2.85,2452
2.85,2451
2.85,2450
2.85,2449
2.85,2448
2.86,2447
2.86,2446
2.86,2445
2.86,2444
2.86,2443
2.87,2442
2.87,2441
2.87,2440
2.87,2439
2.87,2438
2.88,2437
2.88,2436
2.88,2435
2.88,2434
2.88,2433
2.89,2432
2.89,2431
2.89,2430
2.89,2429
2.89,2428
2.90,2427
2.90,2426
2.90,2425
2.90,2424
2.90,2423
2.90,2422
2.91,2421
2.91,2420
2.91,2419
2.91,2418
2.91,2417
2.92,2416
2.92,2415
2.92,2414
2.92,2413
2.92,2412
2.93,2411
2.93,2410
2.93,2409
2.93,2408
2.93,2407
2.94,2406
2.94,2405
2.94,2404
2.94,2403
2.94,2402
2.95,2401
2.95,2400
2.95,2399
2.95,2398
2.95,2397
2.96,2396
2.96,2395
2.96,2394
2.96,2393
2.96,2392
2.97,2391
2.97,2390
2.97,2389
2.97,2388
2.97,2387
2.98,2386
2.98,2385
2.98,2384
2.98,2383
2.99,2382
2.99,2381
