0.10,3626
0.16,3625
0.17,3624
0.18,3623
0.19,3622
0.20,3621
0.21,3620
0.21,3619
0.22,3618
0.23,3617
0.23,3616
0.24,3615
0.24,3614
0.25,3613
0.25,3612
0.26,3611
0.26,3610
0.27,3609
0.27,3608
0.28,3607
0.29,3606
0.29,3605
0.30,3604
0.30,3603
0.31,3602
0.31,3601
0.32,3600
0.32,3599
0.33,3598
0.33,3597
0.34,3596
0.34,3595
0.35,3594
0.36,3593
0.36,3592
0.37,3591
0.37,3590
0.38,3589
0.38,3588
0.38,3587
0.39,3586
0.39,3585
0.40,3584
0.40,3583
0.41,3582
0.41,3581
0.42,3580
0.42,3579
0.42,3578
0.43,3577
0.43,3576
0.43,3575
0.43,3574
0.43,3573
0.43,3572
0.44,3571
0.44,3570
0.44,3569
0.44,3568
0.45,3567
0.45,3566
0.45,3565
0.45,3564
0.45,3563
0.46,3562
0.46,3561
0.46,3560
0.46,3559
0.46,3558
0.47,3557
0.47,3556
0.47,3555
0.47,3554
0.47,3553
0.48,3552
0.48,3551
0.48,3550
0.48,3549
0.48,3548
0.49,3547
0.49,3546
0.49,3545
0.49,3544
0.49,3543
0.50,3542
0.50,3541
0.50,3540
0.50,3539
0.50,3538
0.51,3537
0.51,3536
0.51,3535
0.51,3534
0.51,3533
0.52,3532
0.52,3531
0.52,3530
0.52,3529
0.52,3528
0.53,3527
0.53,3526
0.53,3525
0.53,3524
0.53,3523
0.54,3522
0.54,3521
0.54,3520
0.54,3519
0.54,3518
0.55,3517
0.55,3516
0.55,3515
0.55,3514
0.55,3513
0.56,3512
0.56,3511
0.56,3510
0.56,3509
0.56,3508
0.57,3507
0.57,3506
0.57,3505
0.57,3504
0.58,3503
0.58,3502
0.58,3501
0.58,3500
0.58,3499
0.59,3498
0.59,3497
0.59,3496
0.59,3495
0.60,3494
0.60,3493
0.60,3492
0.60,3491
0.60,3490
0.61,3489
0.61,3488
0.61,3487
0.61,3486
0.61,3485
0.62,3484
0.62,3483
0.62,3482
0.62,3481
0.62,3480
0.63,3479
0.63,3478
0.63,3477
0.63,3476
0.63,3475
0.64,3474
0.64,3473
0.64,3472
0.64,3471
0.64,3470
0.65,3469
0.65,3468
0.65,3467
0.65,3466
0.65,3465
0.66,3464
0.66,3463
0.66,3462
0.66,3461
0.66,3460
0.67,3459
0.67,3458
0.67,3457
0.67,3456
0.67,3455
0.68,3454
0.68,3453
0.68,3452
0.68,3451
0.68,3450
0.69,3449
0.69,3448
0.69,3447
0.69,3446
0.69,3445
0.70,3444
0.70,3443
0.70,3442
0.70,3441
0.70,3440
0.71,3439
0.71,3438
0.71,3437
0.71,3436
0.72,3435
0.72,3434
0.72,3433
0.72,3432
0.72,3431
0.73,3430
0.73,3429
0.73,3428
0.73,3427
0.73,3426
0.73,3425
0.74,3424
0.74,3423
0.74,3422
0.74,3421
0.74,3420
0.75,3419
0.75,3418
0.75,3417
0.75,3416
0.75,3415
0.76,3414
0.76,3413
0.76,3412
0.76,3411
0.77,3410
0.77,3409
0.77,3408
0.77,3407
0.78,3406
0.78,3405
0.78,3404
0.78,3403
0.78,3402
0.79,3401
0.79,3400
0.79,3399
0.79,3398
0.79,3397
0.80,3396
0.80,3395
0.80,3394
0.80,3393
0.80,3392
0.81,3391
0.81,3390
0.81,3389
0.81,3388
0.81,3387
0.82,3386
0.82,3385
0.82,3384
0.82,3383
0.82,3382
0.83,3381
0.83,3380
0.83,3379
0.83,3378
0.83,3377
0.84,3376
0.84,3375
0.84,3374
0.84,3373
0.84,3372
0.85,3371
0.85,3370
0.85,3369
0.85,3368
0.85,3367
0.86,3366
0.86,3365
0.86,3364
0.86,3363
0.86,3362
0.87,3361
0.87,3360
0.87,3359
0.87,3358
0.87,3357
0.88,3356
0.88,3355
0.88,3354
0.88,3353
0.89,3352
0.89,3351
0.89,3350
0.89,3349
0.89,3348
0.90,3347
0.90,3346
0.90,3345
0.90,3344
0.90,3343
0.91,3342
0.91,3341
0.91,3340
0.91,3339
0.91,3338
0.92,3337
0.92,3336
0.92,3335
0.92,3334
0.93,3333
0.93,3332
0.93,3331
0.93,3330
0.93,3329
0.94,3328
0.94,3327
0.94,3326
0.94,3325
0.95,3324
0.95,3323
0.95,3322
0.95,3321
0.95,3320
0.96,3319
0.96,3318
0.96,3317
0.96,3316
0.96,3315
0.97,3314
0.97,3313
0.97,3312
0.97,3311
0.97,3310
0.98,3309
0.98,3308
0.98,3307
0.98,3306
0.98,3305
0.99,3304
0.99,3303
0.99,3302
0.99,3301
0.99,3300
1.00,3299
1.00,3298
1.00,3297
1.00,3296
1.00,3295
1.01,3294
1.01,3293
1.01,3292
1.01,3291
1.01,3290
1.02,3289
1.02,3288
1.02,3287
1.02,3286
1.02,3285
1.03,3284
1.03,3283
1.03,3282
1.03,3281
1.03,3280
1.04,3279
1.04,3278
1.04,3277
1.04,3276
1.04,3275
1.05,3274
1.05,3273
1.05,3272
1.05,3271
1.05,3270
1.06,3269
1.06,3268
1.06,3267
1.06,3266
1.06,3265
1.07,3264
1.07,3263
1.07,3262
1.07,3261
1.07,3260
1.08,3259
1.08,3258
1.08,3257
1.08,3256
1.08,3255
1.09,3254
1.09,3253
1.09,3252
1.09,3251
1.09,3250
1.10,3249
1.10,3248
1.10,3247
1.10,3246
1.10,3245
1.11,3244
1.11,3243
1.11,3242
1.11,3241
1.11,3240
1.12,3239
1.12,3238
1.12,3237
1.12,3236
1.13,3235
1.13,3234
1.13,3233
1.13,3232
1.14,3231
1.14,3230
1.14,3229
1.14,3228
1.14,3227
1.15,3226
1.15,3225
1.15,3224
1.15,3223
1.16,3222
1.16,3221
1.16,3220
1.16,3219
1.17,3218
1.17,3217
1.17,3216
1.17,3215
1.18,3214
1.18,3213
1.18,3212
1.18,3211
1.18,3210
1.19,3209
1.19,3208
1.19,3207
1.19,3206
1.20,3205
1.20,3204
1.20,3203
1.20,3202
1.21,3201
1.21,3200
1.21,3199
1.21,3198
1.22,3197
1.22,3196
1.22,3195
1.22,3194
1.23,3193
1.23,3192
1.23,3191
1.23,3190
1.24,3189
1.24,3188
1.24,3187
1.24,3186
1.25,3185
1.25,3184
1.25,3183
1.25,3182
1.25,3181
1.26,3180
1.26,3179
1.26,3178
1.26,3177
1.27,3176
1.27,3175
1.27,3174
1.27,3173
1.28,3172
1.28,3171
1.28,3170
1.28,3169
1.29,3168
1.29,3167
1.29,3166
1.29,3165
1.29,3164
1.30,3163
1.30,3162
1.30,3161
1.30,3160
1.31,3159
1.31,3158
1.31,3157
1.32,3156
1.32,3155
1.32,3154
1.32,3153
1.32,3152
1.32,3151
1.33,3150
1.33,3149
1.33,3148
1.33,3147
1.33,3146
1.34,3145
1.34,3144
1.34,3143
1.34,3142
1.34,3141
1.35,3140
1.35,3139
1.35,3138
1.35,3137
1.35,3136
1.35,3135
1.36,3134
1.36,3133
1.36,3132
1.36,3131
1.36,3130
1.37,3129
1.37,3128
1.37,3127
1.37,3126
1.37,3125
1.38,3124
1.38,3123
1.38,3122
1.38,3121
1.38,3120
1.39,3119
1.39,3118
1.39,3117
1.39,3116
1.39,3115
1.40,3114
1.40,3113
1.40,3112
1.40,3111
1.40,3110
1.40,3109
1.41,3108
1.41,3107
1.41,3106
1.41,3105
1.41,3104
1.42,3103
1.42,3102
1.42,3101
1.42,3100
1.42,3099
1.43,3098
1.43,3097
1.43,3096
1.43,3095
1.43,3094
1.44,3093
1.44,3092
1.44,3091
1.44,3090
1.44,3089
1.45,3088
1.45,3087
1.45,3086
1.45,3085
1.45,3084
1.46,3083
1.46,3082
1.46,3081
1.46,3080
1.46,3079
1.47,3078
1.47,3077
1.47,3076
1.47,3075
1.47,3074
1.47,3073
1.48,3072
1.48,3071
1.48,3070
1.48,3069
1.48,3068
1.49,3067
1.49,3066
1.49,3065
1.49,3064
1.49,3063
1.50,3062
1.50,3061
1.50,3060
1.50,3059
1.50,3058
1.51,3057
1.51,3056
1.51,3055
1.51,3054
1.51,3053
1.52,3052
1.52,3051
1.52,3050
1.52,3049
1.52,3048
1.53,3047
1.53,3046
1.53,3045
1.53,3044
1.53,3043
1.54,3042
1.54,3041
1.54,3040
1.54,3039
1.54,3038
1.55,3037
1.55,3036
1.55,3035
1.55,3034
1.55,3033
1.56,3032
1.56,3031
1.56,3030
1.56,3029
1.56,3028
1.56,3027
1.57,3026
1.57,3025
1.57,3024
1.57,3023
1.57,3022
1.58,3021
1.58,3020
1.58,3019
1.58,3018
1.58,3017
1.59,3016
1.59,3015
1.59,3014
1.59,3013
1.59,3012
1.60,3011
1.60,3010
1.60,3009
1.60,3008
1.60,3007
1.61,3006
1.61,3005
1.61,3004
1.61,3003
1.61,3002
1.61,3001
1.62,3000
1.62,2999
1.62,2998
1.62,2997
1.63,2996
1.63,2995
1.63,2994
1.63,2993
1.63,2992
1.64,2991
1.64,2990
1.64,2989
1.64,2988
1.64,2987
1.64,2986
1.65,2985
1.65,2984
1.65,2983
1.66,2982
1.66,2981
1.66,2980
1.66,2979
1.66,2978
1.67,2977
1.67,2976
1.67,2975
1.67,2974
1.67,2973
1.68,2972
1.68,2971
1.68,2970
1.68,2969
1.68,2968
1.68,2967
1.69,2966
1.69,2965
1.69,2964
1.69,2963
1.69,2962
1.70,2961
1.70,2960
1.70,2959
1.70,2958
1.70,2957
1.71,2956
1.71,2955
1.71,2954
1.71,2953
1.71,2952
1.72,2951
1.72,2950
1.72,2949
1.72,2948
1.72,2947
1.73,2946
1.73,2945
1.73,2944
1.73,2943
1.73,2942
1.74,2941
1.74,2940
1.74,2939
1.74,2938
1.74,2937
1.75,2936
1.75,2935
1.75,2934
1.75,2933
1.75,2932
1.76,2931
1.76,2930
1.76,2929
1.76,2928
1.76,2927
1.77,2926
1.77,2925
1.77,2924
1.77,2923
1.77,2922
1.78,2921
1.78,2920
1.78,2919
1.78,2918
1.78,2917
1.79,2916
1.79,2915
1.79,2914
1.79,2913
1.79,2912
1.80,2911
1.80,2910
1.80,2909
1.80,2908
1.80,2907
1.81,2906
1.81,2905
1.81,2904
1.81,2903
1.82,2902
1.82,2901
1.82,2900
1.82,2899
1.82,2898
1.83,2897
1.83,2896
1.83,2895
1.83,2894
1.83,2893
1.84,2892
1.84,2891
1.84,2890
1.84,2889
1.84,2888
1.85,2887
1.85,2886
1.85,2885
1.85,2884
1.85,2883
1.86,2882
1.86,2881
1.86,2880
1.86,2879
1.86,2878
1.87,2877
1.87,2876
1.87,2875
1.87,2874
1.87,2873
1.88,2872
1.88,2871
1.88,2870
1.88,2869
1.88,2868
1.89,2867
1.89,2866
1.89,2865
1.89,2864
1.89,2863
1.90,2862
1.90,2861
1.90,2860
1.90,2859
1.90,2858
1.91,2857
1.91,2856
1.91,2855
1.91,2854
1.91,2853
1.92,2852
1.92,2851
1.92,2850
1.92,2849
1.92,2848
1.92,2847
1.93,2846
1.93,2845
1.93,2844
1.93,2843
1.93,2842
1.94,2841
1.94,2840
1.94,2839
1.94,2838
1.94,2837
1.95,2836
1.95,2835
1.95,2834
1.95,2833
1.95,2832
1.96,2831
1.96,2830
1.96,2829
1.96,2828
1.96,2827
1.97,2826
1.97,2825
1.97,2824
1.97,2823
1.97,2822
1.98,2821
1.98,2820
1.98,2819
1.98,2818
1.98,2817
1.99,2816
1.99,2815
1.99,2814
1.99,2813
1.99,2812
2.00,2811
2.00,2810
2.00,2809
2.00,2808
2.00,2807
2.01,2806
2.01,2805
2.01,2804
2.01,2803
2.01,2802
2.01,2801
2.02,2800
2.02,2799
2.02,2798
2.02,2797
2.02,2796
2.03,2795
2.03,2794
2.03,2793
2.03,2792
2.04,2791
2.04,2790
2.04,2789
2.04,2788
2.05,2787
2.05,2786
2.05,2785
2.05,2784
2.05,2783
2.06,2782
2.06,2781
2.06,2780
2.06,2779
2.07,2778
2.07,2777
2.07,2776
2.07,2775
2.07,2774
2.08,2773
2.08,2772
2.08,2771
2.08,2770
2.09,2769
2.09,2768
2.09,2767
2.09,2766
2.10,2765
2.10,2764
2.10,2763
2.10,2762
2.11,2761
2.11,2760
2.11,2759
2.11,2758
2.12,2757
2.12,2756
2.12,2755
2.12,2754
2.12,2753
2.13,2752
2.13,2751
2.13,2750
2.13,2749
2.14,2748
2.14,2747
2.14,2746
2.14,2745
2.15,2744
2.15,2743
2.15,2742
2.15,2741
2.15,2740
2.16,2739
2.16,2738
2.16,2737
2.16,2736
2.17,2735
2.17,2734
2.17,2733
2.17,2732
2.18,2731
2.18,2730
2.18,2729
2.18,2728
2.18,2727
2.19,2726
2.19,2725
2.19,2724
2.19,2723
2.20,2722
2.20,2721
2.20,2720
2.20,2719
2.21,2718
2.21,2717
2.21,2716
2.21,2715
2.22,2714
2.22,2713
2.22,2712
2.22,2711
2.22,2710
2.23,2709
2.23,2708
2.23,2707
2.23,2706
2.24,2705
2.24,2704
2.24,2703
2.24,2702
2.25,2701
2.25,2700
2.25,2699
2.25,2698
2.25,2697
2.26,2696
2.26,2695
2.26,2694
2.26,2693
2.27,2692
2.27,2691
2.27,2690
2.27,2689
2.28,2688
2.28,2687
2.28,2686
2.28,2685
2.28,2684
2.29,2683
2.29,2682
2.29,2681
2.29,2680
2.30,2679
2.30,2678
2.30,2677
2.30,2676
2.30,2675
2.31,2674
2.31,2673
2.31,2672
2.31,2671
2.32,2670
2.32,2669
2.32,2668
2.32,2667
2.33,2666
2.33,2665
2.33,2664
2.33,2663
2.33,2662
2.34,2661
2.34,2660
2.34,2659
2.34,2658
2.35,2657
2.35,2656
2.35,2655
2.35,2654
2.36,2653
2.36,2652
2.36,2651
2.36,2650
2.37,2649
2.37,2648
2.37,2647
2.37,2646
2.38,2645
2.38,2644
2.38,2643
2.38,2642
2.39,2641
2.39,2640
2.39,2639
2.39,2638
2.39,2637
2.40,2636
2.40,2635
2.40,2634
2.40,2633
2.41,2632
2.41,2631
2.41,2630
2.41,2629
2.42,2628
2.42,2627
2.42,2626
2.42,2625
2.42,2624
2.43,2623
2.43,2622
2.43,2621
2.43,2620
2.44,2619
2.44,2618
2.44,2617
2.44,2616
2.45,2615
2.45,2614
2.45,2613
2.46,2612
2.46,2611
2.46,2610
2.46,2609
2.46,2608
2.46,2607
2.47,2606
2.47,2605
2.47,2604
2.47,2603
2.47,2602
2.48,2601
2.48,2600
2.48,2599
2.48,2598
2.48,2597
2.49,2596
2.49,2595
2.49,2594
2.49,2593
2.49,2592
2.49,2591
2.50,2590
2.50,2589
2.50,2588
2.50,2587
2.50,2586
2.51,2585
2.51,2584
2.51,2583
2.51,2582
2.51,2581
2.52,2580
2.52,2579
2.52,2578
2.52,2577
2.52,2576
2.53,2575
2.53,2574
2.53,2573
2.53,2572
2.53,2571
2.53,2570
2.54,2569
2.54,2568
2.54,2567
2.54,2566
2.54,2565
2.55,2564
2.55,2563
2.55,2562
2.55,2561
2.55,2560
2.56,2559
2.56,2558
2.56,2557
2.56,2556
2.56,2555
2.57,2554
2.57,2553
2.57,2552
2.57,2551
2.57,2550
2.57,2549
2.58,2548
2.58,2547
2.58,2546
2.58,2545
2.58,2544
2.59,2543
2.59,2542
2.59,2541
2.59,2540
2.59,2539
2.59,2538
2.60,2537
2.60,2536
2.60,2535
2.60,2534
2.60,2533
2.61,2532
2.61,2531
2.61,2530
2.61,2529
2.61,2528
2.62,2527
2.62,2526
2.62,2525
2.62,2524
2.62,2523
2.63,2522
2.63,2521
2.63,2520
2.63,2519
2.63,2518
2.63,2517
2.64,2516
2.64,2515
2.64,2514
2.64,2513
2.64,2512
2.65,2511
2.65,2510
2.65,2509
2.65,2508
2.65,2507
2.65,2506
2.66,2505
2.66,2504
2.66,2503
2.66,2502
2.66,2501
2.67,2500
2.67,2499
2.67,2498
2.67,2497
2.67,2496
2.68,2495
2.68,2494
2.68,2493
2.68,2492
2.68,2491
2.68,2490
2.69,2489
2.69,2488
2.69,2487
2.69,2486
2.69,2485
2.70,2484
2.70,2483
2.70,2482
2.70,2481
2.70,2480
2.70,2479
2.71,2478
2.71,2477
2.71,2476
2.71,2475
2.71,2474
2.72,2473
2.72,2472
2.72,2471
2.72,2470
2.72,2469
2.73,2468
2.73,2467
2.73,2466
2.73,2465
2.73,2464
2.73,2463
2.74,2462
2.74,2461
2.74,2460
2.74,2459
2.74,2458
2.75,2457
2.75,2456
2.75,2455
2.75,2454
2.75,2453
2.76,2452
2.76,2451
2.76,2450
2.76,2449
2.76,2448
2.76,2447
2.77,2446
2.77,2445
2.77,2444
2.77,2443
2.77,2442
2.78,2441
2.78,2440
2.78,2439
2.78,2438
2.78,2437
2.79,2436
2.79,2435
2.79,2434
2.79,2433
2.79,2432
2.79,2431
2.80,2430
2.80,2429
2.80,2428
2.80,2427
2.80,2426
2.81,2425
2.81,2424
2.81,2423
2.81,2422
2.81,2421
2.82,2420
2.82,2419
2.82,2418
2.82,2417
2.82,2416
2.82,2415
2.83,2414
2.83,2413
2.83,2412
2.83,2411
2.83,2410
2.84,2409
2.84,2408
2.84,2407
2.84,2406
2.84,2405
2.85,2404
2.85,2403
2.85,2402
2.85,2401
2.85,2400
2.85,2399
2.86,2398
2.86,2397
2.86,2396
2.86,2395
2.86,2394
2.87,2393
2.87,2392
2.87,2391
2.87,2390
2.87,2389
2.88,2388
2.88,2387
2.88,2386
2.88,2385
2.88,2384
2.89,2383
2.89,2382
2.89,2381
2.89,2380
2.89,2379
2.89,2378
2.90,2377
2.90,2376
2.91,2375
2.91,2374
2.91,2373
