0.10,3624
0.16,3623
0.17,3622
0.18,3621
0.19,3620
0.20,3619
0.21,3618
0.21,3617
0.22,3616
0.23,3615
0.23,3614
0.24,3613
0.24,3612
0.25,3611
0.25,3610
0.26,3609
0.26,3608
0.27,3607
0.28,3606
0.28,3605
0.29,3604
0.29,3603
0.30,3602
0.31,3601
0.32,3600
0.32,3599
0.33,3598
0.33,3597
0.34,3596
0.34,3595
0.35,3594
0.35,3593
0.36,3592
0.36,3591
0.37,3590
0.37,3589
0.38,3588
0.38,3587
0.39,3586
0.39,3585
0.40,3584
0.40,3583
0.40,3582
0.41,3581
0.41,3580
0.42,3579
0.42,3578
0.42,3577
0.43,3576
0.43,3575
0.43,3574
0.43,3573
0.44,3572
0.44,3571
0.44,3570
0.44,3569
0.45,3568
0.45,3567
0.45,3566
0.45,3565
0.45,3564
0.46,3563
0.46,3562
0.46,3561
0.46,3560
0.46,3559
0.47,3558
0.47,3557
0.47,3556
0.47,3555
0.48,3554
0.48,3553
0.48,3552
0.48,3551
0.48,3550
0.49,3549
0.49,3548
0.49,3547
0.49,3546
0.50,3545
0.50,3544
0.50,3543
0.50,3542
0.50,3541
0.51,3540
0.51,3539
0.51,3538
0.51,3537
0.52,3536
0.52,3535
0.52,3534
0.52,3533
0.52,3532
0.53,3531
0.53,3530
0.53,3529
0.53,3528
0.54,3527
0.54,3526
0.54,3525
0.54,3524
0.54,3523
0.55,3522
0.55,3521
0.55,3520
0.55,3519
0.56,3518
0.56,3517
0.56,3516
0.56,3515
0.56,3514
0.57,3513
0.57,3512
0.57,3511
0.57,3510
0.58,3509
0.58,3508
0.58,3507
0.58,3506
0.58,3505
0.59,3504
0.59,3503
0.59,3502
0.59,3501
0.59,3500
0.60,3499
0.60,3498
0.60,3497
0.60,3496
0.61,3495
0.61,3494
0.61,3493
0.62,3492
0.62,3491
0.62,3490
0.62,3489
0.63,3488
0.63,3487
0.63,3486
0.63,3485
0.63,3484
0.64,3483
0.64,3482
0.64,3481
0.64,3480
0.64,3479
0.65,3478
0.65,3477
0.65,3476
0.65,3475
0.66,3474
0.66,3473
0.66,3472
0.66,3471
0.66,3470
0.67,3469
0.67,3468
0.67,3467
0.67,3466
0.67,3465
0.68,3464
0.68,3463
0.68,3462
0.68,3461
0.69,3460
0.69,3459
0.69,3458
0.69,3457
0.69,3456
0.70,3455
0.70,3454
0.70,3453
0.70,3452
0.70,3451
0.71,3450
0.71,3449
0.71,3448
0.71,3447
0.72,3446
0.72,3445
0.72,3444
0.72,3443
0.72,3442
0.73,3441
0.73,3440
0.73,3439
0.73,3438
0.73,3437
0.74,3436
0.74,3435
0.74,3434
0.74,3433
0.75,3432
0.75,3431
0.75,3430
0.75,3429
0.76,3428
0.76,3427
0.76,3426
0.76,3425
0.76,3424
0.77,3423
0.77,3422
0.77,3421
0.77,3420
0.78,3419
0.78,3418
0.78,3417
0.78,3416
0.78,3415
0.79,3414
0.79,3413
0.79,3412
0.79,3411
0.80,3410
0.80,3409
0.80,3408
0.81,3407
0.81,3406
0.81,3405
0.81,3404
0.81,3403
0.82,3402
0.82,3401
0.82,3400
0.82,3399
0.83,3398
0.83,3397
0.83,3396
0.83,3395
0.83,3394
0.84,3393
0.84,3392
0.84,3391
0.84,3390
0.85,3389
0.85,3388
0.85,3387
0.85,3386
0.85,3385
0.86,3384
0.86,3383
0.86,3382
0.86,3381
0.86,3380
0.87,3379
0.87,3378
0.87,3377
0.87,3376
0.88,3375
0.88,3374
0.88,3373
0.88,3372
0.89,3371
0.89,3370
0.89,3369
0.89,3368
0.90,3367
0.90,3366
0.90,3365
0.90,3364
0.90,3363
0.91,3362
0.91,3361
0.91,3360
0.91,3359
0.91,3358
0.92,3357
0.92,3356
0.92,3355
0.92,3354
0.93,3353
0.93,3352
0.93,3351
0.93,3350
0.93,3349
0.94,3348
0.94,3347
0.94,3346
0.94,3345
0.95,3344
0.95,3343
0.95,3342
0.95,3341
0.95,3340
0.96,3339
0.96,3338
0.96,3337
0.96,3336
0.96,3335
0.97,3334
0.97,3333
0.97,3332
0.97,3331
0.98,3330
0.98,3329
0.98,3328
0.98,3327
0.99,3326
0.99,3325
0.99,3324
0.99,3323
1.00,3322
1.00,3321
1.00,3320
1.00,3319
1.00,3318
1.01,3317
1.01,3316
1.01,3315
1.01,3314
1.02,3313
1.02,3312
1.02,3311
1.02,3310
1.03,3309
1.03,3308
1.03,3307
1.03,3306
1.03,3305
1.04,3304
1.04,3303
1.04,3302
1.04,3301
1.04,3300
1.05,3299
1.05,3298
1.05,3297
1.05,3296
1.06,3295
1.06,3294
1.06,3293
1.06,3292
1.06,3291
1.07,3290
1.07,3289
1.07,3288
1.07,3287
1.07,3286
1.08,3285
1.08,3284
1.08,3283
1.08,3282
1.09,3281
1.09,3280
1.09,3279
1.09,3278
1.09,3277
1.10,3276
1.10,3275
1.10,3274
1.10,3273
1.10,3272
1.11,3271
1.11,3270
1.11,3269
1.11,3268
1.12,3267
1.12,3266
1.12,3265
1.12,3264
1.12,3263
1.13,3262
1.13,3261
1.13,3260
1.13,3259
1.13,3258
1.14,3257
1.14,3256
1.14,3255
1.14,3254
1.14,3253
1.15,3252
1.15,3251
1.15,3250
1.15,3249
1.16,3248
1.16,3247
1.16,3246
1.16,3245
1.16,3244
1.17,3243
1.17,3242
1.17,3241
1.17,3240
1.17,3239
1.18,3238
1.18,3237
1.18,3236
1.18,3235
1.19,3234
1.19,3233
1.19,3232
1.19,3231
1.20,3230
1.20,3229
1.20,3228
1.20,3227
1.21,3226
1.21,3225
1.21,3224
1.21,3223
1.22,3222
1.22,3221
1.22,3220
1.22,3219
1.23,3218
1.23,3217
1.23,3216
1.23,3215
1.24,3214
1.24,3213
1.24,3212
1.24,3211
1.25,3210
1.25,3209
1.25,3208
1.25,3207
1.26,3206
1.26,3205
1.26,3204
1.26,3203
1.27,3202
1.27,3201
1.27,3200
1.27,3199
1.28,3198
1.28,3197
1.28,3196
1.28,3195
1.29,3194
1.29,3193
1.29,3192
1.29,3191
1.30,3190
1.30,3189
1.30,3188
1.30,3187
1.31,3186
1.31,3185
1.31,3184
1.31,3183
1.32,3182
1.32,3181
1.32,3180
1.32,3179
1.33,3178
1.33,3177
1.33,3176
1.33,3175
1.34,3174
1.34,3173
1.34,3172
1.34,3171
1.35,3170
1.35,3169
1.35,3168
1.35,3167
1.36,3166
1.36,3165
1.36,3164
1.36,3163
1.37,3162
1.37,3161
1.37,3160
1.37,3159
1.38,3158
1.38,3157
1.38,3156
1.39,3155
1.39,3154
1.39,3153
1.39,3152
1.39,3151
1.40,3150
1.40,3149
1.40,3148
1.40,3147
1.41,3146
1.41,3145
1.41,3144
1.41,3143
1.41,3142
1.42,3141
1.42,3140
1.42,3139
1.42,3138
1.42,3137
1.43,3136
1.43,3135
1.43,3134
1.43,3133
1.43,3132
1.44,3131
1.44,3130
1.44,3129
1.44,3128
1.44,3127
1.45,3126
1.45,3125
1.45,3124
1.45,3123
1.45,3122
1.46,3121
1.46,3120
1.46,3119
1.46,3118
1.47,3117
1.47,3116
1.47,3115
1.47,3114
1.47,3113
1.48,3112
1.48,3111
1.48,3110
1.48,3109
1.48,3108
1.49,3107
1.49,3106
1.49,3105
1.49,3104
1.50,3103
1.50,3102
1.50,3101
1.50,3100
1.50,3099
1.51,3098
1.51,3097
1.51,3096
1.51,3095
1.51,3094
1.52,3093
1.52,3092
1.52,3091
1.52,3090
1.52,3089
1.53,3088
1.53,3087
1.53,3086
1.53,3085
1.54,3084
1.54,3083
1.54,3082
1.54,3081
1.54,3080
1.55,3079
1.55,3078
1.55,3077
1.55,3076
1.55,3075
1.56,3074
1.56,3073
1.56,3072
1.56,3071
1.56,3070
1.57,3069
1.57,3068
1.57,3067
1.57,3066
1.57,3065
1.58,3064
1.58,3063
1.58,3062
1.58,3061
1.58,3060
1.59,3059
1.59,3058
1.59,3057
1.59,3056
1.59,3055
1.60,3054
1.60,3053
1.60,3052
1.60,3051
1.60,3050
1.61,3049
1.61,3048
1.61,3047
1.61,3046
1.61,3045
1.62,3044
1.62,3043
1.62,3042
1.62,3041
1.63,3040
1.63,3039
1.63,3038
1.63,3037
1.63,3036
1.64,3035
1.64,3034
1.64,3033
1.64,3032
1.64,3031
1.65,3030
1.65,3029
1.65,3028
1.65,3027
1.66,3026
1.66,3025
1.66,3024
1.66,3023
1.66,3022
1.67,3021
1.67,3020
1.67,3019
1.67,3018
1.67,3017
1.68,3016
1.68,3015
1.68,3014
1.68,3013
1.68,3012
1.69,3011
1.69,3010
1.69,3009
1.69,3008
1.69,3007
1.70,3006
1.70,3005
1.70,3004
1.70,3003
1.70,3002
1.71,3001
1.71,3000
1.71,2999
1.71,2998
1.71,2997
1.72,2996
1.72,2995
1.72,2994
1.72,2993
1.72,2992
1.73,2991
1.73,2990
1.73,2989
1.73,2988
1.74,2987
1.74,2986
1.74,2985
1.74,2984
1.74,2983
1.75,2982
1.75,2981
1.75,2980
1.75,2979
1.76,2978
1.76,2977
1.76,2976
1.76,2975
1.76,2974
1.77,2973
1.77,2972
1.77,2971
1.77,2970
1.77,2969
1.78,2968
1.78,2967
1.78,2966
1.78,2965
1.78,2964
1.79,2963
1.79,2962
1.79,2961
1.79,2960
1.79,2959
1.80,2958
1.80,2957
1.80,2956
1.80,2955
1.80,2954
1.81,2953
1.81,2952
1.81,2951
1.81,2950
1.81,2949
1.82,2948
1.82,2947
1.82,2946
1.82,2945
1.83,2944
1.83,2943
1.83,2942
1.83,2941
1.83,2940
1.83,2939
1.84,2938
1.84,2937
1.84,2936
1.84,2935
1.85,2934
1.85,2933
1.85,2932
1.85,2931
1.85,2930
1.85,2929
1.86,2928
1.86,2927
1.86,2926
1.86,2925
1.86,2924
1.87,2923
1.87,2922
1.87,2921
1.87,2920
1.87,2919
1.88,2918
1.88,2917
1.88,2916
1.88,2915
1.88,2914
1.89,2913
1.89,2912
1.89,2911
1.89,2910
1.89,2909
1.90,2908
1.90,2907
1.90,2906
1.90,2905
1.91,2904
1.91,2903
1.91,2902
1.91,2901
1.91,2900
1.92,2899
1.92,2898
1.92,2897
1.92,2896
1.92,2895
1.93,2894
1.93,2893
1.93,2892
1.93,2891
1.93,2890
1.94,2889
1.94,2888
1.94,2887
1.94,2886
1.94,2885
1.95,2884
1.95,2883
1.95,2882
1.95,2881
1.95,2880
1.96,2879
1.96,2878
1.96,2877
1.96,2876
1.96,2875
1.97,2874
1.97,2873
1.97,2872
1.97,2871
1.97,2870
1.97,2869
1.98,2868
1.98,2867
1.98,2866
1.98,2865
1.98,2864
1.99,2863
1.99,2862
1.99,2861
1.99,2860
1.99,2859
2.00,2858
2.00,2857
2.00,2856
2.00,2855
2.00,2854
2.01,2853
2.01,2852
2.01,2851
2.01,2850
2.01,2849
2.02,2848
2.02,2847
2.02,2846
2.02,2845
2.03,2844
2.03,2843
2.03,2842
2.03,2841
2.03,2840
2.04,2839
2.04,2838
2.04,2837
2.04,2836
2.04,2835
2.05,2834
2.05,2833
2.05,2832
2.05,2831
2.05,2830
2.06,2829
2.06,2828
2.06,2827
2.06,2826
2.06,2825
2.07,2824
2.07,2823
2.07,2822
2.07,2821
2.07,2820
2.07,2819
2.08,2818
2.08,2817
2.08,2816
2.08,2815
2.08,2814
2.09,2813
2.09,2812
2.09,2811
2.09,2810
2.09,2809
2.10,2808
2.10,2807
2.10,2806
2.10,2805
2.11,2804
2.11,2803
2.11,2802
2.11,2801
2.12,2800
2.12,2799
2.12,2798
2.12,2797
2.12,2796
2.13,2795
2.13,2794
2.13,2793
2.13,2792
2.13,2791
2.14,2790
2.14,2789
2.14,2788
2.14,2787
2.14,2786
2.15,2785
2.15,2784
2.15,2783
2.15,2782
2.15,2781
2.16,2780
2.16,2779
2.16,2778
2.16,2777
2.16,2776
2.17,2775
2.17,2774
2.17,2773
2.17,2772
2.17,2771
2.18,2770
2.18,2769
2.18,2768
2.18,2767
2.18,2766
2.19,2765
2.19,2764
2.19,2763
2.19,2762
2.19,2761
2.20,2760
2.20,2759
2.20,2758
2.20,2757
2.20,2756
2.21,2755
2.21,2754
2.21,2753
2.21,2752
2.21,2751
2.22,2750
2.22,2749
2.22,2748
2.22,2747
2.22,2746
2.23,2745
2.23,2744
2.23,2743
2.23,2742
2.23,2741
2.24,2740
2.24,2739
2.24,2738
2.24,2737
2.24,2736
2.24,2735
2.25,2734
2.25,2733
2.25,2732
2.25,2731
2.25,2730
2.26,2729
2.26,2728
2.26,2727
2.26,2726
2.26,2725
2.27,2724
2.27,2723
2.27,2722
2.27,2721
2.27,2720
2.28,2719
2.28,2718
2.28,2717
2.28,2716
2.28,2715
2.29,2714
2.29,2713
2.29,2712
2.29,2711
2.29,2710
2.30,2709
2.30,2708
2.30,2707
2.30,2706
2.30,2705
2.31,2704
2.31,2703
2.31,2702
2.31,2701
2.31,2700
2.32,2699
2.32,2698
2.32,2697
2.32,2696
2.32,2695
2.33,2694
2.33,2693
2.33,2692
2.33,2691
2.33,2690
2.34,2689
2.34,2688
2.34,2687
2.34,2686
2.34,2685
2.35,2684
2.35,2683
2.35,2682
2.35,2681
2.35,2680
2.36,2679
2.36,2678
2.36,2677
2.36,2676
2.36,2675
2.37,2674
2.37,2673
2.37,2672
2.37,2671
2.37,2670
2.38,2669
2.38,2668
2.38,2667
2.38,2666
2.38,2665
2.39,2664
2.39,2663
2.39,2662
2.39,2661
2.39,2660
2.40,2659
2.40,2658
2.40,2657
2.40,2656
2.40,2655
2.41,2654
2.41,2653
2.41,2652
2.41,2651
2.41,2650
2.42,2649
2.42,2648
2.42,2647
2.42,2646
2.42,2645
2.42,2644
2.43,2643
2.43,2642
2.43,2641
2.43,2640
2.44,2639
2.44,2638
2.44,2637
2.44,2636
2.44,2635
2.45,2634
2.45,2633
2.45,2632
2.45,2631
2.45,2630
2.46,2629
2.46,2628
2.46,2627
2.46,2626
2.46,2625
2.47,2624
2.47,2623
2.47,2622
2.47,2621
2.47,2620
2.48,2619
2.48,2618
2.48,2617
2.48,2616
2.48,2615
2.49,2614
2.49,2613
2.49,2612
2.49,2611
2.49,2610
2.50,2609
2.50,2608
2.50,2607
2.50,2606
2.50,2605
2.51,2604
2.51,2603
2.51,2602
2.51,2601
2.51,2600
2.52,2599
2.52,2598
2.52,2597
2.52,2596
2.52,2595
2.53,2594
2.53,2593
2.53,2592
2.53,2591
2.53,2590
2.54,2589
2.54,2588
2.54,2587
2.54,2586
2.54,2585
2.55,2584
2.55,2583
2.55,2582
2.55,2581
2.55,2580
2.55,2579
2.56,2578
2.56,2577
2.56,2576
2.56,2575
2.57,2574
2.57,2573
2.57,2572
2.57,2571
2.57,2570
2.58,2569
2.58,2568
2.58,2567
2.58,2566
2.58,2565
2.59,2564
2.59,2563
2.59,2562
2.59,2561
2.59,2560
2.60,2559
2.60,2558
2.60,2557
2.60,2556
2.60,2555
2.61,2554
2.61,2553
2.61,2552
2.61,2551
2.61,2550
2.61,2549
2.62,2548
2.62,2547
2.62,2546
2.62,2545
2.62,2544
2.63,2543
2.63,2542
2.63,2541
2.63,2540
2.63,2539
2.64,2538
2.64,2537
2.64,2536
2.64,2535
2.64,2534
2.65,2533
2.65,2532
2.65,2531
2.65,2530
2.65,2529
2.66,2528
2.66,2527
2.66,2526
2.66,2525
2.66,2524
2.67,2523
2.67,2522
2.67,2521
2.67,2520
2.67,2519
2.67,2518
2.68,2517
2.68,2516
2.68,2515
2.68,2514
2.68,2513
2.69,2512
2.69,2511
2.69,2510
2.69,2509
2.69,2508
2.70,2507
2.70,2506
2.70,2505
2.70,2504
2.70,2503
2.71,2502
2.71,2501
2.71,2500
2.71,2499
2.71,2498
2.72,2497
2.72,2496
2.72,2495
2.72,2494
2.72,2493
2.73,2492
2.73,2491
2.73,2490
2.73,2489
2.73,2488
2.74,2487
2.74,2486
2.74,2485
2.74,2484
2.74,2483
2.75,2482
2.75,2481
2.75,2480
2.75,2479
2.75,2478
2.76,2477
2.76,2476
2.76,2475
2.76,2474
2.76,2473
2.77,2472
2.77,2471
2.77,2470
2.77,2469
2.77,2468
2.78,2467
2.78,2466
2.78,2465
2.78,2464
2.78,2463
2.78,2462
2.79,2461
2.79,2460
2.79,2459
2.79,2458
2.79,2457
2.80,2456
2.80,2455
2.80,2454
2.80,2453
2.81,2452
2.81,2451
2.81,2450
2.81,2449
2.81,2448
2.82,2447
2.82,2446
2.82,2445
2.82,2444
2.82,2443
2.82,2442
2.83,2441
2.83,2440
2.83,2439
2.83,2438
2.83,2437
2.84,2436
2.84,2435
2.84,2434
2.84,2433
2.84,2432
2.85,2431
2.85,2430
2.85,2429
2.85,2428
2.85,2427
2.86,2426
2.86,2425
2.86,2424
2.86,2423
2.86,2422
2.87,2421
2.87,2420
2.87,2419
2.87,2418
2.87,2417
2.87,2416
2.88,2415
2.88,2414
2.88,2413
2.88,2412
2.88,2411
2.89,2410
2.89,2409
2.89,2408
2.89,2407
2.89,2406
2.90,2405
2.90,2404
2.90,2403
2.90,2402
2.90,2401
2.91,2400
2.91,2399
2.91,2398
2.91,2397
2.91,2396
2.91,2395
2.92,2394
2.92,2393
2.92,2392
2.92,2391
2.92,2390
2.93,2389
2.93,2388
2.93,2387
2.93,2386
2.93,2385
2.94,2384
2.94,2383
2.94,2382
2.94,2381
2.94,2380
2.95,2379
2.95,2378
2.95,2377
2.95,2376
2.95,2375
2.95,2374
2.96,2373
2.96,2372
2.96,2371
2.96,2370
2.96,2369
2.97,2368
2.97,2367
2.97,2366
2.97,2365
2.97,2364
2.98,2363
2.98,2362
2.98,2361
2.98,2360
2.98,2359
2.99,2358
