0.10,3640
0.17,3639
0.18,3638
0.19,3637
0.19,3636
0.20,3635
0.21,3634
0.22,3633
0.22,3632
0.23,3631
0.24,3630
0.24,3629
0.25,3628
0.25,3627
0.26,3626
0.26,3625
0.27,3624
0.28,3623
0.28,3622
0.29,3621
0.29,3620
0.30,3619
0.30,3618
0.31,3617
0.31,3616
0.32,3615
0.33,3614
0.33,3613
0.34,3612
0.34,3611
0.35,3610
0.35,3609
0.36,3608
0.36,3607
0.37,3606
0.37,3605
0.38,3604
0.38,3603
0.39,3602
0.39,3601
0.40,3600
0.40,3599
0.41,3598
0.41,3597
0.41,3596
0.42,3595
0.42,3594
0.43,3593
0.43,3592
0.43,3591
0.43,3590
0.43,3589
0.44,3588
0.44,3587
0.44,3586
0.44,3585
0.45,3584
0.45,3583
0.45,3582
0.45,3581
0.45,3580
0.46,3579
0.46,3578
0.46,3577
0.46,3576
0.47,3575
0.47,3574
0.47,3573
0.47,3572
0.47,3571
0.48,3570
0.48,3569
0.48,3568
0.48,3567
0.49,3566
0.49,3565
0.49,3564
0.49,3563
0.50,3562
0.50,3561
0.50,3560
0.50,3559
0.50,3558
0.51,3557
0.51,3556
0.51,3555
0.51,3554
0.51,3553
0.52,3552
0.52,3551
0.52,3550
0.52,3549
0.52,3548
0.53,3547
0.53,3546
0.53,3545
0.53,3544
0.54,3543
0.54,3542
0.54,3541
0.54,3540
0.54,3539
0.55,3538
0.55,3537
0.55,3536
0.55,3535
0.55,3534
0.56,3533
0.56,3532
0.56,3531
0.56,3530
0.57,3529
0.57,3528
0.57,3527
0.57,3526
0.57,3525
0.58,3524
0.58,3523
0.58,3522
0.58,3521
0.58,3520
0.59,3519
0.59,3518
0.59,3517
0.59,3516
0.60,3515
0.60,3514
0.60,3513
0.60,3512
0.61,3511
0.61,3510
0.61,3509
0.61,3508
0.62,3507
0.62,3506
0.62,3505
0.62,3504
0.62,3503
0.63,3502
0.63,3501
0.63,3500
0.63,3499
0.64,3498
0.64,3497
0.64,3496
0.64,3495
0.64,3494
0.65,3493
0.65,3492
0.65,3491
0.65,3490
0.65,3489
0.66,3488
0.66,3487
0.66,3486
0.66,3485
0.66,3484
0.67,3483
0.67,3482
0.67,3481
0.67,3480
0.68,3479
0.68,3478
0.68,3477
0.68,3476
0.68,3475
0.69,3474
0.69,3473
0.69,3472
0.69,3471
0.70,3470
0.70,3469
0.70,3468
0.70,3467
0.70,3466
0.71,3465
0.71,3464
0.71,3463
0.71,3462
0.71,3461
0.72,3460
0.72,3459
0.72,3458
0.72,3457
0.72,3456
0.73,3455
0.73,3454
0.73,3453
0.73,3452
0.73,3451
0.74,3450
0.74,3449
0.74,3448
0.74,3447
0.74,3446
0.75,3445
0.75,3444
0.75,3443
0.75,3442
0.75,3441
0.76,3440
0.76,3439
0.76,3438
0.76,3437
0.77,3436
0.77,3435
0.77,3434
0.77,3433
0.77,3432
0.78,3431
0.78,3430
0.78,3429
0.78,3428
0.79,3427
0.79,3426
0.79,3425
0.79,3424
0.80,3423
0.80,3422
0.80,3421
0.80,3420
0.80,3419
0.81,3418
0.81,3417
0.81,3416
0.81,3415
0.81,3414
0.82,3413
0.82,3412
0.82,3411
0.82,3410
0.82,3409
0.83,3408
0.83,3407
0.83,3406
0.83,3405
0.84,3404
0.84,3403
0.84,3402
0.84,3401
0.84,3400
0.85,3399
0.85,3398
0.85,3397
0.85,3396
0.85,3395
0.86,3394
0.86,3393
0.86,3392
0.86,3391
0.87,3390
0.87,3389
0.87,3388
0.87,3387
0.87,3386
0.88,3385
0.88,3384
0.88,3383
0.88,3382
0.88,3381
0.89,3380
0.89,3379
0.89,3378
0.89,3377
0.89,3376
0.90,3375
0.90,3374
0.90,3373
0.90,3372
0.91,3371
0.91,3370
0.91,3369
0.91,3368
0.91,3367
0.92,3366
0.92,3365
0.92,3364
0.92,3363
0.92,3362
0.93,3361
0.93,3360
0.93,3359
0.93,3358
0.93,3357
0.94,3356
0.94,3355
0.94,3354
0.94,3353
0.95,3352
0.95,3351
0.95,3350
0.95,3349
0.95,3348
0.96,3347
0.96,3346
0.96,3345
0.97,3344
0.97,3343
0.97,3342
0.97,3341
0.97,3340
0.98,3339
0.98,3338
0.98,3337
0.98,3336
0.98,3335
0.99,3334
0.99,3333
0.99,3332
0.99,3331
0.99,3330
0.99,3329
1.00,3328
1.00,3327
1.00,3326
1.00,3325
1.01,3324
1.01,3323
1.01,3322
1.01,3321
1.01,3320
1.02,3319
1.02,3318
1.02,3317
1.02,3316
1.02,3315
1.03,3314
1.03,3313
1.03,3312
1.03,3311
1.03,3310
1.04,3309
1.04,3308
1.04,3307
1.04,3306
1.04,3305
1.05,3304
1.05,3303
1.05,3302
1.05,3301
1.05,3300
1.06,3299
1.06,3298
1.06,3297
1.06,3296
1.06,3295
1.07,3294
1.07,3293
1.07,3292
1.07,3291
1.07,3290
1.08,3289
1.08,3288
1.08,3287
1.08,3286
1.08,3285
1.09,3284
1.09,3283
1.09,3282
1.09,3281
1.09,3280
1.10,3279
1.10,3278
1.10,3277
1.10,3276
1.10,3275
1.11,3274
1.11,3273
1.11,3272
1.11,3271
1.11,3270
1.11,3269
1.12,3268
1.12,3267
1.12,3266
1.12,3265
1.12,3264
1.13,3263
1.13,3262
1.13,3261
1.13,3260
1.13,3259
1.14,3258
1.14,3257
1.14,3256
1.14,3255
1.14,3254
1.15,3253
1.15,3252
1.15,3251
1.15,3250
1.16,3249
1.16,3248
1.16,3247
1.16,3246
1.17,3245
1.17,3244
1.17,3243
1.17,3242
1.17,3241
1.18,3240
1.18,3239
1.18,3238
1.18,3237
1.19,3236
1.19,3235
1.19,3234
1.19,3233
1.19,3232
1.20,3231
1.20,3230
1.20,3229
1.20,3228
1.21,3227
1.21,3226
1.21,3225
1.21,3224
1.22,3223
1.22,3222
1.22,3221
1.22,3220
1.23,3219
1.23,3218
1.23,3217
1.23,3216
1.23,3215
1.24,3214
1.24,3213
1.24,3212
1.24,3211
1.25,3210
1.25,3209
1.25,3208
1.25,3207
1.26,3206
1.26,3205
1.26,3204
1.26,3203
1.26,3202
1.27,3201
1.27,3200
1.27,3199
1.27,3198
1.28,3197
1.28,3196
1.28,3195
1.28,3194
1.29,3193
1.29,3192
1.29,3191
1.29,3190
1.30,3189
1.30,3188
1.30,3187
1.30,3186
1.30,3185
1.31,3184
1.31,3183
1.31,3182
1.31,3181
1.32,3180
1.32,3179
1.32,3178
1.32,3177
1.33,3176
1.33,3175
1.33,3174
1.34,3173
1.34,3172
1.34,3171
1.34,3170
1.34,3169
1.35,3168
1.35,3167
1.35,3166
1.35,3165
1.35,3164
1.36,3163
1.36,3162
1.36,3161
1.36,3160
1.36,3159
1.37,3158
1.37,3157
1.37,3156
1.37,3155
1.37,3154
1.38,3153
1.38,3152
1.38,3151
1.38,3150
1.38,3149
1.39,3148
1.39,3147
1.39,3146
1.39,3145
1.39,3144
1.40,3143
1.40,3142
1.40,3141
1.40,3140
1.40,3139
1.40,3138
1.41,3137
1.41,3136
1.41,3135
1.41,3134
1.41,3133
1.42,3132
1.42,3131
1.42,3130
1.42,3129
1.42,3128
1.43,3127
1.43,3126
1.43,3125
1.43,3124
1.44,3123
1.44,3122
1.44,3121
1.44,3120
1.44,3119
1.44,3118
1.45,3117
1.45,3116
1.45,3115
1.45,3114
1.46,3113
1.46,3112
1.46,3111
1.46,3110
1.46,3109
1.46,3108
1.47,3107
1.47,3106
1.47,3105
1.47,3104
1.47,3103
1.48,3102
1.48,3101
1.48,3100
1.48,3099
1.48,3098
1.49,3097
1.49,3096
1.49,3095
1.49,3094
1.50,3093
1.50,3092
1.50,3091
1.50,3090
1.50,3089
1.51,3088
1.51,3087
1.51,3086
1.51,3085
1.51,3084
1.52,3083
1.52,3082
1.52,3081
1.52,3080
1.52,3079
1.52,3078
1.53,3077
1.53,3076
1.53,3075
1.53,3074
1.53,3073
1.54,3072
1.54,3071
1.54,3070
1.54,3069
1.55,3068
1.55,3067
1.55,3066
1.55,3065
1.55,3064
1.55,3063
1.56,3062
1.56,3061
1.56,3060
1.56,3059
1.56,3058
1.57,3057
1.57,3056
1.57,3055
1.57,3054
1.57,3053
1.58,3052
1.58,3051
1.58,3050
1.58,3049
1.58,3048
1.59,3047
1.59,3046
1.59,3045
1.59,3044
1.59,3043
1.60,3042
1.60,3041
1.60,3040
1.60,3039
1.60,3038
1.61,3037
1.61,3036
1.61,3035
1.61,3034
1.61,3033
1.62,3032
1.62,3031
1.62,3030
1.62,3029
1.62,3028
1.63,3027
1.63,3026
1.63,3025
1.63,3024
1.63,3023
1.64,3022
1.64,3021
1.64,3020
1.64,3019
1.64,3018
1.65,3017
1.65,3016
1.65,3015
1.65,3014
1.65,3013
1.65,3012
1.66,3011
1.66,3010
1.66,3009
1.66,3008
1.66,3007
1.67,3006
1.67,3005
1.67,3004
1.67,3003
1.67,3002
1.68,3001
1.68,3000
1.68,2999
1.69,2998
1.69,2997
1.69,2996
1.69,2995
1.69,2994
1.70,2993
1.70,2992
1.70,2991
1.70,2990
1.70,2989
1.70,2988
1.71,2987
1.71,2986
1.71,2985
1.71,2984
1.71,2983
1.72,2982
1.72,2981
1.72,2980
1.72,2979
1.72,2978
1.73,2977
1.73,2976
1.73,2975
1.73,2974
1.73,2973
1.74,2972
1.74,2971
1.74,2970
1.74,2969
1.74,2968
1.75,2967
1.75,2966
1.75,2965
1.75,2964
1.75,2963
1.76,2962
1.76,2961
1.76,2960
1.76,2959
1.76,2958
1.77,2957
1.77,2956
1.77,2955
1.77,2954
1.77,2953
1.78,2952
1.78,2951
1.78,2950
1.78,2949
1.78,2948
1.78,2947
1.79,2946
1.79,2945
1.79,2944
1.79,2943
1.79,2942
1.80,2941
1.80,2940
1.80,2939
1.80,2938
1.80,2937
1.81,2936
1.81,2935
1.81,2934
1.81,2933
1.81,2932
1.82,2931
1.82,2930
1.82,2929
1.82,2928
1.82,2927
1.82,2926
1.83,2925
1.83,2924
1.83,2923
1.83,2922
1.83,2921
1.84,2920
1.84,2919
1.84,2918
1.84,2917
1.84,2916
1.85,2915
1.85,2914
1.85,2913
1.85,2912
1.85,2911
1.86,2910
1.86,2909
1.86,2908
1.86,2907
1.86,2906
1.86,2905
1.87,2904
1.87,2903
1.87,2902
1.87,2901
1.87,2900
1.88,2899
1.88,2898
1.88,2897
1.88,2896
1.88,2895
1.89,2894
1.89,2893
1.89,2892
1.89,2891
1.89,2890
1.89,2889
1.90,2888
1.90,2887
1.90,2886
1.90,2885
1.90,2884
1.91,2883
1.91,2882
1.91,2881
1.91,2880
1.91,2879
1.92,2878
1.92,2877
1.92,2876
1.92,2875
1.92,2874
1.93,2873
1.93,2872
1.93,2871
1.93,2870
1.93,2869
1.93,2868
1.94,2867
1.94,2866
1.94,2865
1.94,2864
1.94,2863
1.95,2862
1.95,2861
1.95,2860
1.95,2859
1.95,2858
1.96,2857
1.96,2856
1.96,2855
1.96,2854
1.96,2853
1.96,2852
1.97,2851
1.97,2850
1.97,2849
1.97,2848
1.97,2847
1.98,2846
1.98,2845
1.98,2844
1.98,2843
1.98,2842
1.99,2841
1.99,2840
1.99,2839
1.99,2838
1.99,2837
2.00,2836
2.00,2835
2.00,2834
2.00,2833
2.00,2832
2.00,2831
2.01,2830
2.01,2829
2.01,2828
2.01,2827
2.01,2826
2.02,2825
2.02,2824
2.02,2823
2.02,2822
2.02,2821
2.03,2820
2.03,2819
2.03,2818
2.03,2817
2.03,2816
2.03,2815
2.04,2814
2.04,2813
2.04,2812
2.04,2811
2.05,2810
2.05,2809
2.05,2808
2.05,2807
2.05,2806
2.06,2805
2.06,2804
2.06,2803
2.06,2802
2.07,2801
2.07,2800
2.07,2799
2.07,2798
2.07,2797
2.08,2796
2.08,2795
2.08,2794
2.08,2793
2.08,2792
2.09,2791
2.09,2790
2.09,2789
2.09,2788
2.10,2787
2.10,2786
2.10,2785
2.10,2784
2.11,2783
2.11,2782
2.11,2781
2.11,2780
2.11,2779
2.12,2778
2.12,2777
2.12,2776
2.12,2775
2.13,2774
2.13,2773
2.13,2772
2.13,2771
2.13,2770
2.14,2769
2.14,2768
2.14,2767
2.14,2766
2.15,2765
2.15,2764
2.15,2763
2.15,2762
2.15,2761
2.16,2760
2.16,2759
2.16,2758
2.16,2757
2.17,2756
2.17,2755
2.17,2754
2.17,2753
2.18,2752
2.18,2751
2.18,2750
2.18,2749
2.18,2748
2.19,2747
2.19,2746
2.19,2745
2.19,2744
2.20,2743
2.20,2742
2.20,2741
2.20,2740
2.20,2739
2.21,2738
2.21,2737
2.21,2736
2.21,2735
2.22,2734
2.22,2733
2.22,2732
2.22,2731
2.22,2730
2.23,2729
2.23,2728
2.23,2727
2.23,2726
2.24,2725
2.24,2724
2.24,2723
2.24,2722
2.24,2721
2.25,2720
2.25,2719
2.25,2718
2.25,2717
2.26,2716
2.26,2715
2.26,2714
2.26,2713
2.27,2712
2.27,2711
2.27,2710
2.27,2709
2.27,2708
2.28,2707
2.28,2706
2.28,2705
2.28,2704
2.28,2703
2.29,2702
2.29,2701
2.29,2700
2.29,2699
2.30,2698
2.30,2697
2.30,2696
2.30,2695
2.31,2694
2.31,2693
2.31,2692
2.31,2691
2.31,2690
2.32,2689
2.32,2688
2.32,2687
2.32,2686
2.33,2685
2.33,2684
2.33,2683
2.33,2682
2.33,2681
2.34,2680
2.34,2679
2.34,2678
2.34,2677
2.35,2676
2.35,2675
2.35,2674
2.35,2673
2.35,2672
2.36,2671
2.36,2670
2.36,2669
2.36,2668
2.37,2667
2.37,2666
2.37,2665
2.37,2664
2.38,2663
2.38,2662
2.38,2661
2.38,2660
2.38,2659
2.39,2658
2.39,2657
2.39,2656
2.39,2655
2.39,2654
2.40,2653
2.40,2652
2.40,2651
2.40,2650
2.41,2649
2.41,2648
2.41,2647
2.41,2646
2.41,2645
2.42,2644
2.42,2643
2.42,2642
2.42,2641
2.43,2640
2.43,2639
2.43,2638
2.43,2637
2.43,2636
2.44,2635
2.44,2634
2.44,2633
2.44,2632
2.45,2631
2.45,2630
2.45,2629
2.46,2628
2.46,2627
2.46,2626
2.46,2625
2.46,2624
2.46,2623
2.47,2622
2.47,2621
2.47,2620
2.47,2619
2.47,2618
2.48,2617
2.48,2616
2.48,2615
2.48,2614
2.48,2613
2.49,2612
2.49,2611
2.49,2610
2.49,2609
2.49,2608
2.49,2607
2.50,2606
2.50,2605
2.50,2604
2.50,2603
2.50,2602
2.51,2601
2.51,2600
2.51,2599
2.51,2598
2.51,2597
2.52,2596
2.52,2595
2.52,2594
2.52,2593
2.52,2592
2.53,2591
2.53,2590
2.53,2589
2.53,2588
2.53,2587
2.53,2586
2.54,2585
2.54,2584
2.54,2583
2.54,2582
2.54,2581
2.55,2580
2.55,2579
2.55,2578
2.55,2577
2.55,2576
2.55,2575
2.56,2574
2.56,2573
2.56,2572
2.56,2571
2.56,2570
2.57,2569
2.57,2568
2.57,2567
2.57,2566
2.57,2565
2.58,2564
2.58,2563
2.58,2562
2.58,2561
2.58,2560
2.58,2559
2.59,2558
2.59,2557
2.59,2556
2.59,2555
2.59,2554
2.60,2553
2.60,2552
2.60,2551
2.60,2550
2.60,2549
2.61,2548
2.61,2547
2.61,2546
2.61,2545
2.61,2544
2.61,2543
2.62,2542
2.62,2541
2.62,2540
2.62,2539
2.62,2538
2.63,2537
2.63,2536
2.63,2535
2.63,2534
2.63,2533
2.63,2532
2.64,2531
2.64,2530
2.64,2529
2.64,2528
2.64,2527
2.65,2526
2.65,2525
2.65,2524
2.65,2523
2.65,2522
2.65,2521
2.66,2520
2.66,2519
2.66,2518
2.66,2517
2.66,2516
2.67,2515
2.67,2514
2.67,2513
2.67,2512
2.67,2511
2.68,2510
2.68,2509
2.68,2508
2.68,2507
2.68,2506
2.68,2505
2.69,2504
2.69,2503
2.69,2502
2.69,2501
2.69,2500
2.70,2499
2.70,2498
2.70,2497
2.70,2496
2.70,2495
2.71,2494
2.71,2493
2.71,2492
2.71,2491
2.71,2490
2.71,2489
2.72,2488
2.72,2487
2.72,2486
2.72,2485
2.72,2484
2.73,2483
2.73,2482
2.73,2481
2.73,2480
2.73,2479
2.73,2478
2.74,2477
2.74,2476
2.74,2475
2.74,2474
2.74,2473
2.75,2472
2.75,2471
2.75,2470
2.75,2469
2.75,2468
2.76,2467
2.76,2466
2.76,2465
2.76,2464
2.76,2463
2.76,2462
2.77,2461
2.77,2460
2.77,2459
2.77,2458
2.77,2457
2.78,2456
2.78,2455
2.78,2454
2.78,2453
2.78,2452
2.78,2451
2.79,2450
2.79,2449
2.79,2448
2.79,2447
2.79,2446
2.80,2445
2.80,2444
2.80,2443
2.80,2442
2.80,2441
2.80,2440
2.81,2439
2.81,2438
2.81,2437
2.81,2436
2.81,2435
2.82,2434
2.82,2433
2.82,2432
2.82,2431
2.82,2430
2.83,2429
2.83,2428
2.83,2427
2.83,2426
2.83,2425
2.83,2424
2.84,2423
2.84,2422
2.84,2421
2.84,2420
2.84,2419
2.85,2418
2.85,2417
2.85,2416
2.85,2415
2.85,2414
2.85,2413
2.86,2412
2.86,2411
2.86,2410
2.86,2409
2.86,2408
2.87,2407
2.87,2406
2.87,2405
2.87,2404
2.87,2403
2.87,2402
2.88,2401
2.88,2400
2.88,2399
2.88,2398
2.88,2397
2.89,2396
2.89,2395
2.89,2394
2.89,2393
2.89,2392
2.89,2391
2.90,2390
2.90,2389
2.91,2388
