0.10,3614
0.17,3613
0.18,3612
0.19,3611
0.19,3610
0.20,3609
0.21,3608
0.22,3607
0.22,3606
0.23,3605
0.23,3604
0.24,3603
0.24,3602
0.25,3601
0.25,3600
0.26,3599
0.26,3598
0.27,3597
0.28,3596
0.28,3595
0.29,3594
0.29,3593
0.30,3592
0.30,3591
0.31,3590
0.32,3589
0.32,3588
0.33,3587
0.33,3586
0.34,3585
0.34,3584
0.35,3583
0.35,3582
0.36,3581
0.36,3580
0.37,3579
0.37,3578
0.38,3577
0.38,3576
0.39,3575
0.39,3574
0.39,3573
0.40,3572
0.40,3571
0.40,3570
0.41,3569
0.41,3568
0.42,3567
0.42,3566
0.42,3565
0.42,3564
0.43,3563
0.43,3562
0.43,3561
0.43,3560
0.44,3559
0.44,3558
0.44,3557
0.44,3556
0.45,3555
0.45,3554
0.45,3553
0.45,3552
0.45,3551
0.46,3550
0.46,3549
0.46,3548
0.46,3547
0.47,3546
0.47,3545
0.47,3544
0.47,3543
0.48,3542
0.48,3541
0.48,3540
0.48,3539
0.49,3538
0.49,3537
0.49,3536
0.49,3535
0.49,3534
0.50,3533
0.50,3532
0.50,3531
0.50,3530
0.50,3529
0.51,3528
0.51,3527
0.51,3526
0.51,3525
0.52,3524
0.52,3523
0.52,3522
0.52,3521
0.53,3520
0.53,3519
0.53,3518
0.53,3517
0.53,3516
0.54,3515
0.54,3514
0.54,3513
0.54,3512
0.54,3511
0.55,3510
0.55,3509
0.55,3508
0.55,3507
0.55,3506
0.56,3505
0.56,3504
0.56,3503
0.56,3502
0.56,3501
0.57,3500
0.57,3499
0.57,3498
0.58,3497
0.58,3496
0.58,3495
0.58,3494
0.59,3493
0.59,3492
0.59,3491
0.59,3490
0.60,3489
0.60,3488
0.60,3487
0.60,3486
0.61,3485
0.61,3484
0.61,3483
0.62,3482
0.62,3481
0.62,3480
0.62,3479
0.62,3478
0.63,3477
0.63,3476
0.63,3475
0.63,3474
0.63,3473
0.64,3472
0.64,3471
0.64,3470
0.64,3469
0.64,3468
0.65,3467
0.65,3466
0.65,3465
0.65,3464
0.65,3463
0.66,3462
0.66,3461
0.66,3460
0.66,3459
0.66,3458
0.67,3457
0.67,3456
0.67,3455
0.67,3454
0.67,3453
0.67,3452
0.68,3451
0.68,3450
0.68,3449
0.68,3448
0.69,3447
0.69,3446
0.69,3445
0.69,3444
0.69,3443
0.70,3442
0.70,3441
0.70,3440
0.70,3439
0.70,3438
0.71,3437
0.71,3436
0.71,3435
0.71,3434
0.71,3433
0.72,3432
0.72,3431
0.72,3430
0.72,3429
0.72,3428
0.73,3427
0.73,3426
0.73,3425
0.73,3424
0.73,3423
0.74,3422
0.74,3421
0.74,3420
0.74,3419
0.74,3418
0.75,3417
0.75,3416
0.75,3415
0.75,3414
0.75,3413
0.76,3412
0.76,3411
0.76,3410
0.76,3409
0.76,3408
0.77,3407
0.77,3406
0.77,3405
0.77,3404
0.78,3403
0.78,3402
0.78,3401
0.79,3400
0.79,3399
0.79,3398
0.79,3397
0.79,3396
0.80,3395
0.80,3394
0.80,3393
0.80,3392
0.80,3391
0.81,3390
0.81,3389
0.81,3388
0.81,3387
0.82,3386
0.82,3385
0.82,3384
0.82,3383
0.82,3382
0.83,3381
0.83,3380
0.83,3379
0.83,3378
0.83,3377
0.84,3376
0.84,3375
0.84,3374
0.84,3373
0.84,3372
0.85,3371
0.85,3370
0.85,3369
0.85,3368
0.86,3367
0.86,3366
0.86,3365
0.86,3364
0.86,3363
0.87,3362
0.87,3361
0.87,3360
0.87,3359
0.87,3358
0.88,3357
0.88,3356
0.88,3355
0.88,3354
0.89,3353
0.89,3352
0.89,3351
0.89,3350
0.89,3349
0.90,3348
0.90,3347
0.90,3346
0.90,3345
0.91,3344
0.91,3343
0.91,3342
0.91,3341
0.91,3340
0.92,3339
0.92,3338
0.92,3337
0.92,3336
0.92,3335
0.93,3334
0.93,3333
0.93,3332
0.93,3331
0.93,3330
0.94,3329
0.94,3328
0.94,3327
0.94,3326
0.94,3325
0.95,3324
0.95,3323
0.95,3322
0.95,3321
0.95,3320
0.96,3319
0.96,3318
0.96,3317
0.97,3316
0.97,3315
0.97,3314
0.97,3313
0.97,3312
0.98,3311
0.98,3310
0.98,3309
0.98,3308
0.98,3307
0.99,3306
0.99,3305
0.99,3304
0.99,3303
0.99,3302
1.00,3301
1.00,3300
1.00,3299
1.00,3298
1.00,3297
1.01,3296
1.01,3295
1.01,3294
1.01,3293
1.01,3292
1.02,3291
1.02,3290
1.02,3289
1.02,3288
1.02,3287
1.03,3286
1.03,3285
1.03,3284
1.03,3283
1.04,3282
1.04,3281
1.04,3280
1.04,3279
1.04,3278
1.05,3277
1.05,3276
1.05,3275
1.05,3274
1.05,3273
1.06,3272
1.06,3271
1.06,3270
1.06,3269
1.06,3268
1.07,3267
1.07,3266
1.07,3265
1.07,3264
1.07,3263
1.08,3262
1.08,3261
1.08,3260
1.08,3259
1.08,3258
1.09,3257
1.09,3256
1.09,3255
1.09,3254
1.09,3253
1.10,3252
1.10,3251
1.10,3250
1.10,3249
1.10,3248
1.11,3247
1.11,3246
1.11,3245
1.11,3244
1.11,3243
1.12,3242
1.12,3241
1.12,3240
1.12,3239
1.12,3238
1.13,3237
1.13,3236
1.13,3235
1.13,3234
1.13,3233
1.14,3232
1.14,3231
1.14,3230
1.14,3229
1.14,3228
1.15,3227
1.15,3226
1.15,3225
1.15,3224
1.16,3223
1.16,3222
1.16,3221
1.16,3220
1.17,3219
1.17,3218
1.17,3217
1.17,3216
1.17,3215
1.18,3214
1.18,3213
1.18,3212
1.18,3211
1.19,3210
1.19,3209
1.19,3208
1.19,3207
1.20,3206
1.20,3205
1.20,3204
1.20,3203
1.21,3202
1.21,3201
1.21,3200
1.22,3199
1.22,3198
1.22,3197
1.22,3196
1.23,3195
1.23,3194
1.23,3193
1.24,3192
1.24,3191
1.24,3190
1.24,3189
1.25,3188
1.25,3187
1.25,3186
1.25,3185
1.26,3184
1.26,3183
1.26,3182
1.26,3181
1.27,3180
1.27,3179
1.27,3178
1.27,3177
1.28,3176
1.28,3175
1.28,3174
1.28,3173
1.29,3172
1.29,3171
1.29,3170
1.29,3169
1.30,3168
1.30,3167
1.30,3166
1.30,3165
1.31,3164
1.31,3163
1.31,3162
1.31,3161
1.32,3160
1.32,3159
1.32,3158
1.32,3157
1.33,3156
1.33,3155
1.33,3154
1.33,3153
1.34,3152
1.34,3151
1.34,3150
1.34,3149
1.35,3148
1.35,3147
1.35,3146
1.36,3145
1.36,3144
1.36,3143
1.36,3142
1.36,3141
1.37,3140
1.37,3139
1.37,3138
1.37,3137
1.38,3136
1.38,3135
1.38,3134
1.38,3133
1.38,3132
1.39,3131
1.39,3130
1.39,3129
1.39,3128
1.40,3127
1.40,3126
1.40,3125
1.40,3124
1.41,3123
1.41,3122
1.41,3121
1.41,3120
1.42,3119
1.42,3118
1.42,3117
1.42,3116
1.42,3115
1.43,3114
1.43,3113
1.43,3112
1.43,3111
1.44,3110
1.44,3109
1.44,3108
1.44,3107
1.45,3106
1.45,3105
1.45,3104
1.45,3103
1.45,3102
1.46,3101
1.46,3100
1.46,3099
1.46,3098
1.47,3097
1.47,3096
1.47,3095
1.47,3094
1.47,3093
1.48,3092
1.48,3091
1.48,3090
1.48,3089
1.49,3088
1.49,3087
1.49,3086
1.49,3085
1.49,3084
1.49,3083
1.50,3082
1.50,3081
1.50,3080
1.50,3079
1.50,3078
1.51,3077
1.51,3076
1.51,3075
1.51,3074
1.52,3073
1.52,3072
1.52,3071
1.52,3070
1.52,3069
1.52,3068
1.53,3067
1.53,3066
1.53,3065
1.53,3064
1.53,3063
1.54,3062
1.54,3061
1.54,3060
1.54,3059
1.55,3058
1.55,3057
1.55,3056
1.55,3055
1.55,3054
1.56,3053
1.56,3052
1.56,3051
1.56,3050
1.56,3049
1.57,3048
1.57,3047
1.57,3046
1.57,3045
1.57,3044
1.58,3043
1.58,3042
1.58,3041
1.58,3040
1.58,3039
1.59,3038
1.59,3037
1.59,3036
1.59,3035
1.59,3034
1.60,3033
1.60,3032
1.60,3031
1.60,3030
1.60,3029
1.61,3028
1.61,3027
1.61,3026
1.61,3025
1.61,3024
1.62,3023
1.62,3022
1.62,3021
1.62,3020
1.63,3019
1.63,3018
1.63,3017
1.63,3016
1.63,3015
1.64,3014
1.64,3013
1.64,3012
1.64,3011
1.65,3010
1.65,3009
1.65,3008
1.65,3007
1.65,3006
1.66,3005
1.66,3004
1.66,3003
1.66,3002
1.67,3001
1.67,3000
1.67,2999
1.67,2998
1.67,2997
1.67,2996
1.68,2995
1.68,2994
1.68,2993
1.68,2992
1.68,2991
1.69,2990
1.69,2989
1.69,2988
1.69,2987
1.69,2986
1.70,2985
1.70,2984
1.70,2983
1.70,2982
1.70,2981
1.71,2980
1.71,2979
1.71,2978
1.71,2977
1.71,2976
1.72,2975
1.72,2974
1.72,2973
1.72,2972
1.73,2971
1.73,2970
1.73,2969
1.73,2968
1.74,2967
1.74,2966
1.74,2965
1.74,2964
1.74,2963
1.74,2962
1.75,2961
1.75,2960
1.75,2959
1.75,2958
1.75,2957
1.76,2956
1.76,2955
1.76,2954
1.76,2953
1.76,2952
1.77,2951
1.77,2950
1.77,2949
1.77,2948
1.77,2947
1.77,2946
1.78,2945
1.78,2944
1.78,2943
1.78,2942
1.78,2941
1.79,2940
1.79,2939
1.79,2938
1.79,2937
1.79,2936
1.79,2935
1.80,2934
1.80,2933
1.80,2932
1.80,2931
1.80,2930
1.81,2929
1.81,2928
1.81,2927
1.81,2926
1.81,2925
1.81,2924
1.82,2923
1.82,2922
1.82,2921
1.82,2920
1.82,2919
1.83,2918
1.83,2917
1.83,2916
1.83,2915
1.83,2914
1.84,2913
1.84,2912
1.84,2911
1.84,2910
1.84,2909
1.84,2908
1.85,2907
1.85,2906
1.85,2905
1.85,2904
1.85,2903
1.86,2902
1.86,2901
1.86,2900
1.86,2899
1.86,2898
1.86,2897
1.87,2896
1.87,2895
1.87,2894
1.87,2893
1.87,2892
1.88,2891
1.88,2890
1.88,2889
1.88,2888
1.88,2887
1.88,2886
1.89,2885
1.89,2884
1.89,2883
1.89,2882
1.89,2881
1.90,2880
1.90,2879
1.90,2878
1.90,2877
1.90,2876
1.91,2875
1.91,2874
1.91,2873
1.91,2872
1.91,2871
1.91,2870
1.92,2869
1.92,2868
1.92,2867
1.92,2866
1.92,2865
1.93,2864
1.93,2863
1.93,2862
1.93,2861
1.93,2860
1.93,2859
1.94,2858
1.94,2857
1.94,2856
1.94,2855
1.94,2854
1.94,2853
1.95,2852
1.95,2851
1.95,2850
1.95,2849
1.95,2848
1.96,2847
1.96,2846
1.96,2845
1.96,2844
1.96,2843
1.96,2842
1.97,2841
1.97,2840
1.97,2839
1.97,2838
1.97,2837
1.98,2836
1.98,2835
1.98,2834
1.98,2833
1.98,2832
1.98,2831
1.99,2830
1.99,2829
1.99,2828
1.99,2827
1.99,2826
1.99,2825
2.00,2824
2.00,2823
2.00,2822
2.00,2821
2.00,2820
2.01,2819
2.01,2818
2.01,2817
2.01,2816
2.01,2815
2.01,2814
2.02,2813
2.02,2812
2.02,2811
2.02,2810
2.02,2809
2.03,2808
2.03,2807
2.03,2806
2.03,2805
2.03,2804
2.03,2803
2.04,2802
2.04,2801
2.04,2800
2.04,2799
2.04,2798
2.05,2797
2.05,2796
2.05,2795
2.05,2794
2.05,2793
2.05,2792
2.06,2791
2.06,2790
2.06,2789
2.06,2788
2.06,2787
2.07,2786
2.07,2785
2.07,2784
2.07,2783
2.07,2782
2.07,2781
2.08,2780
2.08,2779
2.08,2778
2.08,2777
2.09,2776
2.09,2775
2.09,2774
2.09,2773
2.09,2772
2.10,2771
2.10,2770
2.10,2769
2.10,2768
2.10,2767
2.11,2766
2.11,2765
2.11,2764
2.11,2763
2.11,2762
2.12,2761
2.12,2760
2.12,2759
2.12,2758
2.12,2757
2.13,2756
2.13,2755
2.13,2754
2.13,2753
2.14,2752
2.14,2751
2.14,2750
2.14,2749
2.14,2748
2.15,2747
2.15,2746
2.15,2745
2.15,2744
2.16,2743
2.16,2742
2.16,2741
2.16,2740
2.16,2739
2.17,2738
2.17,2737
2.17,2736
2.17,2735
2.17,2734
2.18,2733
2.18,2732
2.18,2731
2.18,2730
2.19,2729
2.19,2728
2.19,2727
2.19,2726
2.19,2725
2.20,2724
2.20,2723
2.20,2722
2.20,2721
2.20,2720
2.21,2719
2.21,2718
2.21,2717
2.21,2716
2.22,2715
2.22,2714
2.22,2713
2.22,2712
2.22,2711
2.23,2710
2.23,2709
2.23,2708
2.23,2707
2.23,2706
2.24,2705
2.24,2704
2.24,2703
2.24,2702
2.25,2701
2.25,2700
2.25,2699
2.25,2698
2.25,2697
2.26,2696
2.26,2695
2.26,2694
2.26,2693
2.26,2692
2.27,2691
2.27,2690
2.27,2689
2.27,2688
2.28,2687
2.28,2686
2.28,2685
2.28,2684
2.28,2683
2.29,2682
2.29,2681
2.29,2680
2.29,2679
2.30,2678
2.30,2677
2.30,2676
2.30,2675
2.30,2674
2.31,2673
2.31,2672
2.31,2671
2.31,2670
2.31,2669
2.32,2668
2.32,2667
2.32,2666
2.32,2665
2.33,2664
2.33,2663
2.33,2662
2.33,2661
2.33,2660
2.34,2659
2.34,2658
2.34,2657
2.34,2656
2.35,2655
2.35,2654
2.35,2653
2.35,2652
2.35,2651
2.36,2650
2.36,2649
2.36,2648
2.36,2647
2.37,2646
2.37,2645
2.37,2644
2.37,2643
2.37,2642
2.38,2641
2.38,2640
2.38,2639
2.38,2638
2.39,2637
2.39,2636
2.39,2635
2.39,2634
2.39,2633
2.40,2632
2.40,2631
2.40,2630
2.40,2629
2.41,2628
2.41,2627
2.41,2626
2.41,2625
2.42,2624
2.42,2623
2.42,2622
2.42,2621
2.43,2620
2.43,2619
2.43,2618
2.43,2617
2.44,2616
2.44,2615
2.44,2614
2.44,2613
2.45,2612
2.45,2611
2.45,2610
2.45,2609
2.45,2608
2.46,2607
2.46,2606
2.46,2605
2.46,2604
2.47,2603
2.47,2602
2.47,2601
2.47,2600
2.48,2599
2.48,2598
2.48,2597
2.49,2596
2.49,2595
2.49,2594
2.49,2593
2.49,2592
2.50,2591
2.50,2590
2.50,2589
2.50,2588
2.50,2587
2.50,2586
2.51,2585
2.51,2584
2.51,2583
2.51,2582
2.51,2581
2.52,2580
2.52,2579
2.52,2578
2.52,2577
2.52,2576
2.52,2575
2.53,2574
2.53,2573
2.53,2572
2.53,2571
2.53,2570
2.54,2569
2.54,2568
2.54,2567
2.54,2566
2.54,2565
2.55,2564
2.55,2563
2.55,2562
2.55,2561
2.55,2560
2.55,2559
2.56,2558
2.56,2557
2.56,2556
2.56,2555
2.56,2554
2.57,2553
2.57,2552
2.57,2551
2.57,2550
2.57,2549
2.58,2548
2.58,2547
2.58,2546
2.58,2545
2.58,2544
2.59,2543
2.59,2542
2.59,2541
2.59,2540
2.59,2539
2.60,2538
2.60,2537
2.60,2536
2.60,2535
2.60,2534
2.60,2533
2.61,2532
2.61,2531
2.61,2530
2.61,2529
2.61,2528
2.62,2527
2.62,2526
2.62,2525
2.62,2524
2.62,2523
2.62,2522
2.63,2521
2.63,2520
2.63,2519
2.63,2518
2.63,2517
2.64,2516
2.64,2515
2.64,2514
2.64,2513
2.64,2512
2.65,2511
2.65,2510
2.65,2509
2.65,2508
2.65,2507
2.65,2506
2.66,2505
2.66,2504
2.66,2503
2.66,2502
2.66,2501
2.67,2500
2.67,2499
2.67,2498
2.67,2497
2.67,2496
2.68,2495
2.68,2494
2.68,2493
2.68,2492
2.68,2491
2.68,2490
2.69,2489
2.69,2488
2.69,2487
2.69,2486
2.69,2485
2.70,2484
2.70,2483
2.70,2482
2.70,2481
2.70,2480
2.71,2479
2.71,2478
2.71,2477
2.71,2476
2.71,2475
2.71,2474
2.72,2473
2.72,2472
2.72,2471
2.72,2470
2.72,2469
2.73,2468
2.73,2467
2.73,2466
2.73,2465
2.73,2464
2.74,2463
2.74,2462
2.74,2461
2.74,2460
2.74,2459
2.75,2458
2.75,2457
2.75,2456
2.75,2455
2.75,2454
2.75,2453
2.76,2452
2.76,2451
2.76,2450
2.76,2449
2.76,2448
2.77,2447
2.77,2446
2.77,2445
2.77,2444
2.77,2443
2.78,2442
2.78,2441
2.78,2440
2.78,2439
2.78,2438
2.78,2437
2.79,2436
2.79,2435
2.79,2434
2.79,2433
2.79,2432
2.80,2431
2.80,2430
2.80,2429
2.80,2428
2.80,2427
2.81,2426
2.81,2425
2.81,2424
2.81,2423
2.81,2422
2.82,2421
2.82,2420
2.82,2419
2.82,2418
2.82,2417
2.82,2416
2.83,2415
2.83,2414
2.83,2413
2.83,2412
2.83,2411
2.84,2410
2.84,2409
2.84,2408
2.84,2407
2.84,2406
2.84,2405
2.85,2404
2.85,2403
2.85,2402
2.85,2401
2.85,2400
2.86,2399
2.86,2398
2.86,2397
2.86,2396
2.86,2395
2.87,2394
2.87,2393
2.87,2392
2.87,2391
2.87,2390
2.87,2389
2.88,2388
2.88,2387
2.88,2386
2.88,2385
2.88,2384
2.88,2383
2.89,2382
2.89,2381
2.89,2380
2.89,2379
2.89,2378
2.90,2377
2.90,2376
2.90,2375
2.90,2374
2.90,2373
2.91,2372
2.91,2371
2.91,2370
