0.10,3640
0.16,3639
0.18,3638
0.18,3637
0.19,3636
0.20,3635
0.21,3634
0.22,3633
0.22,3632
0.23,3631
0.24,3630
0.24,3629
0.25,3628
0.25,3627
0.26,3626
0.27,3625
0.27,3624
0.28,3623
0.28,3622
0.29,3621
0.30,3620
0.30,3619
0.31,3618
0.31,3617
0.32,3616
0.32,3615
0.33,3614
0.34,3613
0.34,3612
0.35,3611
0.36,3610
0.36,3609
0.37,3608
0.37,3607
0.38,3606
0.38,3605
0.39,3604
0.39,3603
0.40,3602
0.40,3601
0.41,3600
0.41,3599
0.42,3598
0.42,3597
0.42,3596
0.43,3595
0.43,3594
0.44,3593
0.44,3592
0.44,3591
0.44,3590
0.45,3589
0.45,3588
0.45,3587
0.45,3586
0.46,3585
0.46,3584
0.46,3583
0.46,3582
0.47,3581
0.47,3580
0.47,3579
0.47,3578
0.47,3577
0.48,3576
0.48,3575
0.48,3574
0.48,3573
0.49,3572
0.49,3571
0.49,3570
0.49,3569
0.50,3568
0.50,3567
0.50,3566
0.50,3565
0.50,3564
0.51,3563
0.51,3562
0.51,3561
0.51,3560
0.52,3559
0.52,3558
0.52,3557
0.52,3556
0.53,3555
0.53,3554
0.53,3553
0.53,3552
0.53,3551
0.54,3550
0.54,3549
0.54,3548
0.54,3547
0.55,3546
0.55,3545
0.55,3544
0.55,3543
0.56,3542
0.56,3541
0.56,3540
0.56,3539
0.56,3538
0.57,3537
0.57,3536
0.57,3535
0.57,3534
0.58,3533
0.58,3532
0.58,3531
0.58,3530
0.58,3529
0.59,3528
0.59,3527
0.59,3526
0.59,3525
0.60,3524
0.60,3523
0.60,3522
0.60,3521
0.61,3520
0.61,3519
0.61,3518
0.61,3517
0.61,3516
0.62,3515
0.62,3514
0.62,3513
0.62,3512
0.63,3511
0.63,3510
0.64,3509
0.64,3508
0.64,3507
0.64,3506
0.65,3505
0.65,3504
0.65,3503
0.65,3502
0.66,3501
0.66,3500
0.66,3499
0.66,3498
0.66,3497
0.67,3496
0.67,3495
0.67,3494
0.67,3493
0.68,3492
0.68,3491
0.68,3490
0.68,3489
0.68,3488
0.69,3487
0.69,3486
0.69,3485
0.69,3484
0.70,3483
0.70,3482
0.70,3481
0.70,3480
0.71,3479
0.71,3478
0.71,3477
0.71,3476
0.71,3475
0.72,3474
0.72,3473
0.72,3472
0.72,3471
0.73,3470
0.73,3469
0.73,3468
0.73,3467
0.73,3466
0.74,3465
0.74,3464
0.74,3463
0.74,3462
0.75,3461
0.75,3460
0.75,3459
0.75,3458
0.76,3457
0.76,3456
0.76,3455
0.76,3454
0.76,3453
0.77,3452
0.77,3451
0.77,3450
0.77,3449
0.78,3448
0.78,3447
0.78,3446
0.78,3445
0.79,3444
0.79,3443
0.79,3442
0.79,3441
0.79,3440
0.80,3439
0.80,3438
0.80,3437
0.80,3436
0.81,3435
0.81,3434
0.81,3433
0.81,3432
0.81,3431
0.82,3430
0.82,3429
0.82,3428
0.82,3427
0.83,3426
0.83,3425
0.83,3424
0.83,3423
0.84,3422
0.84,3421
0.84,3420
0.84,3419
0.85,3418
0.85,3417
0.85,3416
0.85,3415
0.85,3414
0.86,3413
0.86,3412
0.86,3411
0.86,3410
0.87,3409
0.87,3408
0.87,3407
0.87,3406
0.88,3405
0.88,3404
0.88,3403
0.88,3402
0.89,3401
0.89,3400
0.89,3399
0.89,3398
0.90,3397
0.90,3396
0.90,3395
0.90,3394
0.91,3393
0.91,3392
0.91,3391
0.91,3390
0.92,3389
0.92,3388
0.92,3387
0.92,3386
0.92,3385
0.93,3384
0.93,3383
0.93,3382
0.93,3381
0.94,3380
0.94,3379
0.94,3378
0.94,3377
0.95,3376
0.95,3375
0.95,3374
0.95,3373
0.96,3372
0.96,3371
0.96,3370
0.96,3369
0.96,3368
0.97,3367
0.97,3366
0.97,3365
0.97,3364
0.98,3363
0.98,3362
0.98,3361
0.98,3360
0.98,3359
0.99,3358
0.99,3357
0.99,3356
0.99,3355
1.00,3354
1.00,3353
1.00,3352
1.00,3351
1.00,3350
1.01,3349
1.01,3348
1.01,3347
1.01,3346
1.02,3345
1.02,3344
1.02,3343
1.03,3342
1.03,3341
1.03,3340
1.03,3339
1.03,3338
1.04,3337
1.04,3336
1.04,3335
1.04,3334
1.04,3333
1.05,3332
1.05,3331
1.05,3330
1.05,3329
1.06,3328
1.06,3327
1.06,3326
1.06,3325
1.06,3324
1.07,3323
1.07,3322
1.07,3321
1.07,3320
1.07,3319
1.08,3318
1.08,3317
1.08,3316
1.08,3315
1.08,3314
1.09,3313
1.09,3312
1.09,3311
1.09,3310
1.10,3309
1.10,3308
1.10,3307
1.10,3306
1.10,3305
1.11,3304
1.11,3303
1.11,3302
1.11,3301
1.11,3300
1.12,3299
1.12,3298
1.12,3297
1.12,3296
1.12,3295
1.13,3294
1.13,3293
1.13,3292
1.13,3291
1.13,3290
1.14,3289
1.14,3288
1.14,3287
1.14,3286
1.14,3285
1.15,3284
1.15,3283
1.15,3282
1.15,3281
1.16,3280
1.16,3279
1.16,3278
1.16,3277
1.16,3276
1.17,3275
1.17,3274
1.17,3273
1.17,3272
1.17,3271
1.18,3270
1.18,3269
1.18,3268
1.18,3267
1.18,3266
1.19,3265
1.19,3264
1.19,3263
1.19,3262
1.19,3261
1.20,3260
1.20,3259
1.20,3258
1.20,3257
1.21,3256
1.21,3255
1.21,3254
1.21,3253
1.21,3252
1.22,3251
1.22,3250
1.22,3249
1.23,3248
1.23,3247
1.23,3246
1.23,3245
1.23,3244
1.24,3243
1.24,3242
1.24,3241
1.24,3240
1.25,3239
1.25,3238
1.25,3237
1.25,3236
1.26,3235
1.26,3234
1.26,3233
1.26,3232
1.27,3231
1.27,3230
1.27,3229
1.27,3228
1.28,3227
1.28,3226
1.28,3225
1.28,3224
1.29,3223
1.29,3222
1.29,3221
1.30,3220
1.30,3219
1.30,3218
1.30,3217
1.31,3216
1.31,3215
1.31,3214
1.31,3213
1.32,3212
1.32,3211
1.32,3210
1.32,3209
1.33,3208
1.33,3207
1.33,3206
1.33,3205
1.34,3204
1.34,3203
1.34,3202
1.34,3201
1.34,3200
1.35,3199
1.35,3198
1.35,3197
1.36,3196
1.36,3195
1.36,3194
1.36,3193
1.37,3192
1.37,3191
1.37,3190
1.37,3189
1.37,3188
1.38,3187
1.38,3186
1.38,3185
1.38,3184
1.39,3183
1.39,3182
1.39,3181
1.39,3180
1.40,3179
1.40,3178
1.40,3177
1.40,3176
1.41,3175
1.41,3174
1.41,3173
1.42,3172
1.42,3171
1.42,3170
1.42,3169
1.42,3168
1.43,3167
1.43,3166
1.43,3165
1.43,3164
1.44,3163
1.44,3162
1.44,3161
1.44,3160
1.45,3159
1.45,3158
1.45,3157
1.45,3156
1.45,3155
1.46,3154
1.46,3153
1.46,3152
1.46,3151
1.46,3150
1.47,3149
1.47,3148
1.47,3147
1.47,3146
1.47,3145
1.48,3144
1.48,3143
1.48,3142
1.48,3141
1.49,3140
1.49,3139
1.49,3138
1.49,3137
1.49,3136
1.50,3135
1.50,3134
1.50,3133
1.50,3132
1.50,3131
1.51,3130
1.51,3129
1.51,3128
1.51,3127
1.52,3126
1.52,3125
1.52,3124
1.52,3123
1.52,3122
1.53,3121
1.53,3120
1.53,3119
1.53,3118
1.53,3117
1.54,3116
1.54,3115
1.54,3114
1.54,3113
1.55,3112
1.55,3111
1.55,3110
1.55,3109
1.55,3108
1.56,3107
1.56,3106
1.56,3105
1.56,3104
1.57,3103
1.57,3102
1.57,3101
1.57,3100
1.57,3099
1.58,3098
1.58,3097
1.58,3096
1.58,3095
1.59,3094
1.59,3093
1.59,3092
1.59,3091
1.59,3090
1.59,3089
1.60,3088
1.60,3087
1.60,3086
1.60,3085
1.61,3084
1.61,3083
1.61,3082
1.61,3081
1.61,3080
1.62,3079
1.62,3078
1.62,3077
1.62,3076
1.62,3075
1.63,3074
1.63,3073
1.63,3072
1.63,3071
1.64,3070
1.64,3069
1.64,3068
1.64,3067
1.64,3066
1.65,3065
1.65,3064
1.65,3063
1.65,3062
1.65,3061
1.66,3060
1.66,3059
1.66,3058
1.66,3057
1.67,3056
1.67,3055
1.67,3054
1.67,3053
1.67,3052
1.68,3051
1.68,3050
1.68,3049
1.68,3048
1.68,3047
1.69,3046
1.69,3045
1.69,3044
1.69,3043
1.70,3042
1.70,3041
1.70,3040
1.70,3039
1.70,3038
1.71,3037
1.71,3036
1.71,3035
1.71,3034
1.71,3033
1.72,3032
1.72,3031
1.72,3030
1.72,3029
1.72,3028
1.73,3027
1.73,3026
1.73,3025
1.73,3024
1.73,3023
1.74,3022
1.74,3021
1.74,3020
1.74,3019
1.74,3018
1.75,3017
1.75,3016
1.75,3015
1.75,3014
1.75,3013
1.76,3012
1.76,3011
1.76,3010
1.76,3009
1.77,3008
1.77,3007
1.77,3006
1.77,3005
1.77,3004
1.78,3003
1.78,3002
1.78,3001
1.78,3000
1.78,2999
1.79,2998
1.79,2997
1.79,2996
1.80,2995
1.80,2994
1.80,2993
1.80,2992
1.80,2991
1.81,2990
1.81,2989
1.81,2988
1.81,2987
1.81,2986
1.82,2985
1.82,2984
1.82,2983
1.82,2982
1.82,2981
1.83,2980
1.83,2979
1.83,2978
1.83,2977
1.83,2976
1.84,2975
1.84,2974
1.84,2973
1.84,2972
1.84,2971
1.85,2970
1.85,2969
1.85,2968
1.85,2967
1.85,2966
1.86,2965
1.86,2964
1.86,2963
1.86,2962
1.86,2961
1.87,2960
1.87,2959
1.87,2958
1.87,2957
1.88,2956
1.88,2955
1.88,2954
1.88,2953
1.88,2952
1.89,2951
1.89,2950
1.89,2949
1.89,2948
1.89,2947
1.90,2946
1.90,2945
1.90,2944
1.90,2943
1.90,2942
1.91,2941
1.91,2940
1.91,2939
1.91,2938
1.91,2937
1.92,2936
1.92,2935
1.92,2934
1.92,2933
1.92,2932
1.93,2931
1.93,2930
1.93,2929
1.93,2928
1.93,2927
1.94,2926
1.94,2925
1.94,2924
1.94,2923
1.94,2922
1.95,2921
1.95,2920
1.95,2919
1.95,2918
1.95,2917
1.96,2916
1.96,2915
1.96,2914
1.96,2913
1.96,2912
1.97,2911
1.97,2910
1.97,2909
1.97,2908
1.97,2907
1.98,2906
1.98,2905
1.98,2904
1.98,2903
1.99,2902
1.99,2901
1.99,2900
1.99,2899
1.99,2898
2.00,2897
2.00,2896
2.00,2895
2.00,2894
2.00,2893
2.01,2892
2.01,2891
2.01,2890
2.01,2889
2.01,2888
2.02,2887
2.02,2886
2.02,2885
2.02,2884
2.02,2883
2.03,2882
2.03,2881
2.03,2880
2.03,2879
2.03,2878
2.04,2877
2.04,2876
2.04,2875
2.04,2874
2.04,2873
2.05,2872
2.05,2871
2.05,2870
2.05,2869
2.05,2868
2.06,2867
2.06,2866
2.06,2865
2.06,2864
2.07,2863
2.07,2862
2.07,2861
2.07,2860
2.07,2859
2.08,2858
2.08,2857
2.08,2856
2.08,2855
2.08,2854
2.09,2853
2.09,2852
2.09,2851
2.09,2850
2.09,2849
2.10,2848
2.10,2847
2.10,2846
2.10,2845
2.10,2844
2.11,2843
2.11,2842
2.11,2841
2.11,2840
2.11,2839
2.12,2838
2.12,2837
2.12,2836
2.12,2835
2.12,2834
2.13,2833
2.13,2832
2.13,2831
2.13,2830
2.13,2829
2.14,2828
2.14,2827
2.14,2826
2.14,2825
2.14,2824
2.15,2823
2.15,2822
2.15,2821
2.16,2820
2.16,2819
2.16,2818
2.16,2817
2.17,2816
2.17,2815
2.17,2814
2.17,2813
2.17,2812
2.18,2811
2.18,2810
2.18,2809
2.18,2808
2.18,2807
2.19,2806
2.19,2805
2.19,2804
2.19,2803
2.19,2802
2.19,2801
2.20,2800
2.20,2799
2.20,2798
2.20,2797
2.20,2796
2.21,2795
2.21,2794
2.21,2793
2.21,2792
2.21,2791
2.22,2790
2.22,2789
2.22,2788
2.22,2787
2.22,2786
2.23,2785
2.23,2784
2.23,2783
2.23,2782
2.23,2781
2.23,2780
2.24,2779
2.24,2778
2.24,2777
2.24,2776
2.24,2775
2.25,2774
2.25,2773
2.25,2772
2.25,2771
2.25,2770
2.26,2769
2.26,2768
2.26,2767
2.26,2766
2.26,2765
2.27,2764
2.27,2763
2.27,2762
2.27,2761
2.27,2760
2.28,2759
2.28,2758
2.28,2757
2.28,2756
2.28,2755
2.29,2754
2.29,2753
2.29,2752
2.29,2751
2.29,2750
2.29,2749
2.30,2748
2.30,2747
2.30,2746
2.30,2745
2.30,2744
2.31,2743
2.31,2742
2.31,2741
2.31,2740
2.31,2739
2.32,2738
2.32,2737
2.32,2736
2.32,2735
2.32,2734
2.33,2733
2.33,2732
2.33,2731
2.33,2730
2.33,2729
2.34,2728
2.34,2727
2.34,2726
2.34,2725
2.34,2724
2.35,2723
2.35,2722
2.35,2721
2.35,2720
2.35,2719
2.35,2718
2.36,2717
2.36,2716
2.36,2715
2.36,2714
2.36,2713
2.37,2712
2.37,2711
2.37,2710
2.37,2709
2.37,2708
2.38,2707
2.38,2706
2.38,2705
2.38,2704
2.38,2703
2.39,2702
2.39,2701
2.39,2700
2.39,2699
2.39,2698
2.40,2697
2.40,2696
2.40,2695
2.40,2694
2.40,2693
2.41,2692
2.41,2691
2.41,2690
2.41,2689
2.41,2688
2.42,2687
2.42,2686
2.42,2685
2.42,2684
2.42,2683
2.43,2682
2.43,2681
2.43,2680
2.43,2679
2.43,2678
2.44,2677
2.44,2676
2.44,2675
2.44,2674
2.44,2673
2.45,2672
2.45,2671
2.45,2670
2.45,2669
2.45,2668
2.46,2667
2.46,2666
2.46,2665
2.46,2664
2.46,2663
2.47,2662
2.47,2661
2.47,2660
2.47,2659
2.47,2658
2.47,2657
2.48,2656
2.48,2655
2.48,2654
2.48,2653
2.48,2652
2.49,2651
2.49,2650
2.49,2649
2.49,2648
2.49,2647
2.50,2646
2.50,2645
2.50,2644
2.50,2643
2.50,2642
2.51,2641
2.51,2640
2.51,2639
2.51,2638
2.51,2637
2.52,2636
2.52,2635
2.52,2634
2.52,2633
2.52,2632
2.53,2631
2.53,2630
2.53,2629
2.53,2628
2.53,2627
2.54,2626
2.54,2625
2.54,2624
2.54,2623
2.54,2622
2.55,2621
2.55,2620
2.55,2619
2.55,2618
2.55,2617
2.56,2616
2.56,2615
2.56,2614
2.56,2613
2.56,2612
2.56,2611
2.57,2610
2.57,2609
2.57,2608
2.57,2607
2.57,2606
2.58,2605
2.58,2604
2.58,2603
2.58,2602
2.58,2601
2.59,2600
2.59,2599
2.59,2598
2.59,2597
2.59,2596
2.60,2595
2.60,2594
2.60,2593
2.60,2592
2.60,2591
2.61,2590
2.61,2589
2.61,2588
2.61,2587
2.61,2586
2.61,2585
2.62,2584
2.62,2583
2.62,2582
2.62,2581
2.62,2580
2.63,2579
2.63,2578
2.63,2577
2.63,2576
2.63,2575
2.64,2574
2.64,2573
2.64,2572
2.64,2571
2.64,2570
2.65,2569
2.65,2568
2.65,2567
2.65,2566
2.65,2565
2.66,2564
2.66,2563
2.66,2562
2.66,2561
2.66,2560
2.67,2559
2.67,2558
2.67,2557
2.67,2556
2.67,2555
2.67,2554
2.68,2553
2.68,2552
2.68,2551
2.68,2550
2.68,2549
2.69,2548
2.69,2547
2.69,2546
2.69,2545
2.69,2544
2.70,2543
2.70,2542
2.70,2541
2.70,2540
2.70,2539
2.71,2538
2.71,2537
2.71,2536
2.71,2535
2.71,2534
2.71,2533
2.72,2532
2.72,2531
2.72,2530
2.72,2529
2.72,2528
2.73,2527
2.73,2526
2.73,2525
2.73,2524
2.73,2523
2.74,2522
2.74,2521
2.74,2520
2.74,2519
2.74,2518
2.75,2517
2.75,2516
2.75,2515
2.75,2514
2.75,2513
2.76,2512
2.76,2511
2.76,2510
2.76,2509
2.76,2508
2.76,2507
2.77,2506
2.77,2505
2.77,2504
2.77,2503
2.77,2502
2.78,2501
2.78,2500
2.78,2499
2.78,2498
2.78,2497
2.79,2496
2.79,2495
2.79,2494
2.79,2493
2.79,2492
2.80,2491
2.80,2490
2.80,2489
2.80,2488
2.80,2487
2.80,2486
2.81,2485
2.81,2484
2.81,2483
2.81,2482
2.81,2481
2.82,2480
2.82,2479
2.82,2478
2.82,2477
2.82,2476
2.83,2475
2.83,2474
2.83,2473
2.83,2472
2.83,2471
2.84,2470
2.84,2469
2.84,2468
2.84,2467
2.84,2466
2.85,2465
2.85,2464
2.85,2463
2.85,2462
2.85,2461
2.86,2460
2.86,2459
2.86,2458
2.86,2457
2.86,2456
2.87,2455
2.87,2454
2.87,2453
2.87,2452
2.87,2451
2.87,2450
2.88,2449
2.88,2448
2.88,2447
2.88,2446
2.88,2445
2.89,2444
2.89,2443
2.89,2442
2.89,2441
2.89,2440
2.90,2439
2.90,2438
2.90,2437
2.90,2436
2.90,2435
2.90,2434
2.91,2433
2.91,2432
2.91,2431
2.91,2430
2.91,2429
2.92,2428
2.92,2427
2.92,2426
2.92,2425
2.92,2424
2.93,2423
2.93,2422
2.93,2421
2.93,2420
2.93,2419
2.94,2418
2.94,2417
2.94,2416
2.94,2415
2.94,2414
2.94,2413
2.95,2412
2.95,2411
2.95,2410
2.95,2409
2.95,2408
2.96,2407
2.96,2406
2.96,2405
2.96,2404
2.96,2403
2.97,2402
2.97,2401
2.97,2400
2.97,2399
2.97,2398
2.97,2397
2.98,2396
2.98,2395
2.98,2394
2.98,2393
2.98,2392
2.99,2391
2.99,2390
2.99,2389
2.99,2388
2.99,2387
3.00,2386
3.00,2385
3.00,2384
3.00,2383
3.00,2382
3.01,2381
3.01,2380
3.01,2379
3.01,2378
3.01,2377
3.03,2376
