0.10,3632
0.17,3631
0.18,3630
0.18,3629
0.19,3628
0.20,3627
0.21,3626
0.21,3625
0.22,3624
0.23,3623
0.23,3622
0.24,3621
0.24,3620
0.25,3619
0.25,3618
0.26,3617
0.26,3616
0.27,3615
0.28,3614
0.28,3613
0.29,3612
0.29,3611
0.30,3610
0.31,3609
0.31,3608
0.32,3607
0.32,3606
0.33,3605
0.33,3604
0.34,3603
0.34,3602
0.35,3601
0.35,3600
0.36,3599
0.36,3598
0.37,3597
0.37,3596
0.38,3595
0.38,3594
0.38,3593
0.39,3592
0.39,3591
0.39,3590
0.40,3589
0.40,3588
0.41,3587
0.41,3586
0.41,3585
0.41,3584
0.42,3583
0.42,3582
0.42,3581
0.42,3580
0.42,3579
0.43,3578
0.43,3577
0.43,3576
0.43,3575
0.44,3574
0.44,3573
0.44,3572
0.44,3571
0.44,3570
0.45,3569
0.45,3568
0.45,3567
0.45,3566
0.45,3565
0.46,3564
0.46,3563
0.46,3562
0.46,3561
0.46,3560
0.47,3559
0.47,3558
0.47,3557
0.47,3556
0.47,3555
0.48,3554
0.48,3553
0.48,3552
0.48,3551
0.48,3550
0.49,3549
0.49,3548
0.49,3547
0.49,3546
0.49,3545
0.50,3544
0.50,3543
0.50,3542
0.50,3541
0.51,3540
0.51,3539
0.51,3538
0.51,3537
0.51,3536
0.52,3535
0.52,3534
0.52,3533
0.52,3532
0.52,3531
0.53,3530
0.53,3529
0.53,3528
0.53,3527
0.53,3526
0.54,3525
0.54,3524
0.54,3523
0.54,3522
0.55,3521
0.55,3520
0.55,3519
0.55,3518
0.55,3517
0.56,3516
0.56,3515
0.56,3514
0.56,3513
0.56,3512
0.57,3511
0.57,3510
0.57,3509
0.57,3508
0.57,3507
0.58,3506
0.58,3505
0.58,3504
0.59,3503
0.59,3502
0.59,3501
0.59,3500
0.59,3499
0.60,3498
0.60,3497
0.60,3496
0.60,3495
0.61,3494
0.61,3493
0.61,3492
0.61,3491
0.61,3490
0.62,3489
0.62,3488
0.62,3487
0.62,3486
0.63,3485
0.63,3484
0.63,3483
0.63,3482
0.63,3481
0.64,3480
0.64,3479
0.64,3478
0.64,3477
0.65,3476
0.65,3475
0.65,3474
0.65,3473
0.66,3472
0.66,3471
0.66,3470
0.66,3469
0.67,3468
0.67,3467
0.67,3466
0.67,3465
0.67,3464
0.68,3463
0.68,3462
0.68,3461
0.68,3460
0.68,3459
0.69,3458
0.69,3457
0.69,3456
0.69,3455
0.69,3454
0.70,3453
0.70,3452
0.70,3451
0.70,3450
0.71,3449
0.71,3448
0.71,3447
0.71,3446
0.71,3445
0.72,3444
0.72,3443
0.72,3442
0.72,3441
0.72,3440
0.73,3439
0.73,3438
0.73,3437
0.73,3436
0.73,3435
0.74,3434
0.74,3433
0.74,3432
0.74,3431
0.74,3430
0.75,3429
0.75,3428
0.75,3427
0.75,3426
0.75,3425
0.76,3424
0.76,3423
0.76,3422
0.77,3421
0.77,3420
0.77,3419
0.77,3418
0.77,3417
0.78,3416
0.78,3415
0.78,3414
0.78,3413
0.78,3412
0.79,3411
0.79,3410
0.79,3409
0.79,3408
0.79,3407
0.80,3406
0.80,3405
0.80,3404
0.80,3403
0.80,3402
0.81,3401
0.81,3400
0.81,3399
0.81,3398
0.81,3397
0.82,3396
0.82,3395
0.82,3394
0.82,3393
0.82,3392
0.83,3391
0.83,3390
0.83,3389
0.83,3388
0.84,3387
0.84,3386
0.84,3385
0.84,3384
0.84,3383
0.85,3382
0.85,3381
0.85,3380
0.85,3379
0.85,3378
0.86,3377
0.86,3376
0.86,3375
0.86,3374
0.87,3373
0.87,3372
0.87,3371
0.87,3370
0.87,3369
0.88,3368
0.88,3367
0.88,3366
0.88,3365
0.88,3364
0.89,3363
0.89,3362
0.89,3361
0.89,3360
0.89,3359
0.90,3358
0.90,3357
0.90,3356
0.90,3355
0.91,3354
0.91,3353
0.91,3352
0.91,3351
0.91,3350
0.92,3349
0.92,3348
0.92,3347
0.92,3346
0.92,3345
0.93,3344
0.93,3343
0.93,3342
0.93,3341
0.93,3340
0.94,3339
0.94,3338
0.94,3337
0.95,3336
0.95,3335
0.95,3334
0.95,3333
0.95,3332
0.96,3331
0.96,3330
0.96,3329
0.96,3328
0.96,3327
0.97,3326
0.97,3325
0.97,3324
0.97,3323
0.97,3322
0.98,3321
0.98,3320
0.98,3319
0.98,3318
0.98,3317
0.98,3316
0.99,3315
0.99,3314
0.99,3313
0.99,3312
0.99,3311
1.00,3310
1.00,3309
1.00,3308
1.00,3307
1.01,3306
1.01,3305
1.01,3304
1.01,3303
1.01,3302
1.01,3301
1.02,3300
1.02,3299
1.02,3298
1.02,3297
1.02,3296
1.03,3295
1.03,3294
1.03,3293
1.03,3292
1.03,3291
1.04,3290
1.04,3289
1.04,3288
1.04,3287
1.04,3286
1.05,3285
1.05,3284
1.05,3283
1.05,3282
1.05,3281
1.06,3280
1.06,3279
1.06,3278
1.06,3277
1.06,3276
1.07,3275
1.07,3274
1.07,3273
1.07,3272
1.07,3271
1.07,3270
1.08,3269
1.08,3268
1.08,3267
1.08,3266
1.08,3265
1.09,3264
1.09,3263
1.09,3262
1.09,3261
1.09,3260
1.10,3259
1.10,3258
1.10,3257
1.10,3256
1.10,3255
1.10,3254
1.11,3253
1.11,3252
1.11,3251
1.11,3250
1.12,3249
1.12,3248
1.12,3247
1.12,3246
1.12,3245
1.13,3244
1.13,3243
1.13,3242
1.13,3241
1.14,3240
1.14,3239
1.14,3238
1.14,3237
1.14,3236
1.15,3235
1.15,3234
1.15,3233
1.15,3232
1.16,3231
1.16,3230
1.16,3229
1.16,3228
1.17,3227
1.17,3226
1.17,3225
1.17,3224
1.18,3223
1.18,3222
1.18,3221
1.18,3220
1.18,3219
1.19,3218
1.19,3217
1.19,3216
1.19,3215
1.20,3214
1.20,3213
1.20,3212
1.20,3211
1.21,3210
1.21,3209
1.21,3208
1.21,3207
1.21,3206
1.22,3205
1.22,3204
1.22,3203
1.22,3202
1.23,3201
1.23,3200
1.23,3199
1.23,3198
1.24,3197
1.24,3196
1.24,3195
1.24,3194
1.25,3193
1.25,3192
1.25,3191
1.25,3190
1.26,3189
1.26,3188
1.26,3187
1.26,3186
1.27,3185
1.27,3184
1.27,3183
1.27,3182
1.27,3181
1.28,3180
1.28,3179
1.28,3178
1.28,3177
1.29,3176
1.29,3175
1.29,3174
1.29,3173
1.30,3172
1.30,3171
1.30,3170
1.30,3169
1.31,3168
1.31,3167
1.31,3166
1.31,3165
1.31,3164
1.32,3163
1.32,3162
1.32,3161
1.32,3160
1.32,3159
1.33,3158
1.33,3157
1.33,3156
1.33,3155
1.33,3154
1.34,3153
1.34,3152
1.34,3151
1.34,3150
1.34,3149
1.35,3148
1.35,3147
1.35,3146
1.35,3145
1.35,3144
1.36,3143
1.36,3142
1.36,3141
1.36,3140
1.36,3139
1.37,3138
1.37,3137
1.37,3136
1.37,3135
1.37,3134
1.37,3133
1.38,3132
1.38,3131
1.38,3130
1.38,3129
1.38,3128
1.39,3127
1.39,3126
1.39,3125
1.39,3124
1.39,3123
1.40,3122
1.40,3121
1.40,3120
1.40,3119
1.40,3118
1.41,3117
1.41,3116
1.41,3115
1.41,3114
1.41,3113
1.42,3112
1.42,3111
1.42,3110
1.42,3109
1.42,3108
1.43,3107
1.43,3106
1.43,3105
1.43,3104
1.43,3103
1.44,3102
1.44,3101
1.44,3100
1.44,3099
1.44,3098
1.44,3097
1.45,3096
1.45,3095
1.45,3094
1.45,3093
1.45,3092
1.46,3091
1.46,3090
1.46,3089
1.46,3088
1.46,3087
1.47,3086
1.47,3085
1.47,3084
1.47,3083
1.47,3082
1.48,3081
1.48,3080
1.48,3079
1.48,3078
1.48,3077
1.49,3076
1.49,3075
1.49,3074
1.49,3073
1.49,3072
1.50,3071
1.50,3070
1.50,3069
1.50,3068
1.50,3067
1.51,3066
1.51,3065
1.51,3064
1.51,3063
1.51,3062
1.52,3061
1.52,3060
1.52,3059
1.52,3058
1.52,3057
1.53,3056
1.53,3055
1.53,3054
1.53,3053
1.53,3052
1.53,3051
1.54,3050
1.54,3049
1.54,3048
1.54,3047
1.54,3046
1.55,3045
1.55,3044
1.55,3043
1.55,3042
1.55,3041
1.56,3040
1.56,3039
1.56,3038
1.56,3037
1.56,3036
1.57,3035
1.57,3034
1.57,3033
1.57,3032
1.57,3031
1.58,3030
1.58,3029
1.58,3028
1.58,3027
1.58,3026
1.59,3025
1.59,3024
1.59,3023
1.59,3022
1.59,3021
1.60,3020
1.60,3019
1.60,3018
1.60,3017
1.60,3016
1.60,3015
1.61,3014
1.61,3013
1.61,3012
1.61,3011
1.61,3010
1.62,3009
1.62,3008
1.62,3007
1.62,3006
1.62,3005
1.63,3004
1.63,3003
1.63,3002
1.63,3001
1.63,3000
1.64,2999
1.64,2998
1.64,2997
1.64,2996
1.65,2995
1.65,2994
1.65,2993
1.65,2992
1.65,2991
1.66,2990
1.66,2989
1.66,2988
1.66,2987
1.66,2986
1.67,2985
1.67,2984
1.67,2983
1.67,2982
1.67,2981
1.67,2980
1.68,2979
1.68,2978
1.68,2977
1.68,2976
1.68,2975
1.69,2974
1.69,2973
1.69,2972
1.69,2971
1.69,2970
1.70,2969
1.70,2968
1.70,2967
1.70,2966
1.70,2965
1.70,2964
1.71,2963
1.71,2962
1.71,2961
1.71,2960
1.71,2959
1.72,2958
1.72,2957
1.72,2956
1.72,2955
1.72,2954
1.73,2953
1.73,2952
1.73,2951
1.73,2950
1.73,2949
1.74,2948
1.74,2947
1.74,2946
1.74,2945
1.74,2944
1.74,2943
1.75,2942
1.75,2941
1.75,2940
1.75,2939
1.75,2938
1.76,2937
1.76,2936
1.76,2935
1.76,2934
1.76,2933
1.77,2932
1.77,2931
1.77,2930
1.77,2929
1.77,2928
1.77,2927
1.78,2926
1.78,2925
1.78,2924
1.78,2923
1.78,2922
1.79,2921
1.79,2920
1.79,2919
1.79,2918
1.79,2917
1.79,2916
1.80,2915
1.80,2914
1.80,2913
1.80,2912
1.80,2911
1.81,2910
1.81,2909
1.81,2908
1.81,2907
1.81,2906
1.82,2905
1.82,2904
1.82,2903
1.82,2902
1.82,2901
1.82,2900
1.83,2899
1.83,2898
1.83,2897
1.83,2896
1.83,2895
1.84,2894
1.84,2893
1.84,2892
1.84,2891
1.84,2890
1.85,2889
1.85,2888
1.85,2887
1.85,2886
1.85,2885
1.85,2884
1.86,2883
1.86,2882
1.86,2881
1.86,2880
1.86,2879
1.87,2878
1.87,2877
1.87,2876
1.87,2875
1.87,2874
1.88,2873
1.88,2872
1.88,2871
1.88,2870
1.88,2869
1.89,2868
1.89,2867
1.89,2866
1.89,2865
1.89,2864
1.89,2863
1.90,2862
1.90,2861
1.90,2860
1.90,2859
1.90,2858
1.91,2857
1.91,2856
1.91,2855
1.91,2854
1.91,2853
1.92,2852
1.92,2851
1.92,2850
1.92,2849
1.92,2848
1.92,2847
1.93,2846
1.93,2845
1.93,2844
1.93,2843
1.93,2842
1.94,2841
1.94,2840
1.94,2839
1.94,2838
1.94,2837
1.95,2836
1.95,2835
1.95,2834
1.95,2833
1.95,2832
1.95,2831
1.96,2830
1.96,2829
1.96,2828
1.96,2827
1.96,2826
1.97,2825
1.97,2824
1.97,2823
1.97,2822
1.98,2821
1.98,2820
1.98,2819
1.98,2818
1.98,2817
1.99,2816
1.99,2815
1.99,2814
1.99,2813
1.99,2812
2.00,2811
2.00,2810
2.00,2809
2.00,2808
2.00,2807
2.00,2806
2.01,2805
2.01,2804
2.01,2803
2.01,2802
2.01,2801
2.02,2800
2.02,2799
2.02,2798
2.02,2797
2.02,2796
2.03,2795
2.03,2794
2.03,2793
2.03,2792
2.03,2791
2.03,2790
2.04,2789
2.04,2788
2.04,2787
2.04,2786
2.04,2785
2.04,2784
2.05,2783
2.05,2782
2.05,2781
2.05,2780
2.05,2779
2.06,2778
2.06,2777
2.06,2776
2.06,2775
2.06,2774
2.06,2773
2.07,2772
2.07,2771
2.07,2770
2.07,2769
2.07,2768
2.08,2767
2.08,2766
2.08,2765
2.08,2764
2.08,2763
2.09,2762
2.09,2761
2.09,2760
2.09,2759
2.09,2758
2.10,2757
2.10,2756
2.10,2755
2.10,2754
2.10,2753
2.10,2752
2.11,2751
2.11,2750
2.11,2749
2.11,2748
2.11,2747
2.12,2746
2.12,2745
2.12,2744
2.12,2743
2.12,2742
2.12,2741
2.13,2740
2.13,2739
2.13,2738
2.13,2737
2.13,2736
2.13,2735
2.14,2734
2.14,2733
2.14,2732
2.14,2731
2.14,2730
2.15,2729
2.15,2728
2.15,2727
2.15,2726
2.15,2725
2.15,2724
2.16,2723
2.16,2722
2.16,2721
2.16,2720
2.16,2719
2.17,2718
2.17,2717
2.17,2716
2.17,2715
2.17,2714
2.18,2713
2.18,2712
2.18,2711
2.18,2710
2.18,2709
2.18,2708
2.19,2707
2.19,2706
2.19,2705
2.19,2704
2.19,2703
2.20,2702
2.20,2701
2.20,2700
2.20,2699
2.20,2698
2.21,2697
2.21,2696
2.21,2695
2.21,2694
2.21,2693
2.21,2692
2.22,2691
2.22,2690
2.22,2689
2.22,2688
2.22,2687
2.23,2686
2.23,2685
2.23,2684
2.23,2683
2.23,2682
2.23,2681
2.24,2680
2.24,2679
2.24,2678
2.24,2677
2.24,2676
2.25,2675
2.25,2674
2.25,2673
2.25,2672
2.25,2671
2.25,2670
2.26,2669
2.26,2668
2.26,2667
2.26,2666
2.26,2665
2.27,2664
2.27,2663
2.27,2662
2.27,2661
2.27,2660
2.27,2659
2.28,2658
2.28,2657
2.28,2656
2.28,2655
2.28,2654
2.29,2653
2.29,2652
2.29,2651
2.29,2650
2.29,2649
2.29,2648
2.30,2647
2.30,2646
2.30,2645
2.30,2644
2.30,2643
2.31,2642
2.31,2641
2.31,2640
2.31,2639
2.31,2638
2.32,2637
2.32,2636
2.32,2635
2.32,2634
2.32,2633
2.32,2632
2.33,2631
2.33,2630
2.33,2629
2.33,2628
2.33,2627
2.34,2626
2.34,2625
2.34,2624
2.34,2623
2.34,2622
2.34,2621
2.35,2620
2.35,2619
2.35,2618
2.35,2617
2.35,2616
2.36,2615
2.36,2614
2.36,2613
2.36,2612
2.36,2611
2.36,2610
2.37,2609
2.37,2608
2.37,2607
2.37,2606
2.37,2605
2.38,2604
2.38,2603
2.38,2602
2.38,2601
2.38,2600
2.38,2599
2.39,2598
2.39,2597
2.39,2596
2.39,2595
2.39,2594
2.40,2593
2.40,2592
2.40,2591
2.40,2590
2.40,2589
2.40,2588
2.41,2587
2.41,2586
2.41,2585
2.41,2584
2.41,2583
2.42,2582
2.42,2581
2.42,2580
2.42,2579
2.42,2578
2.42,2577
2.43,2576
2.43,2575
2.43,2574
2.43,2573
2.43,2572
2.44,2571
2.44,2570
2.44,2569
2.44,2568
2.44,2567
2.44,2566
2.45,2565
2.45,2564
2.45,2563
2.45,2562
2.45,2561
2.45,2560
2.46,2559
2.46,2558
2.46,2557
2.46,2556
2.46,2555
2.47,2554
2.47,2553
2.47,2552
2.47,2551
2.47,2550
2.47,2549
2.48,2548
2.48,2547
2.48,2546
2.48,2545
2.48,2544
2.49,2543
2.49,2542
2.49,2541
2.49,2540
2.49,2539
2.49,2538
2.50,2537
2.50,2536
2.50,2535
2.50,2534
2.50,2533
2.51,2532
2.51,2531
2.51,2530
2.51,2529
2.51,2528
2.51,2527
2.52,2526
2.52,2525
2.52,2524
2.52,2523
2.52,2522
2.52,2521
2.53,2520
2.53,2519
2.53,2518
2.53,2517
2.53,2516
2.54,2515
2.54,2514
2.54,2513
2.54,2512
2.54,2511
2.55,2510
2.55,2509
2.55,2508
2.55,2507
2.55,2506
2.55,2505
2.56,2504
2.56,2503
2.56,2502
2.56,2501
2.56,2500
2.56,2499
2.57,2498
2.57,2497
2.57,2496
2.57,2495
2.57,2494
2.58,2493
2.58,2492
2.58,2491
2.58,2490
2.58,2489
2.58,2488
2.59,2487
2.59,2486
2.59,2485
2.59,2484
2.59,2483
2.59,2482
2.60,2481
2.60,2480
2.60,2479
2.60,2478
2.60,2477
2.61,2476
2.61,2475
2.61,2474
2.61,2473
2.61,2472
2.61,2471
2.62,2470
2.62,2469
2.62,2468
2.62,2467
2.62,2466
2.63,2465
2.63,2464
2.63,2463
2.63,2462
2.63,2461
2.63,2460
2.64,2459
2.64,2458
2.64,2457
2.64,2456
2.64,2455
2.65,2454
2.65,2453
2.65,2452
2.65,2451
2.65,2450
2.65,2449
2.66,2448
2.66,2447
2.66,2446
2.66,2445
2.66,2444
2.66,2443
2.67,2442
2.67,2441
2.67,2440
2.67,2439
2.67,2438
2.68,2437
2.68,2436
2.68,2435
2.68,2434
2.68,2433
2.68,2432
2.69,2431
2.69,2430
2.69,2429
2.69,2428
2.69,2427
2.69,2426
2.70,2425
2.70,2424
2.70,2423
2.70,2422
2.70,2421
2.70,2420
2.71,2419
2.71,2418
2.71,2417
2.71,2416
2.71,2415
2.72,2414
2.72,2413
2.72,2412
2.72,2411
2.72,2410
2.72,2409
2.73,2408
2.73,2407
2.73,2406
2.73,2405
2.73,2404
2.73,2403
2.74,2402
2.74,2401
2.74,2400
2.74,2399
2.74,2398
2.74,2397
2.75,2396
2.75,2395
2.75,2394
2.75,2393
2.75,2392
2.76,2391
2.76,2390
2.76,2389
2.76,2388
2.76,2387
2.76,2386
2.77,2385
2.77,2384
2.77,2383
2.77,2382
2.77,2381
2.77,2380
2.78,2379
2.78,2378
2.78,2377
2.78,2376
2.78,2375
2.79,2374
2.79,2373
2.79,2372
2.79,2371
2.79,2370
2.79,2369
2.80,2368
2.80,2367
2.80,2366
2.80,2365
2.80,2364
2.80,2363
2.81,2362
2.81,2361
