0.10,3656
0.17,3655
0.18,3654
0.19,3653
0.20,3652
0.20,3651
0.21,3650
0.22,3649
0.23,3648
0.23,3647
0.24,3646
0.25,3645
0.25,3644
0.26,3643
0.26,3642
0.27,3641
0.28,3640
0.28,3639
0.29,3638
0.29,3637
0.30,3636
0.31,3635
0.31,3634
0.32,3633
0.32,3632
0.33,3631
0.33,3630
0.34,3629
0.35,3628
0.35,3627
0.36,3626
0.36,3625
0.37,3624
0.37,3623
0.38,3622
0.38,3621
0.39,3620
0.39,3619
0.39,3618
0.40,3617
0.40,3616
0.41,3615
0.41,3614
0.42,3613
0.42,3612
0.43,3611
0.43,3610
0.43,3609
0.44,3608
0.44,3607
0.44,3606
0.44,3605
0.45,3604
0.45,3603
0.45,3602
0.45,3601
0.46,3600
0.46,3599
0.46,3598
0.46,3597
0.47,3596
0.47,3595
0.47,3594
0.47,3593
0.48,3592
0.48,3591
0.48,3590
0.48,3589
0.48,3588
0.49,3587
0.49,3586
0.49,3585
0.49,3584
0.50,3583
0.50,3582
0.50,3581
0.50,3580
0.51,3579
0.51,3578
0.51,3577
0.51,3576
0.51,3575
0.52,3574
0.52,3573
0.52,3572
0.52,3571
0.53,3570
0.53,3569
0.53,3568
0.53,3567
0.54,3566
0.54,3565
0.54,3564
0.54,3563
0.54,3562
0.55,3561
0.55,3560
0.55,3559
0.55,3558
0.55,3557
0.56,3556
0.56,3555
0.56,3554
0.56,3553
0.57,3552
0.57,3551
0.57,3550
0.57,3549
0.57,3548
0.58,3547
0.58,3546
0.58,3545
0.58,3544
0.59,3543
0.59,3542
0.59,3541
0.59,3540
0.59,3539
0.60,3538
0.60,3537
0.60,3536
0.60,3535
0.61,3534
0.61,3533
0.61,3532
0.61,3531
0.62,3530
0.62,3529
0.62,3528
0.63,3527
0.63,3526
0.63,3525
0.63,3524
0.63,3523
0.64,3522
0.64,3521
0.64,3520
0.64,3519
0.65,3518
0.65,3517
0.65,3516
0.65,3515
0.65,3514
0.66,3513
0.66,3512
0.66,3511
0.66,3510
0.66,3509
0.67,3508
0.67,3507
0.67,3506
0.67,3505
0.68,3504
0.68,3503
0.68,3502
0.68,3501
0.69,3500
0.69,3499
0.69,3498
0.69,3497
0.69,3496
0.70,3495
0.70,3494
0.70,3493
0.70,3492
0.71,3491
0.71,3490
0.71,3489
0.71,3488
0.71,3487
0.72,3486
0.72,3485
0.72,3484
0.72,3483
0.73,3482
0.73,3481
0.73,3480
0.73,3479
0.74,3478
0.74,3477
0.74,3476
0.74,3475
0.74,3474
0.75,3473
0.75,3472
0.75,3471
0.76,3470
0.76,3469
0.76,3468
0.76,3467
0.77,3466
0.77,3465
0.77,3464
0.77,3463
0.77,3462
0.78,3461
0.78,3460
0.78,3459
0.78,3458
0.79,3457
0.79,3456
0.79,3455
0.79,3454
0.79,3453
0.80,3452
0.80,3451
0.80,3450
0.80,3449
0.81,3448
0.81,3447
0.81,3446
0.81,3445
0.82,3444
0.82,3443
0.82,3442
0.82,3441
0.83,3440
0.83,3439
0.83,3438
0.83,3437
0.84,3436
0.84,3435
0.84,3434
0.84,3433
0.84,3432
0.85,3431
0.85,3430
0.85,3429
0.85,3428
0.86,3427
0.86,3426
0.86,3425
0.86,3424
0.87,3423
0.87,3422
0.87,3421
0.87,3420
0.87,3419
0.88,3418
0.88,3417
0.88,3416
0.88,3415
0.89,3414
0.89,3413
0.89,3412
0.89,3411
0.90,3410
0.90,3409
0.90,3408
0.90,3407
0.90,3406
0.91,3405
0.91,3404
0.91,3403
0.91,3402
0.92,3401
0.92,3400
0.92,3399
0.92,3398
0.93,3397
0.93,3396
0.93,3395
0.93,3394
0.93,3393
0.94,3392
0.94,3391
0.94,3390
0.94,3389
0.94,3388
0.95,3387
0.95,3386
0.95,3385
0.95,3384
0.96,3383
0.96,3382
0.96,3381
0.96,3380
0.96,3379
0.97,3378
0.97,3377
0.97,3376
0.97,3375
0.98,3374
0.98,3373
0.98,3372
0.98,3371
0.99,3370
0.99,3369
0.99,3368
0.99,3367
1.00,3366
1.00,3365
1.00,3364
1.00,3363
1.00,3362
1.01,3361
1.01,3360
1.01,3359
1.02,3358
1.02,3357
1.02,3356
1.02,3355
1.02,3354
1.03,3353
1.03,3352
1.03,3351
1.03,3350
1.03,3349
1.04,3348
1.04,3347
1.04,3346
1.04,3345
1.04,3344
1.05,3343
1.05,3342
1.05,3341
1.05,3340
1.05,3339
1.06,3338
1.06,3337
1.06,3336
1.06,3335
1.07,3334
1.07,3333
1.07,3332
1.07,3331
1.07,3330
1.08,3329
1.08,3328
1.08,3327
1.08,3326
1.08,3325
1.09,3324
1.09,3323
1.09,3322
1.09,3321
1.10,3320
1.10,3319
1.10,3318
1.10,3317
1.10,3316
1.11,3315
1.11,3314
1.11,3313
1.11,3312
1.11,3311
1.12,3310
1.12,3309
1.12,3308
1.12,3307
1.12,3306
1.13,3305
1.13,3304
1.13,3303
1.13,3302
1.14,3301
1.14,3300
1.14,3299
1.14,3298
1.14,3297
1.15,3296
1.15,3295
1.15,3294
1.15,3293
1.15,3292
1.16,3291
1.16,3290
1.16,3289
1.16,3288
1.16,3287
1.17,3286
1.17,3285
1.17,3284
1.17,3283
1.17,3282
1.18,3281
1.18,3280
1.18,3279
1.18,3278
1.18,3277
1.19,3276
1.19,3275
1.19,3274
1.20,3273
1.20,3272
1.20,3271
1.20,3270
1.20,3269
1.21,3268
1.21,3267
1.21,3266
1.21,3265
1.22,3264
1.22,3263
1.22,3262
1.22,3261
1.22,3260
1.23,3259
1.23,3258
1.23,3257
1.23,3256
1.23,3255
1.24,3254
1.24,3253
1.24,3252
1.24,3251
1.25,3250
1.25,3249
1.25,3248
1.25,3247
1.25,3246
1.26,3245
1.26,3244
1.26,3243
1.26,3242
1.27,3241
1.27,3240
1.27,3239
1.27,3238
1.27,3237
1.28,3236
1.28,3235
1.28,3234
1.28,3233
1.28,3232
1.29,3231
1.29,3230
1.29,3229
1.29,3228
1.30,3227
1.30,3226
1.30,3225
1.30,3224
1.30,3223
1.31,3222
1.31,3221
1.31,3220
1.31,3219
1.31,3218
1.32,3217
1.32,3216
1.32,3215
1.32,3214
1.33,3213
1.33,3212
1.33,3211
1.33,3210
1.33,3209
1.34,3208
1.34,3207
1.34,3206
1.34,3205
1.34,3204
1.35,3203
1.35,3202
1.35,3201
1.35,3200
1.36,3199
1.36,3198
1.36,3197
1.36,3196
1.36,3195
1.37,3194
1.37,3193
1.37,3192
1.38,3191
1.38,3190
1.38,3189
1.38,3188
1.38,3187
1.39,3186
1.39,3185
1.39,3184
1.39,3183
1.40,3182
1.40,3181
1.40,3180
1.40,3179
1.40,3178
1.41,3177
1.41,3176
1.41,3175
1.41,3174
1.42,3173
1.42,3172
1.42,3171
1.42,3170
1.42,3169
1.43,3168
1.43,3167
1.43,3166
1.43,3165
1.44,3164
1.44,3163
1.44,3162
1.44,3161
1.44,3160
1.45,3159
1.45,3158
1.45,3157
1.45,3156
1.45,3155
1.46,3154
1.46,3153
1.46,3152
1.46,3151
1.47,3150
1.47,3149
1.47,3148
1.47,3147
1.47,3146
1.48,3145
1.48,3144
1.48,3143
1.48,3142
1.48,3141
1.49,3140
1.49,3139
1.49,3138
1.49,3137
1.50,3136
1.50,3135
1.50,3134
1.50,3133
1.50,3132
1.51,3131
1.51,3130
1.51,3129
1.51,3128
1.51,3127
1.52,3126
1.52,3125
1.52,3124
1.52,3123
1.52,3122
1.53,3121
1.53,3120
1.53,3119
1.53,3118
1.54,3117
1.54,3116
1.54,3115
1.54,3114
1.55,3113
1.55,3112
1.55,3111
1.55,3110
1.55,3109
1.56,3108
1.56,3107
1.56,3106
1.56,3105
1.56,3104
1.57,3103
1.57,3102
1.57,3101
1.57,3100
1.58,3099
1.58,3098
1.58,3097
1.58,3096
1.59,3095
1.59,3094
1.59,3093
1.60,3092
1.60,3091
1.60,3090
1.60,3089
1.60,3088
1.61,3087
1.61,3086
1.61,3085
1.62,3084
1.62,3083
1.62,3082
1.62,3081
1.63,3080
1.63,3079
1.63,3078
1.63,3077
1.64,3076
1.64,3075
1.64,3074
1.64,3073
1.65,3072
1.65,3071
1.65,3070
1.65,3069
1.66,3068
1.66,3067
1.66,3066
1.67,3065
1.67,3064
1.67,3063
1.67,3062
1.68,3061
1.68,3060
1.68,3059
1.68,3058
1.69,3057
1.69,3056
1.69,3055
1.69,3054
1.70,3053
1.70,3052
1.70,3051
1.70,3050
1.71,3049
1.71,3048
1.71,3047
1.71,3046
1.72,3045
1.72,3044
1.72,3043
1.72,3042
1.73,3041
1.73,3040
1.73,3039
1.74,3038
1.74,3037
1.74,3036
1.74,3035
1.75,3034
1.75,3033
1.75,3032
1.75,3031
1.76,3030
1.76,3029
1.76,3028
1.76,3027
1.77,3026
1.77,3025
1.77,3024
1.77,3023
1.78,3022
1.78,3021
1.78,3020
1.79,3019
1.79,3018
1.79,3017
1.79,3016
1.80,3015
1.80,3014
1.80,3013
1.80,3012
1.80,3011
1.81,3010
1.81,3009
1.81,3008
1.81,3007
1.81,3006
1.82,3005
1.82,3004
1.82,3003
1.82,3002
1.82,3001
1.83,3000
1.83,2999
1.83,2998
1.83,2997
1.84,2996
1.84,2995
1.84,2994
1.84,2993
1.84,2992
1.85,2991
1.85,2990
1.85,2989
1.85,2988
1.85,2987
1.86,2986
1.86,2985
1.86,2984
1.86,2983
1.86,2982
1.87,2981
1.87,2980
1.87,2979
1.87,2978
1.87,2977
1.88,2976
1.88,2975
1.88,2974
1.88,2973
1.89,2972
1.89,2971
1.89,2970
1.89,2969
1.89,2968
1.90,2967
1.90,2966
1.90,2965
1.90,2964
1.90,2963
1.91,2962
1.91,2961
1.91,2960
1.91,2959
1.91,2958
1.92,2957
1.92,2956
1.92,2955
1.92,2954
1.93,2953
1.93,2952
1.93,2951
1.93,2950
1.93,2949
1.94,2948
1.94,2947
1.94,2946
1.94,2945
1.94,2944
1.95,2943
1.95,2942
1.95,2941
1.95,2940
1.95,2939
1.96,2938
1.96,2937
1.96,2936
1.96,2935
1.96,2934
1.97,2933
1.97,2932
1.97,2931
1.97,2930
1.97,2929
1.98,2928
1.98,2927
1.98,2926
1.98,2925
1.98,2924
1.99,2923
1.99,2922
1.99,2921
1.99,2920
2.00,2919
2.00,2918
2.00,2917
2.00,2916
2.00,2915
2.01,2914
2.01,2913
2.01,2912
2.01,2911
2.01,2910
2.02,2909
2.02,2908
2.02,2907
2.02,2906
2.03,2905
2.03,2904
2.03,2903
2.03,2902
2.03,2901
2.04,2900
2.04,2899
2.04,2898
2.04,2897
2.04,2896
2.05,2895
2.05,2894
2.05,2893
2.05,2892
2.05,2891
2.06,2890
2.06,2889
2.06,2888
2.06,2887
2.06,2886
2.07,2885
2.07,2884
2.07,2883
2.07,2882
2.07,2881
2.08,2880
2.08,2879
2.08,2878
2.08,2877
2.08,2876
2.09,2875
2.09,2874
2.09,2873
2.09,2872
2.10,2871
2.10,2870
2.10,2869
2.10,2868
2.10,2867
2.11,2866
2.11,2865
2.11,2864
2.11,2863
2.11,2862
2.12,2861
2.12,2860
2.12,2859
2.12,2858
2.12,2857
2.13,2856
2.13,2855
2.13,2854
2.13,2853
2.13,2852
2.14,2851
2.14,2850
2.14,2849
2.14,2848
2.14,2847
2.15,2846
2.15,2845
2.15,2844
2.15,2843
2.16,2842
2.16,2841
2.16,2840
2.16,2839
2.16,2838
2.17,2837
2.17,2836
2.17,2835
2.17,2834
2.17,2833
2.18,2832
2.18,2831
2.18,2830
2.18,2829
2.19,2828
2.19,2827
2.19,2826
2.19,2825
2.19,2824
2.20,2823
2.20,2822
2.20,2821
2.20,2820
2.20,2819
2.21,2818
2.21,2817
2.21,2816
2.21,2815
2.21,2814
2.22,2813
2.22,2812
2.22,2811
2.22,2810
2.22,2809
2.23,2808
2.23,2807
2.23,2806
2.23,2805
2.23,2804
2.24,2803
2.24,2802
2.24,2801
2.24,2800
2.25,2799
2.25,2798
2.25,2797
2.25,2796
2.25,2795
2.26,2794
2.26,2793
2.26,2792
2.26,2791
2.26,2790
2.27,2789
2.27,2788
2.27,2787
2.27,2786
2.27,2785
2.28,2784
2.28,2783
2.28,2782
2.28,2781
2.28,2780
2.29,2779
2.29,2778
2.29,2777
2.29,2776
2.29,2775
2.30,2774
2.30,2773
2.30,2772
2.30,2771
2.30,2770
2.31,2769
2.31,2768
2.31,2767
2.31,2766
2.31,2765
2.32,2764
2.32,2763
2.32,2762
2.32,2761
2.32,2760
2.33,2759
2.33,2758
2.33,2757
2.33,2756
2.33,2755
2.34,2754
2.34,2753
2.34,2752
2.34,2751
2.35,2750
2.35,2749
2.35,2748
2.35,2747
2.35,2746
2.36,2745
2.36,2744
2.36,2743
2.36,2742
2.36,2741
2.37,2740
2.37,2739
2.37,2738
2.37,2737
2.37,2736
2.38,2735
2.38,2734
2.38,2733
2.38,2732
2.38,2731
2.39,2730
2.39,2729
2.39,2728
2.39,2727
2.40,2726
2.40,2725
2.40,2724
2.40,2723
2.40,2722
2.41,2721
2.41,2720
2.41,2719
2.41,2718
2.41,2717
2.42,2716
2.42,2715
2.42,2714
2.42,2713
2.42,2712
2.43,2711
2.43,2710
2.43,2709
2.43,2708
2.43,2707
2.44,2706
2.44,2705
2.44,2704
2.44,2703
2.44,2702
2.45,2701
2.45,2700
2.45,2699
2.45,2698
2.45,2697
2.46,2696
2.46,2695
2.46,2694
2.46,2693
2.46,2692
2.47,2691
2.47,2690
2.47,2689
2.47,2688
2.47,2687
2.48,2686
2.48,2685
2.48,2684
2.48,2683
2.48,2682
2.49,2681
2.49,2680
2.49,2679
2.49,2678
2.50,2677
2.50,2676
2.50,2675
2.50,2674
2.50,2673
2.51,2672
2.51,2671
2.51,2670
2.51,2669
2.51,2668
2.52,2667
2.52,2666
2.52,2665
2.52,2664
2.52,2663
2.53,2662
2.53,2661
2.53,2660
2.53,2659
2.53,2658
2.54,2657
2.54,2656
2.54,2655
2.54,2654
2.54,2653
2.55,2652
2.55,2651
2.55,2650
2.55,2649
2.55,2648
2.56,2647
2.56,2646
2.56,2645
2.56,2644
2.56,2643
2.57,2642
2.57,2641
2.57,2640
2.57,2639
2.58,2638
2.58,2637
2.58,2636
2.58,2635
2.58,2634
2.59,2633
2.59,2632
2.59,2631
2.59,2630
2.59,2629
2.60,2628
2.60,2627
2.60,2626
2.60,2625
2.60,2624
2.61,2623
2.61,2622
2.61,2621
2.61,2620
2.61,2619
2.62,2618
2.62,2617
2.62,2616
2.62,2615
2.62,2614
2.63,2613
2.63,2612
2.63,2611
2.63,2610
2.63,2609
2.64,2608
2.64,2607
2.64,2606
2.64,2605
2.64,2604
2.65,2603
2.65,2602
2.65,2601
2.65,2600
2.65,2599
2.66,2598
2.66,2597
2.66,2596
2.66,2595
2.66,2594
2.67,2593
2.67,2592
2.67,2591
2.67,2590
2.67,2589
2.68,2588
2.68,2587
2.68,2586
2.68,2585
2.68,2584
2.69,2583
2.69,2582
2.69,2581
2.69,2580
2.69,2579
2.70,2578
2.70,2577
2.70,2576
2.70,2575
2.70,2574
2.71,2573
2.71,2572
2.71,2571
2.71,2570
2.71,2569
2.72,2568
2.72,2567
2.72,2566
2.72,2565
2.72,2564
2.73,2563
2.73,2562
2.73,2561
2.73,2560
2.73,2559
2.74,2558
2.74,2557
2.74,2556
2.74,2555
2.74,2554
2.75,2553
2.75,2552
2.75,2551
2.75,2550
2.75,2549
2.76,2548
2.76,2547
2.76,2546
2.76,2545
2.76,2544
2.77,2543
2.77,2542
2.77,2541
2.77,2540
2.77,2539
2.78,2538
2.78,2537
2.78,2536
2.78,2535
2.78,2534
2.79,2533
2.79,2532
2.79,2531
2.79,2530
2.79,2529
2.80,2528
2.80,2527
2.80,2526
2.80,2525
2.80,2524
2.81,2523
2.81,2522
2.81,2521
2.81,2520
2.81,2519
2.82,2518
2.82,2517
2.82,2516
2.82,2515
2.82,2514
2.83,2513
2.83,2512
2.83,2511
2.83,2510
2.83,2509
2.84,2508
2.84,2507
2.84,2506
2.84,2505
2.84,2504
2.85,2503
2.85,2502
2.85,2501
2.85,2500
2.85,2499
2.86,2498
2.86,2497
2.86,2496
2.86,2495
2.86,2494
2.87,2493
2.87,2492
2.87,2491
2.87,2490
2.87,2489
2.88,2488
2.88,2487
2.88,2486
2.88,2485
2.88,2484
2.89,2483
2.89,2482
2.89,2481
2.89,2480
2.89,2479
2.90,2478
2.90,2477
2.90,2476
2.90,2475
2.90,2474
2.91,2473
2.91,2472
2.91,2471
2.91,2470
2.91,2469
2.92,2468
2.92,2467
2.92,2466
2.92,2465
2.92,2464
2.93,2463
2.93,2462
2.93,2461
2.93,2460
2.93,2459
2.94,2458
2.94,2457
2.94,2456
2.94,2455
2.94,2454
2.94,2453
2.95,2452
2.95,2451
2.95,2450
2.95,2449
2.95,2448
2.96,2447
2.96,2446
2.96,2445
2.96,2444
2.96,2443
2.97,2442
2.97,2441
2.97,2440
2.97,2439
2.97,2438
2.98,2437
2.98,2436
2.98,2435
2.98,2434
2.98,2433
2.99,2432
2.99,2431
2.99,2430
2.99,2429
2.99,2428
3.00,2427
3.00,2426
3.00,2425
3.00,2424
3.00,2423
3.01,2422
3.01,2421
3.01,2420
3.01,2419
3.01,2418
3.02,2417
3.02,2416
3.02,2415
3.02,2414
3.02,2413
3.02,2412
3.03,2411
3.03,2410
3.03,2409
3.03,2408
3.03,2407
3.04,2406
3.04,2405
3.04,2404
3.04,2403
3.04,2402
3.05,2401
3.05,2400
3.05,2399
3.05,2398
3.05,2397
3.06,2396
3.06,2395
3.06,2394
3.06,2393
3.06,2392
3.07,2391
3.07,2390
3.07,2389
3.07,2388
3.07,2387
3.08,2386
3.08,2385
3.08,2384
3.08,2383
3.08,2382
3.08,2381
3.09,2380
3.09,2379
3.09,2378
3.09,2377
3.09,2376
3.10,2375
3.10,2374
3.10,2373
3.10,2372
3.10,2371
3.11,2370
3.11,2369
3.11,2368
3.11,2367
