0.10,3660
0.17,3659
0.18,3658
0.19,3657
0.20,3656
0.20,3655
0.21,3654
0.22,3653
0.22,3652
0.23,3651
0.24,3650
0.24,3649
0.25,3648
0.25,3647
0.26,3646
0.26,3645
0.27,3644
0.28,3643
0.29,3642
0.29,3641
0.30,3640
0.30,3639
0.31,3638
0.31,3637
0.32,3636
0.32,3635
0.33,3634
0.34,3633
0.34,3632
0.35,3631
0.35,3630
0.36,3629
0.36,3628
0.37,3627
0.37,3626
0.38,3625
0.38,3624
0.39,3623
0.39,3622
0.40,3621
0.40,3620
0.40,3619
0.41,3618
0.41,3617
0.42,3616
0.42,3615
0.43,3614
0.43,3613
0.43,3612
0.43,3611
0.44,3610
0.44,3609
0.44,3608
0.44,3607
0.45,3606
0.45,3605
0.45,3604
0.45,3603
0.45,3602
0.46,3601
0.46,3600
0.46,3599
0.46,3598
0.47,3597
0.47,3596
0.47,3595
0.47,3594
0.47,3593
0.48,3592
0.48,3591
0.48,3590
0.48,3589
0.48,3588
0.49,3587
0.49,3586
0.49,3585
0.49,3584
0.49,3583
0.50,3582
0.50,3581
0.50,3580
0.50,3579
0.50,3578
0.51,3577
0.51,3576
0.51,3575
0.51,3574
0.52,3573
0.52,3572
0.52,3571
0.52,3570
0.52,3569
0.53,3568
0.53,3567
0.53,3566
0.53,3565
0.53,3564
0.54,3563
0.54,3562
0.54,3561
0.54,3560
0.54,3559
0.55,3558
0.55,3557
0.55,3556
0.55,3555
0.56,3554
0.56,3553
0.56,3552
0.56,3551
0.56,3550
0.57,3549
0.57,3548
0.57,3547
0.57,3546
0.58,3545
0.58,3544
0.58,3543
0.58,3542
0.58,3541
0.59,3540
0.59,3539
0.59,3538
0.59,3537
0.60,3536
0.60,3535
0.60,3534
0.60,3533
0.60,3532
0.61,3531
0.61,3530
0.62,3529
0.62,3528
0.62,3527
0.62,3526
0.62,3525
0.63,3524
0.63,3523
0.63,3522
0.63,3521
0.63,3520
0.64,3519
0.64,3518
0.64,3517
0.64,3516
0.64,3515
0.65,3514
0.65,3513
0.65,3512
0.65,3511
0.65,3510
0.66,3509
0.66,3508
0.66,3507
0.66,3506
0.66,3505
0.67,3504
0.67,3503
0.67,3502
0.67,3501
0.67,3500
0.68,3499
0.68,3498
0.68,3497
0.68,3496
0.69,3495
0.69,3494
0.69,3493
0.69,3492
0.69,3491
0.70,3490
0.70,3489
0.70,3488
0.70,3487
0.70,3486
0.71,3485
0.71,3484
0.71,3483
0.71,3482
0.71,3481
0.72,3480
0.72,3479
0.72,3478
0.72,3477
0.72,3476
0.73,3475
0.73,3474
0.73,3473
0.73,3472
0.74,3471
0.74,3470
0.74,3469
0.74,3468
0.74,3467
0.75,3466
0.75,3465
0.75,3464
0.75,3463
0.75,3462
0.76,3461
0.76,3460
0.76,3459
0.76,3458
0.76,3457
0.77,3456
0.77,3455
0.77,3454
0.77,3453
0.77,3452
0.78,3451
0.78,3450
0.78,3449
0.78,3448
0.79,3447
0.79,3446
0.79,3445
0.79,3444
0.79,3443
0.80,3442
0.80,3441
0.80,3440
0.80,3439
0.80,3438
0.81,3437
0.81,3436
0.81,3435
0.81,3434
0.81,3433
0.82,3432
0.82,3431
0.82,3430
0.82,3429
0.83,3428
0.83,3427
0.83,3426
0.83,3425
0.83,3424
0.84,3423
0.84,3422
0.84,3421
0.84,3420
0.84,3419
0.85,3418
0.85,3417
0.85,3416
0.85,3415
0.85,3414
0.86,3413
0.86,3412
0.86,3411
0.86,3410
0.86,3409
0.87,3408
0.87,3407
0.87,3406
0.87,3405
0.88,3404
0.88,3403
0.88,3402
0.88,3401
0.88,3400
0.89,3399
0.89,3398
0.89,3397
0.89,3396
0.89,3395
0.90,3394
0.90,3393
0.90,3392
0.90,3391
0.90,3390
0.91,3389
0.91,3388
0.91,3387
0.91,3386
0.91,3385
0.92,3384
0.92,3383
0.92,3382
0.92,3381
0.92,3380
0.93,3379
0.93,3378
0.93,3377
0.93,3376
0.94,3375
0.94,3374
0.94,3373
0.94,3372
0.94,3371
0.95,3370
0.95,3369
0.95,3368
0.95,3367
0.95,3366
0.96,3365
0.96,3364
0.96,3363
0.97,3362
0.97,3361
0.97,3360
0.97,3359
0.97,3358
0.98,3357
0.98,3356
0.98,3355
0.98,3354
0.98,3353
0.99,3352
0.99,3351
0.99,3350
0.99,3349
1.00,3348
1.00,3347
1.00,3346
1.00,3345
1.00,3344
1.01,3343
1.01,3342
1.01,3341
1.01,3340
1.01,3339
1.02,3338
1.02,3337
1.02,3336
1.02,3335
1.03,3334
1.03,3333
1.03,3332
1.03,3331
1.03,3330
1.04,3329
1.04,3328
1.04,3327
1.04,3326
1.04,3325
1.05,3324
1.05,3323
1.05,3322
1.05,3321
1.05,3320
1.06,3319
1.06,3318
1.06,3317
1.06,3316
1.07,3315
1.07,3314
1.07,3313
1.07,3312
1.07,3311
1.08,3310
1.08,3309
1.08,3308
1.08,3307
1.08,3306
1.09,3305
1.09,3304
1.09,3303
1.09,3302
1.09,3301
1.10,3300
1.10,3299
1.10,3298
1.11,3297
1.11,3296
1.11,3295
1.11,3294
1.11,3293
1.12,3292
1.12,3291
1.12,3290
1.12,3289
1.12,3288
1.13,3287
1.13,3286
1.13,3285
1.13,3284
1.13,3283
1.14,3282
1.14,3281
1.14,3280
1.14,3279
1.15,3278
1.15,3277
1.15,3276
1.15,3275
1.15,3274
1.16,3273
1.16,3272
1.16,3271
1.16,3270
1.17,3269
1.17,3268
1.17,3267
1.17,3266
1.18,3265
1.18,3264
1.18,3263
1.18,3262
1.19,3261
1.19,3260
1.19,3259
1.19,3258
1.20,3257
1.20,3256
1.20,3255
1.20,3254
1.20,3253
1.21,3252
1.21,3251
1.21,3250
1.21,3249
1.22,3248
1.22,3247
1.22,3246
1.23,3245
1.23,3244
1.23,3243
1.23,3242
1.24,3241
1.24,3240
1.24,3239
1.24,3238
1.25,3237
1.25,3236
1.25,3235
1.25,3234
1.26,3233
1.26,3232
1.26,3231
1.26,3230
1.27,3229
1.27,3228
1.27,3227
1.27,3226
1.28,3225
1.28,3224
1.28,3223
1.28,3222
1.29,3221
1.29,3220
1.29,3219
1.29,3218
1.30,3217
1.30,3216
1.30,3215
1.30,3214
1.31,3213
1.31,3212
1.31,3211
1.31,3210
1.32,3209
1.32,3208
1.32,3207
1.32,3206
1.33,3205
1.33,3204
1.33,3203
1.33,3202
1.34,3201
1.34,3200
1.34,3199
1.34,3198
1.35,3197
1.35,3196
1.35,3195
1.36,3194
1.36,3193
1.36,3192
1.36,3191
1.36,3190
1.37,3189
1.37,3188
1.37,3187
1.37,3186
1.37,3185
1.38,3184
1.38,3183
1.38,3182
1.38,3181
1.38,3180
1.39,3179
1.39,3178
1.39,3177
1.39,3176
1.39,3175
1.40,3174
1.40,3173
1.40,3172
1.40,3171
1.40,3170
1.41,3169
1.41,3168
1.41,3167
1.41,3166
1.41,3165
1.42,3164
1.42,3163
1.42,3162
1.42,3161
1.42,3160
1.42,3159
1.43,3158
1.43,3157
1.43,3156
1.43,3155
1.43,3154
1.44,3153
1.44,3152
1.44,3151
1.44,3150
1.44,3149
1.45,3148
1.45,3147
1.45,3146
1.45,3145
1.45,3144
1.46,3143
1.46,3142
1.46,3141
1.46,3140
1.46,3139
1.47,3138
1.47,3137
1.47,3136
1.47,3135
1.47,3134
1.48,3133
1.48,3132
1.48,3131
1.48,3130
1.48,3129
1.49,3128
1.49,3127
1.49,3126
1.49,3125
1.49,3124
1.50,3123
1.50,3122
1.50,3121
1.50,3120
1.50,3119
1.51,3118
1.51,3117
1.51,3116
1.51,3115
1.51,3114
1.52,3113
1.52,3112
1.52,3111
1.52,3110
1.52,3109
1.53,3108
1.53,3107
1.53,3106
1.53,3105
1.53,3104
1.54,3103
1.54,3102
1.54,3101
1.54,3100
1.54,3099
1.55,3098
1.55,3097
1.55,3096
1.55,3095
1.55,3094
1.56,3093
1.56,3092
1.56,3091
1.56,3090
1.56,3089
1.57,3088
1.57,3087
1.57,3086
1.57,3085
1.58,3084
1.58,3083
1.58,3082
1.58,3081
1.58,3080
1.59,3079
1.59,3078
1.59,3077
1.59,3076
1.59,3075
1.59,3074
1.60,3073
1.60,3072
1.60,3071
1.60,3070
1.60,3069
1.61,3068
1.61,3067
1.61,3066
1.61,3065
1.61,3064
1.62,3063
1.62,3062
1.62,3061
1.62,3060
1.62,3059
1.63,3058
1.63,3057
1.63,3056
1.63,3055
1.63,3054
1.64,3053
1.64,3052
1.64,3051
1.64,3050
1.64,3049
1.65,3048
1.65,3047
1.65,3046
1.65,3045
1.65,3044
1.66,3043
1.66,3042
1.66,3041
1.66,3040
1.66,3039
1.67,3038
1.67,3037
1.67,3036
1.67,3035
1.67,3034
1.68,3033
1.68,3032
1.68,3031
1.68,3030
1.68,3029
1.68,3028
1.69,3027
1.69,3026
1.69,3025
1.70,3024
1.70,3023
1.70,3022
1.70,3021
1.70,3020
1.71,3019
1.71,3018
1.71,3017
1.71,3016
1.71,3015
1.72,3014
1.72,3013
1.72,3012
1.72,3011
1.72,3010
1.72,3009
1.73,3008
1.73,3007
1.73,3006
1.73,3005
1.73,3004
1.74,3003
1.74,3002
1.74,3001
1.74,3000
1.74,2999
1.75,2998
1.75,2997
1.75,2996
1.75,2995
1.75,2994
1.76,2993
1.76,2992
1.76,2991
1.76,2990
1.76,2989
1.77,2988
1.77,2987
1.77,2986
1.77,2985
1.77,2984
1.78,2983
1.78,2982
1.78,2981
1.78,2980
1.78,2979
1.78,2978
1.79,2977
1.79,2976
1.79,2975
1.79,2974
1.79,2973
1.80,2972
1.80,2971
1.80,2970
1.80,2969
1.80,2968
1.81,2967
1.81,2966
1.81,2965
1.81,2964
1.81,2963
1.81,2962
1.82,2961
1.82,2960
1.82,2959
1.82,2958
1.82,2957
1.83,2956
1.83,2955
1.83,2954
1.83,2953
1.83,2952
1.84,2951
1.84,2950
1.84,2949
1.84,2948
1.84,2947
1.85,2946
1.85,2945
1.85,2944
1.85,2943
1.85,2942
1.85,2941
1.86,2940
1.86,2939
1.86,2938
1.86,2937
1.86,2936
1.87,2935
1.87,2934
1.87,2933
1.87,2932
1.87,2931
1.88,2930
1.88,2929
1.88,2928
1.88,2927
1.88,2926
1.89,2925
1.89,2924
1.89,2923
1.89,2922
1.89,2921
1.90,2920
1.90,2919
1.90,2918
1.90,2917
1.90,2916
1.91,2915
1.91,2914
1.91,2913
1.91,2912
1.91,2911
1.91,2910
1.92,2909
1.92,2908
1.92,2907
1.92,2906
1.92,2905
1.93,2904
1.93,2903
1.93,2902
1.93,2901
1.93,2900
1.94,2899
1.94,2898
1.94,2897
1.94,2896
1.94,2895
1.95,2894
1.95,2893
1.95,2892
1.95,2891
1.95,2890
1.96,2889
1.96,2888
1.96,2887
1.96,2886
1.96,2885
1.96,2884
1.97,2883
1.97,2882
1.97,2881
1.97,2880
1.97,2879
1.98,2878
1.98,2877
1.98,2876
1.98,2875
1.98,2874
1.99,2873
1.99,2872
1.99,2871
1.99,2870
1.99,2869
1.99,2868
2.00,2867
2.00,2866
2.00,2865
2.00,2864
2.00,2863
2.01,2862
2.01,2861
2.01,2860
2.01,2859
2.01,2858
2.02,2857
2.02,2856
2.02,2855
2.02,2854
2.02,2853
2.03,2852
2.03,2851
2.03,2850
2.03,2849
2.03,2848
2.03,2847
2.04,2846
2.04,2845
2.04,2844
2.04,2843
2.04,2842
2.05,2841
2.05,2840
2.05,2839
2.05,2838
2.06,2837
2.06,2836
2.06,2835
2.06,2834
2.06,2833
2.07,2832
2.07,2831
2.07,2830
2.07,2829
2.08,2828
2.08,2827
2.08,2826
2.08,2825
2.08,2824
2.09,2823
2.09,2822
2.09,2821
2.09,2820
2.09,2819
2.10,2818
2.10,2817
2.10,2816
2.10,2815
2.11,2814
2.11,2813
2.11,2812
2.11,2811
2.12,2810
2.12,2809
2.12,2808
2.12,2807
2.12,2806
2.13,2805
2.13,2804
2.13,2803
2.13,2802
2.14,2801
2.14,2800
2.14,2799
2.14,2798
2.15,2797
2.15,2796
2.15,2795
2.15,2794
2.16,2793
2.16,2792
2.16,2791
2.16,2790
2.16,2789
2.17,2788
2.17,2787
2.17,2786
2.17,2785
2.18,2784
2.18,2783
2.18,2782
2.18,2781
2.18,2780
2.19,2779
2.19,2778
2.19,2777
2.19,2776
2.20,2775
2.20,2774
2.20,2773
2.20,2772
2.21,2771
2.21,2770
2.21,2769
2.21,2768
2.21,2767
2.22,2766
2.22,2765
2.22,2764
2.22,2763
2.23,2762
2.23,2761
2.23,2760
2.23,2759
2.23,2758
2.24,2757
2.24,2756
2.24,2755
2.24,2754
2.25,2753
2.25,2752
2.25,2751
2.25,2750
2.26,2749
2.26,2748
2.26,2747
2.26,2746
2.27,2745
2.27,2744
2.27,2743
2.27,2742
2.27,2741
2.28,2740
2.28,2739
2.28,2738
2.28,2737
2.29,2736
2.29,2735
2.29,2734
2.29,2733
2.29,2732
2.30,2731
2.30,2730
2.30,2729
2.30,2728
2.31,2727
2.31,2726
2.31,2725
2.31,2724
2.32,2723
2.32,2722
2.32,2721
2.32,2720
2.32,2719
2.33,2718
2.33,2717
2.33,2716
2.33,2715
2.34,2714
2.34,2713
2.34,2712
2.34,2711
2.35,2710
2.35,2709
2.35,2708
2.35,2707
2.35,2706
2.36,2705
2.36,2704
2.36,2703
2.36,2702
2.37,2701
2.37,2700
2.37,2699
2.37,2698
2.38,2697
2.38,2696
2.38,2695
2.38,2694
2.38,2693
2.39,2692
2.39,2691
2.39,2690
2.39,2689
2.40,2688
2.40,2687
2.40,2686
2.40,2685
2.41,2684
2.41,2683
2.41,2682
2.41,2681
2.41,2680
2.42,2679
2.42,2678
2.42,2677
2.42,2676
2.43,2675
2.43,2674
2.43,2673
2.43,2672
2.44,2671
2.44,2670
2.44,2669
2.44,2668
2.44,2667
2.45,2666
2.45,2665
2.45,2664
2.45,2663
2.46,2662
2.46,2661
2.46,2660
2.46,2659
2.46,2658
2.47,2657
2.47,2656
2.47,2655
2.48,2654
2.48,2653
2.48,2652
2.48,2651
2.48,2650
2.48,2649
2.49,2648
2.49,2647
2.49,2646
2.49,2645
2.49,2644
2.50,2643
2.50,2642
2.50,2641
2.50,2640
2.50,2639
2.51,2638
2.51,2637
2.51,2636
2.51,2635
2.51,2634
2.51,2633
2.52,2632
2.52,2631
2.52,2630
2.52,2629
2.52,2628
2.53,2627
2.53,2626
2.53,2625
2.53,2624
2.53,2623
2.54,2622
2.54,2621
2.54,2620
2.54,2619
2.54,2618
2.54,2617
2.55,2616
2.55,2615
2.55,2614
2.55,2613
2.55,2612
2.56,2611
2.56,2610
2.56,2609
2.56,2608
2.56,2607
2.56,2606
2.57,2605
2.57,2604
2.57,2603
2.57,2602
2.57,2601
2.58,2600
2.58,2599
2.58,2598
2.58,2597
2.58,2596
2.59,2595
2.59,2594
2.59,2593
2.59,2592
2.59,2591
2.59,2590
2.60,2589
2.60,2588
2.60,2587
2.60,2586
2.60,2585
2.61,2584
2.61,2583
2.61,2582
2.61,2581
2.61,2580
2.62,2579
2.62,2578
2.62,2577
2.62,2576
2.62,2575
2.62,2574
2.63,2573
2.63,2572
2.63,2571
2.63,2570
2.63,2569
2.64,2568
2.64,2567
2.64,2566
2.64,2565
2.64,2564
2.64,2563
2.65,2562
2.65,2561
2.65,2560
2.65,2559
2.65,2558
2.66,2557
2.66,2556
2.66,2555
2.66,2554
2.66,2553
2.66,2552
2.67,2551
2.67,2550
2.67,2549
2.67,2548
2.67,2547
2.68,2546
2.68,2545
2.68,2544
2.68,2543
2.68,2542
2.68,2541
2.69,2540
2.69,2539
2.69,2538
2.69,2537
2.69,2536
2.70,2535
2.70,2534
2.70,2533
2.70,2532
2.70,2531
2.70,2530
2.71,2529
2.71,2528
2.71,2527
2.71,2526
2.71,2525
2.72,2524
2.72,2523
2.72,2522
2.72,2521
2.72,2520
2.72,2519
2.73,2518
2.73,2517
2.73,2516
2.73,2515
2.73,2514
2.74,2513
2.74,2512
2.74,2511
2.74,2510
2.74,2509
2.74,2508
2.75,2507
2.75,2506
2.75,2505
2.75,2504
2.75,2503
2.76,2502
2.76,2501
2.76,2500
2.76,2499
2.76,2498
2.76,2497
2.77,2496
2.77,2495
2.77,2494
2.77,2493
2.77,2492
2.78,2491
2.78,2490
2.78,2489
2.78,2488
2.78,2487
2.78,2486
2.79,2485
2.79,2484
2.79,2483
2.79,2482
2.79,2481
2.80,2480
2.80,2479
2.80,2478
2.80,2477
2.80,2476
2.80,2475
2.81,2474
2.81,2473
2.81,2472
2.81,2471
2.81,2470
2.82,2469
2.82,2468
2.82,2467
2.82,2466
2.82,2465
2.82,2464
2.83,2463
2.83,2462
2.83,2461
2.83,2460
2.83,2459
2.84,2458
2.84,2457
2.84,2456
2.84,2455
2.84,2454
2.84,2453
2.85,2452
2.85,2451
2.85,2450
2.85,2449
2.85,2448
2.86,2447
2.86,2446
2.86,2445
2.86,2444
2.86,2443
2.86,2442
2.87,2441
2.87,2440
2.87,2439
2.87,2438
2.87,2437
2.88,2436
2.88,2435
2.88,2434
2.88,2433
2.88,2432
2.88,2431
2.89,2430
2.89,2429
2.89,2428
2.89,2427
2.89,2426
2.90,2425
2.90,2424
2.90,2423
2.90,2422
2.90,2421
2.90,2420
2.91,2419
2.91,2418
2.91,2417
2.91,2416
2.91,2415
2.91,2414
2.92,2413
2.92,2412
2.92,2411
2.92,2410
2.92,2409
2.93,2408
2.93,2407
2.93,2406
2.93,2405
2.93,2404
2.93,2403
2.94,2402
2.94,2401
2.94,2400
2.94,2399
2.94,2398
2.95,2397
2.95,2396
2.95,2395
2.95,2394
2.95,2393
2.95,2392
2.96,2391
2.96,2390
2.96,2389
2.96,2388
2.96,2387
2.97,2386
2.97,2385
2.97,2384
