0.10,3632
0.17,3631
0.18,3630
0.19,3629
0.19,3628
0.20,3627
0.21,3626
0.22,3625
0.22,3624
0.23,3623
0.24,3622
0.24,3621
0.25,3620
0.25,3619
0.26,3618
0.26,3617
0.27,3616
0.28,3615
0.28,3614
0.29,3613
0.29,3612
0.30,3611
0.30,3610
0.31,3609
0.32,3608
0.32,3607
0.33,3606
0.33,3605
0.34,3604
0.34,3603
0.35,3602
0.35,3601
0.36,3600
0.36,3599
0.37,3598
0.37,3597
0.38,3596
0.38,3595
0.39,3594
0.39,3593
0.40,3592
0.40,3591
0.41,3590
0.41,3589
0.41,3588
0.42,3587
0.43,3586
0.43,3585
0.43,3584
0.43,3583
0.44,3582
0.44,3581
0.44,3580
0.45,3579
0.45,3578
0.45,3577
0.45,3576
0.46,3575
0.46,3574
0.46,3573
0.46,3572
0.47,3571
0.47,3570
0.47,3569
0.47,3568
0.47,3567
0.48,3566
0.48,3565
0.48,3564
0.48,3563
0.49,3562
0.49,3561
0.49,3560
0.49,3559
0.50,3558
0.50,3557
0.50,3556
0.50,3555
0.51,3554
0.51,3553
0.51,3552
0.51,3551
0.51,3550
0.52,3549
0.52,3548
0.52,3547
0.52,3546
0.53,3545
0.53,3544
0.53,3543
0.53,3542
0.54,3541
0.54,3540
0.54,3539
0.54,3538
0.55,3537
0.55,3536
0.55,3535
0.55,3534
0.55,3533
0.56,3532
0.56,3531
0.56,3530
0.56,3529
0.57,3528
0.57,3527
0.57,3526
0.57,3525
0.57,3524
0.58,3523
0.58,3522
0.58,3521
0.58,3520
0.59,3519
0.59,3518
0.59,3517
0.59,3516
0.60,3515
0.60,3514
0.60,3513
0.60,3512
0.61,3511
0.61,3510
0.61,3509
0.61,3508
0.61,3507
0.62,3506
0.62,3505
0.62,3504
0.63,3503
0.63,3502
0.63,3501
0.63,3500
0.64,3499
0.64,3498
0.64,3497
0.64,3496
0.64,3495
0.65,3494
0.65,3493
0.65,3492
0.65,3491
0.66,3490
0.66,3489
0.66,3488
0.66,3487
0.67,3486
0.67,3485
0.67,3484
0.67,3483
0.67,3482
0.68,3481
0.68,3480
0.68,3479
0.68,3478
0.69,3477
0.69,3476
0.69,3475
0.69,3474
0.69,3473
0.70,3472
0.70,3471
0.70,3470
0.70,3469
0.70,3468
0.71,3467
0.71,3466
0.71,3465
0.71,3464
0.72,3463
0.72,3462
0.72,3461
0.72,3460
0.72,3459
0.73,3458
0.73,3457
0.73,3456
0.73,3455
0.74,3454
0.74,3453
0.74,3452
0.74,3451
0.74,3450
0.75,3449
0.75,3448
0.75,3447
0.75,3446
0.76,3445
0.76,3444
0.76,3443
0.76,3442
0.77,3441
0.77,3440
0.77,3439
0.77,3438
0.77,3437
0.78,3436
0.78,3435
0.78,3434
0.78,3433
0.79,3432
0.79,3431
0.79,3430
0.79,3429
0.79,3428
0.80,3427
0.80,3426
0.80,3425
0.80,3424
0.80,3423
0.81,3422
0.81,3421
0.81,3420
0.82,3419
0.82,3418
0.82,3417
0.82,3416
0.83,3415
0.83,3414
0.83,3413
0.83,3412
0.83,3411
0.84,3410
0.84,3409
0.84,3408
0.84,3407
0.84,3406
0.85,3405
0.85,3404
0.85,3403
0.85,3402
0.85,3401
0.86,3400
0.86,3399
0.86,3398
0.86,3397
0.87,3396
0.87,3395
0.87,3394
0.87,3393
0.87,3392
0.88,3391
0.88,3390
0.88,3389
0.88,3388
0.89,3387
0.89,3386
0.89,3385
0.89,3384
0.89,3383
0.90,3382
0.90,3381
0.90,3380
0.90,3379
0.90,3378
0.91,3377
0.91,3376
0.91,3375
0.91,3374
0.92,3373
0.92,3372
0.92,3371
0.92,3370
0.92,3369
0.93,3368
0.93,3367
0.93,3366
0.93,3365
0.93,3364
0.94,3363
0.94,3362
0.94,3361
0.94,3360
0.94,3359
0.95,3358
0.95,3357
0.95,3356
0.95,3355
0.96,3354
0.96,3353
0.96,3352
0.96,3351
0.96,3350
0.97,3349
0.97,3348
0.97,3347
0.97,3346
0.97,3345
0.98,3344
0.98,3343
0.98,3342
0.98,3341
0.98,3340
0.99,3339
0.99,3338
0.99,3337
0.99,3336
1.00,3335
1.00,3334
1.00,3333
1.01,3332
1.01,3331
1.01,3330
1.01,3329
1.01,3328
1.02,3327
1.02,3326
1.02,3325
1.02,3324
1.02,3323
1.03,3322
1.03,3321
1.03,3320
1.03,3319
1.04,3318
1.04,3317
1.04,3316
1.04,3315
1.04,3314
1.05,3313
1.05,3312
1.05,3311
1.05,3310
1.06,3309
1.06,3308
1.06,3307
1.06,3306
1.06,3305
1.07,3304
1.07,3303
1.07,3302
1.07,3301
1.07,3300
1.08,3299
1.08,3298
1.08,3297
1.08,3296
1.08,3295
1.09,3294
1.09,3293
1.09,3292
1.09,3291
1.10,3290
1.10,3289
1.10,3288
1.10,3287
1.10,3286
1.11,3285
1.11,3284
1.11,3283
1.11,3282
1.12,3281
1.12,3280
1.12,3279
1.12,3278
1.12,3277
1.13,3276
1.13,3275
1.13,3274
1.13,3273
1.13,3272
1.14,3271
1.14,3270
1.14,3269
1.14,3268
1.15,3267
1.15,3266
1.15,3265
1.15,3264
1.15,3263
1.16,3262
1.16,3261
1.16,3260
1.16,3259
1.16,3258
1.17,3257
1.17,3256
1.17,3255
1.17,3254
1.17,3253
1.18,3252
1.18,3251
1.18,3250
1.18,3249
1.19,3248
1.19,3247
1.19,3246
1.19,3245
1.19,3244
1.20,3243
1.20,3242
1.20,3241
1.20,3240
1.21,3239
1.21,3238
1.21,3237
1.22,3236
1.22,3235
1.22,3234
1.22,3233
1.22,3232
1.23,3231
1.23,3230
1.23,3229
1.23,3228
1.24,3227
1.24,3226
1.24,3225
1.25,3224
1.25,3223
1.25,3222
1.25,3221
1.26,3220
1.26,3219
1.26,3218
1.26,3217
1.27,3216
1.27,3215
1.27,3214
1.27,3213
1.28,3212
1.28,3211
1.28,3210
1.28,3209
1.29,3208
1.29,3207
1.29,3206
1.29,3205
1.30,3204
1.30,3203
1.30,3202
1.30,3201
1.31,3200
1.31,3199
1.31,3198
1.31,3197
1.32,3196
1.32,3195
1.32,3194
1.33,3193
1.33,3192
1.33,3191
1.33,3190
1.34,3189
1.34,3188
1.34,3187
1.34,3186
1.35,3185
1.35,3184
1.35,3183
1.35,3182
1.36,3181
1.36,3180
1.36,3179
1.36,3178
1.37,3177
1.37,3176
1.37,3175
1.37,3174
1.38,3173
1.38,3172
1.38,3171
1.38,3170
1.39,3169
1.39,3168
1.39,3167
1.40,3166
1.40,3165
1.40,3164
1.41,3163
1.41,3162
1.41,3161
1.41,3160
1.41,3159
1.42,3158
1.42,3157
1.42,3156
1.42,3155
1.43,3154
1.43,3153
1.43,3152
1.43,3151
1.43,3150
1.43,3149
1.44,3148
1.44,3147
1.44,3146
1.44,3145
1.45,3144
1.45,3143
1.45,3142
1.45,3141
1.45,3140
1.46,3139
1.46,3138
1.46,3137
1.46,3136
1.46,3135
1.47,3134
1.47,3133
1.47,3132
1.47,3131
1.47,3130
1.48,3129
1.48,3128
1.48,3127
1.48,3126
1.48,3125
1.49,3124
1.49,3123
1.49,3122
1.49,3121
1.49,3120
1.50,3119
1.50,3118
1.50,3117
1.50,3116
1.50,3115
1.51,3114
1.51,3113
1.51,3112
1.51,3111
1.51,3110
1.52,3109
1.52,3108
1.52,3107
1.52,3106
1.52,3105
1.53,3104
1.53,3103
1.53,3102
1.53,3101
1.54,3100
1.54,3099
1.54,3098
1.54,3097
1.54,3096
1.55,3095
1.55,3094
1.55,3093
1.55,3092
1.55,3091
1.56,3090
1.56,3089
1.56,3088
1.56,3087
1.56,3086
1.57,3085
1.57,3084
1.57,3083
1.57,3082
1.57,3081
1.58,3080
1.58,3079
1.58,3078
1.58,3077
1.59,3076
1.59,3075
1.59,3074
1.59,3073
1.59,3072
1.60,3071
1.60,3070
1.60,3069
1.60,3068
1.60,3067
1.61,3066
1.61,3065
1.61,3064
1.61,3063
1.61,3062
1.62,3061
1.62,3060
1.62,3059
1.62,3058
1.62,3057
1.63,3056
1.63,3055
1.63,3054
1.63,3053
1.64,3052
1.64,3051
1.64,3050
1.64,3049
1.64,3048
1.65,3047
1.65,3046
1.65,3045
1.65,3044
1.65,3043
1.66,3042
1.66,3041
1.66,3040
1.66,3039
1.66,3038
1.67,3037
1.67,3036
1.67,3035
1.67,3034
1.67,3033
1.68,3032
1.68,3031
1.68,3030
1.68,3029
1.68,3028
1.69,3027
1.69,3026
1.69,3025
1.69,3024
1.69,3023
1.70,3022
1.70,3021
1.70,3020
1.70,3019
1.71,3018
1.71,3017
1.71,3016
1.71,3015
1.71,3014
1.72,3013
1.72,3012
1.72,3011
1.72,3010
1.72,3009
1.73,3008
1.73,3007
1.73,3006
1.73,3005
1.73,3004
1.74,3003
1.74,3002
1.74,3001
1.74,3000
1.74,2999
1.75,2998
1.75,2997
1.75,2996
1.75,2995
1.75,2994
1.76,2993
1.76,2992
1.76,2991
1.76,2990
1.77,2989
1.77,2988
1.77,2987
1.78,2986
1.78,2985
1.78,2984
1.78,2983
1.78,2982
1.79,2981
1.79,2980
1.79,2979
1.79,2978
1.79,2977
1.80,2976
1.80,2975
1.80,2974
1.80,2973
1.80,2972
1.81,2971
1.81,2970
1.81,2969
1.81,2968
1.81,2967
1.82,2966
1.82,2965
1.82,2964
1.82,2963
1.82,2962
1.83,2961
1.83,2960
1.83,2959
1.83,2958
1.83,2957
1.84,2956
1.84,2955
1.84,2954
1.84,2953
1.84,2952
1.85,2951
1.85,2950
1.85,2949
1.85,2948
1.85,2947
1.85,2946
1.86,2945
1.86,2944
1.86,2943
1.86,2942
1.86,2941
1.87,2940
1.87,2939
1.87,2938
1.87,2937
1.88,2936
1.88,2935
1.88,2934
1.88,2933
1.88,2932
1.89,2931
1.89,2930
1.89,2929
1.89,2928
1.89,2927
1.90,2926
1.90,2925
1.90,2924
1.90,2923
1.90,2922
1.91,2921
1.91,2920
1.91,2919
1.91,2918
1.91,2917
1.92,2916
1.92,2915
1.92,2914
1.92,2913
1.92,2912
1.93,2911
1.93,2910
1.93,2909
1.93,2908
1.93,2907
1.94,2906
1.94,2905
1.94,2904
1.94,2903
1.94,2902
1.95,2901
1.95,2900
1.95,2899
1.95,2898
1.95,2897
1.96,2896
1.96,2895
1.96,2894
1.96,2893
1.96,2892
1.96,2891
1.97,2890
1.97,2889
1.97,2888
1.97,2887
1.97,2886
1.98,2885
1.98,2884
1.98,2883
1.98,2882
1.98,2881
1.99,2880
1.99,2879
1.99,2878
1.99,2877
1.99,2876
2.00,2875
2.00,2874
2.00,2873
2.00,2872
2.00,2871
2.01,2870
2.01,2869
2.01,2868
2.01,2867
2.01,2866
2.02,2865
2.02,2864
2.02,2863
2.02,2862
2.02,2861
2.03,2860
2.03,2859
2.03,2858
2.03,2857
2.03,2856
2.04,2855
2.04,2854
2.04,2853
2.04,2852
2.04,2851
2.05,2850
2.05,2849
2.05,2848
2.05,2847
2.05,2846
2.06,2845
2.06,2844
2.06,2843
2.06,2842
2.06,2841
2.06,2840
2.07,2839
2.07,2838
2.07,2837
2.07,2836
2.07,2835
2.08,2834
2.08,2833
2.08,2832
2.08,2831
2.08,2830
2.09,2829
2.09,2828
2.09,2827
2.09,2826
2.09,2825
2.10,2824
2.10,2823
2.10,2822
2.10,2821
2.10,2820
2.11,2819
2.11,2818
2.11,2817
2.11,2816
2.11,2815
2.12,2814
2.12,2813
2.12,2812
2.12,2811
2.12,2810
2.13,2809
2.13,2808
2.13,2807
2.13,2806
2.13,2805
2.13,2804
2.14,2803
2.14,2802
2.14,2801
2.14,2800
2.15,2799
2.15,2798
2.15,2797
2.15,2796
2.15,2795
2.16,2794
2.16,2793
2.16,2792
2.16,2791
2.17,2790
2.17,2789
2.17,2788
2.17,2787
2.17,2786
2.18,2785
2.18,2784
2.18,2783
2.18,2782
2.19,2781
2.19,2780
2.19,2779
2.19,2778
2.20,2777
2.20,2776
2.20,2775
2.20,2774
2.21,2773
2.21,2772
2.21,2771
2.21,2770
2.21,2769
2.22,2768
2.22,2767
2.22,2766
2.22,2765
2.23,2764
2.23,2763
2.23,2762
2.23,2761
2.24,2760
2.24,2759
2.24,2758
2.24,2757
2.25,2756
2.25,2755
2.25,2754
2.25,2753
2.26,2752
2.26,2751
2.26,2750
2.26,2749
2.26,2748
2.27,2747
2.27,2746
2.27,2745
2.27,2744
2.28,2743
2.28,2742
2.28,2741
2.28,2740
2.29,2739
2.29,2738
2.29,2737
2.29,2736
2.29,2735
2.30,2734
2.30,2733
2.30,2732
2.30,2731
2.31,2730
2.31,2729
2.31,2728
2.31,2727
2.32,2726
2.32,2725
2.32,2724
2.32,2723
2.33,2722
2.33,2721
2.33,2720
2.33,2719
2.33,2718
2.34,2717
2.34,2716
2.34,2715
2.34,2714
2.35,2713
2.35,2712
2.35,2711
2.35,2710
2.36,2709
2.36,2708
2.36,2707
2.36,2706
2.37,2705
2.37,2704
2.37,2703
2.37,2702
2.38,2701
2.38,2700
2.38,2699
2.38,2698
2.38,2697
2.39,2696
2.39,2695
2.39,2694
2.40,2693
2.40,2692
2.40,2691
2.40,2690
2.41,2689
2.41,2688
2.41,2687
2.41,2686
2.42,2685
2.42,2684
2.42,2683
2.42,2682
2.42,2681
2.43,2680
2.43,2679
2.43,2678
2.44,2677
2.44,2676
2.44,2675
2.44,2674
2.44,2673
2.45,2672
2.45,2671
2.45,2670
2.45,2669
2.46,2668
2.46,2667
2.46,2666
2.46,2665
2.47,2664
2.47,2663
2.47,2662
2.47,2661
2.48,2660
2.48,2659
2.48,2658
2.48,2657
2.48,2656
2.49,2655
2.49,2654
2.49,2653
2.49,2652
2.50,2651
2.50,2650
2.50,2649
2.50,2648
2.51,2647
2.51,2646
2.51,2645
2.51,2644
2.52,2643
2.52,2642
2.52,2641
2.52,2640
2.53,2639
2.53,2638
2.53,2637
2.53,2636
2.54,2635
2.54,2634
2.54,2633
2.54,2632
2.55,2631
2.55,2630
2.55,2629
2.55,2628
2.56,2627
2.56,2626
2.56,2625
2.56,2624
2.57,2623
2.57,2622
2.57,2621
2.57,2620
2.58,2619
2.58,2618
2.58,2617
2.58,2616
2.59,2615
2.59,2614
2.59,2613
2.60,2612
2.60,2611
2.60,2610
2.60,2609
2.60,2608
2.60,2607
2.61,2606
2.61,2605
2.61,2604
2.61,2603
2.61,2602
2.62,2601
2.62,2600
2.62,2599
2.62,2598
2.62,2597
2.63,2596
2.63,2595
2.63,2594
2.63,2593
2.63,2592
2.64,2591
2.64,2590
2.64,2589
2.64,2588
2.64,2587
2.65,2586
2.65,2585
2.65,2584
2.65,2583
2.66,2582
2.66,2581
2.66,2580
2.66,2579
2.66,2578
2.67,2577
2.67,2576
2.67,2575
2.67,2574
2.67,2573
2.68,2572
2.68,2571
2.68,2570
2.68,2569
2.68,2568
2.69,2567
2.69,2566
2.69,2565
2.69,2564
2.69,2563
2.70,2562
2.70,2561
2.70,2560
2.70,2559
2.70,2558
2.71,2557
2.71,2556
2.71,2555
2.71,2554
2.71,2553
2.72,2552
2.72,2551
2.72,2550
2.72,2549
2.72,2548
2.73,2547
2.73,2546
2.73,2545
2.73,2544
2.73,2543
2.74,2542
2.74,2541
2.74,2540
2.74,2539
2.74,2538
2.75,2537
2.75,2536
2.75,2535
2.75,2534
2.75,2533
2.76,2532
2.76,2531
2.76,2530
2.76,2529
2.76,2528
2.77,2527
2.77,2526
2.77,2525
2.77,2524
2.77,2523
2.78,2522
2.78,2521
2.78,2520
2.78,2519
2.78,2518
2.79,2517
2.79,2516
2.79,2515
2.79,2514
2.79,2513
2.79,2512
2.80,2511
2.80,2510
2.80,2509
2.80,2508
2.80,2507
2.81,2506
2.81,2505
2.81,2504
2.81,2503
2.82,2502
2.82,2501
2.82,2500
2.82,2499
2.82,2498
2.82,2497
2.83,2496
2.83,2495
2.83,2494
2.83,2493
2.83,2492
2.84,2491
2.84,2490
2.84,2489
2.84,2488
2.84,2487
2.85,2486
2.85,2485
2.85,2484
2.85,2483
2.85,2482
2.86,2481
2.86,2480
2.86,2479
2.86,2478
2.86,2477
2.87,2476
2.87,2475
2.87,2474
2.87,2473
2.87,2472
2.88,2471
2.88,2470
2.88,2469
2.88,2468
2.88,2467
2.89,2466
2.89,2465
2.89,2464
2.89,2463
2.89,2462
2.90,2461
2.90,2460
2.90,2459
2.90,2458
2.90,2457
2.91,2456
2.91,2455
2.91,2454
2.91,2453
2.92,2452
2.92,2451
2.92,2450
2.92,2449
2.93,2448
2.93,2447
2.93,2446
2.93,2445
2.93,2444
2.94,2443
2.94,2442
2.94,2441
2.94,2440
2.94,2439
2.94,2438
2.95,2437
2.95,2436
2.95,2435
2.95,2434
2.96,2433
2.96,2432
2.96,2431
2.96,2430
2.96,2429
2.97,2428
2.97,2427
2.97,2426
2.97,2425
2.97,2424
2.98,2423
2.98,2422
2.98,2421
2.98,2420
2.98,2419
2.99,2418
2.99,2417
2.99,2416
2.99,2415
2.99,2414
3.00,2413
3.00,2412
3.00,2411
3.00,2410
3.00,2409
3.01,2408
3.01,2407
3.01,2406
3.01,2405
3.01,2404
