0.10,3640
0.17,3639
0.18,3638
0.19,3637
0.20,3636
0.20,3635
0.21,3634
0.22,3633
0.23,3632
0.23,3631
0.24,3630
0.24,3629
0.25,3628
0.25,3627
0.26,3626
0.27,3625
0.27,3624
0.28,3623
0.28,3622
0.29,3621
0.29,3620
0.30,3619
0.31,3618
0.31,3617
0.32,3616
0.32,3615
0.33,3614
0.34,3613
0.34,3612
0.35,3611
0.35,3610
0.36,3609
0.36,3608
0.37,3607
0.38,3606
0.38,3605
0.39,3604
0.39,3603
0.40,3602
0.40,3601
0.41,3600
0.41,3599
0.42,3598
0.42,3597
0.42,3596
0.43,3595
0.43,3594
0.44,3593
0.44,3592
0.44,3591
0.45,3590
0.45,3589
0.45,3588
0.45,3587
0.46,3586
0.46,3585
0.46,3584
0.46,3583
0.46,3582
0.47,3581
0.47,3580
0.47,3579
0.47,3578
0.48,3577
0.48,3576
0.48,3575
0.48,3574
0.48,3573
0.49,3572
0.49,3571
0.49,3570
0.49,3569
0.50,3568
0.50,3567
0.50,3566
0.50,3565
0.51,3564
0.51,3563
0.51,3562
0.51,3561
0.52,3560
0.52,3559
0.52,3558
0.52,3557
0.53,3556
0.53,3555
0.53,3554
0.53,3553
0.54,3552
0.54,3551
0.54,3550
0.54,3549
0.55,3548
0.55,3547
0.55,3546
0.55,3545
0.55,3544
0.56,3543
0.56,3542
0.56,3541
0.56,3540
0.57,3539
0.57,3538
0.57,3537
0.57,3536
0.57,3535
0.58,3534
0.58,3533
0.58,3532
0.58,3531
0.59,3530
0.59,3529
0.59,3528
0.59,3527
0.60,3526
0.60,3525
0.60,3524
0.60,3523
0.61,3522
0.61,3521
0.61,3520
0.61,3519
0.62,3518
0.62,3517
0.62,3516
0.62,3515
0.63,3514
0.63,3513
0.63,3512
0.64,3511
0.64,3510
0.64,3509
0.64,3508
0.64,3507
0.65,3506
0.65,3505
0.65,3504
0.66,3503
0.66,3502
0.66,3501
0.66,3500
0.66,3499
0.67,3498
0.67,3497
0.67,3496
0.67,3495
0.67,3494
0.68,3493
0.68,3492
0.68,3491
0.68,3490
0.69,3489
0.69,3488
0.69,3487
0.69,3486
0.69,3485
0.70,3484
0.70,3483
0.70,3482
0.70,3481
0.70,3480
0.71,3479
0.71,3478
0.71,3477
0.71,3476
0.72,3475
0.72,3474
0.72,3473
0.72,3472
0.72,3471
0.73,3470
0.73,3469
0.73,3468
0.73,3467
0.73,3466
0.74,3465
0.74,3464
0.74,3463
0.74,3462
0.75,3461
0.75,3460
0.75,3459
0.75,3458
0.75,3457
0.76,3456
0.76,3455
0.76,3454
0.76,3453
0.77,3452
0.77,3451
0.77,3450
0.77,3449
0.77,3448
0.78,3447
0.78,3446
0.78,3445
0.78,3444
0.79,3443
0.79,3442
0.79,3441
0.79,3440
0.79,3439
0.80,3438
0.80,3437
0.80,3436
0.80,3435
0.81,3434
0.81,3433
0.81,3432
0.81,3431
0.81,3430
0.82,3429
0.82,3428
0.82,3427
0.83,3426
0.83,3425
0.83,3424
0.83,3423
0.83,3422
0.84,3421
0.84,3420
0.84,3419
0.84,3418
0.84,3417
0.85,3416
0.85,3415
0.85,3414
0.85,3413
0.85,3412
0.86,3411
0.86,3410
0.86,3409
0.86,3408
0.87,3407
0.87,3406
0.87,3405
0.87,3404
0.87,3403
0.88,3402
0.88,3401
0.88,3400
0.88,3399
0.89,3398
0.89,3397
0.89,3396
0.89,3395
0.89,3394
0.90,3393
0.90,3392
0.90,3391
0.90,3390
0.91,3389
0.91,3388
0.91,3387
0.91,3386
0.91,3385
0.92,3384
0.92,3383
0.92,3382
0.92,3381
0.93,3380
0.93,3379
0.93,3378
0.93,3377
0.93,3376
0.94,3375
0.94,3374
0.94,3373
0.94,3372
0.95,3371
0.95,3370
0.95,3369
0.95,3368
0.95,3367
0.96,3366
0.96,3365
0.96,3364
0.96,3363
0.96,3362
0.97,3361
0.97,3360
0.97,3359
0.97,3358
0.97,3357
0.98,3356
0.98,3355
0.98,3354
0.98,3353
0.99,3352
0.99,3351
0.99,3350
0.99,3349
0.99,3348
1.00,3347
1.00,3346
1.00,3345
1.01,3344
1.01,3343
1.01,3342
1.01,3341
1.02,3340
1.02,3339
1.02,3338
1.02,3337
1.02,3336
1.03,3335
1.03,3334
1.03,3333
1.03,3332
1.03,3331
1.04,3330
1.04,3329
1.04,3328
1.04,3327
1.04,3326
1.05,3325
1.05,3324
1.05,3323
1.05,3322
1.06,3321
1.06,3320
1.06,3319
1.06,3318
1.06,3317
1.07,3316
1.07,3315
1.07,3314
1.07,3313
1.07,3312
1.08,3311
1.08,3310
1.08,3309
1.08,3308
1.08,3307
1.09,3306
1.09,3305
1.09,3304
1.09,3303
1.10,3302
1.10,3301
1.10,3300
1.10,3299
1.11,3298
1.11,3297
1.11,3296
1.11,3295
1.11,3294
1.12,3293
1.12,3292
1.12,3291
1.12,3290
1.12,3289
1.13,3288
1.13,3287
1.13,3286
1.13,3285
1.14,3284
1.14,3283
1.14,3282
1.14,3281
1.14,3280
1.15,3279
1.15,3278
1.15,3277
1.15,3276
1.15,3275
1.16,3274
1.16,3273
1.16,3272
1.16,3271
1.16,3270
1.17,3269
1.17,3268
1.17,3267
1.17,3266
1.17,3265
1.18,3264
1.18,3263
1.18,3262
1.18,3261
1.19,3260
1.19,3259
1.19,3258
1.19,3257
1.19,3256
1.20,3255
1.20,3254
1.20,3253
1.21,3252
1.21,3251
1.21,3250
1.21,3249
1.21,3248
1.22,3247
1.22,3246
1.22,3245
1.22,3244
1.23,3243
1.23,3242
1.23,3241
1.23,3240
1.24,3239
1.24,3238
1.24,3237
1.24,3236
1.25,3235
1.25,3234
1.25,3233
1.25,3232
1.26,3231
1.26,3230
1.26,3229
1.26,3228
1.27,3227
1.27,3226
1.27,3225
1.27,3224
1.28,3223
1.28,3222
1.28,3221
1.28,3220
1.29,3219
1.29,3218
1.29,3217
1.30,3216
1.30,3215
1.30,3214
1.30,3213
1.31,3212
1.31,3211
1.31,3210
1.31,3209
1.32,3208
1.32,3207
1.32,3206
1.32,3205
1.33,3204
1.33,3203
1.33,3202
1.33,3201
1.34,3200
1.34,3199
1.34,3198
1.34,3197
1.35,3196
1.35,3195
1.35,3194
1.35,3193
1.36,3192
1.36,3191
1.36,3190
1.36,3189
1.37,3188
1.37,3187
1.37,3186
1.38,3185
1.38,3184
1.38,3183
1.38,3182
1.39,3181
1.39,3180
1.39,3179
1.39,3178
1.40,3177
1.40,3176
1.40,3175
1.41,3174
1.41,3173
1.41,3172
1.41,3171
1.41,3170
1.42,3169
1.42,3168
1.42,3167
1.42,3166
1.42,3165
1.43,3164
1.43,3163
1.43,3162
1.43,3161
1.44,3160
1.44,3159
1.44,3158
1.44,3157
1.44,3156
1.45,3155
1.45,3154
1.45,3153
1.45,3152
1.46,3151
1.46,3150
1.46,3149
1.46,3148
1.46,3147
1.47,3146
1.47,3145
1.47,3144
1.47,3143
1.47,3142
1.48,3141
1.48,3140
1.48,3139
1.48,3138
1.48,3137
1.49,3136
1.49,3135
1.49,3134
1.49,3133
1.50,3132
1.50,3131
1.50,3130
1.51,3129
1.51,3128
1.51,3127
1.51,3126
1.51,3125
1.52,3124
1.52,3123
1.52,3122
1.52,3121
1.53,3120
1.53,3119
1.53,3118
1.53,3117
1.53,3116
1.54,3115
1.54,3114
1.54,3113
1.54,3112
1.54,3111
1.55,3110
1.55,3109
1.55,3108
1.55,3107
1.56,3106
1.56,3105
1.56,3104
1.56,3103
1.56,3102
1.57,3101
1.57,3100
1.57,3099
1.57,3098
1.57,3097
1.58,3096
1.58,3095
1.58,3094
1.58,3093
1.58,3092
1.59,3091
1.59,3090
1.59,3089
1.60,3088
1.60,3087
1.60,3086
1.60,3085
1.60,3084
1.61,3083
1.61,3082
1.61,3081
1.61,3080
1.61,3079
1.62,3078
1.62,3077
1.62,3076
1.62,3075
1.63,3074
1.63,3073
1.63,3072
1.63,3071
1.63,3070
1.64,3069
1.64,3068
1.64,3067
1.64,3066
1.64,3065
1.65,3064
1.65,3063
1.65,3062
1.65,3061
1.66,3060
1.66,3059
1.66,3058
1.66,3057
1.66,3056
1.67,3055
1.67,3054
1.67,3053
1.67,3052
1.68,3051
1.68,3050
1.68,3049
1.68,3048
1.68,3047
1.69,3046
1.69,3045
1.69,3044
1.69,3043
1.69,3042
1.70,3041
1.70,3040
1.70,3039
1.70,3038
1.71,3037
1.71,3036
1.71,3035
1.71,3034
1.71,3033
1.72,3032
1.72,3031
1.72,3030
1.72,3029
1.73,3028
1.73,3027
1.73,3026
1.73,3025
1.73,3024
1.74,3023
1.74,3022
1.74,3021
1.74,3020
1.74,3019
1.75,3018
1.75,3017
1.75,3016
1.75,3015
1.76,3014
1.76,3013
1.76,3012
1.76,3011
1.76,3010
1.77,3009
1.77,3008
1.77,3007
1.77,3006
1.78,3005
1.78,3004
1.78,3003
1.79,3002
1.79,3001
1.79,3000
1.79,2999
1.79,2998
1.80,2997
1.80,2996
1.80,2995
1.80,2994
1.80,2993
1.81,2992
1.81,2991
1.81,2990
1.81,2989
1.82,2988
1.82,2987
1.82,2986
1.82,2985
1.82,2984
1.83,2983
1.83,2982
1.83,2981
1.83,2980
1.83,2979
1.84,2978
1.84,2977
1.84,2976
1.84,2975
1.84,2974
1.85,2973
1.85,2972
1.85,2971
1.85,2970
1.86,2969
1.86,2968
1.86,2967
1.86,2966
1.86,2965
1.87,2964
1.87,2963
1.87,2962
1.87,2961
1.87,2960
1.88,2959
1.88,2958
1.88,2957
1.88,2956
1.88,2955
1.89,2954
1.89,2953
1.89,2952
1.89,2951
1.90,2950
1.90,2949
1.90,2948
1.90,2947
1.90,2946
1.91,2945
1.91,2944
1.91,2943
1.91,2942
1.91,2941
1.92,2940
1.92,2939
1.92,2938
1.92,2937
1.93,2936
1.93,2935
1.93,2934
1.93,2933
1.93,2932
1.94,2931
1.94,2930
1.94,2929
1.94,2928
1.94,2927
1.95,2926
1.95,2925
1.95,2924
1.95,2923
1.96,2922
1.96,2921
1.96,2920
1.96,2919
1.96,2918
1.97,2917
1.97,2916
1.97,2915
1.97,2914
1.98,2913
1.98,2912
1.98,2911
1.98,2910
1.99,2909
1.99,2908
1.99,2907
1.99,2906
1.99,2905
2.00,2904
2.00,2903
2.00,2902
2.00,2901
2.00,2900
2.01,2899
2.01,2898
2.01,2897
2.01,2896
2.02,2895
2.02,2894
2.02,2893
2.02,2892
2.02,2891
2.03,2890
2.03,2889
2.03,2888
2.03,2887
2.04,2886
2.04,2885
2.04,2884
2.04,2883
2.04,2882
2.05,2881
2.05,2880
2.05,2879
2.05,2878
2.05,2877
2.06,2876
2.06,2875
2.06,2874
2.06,2873
2.06,2872
2.07,2871
2.07,2870
2.07,2869
2.07,2868
2.08,2867
2.08,2866
2.08,2865
2.08,2864
2.08,2863
2.09,2862
2.09,2861
2.09,2860
2.09,2859
2.10,2858
2.10,2857
2.10,2856
2.10,2855
2.10,2854
2.11,2853
2.11,2852
2.11,2851
2.11,2850
2.11,2849
2.12,2848
2.12,2847
2.12,2846
2.12,2845
2.12,2844
2.13,2843
2.13,2842
2.13,2841
2.13,2840
2.13,2839
2.14,2838
2.14,2837
2.14,2836
2.14,2835
2.15,2834
2.15,2833
2.15,2832
2.15,2831
2.15,2830
2.16,2829
2.16,2828
2.17,2827
2.17,2826
2.17,2825
2.17,2824
2.17,2823
2.18,2822
2.18,2821
2.18,2820
2.18,2819
2.18,2818
2.19,2817
2.19,2816
2.19,2815
2.19,2814
2.20,2813
2.20,2812
2.20,2811
2.20,2810
2.20,2809
2.21,2808
2.21,2807
2.21,2806
2.21,2805
2.21,2804
2.22,2803
2.22,2802
2.22,2801
2.22,2800
2.22,2799
2.23,2798
2.23,2797
2.23,2796
2.23,2795
2.23,2794
2.24,2793
2.24,2792
2.24,2791
2.24,2790
2.24,2789
2.25,2788
2.25,2787
2.25,2786
2.25,2785
2.26,2784
2.26,2783
2.26,2782
2.26,2781
2.26,2780
2.27,2779
2.27,2778
2.27,2777
2.27,2776
2.27,2775
2.28,2774
2.28,2773
2.28,2772
2.28,2771
2.28,2770
2.29,2769
2.29,2768
2.29,2767
2.29,2766
2.29,2765
2.30,2764
2.30,2763
2.30,2762
2.30,2761
2.30,2760
2.31,2759
2.31,2758
2.31,2757
2.31,2756
2.31,2755
2.32,2754
2.32,2753
2.32,2752
2.32,2751
2.32,2750
2.33,2749
2.33,2748
2.33,2747
2.33,2746
2.33,2745
2.34,2744
2.34,2743
2.34,2742
2.34,2741
2.35,2740
2.35,2739
2.35,2738
2.35,2737
2.35,2736
2.36,2735
2.36,2734
2.36,2733
2.36,2732
2.36,2731
2.37,2730
2.37,2729
2.37,2728
2.37,2727
2.37,2726
2.38,2725
2.38,2724
2.38,2723
2.38,2722
2.38,2721
2.39,2720
2.39,2719
2.39,2718
2.39,2717
2.40,2716
2.40,2715
2.40,2714
2.40,2713
2.40,2712
2.41,2711
2.41,2710
2.41,2709
2.41,2708
2.41,2707
2.42,2706
2.42,2705
2.42,2704
2.42,2703
2.42,2702
2.43,2701
2.43,2700
2.43,2699
2.43,2698
2.44,2697
2.44,2696
2.44,2695
2.44,2694
2.44,2693
2.45,2692
2.45,2691
2.45,2690
2.45,2689
2.45,2688
2.46,2687
2.46,2686
2.46,2685
2.46,2684
2.46,2683
2.47,2682
2.47,2681
2.47,2680
2.47,2679
2.47,2678
2.48,2677
2.48,2676
2.48,2675
2.48,2674
2.49,2673
2.49,2672
2.49,2671
2.49,2670
2.49,2669
2.50,2668
2.50,2667
2.50,2666
2.50,2665
2.50,2664
2.51,2663
2.51,2662
2.51,2661
2.51,2660
2.52,2659
2.52,2658
2.52,2657
2.52,2656
2.52,2655
2.53,2654
2.53,2653
2.53,2652
2.53,2651
2.54,2650
2.54,2649
2.54,2648
2.54,2647
2.54,2646
2.55,2645
2.55,2644
2.55,2643
2.55,2642
2.55,2641
2.56,2640
2.56,2639
2.56,2638
2.56,2637
2.56,2636
2.57,2635
2.57,2634
2.57,2633
2.57,2632
2.57,2631
2.58,2630
2.58,2629
2.58,2628
2.58,2627
2.58,2626
2.59,2625
2.59,2624
2.59,2623
2.59,2622
2.60,2621
2.60,2620
2.60,2619
2.60,2618
2.60,2617
2.61,2616
2.61,2615
2.61,2614
2.61,2613
2.61,2612
2.62,2611
2.62,2610
2.62,2609
2.62,2608
2.62,2607
2.63,2606
2.63,2605
2.63,2604
2.63,2603
2.63,2602
2.64,2601
2.64,2600
2.64,2599
2.64,2598
2.65,2597
2.65,2596
2.65,2595
2.65,2594
2.65,2593
2.66,2592
2.66,2591
2.66,2590
2.66,2589
2.66,2588
2.67,2587
2.67,2586
2.67,2585
2.67,2584
2.67,2583
2.68,2582
2.68,2581
2.68,2580
2.68,2579
2.68,2578
2.69,2577
2.69,2576
2.69,2575
2.69,2574
2.69,2573
2.70,2572
2.70,2571
2.70,2570
2.70,2569
2.70,2568
2.71,2567
2.71,2566
2.71,2565
2.71,2564
2.71,2563
2.72,2562
2.72,2561
2.72,2560
2.72,2559
2.72,2558
2.73,2557
2.73,2556
2.73,2555
2.73,2554
2.73,2553
2.74,2552
2.74,2551
2.74,2550
2.74,2549
2.74,2548
2.75,2547
2.75,2546
2.75,2545
2.75,2544
2.75,2543
2.76,2542
2.76,2541
2.76,2540
2.76,2539
2.76,2538
2.77,2537
2.77,2536
2.77,2535
2.77,2534
2.77,2533
2.78,2532
2.78,2531
2.78,2530
2.78,2529
2.78,2528
2.79,2527
2.79,2526
2.79,2525
2.79,2524
2.79,2523
2.80,2522
2.80,2521
2.80,2520
2.80,2519
2.80,2518
2.81,2517
2.81,2516
2.81,2515
2.81,2514
2.81,2513
2.82,2512
2.82,2511
2.82,2510
2.82,2509
2.83,2508
2.83,2507
2.83,2506
2.83,2505
2.83,2504
2.83,2503
2.84,2502
2.84,2501
2.84,2500
2.84,2499
2.85,2498
2.85,2497
2.85,2496
2.85,2495
2.85,2494
2.86,2493
2.86,2492
2.86,2491
2.86,2490
2.86,2489
2.87,2488
2.87,2487
2.87,2486
2.87,2485
2.87,2484
2.88,2483
2.88,2482
2.88,2481
2.88,2480
2.88,2479
2.89,2478
2.89,2477
2.89,2476
2.89,2475
2.90,2474
2.90,2473
2.90,2472
2.90,2471
2.90,2470
2.91,2469
2.91,2468
2.91,2467
2.91,2466
2.91,2465
2.92,2464
2.92,2463
2.92,2462
2.92,2461
2.92,2460
2.93,2459
2.93,2458
2.93,2457
2.93,2456
2.93,2455
2.94,2454
2.94,2453
2.94,2452
2.94,2451
2.94,2450
2.95,2449
2.95,2448
2.95,2447
2.95,2446
2.95,2445
2.96,2444
2.96,2443
2.96,2442
2.96,2441
2.96,2440
2.97,2439
2.97,2438
2.97,2437
2.97,2436
2.97,2435
2.98,2434
2.98,2433
2.98,2432
2.98,2431
2.98,2430
2.99,2429
2.99,2428
2.99,2427
2.99,2426
3.00,2425
3.00,2424
3.00,2423
3.00,2422
3.00,2421
3.00,2420
3.01,2419
3.01,2418
3.01,2417
3.01,2416
3.02,2415
3.02,2414
3.02,2413
3.02,2412
3.02,2411
3.03,2410
3.03,2409
3.03,2408
3.03,2407
3.03,2406
3.04,2405
3.04,2404
3.04,2403
3.04,2402
3.04,2401
3.05,2400
3.05,2399
3.05,2398
3.05,2397
3.05,2396
3.05,2395
3.06,2394
3.06,2393
3.06,2392
3.06,2391
3.06,2390
3.07,2389
3.07,2388
3.07,2387
3.07,2386
3.08,2385
3.08,2384
3.08,2383
3.08,2382
3.08,2381
3.09,2380
3.09,2379
3.09,2378
3.09,2377
3.09,2376
3.10,2375
3.10,2374
3.10,2373
3.10,2372
3.10,2371
3.11,2370
3.11,2369
3.11,2368
