0.10,3638
0.17,3637
0.18,3636
0.18,3635
0.19,3634
0.20,3633
0.21,3632
0.22,3631
0.22,3630
0.23,3629
0.24,3628
0.24,3627
0.25,3626
0.25,3625
0.26,3624
0.26,3623
0.27,3622
0.27,3621
0.28,3620
0.29,3619
0.29,3618
0.30,3617
0.30,3616
0.31,3615
0.31,3614
0.32,3613
0.33,3612
0.33,3611
0.34,3610
0.34,3609
0.35,3608
0.35,3607
0.36,3606
0.36,3605
0.37,3604
0.38,3603
0.38,3602
0.38,3601
0.39,3600
0.39,3599
0.40,3598
0.40,3597
0.40,3596
0.41,3595
0.41,3594
0.42,3593
0.42,3592
0.43,3591
0.43,3590
0.43,3589
0.43,3588
0.44,3587
0.44,3586
0.44,3585
0.44,3584
0.45,3583
0.45,3582
0.45,3581
0.45,3580
0.45,3579
0.46,3578
0.46,3577
0.46,3576
0.46,3575
0.47,3574
0.47,3573
0.47,3572
0.47,3571
0.48,3570
0.48,3569
0.48,3568
0.48,3567
0.48,3566
0.49,3565
0.49,3564
0.49,3563
0.50,3562
0.50,3561
0.50,3560
0.50,3559
0.50,3558
0.51,3557
0.51,3556
0.51,3555
0.51,3554
0.52,3553
0.52,3552
0.52,3551
0.52,3550
0.52,3549
0.53,3548
0.53,3547
0.53,3546
0.53,3545
0.54,3544
0.54,3543
0.54,3542
0.54,3541
0.55,3540
0.55,3539
0.55,3538
0.55,3537
0.55,3536
0.56,3535
0.56,3534
0.56,3533
0.56,3532
0.57,3531
0.57,3530
0.57,3529
0.57,3528
0.57,3527
0.58,3526
0.58,3525
0.58,3524
0.58,3523
0.59,3522
0.59,3521
0.59,3520
0.59,3519
0.59,3518
0.60,3517
0.60,3516
0.60,3515
0.60,3514
0.61,3513
0.61,3512
0.61,3511
0.61,3510
0.62,3509
0.62,3508
0.62,3507
0.62,3506
0.63,3505
0.63,3504
0.63,3503
0.63,3502
0.64,3501
0.64,3500
0.64,3499
0.64,3498
0.64,3497
0.65,3496
0.65,3495
0.65,3494
0.65,3493
0.66,3492
0.66,3491
0.66,3490
0.66,3489
0.67,3488
0.67,3487
0.67,3486
0.67,3485
0.67,3484
0.68,3483
0.68,3482
0.68,3481
0.68,3480
0.69,3479
0.69,3478
0.69,3477
0.69,3476
0.69,3475
0.70,3474
0.70,3473
0.70,3472
0.70,3471
0.71,3470
0.71,3469
0.71,3468
0.71,3467
0.71,3466
0.72,3465
0.72,3464
0.72,3463
0.72,3462
0.73,3461
0.73,3460
0.73,3459
0.73,3458
0.73,3457
0.74,3456
0.74,3455
0.74,3454
0.74,3453
0.75,3452
0.75,3451
0.75,3450
0.75,3449
0.75,3448
0.76,3447
0.76,3446
0.76,3445
0.76,3444
0.77,3443
0.77,3442
0.77,3441
0.77,3440
0.78,3439
0.78,3438
0.78,3437
0.78,3436
0.78,3435
0.79,3434
0.79,3433
0.79,3432
0.79,3431
0.79,3430
0.80,3429
0.80,3428
0.80,3427
0.80,3426
0.81,3425
0.81,3424
0.81,3423
0.81,3422
0.82,3421
0.82,3420
0.82,3419
0.82,3418
0.83,3417
0.83,3416
0.83,3415
0.83,3414
0.83,3413
0.84,3412
0.84,3411
0.84,3410
0.84,3409
0.84,3408
0.85,3407
0.85,3406
0.85,3405
0.85,3404
0.85,3403
0.86,3402
0.86,3401
0.86,3400
0.86,3399
0.87,3398
0.87,3397
0.87,3396
0.87,3395
0.87,3394
0.88,3393
0.88,3392
0.88,3391
0.88,3390
0.89,3389
0.89,3388
0.89,3387
0.89,3386
0.89,3385
0.90,3384
0.90,3383
0.90,3382
0.90,3381
0.91,3380
0.91,3379
0.91,3378
0.91,3377
0.92,3376
0.92,3375
0.92,3374
0.92,3373
0.92,3372
0.93,3371
0.93,3370
0.93,3369
0.93,3368
0.94,3367
0.94,3366
0.94,3365
0.94,3364
0.94,3363
0.95,3362
0.95,3361
0.95,3360
0.95,3359
0.96,3358
0.96,3357
0.96,3356
0.96,3355
0.96,3354
0.97,3353
0.97,3352
0.97,3351
0.97,3350
0.98,3349
0.98,3348
0.98,3347
0.98,3346
0.99,3345
0.99,3344
0.99,3343
0.99,3342
1.00,3341
1.00,3340
1.00,3339
1.00,3338
1.01,3337
1.01,3336
1.01,3335
1.01,3334
1.01,3333
1.02,3332
1.02,3331
1.02,3330
1.02,3329
1.03,3328
1.03,3327
1.03,3326
1.03,3325
1.04,3324
1.04,3323
1.04,3322
1.04,3321
1.05,3320
1.05,3319
1.05,3318
1.05,3317
1.06,3316
1.06,3315
1.06,3314
1.06,3313
1.07,3312
1.07,3311
1.07,3310
1.07,3309
1.08,3308
1.08,3307
1.08,3306
1.08,3305
1.09,3304
1.09,3303
1.09,3302
1.09,3301
1.09,3300
1.10,3299
1.10,3298
1.10,3297
1.10,3296
1.11,3295
1.11,3294
1.11,3293
1.11,3292
1.11,3291
1.12,3290
1.12,3289
1.12,3288
1.12,3287
1.12,3286
1.13,3285
1.13,3284
1.13,3283
1.13,3282
1.14,3281
1.14,3280
1.14,3279
1.14,3278
1.14,3277
1.15,3276
1.15,3275
1.15,3274
1.15,3273
1.15,3272
1.16,3271
1.16,3270
1.16,3269
1.16,3268
1.17,3267
1.17,3266
1.17,3265
1.17,3264
1.17,3263
1.18,3262
1.18,3261
1.18,3260
1.18,3259
1.18,3258
1.19,3257
1.19,3256
1.19,3255
1.19,3254
1.19,3253
1.20,3252
1.20,3251
1.20,3250
1.20,3249
1.21,3248
1.21,3247
1.21,3246
1.22,3245
1.22,3244
1.22,3243
1.22,3242
1.22,3241
1.23,3240
1.23,3239
1.23,3238
1.23,3237
1.24,3236
1.24,3235
1.24,3234
1.24,3233
1.25,3232
1.25,3231
1.25,3230
1.25,3229
1.26,3228
1.26,3227
1.26,3226
1.26,3225
1.27,3224
1.27,3223
1.27,3222
1.27,3221
1.28,3220
1.28,3219
1.28,3218
1.28,3217
1.29,3216
1.29,3215
1.29,3214
1.29,3213
1.30,3212
1.30,3211
1.30,3210
1.30,3209
1.31,3208
1.31,3207
1.31,3206
1.31,3205
1.32,3204
1.32,3203
1.32,3202
1.32,3201
1.33,3200
1.33,3199
1.33,3198
1.33,3197
1.34,3196
1.34,3195
1.34,3194
1.34,3193
1.35,3192
1.35,3191
1.35,3190
1.35,3189
1.36,3188
1.36,3187
1.36,3186
1.36,3185
1.37,3184
1.37,3183
1.37,3182
1.38,3181
1.38,3180
1.38,3179
1.38,3178
1.39,3177
1.39,3176
1.39,3175
1.39,3174
1.39,3173
1.40,3172
1.40,3171
1.40,3170
1.41,3169
1.41,3168
1.41,3167
1.41,3166
1.41,3165
1.42,3164
1.42,3163
1.42,3162
1.42,3161
1.42,3160
1.43,3159
1.43,3158
1.43,3157
1.43,3156
1.44,3155
1.44,3154
1.44,3153
1.44,3152
1.44,3151
1.45,3150
1.45,3149
1.45,3148
1.45,3147
1.45,3146
1.46,3145
1.46,3144
1.46,3143
1.46,3142
1.47,3141
1.47,3140
1.47,3139
1.47,3138
1.47,3137
1.47,3136
1.48,3135
1.48,3134
1.48,3133
1.48,3132
1.48,3131
1.49,3130
1.49,3129
1.49,3128
1.49,3127
1.49,3126
1.50,3125
1.50,3124
1.50,3123
1.50,3122
1.51,3121
1.51,3120
1.51,3119
1.51,3118
1.51,3117
1.52,3116
1.52,3115
1.52,3114
1.52,3113
1.52,3112
1.53,3111
1.53,3110
1.53,3109
1.53,3108
1.53,3107
1.54,3106
1.54,3105
1.54,3104
1.54,3103
1.54,3102
1.55,3101
1.55,3100
1.55,3099
1.55,3098
1.55,3097
1.56,3096
1.56,3095
1.56,3094
1.56,3093
1.57,3092
1.57,3091
1.57,3090
1.57,3089
1.57,3088
1.58,3087
1.58,3086
1.58,3085
1.58,3084
1.59,3083
1.59,3082
1.59,3081
1.59,3080
1.59,3079
1.60,3078
1.60,3077
1.60,3076
1.60,3075
1.60,3074
1.61,3073
1.61,3072
1.61,3071
1.61,3070
1.61,3069
1.62,3068
1.62,3067
1.62,3066
1.62,3065
1.62,3064
1.63,3063
1.63,3062
1.63,3061
1.63,3060
1.63,3059
1.64,3058
1.64,3057
1.64,3056
1.64,3055
1.65,3054
1.65,3053
1.65,3052
1.65,3051
1.65,3050
1.66,3049
1.66,3048
1.66,3047
1.66,3046
1.66,3045
1.67,3044
1.67,3043
1.67,3042
1.67,3041
1.67,3040
1.68,3039
1.68,3038
1.68,3037
1.68,3036
1.69,3035
1.69,3034
1.69,3033
1.69,3032
1.69,3031
1.70,3030
1.70,3029
1.70,3028
1.70,3027
1.70,3026
1.71,3025
1.71,3024
1.71,3023
1.71,3022
1.71,3021
1.72,3020
1.72,3019
1.72,3018
1.72,3017
1.72,3016
1.73,3015
1.73,3014
1.73,3013
1.73,3012
1.73,3011
1.74,3010
1.74,3009
1.74,3008
1.74,3007
1.74,3006
1.75,3005
1.75,3004
1.75,3003
1.75,3002
1.75,3001
1.76,3000
1.76,2999
1.76,2998
1.77,2997
1.77,2996
1.77,2995
1.77,2994
1.77,2993
1.78,2992
1.78,2991
1.78,2990
1.78,2989
1.78,2988
1.79,2987
1.79,2986
1.79,2985
1.79,2984
1.79,2983
1.80,2982
1.80,2981
1.80,2980
1.80,2979
1.80,2978
1.81,2977
1.81,2976
1.81,2975
1.81,2974
1.82,2973
1.82,2972
1.82,2971
1.82,2970
1.82,2969
1.83,2968
1.83,2967
1.83,2966
1.83,2965
1.83,2964
1.84,2963
1.84,2962
1.84,2961
1.84,2960
1.84,2959
1.85,2958
1.85,2957
1.85,2956
1.85,2955
1.85,2954
1.86,2953
1.86,2952
1.86,2951
1.86,2950
1.86,2949
1.87,2948
1.87,2947
1.87,2946
1.87,2945
1.87,2944
1.88,2943
1.88,2942
1.88,2941
1.88,2940
1.88,2939
1.89,2938
1.89,2937
1.89,2936
1.89,2935
1.89,2934
1.90,2933
1.90,2932
1.90,2931
1.90,2930
1.90,2929
1.91,2928
1.91,2927
1.91,2926
1.91,2925
1.91,2924
1.92,2923
1.92,2922
1.92,2921
1.92,2920
1.92,2919
1.93,2918
1.93,2917
1.93,2916
1.93,2915
1.93,2914
1.94,2913
1.94,2912
1.94,2911
1.94,2910
1.94,2909
1.95,2908
1.95,2907
1.95,2906
1.95,2905
1.95,2904
1.96,2903
1.96,2902
1.96,2901
1.96,2900
1.96,2899
1.97,2898
1.97,2897
1.97,2896
1.97,2895
1.97,2894
1.98,2893
1.98,2892
1.98,2891
1.98,2890
1.98,2889
1.99,2888
1.99,2887
1.99,2886
1.99,2885
1.99,2884
2.00,2883
2.00,2882
2.00,2881
2.00,2880
2.01,2879
2.01,2878
2.01,2877
2.01,2876
2.01,2875
2.02,2874
2.02,2873
2.02,2872
2.02,2871
2.02,2870
2.03,2869
2.03,2868
2.03,2867
2.03,2866
2.03,2865
2.04,2864
2.04,2863
2.04,2862
2.04,2861
2.04,2860
2.05,2859
2.05,2858
2.05,2857
2.05,2856
2.05,2855
2.06,2854
2.06,2853
2.06,2852
2.06,2851
2.06,2850
2.07,2849
2.07,2848
2.07,2847
2.07,2846
2.07,2845
2.08,2844
2.08,2843
2.08,2842
2.08,2841
2.08,2840
2.09,2839
2.09,2838
2.09,2837
2.09,2836
2.09,2835
2.10,2834
2.10,2833
2.10,2832
2.10,2831
2.10,2830
2.11,2829
2.11,2828
2.11,2827
2.11,2826
2.12,2825
2.12,2824
2.12,2823
2.12,2822
2.12,2821
2.13,2820
2.13,2819
2.13,2818
2.13,2817
2.13,2816
2.14,2815
2.14,2814
2.14,2813
2.14,2812
2.14,2811
2.15,2810
2.15,2809
2.15,2808
2.15,2807
2.16,2806
2.16,2805
2.16,2804
2.16,2803
2.17,2802
2.17,2801
2.17,2800
2.17,2799
2.17,2798
2.18,2797
2.18,2796
2.18,2795
2.18,2794
2.19,2793
2.19,2792
2.19,2791
2.19,2790
2.20,2789
2.20,2788
2.20,2787
2.20,2786
2.20,2785
2.21,2784
2.21,2783
2.21,2782
2.21,2781
2.22,2780
2.22,2779
2.22,2778
2.22,2777
2.23,2776
2.23,2775
2.23,2774
2.23,2773
2.23,2772
2.24,2771
2.24,2770
2.24,2769
2.24,2768
2.25,2767
2.25,2766
2.25,2765
2.25,2764
2.26,2763
2.26,2762
2.26,2761
2.26,2760
2.27,2759
2.27,2758
2.27,2757
2.27,2756
2.28,2755
2.28,2754
2.28,2753
2.28,2752
2.29,2751
2.29,2750
2.29,2749
2.29,2748
2.29,2747
2.30,2746
2.30,2745
2.30,2744
2.30,2743
2.31,2742
2.31,2741
2.31,2740
2.31,2739
2.32,2738
2.32,2737
2.32,2736
2.32,2735
2.33,2734
2.33,2733
2.33,2732
2.33,2731
2.34,2730
2.34,2729
2.34,2728
2.34,2727
2.35,2726
2.35,2725
2.35,2724
2.35,2723
2.35,2722
2.36,2721
2.36,2720
2.36,2719
2.36,2718
2.37,2717
2.37,2716
2.37,2715
2.37,2714
2.38,2713
2.38,2712
2.38,2711
2.38,2710
2.39,2709
2.39,2708
2.39,2707
2.39,2706
2.39,2705
2.40,2704
2.40,2703
2.40,2702
2.41,2701
2.41,2700
2.41,2699
2.41,2698
2.42,2697
2.42,2696
2.42,2695
2.42,2694
2.43,2693
2.43,2692
2.43,2691
2.43,2690
2.44,2689
2.44,2688
2.44,2687
2.44,2686
2.45,2685
2.45,2684
2.45,2683
2.45,2682
2.46,2681
2.46,2680
2.46,2679
2.46,2678
2.47,2677
2.47,2676
2.47,2675
2.47,2674
2.47,2673
2.48,2672
2.48,2671
2.48,2670
2.48,2669
2.49,2668
2.49,2667
2.49,2666
2.49,2665
2.50,2664
2.50,2663
2.50,2662
2.50,2661
2.51,2660
2.51,2659
2.51,2658
2.51,2657
2.51,2656
2.52,2655
2.52,2654
2.52,2653
2.52,2652
2.53,2651
2.53,2650
2.53,2649
2.53,2648
2.54,2647
2.54,2646
2.54,2645
2.54,2644
2.55,2643
2.55,2642
2.55,2641
2.55,2640
2.55,2639
2.56,2638
2.56,2637
2.56,2636
2.57,2635
2.57,2634
2.57,2633
2.57,2632
2.57,2631
2.58,2630
2.58,2629
2.58,2628
2.58,2627
2.59,2626
2.59,2625
2.59,2624
2.60,2623
2.60,2622
2.60,2621
2.60,2620
2.60,2619
2.61,2618
2.61,2617
2.61,2616
2.61,2615
2.61,2614
2.62,2613
2.62,2612
2.62,2611
2.62,2610
2.62,2609
2.63,2608
2.63,2607
2.63,2606
2.63,2605
2.63,2604
2.64,2603
2.64,2602
2.64,2601
2.64,2600
2.64,2599
2.65,2598
2.65,2597
2.65,2596
2.65,2595
2.65,2594
2.66,2593
2.66,2592
2.66,2591
2.66,2590
2.67,2589
2.67,2588
2.67,2587
2.67,2586
2.67,2585
2.67,2584
2.68,2583
2.68,2582
2.68,2581
2.68,2580
2.69,2579
2.69,2578
2.69,2577
2.69,2576
2.69,2575
2.69,2574
2.70,2573
2.70,2572
2.70,2571
2.70,2570
2.70,2569
2.71,2568
2.71,2567
2.71,2566
2.71,2565
2.71,2564
2.72,2563
2.72,2562
2.72,2561
2.72,2560
2.72,2559
2.73,2558
2.73,2557
2.73,2556
2.73,2555
2.73,2554
2.73,2553
2.74,2552
2.74,2551
2.74,2550
2.74,2549
2.74,2548
2.75,2547
2.75,2546
2.75,2545
2.75,2544
2.75,2543
2.76,2542
2.76,2541
2.76,2540
2.76,2539
2.76,2538
2.77,2537
2.77,2536
2.77,2535
2.77,2534
2.77,2533
2.78,2532
2.78,2531
2.78,2530
2.78,2529
2.78,2528
2.79,2527
2.79,2526
2.79,2525
2.79,2524
2.79,2523
2.80,2522
2.80,2521
2.80,2520
2.80,2519
2.80,2518
2.81,2517
2.81,2516
2.81,2515
2.81,2514
2.81,2513
2.82,2512
2.82,2511
2.82,2510
2.82,2509
2.82,2508
2.83,2507
2.83,2506
2.83,2505
2.83,2504
2.83,2503
2.84,2502
2.84,2501
2.84,2500
2.84,2499
2.84,2498
2.84,2497
2.85,2496
2.85,2495
2.85,2494
2.85,2493
2.85,2492
2.86,2491
2.86,2490
2.86,2489
2.86,2488
2.86,2487
2.87,2486
2.87,2485
2.87,2484
2.87,2483
2.87,2482
2.88,2481
2.88,2480
2.88,2479
2.88,2478
2.88,2477
2.89,2476
2.89,2475
2.89,2474
2.89,2473
2.89,2472
2.90,2471
2.90,2470
2.90,2469
2.90,2468
2.90,2467
2.91,2466
2.91,2465
2.91,2464
2.91,2463
2.91,2462
2.92,2461
2.92,2460
2.92,2459
2.92,2458
2.92,2457
2.92,2456
2.93,2455
2.93,2454
2.93,2453
2.93,2452
2.93,2451
2.94,2450
2.94,2449
2.94,2448
2.94,2447
2.94,2446
2.95,2445
2.95,2444
2.95,2443
2.95,2442
2.95,2441
2.96,2440
2.96,2439
2.96,2438
2.96,2437
2.96,2436
2.97,2435
2.97,2434
2.97,2433
2.97,2432
2.97,2431
2.98,2430
2.98,2429
2.98,2428
2.98,2427
2.98,2426
2.98,2425
2.99,2424
2.99,2423
2.99,2422
2.99,2421
2.99,2420
3.00,2419
3.00,2418
3.00,2417
3.00,2416
3.00,2415
3.01,2414
3.01,2413
3.01,2412
3.01,2411
3.01,2410
3.02,2409
3.02,2408
3.02,2407
3.02,2406
3.02,2405
3.03,2404
3.03,2403
3.03,2402
3.03,2401
3.03,2400
3.03,2399
3.04,2398
3.04,2397
3.04,2396
3.04,2395
3.04,2394
3.05,2393
3.05,2392
3.05,2391
3.05,2390
3.05,2389
3.06,2388
3.06,2387
3.06,2386
3.06,2385
3.06,2384
3.07,2383
3.07,2382
3.07,2381
