0.10,3638
0.16,3637
0.18,3636
0.18,3635
0.19,3634
0.20,3633
0.21,3632
0.22,3631
0.22,3630
0.23,3629
0.24,3628
0.24,3627
0.25,3626
0.25,3625
0.26,3624
0.26,3623
0.27,3622
0.28,3621
0.28,3620
0.29,3619
0.29,3618
0.30,3617
0.31,3616
0.31,3615
0.32,3614
0.32,3613
0.33,3612
0.33,3611
0.34,3610
0.34,3609
0.35,3608
0.35,3607
0.36,3606
0.36,3605
0.37,3604
0.37,3603
0.38,3602
0.38,3601
0.39,3600
0.39,3599
0.39,3598
0.40,3597
0.40,3596
0.41,3595
0.41,3594
0.41,3593
0.42,3592
0.42,3591
0.43,3590
0.43,3589
0.43,3588
0.44,3587
0.44,3586
0.44,3585
0.44,3584
0.45,3583
0.45,3582
0.45,3581
0.45,3580
0.46,3579
0.46,3578
0.46,3577
0.46,3576
0.46,3575
0.47,3574
0.47,3573
0.47,3572
0.47,3571
0.48,3570
0.48,3569
0.48,3568
0.48,3567
0.49,3566
0.49,3565
0.49,3564
0.49,3563
0.49,3562
0.50,3561
0.50,3560
0.50,3559
0.50,3558
0.51,3557
0.51,3556
0.51,3555
0.51,3554
0.52,3553
0.52,3552
0.52,3551
0.52,3550
0.52,3549
0.53,3548
0.53,3547
0.53,3546
0.53,3545
0.54,3544
0.54,3543
0.54,3542
0.54,3541
0.54,3540
0.55,3539
0.55,3538
0.55,3537
0.55,3536
0.56,3535
0.56,3534
0.56,3533
0.56,3532
0.56,3531
0.57,3530
0.57,3529
0.57,3528
0.58,3527
0.58,3526
0.58,3525
0.58,3524
0.58,3523
0.59,3522
0.59,3521
0.59,3520
0.59,3519
0.60,3518
0.60,3517
0.60,3516
0.60,3515
0.61,3514
0.61,3513
0.61,3512
0.61,3511
0.62,3510
0.62,3509
0.62,3508
0.63,3507
0.63,3506
0.63,3505
0.63,3504
0.63,3503
0.64,3502
0.64,3501
0.64,3500
0.64,3499
0.65,3498
0.65,3497
0.65,3496
0.65,3495
0.65,3494
0.66,3493
0.66,3492
0.66,3491
0.66,3490
0.67,3489
0.67,3488
0.67,3487
0.67,3486
0.67,3485
0.68,3484
0.68,3483
0.68,3482
0.68,3481
0.68,3480
0.69,3479
0.69,3478
0.69,3477
0.69,3476
0.70,3475
0.70,3474
0.70,3473
0.70,3472
0.70,3471
0.71,3470
0.71,3469
0.71,3468
0.71,3467
0.72,3466
0.72,3465
0.72,3464
0.72,3463
0.72,3462
0.73,3461
0.73,3460
0.73,3459
0.73,3458
0.74,3457
0.74,3456
0.74,3455
0.74,3454
0.74,3453
0.75,3452
0.75,3451
0.75,3450
0.75,3449
0.76,3448
0.76,3447
0.76,3446
0.76,3445
0.77,3444
0.77,3443
0.77,3442
0.77,3441
0.78,3440
0.78,3439
0.78,3438
0.78,3437
0.78,3436
0.79,3435
0.79,3434
0.79,3433
0.79,3432
0.80,3431
0.80,3430
0.80,3429
0.80,3428
0.80,3427
0.81,3426
0.81,3425
0.81,3424
0.82,3423
0.82,3422
0.82,3421
0.82,3420
0.82,3419
0.83,3418
0.83,3417
0.83,3416
0.83,3415
0.84,3414
0.84,3413
0.84,3412
0.84,3411
0.84,3410
0.85,3409
0.85,3408
0.85,3407
0.85,3406
0.86,3405
0.86,3404
0.86,3403
0.86,3402
0.86,3401
0.87,3400
0.87,3399
0.87,3398
0.87,3397
0.88,3396
0.88,3395
0.88,3394
0.88,3393
0.89,3392
0.89,3391
0.89,3390
0.89,3389
0.90,3388
0.90,3387
0.90,3386
0.90,3385
0.90,3384
0.91,3383
0.91,3382
0.91,3381
0.91,3380
0.92,3379
0.92,3378
0.92,3377
0.92,3376
0.92,3375
0.93,3374
0.93,3373
0.93,3372
0.93,3371
0.94,3370
0.94,3369
0.94,3368
0.94,3367
0.95,3366
0.95,3365
0.95,3364
0.95,3363
0.95,3362
0.96,3361
0.96,3360
0.96,3359
0.96,3358
0.97,3357
0.97,3356
0.97,3355
0.97,3354
0.98,3353
0.98,3352
0.98,3351
0.98,3350
0.99,3349
0.99,3348
0.99,3347
0.99,3346
0.99,3345
1.00,3344
1.00,3343
1.00,3342
1.01,3341
1.01,3340
1.01,3339
1.01,3338
1.01,3337
1.02,3336
1.02,3335
1.02,3334
1.02,3333
1.03,3332
1.03,3331
1.03,3330
1.03,3329
1.03,3328
1.04,3327
1.04,3326
1.04,3325
1.04,3324
1.04,3323
1.05,3322
1.05,3321
1.05,3320
1.05,3319
1.05,3318
1.06,3317
1.06,3316
1.06,3315
1.06,3314
1.07,3313
1.07,3312
1.07,3311
1.07,3310
1.07,3309
1.08,3308
1.08,3307
1.08,3306
1.08,3305
1.08,3304
1.09,3303
1.09,3302
1.09,3301
1.09,3300
1.09,3299
1.10,3298
1.10,3297
1.10,3296
1.10,3295
1.11,3294
1.11,3293
1.11,3292
1.11,3291
1.11,3290
1.12,3289
1.12,3288
1.12,3287
1.12,3286
1.12,3285
1.13,3284
1.13,3283
1.13,3282
1.13,3281
1.14,3280
1.14,3279
1.14,3278
1.14,3277
1.14,3276
1.15,3275
1.15,3274
1.15,3273
1.15,3272
1.15,3271
1.16,3270
1.16,3269
1.16,3268
1.16,3267
1.16,3266
1.17,3265
1.17,3264
1.17,3263
1.17,3262
1.17,3261
1.18,3260
1.18,3259
1.18,3258
1.18,3257
1.19,3256
1.19,3255
1.19,3254
1.19,3253
1.19,3252
1.20,3251
1.20,3250
1.20,3249
1.20,3248
1.21,3247
1.21,3246
1.21,3245
1.22,3244
1.22,3243
1.22,3242
1.22,3241
1.22,3240
1.23,3239
1.23,3238
1.23,3237
1.23,3236
1.24,3235
1.24,3234
1.24,3233
1.24,3232
1.25,3231
1.25,3230
1.25,3229
1.25,3228
1.26,3227
1.26,3226
1.26,3225
1.26,3224
1.27,3223
1.27,3222
1.27,3221
1.27,3220
1.27,3219
1.28,3218
1.28,3217
1.28,3216
1.28,3215
1.29,3214
1.29,3213
1.29,3212
1.29,3211
1.30,3210
1.30,3209
1.30,3208
1.30,3207
1.31,3206
1.31,3205
1.31,3204
1.31,3203
1.32,3202
1.32,3201
1.32,3200
1.32,3199
1.33,3198
1.33,3197
1.33,3196
1.33,3195
1.34,3194
1.34,3193
1.34,3192
1.34,3191
1.35,3190
1.35,3189
1.35,3188
1.35,3187
1.36,3186
1.36,3185
1.36,3184
1.36,3183
1.36,3182
1.37,3181
1.37,3180
1.37,3179
1.37,3178
1.38,3177
1.38,3176
1.38,3175
1.38,3174
1.39,3173
1.39,3172
1.39,3171
1.40,3170
1.40,3169
1.40,3168
1.40,3167
1.40,3166
1.41,3165
1.41,3164
1.41,3163
1.41,3162
1.41,3161
1.42,3160
1.42,3159
1.42,3158
1.42,3157
1.42,3156
1.43,3155
1.43,3154
1.43,3153
1.43,3152
1.43,3151
1.44,3150
1.44,3149
1.44,3148
1.44,3147
1.44,3146
1.45,3145
1.45,3144
1.45,3143
1.45,3142
1.46,3141
1.46,3140
1.46,3139
1.46,3138
1.46,3137
1.47,3136
1.47,3135
1.47,3134
1.47,3133
1.47,3132
1.48,3131
1.48,3130
1.48,3129
1.48,3128
1.49,3127
1.49,3126
1.49,3125
1.49,3124
1.49,3123
1.50,3122
1.50,3121
1.50,3120
1.50,3119
1.51,3118
1.51,3117
1.51,3116
1.51,3115
1.52,3114
1.52,3113
1.52,3112
1.52,3111
1.52,3110
1.53,3109
1.53,3108
1.53,3107
1.53,3106
1.53,3105
1.54,3104
1.54,3103
1.54,3102
1.54,3101
1.54,3100
1.55,3099
1.55,3098
1.55,3097
1.55,3096
1.55,3095
1.56,3094
1.56,3093
1.56,3092
1.56,3091
1.56,3090
1.57,3089
1.57,3088
1.57,3087
1.57,3086
1.57,3085
1.58,3084
1.58,3083
1.58,3082
1.58,3081
1.58,3080
1.59,3079
1.59,3078
1.59,3077
1.59,3076
1.59,3075
1.60,3074
1.60,3073
1.60,3072
1.60,3071
1.60,3070
1.61,3069
1.61,3068
1.61,3067
1.61,3066
1.62,3065
1.62,3064
1.62,3063
1.62,3062
1.62,3061
1.63,3060
1.63,3059
1.63,3058
1.63,3057
1.63,3056
1.64,3055
1.64,3054
1.64,3053
1.64,3052
1.64,3051
1.65,3050
1.65,3049
1.65,3048
1.65,3047
1.66,3046
1.66,3045
1.66,3044
1.66,3043
1.66,3042
1.67,3041
1.67,3040
1.67,3039
1.67,3038
1.68,3037
1.68,3036
1.68,3035
1.68,3034
1.68,3033
1.69,3032
1.69,3031
1.69,3030
1.69,3029
1.69,3028
1.70,3027
1.70,3026
1.70,3025
1.70,3024
1.70,3023
1.71,3022
1.71,3021
1.71,3020
1.71,3019
1.71,3018
1.72,3017
1.72,3016
1.72,3015
1.72,3014
1.72,3013
1.73,3012
1.73,3011
1.73,3010
1.73,3009
1.73,3008
1.74,3007
1.74,3006
1.74,3005
1.74,3004
1.75,3003
1.75,3002
1.75,3001
1.75,3000
1.75,2999
1.76,2998
1.76,2997
1.76,2996
1.76,2995
1.77,2994
1.77,2993
1.77,2992
1.77,2991
1.78,2990
1.78,2989
1.78,2988
1.78,2987
1.78,2986
1.79,2985
1.79,2984
1.79,2983
1.79,2982
1.79,2981
1.80,2980
1.80,2979
1.80,2978
1.80,2977
1.80,2976
1.81,2975
1.81,2974
1.81,2973
1.81,2972
1.81,2971
1.82,2970
1.82,2969
1.82,2968
1.82,2967
1.82,2966
1.83,2965
1.83,2964
1.83,2963
1.83,2962
1.84,2961
1.84,2960
1.84,2959
1.84,2958
1.84,2957
1.85,2956
1.85,2955
1.85,2954
1.85,2953
1.85,2952
1.86,2951
1.86,2950
1.86,2949
1.86,2948
1.86,2947
1.87,2946
1.87,2945
1.87,2944
1.87,2943
1.87,2942
1.88,2941
1.88,2940
1.88,2939
1.88,2938
1.88,2937
1.89,2936
1.89,2935
1.89,2934
1.89,2933
1.89,2932
1.90,2931
1.90,2930
1.90,2929
1.90,2928
1.90,2927
1.91,2926
1.91,2925
1.91,2924
1.91,2923
1.91,2922
1.92,2921
1.92,2920
1.92,2919
1.92,2918
1.93,2917
1.93,2916
1.93,2915
1.93,2914
1.93,2913
1.94,2912
1.94,2911
1.94,2910
1.94,2909
1.94,2908
1.95,2907
1.95,2906
1.95,2905
1.95,2904
1.95,2903
1.96,2902
1.96,2901
1.96,2900
1.96,2899
1.96,2898
1.97,2897
1.97,2896
1.97,2895
1.97,2894
1.97,2893
1.98,2892
1.98,2891
1.98,2890
1.98,2889
1.98,2888
1.99,2887
1.99,2886
1.99,2885
1.99,2884
1.99,2883
2.00,2882
2.00,2881
2.00,2880
2.00,2879
2.01,2878
2.01,2877
2.01,2876
2.01,2875
2.01,2874
2.02,2873
2.02,2872
2.02,2871
2.02,2870
2.02,2869
2.03,2868
2.03,2867
2.03,2866
2.03,2865
2.04,2864
2.04,2863
2.04,2862
2.04,2861
2.04,2860
2.05,2859
2.05,2858
2.05,2857
2.05,2856
2.05,2855
2.06,2854
2.06,2853
2.06,2852
2.06,2851
2.06,2850
2.07,2849
2.07,2848
2.07,2847
2.07,2846
2.07,2845
2.08,2844
2.08,2843
2.08,2842
2.08,2841
2.08,2840
2.09,2839
2.09,2838
2.09,2837
2.09,2836
2.09,2835
2.10,2834
2.10,2833
2.10,2832
2.10,2831
2.11,2830
2.11,2829
2.11,2828
2.11,2827
2.11,2826
2.12,2825
2.12,2824
2.12,2823
2.13,2822
2.13,2821
2.13,2820
2.13,2819
2.13,2818
2.14,2817
2.14,2816
2.14,2815
2.14,2814
2.14,2813
2.15,2812
2.15,2811
2.15,2810
2.15,2809
2.15,2808
2.16,2807
2.16,2806
2.16,2805
2.16,2804
2.16,2803
2.17,2802
2.17,2801
2.17,2800
2.17,2799
2.17,2798
2.18,2797
2.18,2796
2.18,2795
2.18,2794
2.18,2793
2.19,2792
2.19,2791
2.19,2790
2.19,2789
2.19,2788
2.19,2787
2.20,2786
2.20,2785
2.20,2784
2.20,2783
2.21,2782
2.21,2781
2.21,2780
2.21,2779
2.21,2778
2.21,2777
2.22,2776
2.22,2775
2.22,2774
2.22,2773
2.22,2772
2.23,2771
2.23,2770
2.23,2769
2.23,2768
2.23,2767
2.24,2766
2.24,2765
2.24,2764
2.24,2763
2.24,2762
2.25,2761
2.25,2760
2.25,2759
2.25,2758
2.25,2757
2.26,2756
2.26,2755
2.26,2754
2.26,2753
2.26,2752
2.27,2751
2.27,2750
2.27,2749
2.27,2748
2.27,2747
2.28,2746
2.28,2745
2.28,2744
2.28,2743
2.28,2742
2.29,2741
2.29,2740
2.29,2739
2.29,2738
2.29,2737
2.30,2736
2.30,2735
2.30,2734
2.30,2733
2.30,2732
2.31,2731
2.31,2730
2.31,2729
2.31,2728
2.31,2727
2.32,2726
2.32,2725
2.32,2724
2.32,2723
2.32,2722
2.33,2721
2.33,2720
2.33,2719
2.33,2718
2.33,2717
2.34,2716
2.34,2715
2.34,2714
2.34,2713
2.34,2712
2.35,2711
2.35,2710
2.35,2709
2.35,2708
2.35,2707
2.36,2706
2.36,2705
2.36,2704
2.36,2703
2.36,2702
2.37,2701
2.37,2700
2.37,2699
2.37,2698
2.37,2697
2.37,2696
2.38,2695
2.38,2694
2.38,2693
2.38,2692
2.39,2691
2.39,2690
2.39,2689
2.39,2688
2.39,2687
2.40,2686
2.40,2685
2.40,2684
2.40,2683
2.40,2682
2.41,2681
2.41,2680
2.41,2679
2.41,2678
2.41,2677
2.42,2676
2.42,2675
2.42,2674
2.42,2673
2.42,2672
2.43,2671
2.43,2670
2.43,2669
2.43,2668
2.43,2667
2.44,2666
2.44,2665
2.44,2664
2.44,2663
2.44,2662
2.45,2661
2.45,2660
2.45,2659
2.45,2658
2.45,2657
2.45,2656
2.46,2655
2.46,2654
2.46,2653
2.46,2652
2.46,2651
2.47,2650
2.47,2649
2.47,2648
2.47,2647
2.48,2646
2.48,2645
2.48,2644
2.48,2643
2.48,2642
2.48,2641
2.49,2640
2.49,2639
2.49,2638
2.49,2637
2.49,2636
2.50,2635
2.50,2634
2.50,2633
2.50,2632
2.50,2631
2.51,2630
2.51,2629
2.51,2628
2.51,2627
2.51,2626
2.52,2625
2.52,2624
2.52,2623
2.52,2622
2.52,2621
2.53,2620
2.53,2619
2.53,2618
2.53,2617
2.53,2616
2.53,2615
2.54,2614
2.54,2613
2.54,2612
2.54,2611
2.54,2610
2.55,2609
2.55,2608
2.55,2607
2.55,2606
2.55,2605
2.56,2604
2.56,2603
2.56,2602
2.56,2601
2.56,2600
2.57,2599
2.57,2598
2.57,2597
2.57,2596
2.57,2595
2.58,2594
2.58,2593
2.58,2592
2.58,2591
2.58,2590
2.59,2589
2.59,2588
2.59,2587
2.59,2586
2.59,2585
2.60,2584
2.60,2583
2.60,2582
2.60,2581
2.60,2580
2.61,2579
2.61,2578
2.61,2577
2.61,2576
2.61,2575
2.62,2574
2.62,2573
2.62,2572
2.62,2571
2.62,2570
2.63,2569
2.63,2568
2.63,2567
2.63,2566
2.63,2565
2.64,2564
2.64,2563
2.64,2562
2.64,2561
2.64,2560
2.65,2559
2.65,2558
2.65,2557
2.65,2556
2.65,2555
2.66,2554
2.66,2553
2.66,2552
2.66,2551
2.66,2550
2.67,2549
2.67,2548
2.67,2547
2.67,2546
2.67,2545
2.68,2544
2.68,2543
2.68,2542
2.68,2541
2.68,2540
2.69,2539
2.69,2538
2.69,2537
2.69,2536
2.69,2535
2.70,2534
2.70,2533
2.70,2532
2.70,2531
2.70,2530
2.71,2529
2.71,2528
2.71,2527
2.71,2526
2.71,2525
2.72,2524
2.72,2523
2.72,2522
2.72,2521
2.72,2520
2.73,2519
2.73,2518
2.73,2517
2.73,2516
2.73,2515
2.74,2514
2.74,2513
2.74,2512
2.74,2511
2.74,2510
2.75,2509
2.75,2508
2.75,2507
2.75,2506
2.75,2505
2.76,2504
2.76,2503
2.76,2502
2.76,2501
2.76,2500
2.76,2499
2.77,2498
2.77,2497
2.77,2496
2.77,2495
2.77,2494
2.78,2493
2.78,2492
2.78,2491
2.78,2490
2.79,2489
2.79,2488
2.79,2487
2.79,2486
2.79,2485
2.80,2484
2.80,2483
2.80,2482
2.80,2481
2.80,2480
2.81,2479
2.81,2478
2.81,2477
2.81,2476
2.81,2475
2.82,2474
2.82,2473
2.82,2472
2.82,2471
2.82,2470
2.83,2469
2.83,2468
2.83,2467
2.83,2466
2.83,2465
2.84,2464
2.84,2463
2.84,2462
2.84,2461
2.84,2460
2.85,2459
2.85,2458
2.85,2457
2.85,2456
2.85,2455
2.86,2454
2.86,2453
2.86,2452
2.86,2451
2.86,2450
2.87,2449
2.87,2448
2.87,2447
2.87,2446
2.87,2445
2.87,2444
2.88,2443
2.88,2442
2.88,2441
2.88,2440
2.88,2439
2.89,2438
2.89,2437
2.89,2436
2.89,2435
2.89,2434
2.90,2433
2.90,2432
2.90,2431
2.90,2430
2.90,2429
2.90,2428
2.91,2427
2.91,2426
2.91,2425
2.91,2424
2.91,2423
2.92,2422
2.92,2421
2.92,2420
2.92,2419
2.92,2418
2.93,2417
2.93,2416
2.93,2415
2.93,2414
2.93,2413
2.93,2412
2.94,2411
2.94,2410
2.94,2409
2.94,2408
2.94,2407
2.95,2406
2.95,2405
2.95,2404
2.95,2403
2.95,2402
2.95,2401
2.96,2400
2.96,2399
2.96,2398
2.96,2397
2.96,2396
2.97,2395
2.97,2394
2.97,2393
2.97,2392
2.97,2391
2.98,2390
2.98,2389
2.98,2388
2.98,2387
2.98,2386
2.98,2385
2.99,2384
2.99,2383
2.99,2382
2.99,2381
2.99,2380
3.00,2379
3.00,2378
3.00,2377
3.00,2376
3.00,2375
3.01,2374
3.01,2373
3.01,2372
3.01,2371
3.01,2370
3.01,2369
3.02,2368
3.02,2367
3.02,2366
3.04,2365
