0.10,3586
0.16,3585
0.17,3584
0.18,3583
0.19,3582
0.20,3581
0.21,3580
0.21,3579
0.22,3578
0.23,3577
0.23,3576
0.24,3575
0.24,3574
0.25,3573
0.25,3572
0.26,3571
0.26,3570
0.27,3569
0.28,3568
0.28,3567
0.29,3566
0.29,3565
0.30,3564
0.30,3563
0.31,3562
0.32,3561
0.32,3560
0.33,3559
0.33,3558
0.34,3557
0.34,3556
0.35,3555
0.35,3554
0.36,3553
0.36,3552
0.37,3551
0.37,3550
0.38,3549
0.38,3548
0.39,3547
0.39,3546
0.39,3545
0.40,3544
0.40,3543
0.40,3542
0.41,3541
0.41,3540
0.42,3539
0.42,3538
0.42,3537
0.42,3536
0.43,3535
0.43,3534
0.43,3533
0.43,3532
0.43,3531
0.44,3530
0.44,3529
0.44,3528
0.44,3527
0.45,3526
0.45,3525
0.45,3524
0.45,3523
0.45,3522
0.46,3521
0.46,3520
0.46,3519
0.46,3518
0.46,3517
0.47,3516
0.47,3515
0.47,3514
0.47,3513
0.48,3512
0.48,3511
0.48,3510
0.48,3509
0.48,3508
0.49,3507
0.49,3506
0.49,3505
0.49,3504
0.50,3503
0.50,3502
0.50,3501
0.50,3500
0.50,3499
0.51,3498
0.51,3497
0.51,3496
0.51,3495
0.52,3494
0.52,3493
0.52,3492
0.52,3491
0.53,3490
0.53,3489
0.53,3488
0.53,3487
0.53,3486
0.54,3485
0.54,3484
0.54,3483
0.54,3482
0.55,3481
0.55,3480
0.55,3479
0.55,3478
0.55,3477
0.56,3476
0.56,3475
0.56,3474
0.56,3473
0.57,3472
0.57,3471
0.57,3470
0.57,3469
0.57,3468
0.58,3467
0.58,3466
0.58,3465
0.58,3464
0.59,3463
0.59,3462
0.59,3461
0.59,3460
0.60,3459
0.60,3458
0.60,3457
0.61,3456
0.61,3455
0.61,3454
0.61,3453
0.62,3452
0.62,3451
0.62,3450
0.62,3449
0.62,3448
0.63,3447
0.63,3446
0.63,3445
0.63,3444
0.63,3443
0.64,3442
0.64,3441
0.64,3440
0.64,3439
0.64,3438
0.65,3437
0.65,3436
0.65,3435
0.65,3434
0.65,3433
0.66,3432
0.66,3431
0.66,3430
0.66,3429
0.66,3428
0.67,3427
0.67,3426
0.67,3425
0.67,3424
0.67,3423
0.68,3422
0.68,3421
0.68,3420
0.68,3419
0.68,3418
0.69,3417
0.69,3416
0.69,3415
0.69,3414
0.69,3413
0.70,3412
0.70,3411
0.70,3410
0.70,3409
0.70,3408
0.71,3407
0.71,3406
0.71,3405
0.71,3404
0.72,3403
0.72,3402
0.72,3401
0.72,3400
0.72,3399
0.73,3398
0.73,3397
0.73,3396
0.73,3395
0.73,3394
0.74,3393
0.74,3392
0.74,3391
0.74,3390
0.74,3389
0.75,3388
0.75,3387
0.75,3386
0.75,3385
0.76,3384
0.76,3383
0.76,3382
0.76,3381
0.76,3380
0.77,3379
0.77,3378
0.77,3377
0.77,3376
0.77,3375
0.78,3374
0.78,3373
0.78,3372
0.79,3371
0.79,3370
0.79,3369
0.79,3368
0.79,3367
0.80,3366
0.80,3365
0.80,3364
0.80,3363
0.80,3362
0.81,3361
0.81,3360
0.81,3359
0.81,3358
0.82,3357
0.82,3356
0.82,3355
0.82,3354
0.82,3353
0.83,3352
0.83,3351
0.83,3350
0.83,3349
0.83,3348
0.84,3347
0.84,3346
0.84,3345
0.84,3344
0.85,3343
0.85,3342
0.85,3341
0.85,3340
0.85,3339
0.86,3338
0.86,3337
0.86,3336
0.86,3335
0.87,3334
0.87,3333
0.87,3332
0.87,3331
0.87,3330
0.88,3329
0.88,3328
0.88,3327
0.88,3326
0.88,3325
0.89,3324
0.89,3323
0.89,3322
0.89,3321
0.89,3320
0.90,3319
0.90,3318
0.90,3317
0.90,3316
0.90,3315
0.91,3314
0.91,3313
0.91,3312
0.91,3311
0.91,3310
0.92,3309
0.92,3308
0.92,3307
0.92,3306
0.92,3305
0.93,3304
0.93,3303
0.93,3302
0.93,3301
0.94,3300
0.94,3299
0.94,3298
0.94,3297
0.94,3296
0.95,3295
0.95,3294
0.95,3293
0.95,3292
0.95,3291
0.96,3290
0.96,3289
0.96,3288
0.96,3287
0.97,3286
0.97,3285
0.97,3284
0.97,3283
0.97,3282
0.98,3281
0.98,3280
0.98,3279
0.98,3278
0.98,3277
0.99,3276
0.99,3275
0.99,3274
0.99,3273
0.99,3272
1.00,3271
1.00,3270
1.00,3269
1.00,3268
1.00,3267
1.01,3266
1.01,3265
1.01,3264
1.01,3263
1.01,3262
1.02,3261
1.02,3260
1.02,3259
1.02,3258
1.03,3257
1.03,3256
1.03,3255
1.03,3254
1.03,3253
1.04,3252
1.04,3251
1.04,3250
1.04,3249
1.04,3248
1.05,3247
1.05,3246
1.05,3245
1.05,3244
1.05,3243
1.06,3242
1.06,3241
1.06,3240
1.06,3239
1.06,3238
1.07,3237
1.07,3236
1.07,3235
1.07,3234
1.07,3233
1.08,3232
1.08,3231
1.08,3230
1.08,3229
1.08,3228
1.09,3227
1.09,3226
1.09,3225
1.09,3224
1.09,3223
1.10,3222
1.10,3221
1.10,3220
1.10,3219
1.10,3218
1.11,3217
1.11,3216
1.11,3215
1.11,3214
1.11,3213
1.12,3212
1.12,3211
1.12,3210
1.12,3209
1.12,3208
1.13,3207
1.13,3206
1.13,3205
1.13,3204
1.13,3203
1.14,3202
1.14,3201
1.14,3200
1.14,3199
1.14,3198
1.15,3197
1.15,3196
1.15,3195
1.15,3194
1.16,3193
1.16,3192
1.16,3191
1.16,3190
1.17,3189
1.17,3188
1.17,3187
1.17,3186
1.17,3185
1.18,3184
1.18,3183
1.18,3182
1.18,3181
1.19,3180
1.19,3179
1.19,3178
1.19,3177
1.20,3176
1.20,3175
1.20,3174
1.20,3173
1.21,3172
1.21,3171
1.21,3170
1.21,3169
1.22,3168
1.22,3167
1.22,3166
1.22,3165
1.23,3164
1.23,3163
1.23,3162
1.23,3161
1.24,3160
1.24,3159
1.24,3158
1.24,3157
1.24,3156
1.25,3155
1.25,3154
1.25,3153
1.25,3152
1.26,3151
1.26,3150
1.26,3149
1.26,3148
1.27,3147
1.27,3146
1.27,3145
1.27,3144
1.28,3143
1.28,3142
1.28,3141
1.28,3140
1.29,3139
1.29,3138
1.29,3137
1.29,3136
1.30,3135
1.30,3134
1.30,3133
1.30,3132
1.30,3131
1.31,3130
1.31,3129
1.31,3128
1.31,3127
1.32,3126
1.32,3125
1.32,3124
1.32,3123
1.33,3122
1.33,3121
1.33,3120
1.33,3119
1.34,3118
1.34,3117
1.34,3116
1.35,3115
1.35,3114
1.35,3113
1.35,3112
1.35,3111
1.36,3110
1.36,3109
1.36,3108
1.36,3107
1.36,3106
1.37,3105
1.37,3104
1.37,3103
1.37,3102
1.37,3101
1.37,3100
1.38,3099
1.38,3098
1.38,3097
1.38,3096
1.38,3095
1.39,3094
1.39,3093
1.39,3092
1.39,3091
1.39,3090
1.40,3089
1.40,3088
1.40,3087
1.40,3086
1.40,3085
1.41,3084
1.41,3083
1.41,3082
1.41,3081
1.41,3080
1.42,3079
1.42,3078
1.42,3077
1.42,3076
1.42,3075
1.43,3074
1.43,3073
1.43,3072
1.43,3071
1.43,3070
1.44,3069
1.44,3068
1.44,3067
1.44,3066
1.44,3065
1.44,3064
1.45,3063
1.45,3062
1.45,3061
1.45,3060
1.45,3059
1.46,3058
1.46,3057
1.46,3056
1.46,3055
1.46,3054
1.47,3053
1.47,3052
1.47,3051
1.47,3050
1.47,3049
1.48,3048
1.48,3047
1.48,3046
1.48,3045
1.48,3044
1.49,3043
1.49,3042
1.49,3041
1.49,3040
1.49,3039
1.50,3038
1.50,3037
1.50,3036
1.50,3035
1.50,3034
1.51,3033
1.51,3032
1.51,3031
1.51,3030
1.51,3029
1.52,3028
1.52,3027
1.52,3026
1.52,3025
1.52,3024
1.53,3023
1.53,3022
1.53,3021
1.53,3020
1.53,3019
1.53,3018
1.54,3017
1.54,3016
1.54,3015
1.54,3014
1.55,3013
1.55,3012
1.55,3011
1.55,3010
1.55,3009
1.55,3008
1.56,3007
1.56,3006
1.56,3005
1.56,3004
1.56,3003
1.57,3002
1.57,3001
1.57,3000
1.57,2999
1.57,2998
1.58,2997
1.58,2996
1.58,2995
1.58,2994
1.58,2993
1.59,2992
1.59,2991
1.59,2990
1.59,2989
1.59,2988
1.60,2987
1.60,2986
1.60,2985
1.60,2984
1.60,2983
1.61,2982
1.61,2981
1.61,2980
1.61,2979
1.61,2978
1.62,2977
1.62,2976
1.62,2975
1.62,2974
1.62,2973
1.63,2972
1.63,2971
1.63,2970
1.63,2969
1.63,2968
1.64,2967
1.64,2966
1.64,2965
1.64,2964
1.64,2963
1.64,2962
1.65,2961
1.65,2960
1.65,2959
1.65,2958
1.65,2957
1.66,2956
1.66,2955
1.66,2954
1.66,2953
1.66,2952
1.67,2951
1.67,2950
1.67,2949
1.67,2948
1.67,2947
1.68,2946
1.68,2945
1.68,2944
1.68,2943
1.68,2942
1.69,2941
1.69,2940
1.69,2939
1.69,2938
1.70,2937
1.70,2936
1.70,2935
1.70,2934
1.70,2933
1.71,2932
1.71,2931
1.71,2930
1.71,2929
1.71,2928
1.72,2927
1.72,2926
1.72,2925
1.72,2924
1.72,2923
1.72,2922
1.73,2921
1.73,2920
1.73,2919
1.73,2918
1.73,2917
1.74,2916
1.74,2915
1.74,2914
1.74,2913
1.74,2912
1.75,2911
1.75,2910
1.75,2909
1.75,2908
1.75,2907
1.76,2906
1.76,2905
1.76,2904
1.76,2903
1.76,2902
1.77,2901
1.77,2900
1.77,2899
1.77,2898
1.77,2897
1.77,2896
1.78,2895
1.78,2894
1.78,2893
1.78,2892
1.78,2891
1.79,2890
1.79,2889
1.79,2888
1.79,2887
1.79,2886
1.80,2885
1.80,2884
1.80,2883
1.80,2882
1.80,2881
1.80,2880
1.81,2879
1.81,2878
1.81,2877
1.81,2876
1.82,2875
1.82,2874
1.82,2873
1.82,2872
1.82,2871
1.83,2870
1.83,2869
1.83,2868
1.83,2867
1.83,2866
1.84,2865
1.84,2864
1.84,2863
1.84,2862
1.84,2861
1.85,2860
1.85,2859
1.85,2858
1.85,2857
1.85,2856
1.85,2855
1.86,2854
1.86,2853
1.86,2852
1.86,2851
1.86,2850
1.87,2849
1.87,2848
1.87,2847
1.87,2846
1.87,2845
1.88,2844
1.88,2843
1.88,2842
1.88,2841
1.88,2840
1.89,2839
1.89,2838
1.89,2837
1.89,2836
1.89,2835
1.89,2834
1.90,2833
1.90,2832
1.90,2831
1.90,2830
1.90,2829
1.91,2828
1.91,2827
1.91,2826
1.91,2825
1.91,2824
1.92,2823
1.92,2822
1.92,2821
1.92,2820
1.92,2819
1.93,2818
1.93,2817
1.93,2816
1.93,2815
1.93,2814
1.93,2813
1.94,2812
1.94,2811
1.94,2810
1.94,2809
1.94,2808
1.95,2807
1.95,2806
1.95,2805
1.95,2804
1.95,2803
1.96,2802
1.96,2801
1.96,2800
1.96,2799
1.96,2798
1.97,2797
1.97,2796
1.97,2795
1.97,2794
1.97,2793
1.98,2792
1.98,2791
1.98,2790
1.98,2789
1.98,2788
1.99,2787
1.99,2786
1.99,2785
1.99,2784
1.99,2783
1.99,2782
2.00,2781
2.00,2780
2.00,2779
2.00,2778
2.00,2777
2.01,2776
2.01,2775
2.01,2774
2.01,2773
2.01,2772
2.02,2771
2.02,2770
2.02,2769
2.02,2768
2.02,2767
2.03,2766
2.03,2765
2.03,2764
2.03,2763
2.03,2762
2.04,2761
2.04,2760
2.04,2759
2.04,2758
2.04,2757
2.04,2756
2.05,2755
2.05,2754
2.05,2753
2.05,2752
2.05,2751
2.06,2750
2.06,2749
2.06,2748
2.06,2747
2.07,2746
2.07,2745
2.07,2744
2.07,2743
2.07,2742
2.08,2741
2.08,2740
2.08,2739
2.08,2738
2.09,2737
2.09,2736
2.09,2735
2.09,2734
2.09,2733
2.10,2732
2.10,2731
2.10,2730
2.10,2729
2.11,2728
2.11,2727
2.11,2726
2.11,2725
2.11,2724
2.12,2723
2.12,2722
2.12,2721
2.12,2720
2.13,2719
2.13,2718
2.13,2717
2.13,2716
2.13,2715
2.14,2714
2.14,2713
2.14,2712
2.14,2711
2.15,2710
2.15,2709
2.15,2708
2.15,2707
2.15,2706
2.16,2705
2.16,2704
2.16,2703
2.16,2702
2.17,2701
2.17,2700
2.17,2699
2.17,2698
2.17,2697
2.18,2696
2.18,2695
2.18,2694
2.18,2693
2.19,2692
2.19,2691
2.19,2690
2.19,2689
2.19,2688
2.20,2687
2.20,2686
2.20,2685
2.20,2684
2.21,2683
2.21,2682
2.21,2681
2.21,2680
2.22,2679
2.22,2678
2.22,2677
2.22,2676
2.22,2675
2.23,2674
2.23,2673
2.23,2672
2.23,2671
2.24,2670
2.24,2669
2.24,2668
2.24,2667
2.24,2666
2.25,2665
2.25,2664
2.25,2663
2.25,2662
2.26,2661
2.26,2660
2.26,2659
2.26,2658
2.27,2657
2.27,2656
2.27,2655
2.27,2654
2.27,2653
2.28,2652
2.28,2651
2.28,2650
2.28,2649
2.29,2648
2.29,2647
2.29,2646
2.29,2645
2.29,2644
2.30,2643
2.30,2642
2.30,2641
2.30,2640
2.31,2639
2.31,2638
2.31,2637
2.31,2636
2.31,2635
2.32,2634
2.32,2633
2.32,2632
2.32,2631
2.33,2630
2.33,2629
2.33,2628
2.33,2627
2.33,2626
2.34,2625
2.34,2624
2.34,2623
2.34,2622
2.35,2621
2.35,2620
2.35,2619
2.35,2618
2.35,2617
2.36,2616
2.36,2615
2.36,2614
2.36,2613
2.37,2612
2.37,2611
2.37,2610
2.37,2609
2.37,2608
2.38,2607
2.38,2606
2.38,2605
2.38,2604
2.39,2603
2.39,2602
2.39,2601
2.39,2600
2.40,2599
2.40,2598
2.40,2597
2.40,2596
2.41,2595
2.41,2594
2.41,2593
2.41,2592
2.42,2591
2.42,2590
2.42,2589
2.42,2588
2.42,2587
2.43,2586
2.43,2585
2.43,2584
2.43,2583
2.44,2582
2.44,2581
2.44,2580
2.44,2579
2.44,2578
2.45,2577
2.45,2576
2.45,2575
2.45,2574
2.46,2573
2.46,2572
2.46,2571
2.46,2570
2.46,2569
2.47,2568
2.47,2567
2.47,2566
2.47,2565
2.48,2564
2.48,2563
2.48,2562
2.48,2561
2.49,2560
2.49,2559
2.49,2558
2.49,2557
2.49,2556
2.49,2555
2.50,2554
2.50,2553
2.50,2552
2.50,2551
2.50,2550
2.51,2549
2.51,2548
2.51,2547
2.51,2546
2.51,2545
2.51,2544
2.52,2543
2.52,2542
2.52,2541
2.52,2540
2.52,2539
2.53,2538
2.53,2537
2.53,2536
2.53,2535
2.53,2534
2.53,2533
2.54,2532
2.54,2531
2.54,2530
2.54,2529
2.54,2528
2.54,2527
2.55,2526
2.55,2525
2.55,2524
2.55,2523
2.55,2522
2.56,2521
2.56,2520
2.56,2519
2.56,2518
2.56,2517
2.56,2516
2.57,2515
2.57,2514
2.57,2513
2.57,2512
2.57,2511
2.58,2510
2.58,2509
2.58,2508
2.58,2507
2.58,2506
2.58,2505
2.59,2504
2.59,2503
2.59,2502
2.59,2501
2.59,2500
2.60,2499
2.60,2498
2.60,2497
2.60,2496
2.60,2495
2.60,2494
2.61,2493
2.61,2492
2.61,2491
2.61,2490
2.61,2489
2.62,2488
2.62,2487
2.62,2486
2.62,2485
2.62,2484
2.62,2483
2.63,2482
2.63,2481
2.63,2480
2.63,2479
2.63,2478
2.64,2477
2.64,2476
2.64,2475
2.64,2474
2.64,2473
2.64,2472
2.65,2471
2.65,2470
2.65,2469
2.65,2468
2.65,2467
2.66,2466
2.66,2465
2.66,2464
2.66,2463
2.66,2462
2.66,2461
2.67,2460
2.67,2459
2.67,2458
2.67,2457
2.67,2456
2.68,2455
2.68,2454
2.68,2453
2.68,2452
2.68,2451
2.68,2450
2.69,2449
2.69,2448
2.69,2447
2.69,2446
2.69,2445
2.69,2444
2.70,2443
2.70,2442
2.70,2441
2.70,2440
2.70,2439
2.70,2438
2.71,2437
2.71,2436
2.71,2435
2.71,2434
2.71,2433
2.72,2432
2.72,2431
2.72,2430
2.72,2429
2.72,2428
2.72,2427
2.73,2426
2.73,2425
2.73,2424
2.73,2423
2.73,2422
2.73,2421
2.74,2420
2.74,2419
2.74,2418
2.74,2417
2.74,2416
2.75,2415
2.75,2414
2.75,2413
2.75,2412
2.75,2411
2.75,2410
2.76,2409
2.76,2408
2.76,2407
2.76,2406
2.76,2405
2.76,2404
2.77,2403
2.77,2402
2.77,2401
2.77,2400
2.77,2399
2.77,2398
2.78,2397
2.78,2396
2.78,2395
2.78,2394
2.78,2393
2.78,2392
2.79,2391
2.79,2390
2.79,2389
2.79,2388
2.79,2387
2.79,2386
2.80,2385
2.80,2384
2.80,2383
2.80,2382
2.80,2381
2.81,2380
2.81,2379
2.81,2378
2.81,2377
2.81,2376
2.81,2375
2.82,2374
2.82,2373
2.82,2372
2.82,2371
2.82,2370
2.82,2369
2.83,2368
2.83,2367
2.83,2366
2.83,2365
2.83,2364
2.83,2363
2.84,2362
2.84,2361
2.84,2360
2.84,2359
2.84,2358
2.86,2357
