0.10,3620
0.16,3619
0.18,3618
0.18,3617
0.19,3616
0.20,3615
0.21,3614
0.22,3613
0.22,3612
0.23,3611
0.24,3610
0.24,3609
0.25,3608
0.25,3607
0.26,3606
0.27,3605
0.27,3604
0.28,3603
0.28,3602
0.29,3601
0.29,3600
0.30,3599
0.30,3598
0.31,3597
0.32,3596
0.32,3595
0.33,3594
0.33,3593
0.34,3592
0.34,3591
0.35,3590
0.36,3589
0.36,3588
0.37,3587
0.37,3586
0.38,3585
0.38,3584
0.39,3583
0.39,3582
0.39,3581
0.40,3580
0.40,3579
0.41,3578
0.41,3577
0.41,3576
0.42,3575
0.42,3574
0.43,3573
0.43,3572
0.43,3571
0.43,3570
0.43,3569
0.44,3568
0.44,3567
0.44,3566
0.45,3565
0.45,3564
0.45,3563
0.45,3562
0.45,3561
0.46,3560
0.46,3559
0.46,3558
0.46,3557
0.46,3556
0.47,3555
0.47,3554
0.47,3553
0.47,3552
0.47,3551
0.48,3550
0.48,3549
0.48,3548
0.48,3547
0.48,3546
0.49,3545
0.49,3544
0.49,3543
0.49,3542
0.49,3541
0.50,3540
0.50,3539
0.50,3538
0.50,3537
0.51,3536
0.51,3535
0.51,3534
0.51,3533
0.51,3532
0.52,3531
0.52,3530
0.52,3529
0.52,3528
0.52,3527
0.53,3526
0.53,3525
0.53,3524
0.53,3523
0.53,3522
0.54,3521
0.54,3520
0.54,3519
0.54,3518
0.54,3517
0.55,3516
0.55,3515
0.55,3514
0.55,3513
0.55,3512
0.56,3511
0.56,3510
0.56,3509
0.56,3508
0.57,3507
0.57,3506
0.57,3505
0.57,3504
0.57,3503
0.58,3502
0.58,3501
0.58,3500
0.58,3499
0.58,3498
0.59,3497
0.59,3496
0.59,3495
0.59,3494
0.59,3493
0.60,3492
0.60,3491
0.60,3490
0.61,3489
0.61,3488
0.61,3487
0.61,3486
0.61,3485
0.62,3484
0.62,3483
0.62,3482
0.62,3481
0.62,3480
0.63,3479
0.63,3478
0.63,3477
0.63,3476
0.63,3475
0.64,3474
0.64,3473
0.64,3472
0.64,3471
0.64,3470
0.65,3469
0.65,3468
0.65,3467
0.65,3466
0.65,3465
0.66,3464
0.66,3463
0.66,3462
0.66,3461
0.66,3460
0.67,3459
0.67,3458
0.67,3457
0.67,3456
0.67,3455
0.68,3454
0.68,3453
0.68,3452
0.68,3451
0.68,3450
0.69,3449
0.69,3448
0.69,3447
0.69,3446
0.70,3445
0.70,3444
0.70,3443
0.70,3442
0.70,3441
0.70,3440
0.71,3439
0.71,3438
0.71,3437
0.71,3436
0.71,3435
0.72,3434
0.72,3433
0.72,3432
0.72,3431
0.72,3430
0.73,3429
0.73,3428
0.73,3427
0.73,3426
0.73,3425
0.74,3424
0.74,3423
0.74,3422
0.74,3421
0.74,3420
0.75,3419
0.75,3418
0.75,3417
0.75,3416
0.75,3415
0.76,3414
0.76,3413
0.76,3412
0.76,3411
0.76,3410
0.77,3409
0.77,3408
0.77,3407
0.77,3406
0.78,3405
0.78,3404
0.78,3403
0.78,3402
0.79,3401
0.79,3400
0.79,3399
0.79,3398
0.79,3397
0.80,3396
0.80,3395
0.80,3394
0.80,3393
0.80,3392
0.81,3391
0.81,3390
0.81,3389
0.81,3388
0.82,3387
0.82,3386
0.82,3385
0.82,3384
0.82,3383
0.83,3382
0.83,3381
0.83,3380
0.83,3379
0.83,3378
0.84,3377
0.84,3376
0.84,3375
0.84,3374
0.85,3373
0.85,3372
0.85,3371
0.85,3370
0.85,3369
0.86,3368
0.86,3367
0.86,3366
0.86,3365
0.86,3364
0.87,3363
0.87,3362
0.87,3361
0.87,3360
0.88,3359
0.88,3358
0.88,3357
0.88,3356
0.88,3355
0.89,3354
0.89,3353
0.89,3352
0.89,3351
0.89,3350
0.90,3349
0.90,3348
0.90,3347
0.90,3346
0.90,3345
0.91,3344
0.91,3343
0.91,3342
0.91,3341
0.92,3340
0.92,3339
0.92,3338
0.92,3337
0.92,3336
0.93,3335
0.93,3334
0.93,3333
0.93,3332
0.93,3331
0.94,3330
0.94,3329
0.94,3328
0.94,3327
0.94,3326
0.95,3325
0.95,3324
0.95,3323
0.96,3322
0.96,3321
0.96,3320
0.96,3319
0.96,3318
0.96,3317
0.97,3316
0.97,3315
0.97,3314
0.97,3313
0.98,3312
0.98,3311
0.98,3310
0.98,3309
0.98,3308
0.99,3307
0.99,3306
0.99,3305
0.99,3304
0.99,3303
1.00,3302
1.00,3301
1.00,3300
1.00,3299
1.01,3298
1.01,3297
1.01,3296
1.01,3295
1.01,3294
1.02,3293
1.02,3292
1.02,3291
1.02,3290
1.02,3289
1.03,3288
1.03,3287
1.03,3286
1.03,3285
1.04,3284
1.04,3283
1.04,3282
1.04,3281
1.04,3280
1.05,3279
1.05,3278
1.05,3277
1.05,3276
1.05,3275
1.06,3274
1.06,3273
1.06,3272
1.06,3271
1.06,3270
1.07,3269
1.07,3268
1.07,3267
1.07,3266
1.07,3265
1.08,3264
1.08,3263
1.08,3262
1.08,3261
1.08,3260
1.09,3259
1.09,3258
1.09,3257
1.09,3256
1.09,3255
1.09,3254
1.10,3253
1.10,3252
1.10,3251
1.10,3250
1.11,3249
1.11,3248
1.11,3247
1.11,3246
1.11,3245
1.12,3244
1.12,3243
1.12,3242
1.12,3241
1.12,3240
1.13,3239
1.13,3238
1.13,3237
1.13,3236
1.13,3235
1.14,3234
1.14,3233
1.14,3232
1.14,3231
1.14,3230
1.15,3229
1.15,3228
1.15,3227
1.15,3226
1.16,3225
1.16,3224
1.16,3223
1.16,3222
1.17,3221
1.17,3220
1.17,3219
1.17,3218
1.18,3217
1.18,3216
1.18,3215
1.18,3214
1.19,3213
1.19,3212
1.19,3211
1.19,3210
1.20,3209
1.20,3208
1.20,3207
1.20,3206
1.21,3205
1.21,3204
1.21,3203
1.21,3202
1.22,3201
1.22,3200
1.22,3199
1.22,3198
1.23,3197
1.23,3196
1.23,3195
1.23,3194
1.24,3193
1.24,3192
1.24,3191
1.24,3190
1.25,3189
1.25,3188
1.25,3187
1.25,3186
1.26,3185
1.26,3184
1.26,3183
1.27,3182
1.27,3181
1.27,3180
1.27,3179
1.28,3178
1.28,3177
1.28,3176
1.28,3175
1.29,3174
1.29,3173
1.29,3172
1.29,3171
1.30,3170
1.30,3169
1.30,3168
1.30,3167
1.31,3166
1.31,3165
1.31,3164
1.31,3163
1.32,3162
1.32,3161
1.32,3160
1.32,3159
1.33,3158
1.33,3157
1.33,3156
1.33,3155
1.34,3154
1.34,3153
1.34,3152
1.35,3151
1.35,3150
1.35,3149
1.35,3148
1.35,3147
1.36,3146
1.36,3145
1.36,3144
1.36,3143
1.36,3142
1.37,3141
1.37,3140
1.37,3139
1.37,3138
1.37,3137
1.38,3136
1.38,3135
1.38,3134
1.38,3133
1.38,3132
1.39,3131
1.39,3130
1.39,3129
1.39,3128
1.39,3127
1.40,3126
1.40,3125
1.40,3124
1.40,3123
1.40,3122
1.41,3121
1.41,3120
1.41,3119
1.41,3118
1.41,3117
1.42,3116
1.42,3115
1.42,3114
1.42,3113
1.42,3112
1.43,3111
1.43,3110
1.43,3109
1.43,3108
1.43,3107
1.44,3106
1.44,3105
1.44,3104
1.44,3103
1.44,3102
1.45,3101
1.45,3100
1.45,3099
1.45,3098
1.46,3097
1.46,3096
1.46,3095
1.47,3094
1.47,3093
1.47,3092
1.47,3091
1.47,3090
1.48,3089
1.48,3088
1.48,3087
1.48,3086
1.49,3085
1.49,3084
1.49,3083
1.49,3082
1.50,3081
1.50,3080
1.50,3079
1.50,3078
1.50,3077
1.51,3076
1.51,3075
1.51,3074
1.51,3073
1.52,3072
1.52,3071
1.52,3070
1.53,3069
1.53,3068
1.53,3067
1.53,3066
1.53,3065
1.54,3064
1.54,3063
1.54,3062
1.54,3061
1.54,3060
1.55,3059
1.55,3058
1.55,3057
1.55,3056
1.55,3055
1.56,3054
1.56,3053
1.56,3052
1.56,3051
1.56,3050
1.57,3049
1.57,3048
1.57,3047
1.57,3046
1.57,3045
1.58,3044
1.58,3043
1.58,3042
1.58,3041
1.58,3040
1.59,3039
1.59,3038
1.59,3037
1.59,3036
1.59,3035
1.60,3034
1.60,3033
1.60,3032
1.60,3031
1.60,3030
1.61,3029
1.61,3028
1.61,3027
1.61,3026
1.61,3025
1.62,3024
1.62,3023
1.62,3022
1.62,3021
1.62,3020
1.63,3019
1.63,3018
1.63,3017
1.63,3016
1.63,3015
1.64,3014
1.64,3013
1.64,3012
1.64,3011
1.64,3010
1.65,3009
1.65,3008
1.65,3007
1.65,3006
1.65,3005
1.66,3004
1.66,3003
1.66,3002
1.66,3001
1.66,3000
1.67,2999
1.67,2998
1.67,2997
1.67,2996
1.67,2995
1.68,2994
1.68,2993
1.68,2992
1.68,2991
1.68,2990
1.69,2989
1.69,2988
1.69,2987
1.69,2986
1.69,2985
1.70,2984
1.70,2983
1.70,2982
1.70,2981
1.71,2980
1.71,2979
1.71,2978
1.71,2977
1.71,2976
1.72,2975
1.72,2974
1.72,2973
1.72,2972
1.72,2971
1.73,2970
1.73,2969
1.73,2968
1.73,2967
1.73,2966
1.74,2965
1.74,2964
1.74,2963
1.74,2962
1.74,2961
1.74,2960
1.75,2959
1.75,2958
1.75,2957
1.75,2956
1.75,2955
1.76,2954
1.76,2953
1.76,2952
1.76,2951
1.76,2950
1.77,2949
1.77,2948
1.77,2947
1.77,2946
1.77,2945
1.78,2944
1.78,2943
1.78,2942
1.78,2941
1.78,2940
1.78,2939
1.79,2938
1.79,2937
1.79,2936
1.79,2935
1.79,2934
1.80,2933
1.80,2932
1.80,2931
1.80,2930
1.80,2929
1.81,2928
1.81,2927
1.81,2926
1.81,2925
1.81,2924
1.81,2923
1.82,2922
1.82,2921
1.82,2920
1.82,2919
1.82,2918
1.83,2917
1.83,2916
1.83,2915
1.83,2914
1.83,2913
1.84,2912
1.84,2911
1.84,2910
1.84,2909
1.84,2908
1.84,2907
1.85,2906
1.85,2905
1.85,2904
1.85,2903
1.85,2902
1.86,2901
1.86,2900
1.86,2899
1.86,2898
1.86,2897
1.87,2896
1.87,2895
1.87,2894
1.87,2893
1.87,2892
1.88,2891
1.88,2890
1.88,2889
1.88,2888
1.88,2887
1.88,2886
1.89,2885
1.89,2884
1.89,2883
1.89,2882
1.89,2881
1.90,2880
1.90,2879
1.90,2878
1.90,2877
1.90,2876
1.90,2875
1.91,2874
1.91,2873
1.91,2872
1.91,2871
1.91,2870
1.92,2869
1.92,2868
1.92,2867
1.92,2866
1.92,2865
1.93,2864
1.93,2863
1.93,2862
1.93,2861
1.93,2860
1.94,2859
1.94,2858
1.94,2857
1.94,2856
1.94,2855
1.94,2854
1.95,2853
1.95,2852
1.95,2851
1.95,2850
1.95,2849
1.96,2848
1.96,2847
1.96,2846
1.96,2845
1.96,2844
1.96,2843
1.97,2842
1.97,2841
1.97,2840
1.97,2839
1.97,2838
1.98,2837
1.98,2836
1.98,2835
1.98,2834
1.98,2833
1.99,2832
1.99,2831
1.99,2830
1.99,2829
1.99,2828
2.00,2827
2.00,2826
2.00,2825
2.00,2824
2.00,2823
2.00,2822
2.01,2821
2.01,2820
2.01,2819
2.01,2818
2.01,2817
2.02,2816
2.02,2815
2.02,2814
2.02,2813
2.02,2812
2.03,2811
2.03,2810
2.03,2809
2.03,2808
2.03,2807
2.03,2806
2.04,2805
2.04,2804
2.04,2803
2.05,2802
2.05,2801
2.05,2800
2.05,2799
2.05,2798
2.06,2797
2.06,2796
2.06,2795
2.06,2794
2.06,2793
2.07,2792
2.07,2791
2.07,2790
2.07,2789
2.07,2788
2.08,2787
2.08,2786
2.08,2785
2.08,2784
2.08,2783
2.09,2782
2.09,2781
2.09,2780
2.09,2779
2.09,2778
2.10,2777
2.10,2776
2.10,2775
2.10,2774
2.10,2773
2.10,2772
2.11,2771
2.11,2770
2.11,2769
2.11,2768
2.11,2767
2.12,2766
2.12,2765
2.12,2764
2.12,2763
2.12,2762
2.13,2761
2.13,2760
2.13,2759
2.13,2758
2.13,2757
2.14,2756
2.14,2755
2.14,2754
2.14,2753
2.14,2752
2.15,2751
2.15,2750
2.15,2749
2.15,2748
2.15,2747
2.16,2746
2.16,2745
2.16,2744
2.16,2743
2.16,2742
2.17,2741
2.17,2740
2.17,2739
2.17,2738
2.17,2737
2.18,2736
2.18,2735
2.18,2734
2.18,2733
2.18,2732
2.19,2731
2.19,2730
2.19,2729
2.19,2728
2.19,2727
2.19,2726
2.20,2725
2.20,2724
2.20,2723
2.20,2722
2.20,2721
2.21,2720
2.21,2719
2.21,2718
2.21,2717
2.21,2716
2.22,2715
2.22,2714
2.22,2713
2.22,2712
2.22,2711
2.23,2710
2.23,2709
2.23,2708
2.23,2707
2.23,2706
2.23,2705
2.24,2704
2.24,2703
2.24,2702
2.24,2701
2.24,2700
2.25,2699
2.25,2698
2.25,2697
2.25,2696
2.25,2695
2.26,2694
2.26,2693
2.26,2692
2.26,2691
2.26,2690
2.26,2689
2.27,2688
2.27,2687
2.27,2686
2.27,2685
2.27,2684
2.28,2683
2.28,2682
2.28,2681
2.28,2680
2.28,2679
2.29,2678
2.29,2677
2.29,2676
2.29,2675
2.29,2674
2.30,2673
2.30,2672
2.30,2671
2.30,2670
2.30,2669
2.31,2668
2.31,2667
2.31,2666
2.31,2665
2.31,2664
2.32,2663
2.32,2662
2.32,2661
2.32,2660
2.32,2659
2.33,2658
2.33,2657
2.33,2656
2.33,2655
2.33,2654
2.34,2653
2.34,2652
2.34,2651
2.34,2650
2.34,2649
2.35,2648
2.35,2647
2.35,2646
2.35,2645
2.35,2644
2.35,2643
2.36,2642
2.36,2641
2.36,2640
2.36,2639
2.36,2638
2.37,2637
2.37,2636
2.37,2635
2.37,2634
2.37,2633
2.38,2632
2.38,2631
2.38,2630
2.38,2629
2.38,2628
2.39,2627
2.39,2626
2.39,2625
2.39,2624
2.39,2623
2.40,2622
2.40,2621
2.40,2620
2.40,2619
2.40,2618
2.41,2617
2.41,2616
2.41,2615
2.41,2614
2.41,2613
2.41,2612
2.42,2611
2.42,2610
2.42,2609
2.42,2608
2.42,2607
2.43,2606
2.43,2605
2.43,2604
2.43,2603
2.43,2602
2.44,2601
2.44,2600
2.44,2599
2.44,2598
2.44,2597
2.45,2596
2.45,2595
2.45,2594
2.45,2593
2.45,2592
2.46,2591
2.46,2590
2.46,2589
2.46,2588
2.46,2587
2.47,2586
2.47,2585
2.47,2584
2.47,2583
2.47,2582
2.48,2581
2.48,2580
2.48,2579
2.48,2578
2.48,2577
2.48,2576
2.49,2575
2.49,2574
2.49,2573
2.49,2572
2.49,2571
2.50,2570
2.50,2569
2.50,2568
2.50,2567
2.50,2566
2.51,2565
2.51,2564
2.51,2563
2.51,2562
2.51,2561
2.52,2560
2.52,2559
2.52,2558
2.52,2557
2.52,2556
2.52,2555
2.53,2554
2.53,2553
2.53,2552
2.53,2551
2.53,2550
2.54,2549
2.54,2548
2.54,2547
2.54,2546
2.54,2545
2.55,2544
2.55,2543
2.55,2542
2.55,2541
2.55,2540
2.56,2539
2.56,2538
2.56,2537
2.56,2536
2.56,2535
2.57,2534
2.57,2533
2.57,2532
2.57,2531
2.57,2530
2.58,2529
2.58,2528
2.58,2527
2.58,2526
2.58,2525
2.58,2524
2.59,2523
2.59,2522
2.59,2521
2.59,2520
2.59,2519
2.60,2518
2.60,2517
2.60,2516
2.60,2515
2.60,2514
2.61,2513
2.61,2512
2.61,2511
2.61,2510
2.61,2509
2.62,2508
2.62,2507
2.62,2506
2.62,2505
2.62,2504
2.62,2503
2.63,2502
2.63,2501
2.63,2500
2.63,2499
2.63,2498
2.64,2497
2.64,2496
2.64,2495
2.64,2494
2.64,2493
2.65,2492
2.65,2491
2.65,2490
2.65,2489
2.65,2488
2.66,2487
2.66,2486
2.66,2485
2.66,2484
2.66,2483
2.66,2482
2.67,2481
2.67,2480
2.67,2479
2.67,2478
2.67,2477
2.68,2476
2.68,2475
2.68,2474
2.68,2473
2.68,2472
2.69,2471
2.69,2470
2.69,2469
2.69,2468
2.69,2467
2.70,2466
2.70,2465
2.70,2464
2.70,2463
2.70,2462
2.70,2461
2.71,2460
2.71,2459
2.71,2458
2.71,2457
2.71,2456
2.72,2455
2.72,2454
2.72,2453
2.72,2452
2.72,2451
2.73,2450
2.73,2449
2.73,2448
2.73,2447
2.73,2446
2.74,2445
2.74,2444
2.74,2443
2.74,2442
2.74,2441
2.74,2440
2.75,2439
2.75,2438
2.75,2437
2.75,2436
2.75,2435
2.76,2434
2.76,2433
2.76,2432
2.76,2431
2.76,2430
2.77,2429
2.77,2428
2.77,2427
2.77,2426
2.77,2425
2.77,2424
2.78,2423
2.78,2422
2.78,2421
2.78,2420
2.78,2419
2.79,2418
2.79,2417
2.79,2416
2.79,2415
2.79,2414
2.80,2413
2.80,2412
2.80,2411
2.80,2410
2.80,2409
2.80,2408
2.81,2407
2.81,2406
2.81,2405
2.81,2404
2.81,2403
2.82,2402
2.82,2401
2.82,2400
2.82,2399
2.82,2398
2.83,2397
2.83,2396
2.83,2395
2.83,2394
2.83,2393
2.84,2392
2.84,2391
2.84,2390
2.84,2389
2.84,2388
2.85,2387
2.85,2386
2.85,2385
2.85,2384
2.85,2383
2.85,2382
2.86,2381
2.86,2380
2.86,2379
2.86,2378
2.86,2377
2.87,2376
