0.10,3694
0.16,3693
0.17,3692
0.18,3691
0.19,3690
0.20,3689
0.21,3688
0.21,3687
0.22,3686
0.23,3685
0.23,3684
0.24,3683
0.24,3682
0.25,3681
0.25,3680
0.26,3679
0.26,3678
0.27,3677
0.27,3676
0.28,3675
0.29,3674
0.29,3673
0.30,3672
0.30,3671
0.31,3670
0.31,3669
0.32,3668
0.32,3667
0.33,3666
0.33,3665
0.34,3664
0.35,3663
0.35,3662
0.35,3661
0.36,3660
0.36,3659
0.37,3658
0.37,3657
0.38,3656
0.38,3655
0.38,3654
0.39,3653
0.39,3652
0.39,3651
0.40,3650
0.40,3649
0.41,3648
0.41,3647
0.41,3646
0.41,3645
0.41,3644
0.42,3643
0.42,3642
0.42,3641
0.42,3640
0.43,3639
0.43,3638
0.43,3637
0.43,3636
0.43,3635
0.44,3634
0.44,3633
0.44,3632
0.44,3631
0.44,3630
0.45,3629
0.45,3628
0.45,3627
0.45,3626
0.45,3625
0.46,3624
0.46,3623
0.46,3622
0.46,3621
0.47,3620
0.47,3619
0.47,3618
0.47,3617
0.47,3616
0.48,3615
0.48,3614
0.48,3613
0.48,3612
0.49,3611
0.49,3610
0.49,3609
0.49,3608
0.50,3607
0.50,3606
0.50,3605
0.50,3604
0.51,3603
0.51,3602
0.51,3601
0.51,3600
0.52,3599
0.52,3598
0.52,3597
0.52,3596
0.53,3595
0.53,3594
0.53,3593
0.53,3592
0.54,3591
0.54,3590
0.54,3589
0.54,3588
0.55,3587
0.55,3586
0.55,3585
0.55,3584
0.55,3583
0.56,3582
0.56,3581
0.56,3580
0.56,3579
0.57,3578
0.57,3577
0.57,3576
0.57,3575
0.57,3574
0.58,3573
0.58,3572
0.58,3571
0.58,3570
0.58,3569
0.59,3568
0.59,3567
0.59,3566
0.60,3565
0.60,3564
0.60,3563
0.60,3562
0.60,3561
0.61,3560
0.61,3559
0.61,3558
0.61,3557
0.61,3556
0.62,3555
0.62,3554
0.62,3553
0.62,3552
0.62,3551
0.63,3550
0.63,3549
0.63,3548
0.63,3547
0.63,3546
0.64,3545
0.64,3544
0.64,3543
0.64,3542
0.64,3541
0.65,3540
0.65,3539
0.65,3538
0.65,3537
0.65,3536
0.66,3535
0.66,3534
0.66,3533
0.66,3532
0.66,3531
0.67,3530
0.67,3529
0.67,3528
0.67,3527
0.67,3526
0.68,3525
0.68,3524
0.68,3523
0.68,3522
0.68,3521
0.69,3520
0.69,3519
0.69,3518
0.69,3517
0.69,3516
0.70,3515
0.70,3514
0.70,3513
0.70,3512
0.71,3511
0.71,3510
0.71,3509
0.71,3508
0.71,3507
0.72,3506
0.72,3505
0.72,3504
0.72,3503
0.72,3502
0.73,3501
0.73,3500
0.73,3499
0.73,3498
0.74,3497
0.74,3496
0.74,3495
0.74,3494
0.74,3493
0.75,3492
0.75,3491
0.75,3490
0.75,3489
0.75,3488
0.76,3487
0.76,3486
0.76,3485
0.76,3484
0.77,3483
0.77,3482
0.77,3481
0.77,3480
0.78,3479
0.78,3478
0.78,3477
0.78,3476
0.78,3475
0.79,3474
0.79,3473
0.79,3472
0.79,3471
0.79,3470
0.80,3469
0.80,3468
0.80,3467
0.80,3466
0.81,3465
0.81,3464
0.81,3463
0.81,3462
0.81,3461
0.82,3460
0.82,3459
0.82,3458
0.82,3457
0.82,3456
0.83,3455
0.83,3454
0.83,3453
0.83,3452
0.84,3451
0.84,3450
0.84,3449
0.84,3448
0.85,3447
0.85,3446
0.85,3445
0.85,3444
0.85,3443
0.86,3442
0.86,3441
0.86,3440
0.86,3439
0.87,3438
0.87,3437
0.87,3436
0.87,3435
0.87,3434
0.88,3433
0.88,3432
0.88,3431
0.88,3430
0.88,3429
0.89,3428
0.89,3427
0.89,3426
0.89,3425
0.89,3424
0.90,3423
0.90,3422
0.90,3421
0.90,3420
0.90,3419
0.91,3418
0.91,3417
0.91,3416
0.91,3415
0.91,3414
0.92,3413
0.92,3412
0.92,3411
0.92,3410
0.92,3409
0.93,3408
0.93,3407
0.93,3406
0.93,3405
0.93,3404
0.94,3403
0.94,3402
0.94,3401
0.94,3400
0.95,3399
0.95,3398
0.95,3397
0.96,3396
0.96,3395
0.96,3394
0.96,3393
0.96,3392
0.97,3391
0.97,3390
0.97,3389
0.97,3388
0.97,3387
0.98,3386
0.98,3385
0.98,3384
0.98,3383
0.98,3382
0.99,3381
0.99,3380
0.99,3379
0.99,3378
0.99,3377
1.00,3376
1.00,3375
1.00,3374
1.00,3373
1.00,3372
1.01,3371
1.01,3370
1.01,3369
1.01,3368
1.01,3367
1.02,3366
1.02,3365
1.02,3364
1.02,3363
1.02,3362
1.03,3361
1.03,3360
1.03,3359
1.03,3358
1.03,3357
1.04,3356
1.04,3355
1.04,3354
1.04,3353
1.04,3352
1.05,3351
1.05,3350
1.05,3349
1.05,3348
1.05,3347
1.06,3346
1.06,3345
1.06,3344
1.06,3343
1.06,3342
1.07,3341
1.07,3340
1.07,3339
1.07,3338
1.07,3337
1.08,3336
1.08,3335
1.08,3334
1.08,3333
1.08,3332
1.09,3331
1.09,3330
1.09,3329
1.09,3328
1.09,3327
1.10,3326
1.10,3325
1.10,3324
1.10,3323
1.10,3322
1.11,3321
1.11,3320
1.11,3319
1.11,3318
1.11,3317
1.12,3316
1.12,3315
1.12,3314
1.12,3313
1.12,3312
1.13,3311
1.13,3310
1.13,3309
1.13,3308
1.14,3307
1.14,3306
1.14,3305
1.14,3304
1.15,3303
1.15,3302
1.15,3301
1.15,3300
1.15,3299
1.16,3298
1.16,3297
1.16,3296
1.16,3295
1.17,3294
1.17,3293
1.17,3292
1.17,3291
1.18,3290
1.18,3289
1.18,3288
1.18,3287
1.19,3286
1.19,3285
1.19,3284
1.19,3283
1.20,3282
1.20,3281
1.20,3280
1.20,3279
1.20,3278
1.21,3277
1.21,3276
1.21,3275
1.21,3274
1.22,3273
1.22,3272
1.22,3271
1.22,3270
1.23,3269
1.23,3268
1.23,3267
1.23,3266
1.24,3265
1.24,3264
1.24,3263
1.24,3262
1.25,3261
1.25,3260
1.25,3259
1.25,3258
1.26,3257
1.26,3256
1.26,3255
1.26,3254
1.26,3253
1.27,3252
1.27,3251
1.27,3250
1.27,3249
1.28,3248
1.28,3247
1.28,3246
1.28,3245
1.29,3244
1.29,3243
1.29,3242
1.29,3241
1.30,3240
1.30,3239
1.30,3238
1.30,3237
1.31,3236
1.31,3235
1.31,3234
1.31,3233
1.32,3232
1.32,3231
1.32,3230
1.33,3229
1.33,3228
1.33,3227
1.33,3226
1.33,3225
1.34,3224
1.34,3223
1.34,3222
1.34,3221
1.34,3220
1.34,3219
1.35,3218
1.35,3217
1.35,3216
1.35,3215
1.35,3214
1.36,3213
1.36,3212
1.36,3211
1.36,3210
1.36,3209
1.37,3208
1.37,3207
1.37,3206
1.37,3205
1.37,3204
1.38,3203
1.38,3202
1.38,3201
1.38,3200
1.38,3199
1.39,3198
1.39,3197
1.39,3196
1.39,3195
1.39,3194
1.39,3193
1.40,3192
1.40,3191
1.40,3190
1.40,3189
1.41,3188
1.41,3187
1.41,3186
1.41,3185
1.41,3184
1.42,3183
1.42,3182
1.42,3181
1.42,3180
1.42,3179
1.43,3178
1.43,3177
1.43,3176
1.43,3175
1.43,3174
1.43,3173
1.44,3172
1.44,3171
1.44,3170
1.44,3169
1.44,3168
1.45,3167
1.45,3166
1.45,3165
1.45,3164
1.45,3163
1.46,3162
1.46,3161
1.46,3160
1.46,3159
1.46,3158
1.47,3157
1.47,3156
1.47,3155
1.47,3154
1.47,3153
1.48,3152
1.48,3151
1.48,3150
1.48,3149
1.48,3148
1.48,3147
1.49,3146
1.49,3145
1.49,3144
1.49,3143
1.49,3142
1.50,3141
1.50,3140
1.50,3139
1.50,3138
1.50,3137
1.51,3136
1.51,3135
1.51,3134
1.51,3133
1.51,3132
1.52,3131
1.52,3130
1.52,3129
1.52,3128
1.52,3127
1.53,3126
1.53,3125
1.53,3124
1.53,3123
1.53,3122
1.54,3121
1.54,3120
1.54,3119
1.54,3118
1.54,3117
1.55,3116
1.55,3115
1.55,3114
1.55,3113
1.55,3112
1.56,3111
1.56,3110
1.56,3109
1.56,3108
1.56,3107
1.57,3106
1.57,3105
1.57,3104
1.57,3103
1.57,3102
1.58,3101
1.58,3100
1.58,3099
1.58,3098
1.58,3097
1.58,3096
1.59,3095
1.59,3094
1.59,3093
1.59,3092
1.59,3091
1.60,3090
1.60,3089
1.60,3088
1.60,3087
1.60,3086
1.61,3085
1.61,3084
1.61,3083
1.61,3082
1.61,3081
1.62,3080
1.62,3079
1.62,3078
1.62,3077
1.62,3076
1.63,3075
1.63,3074
1.63,3073
1.63,3072
1.63,3071
1.64,3070
1.64,3069
1.64,3068
1.64,3067
1.64,3066
1.65,3065
1.65,3064
1.65,3063
1.65,3062
1.65,3061
1.65,3060
1.66,3059
1.66,3058
1.66,3057
1.67,3056
1.67,3055
1.67,3054
1.67,3053
1.67,3052
1.68,3051
1.68,3050
1.68,3049
1.68,3048
1.68,3047
1.69,3046
1.69,3045
1.69,3044
1.69,3043
1.69,3042
1.69,3041
1.70,3040
1.70,3039
1.70,3038
1.70,3037
1.70,3036
1.71,3035
1.71,3034
1.71,3033
1.71,3032
1.71,3031
1.72,3030
1.72,3029
1.72,3028
1.72,3027
1.72,3026
1.73,3025
1.73,3024
1.73,3023
1.73,3022
1.73,3021
1.74,3020
1.74,3019
1.74,3018
1.74,3017
1.74,3016
1.75,3015
1.75,3014
1.75,3013
1.75,3012
1.75,3011
1.76,3010
1.76,3009
1.76,3008
1.76,3007
1.76,3006
1.77,3005
1.77,3004
1.77,3003
1.77,3002
1.77,3001
1.78,3000
1.78,2999
1.78,2998
1.78,2997
1.78,2996
1.78,2995
1.79,2994
1.79,2993
1.79,2992
1.79,2991
1.79,2990
1.80,2989
1.80,2988
1.80,2987
1.80,2986
1.80,2985
1.81,2984
1.81,2983
1.81,2982
1.81,2981
1.81,2980
1.82,2979
1.82,2978
1.82,2977
1.82,2976
1.82,2975
1.83,2974
1.83,2973
1.83,2972
1.83,2971
1.83,2970
1.84,2969
1.84,2968
1.84,2967
1.84,2966
1.84,2965
1.85,2964
1.85,2963
1.85,2962
1.85,2961
1.85,2960
1.86,2959
1.86,2958
1.86,2957
1.86,2956
1.86,2955
1.86,2954
1.87,2953
1.87,2952
1.87,2951
1.87,2950
1.87,2949
1.88,2948
1.88,2947
1.88,2946
1.88,2945
1.88,2944
1.89,2943
1.89,2942
1.89,2941
1.89,2940
1.89,2939
1.90,2938
1.90,2937
1.90,2936
1.90,2935
1.90,2934
1.91,2933
1.91,2932
1.91,2931
1.91,2930
1.91,2929
1.92,2928
1.92,2927
1.92,2926
1.92,2925
1.92,2924
1.92,2923
1.93,2922
1.93,2921
1.93,2920
1.93,2919
1.93,2918
1.94,2917
1.94,2916
1.94,2915
1.94,2914
1.94,2913
1.95,2912
1.95,2911
1.95,2910
1.95,2909
1.95,2908
1.96,2907
1.96,2906
1.96,2905
1.96,2904
1.96,2903
1.97,2902
1.97,2901
1.97,2900
1.97,2899
1.97,2898
1.97,2897
1.98,2896
1.98,2895
1.98,2894
1.98,2893
1.98,2892
1.99,2891
1.99,2890
1.99,2889
1.99,2888
1.99,2887
2.00,2886
2.00,2885
2.00,2884
2.01,2883
2.01,2882
2.01,2881
2.01,2880
2.01,2879
2.01,2878
2.02,2877
2.02,2876
2.02,2875
2.02,2874
2.02,2873
2.03,2872
2.03,2871
2.03,2870
2.03,2869
2.03,2868
2.04,2867
2.04,2866
2.04,2865
2.04,2864
2.04,2863
2.05,2862
2.05,2861
2.05,2860
2.05,2859
2.05,2858
2.06,2857
2.06,2856
2.06,2855
2.06,2854
2.06,2853
2.07,2852
2.07,2851
2.07,2850
2.07,2849
2.07,2848
2.07,2847
2.08,2846
2.08,2845
2.08,2844
2.08,2843
2.08,2842
2.09,2841
2.09,2840
2.09,2839
2.09,2838
2.09,2837
2.10,2836
2.10,2835
2.10,2834
2.10,2833
2.10,2832
2.11,2831
2.11,2830
2.11,2829
2.11,2828
2.11,2827
2.12,2826
2.12,2825
2.12,2824
2.12,2823
2.12,2822
2.13,2821
2.13,2820
2.13,2819
2.13,2818
2.13,2817
2.13,2816
2.14,2815
2.14,2814
2.14,2813
2.14,2812
2.14,2811
2.15,2810
2.15,2809
2.15,2808
2.15,2807
2.15,2806
2.16,2805
2.16,2804
2.16,2803
2.16,2802
2.16,2801
2.17,2800
2.17,2799
2.17,2798
2.17,2797
2.17,2796
2.18,2795
2.18,2794
2.18,2793
2.18,2792
2.18,2791
2.19,2790
2.19,2789
2.19,2788
2.19,2787
2.19,2786
2.19,2785
2.20,2784
2.20,2783
2.20,2782
2.20,2781
2.20,2780
2.21,2779
2.21,2778
2.21,2777
2.21,2776
2.21,2775
2.22,2774
2.22,2773
2.22,2772
2.22,2771
2.22,2770
2.23,2769
2.23,2768
2.23,2767
2.23,2766
2.23,2765
2.24,2764
2.24,2763
2.24,2762
2.24,2761
2.24,2760
2.25,2759
2.25,2758
2.25,2757
2.25,2756
2.25,2755
2.26,2754
2.26,2753
2.26,2752
2.26,2751
2.26,2750
2.27,2749
2.27,2748
2.27,2747
2.27,2746
2.27,2745
2.28,2744
2.28,2743
2.28,2742
2.28,2741
2.28,2740
2.29,2739
2.29,2738
2.29,2737
2.29,2736
2.29,2735
2.30,2734
2.30,2733
2.30,2732
2.30,2731
2.30,2730
2.31,2729
2.31,2728
2.31,2727
2.31,2726
2.31,2725
2.31,2724
2.32,2723
2.32,2722
2.32,2721
2.32,2720
2.32,2719
2.33,2718
2.33,2717
2.33,2716
2.33,2715
2.33,2714
2.34,2713
2.34,2712
2.34,2711
2.34,2710
2.34,2709
2.35,2708
2.35,2707
2.35,2706
2.35,2705
2.35,2704
2.36,2703
2.36,2702
2.36,2701
2.36,2700
2.36,2699
2.36,2698
2.37,2697
2.37,2696
2.37,2695
2.37,2694
2.37,2693
2.38,2692
2.38,2691
2.38,2690
2.38,2689
2.38,2688
2.39,2687
2.39,2686
2.39,2685
2.39,2684
2.39,2683
2.40,2682
2.40,2681
2.40,2680
2.40,2679
2.40,2678
2.41,2677
2.41,2676
2.41,2675
2.41,2674
2.41,2673
2.42,2672
2.42,2671
2.42,2670
2.42,2669
2.42,2668
2.42,2667
2.43,2666
2.43,2665
2.43,2664
2.43,2663
2.44,2662
2.44,2661
2.44,2660
2.44,2659
2.44,2658
2.45,2657
2.45,2656
2.45,2655
2.45,2654
2.45,2653
2.45,2652
2.46,2651
2.46,2650
2.46,2649
2.46,2648
2.46,2647
2.47,2646
2.47,2645
2.47,2644
2.47,2643
2.47,2642
2.48,2641
2.48,2640
2.48,2639
2.48,2638
2.48,2637
2.49,2636
2.49,2635
2.49,2634
2.49,2633
2.49,2632
2.49,2631
2.50,2630
2.50,2629
2.50,2628
2.50,2627
2.50,2626
2.51,2625
2.51,2624
2.51,2623
2.51,2622
2.51,2621
2.52,2620
2.52,2619
2.52,2618
2.52,2617
2.52,2616
2.52,2615
2.53,2614
2.53,2613
2.53,2612
2.53,2611
2.53,2610
2.54,2609
2.54,2608
2.54,2607
2.54,2606
2.54,2605
2.55,2604
2.55,2603
2.55,2602
2.55,2601
2.55,2600
2.56,2599
2.56,2598
2.56,2597
2.56,2596
2.56,2595
2.56,2594
2.57,2593
2.57,2592
2.57,2591
2.57,2590
2.57,2589
2.58,2588
2.58,2587
2.58,2586
2.58,2585
2.58,2584
2.59,2583
2.59,2582
2.59,2581
2.59,2580
2.59,2579
2.60,2578
2.60,2577
2.60,2576
2.60,2575
2.60,2574
2.61,2573
2.61,2572
2.61,2571
2.61,2570
2.61,2569
2.62,2568
2.62,2567
2.62,2566
2.62,2565
2.62,2564
2.62,2563
2.63,2562
2.63,2561
2.63,2560
2.63,2559
2.63,2558
2.64,2557
2.64,2556
2.64,2555
2.64,2554
2.64,2553
2.65,2552
2.65,2551
2.65,2550
2.65,2549
2.65,2548
2.65,2547
2.66,2546
2.66,2545
2.66,2544
2.66,2543
2.66,2542
2.67,2541
2.67,2540
2.67,2539
2.67,2538
2.67,2537
2.68,2536
2.68,2535
2.68,2534
2.68,2533
2.69,2532
2.69,2531
2.69,2530
2.69,2529
2.69,2528
2.69,2527
2.70,2526
2.70,2525
2.70,2524
2.70,2523
2.70,2522
2.71,2521
2.71,2520
2.71,2519
2.71,2518
2.71,2517
2.71,2516
2.72,2515
2.72,2514
2.72,2513
2.72,2512
2.72,2511
2.73,2510
2.73,2509
2.73,2508
2.73,2507
2.73,2506
2.74,2505
2.74,2504
2.74,2503
2.74,2502
2.74,2501
2.74,2500
2.75,2499
2.75,2498
2.75,2497
2.75,2496
2.75,2495
2.76,2494
2.76,2493
2.76,2492
2.76,2491
2.76,2490
2.77,2489
2.77,2488
2.77,2487
2.77,2486
2.77,2485
2.77,2484
2.78,2483
2.78,2482
2.78,2481
2.78,2480
2.78,2479
2.79,2478
2.79,2477
2.79,2476
2.79,2475
2.79,2474
2.80,2473
2.80,2472
2.80,2471
2.80,2470
2.80,2469
2.80,2468
2.81,2467
2.81,2466
2.81,2465
2.81,2464
2.81,2463
2.82,2462
2.82,2461
2.82,2460
2.82,2459
2.82,2458
2.82,2457
2.83,2456
2.83,2455
2.83,2454
2.83,2453
2.83,2452
2.84,2451
2.84,2450
2.84,2449
2.84,2448
2.84,2447
2.85,2446
2.85,2445
2.85,2444
2.85,2443
2.85,2442
2.85,2441
2.86,2440
2.86,2439
2.86,2438
2.86,2437
2.86,2436
2.87,2435
2.87,2434
2.87,2433
2.87,2432
2.87,2431
2.87,2430
2.88,2429
2.88,2428
2.88,2427
2.88,2426
2.88,2425
2.89,2424
2.89,2423
2.89,2422
2.89,2421
2.89,2420
2.90,2419
2.90,2418
2.90,2417
2.90,2416
2.90,2415
2.90,2414
2.91,2413
2.91,2412
2.91,2411
2.91,2410
2.91,2409
2.92,2408
2.92,2407
2.92,2406
2.92,2405
2.92,2404
2.92,2403
2.93,2402
2.93,2401
2.93,2400
2.93,2399
2.93,2398
2.94,2397
2.94,2396
2.94,2395
2.94,2394
2.94,2393
2.95,2392
2.95,2391
2.95,2390
2.95,2389
2.95,2388
2.95,2387
2.96,2386
2.96,2385
2.96,2384
2.96,2383
2.97,2382
