0.10,3664
0.17,3663
0.18,3662
0.19,3661
0.19,3660
0.20,3659
0.21,3658
0.22,3657
0.23,3656
0.23,3655
0.24,3654
0.24,3653
0.25,3652
0.25,3651
0.26,3650
0.27,3649
0.27,3648
0.28,3647
0.28,3646
0.29,3645
0.30,3644
0.30,3643
0.31,3642
0.31,3641
0.32,3640
0.32,3639
0.33,3638
0.33,3637
0.34,3636
0.34,3635
0.35,3634
0.36,3633
0.36,3632
0.37,3631
0.37,3630
0.38,3629
0.38,3628
0.38,3627
0.39,3626
0.39,3625
0.39,3624
0.40,3623
0.40,3622
0.41,3621
0.41,3620
0.41,3619
0.42,3618
0.42,3617
0.42,3616
0.43,3615
0.43,3614
0.43,3613
0.43,3612
0.44,3611
0.44,3610
0.44,3609
0.44,3608
0.45,3607
0.45,3606
0.45,3605
0.46,3604
0.46,3603
0.46,3602
0.46,3601
0.47,3600
0.47,3599
0.47,3598
0.47,3597
0.48,3596
0.48,3595
0.48,3594
0.48,3593
0.48,3592
0.49,3591
0.49,3590
0.49,3589
0.49,3588
0.50,3587
0.50,3586
0.50,3585
0.50,3584
0.50,3583
0.51,3582
0.51,3581
0.51,3580
0.51,3579
0.52,3578
0.52,3577
0.52,3576
0.52,3575
0.52,3574
0.53,3573
0.53,3572
0.53,3571
0.53,3570
0.54,3569
0.54,3568
0.54,3567
0.54,3566
0.54,3565
0.55,3564
0.55,3563
0.55,3562
0.55,3561
0.56,3560
0.56,3559
0.56,3558
0.56,3557
0.56,3556
0.57,3555
0.57,3554
0.57,3553
0.57,3552
0.58,3551
0.58,3550
0.58,3549
0.58,3548
0.58,3547
0.59,3546
0.59,3545
0.59,3544
0.59,3543
0.60,3542
0.60,3541
0.60,3540
0.60,3539
0.60,3538
0.61,3537
0.61,3536
0.61,3535
0.62,3534
0.62,3533
0.62,3532
0.62,3531
0.63,3530
0.63,3529
0.63,3528
0.63,3527
0.63,3526
0.64,3525
0.64,3524
0.64,3523
0.64,3522
0.64,3521
0.65,3520
0.65,3519
0.65,3518
0.65,3517
0.66,3516
0.66,3515
0.66,3514
0.66,3513
0.66,3512
0.67,3511
0.67,3510
0.67,3509
0.67,3508
0.68,3507
0.68,3506
0.68,3505
0.68,3504
0.68,3503
0.69,3502
0.69,3501
0.69,3500
0.69,3499
0.70,3498
0.70,3497
0.70,3496
0.70,3495
0.71,3494
0.71,3493
0.71,3492
0.71,3491
0.71,3490
0.72,3489
0.72,3488
0.72,3487
0.72,3486
0.73,3485
0.73,3484
0.73,3483
0.73,3482
0.73,3481
0.74,3480
0.74,3479
0.74,3478
0.74,3477
0.75,3476
0.75,3475
0.75,3474
0.75,3473
0.76,3472
0.76,3471
0.76,3470
0.76,3469
0.77,3468
0.77,3467
0.77,3466
0.77,3465
0.78,3464
0.78,3463
0.78,3462
0.78,3461
0.78,3460
0.79,3459
0.79,3458
0.79,3457
0.79,3456
0.80,3455
0.80,3454
0.80,3453
0.80,3452
0.81,3451
0.81,3450
0.81,3449
0.81,3448
0.82,3447
0.82,3446
0.82,3445
0.82,3444
0.83,3443
0.83,3442
0.83,3441
0.83,3440
0.83,3439
0.84,3438
0.84,3437
0.84,3436
0.84,3435
0.84,3434
0.85,3433
0.85,3432
0.85,3431
0.85,3430
0.85,3429
0.86,3428
0.86,3427
0.86,3426
0.86,3425
0.87,3424
0.87,3423
0.87,3422
0.87,3421
0.87,3420
0.88,3419
0.88,3418
0.88,3417
0.88,3416
0.89,3415
0.89,3414
0.89,3413
0.89,3412
0.89,3411
0.90,3410
0.90,3409
0.90,3408
0.90,3407
0.91,3406
0.91,3405
0.91,3404
0.91,3403
0.92,3402
0.92,3401
0.92,3400
0.92,3399
0.92,3398
0.93,3397
0.93,3396
0.93,3395
0.93,3394
0.93,3393
0.94,3392
0.94,3391
0.94,3390
0.94,3389
0.95,3388
0.95,3387
0.95,3386
0.95,3385
0.95,3384
0.96,3383
0.96,3382
0.96,3381
0.96,3380
0.96,3379
0.97,3378
0.97,3377
0.97,3376
0.97,3375
0.98,3374
0.98,3373
0.98,3372
0.98,3371
0.98,3370
0.99,3369
0.99,3368
0.99,3367
1.00,3366
1.00,3365
1.00,3364
1.00,3363
1.01,3362
1.01,3361
1.01,3360
1.01,3359
1.01,3358
1.02,3357
1.02,3356
1.02,3355
1.02,3354
1.03,3353
1.03,3352
1.03,3351
1.03,3350
1.03,3349
1.04,3348
1.04,3347
1.04,3346
1.04,3345
1.04,3344
1.05,3343
1.05,3342
1.05,3341
1.05,3340
1.05,3339
1.06,3338
1.06,3337
1.06,3336
1.06,3335
1.07,3334
1.07,3333
1.07,3332
1.07,3331
1.07,3330
1.08,3329
1.08,3328
1.08,3327
1.08,3326
1.08,3325
1.09,3324
1.09,3323
1.09,3322
1.09,3321
1.09,3320
1.10,3319
1.10,3318
1.10,3317
1.10,3316
1.10,3315
1.11,3314
1.11,3313
1.11,3312
1.11,3311
1.12,3310
1.12,3309
1.12,3308
1.12,3307
1.12,3306
1.13,3305
1.13,3304
1.13,3303
1.13,3302
1.13,3301
1.14,3300
1.14,3299
1.14,3298
1.14,3297
1.14,3296
1.15,3295
1.15,3294
1.15,3293
1.15,3292
1.15,3291
1.16,3290
1.16,3289
1.16,3288
1.16,3287
1.16,3286
1.17,3285
1.17,3284
1.17,3283
1.17,3282
1.18,3281
1.18,3280
1.18,3279
1.18,3278
1.19,3277
1.19,3276
1.19,3275
1.19,3274
1.20,3273
1.20,3272
1.20,3271
1.20,3270
1.20,3269
1.21,3268
1.21,3267
1.21,3266
1.21,3265
1.22,3264
1.22,3263
1.22,3262
1.22,3261
1.23,3260
1.23,3259
1.23,3258
1.23,3257
1.24,3256
1.24,3255
1.24,3254
1.24,3253
1.25,3252
1.25,3251
1.25,3250
1.25,3249
1.26,3248
1.26,3247
1.26,3246
1.26,3245
1.27,3244
1.27,3243
1.27,3242
1.27,3241
1.28,3240
1.28,3239
1.28,3238
1.28,3237
1.29,3236
1.29,3235
1.29,3234
1.29,3233
1.29,3232
1.30,3231
1.30,3230
1.30,3229
1.31,3228
1.31,3227
1.31,3226
1.31,3225
1.32,3224
1.32,3223
1.32,3222
1.32,3221
1.33,3220
1.33,3219
1.33,3218
1.33,3217
1.34,3216
1.34,3215
1.34,3214
1.34,3213
1.35,3212
1.35,3211
1.35,3210
1.35,3209
1.36,3208
1.36,3207
1.36,3206
1.36,3205
1.37,3204
1.37,3203
1.37,3202
1.37,3201
1.38,3200
1.38,3199
1.38,3198
1.39,3197
1.39,3196
1.39,3195
1.39,3194
1.39,3193
1.40,3192
1.40,3191
1.40,3190
1.40,3189
1.40,3188
1.41,3187
1.41,3186
1.41,3185
1.41,3184
1.41,3183
1.42,3182
1.42,3181
1.42,3180
1.42,3179
1.42,3178
1.43,3177
1.43,3176
1.43,3175
1.43,3174
1.43,3173
1.44,3172
1.44,3171
1.44,3170
1.44,3169
1.44,3168
1.45,3167
1.45,3166
1.45,3165
1.45,3164
1.45,3163
1.46,3162
1.46,3161
1.46,3160
1.46,3159
1.46,3158
1.47,3157
1.47,3156
1.47,3155
1.47,3154
1.47,3153
1.48,3152
1.48,3151
1.48,3150
1.48,3149
1.48,3148
1.49,3147
1.49,3146
1.49,3145
1.49,3144
1.49,3143
1.50,3142
1.50,3141
1.50,3140
1.50,3139
1.50,3138
1.51,3137
1.51,3136
1.51,3135
1.51,3134
1.51,3133
1.52,3132
1.52,3131
1.52,3130
1.52,3129
1.52,3128
1.53,3127
1.53,3126
1.53,3125
1.53,3124
1.54,3123
1.54,3122
1.54,3121
1.54,3120
1.54,3119
1.55,3118
1.55,3117
1.55,3116
1.55,3115
1.55,3114
1.56,3113
1.56,3112
1.56,3111
1.56,3110
1.56,3109
1.57,3108
1.57,3107
1.57,3106
1.57,3105
1.57,3104
1.58,3103
1.58,3102
1.58,3101
1.58,3100
1.58,3099
1.59,3098
1.59,3097
1.59,3096
1.59,3095
1.59,3094
1.60,3093
1.60,3092
1.60,3091
1.60,3090
1.60,3089
1.61,3088
1.61,3087
1.61,3086
1.61,3085
1.61,3084
1.62,3083
1.62,3082
1.62,3081
1.62,3080
1.63,3079
1.63,3078
1.63,3077
1.63,3076
1.63,3075
1.64,3074
1.64,3073
1.64,3072
1.64,3071
1.64,3070
1.65,3069
1.65,3068
1.65,3067
1.65,3066
1.65,3065
1.66,3064
1.66,3063
1.66,3062
1.66,3061
1.66,3060
1.67,3059
1.67,3058
1.67,3057
1.67,3056
1.67,3055
1.68,3054
1.68,3053
1.68,3052
1.68,3051
1.68,3050
1.69,3049
1.69,3048
1.69,3047
1.69,3046
1.69,3045
1.70,3044
1.70,3043
1.70,3042
1.70,3041
1.70,3040
1.71,3039
1.71,3038
1.71,3037
1.71,3036
1.71,3035
1.72,3034
1.72,3033
1.72,3032
1.72,3031
1.72,3030
1.73,3029
1.73,3028
1.73,3027
1.73,3026
1.74,3025
1.74,3024
1.74,3023
1.74,3022
1.75,3021
1.75,3020
1.75,3019
1.75,3018
1.75,3017
1.76,3016
1.76,3015
1.76,3014
1.76,3013
1.76,3012
1.77,3011
1.77,3010
1.77,3009
1.77,3008
1.77,3007
1.78,3006
1.78,3005
1.78,3004
1.78,3003
1.79,3002
1.79,3001
1.79,3000
1.79,2999
1.79,2998
1.80,2997
1.80,2996
1.80,2995
1.80,2994
1.80,2993
1.81,2992
1.81,2991
1.81,2990
1.81,2989
1.81,2988
1.82,2987
1.82,2986
1.82,2985
1.82,2984
1.82,2983
1.83,2982
1.83,2981
1.83,2980
1.83,2979
1.84,2978
1.84,2977
1.84,2976
1.84,2975
1.84,2974
1.85,2973
1.85,2972
1.85,2971
1.85,2970
1.85,2969
1.86,2968
1.86,2967
1.86,2966
1.86,2965
1.86,2964
1.87,2963
1.87,2962
1.87,2961
1.87,2960
1.87,2959
1.88,2958
1.88,2957
1.88,2956
1.88,2955
1.88,2954
1.89,2953
1.89,2952
1.89,2951
1.89,2950
1.90,2949
1.90,2948
1.90,2947
1.90,2946
1.90,2945
1.91,2944
1.91,2943
1.91,2942
1.91,2941
1.91,2940
1.92,2939
1.92,2938
1.92,2937
1.92,2936
1.92,2935
1.93,2934
1.93,2933
1.93,2932
1.93,2931
1.93,2930
1.94,2929
1.94,2928
1.94,2927
1.94,2926
1.94,2925
1.95,2924
1.95,2923
1.95,2922
1.95,2921
1.96,2920
1.96,2919
1.96,2918
1.96,2917
1.96,2916
1.97,2915
1.97,2914
1.97,2913
1.97,2912
1.97,2911
1.98,2910
1.98,2909
1.98,2908
1.98,2907
1.98,2906
1.99,2905
1.99,2904
1.99,2903
1.99,2902
2.00,2901
2.00,2900
2.00,2899
2.00,2898
2.00,2897
2.01,2896
2.01,2895
2.01,2894
2.01,2893
2.01,2892
2.02,2891
2.02,2890
2.02,2889
2.02,2888
2.02,2887
2.03,2886
2.03,2885
2.03,2884
2.03,2883
2.04,2882
2.04,2881
2.04,2880
2.04,2879
2.04,2878
2.05,2877
2.05,2876
2.05,2875
2.05,2874
2.05,2873
2.06,2872
2.06,2871
2.06,2870
2.06,2869
2.07,2868
2.07,2867
2.07,2866
2.07,2865
2.07,2864
2.08,2863
2.08,2862
2.08,2861
2.08,2860
2.08,2859
2.09,2858
2.09,2857
2.09,2856
2.09,2855
2.09,2854
2.10,2853
2.10,2852
2.10,2851
2.10,2850
2.11,2849
2.11,2848
2.11,2847
2.12,2846
2.12,2845
2.12,2844
2.12,2843
2.12,2842
2.13,2841
2.13,2840
2.13,2839
2.13,2838
2.13,2837
2.14,2836
2.14,2835
2.14,2834
2.14,2833
2.14,2832
2.15,2831
2.15,2830
2.15,2829
2.15,2828
2.15,2827
2.16,2826
2.16,2825
2.16,2824
2.16,2823
2.16,2822
2.17,2821
2.17,2820
2.17,2819
2.17,2818
2.17,2817
2.18,2816
2.18,2815
2.18,2814
2.18,2813
2.18,2812
2.19,2811
2.19,2810
2.19,2809
2.19,2808
2.19,2807
2.20,2806
2.20,2805
2.20,2804
2.20,2803
2.20,2802
2.21,2801
2.21,2800
2.21,2799
2.21,2798
2.21,2797
2.22,2796
2.22,2795
2.22,2794
2.22,2793
2.22,2792
2.23,2791
2.23,2790
2.23,2789
2.23,2788
2.23,2787
2.24,2786
2.24,2785
2.24,2784
2.24,2783
2.24,2782
2.25,2781
2.25,2780
2.25,2779
2.25,2778
2.25,2777
2.26,2776
2.26,2775
2.26,2774
2.26,2773
2.26,2772
2.27,2771
2.27,2770
2.27,2769
2.27,2768
2.27,2767
2.28,2766
2.28,2765
2.28,2764
2.28,2763
2.28,2762
2.29,2761
2.29,2760
2.29,2759
2.29,2758
2.29,2757
2.30,2756
2.30,2755
2.30,2754
2.30,2753
2.30,2752
2.31,2751
2.31,2750
2.31,2749
2.31,2748
2.31,2747
2.32,2746
2.32,2745
2.32,2744
2.32,2743
2.32,2742
2.33,2741
2.33,2740
2.33,2739
2.33,2738
2.33,2737
2.34,2736
2.34,2735
2.34,2734
2.34,2733
2.34,2732
2.35,2731
2.35,2730
2.35,2729
2.35,2728
2.35,2727
2.36,2726
2.36,2725
2.36,2724
2.36,2723
2.36,2722
2.37,2721
2.37,2720
2.37,2719
2.37,2718
2.37,2717
2.38,2716
2.38,2715
2.38,2714
2.38,2713
2.38,2712
2.39,2711
2.39,2710
2.39,2709
2.39,2708
2.39,2707
2.39,2706
2.40,2705
2.40,2704
2.40,2703
2.40,2702
2.40,2701
2.41,2700
2.41,2699
2.41,2698
2.41,2697
2.41,2696
2.42,2695
2.42,2694
2.42,2693
2.42,2692
2.42,2691
2.43,2690
2.43,2689
2.43,2688
2.43,2687
2.44,2686
2.44,2685
2.44,2684
2.44,2683
2.44,2682
2.45,2681
2.45,2680
2.45,2679
2.45,2678
2.45,2677
2.46,2676
2.46,2675
2.46,2674
2.46,2673
2.46,2672
2.47,2671
2.47,2670
2.47,2669
2.47,2668
2.47,2667
2.48,2666
2.48,2665
2.48,2664
2.48,2663
2.48,2662
2.49,2661
2.49,2660
2.49,2659
2.49,2658
2.49,2657
2.50,2656
2.50,2655
2.50,2654
2.50,2653
2.50,2652
2.51,2651
2.51,2650
2.51,2649
2.51,2648
2.51,2647
2.52,2646
2.52,2645
2.52,2644
2.52,2643
2.52,2642
2.53,2641
2.53,2640
2.53,2639
2.53,2638
2.53,2637
2.54,2636
2.54,2635
2.54,2634
2.54,2633
2.54,2632
2.55,2631
2.55,2630
2.55,2629
2.55,2628
2.55,2627
2.56,2626
2.56,2625
2.56,2624
2.56,2623
2.56,2622
2.57,2621
2.57,2620
2.57,2619
2.57,2618
2.57,2617
2.58,2616
2.58,2615
2.58,2614
2.58,2613
2.58,2612
2.59,2611
2.59,2610
2.59,2609
2.59,2608
2.59,2607
2.60,2606
2.60,2605
2.60,2604
2.60,2603
2.60,2602
2.60,2601
2.61,2600
2.61,2599
2.61,2598
2.61,2597
2.61,2596
2.62,2595
2.62,2594
2.62,2593
2.62,2592
2.62,2591
2.63,2590
2.63,2589
2.63,2588
2.63,2587
2.63,2586
2.64,2585
2.64,2584
2.64,2583
2.64,2582
2.64,2581
2.65,2580
2.65,2579
2.65,2578
2.65,2577
2.65,2576
2.66,2575
2.66,2574
2.66,2573
2.66,2572
2.66,2571
2.67,2570
2.67,2569
2.67,2568
2.67,2567
2.67,2566
2.67,2565
2.68,2564
2.68,2563
2.68,2562
2.68,2561
2.68,2560
2.69,2559
2.69,2558
2.69,2557
2.69,2556
2.69,2555
2.70,2554
2.70,2553
2.70,2552
2.70,2551
2.70,2550
2.71,2549
2.71,2548
2.71,2547
2.71,2546
2.71,2545
2.71,2544
2.72,2543
2.72,2542
2.72,2541
2.72,2540
2.72,2539
2.73,2538
2.73,2537
2.73,2536
2.73,2535
2.73,2534
2.74,2533
2.74,2532
2.74,2531
2.74,2530
2.74,2529
2.74,2528
2.75,2527
2.75,2526
2.75,2525
2.75,2524
2.75,2523
2.76,2522
2.76,2521
2.76,2520
2.76,2519
2.76,2518
2.77,2517
2.77,2516
2.77,2515
2.77,2514
2.77,2513
2.78,2512
2.78,2511
2.78,2510
2.78,2509
2.78,2508
2.78,2507
2.79,2506
2.79,2505
2.79,2504
2.79,2503
2.79,2502
2.80,2501
2.80,2500
2.80,2499
2.80,2498
2.80,2497
2.81,2496
2.81,2495
2.81,2494
2.81,2493
2.81,2492
2.82,2491
2.82,2490
2.82,2489
2.82,2488
2.82,2487
2.83,2486
2.83,2485
2.83,2484
2.83,2483
2.83,2482
2.84,2481
2.84,2480
2.84,2479
2.84,2478
2.84,2477
2.84,2476
2.85,2475
2.85,2474
2.85,2473
2.85,2472
2.85,2471
2.86,2470
2.86,2469
2.86,2468
2.86,2467
2.86,2466
2.87,2465
2.87,2464
2.87,2463
2.87,2462
2.87,2461
2.87,2460
2.88,2459
2.88,2458
2.88,2457
2.88,2456
2.88,2455
2.89,2454
2.89,2453
2.89,2452
2.89,2451
2.89,2450
2.90,2449
2.90,2448
2.90,2447
2.90,2446
2.90,2445
2.90,2444
2.91,2443
2.91,2442
2.91,2441
2.91,2440
2.91,2439
2.92,2438
2.92,2437
2.92,2436
2.92,2435
2.92,2434
2.93,2433
2.93,2432
2.93,2431
2.93,2430
2.93,2429
2.94,2428
2.94,2427
2.94,2426
2.94,2425
2.94,2424
2.95,2423
2.95,2422
2.95,2421
2.95,2420
2.95,2419
2.95,2418
2.96,2417
2.96,2416
2.96,2415
2.96,2414
2.96,2413
2.97,2412
2.97,2411
2.97,2410
2.97,2409
2.97,2408
2.98,2407
2.98,2406
2.98,2405
2.98,2404
2.98,2403
2.99,2402
2.99,2401
2.99,2400
2.99,2399
2.99,2398
3.00,2397
3.00,2396
3.00,2395
3.00,2394
3.00,2393
3.00,2392
3.01,2391
3.01,2390
3.01,2389
3.01,2388
3.01,2387
3.02,2386
