0.10,3650
0.17,3649
0.18,3648
0.19,3647
0.19,3646
0.20,3645
0.21,3644
0.22,3643
0.22,3642
0.23,3641
0.24,3640
0.24,3639
0.25,3638
0.25,3637
0.26,3636
0.26,3635
0.27,3634
0.27,3633
0.28,3632
0.29,3631
0.29,3630
0.30,3629
0.30,3628
0.31,3627
0.31,3626
0.32,3625
0.32,3624
0.33,3623
0.34,3622
0.34,3621
0.35,3620
0.35,3619
0.36,3618
0.36,3617
0.37,3616
0.37,3615
0.38,3614
0.38,3613
0.38,3612
0.39,3611
0.39,3610
0.40,3609
0.40,3608
0.40,3607
0.41,3606
0.41,3605
0.42,3604
0.42,3603
0.42,3602
0.42,3601
0.43,3600
0.43,3599
0.43,3598
0.43,3597
0.44,3596
0.44,3595
0.44,3594
0.44,3593
0.45,3592
0.45,3591
0.45,3590
0.45,3589
0.45,3588
0.46,3587
0.46,3586
0.46,3585
0.46,3584
0.46,3583
0.47,3582
0.47,3581
0.47,3580
0.47,3579
0.48,3578
0.48,3577
0.48,3576
0.48,3575
0.49,3574
0.49,3573
0.49,3572
0.49,3571
0.49,3570
0.50,3569
0.50,3568
0.50,3567
0.50,3566
0.50,3565
0.51,3564
0.51,3563
0.51,3562
0.51,3561
0.52,3560
0.52,3559
0.52,3558
0.52,3557
0.52,3556
0.53,3555
0.53,3554
0.53,3553
0.53,3552
0.53,3551
0.54,3550
0.54,3549
0.54,3548
0.54,3547
0.55,3546
0.55,3545
0.55,3544
0.55,3543
0.55,3542
0.56,3541
0.56,3540
0.56,3539
0.56,3538
0.56,3537
0.57,3536
0.57,3535
0.57,3534
0.57,3533
0.58,3532
0.58,3531
0.58,3530
0.58,3529
0.59,3528
0.59,3527
0.59,3526
0.59,3525
0.59,3524
0.60,3523
0.60,3522
0.61,3521
0.61,3520
0.61,3519
0.61,3518
0.61,3517
0.62,3516
0.62,3515
0.62,3514
0.62,3513
0.63,3512
0.63,3511
0.63,3510
0.63,3509
0.64,3508
0.64,3507
0.64,3506
0.64,3505
0.64,3504
0.65,3503
0.65,3502
0.65,3501
0.65,3500
0.65,3499
0.66,3498
0.66,3497
0.66,3496
0.66,3495
0.66,3494
0.67,3493
0.67,3492
0.67,3491
0.67,3490
0.67,3489
0.68,3488
0.68,3487
0.68,3486
0.68,3485
0.68,3484
0.69,3483
0.69,3482
0.69,3481
0.69,3480
0.70,3479
0.70,3478
0.70,3477
0.70,3476
0.70,3475
0.71,3474
0.71,3473
0.71,3472
0.71,3471
0.71,3470
0.72,3469
0.72,3468
0.72,3467
0.72,3466
0.73,3465
0.73,3464
0.73,3463
0.73,3462
0.73,3461
0.74,3460
0.74,3459
0.74,3458
0.74,3457
0.75,3456
0.75,3455
0.75,3454
0.75,3453
0.75,3452
0.76,3451
0.76,3450
0.76,3449
0.76,3448
0.76,3447
0.77,3446
0.77,3445
0.77,3444
0.77,3443
0.77,3442
0.78,3441
0.78,3440
0.78,3439
0.78,3438
0.79,3437
0.79,3436
0.79,3435
0.79,3434
0.80,3433
0.80,3432
0.80,3431
0.80,3430
0.80,3429
0.81,3428
0.81,3427
0.81,3426
0.81,3425
0.82,3424
0.82,3423
0.82,3422
0.82,3421
0.82,3420
0.83,3419
0.83,3418
0.83,3417
0.83,3416
0.83,3415
0.84,3414
0.84,3413
0.84,3412
0.84,3411
0.84,3410
0.85,3409
0.85,3408
0.85,3407
0.85,3406
0.85,3405
0.86,3404
0.86,3403
0.86,3402
0.86,3401
0.87,3400
0.87,3399
0.87,3398
0.87,3397
0.87,3396
0.88,3395
0.88,3394
0.88,3393
0.88,3392
0.88,3391
0.89,3390
0.89,3389
0.89,3388
0.89,3387
0.90,3386
0.90,3385
0.90,3384
0.90,3383
0.90,3382
0.91,3381
0.91,3380
0.91,3379
0.91,3378
0.91,3377
0.92,3376
0.92,3375
0.92,3374
0.92,3373
0.92,3372
0.93,3371
0.93,3370
0.93,3369
0.93,3368
0.94,3367
0.94,3366
0.94,3365
0.94,3364
0.94,3363
0.95,3362
0.95,3361
0.95,3360
0.95,3359
0.95,3358
0.96,3357
0.96,3356
0.96,3355
0.96,3354
0.97,3353
0.97,3352
0.97,3351
0.97,3350
0.98,3349
0.98,3348
0.98,3347
0.98,3346
0.98,3345
0.99,3344
0.99,3343
0.99,3342
0.99,3341
0.99,3340
1.00,3339
1.00,3338
1.00,3337
1.00,3336
1.00,3335
1.01,3334
1.01,3333
1.01,3332
1.01,3331
1.01,3330
1.02,3329
1.02,3328
1.02,3327
1.02,3326
1.02,3325
1.02,3324
1.03,3323
1.03,3322
1.03,3321
1.03,3320
1.03,3319
1.04,3318
1.04,3317
1.04,3316
1.04,3315
1.04,3314
1.05,3313
1.05,3312
1.05,3311
1.05,3310
1.05,3309
1.06,3308
1.06,3307
1.06,3306
1.06,3305
1.06,3304
1.07,3303
1.07,3302
1.07,3301
1.07,3300
1.07,3299
1.08,3298
1.08,3297
1.08,3296
1.08,3295
1.08,3294
1.08,3293
1.09,3292
1.09,3291
1.09,3290
1.09,3289
1.09,3288
1.10,3287
1.10,3286
1.10,3285
1.10,3284
1.10,3283
1.11,3282
1.11,3281
1.11,3280
1.11,3279
1.11,3278
1.12,3277
1.12,3276
1.12,3275
1.12,3274
1.12,3273
1.12,3272
1.13,3271
1.13,3270
1.13,3269
1.13,3268
1.13,3267
1.14,3266
1.14,3265
1.14,3264
1.14,3263
1.15,3262
1.15,3261
1.15,3260
1.15,3259
1.16,3258
1.16,3257
1.16,3256
1.16,3255
1.16,3254
1.17,3253
1.17,3252
1.17,3251
1.17,3250
1.17,3249
1.18,3248
1.18,3247
1.18,3246
1.18,3245
1.19,3244
1.19,3243
1.19,3242
1.19,3241
1.20,3240
1.20,3239
1.20,3238
1.20,3237
1.21,3236
1.21,3235
1.21,3234
1.21,3233
1.22,3232
1.22,3231
1.22,3230
1.22,3229
1.22,3228
1.23,3227
1.23,3226
1.23,3225
1.23,3224
1.24,3223
1.24,3222
1.24,3221
1.24,3220
1.25,3219
1.25,3218
1.25,3217
1.25,3216
1.25,3215
1.26,3214
1.26,3213
1.26,3212
1.26,3211
1.27,3210
1.27,3209
1.27,3208
1.27,3207
1.28,3206
1.28,3205
1.28,3204
1.28,3203
1.29,3202
1.29,3201
1.29,3200
1.29,3199
1.30,3198
1.30,3197
1.30,3196
1.30,3195
1.30,3194
1.31,3193
1.31,3192
1.31,3191
1.31,3190
1.32,3189
1.32,3188
1.32,3187
1.32,3186
1.33,3185
1.33,3184
1.33,3183
1.34,3182
1.34,3181
1.34,3180
1.34,3179
1.34,3178
1.34,3177
1.35,3176
1.35,3175
1.35,3174
1.35,3173
1.35,3172
1.36,3171
1.36,3170
1.36,3169
1.36,3168
1.36,3167
1.37,3166
1.37,3165
1.37,3164
1.37,3163
1.38,3162
1.38,3161
1.38,3160
1.38,3159
1.38,3158
1.38,3157
1.39,3156
1.39,3155
1.39,3154
1.39,3153
1.39,3152
1.40,3151
1.40,3150
1.40,3149
1.40,3148
1.40,3147
1.41,3146
1.41,3145
1.41,3144
1.41,3143
1.41,3142
1.42,3141
1.42,3140
1.42,3139
1.42,3138
1.42,3137
1.43,3136
1.43,3135
1.43,3134
1.43,3133
1.43,3132
1.44,3131
1.44,3130
1.44,3129
1.44,3128
1.44,3127
1.45,3126
1.45,3125
1.45,3124
1.45,3123
1.45,3122
1.46,3121
1.46,3120
1.46,3119
1.46,3118
1.46,3117
1.47,3116
1.47,3115
1.47,3114
1.47,3113
1.47,3112
1.48,3111
1.48,3110
1.48,3109
1.48,3108
1.48,3107
1.49,3106
1.49,3105
1.49,3104
1.49,3103
1.49,3102
1.50,3101
1.50,3100
1.50,3099
1.50,3098
1.50,3097
1.51,3096
1.51,3095
1.51,3094
1.51,3093
1.51,3092
1.52,3091
1.52,3090
1.52,3089
1.52,3088
1.52,3087
1.53,3086
1.53,3085
1.53,3084
1.53,3083
1.53,3082
1.54,3081
1.54,3080
1.54,3079
1.54,3078
1.54,3077
1.55,3076
1.55,3075
1.55,3074
1.55,3073
1.55,3072
1.55,3071
1.56,3070
1.56,3069
1.56,3068
1.56,3067
1.56,3066
1.57,3065
1.57,3064
1.57,3063
1.57,3062
1.58,3061
1.58,3060
1.58,3059
1.58,3058
1.58,3057
1.59,3056
1.59,3055
1.59,3054
1.59,3053
1.59,3052
1.60,3051
1.60,3050
1.60,3049
1.60,3048
1.60,3047
1.61,3046
1.61,3045
1.61,3044
1.61,3043
1.61,3042
1.62,3041
1.62,3040
1.62,3039
1.62,3038
1.63,3037
1.63,3036
1.63,3035
1.63,3034
1.63,3033
1.64,3032
1.64,3031
1.64,3030
1.64,3029
1.64,3028
1.65,3027
1.65,3026
1.65,3025
1.65,3024
1.65,3023
1.66,3022
1.66,3021
1.66,3020
1.66,3019
1.66,3018
1.67,3017
1.67,3016
1.67,3015
1.67,3014
1.67,3013
1.68,3012
1.68,3011
1.68,3010
1.68,3009
1.69,3008
1.69,3007
1.69,3006
1.69,3005
1.69,3004
1.70,3003
1.70,3002
1.70,3001
1.70,3000
1.70,2999
1.71,2998
1.71,2997
1.71,2996
1.71,2995
1.71,2994
1.72,2993
1.72,2992
1.72,2991
1.72,2990
1.72,2989
1.73,2988
1.73,2987
1.73,2986
1.73,2985
1.73,2984
1.74,2983
1.74,2982
1.74,2981
1.74,2980
1.74,2979
1.75,2978
1.75,2977
1.75,2976
1.75,2975
1.75,2974
1.76,2973
1.76,2972
1.76,2971
1.76,2970
1.76,2969
1.77,2968
1.77,2967
1.77,2966
1.77,2965
1.77,2964
1.77,2963
1.78,2962
1.78,2961
1.78,2960
1.78,2959
1.78,2958
1.79,2957
1.79,2956
1.79,2955
1.79,2954
1.79,2953
1.80,2952
1.80,2951
1.80,2950
1.80,2949
1.80,2948
1.81,2947
1.81,2946
1.81,2945
1.81,2944
1.81,2943
1.81,2942
1.82,2941
1.82,2940
1.82,2939
1.82,2938
1.82,2937
1.83,2936
1.83,2935
1.83,2934
1.83,2933
1.83,2932
1.84,2931
1.84,2930
1.84,2929
1.84,2928
1.84,2927
1.85,2926
1.85,2925
1.85,2924
1.85,2923
1.85,2922
1.86,2921
1.86,2920
1.86,2919
1.86,2918
1.86,2917
1.86,2916
1.87,2915
1.87,2914
1.87,2913
1.87,2912
1.87,2911
1.88,2910
1.88,2909
1.88,2908
1.88,2907
1.88,2906
1.89,2905
1.89,2904
1.89,2903
1.89,2902
1.89,2901
1.90,2900
1.90,2899
1.90,2898
1.90,2897
1.90,2896
1.91,2895
1.91,2894
1.91,2893
1.91,2892
1.91,2891
1.91,2890
1.92,2889
1.92,2888
1.92,2887
1.92,2886
1.92,2885
1.93,2884
1.93,2883
1.93,2882
1.93,2881
1.93,2880
1.94,2879
1.94,2878
1.94,2877
1.94,2876
1.94,2875
1.95,2874
1.95,2873
1.95,2872
1.95,2871
1.95,2870
1.95,2869
1.96,2868
1.96,2867
1.96,2866
1.96,2865
1.96,2864
1.97,2863
1.97,2862
1.97,2861
1.97,2860
1.97,2859
1.98,2858
1.98,2857
1.98,2856
1.98,2855
1.98,2854
1.99,2853
1.99,2852
1.99,2851
1.99,2850
1.99,2849
1.99,2848
2.00,2847
2.00,2846
2.00,2845
2.00,2844
2.00,2843
2.01,2842
2.01,2841
2.01,2840
2.01,2839
2.01,2838
2.02,2837
2.02,2836
2.02,2835
2.02,2834
2.02,2833
2.03,2832
2.03,2831
2.03,2830
2.03,2829
2.03,2828
2.04,2827
2.04,2826
2.04,2825
2.04,2824
2.04,2823
2.04,2822
2.05,2821
2.05,2820
2.05,2819
2.05,2818
2.06,2817
2.06,2816
2.06,2815
2.06,2814
2.07,2813
2.07,2812
2.07,2811
2.07,2810
2.08,2809
2.08,2808
2.08,2807
2.08,2806
2.08,2805
2.09,2804
2.09,2803
2.09,2802
2.09,2801
2.10,2800
2.10,2799
2.10,2798
2.10,2797
2.11,2796
2.11,2795
2.11,2794
2.11,2793
2.12,2792
2.12,2791
2.12,2790
2.12,2789
2.13,2788
2.13,2787
2.13,2786
2.13,2785
2.13,2784
2.14,2783
2.14,2782
2.14,2781
2.14,2780
2.15,2779
2.15,2778
2.15,2777
2.15,2776
2.16,2775
2.16,2774
2.16,2773
2.16,2772
2.17,2771
2.17,2770
2.17,2769
2.17,2768
2.18,2767
2.18,2766
2.18,2765
2.18,2764
2.18,2763
2.19,2762
2.19,2761
2.19,2760
2.19,2759
2.20,2758
2.20,2757
2.20,2756
2.20,2755
2.20,2754
2.21,2753
2.21,2752
2.21,2751
2.21,2750
2.22,2749
2.22,2748
2.22,2747
2.22,2746
2.23,2745
2.23,2744
2.23,2743
2.23,2742
2.24,2741
2.24,2740
2.24,2739
2.24,2738
2.24,2737
2.25,2736
2.25,2735
2.25,2734
2.25,2733
2.26,2732
2.26,2731
2.26,2730
2.26,2729
2.27,2728
2.27,2727
2.27,2726
2.27,2725
2.27,2724
2.28,2723
2.28,2722
2.28,2721
2.28,2720
2.29,2719
2.29,2718
2.29,2717
2.29,2716
2.30,2715
2.30,2714
2.30,2713
2.30,2712
2.30,2711
2.31,2710
2.31,2709
2.31,2708
2.31,2707
2.32,2706
2.32,2705
2.32,2704
2.32,2703
2.33,2702
2.33,2701
2.33,2700
2.33,2699
2.33,2698
2.34,2697
2.34,2696
2.34,2695
2.34,2694
2.35,2693
2.35,2692
2.35,2691
2.35,2690
2.35,2689
2.36,2688
2.36,2687
2.36,2686
2.36,2685
2.37,2684
2.37,2683
2.37,2682
2.37,2681
2.37,2680
2.38,2679
2.38,2678
2.38,2677
2.38,2676
2.39,2675
2.39,2674
2.39,2673
2.39,2672
2.39,2671
2.40,2670
2.40,2669
2.40,2668
2.40,2667
2.41,2666
2.41,2665
2.41,2664
2.41,2663
2.42,2662
2.42,2661
2.42,2660
2.42,2659
2.42,2658
2.43,2657
2.43,2656
2.43,2655
2.43,2654
2.44,2653
2.44,2652
2.44,2651
2.44,2650
2.44,2649
2.45,2648
2.45,2647
2.45,2646
2.45,2645
2.46,2644
2.46,2643
2.46,2642
2.46,2641
2.47,2640
2.47,2639
2.47,2638
2.48,2637
2.48,2636
2.48,2635
2.48,2634
2.48,2633
2.49,2632
2.49,2631
2.49,2630
2.49,2629
2.49,2628
2.50,2627
2.50,2626
2.50,2625
2.50,2624
2.50,2623
2.51,2622
2.51,2621
2.51,2620
2.51,2619
2.51,2618
2.52,2617
2.52,2616
2.52,2615
2.52,2614
2.52,2613
2.52,2612
2.53,2611
2.53,2610
2.53,2609
2.53,2608
2.53,2607
2.54,2606
2.54,2605
2.54,2604
2.54,2603
2.54,2602
2.55,2601
2.55,2600
2.55,2599
2.55,2598
2.55,2597
2.55,2596
2.56,2595
2.56,2594
2.56,2593
2.56,2592
2.56,2591
2.57,2590
2.57,2589
2.57,2588
2.57,2587
2.57,2586
2.58,2585
2.58,2584
2.58,2583
2.58,2582
2.58,2581
2.59,2580
2.59,2579
2.59,2578
2.59,2577
2.59,2576
2.59,2575
2.60,2574
2.60,2573
2.60,2572
2.60,2571
2.60,2570
2.61,2569
2.61,2568
2.61,2567
2.61,2566
2.61,2565
2.62,2564
2.62,2563
2.62,2562
2.62,2561
2.62,2560
2.62,2559
2.63,2558
2.63,2557
2.63,2556
2.63,2555
2.63,2554
2.64,2553
2.64,2552
2.64,2551
2.64,2550
2.64,2549
2.65,2548
2.65,2547
2.65,2546
2.65,2545
2.65,2544
2.65,2543
2.66,2542
2.66,2541
2.66,2540
2.66,2539
2.66,2538
2.67,2537
2.67,2536
2.67,2535
2.67,2534
2.67,2533
2.68,2532
2.68,2531
2.68,2530
2.68,2529
2.68,2528
2.69,2527
2.69,2526
2.69,2525
2.69,2524
2.69,2523
2.69,2522
2.70,2521
2.70,2520
2.70,2519
2.70,2518
2.70,2517
2.71,2516
2.71,2515
2.71,2514
2.71,2513
2.71,2512
2.71,2511
2.72,2510
2.72,2509
2.72,2508
2.72,2507
2.72,2506
2.73,2505
2.73,2504
2.73,2503
2.73,2502
2.73,2501
2.74,2500
2.74,2499
2.74,2498
2.74,2497
2.74,2496
2.74,2495
2.75,2494
2.75,2493
2.75,2492
2.75,2491
2.75,2490
2.76,2489
2.76,2488
2.76,2487
2.76,2486
2.76,2485
2.77,2484
2.77,2483
2.77,2482
2.77,2481
2.77,2480
2.77,2479
2.78,2478
2.78,2477
2.78,2476
2.78,2475
2.78,2474
2.79,2473
2.79,2472
2.79,2471
2.79,2470
2.79,2469
2.80,2468
2.80,2467
2.80,2466
2.80,2465
2.80,2464
2.80,2463
2.81,2462
2.81,2461
2.81,2460
2.81,2459
2.81,2458
2.82,2457
2.82,2456
2.82,2455
2.82,2454
2.82,2453
2.82,2452
2.83,2451
2.83,2450
2.83,2449
2.83,2448
2.83,2447
2.84,2446
2.84,2445
2.84,2444
2.84,2443
2.84,2442
2.85,2441
2.85,2440
2.85,2439
2.85,2438
2.85,2437
2.85,2436
2.86,2435
2.86,2434
2.86,2433
2.86,2432
2.86,2431
2.87,2430
2.87,2429
2.87,2428
2.87,2427
2.87,2426
2.88,2425
2.88,2424
2.88,2423
2.88,2422
2.88,2421
2.89,2420
2.89,2419
2.89,2418
2.89,2417
2.89,2416
2.89,2415
2.90,2414
2.90,2413
2.90,2412
2.90,2411
2.90,2410
2.91,2409
2.91,2408
2.91,2407
2.91,2406
2.91,2405
2.91,2404
2.92,2403
2.92,2402
2.92,2401
2.92,2400
2.92,2399
2.93,2398
2.93,2397
2.93,2396
2.93,2395
2.93,2394
2.94,2393
2.94,2392
2.94,2391
2.94,2390
2.94,2389
2.94,2388
2.95,2387
2.95,2386
2.95,2385
2.95,2384
2.95,2383
2.96,2382
2.96,2381
2.96,2380
2.96,2379
2.96,2378
2.96,2377
2.97,2376
2.97,2375
2.97,2374
2.97,2373
2.97,2372
2.98,2371
2.98,2370
2.98,2369
2.98,2368
2.98,2367
2.99,2366
2.99,2365
2.99,2364
2.99,2363
2.99,2362
2.99,2361
3.00,2360
