0.10,3640
0.16,3639
0.17,3638
0.18,3637
0.19,3636
0.20,3635
0.21,3634
0.22,3633
0.22,3632
0.23,3631
0.24,3630
0.24,3629
0.25,3628
0.25,3627
0.26,3626
0.26,3625
0.27,3624
0.28,3623
0.28,3622
0.29,3621
0.29,3620
0.30,3619
0.30,3618
0.31,3617
0.32,3616
0.32,3615
0.33,3614
0.33,3613
0.34,3612
0.34,3611
0.35,3610
0.35,3609
0.36,3608
0.36,3607
0.37,3606
0.37,3605
0.38,3604
0.38,3603
0.38,3602
0.39,3601
0.39,3600
0.40,3599
0.40,3598
0.40,3597
0.41,3596
0.41,3595
0.41,3594
0.42,3593
0.42,3592
0.42,3591
0.43,3590
0.43,3589
0.43,3588
0.43,3587
0.43,3586
0.44,3585
0.44,3584
0.44,3583
0.44,3582
0.44,3581
0.45,3580
0.45,3579
0.45,3578
0.45,3577
0.46,3576
0.46,3575
0.46,3574
0.46,3573
0.46,3572
0.47,3571
0.47,3570
0.47,3569
0.47,3568
0.47,3567
0.48,3566
0.48,3565
0.48,3564
0.48,3563
0.49,3562
0.49,3561
0.49,3560
0.49,3559
0.49,3558
0.50,3557
0.50,3556
0.50,3555
0.50,3554
0.50,3553
0.51,3552
0.51,3551
0.51,3550
0.51,3549
0.51,3548
0.52,3547
0.52,3546
0.52,3545
0.52,3544
0.52,3543
0.53,3542
0.53,3541
0.53,3540
0.53,3539
0.53,3538
0.54,3537
0.54,3536
0.54,3535
0.54,3534
0.54,3533
0.55,3532
0.55,3531
0.55,3530
0.55,3529
0.55,3528
0.56,3527
0.56,3526
0.56,3525
0.56,3524
0.57,3523
0.57,3522
0.57,3521
0.57,3520
0.57,3519
0.58,3518
0.58,3517
0.58,3516
0.58,3515
0.59,3514
0.59,3513
0.59,3512
0.59,3511
0.60,3510
0.60,3509
0.60,3508
0.61,3507
0.61,3506
0.61,3505
0.61,3504
0.61,3503
0.62,3502
0.62,3501
0.62,3500
0.62,3499
0.62,3498
0.63,3497
0.63,3496
0.63,3495
0.63,3494
0.63,3493
0.64,3492
0.64,3491
0.64,3490
0.64,3489
0.64,3488
0.65,3487
0.65,3486
0.65,3485
0.65,3484
0.65,3483
0.66,3482
0.66,3481
0.66,3480
0.66,3479
0.66,3478
0.66,3477
0.67,3476
0.67,3475
0.67,3474
0.67,3473
0.67,3472
0.68,3471
0.68,3470
0.68,3469
0.68,3468
0.68,3467
0.69,3466
0.69,3465
0.69,3464
0.69,3463
0.69,3462
0.70,3461
0.70,3460
0.70,3459
0.70,3458
0.71,3457
0.71,3456
0.71,3455
0.71,3454
0.71,3453
0.71,3452
0.72,3451
0.72,3450
0.72,3449
0.72,3448
0.73,3447
0.73,3446
0.73,3445
0.73,3444
0.73,3443
0.74,3442
0.74,3441
0.74,3440
0.74,3439
0.74,3438
0.74,3437
0.75,3436
0.75,3435
0.75,3434
0.75,3433
0.75,3432
0.76,3431
0.76,3430
0.76,3429
0.76,3428
0.76,3427
0.77,3426
0.77,3425
0.77,3424
0.78,3423
0.78,3422
0.78,3421
0.78,3420
0.78,3419
0.79,3418
0.79,3417
0.79,3416
0.79,3415
0.79,3414
0.80,3413
0.80,3412
0.80,3411
0.80,3410
0.80,3409
0.81,3408
0.81,3407
0.81,3406
0.81,3405
0.81,3404
0.82,3403
0.82,3402
0.82,3401
0.82,3400
0.82,3399
0.83,3398
0.83,3397
0.83,3396
0.83,3395
0.83,3394
0.84,3393
0.84,3392
0.84,3391
0.84,3390
0.85,3389
0.85,3388
0.85,3387
0.85,3386
0.85,3385
0.86,3384
0.86,3383
0.86,3382
0.86,3381
0.86,3380
0.87,3379
0.87,3378
0.87,3377
0.87,3376
0.87,3375
0.88,3374
0.88,3373
0.88,3372
0.88,3371
0.88,3370
0.89,3369
0.89,3368
0.89,3367
0.89,3366
0.90,3365
0.90,3364
0.90,3363
0.90,3362
0.90,3361
0.91,3360
0.91,3359
0.91,3358
0.91,3357
0.91,3356
0.92,3355
0.92,3354
0.92,3353
0.92,3352
0.92,3351
0.93,3350
0.93,3349
0.93,3348
0.93,3347
0.93,3346
0.94,3345
0.94,3344
0.94,3343
0.94,3342
0.95,3341
0.95,3340
0.95,3339
0.95,3338
0.96,3337
0.96,3336
0.96,3335
0.96,3334
0.96,3333
0.97,3332
0.97,3331
0.97,3330
0.97,3329
0.97,3328
0.98,3327
0.98,3326
0.98,3325
0.98,3324
0.98,3323
0.99,3322
0.99,3321
0.99,3320
0.99,3319
0.99,3318
1.00,3317
1.00,3316
1.00,3315
1.00,3314
1.00,3313
1.01,3312
1.01,3311
1.01,3310
1.01,3309
1.01,3308
1.02,3307
1.02,3306
1.02,3305
1.02,3304
1.02,3303
1.03,3302
1.03,3301
1.03,3300
1.03,3299
1.03,3298
1.03,3297
1.04,3296
1.04,3295
1.04,3294
1.04,3293
1.04,3292
1.05,3291
1.05,3290
1.05,3289
1.05,3288
1.05,3287
1.06,3286
1.06,3285
1.06,3284
1.06,3283
1.06,3282
1.07,3281
1.07,3280
1.07,3279
1.07,3278
1.07,3277
1.08,3276
1.08,3275
1.08,3274
1.08,3273
1.08,3272
1.08,3271
1.09,3270
1.09,3269
1.09,3268
1.09,3267
1.09,3266
1.10,3265
1.10,3264
1.10,3263
1.10,3262
1.10,3261
1.11,3260
1.11,3259
1.11,3258
1.11,3257
1.11,3256
1.12,3255
1.12,3254
1.12,3253
1.12,3252
1.12,3251
1.13,3250
1.13,3249
1.13,3248
1.13,3247
1.14,3246
1.14,3245
1.14,3244
1.14,3243
1.15,3242
1.15,3241
1.15,3240
1.15,3239
1.15,3238
1.16,3237
1.16,3236
1.16,3235
1.16,3234
1.17,3233
1.17,3232
1.17,3231
1.17,3230
1.17,3229
1.18,3228
1.18,3227
1.18,3226
1.18,3225
1.19,3224
1.19,3223
1.19,3222
1.19,3221
1.20,3220
1.20,3219
1.20,3218
1.20,3217
1.21,3216
1.21,3215
1.21,3214
1.21,3213
1.21,3212
1.22,3211
1.22,3210
1.22,3209
1.22,3208
1.23,3207
1.23,3206
1.23,3205
1.23,3204
1.24,3203
1.24,3202
1.24,3201
1.24,3200
1.25,3199
1.25,3198
1.25,3197
1.25,3196
1.25,3195
1.26,3194
1.26,3193
1.26,3192
1.26,3191
1.27,3190
1.27,3189
1.27,3188
1.27,3187
1.28,3186
1.28,3185
1.28,3184
1.28,3183
1.29,3182
1.29,3181
1.29,3180
1.29,3179
1.29,3178
1.30,3177
1.30,3176
1.30,3175
1.30,3174
1.31,3173
1.31,3172
1.31,3171
1.32,3170
1.32,3169
1.32,3168
1.32,3167
1.32,3166
1.33,3165
1.33,3164
1.33,3163
1.33,3162
1.33,3161
1.34,3160
1.34,3159
1.34,3158
1.34,3157
1.34,3156
1.35,3155
1.35,3154
1.35,3153
1.35,3152
1.35,3151
1.36,3150
1.36,3149
1.36,3148
1.36,3147
1.36,3146
1.36,3145
1.37,3144
1.37,3143
1.37,3142
1.37,3141
1.37,3140
1.38,3139
1.38,3138
1.38,3137
1.38,3136
1.38,3135
1.39,3134
1.39,3133
1.39,3132
1.39,3131
1.39,3130
1.40,3129
1.40,3128
1.40,3127
1.40,3126
1.40,3125
1.40,3124
1.41,3123
1.41,3122
1.41,3121
1.41,3120
1.41,3119
1.42,3118
1.42,3117
1.42,3116
1.42,3115
1.42,3114
1.43,3113
1.43,3112
1.43,3111
1.43,3110
1.43,3109
1.44,3108
1.44,3107
1.44,3106
1.44,3105
1.44,3104
1.45,3103
1.45,3102
1.45,3101
1.45,3100
1.45,3099
1.46,3098
1.46,3097
1.46,3096
1.46,3095
1.46,3094
1.47,3093
1.47,3092
1.47,3091
1.47,3090
1.47,3089
1.48,3088
1.48,3087
1.48,3086
1.48,3085
1.48,3084
1.49,3083
1.49,3082
1.49,3081
1.49,3080
1.49,3079
1.50,3078
1.50,3077
1.50,3076
1.50,3075
1.50,3074
1.50,3073
1.51,3072
1.51,3071
1.51,3070
1.51,3069
1.51,3068
1.52,3067
1.52,3066
1.52,3065
1.52,3064
1.52,3063
1.53,3062
1.53,3061
1.53,3060
1.53,3059
1.53,3058
1.54,3057
1.54,3056
1.54,3055
1.54,3054
1.54,3053
1.54,3052
1.55,3051
1.55,3050
1.55,3049
1.55,3048
1.55,3047
1.56,3046
1.56,3045
1.56,3044
1.56,3043
1.56,3042
1.57,3041
1.57,3040
1.57,3039
1.57,3038
1.57,3037
1.58,3036
1.58,3035
1.58,3034
1.58,3033
1.58,3032
1.59,3031
1.59,3030
1.59,3029
1.59,3028
1.59,3027
1.60,3026
1.60,3025
1.60,3024
1.60,3023
1.60,3022
1.60,3021
1.61,3020
1.61,3019
1.61,3018
1.61,3017
1.61,3016
1.62,3015
1.62,3014
1.62,3013
1.62,3012
1.62,3011
1.63,3010
1.63,3009
1.63,3008
1.63,3007
1.63,3006
1.64,3005
1.64,3004
1.64,3003
1.64,3002
1.64,3001
1.65,3000
1.65,2999
1.65,2998
1.65,2997
1.66,2996
1.66,2995
1.66,2994
1.66,2993
1.66,2992
1.67,2991
1.67,2990
1.67,2989
1.67,2988
1.67,2987
1.68,2986
1.68,2985
1.68,2984
1.68,2983
1.68,2982
1.69,2981
1.69,2980
1.69,2979
1.69,2978
1.69,2977
1.70,2976
1.70,2975
1.70,2974
1.70,2973
1.70,2972
1.71,2971
1.71,2970
1.71,2969
1.71,2968
1.71,2967
1.71,2966
1.72,2965
1.72,2964
1.72,2963
1.72,2962
1.72,2961
1.73,2960
1.73,2959
1.73,2958
1.73,2957
1.73,2956
1.74,2955
1.74,2954
1.74,2953
1.74,2952
1.74,2951
1.75,2950
1.75,2949
1.75,2948
1.75,2947
1.75,2946
1.76,2945
1.76,2944
1.76,2943
1.76,2942
1.76,2941
1.77,2940
1.77,2939
1.77,2938
1.77,2937
1.77,2936
1.78,2935
1.78,2934
1.78,2933
1.78,2932
1.78,2931
1.79,2930
1.79,2929
1.79,2928
1.79,2927
1.79,2926
1.80,2925
1.80,2924
1.80,2923
1.80,2922
1.80,2921
1.81,2920
1.81,2919
1.81,2918
1.81,2917
1.81,2916
1.81,2915
1.82,2914
1.82,2913
1.82,2912
1.82,2911
1.82,2910
1.83,2909
1.83,2908
1.83,2907
1.83,2906
1.83,2905
1.84,2904
1.84,2903
1.84,2902
1.84,2901
1.84,2900
1.85,2899
1.85,2898
1.85,2897
1.85,2896
1.85,2895
1.86,2894
1.86,2893
1.86,2892
1.86,2891
1.86,2890
1.87,2889
1.87,2888
1.87,2887
1.87,2886
1.87,2885
1.88,2884
1.88,2883
1.88,2882
1.88,2881
1.88,2880
1.89,2879
1.89,2878
1.89,2877
1.89,2876
1.89,2875
1.89,2874
1.90,2873
1.90,2872
1.90,2871
1.90,2870
1.90,2869
1.91,2868
1.91,2867
1.91,2866
1.91,2865
1.91,2864
1.92,2863
1.92,2862
1.92,2861
1.92,2860
1.92,2859
1.93,2858
1.93,2857
1.93,2856
1.93,2855
1.93,2854
1.94,2853
1.94,2852
1.94,2851
1.94,2850
1.94,2849
1.95,2848
1.95,2847
1.95,2846
1.95,2845
1.95,2844
1.96,2843
1.96,2842
1.96,2841
1.96,2840
1.96,2839
1.97,2838
1.97,2837
1.97,2836
1.97,2835
1.97,2834
1.98,2833
1.98,2832
1.98,2831
1.98,2830
1.98,2829
1.99,2828
1.99,2827
1.99,2826
1.99,2825
1.99,2824
1.99,2823
2.00,2822
2.00,2821
2.00,2820
2.00,2819
2.00,2818
2.01,2817
2.01,2816
2.01,2815
2.01,2814
2.01,2813
2.02,2812
2.02,2811
2.02,2810
2.02,2809
2.02,2808
2.03,2807
2.03,2806
2.03,2805
2.03,2804
2.04,2803
2.04,2802
2.04,2801
2.04,2800
2.05,2799
2.05,2798
2.05,2797
2.05,2796
2.05,2795
2.06,2794
2.06,2793
2.06,2792
2.06,2791
2.06,2790
2.07,2789
2.07,2788
2.07,2787
2.07,2786
2.08,2785
2.08,2784
2.08,2783
2.08,2782
2.09,2781
2.09,2780
2.09,2779
2.09,2778
2.10,2777
2.10,2776
2.10,2775
2.10,2774
2.11,2773
2.11,2772
2.11,2771
2.11,2770
2.11,2769
2.12,2768
2.12,2767
2.12,2766
2.12,2765
2.13,2764
2.13,2763
2.13,2762
2.13,2761
2.13,2760
2.14,2759
2.14,2758
2.14,2757
2.14,2756
2.15,2755
2.15,2754
2.15,2753
2.15,2752
2.16,2751
2.16,2750
2.16,2749
2.16,2748
2.16,2747
2.17,2746
2.17,2745
2.17,2744
2.17,2743
2.18,2742
2.18,2741
2.18,2740
2.18,2739
2.19,2738
2.19,2737
2.19,2736
2.19,2735
2.19,2734
2.20,2733
2.20,2732
2.20,2731
2.20,2730
2.21,2729
2.21,2728
2.21,2727
2.21,2726
2.22,2725
2.22,2724
2.22,2723
2.22,2722
2.22,2721
2.23,2720
2.23,2719
2.23,2718
2.23,2717
2.24,2716
2.24,2715
2.24,2714
2.24,2713
2.24,2712
2.25,2711
2.25,2710
2.25,2709
2.25,2708
2.26,2707
2.26,2706
2.26,2705
2.26,2704
2.27,2703
2.27,2702
2.27,2701
2.27,2700
2.27,2699
2.28,2698
2.28,2697
2.28,2696
2.28,2695
2.29,2694
2.29,2693
2.29,2692
2.29,2691
2.30,2690
2.30,2689
2.30,2688
2.30,2687
2.30,2686
2.31,2685
2.31,2684
2.31,2683
2.31,2682
2.32,2681
2.32,2680
2.32,2679
2.32,2678
2.32,2677
2.33,2676
2.33,2675
2.33,2674
2.33,2673
2.34,2672
2.34,2671
2.34,2670
2.34,2669
2.35,2668
2.35,2667
2.35,2666
2.35,2665
2.36,2664
2.36,2663
2.36,2662
2.36,2661
2.36,2660
2.37,2659
2.37,2658
2.37,2657
2.37,2656
2.38,2655
2.38,2654
2.38,2653
2.38,2652
2.39,2651
2.39,2650
2.39,2649
2.39,2648
2.39,2647
2.40,2646
2.40,2645
2.40,2644
2.40,2643
2.41,2642
2.41,2641
2.41,2640
2.41,2639
2.41,2638
2.42,2637
2.42,2636
2.42,2635
2.42,2634
2.43,2633
2.43,2632
2.43,2631
2.43,2630
2.44,2629
2.44,2628
2.44,2627
2.44,2626
2.45,2625
2.45,2624
2.45,2623
2.45,2622
2.46,2621
2.46,2620
2.46,2619
2.46,2618
2.46,2617
2.46,2616
2.47,2615
2.47,2614
2.47,2613
2.47,2612
2.48,2611
2.48,2610
2.48,2609
2.48,2608
2.48,2607
2.48,2606
2.49,2605
2.49,2604
2.49,2603
2.49,2602
2.49,2601
2.50,2600
2.50,2599
2.50,2598
2.50,2597
2.50,2596
2.50,2595
2.51,2594
2.51,2593
2.51,2592
2.51,2591
2.51,2590
2.52,2589
2.52,2588
2.52,2587
2.52,2586
2.52,2585
2.52,2584
2.53,2583
2.53,2582
2.53,2581
2.53,2580
2.53,2579
2.54,2578
2.54,2577
2.54,2576
2.54,2575
2.54,2574
2.54,2573
2.55,2572
2.55,2571
2.55,2570
2.55,2569
2.55,2568
2.56,2567
2.56,2566
2.56,2565
2.56,2564
2.56,2563
2.56,2562
2.57,2561
2.57,2560
2.57,2559
2.57,2558
2.57,2557
2.58,2556
2.58,2555
2.58,2554
2.58,2553
2.58,2552
2.58,2551
2.59,2550
2.59,2549
2.59,2548
2.59,2547
2.59,2546
2.60,2545
2.60,2544
2.60,2543
2.60,2542
2.60,2541
2.60,2540
2.61,2539
2.61,2538
2.61,2537
2.61,2536
2.61,2535
2.61,2534
2.62,2533
2.62,2532
2.62,2531
2.62,2530
2.62,2529
2.63,2528
2.63,2527
2.63,2526
2.63,2525
2.63,2524
2.63,2523
2.64,2522
2.64,2521
2.64,2520
2.64,2519
2.64,2518
2.65,2517
2.65,2516
2.65,2515
2.65,2514
2.65,2513
2.65,2512
2.66,2511
2.66,2510
2.66,2509
2.66,2508
2.66,2507
2.67,2506
2.67,2505
2.67,2504
2.67,2503
2.67,2502
2.67,2501
2.68,2500
2.68,2499
2.68,2498
2.68,2497
2.68,2496
2.69,2495
2.69,2494
2.69,2493
2.69,2492
2.69,2491
2.69,2490
2.70,2489
2.70,2488
2.70,2487
2.70,2486
2.70,2485
2.71,2484
2.71,2483
2.71,2482
2.71,2481
2.71,2480
2.71,2479
2.72,2478
2.72,2477
2.72,2476
2.72,2475
2.72,2474
2.73,2473
2.73,2472
2.73,2471
2.73,2470
2.73,2469
2.73,2468
2.74,2467
2.74,2466
2.74,2465
2.74,2464
2.74,2463
2.75,2462
2.75,2461
2.75,2460
2.75,2459
2.75,2458
2.75,2457
2.76,2456
2.76,2455
2.76,2454
2.76,2453
2.76,2452
2.77,2451
2.77,2450
2.77,2449
2.77,2448
2.77,2447
2.77,2446
2.78,2445
2.78,2444
2.78,2443
2.78,2442
2.78,2441
2.78,2440
2.79,2439
2.79,2438
2.79,2437
2.79,2436
2.79,2435
2.80,2434
2.80,2433
2.80,2432
2.80,2431
2.80,2430
2.81,2429
2.81,2428
2.81,2427
2.81,2426
2.81,2425
2.81,2424
2.82,2423
2.82,2422
2.82,2421
2.82,2420
2.82,2419
2.82,2418
2.83,2417
2.83,2416
2.83,2415
2.83,2414
2.83,2413
2.83,2412
2.84,2411
2.84,2410
2.84,2409
2.84,2408
2.84,2407
2.85,2406
2.85,2405
2.85,2404
2.85,2403
2.85,2402
2.85,2401
2.86,2400
2.86,2399
2.86,2398
2.86,2397
2.86,2396
2.87,2395
2.87,2394
2.87,2393
2.87,2392
2.87,2391
2.87,2390
2.88,2389
2.88,2388
2.88,2387
2.88,2386
2.88,2385
2.88,2384
2.89,2383
2.89,2382
2.89,2381
2.89,2380
2.89,2379
2.90,2378
2.90,2377
2.90,2376
2.90,2375
2.90,2374
2.91,2373
2.91,2372
2.91,2371
2.91,2370
2.91,2369
2.91,2368
2.92,2367
2.92,2366
2.92,2365
2.92,2364
2.92,2363
2.92,2362
2.93,2361
2.93,2360
2.93,2359
2.93,2358
2.93,2357
2.94,2356
2.94,2355
2.94,2354
