0.10,3632
0.16,3631
0.18,3630
0.18,3629
0.19,3628
0.20,3627
0.21,3626
0.22,3625
0.22,3624
0.23,3623
0.23,3622
0.24,3621
0.24,3620
0.25,3619
0.26,3618
0.26,3617
0.27,3616
0.27,3615
0.28,3614
0.28,3613
0.29,3612
0.30,3611
0.30,3610
0.31,3609
0.31,3608
0.32,3607
0.32,3606
0.33,3605
0.34,3604
0.34,3603
0.35,3602
0.36,3601
0.36,3600
0.37,3599
0.38,3598
0.38,3597
0.39,3596
0.39,3595
0.40,3594
0.40,3593
0.41,3592
0.41,3591
0.42,3590
0.42,3589
0.42,3588
0.43,3587
0.43,3586
0.44,3585
0.44,3584
0.44,3583
0.45,3582
0.45,3581
0.45,3580
0.45,3579
0.46,3578
0.46,3577
0.46,3576
0.46,3575
0.47,3574
0.47,3573
0.47,3572
0.47,3571
0.47,3570
0.48,3569
0.48,3568
0.48,3567
0.48,3566
0.49,3565
0.49,3564
0.49,3563
0.49,3562
0.50,3561
0.50,3560
0.50,3559
0.50,3558
0.50,3557
0.51,3556
0.51,3555
0.51,3554
0.51,3553
0.51,3552
0.52,3551
0.52,3550
0.52,3549
0.52,3548
0.53,3547
0.53,3546
0.53,3545
0.53,3544
0.53,3543
0.54,3542
0.54,3541
0.54,3540
0.54,3539
0.55,3538
0.55,3537
0.55,3536
0.55,3535
0.55,3534
0.56,3533
0.56,3532
0.56,3531
0.56,3530
0.56,3529
0.57,3528
0.57,3527
0.57,3526
0.57,3525
0.58,3524
0.58,3523
0.58,3522
0.58,3521
0.59,3520
0.59,3519
0.59,3518
0.59,3517
0.59,3516
0.60,3515
0.60,3514
0.60,3513
0.60,3512
0.60,3511
0.61,3510
0.61,3509
0.61,3508
0.61,3507
0.62,3506
0.62,3505
0.62,3504
0.62,3503
0.63,3502
0.63,3501
0.63,3500
0.63,3499
0.64,3498
0.64,3497
0.64,3496
0.64,3495
0.64,3494
0.65,3493
0.65,3492
0.65,3491
0.65,3490
0.65,3489
0.66,3488
0.66,3487
0.66,3486
0.66,3485
0.66,3484
0.67,3483
0.67,3482
0.67,3481
0.67,3480
0.67,3479
0.68,3478
0.68,3477
0.68,3476
0.68,3475
0.68,3474
0.69,3473
0.69,3472
0.69,3471
0.69,3470
0.69,3469
0.70,3468
0.70,3467
0.70,3466
0.70,3465
0.70,3464
0.71,3463
0.71,3462
0.71,3461
0.71,3460
0.71,3459
0.72,3458
0.72,3457
0.72,3456
0.72,3455
0.72,3454
0.73,3453
0.73,3452
0.73,3451
0.73,3450
0.73,3449
0.74,3448
0.74,3447
0.74,3446
0.74,3445
0.74,3444
0.75,3443
0.75,3442
0.75,3441
0.75,3440
0.75,3439
0.76,3438
0.76,3437
0.76,3436
0.76,3435
0.76,3434
0.77,3433
0.77,3432
0.77,3431
0.77,3430
0.77,3429
0.78,3428
0.78,3427
0.78,3426
0.78,3425
0.78,3424
0.79,3423
0.79,3422
0.79,3421
0.79,3420
0.79,3419
0.80,3418
0.80,3417
0.80,3416
0.81,3415
0.81,3414
0.81,3413
0.81,3412
0.81,3411
0.82,3410
0.82,3409
0.82,3408
0.82,3407
0.83,3406
0.83,3405
0.83,3404
0.83,3403
0.83,3402
0.84,3401
0.84,3400
0.84,3399
0.84,3398
0.84,3397
0.85,3396
0.85,3395
0.85,3394
0.85,3393
0.86,3392
0.86,3391
0.86,3390
0.86,3389
0.87,3388
0.87,3387
0.87,3386
0.87,3385
0.87,3384
0.88,3383
0.88,3382
0.88,3381
0.88,3380
0.89,3379
0.89,3378
0.89,3377
0.89,3376
0.89,3375
0.90,3374
0.90,3373
0.90,3372
0.90,3371
0.91,3370
0.91,3369
0.91,3368
0.91,3367
0.91,3366
0.92,3365
0.92,3364
0.92,3363
0.92,3362
0.92,3361
0.93,3360
0.93,3359
0.93,3358
0.93,3357
0.94,3356
0.94,3355
0.94,3354
0.94,3353
0.94,3352
0.95,3351
0.95,3350
0.95,3349
0.95,3348
0.95,3347
0.96,3346
0.96,3345
0.96,3344
0.96,3343
0.96,3342
0.97,3341
0.97,3340
0.97,3339
0.97,3338
0.97,3337
0.98,3336
0.98,3335
0.98,3334
0.99,3333
0.99,3332
0.99,3331
0.99,3330
0.99,3329
1.00,3328
1.00,3327
1.00,3326
1.00,3325
1.01,3324
1.01,3323
1.01,3322
1.01,3321
1.01,3320
1.02,3319
1.02,3318
1.02,3317
1.02,3316
1.03,3315
1.03,3314
1.03,3313
1.03,3312
1.03,3311
1.04,3310
1.04,3309
1.04,3308
1.04,3307
1.04,3306
1.05,3305
1.05,3304
1.05,3303
1.05,3302
1.05,3301
1.06,3300
1.06,3299
1.06,3298
1.06,3297
1.06,3296
1.07,3295
1.07,3294
1.07,3293
1.07,3292
1.07,3291
1.08,3290
1.08,3289
1.08,3288
1.08,3287
1.09,3286
1.09,3285
1.09,3284
1.09,3283
1.09,3282
1.10,3281
1.10,3280
1.10,3279
1.10,3278
1.10,3277
1.11,3276
1.11,3275
1.11,3274
1.11,3273
1.11,3272
1.12,3271
1.12,3270
1.12,3269
1.12,3268
1.12,3267
1.13,3266
1.13,3265
1.13,3264
1.13,3263
1.13,3262
1.14,3261
1.14,3260
1.14,3259
1.14,3258
1.14,3257
1.15,3256
1.15,3255
1.15,3254
1.15,3253
1.15,3252
1.16,3251
1.16,3250
1.16,3249
1.16,3248
1.16,3247
1.17,3246
1.17,3245
1.17,3244
1.17,3243
1.18,3242
1.18,3241
1.18,3240
1.18,3239
1.19,3238
1.19,3237
1.19,3236
1.19,3235
1.20,3234
1.20,3233
1.20,3232
1.20,3231
1.20,3230
1.21,3229
1.21,3228
1.21,3227
1.21,3226
1.22,3225
1.22,3224
1.22,3223
1.22,3222
1.23,3221
1.23,3220
1.23,3219
1.23,3218
1.24,3217
1.24,3216
1.24,3215
1.24,3214
1.25,3213
1.25,3212
1.25,3211
1.25,3210
1.26,3209
1.26,3208
1.26,3207
1.26,3206
1.27,3205
1.27,3204
1.27,3203
1.27,3202
1.28,3201
1.28,3200
1.28,3199
1.28,3198
1.29,3197
1.29,3196
1.29,3195
1.29,3194
1.30,3193
1.30,3192
1.30,3191
1.30,3190
1.31,3189
1.31,3188
1.31,3187
1.31,3186
1.32,3185
1.32,3184
1.32,3183
1.32,3182
1.33,3181
1.33,3180
1.33,3179
1.33,3178
1.33,3177
1.34,3176
1.34,3175
1.34,3174
1.34,3173
1.35,3172
1.35,3171
1.35,3170
1.35,3169
1.36,3168
1.36,3167
1.36,3166
1.36,3165
1.37,3164
1.37,3163
1.37,3162
1.38,3161
1.38,3160
1.38,3159
1.38,3158
1.38,3157
1.39,3156
1.39,3155
1.39,3154
1.39,3153
1.39,3152
1.40,3151
1.40,3150
1.40,3149
1.40,3148
1.40,3147
1.40,3146
1.41,3145
1.41,3144
1.41,3143
1.41,3142
1.41,3141
1.42,3140
1.42,3139
1.42,3138
1.42,3137
1.42,3136
1.43,3135
1.43,3134
1.43,3133
1.43,3132
1.43,3131
1.44,3130
1.44,3129
1.44,3128
1.44,3127
1.44,3126
1.45,3125
1.45,3124
1.45,3123
1.45,3122
1.45,3121
1.46,3120
1.46,3119
1.46,3118
1.46,3117
1.46,3116
1.47,3115
1.47,3114
1.47,3113
1.47,3112
1.47,3111
1.47,3110
1.48,3109
1.48,3108
1.48,3107
1.48,3106
1.48,3105
1.49,3104
1.49,3103
1.49,3102
1.49,3101
1.49,3100
1.50,3099
1.50,3098
1.50,3097
1.50,3096
1.50,3095
1.51,3094
1.51,3093
1.51,3092
1.51,3091
1.51,3090
1.52,3089
1.52,3088
1.52,3087
1.52,3086
1.52,3085
1.53,3084
1.53,3083
1.53,3082
1.53,3081
1.53,3080
1.54,3079
1.54,3078
1.54,3077
1.54,3076
1.54,3075
1.55,3074
1.55,3073
1.55,3072
1.55,3071
1.55,3070
1.56,3069
1.56,3068
1.56,3067
1.56,3066
1.56,3065
1.56,3064
1.57,3063
1.57,3062
1.57,3061
1.57,3060
1.57,3059
1.58,3058
1.58,3057
1.58,3056
1.58,3055
1.58,3054
1.59,3053
1.59,3052
1.59,3051
1.59,3050
1.59,3049
1.60,3048
1.60,3047
1.60,3046
1.60,3045
1.60,3044
1.61,3043
1.61,3042
1.61,3041
1.61,3040
1.61,3039
1.62,3038
1.62,3037
1.62,3036
1.62,3035
1.62,3034
1.63,3033
1.63,3032
1.63,3031
1.63,3030
1.63,3029
1.64,3028
1.64,3027
1.64,3026
1.64,3025
1.64,3024
1.64,3023
1.65,3022
1.65,3021
1.65,3020
1.65,3019
1.65,3018
1.66,3017
1.66,3016
1.66,3015
1.66,3014
1.66,3013
1.67,3012
1.67,3011
1.67,3010
1.67,3009
1.67,3008
1.68,3007
1.68,3006
1.68,3005
1.68,3004
1.68,3003
1.68,3002
1.69,3001
1.69,3000
1.69,2999
1.69,2998
1.69,2997
1.70,2996
1.70,2995
1.70,2994
1.70,2993
1.70,2992
1.71,2991
1.71,2990
1.71,2989
1.71,2988
1.72,2987
1.72,2986
1.72,2985
1.72,2984
1.72,2983
1.73,2982
1.73,2981
1.73,2980
1.73,2979
1.73,2978
1.74,2977
1.74,2976
1.74,2975
1.74,2974
1.74,2973
1.75,2972
1.75,2971
1.75,2970
1.75,2969
1.75,2968
1.76,2967
1.76,2966
1.76,2965
1.76,2964
1.76,2963
1.76,2962
1.77,2961
1.77,2960
1.77,2959
1.77,2958
1.77,2957
1.78,2956
1.78,2955
1.78,2954
1.78,2953
1.78,2952
1.79,2951
1.79,2950
1.79,2949
1.79,2948
1.79,2947
1.79,2946
1.80,2945
1.80,2944
1.80,2943
1.80,2942
1.80,2941
1.81,2940
1.81,2939
1.81,2938
1.81,2937
1.81,2936
1.82,2935
1.82,2934
1.82,2933
1.82,2932
1.82,2931
1.82,2930
1.83,2929
1.83,2928
1.83,2927
1.83,2926
1.83,2925
1.84,2924
1.84,2923
1.84,2922
1.84,2921
1.84,2920
1.85,2919
1.85,2918
1.85,2917
1.85,2916
1.85,2915
1.86,2914
1.86,2913
1.86,2912
1.86,2911
1.86,2910
1.86,2909
1.87,2908
1.87,2907
1.87,2906
1.87,2905
1.87,2904
1.88,2903
1.88,2902
1.88,2901
1.88,2900
1.88,2899
1.89,2898
1.89,2897
1.89,2896
1.89,2895
1.89,2894
1.90,2893
1.90,2892
1.90,2891
1.90,2890
1.90,2889
1.91,2888
1.91,2887
1.91,2886
1.91,2885
1.91,2884
1.92,2883
1.92,2882
1.92,2881
1.92,2880
1.92,2879
1.92,2878
1.93,2877
1.93,2876
1.93,2875
1.93,2874
1.93,2873
1.94,2872
1.94,2871
1.94,2870
1.94,2869
1.94,2868
1.95,2867
1.95,2866
1.95,2865
1.95,2864
1.95,2863
1.95,2862
1.96,2861
1.96,2860
1.96,2859
1.96,2858
1.96,2857
1.97,2856
1.97,2855
1.97,2854
1.97,2853
1.97,2852
1.98,2851
1.98,2850
1.98,2849
1.98,2848
1.98,2847
1.99,2846
1.99,2845
1.99,2844
1.99,2843
1.99,2842
1.99,2841
2.00,2840
2.00,2839
2.00,2838
2.00,2837
2.00,2836
2.01,2835
2.01,2834
2.01,2833
2.01,2832
2.01,2831
2.02,2830
2.02,2829
2.02,2828
2.02,2827
2.02,2826
2.03,2825
2.03,2824
2.03,2823
2.03,2822
2.03,2821
2.04,2820
2.04,2819
2.04,2818
2.04,2817
2.04,2816
2.04,2815
2.05,2814
2.05,2813
2.05,2812
2.05,2811
2.05,2810
2.06,2809
2.06,2808
2.06,2807
2.06,2806
2.06,2805
2.07,2804
2.07,2803
2.07,2802
2.07,2801
2.07,2800
2.07,2799
2.08,2798
2.08,2797
2.08,2796
2.08,2795
2.09,2794
2.09,2793
2.09,2792
2.09,2791
2.10,2790
2.10,2789
2.10,2788
2.10,2787
2.10,2786
2.11,2785
2.11,2784
2.11,2783
2.11,2782
2.11,2781
2.12,2780
2.12,2779
2.12,2778
2.12,2777
2.13,2776
2.13,2775
2.13,2774
2.13,2773
2.13,2772
2.14,2771
2.14,2770
2.14,2769
2.14,2768
2.15,2767
2.15,2766
2.15,2765
2.15,2764
2.16,2763
2.16,2762
2.16,2761
2.16,2760
2.17,2759
2.17,2758
2.17,2757
2.17,2756
2.17,2755
2.18,2754
2.18,2753
2.18,2752
2.18,2751
2.19,2750
2.19,2749
2.19,2748
2.19,2747
2.19,2746
2.20,2745
2.20,2744
2.20,2743
2.20,2742
2.21,2741
2.21,2740
2.21,2739
2.21,2738
2.22,2737
2.22,2736
2.22,2735
2.22,2734
2.23,2733
2.23,2732
2.23,2731
2.23,2730
2.23,2729
2.24,2728
2.24,2727
2.24,2726
2.24,2725
2.25,2724
2.25,2723
2.25,2722
2.25,2721
2.25,2720
2.26,2719
2.26,2718
2.26,2717
2.26,2716
2.27,2715
2.27,2714
2.27,2713
2.27,2712
2.28,2711
2.28,2710
2.28,2709
2.28,2708
2.28,2707
2.29,2706
2.29,2705
2.29,2704
2.29,2703
2.30,2702
2.30,2701
2.30,2700
2.30,2699
2.30,2698
2.31,2697
2.31,2696
2.31,2695
2.31,2694
2.32,2693
2.32,2692
2.32,2691
2.32,2690
2.33,2689
2.33,2688
2.33,2687
2.33,2686
2.33,2685
2.34,2684
2.34,2683
2.34,2682
2.34,2681
2.35,2680
2.35,2679
2.35,2678
2.35,2677
2.36,2676
2.36,2675
2.36,2674
2.36,2673
2.36,2672
2.37,2671
2.37,2670
2.37,2669
2.37,2668
2.38,2667
2.38,2666
2.38,2665
2.38,2664
2.38,2663
2.39,2662
2.39,2661
2.39,2660
2.39,2659
2.40,2658
2.40,2657
2.40,2656
2.40,2655
2.41,2654
2.41,2653
2.41,2652
2.41,2651
2.41,2650
2.42,2649
2.42,2648
2.42,2647
2.42,2646
2.42,2645
2.43,2644
2.43,2643
2.43,2642
2.43,2641
2.44,2640
2.44,2639
2.44,2638
2.44,2637
2.44,2636
2.45,2635
2.45,2634
2.45,2633
2.45,2632
2.46,2631
2.46,2630
2.46,2629
2.46,2628
2.46,2627
2.47,2626
2.47,2625
2.47,2624
2.47,2623
2.48,2622
2.48,2621
2.48,2620
2.48,2619
2.48,2618
2.49,2617
2.49,2616
2.49,2615
2.50,2614
2.50,2613
2.50,2612
2.50,2611
2.50,2610
2.51,2609
2.51,2608
2.51,2607
2.51,2606
2.51,2605
2.51,2604
2.52,2603
2.52,2602
2.52,2601
2.52,2600
2.52,2599
2.53,2598
2.53,2597
2.53,2596
2.53,2595
2.53,2594
2.53,2593
2.54,2592
2.54,2591
2.54,2590
2.54,2589
2.54,2588
2.55,2587
2.55,2586
2.55,2585
2.55,2584
2.55,2583
2.55,2582
2.56,2581
2.56,2580
2.56,2579
2.56,2578
2.56,2577
2.56,2576
2.57,2575
2.57,2574
2.57,2573
2.57,2572
2.57,2571
2.58,2570
2.58,2569
2.58,2568
2.58,2567
2.58,2566
2.58,2565
2.59,2564
2.59,2563
2.59,2562
2.59,2561
2.59,2560
2.60,2559
2.60,2558
2.60,2557
2.60,2556
2.60,2555
2.60,2554
2.61,2553
2.61,2552
2.61,2551
2.61,2550
2.61,2549
2.61,2548
2.62,2547
2.62,2546
2.62,2545
2.62,2544
2.62,2543
2.63,2542
2.63,2541
2.63,2540
2.63,2539
2.63,2538
2.63,2537
2.64,2536
2.64,2535
2.64,2534
2.64,2533
2.64,2532
2.65,2531
2.65,2530
2.65,2529
2.65,2528
2.65,2527
2.65,2526
2.66,2525
2.66,2524
2.66,2523
2.66,2522
2.66,2521
2.67,2520
2.67,2519
2.67,2518
2.67,2517
2.67,2516
2.67,2515
2.68,2514
2.68,2513
2.68,2512
2.68,2511
2.68,2510
2.69,2509
2.69,2508
2.69,2507
2.69,2506
2.69,2505
2.69,2504
2.70,2503
2.70,2502
2.70,2501
2.70,2500
2.70,2499
2.70,2498
2.71,2497
2.71,2496
2.71,2495
2.71,2494
2.71,2493
2.72,2492
2.72,2491
2.72,2490
2.72,2489
2.72,2488
2.72,2487
2.73,2486
2.73,2485
2.73,2484
2.73,2483
2.73,2482
2.73,2481
2.74,2480
2.74,2479
2.74,2478
2.74,2477
2.74,2476
2.75,2475
2.75,2474
2.75,2473
2.75,2472
2.75,2471
2.75,2470
2.76,2469
2.76,2468
2.76,2467
2.76,2466
2.76,2465
2.76,2464
2.77,2463
2.77,2462
2.77,2461
2.77,2460
2.77,2459
2.78,2458
2.78,2457
2.78,2456
2.78,2455
2.78,2454
2.78,2453
2.79,2452
2.79,2451
2.79,2450
2.79,2449
2.79,2448
2.80,2447
2.80,2446
2.80,2445
2.80,2444
2.80,2443
2.80,2442
2.81,2441
2.81,2440
2.81,2439
2.81,2438
2.81,2437
2.81,2436
2.82,2435
2.82,2434
2.82,2433
2.82,2432
2.82,2431
2.82,2430
2.83,2429
2.83,2428
2.83,2427
2.83,2426
2.83,2425
2.84,2424
2.84,2423
2.84,2422
2.84,2421
2.84,2420
2.84,2419
2.85,2418
2.85,2417
2.85,2416
2.85,2415
2.85,2414
2.85,2413
2.86,2412
2.86,2411
2.86,2410
2.86,2409
2.86,2408
2.87,2407
2.87,2406
2.87,2405
2.87,2404
2.87,2403
2.87,2402
2.88,2401
2.88,2400
2.88,2399
2.88,2398
2.88,2397
2.89,2396
2.89,2395
2.89,2394
2.89,2393
2.89,2392
2.89,2391
2.90,2390
2.90,2389
2.90,2388
2.90,2387
2.90,2386
2.90,2385
2.91,2384
2.91,2383
2.91,2382
2.91,2381
2.91,2380
2.91,2379
2.92,2378
2.92,2377
2.92,2376
2.92,2375
2.92,2374
2.92,2373
2.94,2372
2.95,2371
