0.10,3678
0.17,3677
0.18,3676
0.19,3675
0.19,3674
0.20,3673
0.21,3672
0.22,3671
0.23,3670
0.23,3669
0.24,3668
0.24,3667
0.25,3666
0.26,3665
0.26,3664
0.27,3663
0.27,3662
0.28,3661
0.28,3660
0.29,3659
0.30,3658
0.30,3657
0.31,3656
0.31,3655
0.32,3654
0.32,3653
0.33,3652
0.33,3651
0.34,3650
0.34,3649
0.35,3648
0.35,3647
0.36,3646
0.36,3645
0.37,3644
0.38,3643
0.38,3642
0.39,3641
0.39,3640
0.39,3639
0.40,3638
0.40,3637
0.40,3636
0.41,3635
0.41,3634
0.42,3633
0.42,3632
0.42,3631
0.43,3630
0.43,3629
0.43,3628
0.43,3627
0.43,3626
0.44,3625
0.44,3624
0.44,3623
0.44,3622
0.44,3621
0.45,3620
0.45,3619
0.45,3618
0.45,3617
0.46,3616
0.46,3615
0.46,3614
0.46,3613
0.46,3612
0.47,3611
0.47,3610
0.47,3609
0.47,3608
0.47,3607
0.48,3606
0.48,3605
0.48,3604
0.48,3603
0.48,3602
0.49,3601
0.49,3600
0.49,3599
0.49,3598
0.49,3597
0.50,3596
0.50,3595
0.50,3594
0.50,3593
0.51,3592
0.51,3591
0.51,3590
0.51,3589
0.52,3588
0.52,3587
0.52,3586
0.52,3585
0.53,3584
0.53,3583
0.53,3582
0.53,3581
0.53,3580
0.54,3579
0.54,3578
0.54,3577
0.54,3576
0.55,3575
0.55,3574
0.55,3573
0.55,3572
0.56,3571
0.56,3570
0.56,3569
0.56,3568
0.56,3567
0.57,3566
0.57,3565
0.57,3564
0.57,3563
0.57,3562
0.58,3561
0.58,3560
0.58,3559
0.58,3558
0.58,3557
0.59,3556
0.59,3555
0.59,3554
0.59,3553
0.60,3552
0.60,3551
0.60,3550
0.61,3549
0.61,3548
0.61,3547
0.61,3546
0.61,3545
0.62,3544
0.62,3543
0.62,3542
0.62,3541
0.62,3540
0.63,3539
0.63,3538
0.63,3537
0.63,3536
0.63,3535
0.64,3534
0.64,3533
0.64,3532
0.64,3531
0.64,3530
0.65,3529
0.65,3528
0.65,3527
0.65,3526
0.66,3525
0.66,3524
0.66,3523
0.66,3522
0.66,3521
0.67,3520
0.67,3519
0.67,3518
0.67,3517
0.67,3516
0.68,3515
0.68,3514
0.68,3513
0.68,3512
0.68,3511
0.69,3510
0.69,3509
0.69,3508
0.69,3507
0.69,3506
0.70,3505
0.70,3504
0.70,3503
0.70,3502
0.71,3501
0.71,3500
0.71,3499
0.71,3498
0.71,3497
0.72,3496
0.72,3495
0.72,3494
0.72,3493
0.72,3492
0.73,3491
0.73,3490
0.73,3489
0.73,3488
0.73,3487
0.74,3486
0.74,3485
0.74,3484
0.74,3483
0.74,3482
0.75,3481
0.75,3480
0.75,3479
0.75,3478
0.75,3477
0.76,3476
0.76,3475
0.76,3474
0.76,3473
0.76,3472
0.77,3471
0.77,3470
0.77,3469
0.77,3468
0.78,3467
0.78,3466
0.78,3465
0.78,3464
0.79,3463
0.79,3462
0.79,3461
0.79,3460
0.79,3459
0.80,3458
0.80,3457
0.80,3456
0.80,3455
0.80,3454
0.81,3453
0.81,3452
0.81,3451
0.81,3450
0.81,3449
0.82,3448
0.82,3447
0.82,3446
0.82,3445
0.82,3444
0.83,3443
0.83,3442
0.83,3441
0.83,3440
0.83,3439
0.84,3438
0.84,3437
0.84,3436
0.84,3435
0.85,3434
0.85,3433
0.85,3432
0.85,3431
0.85,3430
0.86,3429
0.86,3428
0.86,3427
0.86,3426
0.86,3425
0.87,3424
0.87,3423
0.87,3422
0.87,3421
0.87,3420
0.88,3419
0.88,3418
0.88,3417
0.88,3416
0.89,3415
0.89,3414
0.89,3413
0.89,3412
0.89,3411
0.90,3410
0.90,3409
0.90,3408
0.90,3407
0.90,3406
0.91,3405
0.91,3404
0.91,3403
0.91,3402
0.91,3401
0.92,3400
0.92,3399
0.92,3398
0.92,3397
0.92,3396
0.93,3395
0.93,3394
0.93,3393
0.93,3392
0.93,3391
0.94,3390
0.94,3389
0.94,3388
0.94,3387
0.94,3386
0.95,3385
0.95,3384
0.95,3383
0.96,3382
0.96,3381
0.96,3380
0.96,3379
0.96,3378
0.97,3377
0.97,3376
0.97,3375
0.97,3374
0.98,3373
0.98,3372
0.98,3371
0.98,3370
0.99,3369
0.99,3368
0.99,3367
0.99,3366
0.99,3365
1.00,3364
1.00,3363
1.00,3362
1.00,3361
1.00,3360
1.01,3359
1.01,3358
1.01,3357
1.01,3356
1.02,3355
1.02,3354
1.02,3353
1.02,3352
1.02,3351
1.03,3350
1.03,3349
1.03,3348
1.03,3347
1.03,3346
1.04,3345
1.04,3344
1.04,3343
1.04,3342
1.04,3341
1.05,3340
1.05,3339
1.05,3338
1.05,3337
1.05,3336
1.06,3335
1.06,3334
1.06,3333
1.06,3332
1.06,3331
1.07,3330
1.07,3329
1.07,3328
1.07,3327
1.08,3326
1.08,3325
1.08,3324
1.08,3323
1.08,3322
1.09,3321
1.09,3320
1.09,3319
1.09,3318
1.09,3317
1.10,3316
1.10,3315
1.10,3314
1.10,3313
1.10,3312
1.11,3311
1.11,3310
1.11,3309
1.11,3308
1.11,3307
1.12,3306
1.12,3305
1.12,3304
1.12,3303
1.13,3302
1.13,3301
1.13,3300
1.13,3299
1.13,3298
1.14,3297
1.14,3296
1.14,3295
1.14,3294
1.15,3293
1.15,3292
1.15,3291
1.15,3290
1.16,3289
1.16,3288
1.16,3287
1.16,3286
1.16,3285
1.17,3284
1.17,3283
1.17,3282
1.17,3281
1.18,3280
1.18,3279
1.18,3278
1.18,3277
1.19,3276
1.19,3275
1.19,3274
1.19,3273
1.20,3272
1.20,3271
1.20,3270
1.20,3269
1.21,3268
1.21,3267
1.21,3266
1.21,3265
1.22,3264
1.22,3263
1.22,3262
1.22,3261
1.23,3260
1.23,3259
1.23,3258
1.23,3257
1.23,3256
1.24,3255
1.24,3254
1.24,3253
1.24,3252
1.25,3251
1.25,3250
1.25,3249
1.25,3248
1.26,3247
1.26,3246
1.26,3245
1.26,3244
1.27,3243
1.27,3242
1.27,3241
1.27,3240
1.28,3239
1.28,3238
1.28,3237
1.28,3236
1.29,3235
1.29,3234
1.29,3233
1.29,3232
1.30,3231
1.30,3230
1.30,3229
1.30,3228
1.31,3227
1.31,3226
1.31,3225
1.31,3224
1.32,3223
1.32,3222
1.32,3221
1.32,3220
1.33,3219
1.33,3218
1.33,3217
1.34,3216
1.34,3215
1.34,3214
1.34,3213
1.34,3212
1.35,3211
1.35,3210
1.35,3209
1.35,3208
1.35,3207
1.36,3206
1.36,3205
1.36,3204
1.36,3203
1.36,3202
1.37,3201
1.37,3200
1.37,3199
1.37,3198
1.37,3197
1.38,3196
1.38,3195
1.38,3194
1.38,3193
1.38,3192
1.39,3191
1.39,3190
1.39,3189
1.39,3188
1.39,3187
1.40,3186
1.40,3185
1.40,3184
1.40,3183
1.40,3182
1.41,3181
1.41,3180
1.41,3179
1.41,3178
1.41,3177
1.42,3176
1.42,3175
1.42,3174
1.42,3173
1.43,3172
1.43,3171
1.43,3170
1.43,3169
1.43,3168
1.44,3167
1.44,3166
1.44,3165
1.44,3164
1.44,3163
1.45,3162
1.45,3161
1.45,3160
1.45,3159
1.45,3158
1.46,3157
1.46,3156
1.46,3155
1.46,3154
1.46,3153
1.47,3152
1.47,3151
1.47,3150
1.47,3149
1.47,3148
1.48,3147
1.48,3146
1.48,3145
1.48,3144
1.48,3143
1.49,3142
1.49,3141
1.49,3140
1.49,3139
1.49,3138
1.50,3137
1.50,3136
1.50,3135
1.50,3134
1.50,3133
1.51,3132
1.51,3131
1.51,3130
1.51,3129
1.51,3128
1.52,3127
1.52,3126
1.52,3125
1.52,3124
1.52,3123
1.53,3122
1.53,3121
1.53,3120
1.53,3119
1.53,3118
1.54,3117
1.54,3116
1.54,3115
1.54,3114
1.54,3113
1.55,3112
1.55,3111
1.55,3110
1.55,3109
1.55,3108
1.56,3107
1.56,3106
1.56,3105
1.56,3104
1.57,3103
1.57,3102
1.57,3101
1.57,3100
1.57,3099
1.58,3098
1.58,3097
1.58,3096
1.58,3095
1.58,3094
1.59,3093
1.59,3092
1.59,3091
1.59,3090
1.59,3089
1.60,3088
1.60,3087
1.60,3086
1.60,3085
1.60,3084
1.61,3083
1.61,3082
1.61,3081
1.61,3080
1.61,3079
1.62,3078
1.62,3077
1.62,3076
1.62,3075
1.62,3074
1.63,3073
1.63,3072
1.63,3071
1.63,3070
1.63,3069
1.64,3068
1.64,3067
1.64,3066
1.64,3065
1.64,3064
1.65,3063
1.65,3062
1.65,3061
1.65,3060
1.65,3059
1.66,3058
1.66,3057
1.66,3056
1.66,3055
1.66,3054
1.67,3053
1.67,3052
1.67,3051
1.67,3050
1.67,3049
1.68,3048
1.68,3047
1.68,3046
1.68,3045
1.69,3044
1.69,3043
1.69,3042
1.69,3041
1.69,3040
1.70,3039
1.70,3038
1.70,3037
1.70,3036
1.70,3035
1.71,3034
1.71,3033
1.71,3032
1.71,3031
1.71,3030
1.72,3029
1.72,3028
1.72,3027
1.72,3026
1.72,3025
1.73,3024
1.73,3023
1.73,3022
1.73,3021
1.73,3020
1.74,3019
1.74,3018
1.74,3017
1.74,3016
1.74,3015
1.75,3014
1.75,3013
1.75,3012
1.75,3011
1.75,3010
1.76,3009
1.76,3008
1.76,3007
1.76,3006
1.76,3005
1.77,3004
1.77,3003
1.77,3002
1.77,3001
1.77,3000
1.78,2999
1.78,2998
1.78,2997
1.78,2996
1.78,2995
1.79,2994
1.79,2993
1.79,2992
1.79,2991
1.79,2990
1.80,2989
1.80,2988
1.80,2987
1.80,2986
1.80,2985
1.81,2984
1.81,2983
1.81,2982
1.81,2981
1.81,2980
1.82,2979
1.82,2978
1.82,2977
1.82,2976
1.82,2975
1.83,2974
1.83,2973
1.83,2972
1.83,2971
1.83,2970
1.84,2969
1.84,2968
1.84,2967
1.84,2966
1.84,2965
1.85,2964
1.85,2963
1.85,2962
1.85,2961
1.85,2960
1.86,2959
1.86,2958
1.86,2957
1.86,2956
1.86,2955
1.87,2954
1.87,2953
1.87,2952
1.87,2951
1.87,2950
1.87,2949
1.88,2948
1.88,2947
1.88,2946
1.88,2945
1.88,2944
1.89,2943
1.89,2942
1.89,2941
1.89,2940
1.89,2939
1.90,2938
1.90,2937
1.90,2936
1.90,2935
1.90,2934
1.91,2933
1.91,2932
1.91,2931
1.91,2930
1.91,2929
1.92,2928
1.92,2927
1.92,2926
1.92,2925
1.92,2924
1.93,2923
1.93,2922
1.93,2921
1.93,2920
1.93,2919
1.94,2918
1.94,2917
1.94,2916
1.94,2915
1.94,2914
1.95,2913
1.95,2912
1.95,2911
1.95,2910
1.95,2909
1.96,2908
1.96,2907
1.96,2906
1.96,2905
1.96,2904
1.97,2903
1.97,2902
1.97,2901
1.97,2900
1.97,2899
1.97,2898
1.98,2897
1.98,2896
1.98,2895
1.98,2894
1.98,2893
1.99,2892
1.99,2891
1.99,2890
1.99,2889
1.99,2888
2.00,2887
2.00,2886
2.00,2885
2.00,2884
2.00,2883
2.01,2882
2.01,2881
2.01,2880
2.01,2879
2.01,2878
2.02,2877
2.02,2876
2.02,2875
2.02,2874
2.03,2873
2.03,2872
2.03,2871
2.03,2870
2.03,2869
2.04,2868
2.04,2867
2.04,2866
2.04,2865
2.04,2864
2.05,2863
2.05,2862
2.05,2861
2.05,2860
2.05,2859
2.06,2858
2.06,2857
2.06,2856
2.06,2855
2.06,2854
2.07,2853
2.07,2852
2.07,2851
2.07,2850
2.08,2849
2.08,2848
2.08,2847
2.08,2846
2.08,2845
2.09,2844
2.09,2843
2.09,2842
2.09,2841
2.10,2840
2.10,2839
2.10,2838
2.10,2837
2.10,2836
2.11,2835
2.11,2834
2.11,2833
2.11,2832
2.12,2831
2.12,2830
2.12,2829
2.12,2828
2.13,2827
2.13,2826
2.13,2825
2.13,2824
2.13,2823
2.14,2822
2.14,2821
2.14,2820
2.14,2819
2.15,2818
2.15,2817
2.15,2816
2.15,2815
2.16,2814
2.16,2813
2.16,2812
2.16,2811
2.17,2810
2.17,2809
2.17,2808
2.17,2807
2.18,2806
2.18,2805
2.18,2804
2.18,2803
2.19,2802
2.19,2801
2.19,2800
2.19,2799
2.19,2798
2.20,2797
2.20,2796
2.20,2795
2.20,2794
2.21,2793
2.21,2792
2.21,2791
2.21,2790
2.22,2789
2.22,2788
2.22,2787
2.22,2786
2.23,2785
2.23,2784
2.23,2783
2.23,2782
2.24,2781
2.24,2780
2.24,2779
2.24,2778
2.24,2777
2.25,2776
2.25,2775
2.25,2774
2.25,2773
2.26,2772
2.26,2771
2.26,2770
2.26,2769
2.27,2768
2.27,2767
2.27,2766
2.27,2765
2.27,2764
2.28,2763
2.28,2762
2.28,2761
2.28,2760
2.29,2759
2.29,2758
2.29,2757
2.29,2756
2.30,2755
2.30,2754
2.30,2753
2.30,2752
2.30,2751
2.31,2750
2.31,2749
2.31,2748
2.31,2747
2.32,2746
2.32,2745
2.32,2744
2.32,2743
2.32,2742
2.33,2741
2.33,2740
2.33,2739
2.33,2738
2.34,2737
2.34,2736
2.34,2735
2.34,2734
2.35,2733
2.35,2732
2.35,2731
2.35,2730
2.35,2729
2.36,2728
2.36,2727
2.36,2726
2.36,2725
2.37,2724
2.37,2723
2.37,2722
2.37,2721
2.38,2720
2.38,2719
2.38,2718
2.38,2717
2.39,2716
2.39,2715
2.39,2714
2.39,2713
2.39,2712
2.40,2711
2.40,2710
2.40,2709
2.40,2708
2.41,2707
2.41,2706
2.41,2705
2.41,2704
2.42,2703
2.42,2702
2.42,2701
2.42,2700
2.42,2699
2.43,2698
2.43,2697
2.43,2696
2.43,2695
2.44,2694
2.44,2693
2.44,2692
2.44,2691
2.45,2690
2.45,2689
2.45,2688
2.45,2687
2.46,2686
2.46,2685
2.46,2684
2.46,2683
2.46,2682
2.47,2681
2.47,2680
2.47,2679
2.48,2678
2.48,2677
2.48,2676
2.48,2675
2.49,2674
2.49,2673
2.49,2672
2.49,2671
2.49,2670
2.49,2669
2.50,2668
2.50,2667
2.50,2666
2.50,2665
2.50,2664
2.51,2663
2.51,2662
2.51,2661
2.51,2660
2.51,2659
2.52,2658
2.52,2657
2.52,2656
2.52,2655
2.52,2654
2.52,2653
2.53,2652
2.53,2651
2.53,2650
2.53,2649
2.53,2648
2.54,2647
2.54,2646
2.54,2645
2.54,2644
2.54,2643
2.55,2642
2.55,2641
2.55,2640
2.55,2639
2.55,2638
2.56,2637
2.56,2636
2.56,2635
2.56,2634
2.56,2633
2.57,2632
2.57,2631
2.57,2630
2.57,2629
2.57,2628
2.58,2627
2.58,2626
2.58,2625
2.58,2624
2.58,2623
2.58,2622
2.59,2621
2.59,2620
2.59,2619
2.59,2618
2.59,2617
2.60,2616
2.60,2615
2.60,2614
2.60,2613
2.60,2612
2.61,2611
2.61,2610
2.61,2609
2.61,2608
2.61,2607
2.61,2606
2.62,2605
2.62,2604
2.62,2603
2.62,2602
2.62,2601
2.63,2600
2.63,2599
2.63,2598
2.63,2597
2.63,2596
2.63,2595
2.64,2594
2.64,2593
2.64,2592
2.64,2591
2.64,2590
2.65,2589
2.65,2588
2.65,2587
2.65,2586
2.65,2585
2.66,2584
2.66,2583
2.66,2582
2.66,2581
2.66,2580
2.66,2579
2.67,2578
2.67,2577
2.67,2576
2.67,2575
2.67,2574
2.68,2573
2.68,2572
2.68,2571
2.68,2570
2.68,2569
2.69,2568
2.69,2567
2.69,2566
2.69,2565
2.69,2564
2.69,2563
2.70,2562
2.70,2561
2.70,2560
2.70,2559
2.70,2558
2.71,2557
2.71,2556
2.71,2555
2.71,2554
2.71,2553
2.71,2552
2.72,2551
2.72,2550
2.72,2549
2.72,2548
2.72,2547
2.73,2546
2.73,2545
2.73,2544
2.73,2543
2.73,2542
2.73,2541
2.74,2540
2.74,2539
2.74,2538
2.74,2537
2.74,2536
2.75,2535
2.75,2534
2.75,2533
2.75,2532
2.75,2531
2.76,2530
2.76,2529
2.76,2528
2.76,2527
2.76,2526
2.77,2525
2.77,2524
2.77,2523
2.77,2522
2.77,2521
2.77,2520
2.78,2519
2.78,2518
2.78,2517
2.78,2516
2.78,2515
2.79,2514
2.79,2513
2.79,2512
2.79,2511
2.79,2510
2.80,2509
2.80,2508
2.80,2507
2.80,2506
2.80,2505
2.80,2504
2.81,2503
2.81,2502
2.81,2501
2.81,2500
2.81,2499
2.82,2498
2.82,2497
2.82,2496
2.82,2495
2.82,2494
2.83,2493
2.83,2492
2.83,2491
2.83,2490
2.83,2489
2.83,2488
2.84,2487
2.84,2486
2.84,2485
2.84,2484
2.84,2483
2.85,2482
2.85,2481
2.85,2480
2.85,2479
2.85,2478
2.85,2477
2.86,2476
2.86,2475
2.86,2474
2.86,2473
2.86,2472
2.87,2471
2.87,2470
2.87,2469
2.87,2468
2.87,2467
2.88,2466
2.88,2465
2.88,2464
2.88,2463
2.88,2462
2.88,2461
2.89,2460
2.89,2459
2.89,2458
2.89,2457
2.89,2456
2.90,2455
2.90,2454
2.90,2453
2.90,2452
2.90,2451
2.91,2450
2.91,2449
2.91,2448
2.91,2447
2.91,2446
2.91,2445
2.92,2444
2.92,2443
2.92,2442
2.92,2441
2.92,2440
2.93,2439
2.93,2438
2.93,2437
2.93,2436
2.93,2435
2.93,2434
2.94,2433
2.94,2432
2.94,2431
2.94,2430
2.94,2429
2.95,2428
2.95,2427
2.95,2426
2.95,2425
2.95,2424
2.95,2423
2.96,2422
2.96,2421
2.96,2420
2.96,2419
2.96,2418
2.97,2417
2.97,2416
2.97,2415
2.97,2414
2.97,2413
2.98,2412
2.98,2411
2.98,2410
2.98,2409
2.98,2408
2.98,2407
2.99,2406
2.99,2405
2.99,2404
2.99,2403
2.99,2402
2.99,2401
3.00,2400
3.00,2399
3.00,2398
3.00,2397
3.00,2396
3.01,2395
3.01,2394
3.01,2393
3.01,2392
3.01,2391
3.02,2390
3.02,2389
3.02,2388
3.02,2387
3.02,2386
3.02,2385
3.03,2384
3.03,2383
3.03,2382
3.04,2381
3.04,2380
3.04,2379
