0.10,3616
0.16,3615
0.18,3614
0.18,3613
0.19,3612
0.20,3611
0.21,3610
0.22,3609
0.23,3608
0.23,3607
0.24,3606
0.24,3605
0.25,3604
0.25,3603
0.26,3602
0.27,3601
0.27,3600
0.28,3599
0.29,3598
0.29,3597
0.30,3596
0.30,3595
0.31,3594
0.31,3593
0.32,3592
0.33,3591
0.34,3590
0.34,3589
0.35,3588
0.36,3587
0.36,3586
0.37,3585
0.37,3584
0.38,3583
0.38,3582
0.39,3581
0.39,3580
0.40,3579
0.41,3578
0.41,3577
0.42,3576
0.42,3575
0.42,3574
0.43,3573
0.43,3572
0.44,3571
0.44,3570
0.45,3569
0.45,3568
0.45,3567
0.45,3566
0.46,3565
0.46,3564
0.46,3563
0.46,3562
0.46,3561
0.47,3560
0.47,3559
0.47,3558
0.47,3557
0.47,3556
0.48,3555
0.48,3554
0.48,3553
0.48,3552
0.48,3551
0.49,3550
0.49,3549
0.49,3548
0.49,3547
0.50,3546
0.50,3545
0.50,3544
0.50,3543
0.50,3542
0.51,3541
0.51,3540
0.51,3539
0.51,3538
0.51,3537
0.52,3536
0.52,3535
0.52,3534
0.52,3533
0.53,3532
0.53,3531
0.53,3530
0.53,3529
0.53,3528
0.54,3527
0.54,3526
0.54,3525
0.54,3524
0.54,3523
0.55,3522
0.55,3521
0.55,3520
0.55,3519
0.55,3518
0.56,3517
0.56,3516
0.56,3515
0.56,3514
0.57,3513
0.57,3512
0.57,3511
0.57,3510
0.57,3509
0.58,3508
0.58,3507
0.58,3506
0.58,3505
0.58,3504
0.59,3503
0.59,3502
0.59,3501
0.59,3500
0.60,3499
0.60,3498
0.60,3497
0.60,3496
0.60,3495
0.61,3494
0.61,3493
0.61,3492
0.61,3491
0.62,3490
0.62,3489
0.62,3488
0.63,3487
0.63,3486
0.63,3485
0.63,3484
0.63,3483
0.64,3482
0.64,3481
0.64,3480
0.64,3479
0.64,3478
0.65,3477
0.65,3476
0.65,3475
0.65,3474
0.65,3473
0.66,3472
0.66,3471
0.66,3470
0.66,3469
0.67,3468
0.67,3467
0.67,3466
0.67,3465
0.67,3464
0.68,3463
0.68,3462
0.68,3461
0.68,3460
0.68,3459
0.69,3458
0.69,3457
0.69,3456
0.69,3455
0.69,3454
0.70,3453
0.70,3452
0.70,3451
0.70,3450
0.70,3449
0.71,3448
0.71,3447
0.71,3446
0.71,3445
0.72,3444
0.72,3443
0.72,3442
0.72,3441
0.72,3440
0.73,3439
0.73,3438
0.73,3437
0.73,3436
0.73,3435
0.74,3434
0.74,3433
0.74,3432
0.74,3431
0.74,3430
0.75,3429
0.75,3428
0.75,3427
0.75,3426
0.75,3425
0.76,3424
0.76,3423
0.76,3422
0.76,3421
0.77,3420
0.77,3419
0.77,3418
0.77,3417
0.77,3416
0.78,3415
0.78,3414
0.78,3413
0.78,3412
0.78,3411
0.79,3410
0.79,3409
0.79,3408
0.79,3407
0.80,3406
0.80,3405
0.80,3404
0.80,3403
0.81,3402
0.81,3401
0.81,3400
0.81,3399
0.82,3398
0.82,3397
0.82,3396
0.82,3395
0.82,3394
0.83,3393
0.83,3392
0.83,3391
0.83,3390
0.83,3389
0.84,3388
0.84,3387
0.84,3386
0.84,3385
0.84,3384
0.85,3383
0.85,3382
0.85,3381
0.85,3380
0.85,3379
0.86,3378
0.86,3377
0.86,3376
0.86,3375
0.86,3374
0.87,3373
0.87,3372
0.87,3371
0.87,3370
0.88,3369
0.88,3368
0.88,3367
0.88,3366
0.88,3365
0.89,3364
0.89,3363
0.89,3362
0.89,3361
0.90,3360
0.90,3359
0.90,3358
0.90,3357
0.90,3356
0.91,3355
0.91,3354
0.91,3353
0.91,3352
0.91,3351
0.92,3350
0.92,3349
0.92,3348
0.92,3347
0.92,3346
0.93,3345
0.93,3344
0.93,3343
0.93,3342
0.93,3341
0.94,3340
0.94,3339
0.94,3338
0.94,3337
0.94,3336
0.95,3335
0.95,3334
0.95,3333
0.95,3332
0.95,3331
0.96,3330
0.96,3329
0.96,3328
0.96,3327
0.96,3326
0.97,3325
0.97,3324
0.97,3323
0.97,3322
0.98,3321
0.98,3320
0.98,3319
0.98,3318
0.99,3317
0.99,3316
0.99,3315
0.99,3314
0.99,3313
1.00,3312
1.00,3311
1.00,3310
1.00,3309
1.01,3308
1.01,3307
1.01,3306
1.01,3305
1.02,3304
1.02,3303
1.02,3302
1.02,3301
1.03,3300
1.03,3299
1.03,3298
1.03,3297
1.03,3296
1.04,3295
1.04,3294
1.04,3293
1.04,3292
1.04,3291
1.05,3290
1.05,3289
1.05,3288
1.05,3287
1.05,3286
1.06,3285
1.06,3284
1.06,3283
1.06,3282
1.07,3281
1.07,3280
1.07,3279
1.07,3278
1.07,3277
1.08,3276
1.08,3275
1.08,3274
1.08,3273
1.08,3272
1.09,3271
1.09,3270
1.09,3269
1.09,3268
1.09,3267
1.10,3266
1.10,3265
1.10,3264
1.10,3263
1.10,3262
1.11,3261
1.11,3260
1.11,3259
1.11,3258
1.12,3257
1.12,3256
1.12,3255
1.12,3254
1.12,3253
1.13,3252
1.13,3251
1.13,3250
1.13,3249
1.13,3248
1.14,3247
1.14,3246
1.14,3245
1.14,3244
1.14,3243
1.15,3242
1.15,3241
1.15,3240
1.15,3239
1.15,3238
1.16,3237
1.16,3236
1.16,3235
1.16,3234
1.16,3233
1.17,3232
1.17,3231
1.17,3230
1.17,3229
1.18,3228
1.18,3227
1.18,3226
1.18,3225
1.19,3224
1.19,3223
1.19,3222
1.19,3221
1.20,3220
1.20,3219
1.20,3218
1.20,3217
1.20,3216
1.21,3215
1.21,3214
1.21,3213
1.21,3212
1.22,3211
1.22,3210
1.22,3209
1.22,3208
1.23,3207
1.23,3206
1.23,3205
1.23,3204
1.24,3203
1.24,3202
1.24,3201
1.25,3200
1.25,3199
1.25,3198
1.25,3197
1.26,3196
1.26,3195
1.26,3194
1.26,3193
1.27,3192
1.27,3191
1.27,3190
1.27,3189
1.28,3188
1.28,3187
1.28,3186
1.28,3185
1.29,3184
1.29,3183
1.29,3182
1.29,3181
1.30,3180
1.30,3179
1.30,3178
1.30,3177
1.31,3176
1.31,3175
1.31,3174
1.31,3173
1.32,3172
1.32,3171
1.32,3170
1.32,3169
1.33,3168
1.33,3167
1.33,3166
1.33,3165
1.34,3164
1.34,3163
1.34,3162
1.34,3161
1.35,3160
1.35,3159
1.35,3158
1.35,3157
1.36,3156
1.36,3155
1.36,3154
1.36,3153
1.36,3152
1.37,3151
1.37,3150
1.38,3149
1.38,3148
1.38,3147
1.38,3146
1.39,3145
1.39,3144
1.39,3143
1.39,3142
1.39,3141
1.39,3140
1.40,3139
1.40,3138
1.40,3137
1.40,3136
1.40,3135
1.41,3134
1.41,3133
1.41,3132
1.41,3131
1.41,3130
1.42,3129
1.42,3128
1.42,3127
1.42,3126
1.42,3125
1.43,3124
1.43,3123
1.43,3122
1.43,3121
1.43,3120
1.44,3119
1.44,3118
1.44,3117
1.44,3116
1.45,3115
1.45,3114
1.45,3113
1.45,3112
1.45,3111
1.45,3110
1.46,3109
1.46,3108
1.46,3107
1.46,3106
1.46,3105
1.47,3104
1.47,3103
1.47,3102
1.47,3101
1.48,3100
1.48,3099
1.48,3098
1.48,3097
1.48,3096
1.49,3095
1.49,3094
1.49,3093
1.49,3092
1.49,3091
1.49,3090
1.50,3089
1.50,3088
1.50,3087
1.50,3086
1.50,3085
1.51,3084
1.51,3083
1.51,3082
1.51,3081
1.51,3080
1.52,3079
1.52,3078
1.52,3077
1.52,3076
1.52,3075
1.53,3074
1.53,3073
1.53,3072
1.53,3071
1.53,3070
1.54,3069
1.54,3068
1.54,3067
1.54,3066
1.54,3065
1.55,3064
1.55,3063
1.55,3062
1.55,3061
1.55,3060
1.56,3059
1.56,3058
1.56,3057
1.56,3056
1.56,3055
1.57,3054
1.57,3053
1.57,3052
1.57,3051
1.58,3050
1.58,3049
1.58,3048
1.58,3047
1.58,3046
1.59,3045
1.59,3044
1.59,3043
1.59,3042
1.59,3041
1.60,3040
1.60,3039
1.60,3038
1.60,3037
1.60,3036
1.61,3035
1.61,3034
1.61,3033
1.61,3032
1.61,3031
1.62,3030
1.62,3029
1.62,3028
1.62,3027
1.62,3026
1.63,3025
1.63,3024
1.63,3023
1.63,3022
1.63,3021
1.64,3020
1.64,3019
1.64,3018
1.64,3017
1.64,3016
1.65,3015
1.65,3014
1.65,3013
1.65,3012
1.65,3011
1.66,3010
1.66,3009
1.66,3008
1.66,3007
1.66,3006
1.67,3005
1.67,3004
1.67,3003
1.67,3002
1.67,3001
1.68,3000
1.68,2999
1.68,2998
1.68,2997
1.68,2996
1.69,2995
1.69,2994
1.69,2993
1.69,2992
1.69,2991
1.70,2990
1.70,2989
1.70,2988
1.70,2987
1.70,2986
1.71,2985
1.71,2984
1.71,2983
1.71,2982
1.71,2981
1.72,2980
1.72,2979
1.72,2978
1.72,2977
1.72,2976
1.73,2975
1.73,2974
1.73,2973
1.73,2972
1.74,2971
1.74,2970
1.74,2969
1.74,2968
1.75,2967
1.75,2966
1.75,2965
1.75,2964
1.75,2963
1.75,2962
1.76,2961
1.76,2960
1.76,2959
1.76,2958
1.76,2957
1.77,2956
1.77,2955
1.77,2954
1.77,2953
1.77,2952
1.78,2951
1.78,2950
1.78,2949
1.78,2948
1.78,2947
1.79,2946
1.79,2945
1.79,2944
1.79,2943
1.79,2942
1.80,2941
1.80,2940
1.80,2939
1.80,2938
1.80,2937
1.81,2936
1.81,2935
1.81,2934
1.81,2933
1.81,2932
1.82,2931
1.82,2930
1.82,2929
1.82,2928
1.82,2927
1.83,2926
1.83,2925
1.83,2924
1.83,2923
1.83,2922
1.84,2921
1.84,2920
1.84,2919
1.84,2918
1.84,2917
1.84,2916
1.85,2915
1.85,2914
1.85,2913
1.85,2912
1.85,2911
1.86,2910
1.86,2909
1.86,2908
1.86,2907
1.86,2906
1.87,2905
1.87,2904
1.87,2903
1.87,2902
1.87,2901
1.88,2900
1.88,2899
1.88,2898
1.88,2897
1.88,2896
1.89,2895
1.89,2894
1.89,2893
1.89,2892
1.89,2891
1.90,2890
1.90,2889
1.90,2888
1.90,2887
1.90,2886
1.91,2885
1.91,2884
1.91,2883
1.91,2882
1.91,2881
1.92,2880
1.92,2879
1.92,2878
1.92,2877
1.92,2876
1.93,2875
1.93,2874
1.93,2873
1.93,2872
1.93,2871
1.94,2870
1.94,2869
1.94,2868
1.94,2867
1.94,2866
1.95,2865
1.95,2864
1.95,2863
1.95,2862
1.95,2861
1.96,2860
1.96,2859
1.96,2858
1.96,2857
1.96,2856
1.97,2855
1.97,2854
1.97,2853
1.97,2852
1.97,2851
1.98,2850
1.98,2849
1.98,2848
1.98,2847
1.98,2846
1.99,2845
1.99,2844
1.99,2843
1.99,2842
1.99,2841
1.99,2840
2.00,2839
2.00,2838
2.00,2837
2.00,2836
2.01,2835
2.01,2834
2.01,2833
2.01,2832
2.01,2831
2.02,2830
2.02,2829
2.02,2828
2.02,2827
2.02,2826
2.03,2825
2.03,2824
2.03,2823
2.03,2822
2.03,2821
2.04,2820
2.04,2819
2.04,2818
2.04,2817
2.04,2816
2.05,2815
2.05,2814
2.05,2813
2.05,2812
2.05,2811
2.06,2810
2.06,2809
2.06,2808
2.06,2807
2.06,2806
2.06,2805
2.07,2804
2.07,2803
2.07,2802
2.07,2801
2.07,2800
2.08,2799
2.08,2798
2.08,2797
2.08,2796
2.08,2795
2.09,2794
2.09,2793
2.09,2792
2.09,2791
2.09,2790
2.10,2789
2.10,2788
2.10,2787
2.10,2786
2.10,2785
2.11,2784
2.11,2783
2.11,2782
2.11,2781
2.12,2780
2.12,2779
2.12,2778
2.12,2777
2.12,2776
2.13,2775
2.13,2774
2.13,2773
2.14,2772
2.14,2771
2.14,2770
2.14,2769
2.14,2768
2.15,2767
2.15,2766
2.15,2765
2.15,2764
2.16,2763
2.16,2762
2.16,2761
2.16,2760
2.16,2759
2.17,2758
2.17,2757
2.17,2756
2.17,2755
2.18,2754
2.18,2753
2.18,2752
2.18,2751
2.19,2750
2.19,2749
2.19,2748
2.19,2747
2.19,2746
2.20,2745
2.20,2744
2.20,2743
2.20,2742
2.21,2741
2.21,2740
2.21,2739
2.21,2738
2.22,2737
2.22,2736
2.22,2735
2.22,2734
2.23,2733
2.23,2732
2.23,2731
2.23,2730
2.24,2729
2.24,2728
2.24,2727
2.24,2726
2.24,2725
2.25,2724
2.25,2723
2.25,2722
2.25,2721
2.26,2720
2.26,2719
2.26,2718
2.26,2717
2.27,2716
2.27,2715
2.27,2714
2.27,2713
2.27,2712
2.28,2711
2.28,2710
2.28,2709
2.28,2708
2.29,2707
2.29,2706
2.29,2705
2.29,2704
2.30,2703
2.30,2702
2.30,2701
2.30,2700
2.30,2699
2.31,2698
2.31,2697
2.31,2696
2.31,2695
2.32,2694
2.32,2693
2.32,2692
2.32,2691
2.33,2690
2.33,2689
2.33,2688
2.33,2687
2.34,2686
2.34,2685
2.34,2684
2.34,2683
2.34,2682
2.35,2681
2.35,2680
2.35,2679
2.35,2678
2.36,2677
2.36,2676
2.36,2675
2.36,2674
2.36,2673
2.37,2672
2.37,2671
2.37,2670
2.37,2669
2.38,2668
2.38,2667
2.38,2666
2.38,2665
2.39,2664
2.39,2663
2.39,2662
2.39,2661
2.39,2660
2.40,2659
2.40,2658
2.40,2657
2.40,2656
2.41,2655
2.41,2654
2.41,2653
2.41,2652
2.42,2651
2.42,2650
2.42,2649
2.42,2648
2.42,2647
2.43,2646
2.43,2645
2.43,2644
2.43,2643
2.44,2642
2.44,2641
2.44,2640
2.44,2639
2.44,2638
2.45,2637
2.45,2636
2.45,2635
2.45,2634
2.46,2633
2.46,2632
2.46,2631
2.46,2630
2.47,2629
2.47,2628
2.47,2627
2.47,2626
2.47,2625
2.48,2624
2.48,2623
2.48,2622
2.48,2621
2.49,2620
2.49,2619
2.49,2618
2.49,2617
2.49,2616
2.50,2615
2.50,2614
2.50,2613
2.50,2612
2.51,2611
2.51,2610
2.51,2609
2.51,2608
2.52,2607
2.52,2606
2.52,2605
2.52,2604
2.52,2603
2.53,2602
2.53,2601
2.53,2600
2.54,2599
2.54,2598
2.54,2597
2.54,2596
2.54,2595
2.55,2594
2.55,2593
2.55,2592
2.55,2591
2.55,2590
2.56,2589
2.56,2588
2.56,2587
2.56,2586
2.56,2585
2.56,2584
2.57,2583
2.57,2582
2.57,2581
2.57,2580
2.57,2579
2.58,2578
2.58,2577
2.58,2576
2.58,2575
2.58,2574
2.59,2573
2.59,2572
2.59,2571
2.59,2570
2.59,2569
2.60,2568
2.60,2567
2.60,2566
2.60,2565
2.60,2564
2.60,2563
2.61,2562
2.61,2561
2.61,2560
2.61,2559
2.61,2558
2.62,2557
2.62,2556
2.62,2555
2.62,2554
2.62,2553
2.62,2552
2.63,2551
2.63,2550
2.63,2549
2.63,2548
2.63,2547
2.64,2546
2.64,2545
2.64,2544
2.64,2543
2.65,2542
2.65,2541
2.65,2540
2.65,2539
2.65,2538
2.65,2537
2.66,2536
2.66,2535
2.66,2534
2.66,2533
2.66,2532
2.67,2531
2.67,2530
2.67,2529
2.67,2528
2.67,2527
2.68,2526
2.68,2525
2.68,2524
2.68,2523
2.68,2522
2.69,2521
2.69,2520
2.69,2519
2.69,2518
2.69,2517
2.70,2516
2.70,2515
2.70,2514
2.70,2513
2.70,2512
2.70,2511
2.71,2510
2.71,2509
2.71,2508
2.71,2507
2.72,2506
2.72,2505
2.72,2504
2.72,2503
2.72,2502
2.73,2501
2.73,2500
2.73,2499
2.73,2498
2.73,2497
2.73,2496
2.74,2495
2.74,2494
2.74,2493
2.74,2492
2.74,2491
2.75,2490
2.75,2489
2.75,2488
2.75,2487
2.75,2486
2.76,2485
2.76,2484
2.76,2483
2.76,2482
2.76,2481
2.76,2480
2.77,2479
2.77,2478
2.77,2477
2.77,2476
2.78,2475
2.78,2474
2.78,2473
2.78,2472
2.78,2471
2.78,2470
2.79,2469
2.79,2468
2.79,2467
2.79,2466
2.79,2465
2.80,2464
2.80,2463
2.80,2462
2.80,2461
2.80,2460
2.81,2459
2.81,2458
2.81,2457
2.81,2456
2.81,2455
2.82,2454
2.82,2453
2.82,2452
2.82,2451
2.82,2450
2.82,2449
2.83,2448
2.83,2447
2.83,2446
2.83,2445
2.83,2444
2.84,2443
2.84,2442
2.84,2441
2.84,2440
2.84,2439
2.85,2438
2.85,2437
2.85,2436
2.85,2435
2.85,2434
2.85,2433
2.86,2432
2.86,2431
2.86,2430
2.86,2429
2.86,2428
2.87,2427
2.87,2426
2.87,2425
2.87,2424
2.87,2423
2.88,2422
2.88,2421
2.88,2420
2.88,2419
2.88,2418
2.88,2417
2.89,2416
2.89,2415
2.89,2414
2.89,2413
2.89,2412
2.90,2411
2.90,2410
2.90,2409
2.90,2408
2.90,2407
2.91,2406
2.91,2405
2.91,2404
2.91,2403
2.91,2402
2.92,2401
2.92,2400
2.92,2399
2.92,2398
2.92,2397
2.92,2396
2.93,2395
2.93,2394
2.93,2393
2.93,2392
2.93,2391
2.94,2390
2.94,2389
2.94,2388
2.94,2387
2.94,2386
2.95,2385
2.95,2384
2.95,2383
2.95,2382
2.95,2381
2.96,2380
2.96,2379
2.96,2378
2.96,2377
2.96,2376
2.97,2375
2.97,2374
2.97,2373
2.97,2372
2.97,2371
2.98,2370
2.98,2369
2.98,2368
2.98,2367
2.98,2366
2.99,2365
2.99,2364
2.99,2363
3.00,2362
3.00,2361
3.00,2360
