0.10,3616
0.16,3615
0.17,3614
0.18,3613
0.19,3612
0.20,3611
0.21,3610
0.22,3609
0.22,3608
0.23,3607
0.23,3606
0.24,3605
0.24,3604
0.25,3603
0.25,3602
0.26,3601
0.27,3600
0.27,3599
0.28,3598
0.28,3597
0.29,3596
0.30,3595
0.30,3594
0.31,3593
0.31,3592
0.32,3591
0.33,3590
0.33,3589
0.34,3588
0.34,3587
0.35,3586
0.36,3585
0.36,3584
0.37,3583
0.37,3582
0.38,3581
0.38,3580
0.38,3579
0.39,3578
0.39,3577
0.40,3576
0.40,3575
0.40,3574
0.41,3573
0.41,3572
0.42,3571
0.42,3570
0.43,3569
0.43,3568
0.43,3567
0.43,3566
0.44,3565
0.44,3564
0.44,3563
0.45,3562
0.45,3561
0.45,3560
0.45,3559
0.46,3558
0.46,3557
0.46,3556
0.46,3555
0.47,3554
0.47,3553
0.47,3552
0.47,3551
0.48,3550
0.48,3549
0.48,3548
0.49,3547
0.49,3546
0.49,3545
0.49,3544
0.49,3543
0.50,3542
0.50,3541
0.50,3540
0.50,3539
0.50,3538
0.51,3537
0.51,3536
0.51,3535
0.51,3534
0.52,3533
0.52,3532
0.52,3531
0.52,3530
0.52,3529
0.53,3528
0.53,3527
0.53,3526
0.53,3525
0.54,3524
0.54,3523
0.54,3522
0.54,3521
0.54,3520
0.55,3519
0.55,3518
0.55,3517
0.55,3516
0.55,3515
0.56,3514
0.56,3513
0.56,3512
0.56,3511
0.57,3510
0.57,3509
0.57,3508
0.57,3507
0.57,3506
0.58,3505
0.58,3504
0.58,3503
0.58,3502
0.58,3501
0.59,3500
0.59,3499
0.59,3498
0.59,3497
0.60,3496
0.60,3495
0.60,3494
0.60,3493
0.61,3492
0.61,3491
0.61,3490
0.61,3489
0.61,3488
0.62,3487
0.62,3486
0.62,3485
0.63,3484
0.63,3483
0.63,3482
0.63,3481
0.63,3480
0.64,3479
0.64,3478
0.64,3477
0.64,3476
0.64,3475
0.65,3474
0.65,3473
0.65,3472
0.65,3471
0.65,3470
0.66,3469
0.66,3468
0.66,3467
0.66,3466
0.67,3465
0.67,3464
0.67,3463
0.67,3462
0.67,3461
0.68,3460
0.68,3459
0.68,3458
0.68,3457
0.68,3456
0.69,3455
0.69,3454
0.69,3453
0.69,3452
0.69,3451
0.70,3450
0.70,3449
0.70,3448
0.70,3447
0.70,3446
0.71,3445
0.71,3444
0.71,3443
0.71,3442
0.71,3441
0.72,3440
0.72,3439
0.72,3438
0.72,3437
0.72,3436
0.73,3435
0.73,3434
0.73,3433
0.73,3432
0.73,3431
0.74,3430
0.74,3429
0.74,3428
0.74,3427
0.75,3426
0.75,3425
0.75,3424
0.75,3423
0.76,3422
0.76,3421
0.76,3420
0.76,3419
0.76,3418
0.77,3417
0.77,3416
0.77,3415
0.77,3414
0.78,3413
0.78,3412
0.78,3411
0.78,3410
0.78,3409
0.79,3408
0.79,3407
0.79,3406
0.79,3405
0.80,3404
0.80,3403
0.80,3402
0.80,3401
0.81,3400
0.81,3399
0.81,3398
0.81,3397
0.82,3396
0.82,3395
0.82,3394
0.82,3393
0.82,3392
0.83,3391
0.83,3390
0.83,3389
0.83,3388
0.83,3387
0.84,3386
0.84,3385
0.84,3384
0.84,3383
0.85,3382
0.85,3381
0.85,3380
0.85,3379
0.85,3378
0.86,3377
0.86,3376
0.86,3375
0.86,3374
0.86,3373
0.87,3372
0.87,3371
0.87,3370
0.87,3369
0.87,3368
0.88,3367
0.88,3366
0.88,3365
0.88,3364
0.88,3363
0.89,3362
0.89,3361
0.89,3360
0.89,3359
0.89,3358
0.90,3357
0.90,3356
0.90,3355
0.90,3354
0.91,3353
0.91,3352
0.91,3351
0.91,3350
0.91,3349
0.91,3348
0.92,3347
0.92,3346
0.92,3345
0.92,3344
0.93,3343
0.93,3342
0.93,3341
0.93,3340
0.93,3339
0.94,3338
0.94,3337
0.94,3336
0.94,3335
0.94,3334
0.95,3333
0.95,3332
0.95,3331
0.95,3330
0.96,3329
0.96,3328
0.96,3327
0.96,3326
0.96,3325
0.97,3324
0.97,3323
0.97,3322
0.97,3321
0.98,3320
0.98,3319
0.98,3318
0.98,3317
0.98,3316
0.99,3315
0.99,3314
0.99,3313
0.99,3312
0.99,3311
1.00,3310
1.00,3309
1.00,3308
1.00,3307
1.00,3306
1.01,3305
1.01,3304
1.01,3303
1.01,3302
1.01,3301
1.02,3300
1.02,3299
1.02,3298
1.02,3297
1.03,3296
1.03,3295
1.03,3294
1.03,3293
1.03,3292
1.04,3291
1.04,3290
1.04,3289
1.04,3288
1.04,3287
1.05,3286
1.05,3285
1.05,3284
1.05,3283
1.05,3282
1.06,3281
1.06,3280
1.06,3279
1.06,3278
1.06,3277
1.07,3276
1.07,3275
1.07,3274
1.07,3273
1.08,3272
1.08,3271
1.08,3270
1.08,3269
1.08,3268
1.08,3267
1.09,3266
1.09,3265
1.09,3264
1.09,3263
1.10,3262
1.10,3261
1.10,3260
1.10,3259
1.10,3258
1.11,3257
1.11,3256
1.11,3255
1.11,3254
1.11,3253
1.12,3252
1.12,3251
1.12,3250
1.12,3249
1.12,3248
1.13,3247
1.13,3246
1.13,3245
1.13,3244
1.13,3243
1.13,3242
1.14,3241
1.14,3240
1.14,3239
1.14,3238
1.14,3237
1.15,3236
1.15,3235
1.15,3234
1.15,3233
1.15,3232
1.16,3231
1.16,3230
1.16,3229
1.16,3228
1.17,3227
1.17,3226
1.17,3225
1.17,3224
1.18,3223
1.18,3222
1.18,3221
1.18,3220
1.18,3219
1.19,3218
1.19,3217
1.19,3216
1.19,3215
1.20,3214
1.20,3213
1.20,3212
1.20,3211
1.21,3210
1.21,3209
1.21,3208
1.21,3207
1.21,3206
1.22,3205
1.22,3204
1.22,3203
1.22,3202
1.23,3201
1.23,3200
1.23,3199
1.23,3198
1.24,3197
1.24,3196
1.24,3195
1.24,3194
1.25,3193
1.25,3192
1.25,3191
1.25,3190
1.26,3189
1.26,3188
1.26,3187
1.26,3186
1.27,3185
1.27,3184
1.27,3183
1.27,3182
1.27,3181
1.28,3180
1.28,3179
1.28,3178
1.28,3177
1.29,3176
1.29,3175
1.29,3174
1.29,3173
1.30,3172
1.30,3171
1.30,3170
1.30,3169
1.31,3168
1.31,3167
1.31,3166
1.31,3165
1.32,3164
1.32,3163
1.32,3162
1.32,3161
1.33,3160
1.33,3159
1.33,3158
1.33,3157
1.33,3156
1.34,3155
1.34,3154
1.34,3153
1.34,3152
1.35,3151
1.35,3150
1.35,3149
1.36,3148
1.36,3147
1.36,3146
1.36,3145
1.36,3144
1.36,3143
1.37,3142
1.37,3141
1.37,3140
1.37,3139
1.37,3138
1.38,3137
1.38,3136
1.38,3135
1.38,3134
1.38,3133
1.39,3132
1.39,3131
1.39,3130
1.39,3129
1.39,3128
1.40,3127
1.40,3126
1.40,3125
1.40,3124
1.40,3123
1.41,3122
1.41,3121
1.41,3120
1.41,3119
1.41,3118
1.42,3117
1.42,3116
1.42,3115
1.42,3114
1.42,3113
1.43,3112
1.43,3111
1.43,3110
1.43,3109
1.43,3108
1.44,3107
1.44,3106
1.44,3105
1.44,3104
1.44,3103
1.45,3102
1.45,3101
1.45,3100
1.45,3099
1.45,3098
1.46,3097
1.46,3096
1.46,3095
1.46,3094
1.46,3093
1.47,3092
1.47,3091
1.47,3090
1.47,3089
1.47,3088
1.47,3087
1.48,3086
1.48,3085
1.48,3084
1.48,3083
1.49,3082
1.49,3081
1.49,3080
1.49,3079
1.50,3078
1.50,3077
1.50,3076
1.50,3075
1.50,3074
1.51,3073
1.51,3072
1.51,3071
1.51,3070
1.51,3069
1.52,3068
1.52,3067
1.52,3066
1.52,3065
1.52,3064
1.53,3063
1.53,3062
1.53,3061
1.53,3060
1.53,3059
1.54,3058
1.54,3057
1.54,3056
1.54,3055
1.54,3054
1.55,3053
1.55,3052
1.55,3051
1.55,3050
1.55,3049
1.56,3048
1.56,3047
1.56,3046
1.56,3045
1.56,3044
1.57,3043
1.57,3042
1.57,3041
1.57,3040
1.57,3039
1.58,3038
1.58,3037
1.58,3036
1.58,3035
1.58,3034
1.58,3033
1.59,3032
1.59,3031
1.59,3030
1.59,3029
1.59,3028
1.60,3027
1.60,3026
1.60,3025
1.60,3024
1.60,3023
1.61,3022
1.61,3021
1.61,3020
1.61,3019
1.62,3018
1.62,3017
1.62,3016
1.62,3015
1.62,3014
1.63,3013
1.63,3012
1.63,3011
1.63,3010
1.63,3009
1.64,3008
1.64,3007
1.64,3006
1.64,3005
1.64,3004
1.64,3003
1.65,3002
1.65,3001
1.65,3000
1.65,2999
1.65,2998
1.66,2997
1.66,2996
1.66,2995
1.66,2994
1.66,2993
1.67,2992
1.67,2991
1.67,2990
1.67,2989
1.67,2988
1.68,2987
1.68,2986
1.68,2985
1.68,2984
1.68,2983
1.69,2982
1.69,2981
1.69,2980
1.69,2979
1.69,2978
1.70,2977
1.70,2976
1.70,2975
1.70,2974
1.71,2973
1.71,2972
1.71,2971
1.71,2970
1.71,2969
1.72,2968
1.72,2967
1.72,2966
1.72,2965
1.72,2964
1.73,2963
1.73,2962
1.73,2961
1.73,2960
1.73,2959
1.74,2958
1.74,2957
1.74,2956
1.74,2955
1.74,2954
1.74,2953
1.75,2952
1.75,2951
1.75,2950
1.75,2949
1.75,2948
1.76,2947
1.76,2946
1.76,2945
1.76,2944
1.76,2943
1.77,2942
1.77,2941
1.77,2940
1.77,2939
1.77,2938
1.78,2937
1.78,2936
1.78,2935
1.78,2934
1.78,2933
1.79,2932
1.79,2931
1.79,2930
1.79,2929
1.79,2928
1.79,2927
1.80,2926
1.80,2925
1.80,2924
1.80,2923
1.80,2922
1.81,2921
1.81,2920
1.81,2919
1.81,2918
1.81,2917
1.82,2916
1.82,2915
1.82,2914
1.82,2913
1.82,2912
1.83,2911
1.83,2910
1.83,2909
1.83,2908
1.83,2907
1.84,2906
1.84,2905
1.84,2904
1.84,2903
1.84,2902
1.84,2901
1.85,2900
1.85,2899
1.85,2898
1.85,2897
1.85,2896
1.86,2895
1.86,2894
1.86,2893
1.86,2892
1.86,2891
1.87,2890
1.87,2889
1.87,2888
1.87,2887
1.87,2886
1.87,2885
1.88,2884
1.88,2883
1.88,2882
1.88,2881
1.88,2880
1.89,2879
1.89,2878
1.89,2877
1.89,2876
1.89,2875
1.90,2874
1.90,2873
1.90,2872
1.90,2871
1.90,2870
1.91,2869
1.91,2868
1.91,2867
1.91,2866
1.91,2865
1.92,2864
1.92,2863
1.92,2862
1.92,2861
1.92,2860
1.92,2859
1.93,2858
1.93,2857
1.93,2856
1.93,2855
1.93,2854
1.94,2853
1.94,2852
1.94,2851
1.94,2850
1.94,2849
1.95,2848
1.95,2847
1.95,2846
1.95,2845
1.95,2844
1.96,2843
1.96,2842
1.96,2841
1.96,2840
1.96,2839
1.97,2838
1.97,2837
1.97,2836
1.97,2835
1.97,2834
1.97,2833
1.98,2832
1.98,2831
1.98,2830
1.98,2829
1.98,2828
1.99,2827
1.99,2826
1.99,2825
1.99,2824
1.99,2823
2.00,2822
2.00,2821
2.00,2820
2.00,2819
2.00,2818
2.01,2817
2.01,2816
2.01,2815
2.01,2814
2.01,2813
2.02,2812
2.02,2811
2.02,2810
2.02,2809
2.02,2808
2.02,2807
2.03,2806
2.03,2805
2.03,2804
2.03,2803
2.03,2802
2.04,2801
2.04,2800
2.04,2799
2.04,2798
2.04,2797
2.05,2796
2.05,2795
2.05,2794
2.05,2793
2.05,2792
2.06,2791
2.06,2790
2.06,2789
2.06,2788
2.06,2787
2.07,2786
2.07,2785
2.07,2784
2.07,2783
2.08,2782
2.08,2781
2.08,2780
2.08,2779
2.09,2778
2.09,2777
2.09,2776
2.09,2775
2.09,2774
2.10,2773
2.10,2772
2.10,2771
2.10,2770
2.10,2769
2.11,2768
2.11,2767
2.11,2766
2.11,2765
2.12,2764
2.12,2763
2.12,2762
2.12,2761
2.13,2760
2.13,2759
2.13,2758
2.13,2757
2.13,2756
2.14,2755
2.14,2754
2.14,2753
2.14,2752
2.15,2751
2.15,2750
2.15,2749
2.15,2748
2.15,2747
2.16,2746
2.16,2745
2.16,2744
2.16,2743
2.17,2742
2.17,2741
2.17,2740
2.17,2739
2.18,2738
2.18,2737
2.18,2736
2.18,2735
2.18,2734
2.19,2733
2.19,2732
2.19,2731
2.19,2730
2.20,2729
2.20,2728
2.20,2727
2.20,2726
2.20,2725
2.21,2724
2.21,2723
2.21,2722
2.21,2721
2.22,2720
2.22,2719
2.22,2718
2.22,2717
2.22,2716
2.23,2715
2.23,2714
2.23,2713
2.23,2712
2.24,2711
2.24,2710
2.24,2709
2.24,2708
2.25,2707
2.25,2706
2.25,2705
2.25,2704
2.25,2703
2.26,2702
2.26,2701
2.26,2700
2.26,2699
2.27,2698
2.27,2697
2.27,2696
2.27,2695
2.27,2694
2.28,2693
2.28,2692
2.28,2691
2.28,2690
2.29,2689
2.29,2688
2.29,2687
2.29,2686
2.30,2685
2.30,2684
2.30,2683
2.30,2682
2.30,2681
2.31,2680
2.31,2679
2.31,2678
2.31,2677
2.32,2676
2.32,2675
2.32,2674
2.32,2673
2.33,2672
2.33,2671
2.33,2670
2.33,2669
2.33,2668
2.34,2667
2.34,2666
2.34,2665
2.34,2664
2.35,2663
2.35,2662
2.35,2661
2.35,2660
2.35,2659
2.36,2658
2.36,2657
2.36,2656
2.36,2655
2.37,2654
2.37,2653
2.37,2652
2.37,2651
2.37,2650
2.38,2649
2.38,2648
2.38,2647
2.38,2646
2.39,2645
2.39,2644
2.39,2643
2.39,2642
2.40,2641
2.40,2640
2.40,2639
2.40,2638
2.40,2637
2.41,2636
2.41,2635
2.41,2634
2.41,2633
2.42,2632
2.42,2631
2.42,2630
2.42,2629
2.42,2628
2.43,2627
2.43,2626
2.43,2625
2.43,2624
2.44,2623
2.44,2622
2.44,2621
2.44,2620
2.45,2619
2.45,2618
2.45,2617
2.45,2616
2.45,2615
2.46,2614
2.46,2613
2.46,2612
2.46,2611
2.47,2610
2.47,2609
2.47,2608
2.47,2607
2.47,2606
2.48,2605
2.48,2604
2.48,2603
2.49,2602
2.49,2601
2.49,2600
2.49,2599
2.49,2598
2.50,2597
2.50,2596
2.50,2595
2.50,2594
2.50,2593
2.50,2592
2.51,2591
2.51,2590
2.51,2589
2.51,2588
2.51,2587
2.52,2586
2.52,2585
2.52,2584
2.52,2583
2.52,2582
2.52,2581
2.53,2580
2.53,2579
2.53,2578
2.53,2577
2.53,2576
2.54,2575
2.54,2574
2.54,2573
2.54,2572
2.54,2571
2.54,2570
2.55,2569
2.55,2568
2.55,2567
2.55,2566
2.55,2565
2.55,2564
2.56,2563
2.56,2562
2.56,2561
2.56,2560
2.56,2559
2.57,2558
2.57,2557
2.57,2556
2.57,2555
2.57,2554
2.57,2553
2.58,2552
2.58,2551
2.58,2550
2.58,2549
2.58,2548
2.59,2547
2.59,2546
2.59,2545
2.59,2544
2.59,2543
2.59,2542
2.60,2541
2.60,2540
2.60,2539
2.60,2538
2.60,2537
2.61,2536
2.61,2535
2.61,2534
2.61,2533
2.61,2532
2.61,2531
2.62,2530
2.62,2529
2.62,2528
2.62,2527
2.62,2526
2.62,2525
2.63,2524
2.63,2523
2.63,2522
2.63,2521
2.63,2520
2.64,2519
2.64,2518
2.64,2517
2.64,2516
2.64,2515
2.64,2514
2.65,2513
2.65,2512
2.65,2511
2.65,2510
2.65,2509
2.66,2508
2.66,2507
2.66,2506
2.66,2505
2.66,2504
2.66,2503
2.67,2502
2.67,2501
2.67,2500
2.67,2499
2.67,2498
2.68,2497
2.68,2496
2.68,2495
2.68,2494
2.68,2493
2.68,2492
2.69,2491
2.69,2490
2.69,2489
2.69,2488
2.69,2487
2.70,2486
2.70,2485
2.70,2484
2.70,2483
2.70,2482
2.70,2481
2.71,2480
2.71,2479
2.71,2478
2.71,2477
2.71,2476
2.72,2475
2.72,2474
2.72,2473
2.72,2472
2.72,2471
2.72,2470
2.73,2469
2.73,2468
2.73,2467
2.73,2466
2.73,2465
2.74,2464
2.74,2463
2.74,2462
2.74,2461
2.74,2460
2.74,2459
2.75,2458
2.75,2457
2.75,2456
2.75,2455
2.75,2454
2.76,2453
2.76,2452
2.76,2451
2.76,2450
2.76,2449
2.76,2448
2.77,2447
2.77,2446
2.77,2445
2.77,2444
2.77,2443
2.78,2442
2.78,2441
2.78,2440
2.78,2439
2.78,2438
2.78,2437
2.79,2436
2.79,2435
2.79,2434
2.79,2433
2.79,2432
2.79,2431
2.80,2430
2.80,2429
2.80,2428
2.80,2427
2.80,2426
2.81,2425
2.81,2424
2.81,2423
2.81,2422
2.81,2421
2.81,2420
2.82,2419
2.82,2418
2.82,2417
2.82,2416
2.82,2415
2.82,2414
2.83,2413
2.83,2412
2.83,2411
2.83,2410
2.83,2409
2.84,2408
2.84,2407
2.84,2406
2.84,2405
2.84,2404
2.84,2403
2.85,2402
2.85,2401
2.85,2400
2.85,2399
2.85,2398
2.85,2397
2.86,2396
2.86,2395
2.86,2394
2.86,2393
2.86,2392
2.87,2391
2.87,2390
2.87,2389
2.87,2388
2.87,2387
2.87,2386
2.88,2385
2.88,2384
2.88,2383
2.88,2382
2.88,2381
2.88,2380
2.89,2379
2.89,2378
2.89,2377
2.89,2376
2.89,2375
2.90,2374
2.90,2373
2.90,2372
2.90,2371
2.90,2370
2.90,2369
2.91,2368
2.91,2367
2.91,2366
