0.10,3628
0.17,3627
0.18,3626
0.19,3625
0.19,3624
0.20,3623
0.21,3622
0.22,3621
0.22,3620
0.23,3619
0.24,3618
0.24,3617
0.25,3616
0.25,3615
0.26,3614
0.26,3613
0.27,3612
0.27,3611
0.28,3610
0.29,3609
0.29,3608
0.30,3607
0.30,3606
0.31,3605
0.32,3604
0.32,3603
0.33,3602
0.33,3601
0.34,3600
0.34,3599
0.35,3598
0.35,3597
0.36,3596
0.36,3595
0.37,3594
0.37,3593
0.38,3592
0.38,3591
0.39,3590
0.39,3589
0.39,3588
0.40,3587
0.40,3586
0.41,3585
0.41,3584
0.41,3583
0.42,3582
0.42,3581
0.43,3580
0.43,3579
0.43,3578
0.43,3577
0.44,3576
0.44,3575
0.44,3574
0.44,3573
0.45,3572
0.45,3571
0.45,3570
0.45,3569
0.45,3568
0.46,3567
0.46,3566
0.46,3565
0.46,3564
0.47,3563
0.47,3562
0.47,3561
0.47,3560
0.47,3559
0.48,3558
0.48,3557
0.48,3556
0.48,3555
0.49,3554
0.49,3553
0.49,3552
0.49,3551
0.50,3550
0.50,3549
0.50,3548
0.50,3547
0.50,3546
0.51,3545
0.51,3544
0.51,3543
0.51,3542
0.52,3541
0.52,3540
0.52,3539
0.52,3538
0.53,3537
0.53,3536
0.53,3535
0.53,3534
0.53,3533
0.54,3532
0.54,3531
0.54,3530
0.54,3529
0.55,3528
0.55,3527
0.55,3526
0.55,3525
0.55,3524
0.56,3523
0.56,3522
0.56,3521
0.56,3520
0.57,3519
0.57,3518
0.57,3517
0.57,3516
0.58,3515
0.58,3514
0.58,3513
0.58,3512
0.59,3511
0.59,3510
0.59,3509
0.59,3508
0.59,3507
0.60,3506
0.60,3505
0.60,3504
0.60,3503
0.61,3502
0.61,3501
0.61,3500
0.61,3499
0.62,3498
0.62,3497
0.62,3496
0.63,3495
0.63,3494
0.63,3493
0.63,3492
0.63,3491
0.64,3490
0.64,3489
0.64,3488
0.64,3487
0.65,3486
0.65,3485
0.65,3484
0.65,3483
0.65,3482
0.66,3481
0.66,3480
0.66,3479
0.66,3478
0.67,3477
0.67,3476
0.67,3475
0.67,3474
0.67,3473
0.68,3472
0.68,3471
0.68,3470
0.68,3469
0.69,3468
0.69,3467
0.69,3466
0.69,3465
0.69,3464
0.70,3463
0.70,3462
0.70,3461
0.70,3460
0.71,3459
0.71,3458
0.71,3457
0.71,3456
0.72,3455
0.72,3454
0.72,3453
0.72,3452
0.73,3451
0.73,3450
0.73,3449
0.73,3448
0.74,3447
0.74,3446
0.74,3445
0.74,3444
0.74,3443
0.75,3442
0.75,3441
0.75,3440
0.75,3439
0.76,3438
0.76,3437
0.76,3436
0.76,3435
0.77,3434
0.77,3433
0.77,3432
0.77,3431
0.77,3430
0.78,3429
0.78,3428
0.78,3427
0.78,3426
0.79,3425
0.79,3424
0.79,3423
0.79,3422
0.79,3421
0.80,3420
0.80,3419
0.80,3418
0.80,3417
0.81,3416
0.81,3415
0.81,3414
0.81,3413
0.82,3412
0.82,3411
0.82,3410
0.83,3409
0.83,3408
0.83,3407
0.83,3406
0.83,3405
0.84,3404
0.84,3403
0.84,3402
0.84,3401
0.85,3400
0.85,3399
0.85,3398
0.85,3397
0.85,3396
0.86,3395
0.86,3394
0.86,3393
0.86,3392
0.87,3391
0.87,3390
0.87,3389
0.87,3388
0.87,3387
0.88,3386
0.88,3385
0.88,3384
0.88,3383
0.89,3382
0.89,3381
0.89,3380
0.89,3379
0.90,3378
0.90,3377
0.90,3376
0.90,3375
0.90,3374
0.91,3373
0.91,3372
0.91,3371
0.91,3370
0.92,3369
0.92,3368
0.92,3367
0.92,3366
0.92,3365
0.93,3364
0.93,3363
0.93,3362
0.93,3361
0.94,3360
0.94,3359
0.94,3358
0.94,3357
0.94,3356
0.95,3355
0.95,3354
0.95,3353
0.95,3352
0.96,3351
0.96,3350
0.96,3349
0.96,3348
0.96,3347
0.97,3346
0.97,3345
0.97,3344
0.97,3343
0.98,3342
0.98,3341
0.98,3340
0.98,3339
0.98,3338
0.99,3337
0.99,3336
0.99,3335
0.99,3334
1.00,3333
1.00,3332
1.00,3331
1.00,3330
1.01,3329
1.01,3328
1.01,3327
1.02,3326
1.02,3325
1.02,3324
1.02,3323
1.02,3322
1.03,3321
1.03,3320
1.03,3319
1.03,3318
1.04,3317
1.04,3316
1.04,3315
1.04,3314
1.04,3313
1.05,3312
1.05,3311
1.05,3310
1.05,3309
1.06,3308
1.06,3307
1.06,3306
1.06,3305
1.07,3304
1.07,3303
1.07,3302
1.07,3301
1.07,3300
1.08,3299
1.08,3298
1.08,3297
1.08,3296
1.08,3295
1.09,3294
1.09,3293
1.09,3292
1.09,3291
1.10,3290
1.10,3289
1.10,3288
1.10,3287
1.10,3286
1.11,3285
1.11,3284
1.11,3283
1.11,3282
1.12,3281
1.12,3280
1.12,3279
1.12,3278
1.12,3277
1.13,3276
1.13,3275
1.13,3274
1.13,3273
1.14,3272
1.14,3271
1.14,3270
1.14,3269
1.14,3268
1.15,3267
1.15,3266
1.15,3265
1.15,3264
1.16,3263
1.16,3262
1.16,3261
1.16,3260
1.16,3259
1.17,3258
1.17,3257
1.17,3256
1.17,3255
1.18,3254
1.18,3253
1.18,3252
1.18,3251
1.18,3250
1.19,3249
1.19,3248
1.19,3247
1.19,3246
1.19,3245
1.20,3244
1.20,3243
1.20,3242
1.20,3241
1.21,3240
1.21,3239
1.21,3238
1.21,3237
1.22,3236
1.22,3235
1.22,3234
1.22,3233
1.23,3232
1.23,3231
1.23,3230
1.23,3229
1.24,3228
1.24,3227
1.24,3226
1.25,3225
1.25,3224
1.25,3223
1.25,3222
1.26,3221
1.26,3220
1.26,3219
1.26,3218
1.27,3217
1.27,3216
1.27,3215
1.27,3214
1.28,3213
1.28,3212
1.28,3211
1.28,3210
1.29,3209
1.29,3208
1.29,3207
1.29,3206
1.30,3205
1.30,3204
1.30,3203
1.31,3202
1.31,3201
1.31,3200
1.31,3199
1.32,3198
1.32,3197
1.32,3196
1.32,3195
1.33,3194
1.33,3193
1.33,3192
1.33,3191
1.34,3190
1.34,3189
1.34,3188
1.35,3187
1.35,3186
1.35,3185
1.35,3184
1.36,3183
1.36,3182
1.36,3181
1.36,3180
1.37,3179
1.37,3178
1.37,3177
1.37,3176
1.38,3175
1.38,3174
1.38,3173
1.38,3172
1.39,3171
1.39,3170
1.39,3169
1.39,3168
1.40,3167
1.40,3166
1.40,3165
1.41,3164
1.41,3163
1.41,3162
1.41,3161
1.42,3160
1.42,3159
1.42,3158
1.43,3157
1.43,3156
1.43,3155
1.43,3154
1.43,3153
1.44,3152
1.44,3151
1.44,3150
1.44,3149
1.44,3148
1.45,3147
1.45,3146
1.45,3145
1.45,3144
1.45,3143
1.46,3142
1.46,3141
1.46,3140
1.46,3139
1.47,3138
1.47,3137
1.47,3136
1.47,3135
1.47,3134
1.48,3133
1.48,3132
1.48,3131
1.48,3130
1.48,3129
1.49,3128
1.49,3127
1.49,3126
1.49,3125
1.49,3124
1.50,3123
1.50,3122
1.50,3121
1.50,3120
1.51,3119
1.51,3118
1.51,3117
1.51,3116
1.51,3115
1.52,3114
1.52,3113
1.52,3112
1.52,3111
1.53,3110
1.53,3109
1.53,3108
1.53,3107
1.53,3106
1.54,3105
1.54,3104
1.54,3103
1.54,3102
1.55,3101
1.55,3100
1.55,3099
1.55,3098
1.55,3097
1.56,3096
1.56,3095
1.56,3094
1.56,3093
1.57,3092
1.57,3091
1.57,3090
1.57,3089
1.57,3088
1.58,3087
1.58,3086
1.58,3085
1.58,3084
1.58,3083
1.59,3082
1.59,3081
1.59,3080
1.59,3079
1.59,3078
1.60,3077
1.60,3076
1.60,3075
1.60,3074
1.61,3073
1.61,3072
1.61,3071
1.61,3070
1.61,3069
1.62,3068
1.62,3067
1.62,3066
1.62,3065
1.63,3064
1.63,3063
1.63,3062
1.63,3061
1.63,3060
1.64,3059
1.64,3058
1.64,3057
1.64,3056
1.64,3055
1.65,3054
1.65,3053
1.65,3052
1.65,3051
1.65,3050
1.66,3049
1.66,3048
1.66,3047
1.66,3046
1.66,3045
1.67,3044
1.67,3043
1.67,3042
1.67,3041
1.67,3040
1.68,3039
1.68,3038
1.68,3037
1.68,3036
1.69,3035
1.69,3034
1.69,3033
1.69,3032
1.69,3031
1.70,3030
1.70,3029
1.70,3028
1.70,3027
1.71,3026
1.71,3025
1.71,3024
1.71,3023
1.71,3022
1.72,3021
1.72,3020
1.72,3019
1.72,3018
1.72,3017
1.73,3016
1.73,3015
1.73,3014
1.73,3013
1.73,3012
1.74,3011
1.74,3010
1.74,3009
1.74,3008
1.75,3007
1.75,3006
1.75,3005
1.75,3004
1.75,3003
1.76,3002
1.76,3001
1.76,3000
1.76,2999
1.77,2998
1.77,2997
1.77,2996
1.77,2995
1.77,2994
1.78,2993
1.78,2992
1.78,2991
1.78,2990
1.78,2989
1.79,2988
1.79,2987
1.79,2986
1.79,2985
1.80,2984
1.80,2983
1.80,2982
1.80,2981
1.81,2980
1.81,2979
1.81,2978
1.81,2977
1.81,2976
1.82,2975
1.82,2974
1.82,2973
1.82,2972
1.82,2971
1.83,2970
1.83,2969
1.83,2968
1.83,2967
1.83,2966
1.84,2965
1.84,2964
1.84,2963
1.84,2962
1.85,2961
1.85,2960
1.85,2959
1.85,2958
1.85,2957
1.86,2956
1.86,2955
1.86,2954
1.86,2953
1.86,2952
1.87,2951
1.87,2950
1.87,2949
1.87,2948
1.87,2947
1.88,2946
1.88,2945
1.88,2944
1.88,2943
1.88,2942
1.89,2941
1.89,2940
1.89,2939
1.89,2938
1.89,2937
1.90,2936
1.90,2935
1.90,2934
1.90,2933
1.90,2932
1.91,2931
1.91,2930
1.91,2929
1.91,2928
1.92,2927
1.92,2926
1.92,2925
1.92,2924
1.92,2923
1.93,2922
1.93,2921
1.93,2920
1.93,2919
1.93,2918
1.94,2917
1.94,2916
1.94,2915
1.94,2914
1.94,2913
1.95,2912
1.95,2911
1.95,2910
1.95,2909
1.96,2908
1.96,2907
1.96,2906
1.96,2905
1.96,2904
1.97,2903
1.97,2902
1.97,2901
1.97,2900
1.97,2899
1.98,2898
1.98,2897
1.98,2896
1.98,2895
1.98,2894
1.99,2893
1.99,2892
1.99,2891
1.99,2890
2.00,2889
2.00,2888
2.00,2887
2.00,2886
2.00,2885
2.01,2884
2.01,2883
2.01,2882
2.01,2881
2.01,2880
2.02,2879
2.02,2878
2.02,2877
2.02,2876
2.02,2875
2.03,2874
2.03,2873
2.03,2872
2.03,2871
2.03,2870
2.04,2869
2.04,2868
2.04,2867
2.04,2866
2.05,2865
2.05,2864
2.05,2863
2.05,2862
2.05,2861
2.06,2860
2.06,2859
2.06,2858
2.06,2857
2.06,2856
2.07,2855
2.07,2854
2.07,2853
2.07,2852
2.07,2851
2.08,2850
2.08,2849
2.08,2848
2.08,2847
2.08,2846
2.09,2845
2.09,2844
2.09,2843
2.09,2842
2.09,2841
2.10,2840
2.10,2839
2.10,2838
2.10,2837
2.10,2836
2.11,2835
2.11,2834
2.11,2833
2.11,2832
2.12,2831
2.12,2830
2.12,2829
2.12,2828
2.12,2827
2.13,2826
2.13,2825
2.13,2824
2.13,2823
2.13,2822
2.14,2821
2.14,2820
2.14,2819
2.14,2818
2.15,2817
2.15,2816
2.15,2815
2.15,2814
2.15,2813
2.16,2812
2.16,2811
2.16,2810
2.16,2809
2.16,2808
2.17,2807
2.17,2806
2.17,2805
2.18,2804
2.18,2803
2.18,2802
2.18,2801
2.18,2800
2.19,2799
2.19,2798
2.19,2797
2.19,2796
2.19,2795
2.20,2794
2.20,2793
2.20,2792
2.20,2791
2.20,2790
2.21,2789
2.21,2788
2.21,2787
2.21,2786
2.21,2785
2.22,2784
2.22,2783
2.22,2782
2.22,2781
2.22,2780
2.23,2779
2.23,2778
2.23,2777
2.23,2776
2.23,2775
2.24,2774
2.24,2773
2.24,2772
2.24,2771
2.24,2770
2.24,2769
2.25,2768
2.25,2767
2.25,2766
2.25,2765
2.25,2764
2.26,2763
2.26,2762
2.26,2761
2.26,2760
2.26,2759
2.27,2758
2.27,2757
2.27,2756
2.27,2755
2.27,2754
2.28,2753
2.28,2752
2.28,2751
2.28,2750
2.28,2749
2.29,2748
2.29,2747
2.29,2746
2.29,2745
2.29,2744
2.30,2743
2.30,2742
2.30,2741
2.30,2740
2.30,2739
2.31,2738
2.31,2737
2.31,2736
2.31,2735
2.31,2734
2.32,2733
2.32,2732
2.32,2731
2.32,2730
2.32,2729
2.32,2728
2.33,2727
2.33,2726
2.33,2725
2.33,2724
2.33,2723
2.34,2722
2.34,2721
2.34,2720
2.34,2719
2.34,2718
2.35,2717
2.35,2716
2.35,2715
2.35,2714
2.35,2713
2.36,2712
2.36,2711
2.36,2710
2.36,2709
2.36,2708
2.37,2707
2.37,2706
2.37,2705
2.37,2704
2.37,2703
2.38,2702
2.38,2701
2.38,2700
2.38,2699
2.38,2698
2.39,2697
2.39,2696
2.39,2695
2.39,2694
2.39,2693
2.39,2692
2.40,2691
2.40,2690
2.40,2689
2.40,2688
2.40,2687
2.41,2686
2.41,2685
2.41,2684
2.41,2683
2.41,2682
2.42,2681
2.42,2680
2.42,2679
2.42,2678
2.42,2677
2.43,2676
2.43,2675
2.43,2674
2.43,2673
2.43,2672
2.44,2671
2.44,2670
2.44,2669
2.44,2668
2.44,2667
2.45,2666
2.45,2665
2.45,2664
2.45,2663
2.45,2662
2.46,2661
2.46,2660
2.46,2659
2.46,2658
2.46,2657
2.47,2656
2.47,2655
2.47,2654
2.47,2653
2.47,2652
2.48,2651
2.48,2650
2.48,2649
2.48,2648
2.48,2647
2.49,2646
2.49,2645
2.49,2644
2.49,2643
2.49,2642
2.49,2641
2.50,2640
2.50,2639
2.50,2638
2.50,2637
2.50,2636
2.51,2635
2.51,2634
2.51,2633
2.51,2632
2.51,2631
2.52,2630
2.52,2629
2.52,2628
2.52,2627
2.52,2626
2.53,2625
2.53,2624
2.53,2623
2.53,2622
2.53,2621
2.54,2620
2.54,2619
2.54,2618
2.54,2617
2.54,2616
2.55,2615
2.55,2614
2.55,2613
2.55,2612
2.55,2611
2.56,2610
2.56,2609
2.56,2608
2.56,2607
2.56,2606
2.57,2605
2.57,2604
2.57,2603
2.57,2602
2.57,2601
2.58,2600
2.58,2599
2.58,2598
2.58,2597
2.58,2596
2.58,2595
2.59,2594
2.59,2593
2.59,2592
2.59,2591
2.59,2590
2.60,2589
2.60,2588
2.60,2587
2.60,2586
2.60,2585
2.61,2584
2.61,2583
2.61,2582
2.61,2581
2.61,2580
2.62,2579
2.62,2578
2.62,2577
2.62,2576
2.62,2575
2.63,2574
2.63,2573
2.63,2572
2.63,2571
2.63,2570
2.64,2569
2.64,2568
2.64,2567
2.64,2566
2.64,2565
2.64,2564
2.65,2563
2.65,2562
2.65,2561
2.65,2560
2.65,2559
2.66,2558
2.66,2557
2.66,2556
2.66,2555
2.66,2554
2.67,2553
2.67,2552
2.67,2551
2.67,2550
2.67,2549
2.68,2548
2.68,2547
2.68,2546
2.68,2545
2.68,2544
2.68,2543
2.69,2542
2.69,2541
2.69,2540
2.69,2539
2.69,2538
2.70,2537
2.70,2536
2.70,2535
2.70,2534
2.70,2533
2.71,2532
2.71,2531
2.71,2530
2.71,2529
2.71,2528
2.72,2527
2.72,2526
2.72,2525
2.72,2524
2.72,2523
2.73,2522
2.73,2521
2.73,2520
2.73,2519
2.73,2518
2.74,2517
2.74,2516
2.74,2515
2.74,2514
2.74,2513
2.75,2512
2.75,2511
2.75,2510
2.75,2509
2.75,2508
2.76,2507
2.76,2506
2.76,2505
2.76,2504
2.76,2503
2.76,2502
2.77,2501
2.77,2500
2.77,2499
2.77,2498
2.77,2497
2.78,2496
2.78,2495
2.78,2494
2.78,2493
2.78,2492
2.79,2491
2.79,2490
2.79,2489
2.79,2488
2.79,2487
2.79,2486
2.80,2485
2.80,2484
2.80,2483
2.80,2482
2.80,2481
2.81,2480
2.81,2479
2.81,2478
2.81,2477
2.81,2476
2.82,2475
2.82,2474
2.82,2473
2.82,2472
2.82,2471
2.83,2470
2.83,2469
2.83,2468
2.83,2467
2.83,2466
2.84,2465
2.84,2464
2.84,2463
2.84,2462
2.84,2461
2.84,2460
2.85,2459
2.85,2458
2.85,2457
2.85,2456
2.85,2455
2.86,2454
2.86,2453
2.86,2452
2.86,2451
2.87,2450
2.87,2449
2.87,2448
2.87,2447
2.87,2446
2.87,2445
2.88,2444
2.88,2443
2.88,2442
2.88,2441
2.88,2440
2.89,2439
2.89,2438
2.89,2437
2.89,2436
2.89,2435
2.90,2434
2.90,2433
2.90,2432
2.90,2431
2.90,2430
2.91,2429
2.91,2428
2.91,2427
2.91,2426
2.91,2425
2.92,2424
2.92,2423
2.92,2422
2.92,2421
2.92,2420
2.93,2419
2.93,2418
2.93,2417
2.93,2416
2.93,2415
2.93,2414
2.94,2413
2.94,2412
2.94,2411
2.94,2410
2.94,2409
2.95,2408
2.95,2407
2.95,2406
2.95,2405
2.95,2404
2.96,2403
2.96,2402
2.96,2401
2.96,2400
2.96,2399
2.96,2398
2.97,2397
2.97,2396
2.97,2395
2.97,2394
2.97,2393
2.98,2392
2.98,2391
2.98,2390
2.98,2389
2.98,2388
2.99,2387
2.99,2386
2.99,2385
2.99,2384
2.99,2383
2.99,2382
3.00,2381
3.00,2380
3.00,2379
3.00,2378
3.00,2377
3.01,2376
3.01,2375
3.01,2374
3.01,2373
3.01,2372
3.02,2371
3.02,2370
3.02,2369
3.02,2368
