0.10,3636
0.17,3635
0.18,3634
0.19,3633
0.19,3632
0.20,3631
0.21,3630
0.22,3629
0.23,3628
0.23,3627
0.24,3626
0.24,3625
0.25,3624
0.25,3623
0.26,3622
0.26,3621
0.27,3620
0.28,3619
0.28,3618
0.29,3617
0.29,3616
0.30,3615
0.30,3614
0.31,3613
0.31,3612
0.32,3611
0.33,3610
0.33,3609
0.34,3608
0.34,3607
0.35,3606
0.35,3605
0.36,3604
0.36,3603
0.37,3602
0.37,3601
0.38,3600
0.38,3599
0.39,3598
0.39,3597
0.39,3596
0.40,3595
0.40,3594
0.41,3593
0.41,3592
0.42,3591
0.42,3590
0.42,3589
0.43,3588
0.43,3587
0.43,3586
0.44,3585
0.44,3584
0.44,3583
0.44,3582
0.44,3581
0.45,3580
0.45,3579
0.45,3578
0.45,3577
0.46,3576
0.46,3575
0.46,3574
0.46,3573
0.47,3572
0.47,3571
0.47,3570
0.47,3569
0.48,3568
0.48,3567
0.48,3566
0.48,3565
0.49,3564
0.49,3563
0.49,3562
0.49,3561
0.50,3560
0.50,3559
0.50,3558
0.50,3557
0.50,3556
0.51,3555
0.51,3554
0.51,3553
0.51,3552
0.52,3551
0.52,3550
0.52,3549
0.52,3548
0.52,3547
0.53,3546
0.53,3545
0.53,3544
0.53,3543
0.54,3542
0.54,3541
0.54,3540
0.54,3539
0.54,3538
0.55,3537
0.55,3536
0.55,3535
0.55,3534
0.56,3533
0.56,3532
0.56,3531
0.56,3530
0.56,3529
0.57,3528
0.57,3527
0.57,3526
0.57,3525
0.57,3524
0.58,3523
0.58,3522
0.58,3521
0.58,3520
0.59,3519
0.59,3518
0.59,3517
0.59,3516
0.59,3515
0.60,3514
0.60,3513
0.60,3512
0.60,3511
0.61,3510
0.61,3509
0.61,3508
0.61,3507
0.62,3506
0.62,3505
0.62,3504
0.62,3503
0.63,3502
0.63,3501
0.63,3500
0.63,3499
0.63,3498
0.64,3497
0.64,3496
0.64,3495
0.64,3494
0.65,3493
0.65,3492
0.65,3491
0.65,3490
0.65,3489
0.66,3488
0.66,3487
0.66,3486
0.66,3485
0.67,3484
0.67,3483
0.67,3482
0.67,3481
0.67,3480
0.68,3479
0.68,3478
0.68,3477
0.68,3476
0.69,3475
0.69,3474
0.69,3473
0.69,3472
0.69,3471
0.70,3470
0.70,3469
0.70,3468
0.70,3467
0.71,3466
0.71,3465
0.71,3464
0.71,3463
0.71,3462
0.72,3461
0.72,3460
0.72,3459
0.72,3458
0.72,3457
0.73,3456
0.73,3455
0.73,3454
0.73,3453
0.73,3452
0.74,3451
0.74,3450
0.74,3449
0.74,3448
0.75,3447
0.75,3446
0.75,3445
0.75,3444
0.75,3443
0.76,3442
0.76,3441
0.76,3440
0.76,3439
0.76,3438
0.77,3437
0.77,3436
0.77,3435
0.77,3434
0.78,3433
0.78,3432
0.78,3431
0.78,3430
0.78,3429
0.79,3428
0.79,3427
0.79,3426
0.79,3425
0.80,3424
0.80,3423
0.80,3422
0.80,3421
0.81,3420
0.81,3419
0.81,3418
0.81,3417
0.81,3416
0.82,3415
0.82,3414
0.82,3413
0.82,3412
0.82,3411
0.83,3410
0.83,3409
0.83,3408
0.83,3407
0.84,3406
0.84,3405
0.84,3404
0.84,3403
0.84,3402
0.85,3401
0.85,3400
0.85,3399
0.85,3398
0.85,3397
0.86,3396
0.86,3395
0.86,3394
0.86,3393
0.86,3392
0.87,3391
0.87,3390
0.87,3389
0.87,3388
0.87,3387
0.88,3386
0.88,3385
0.88,3384
0.88,3383
0.89,3382
0.89,3381
0.89,3380
0.89,3379
0.89,3378
0.90,3377
0.90,3376
0.90,3375
0.90,3374
0.90,3373
0.91,3372
0.91,3371
0.91,3370
0.91,3369
0.91,3368
0.92,3367
0.92,3366
0.92,3365
0.92,3364
0.93,3363
0.93,3362
0.93,3361
0.93,3360
0.93,3359
0.94,3358
0.94,3357
0.94,3356
0.94,3355
0.94,3354
0.95,3353
0.95,3352
0.95,3351
0.95,3350
0.96,3349
0.96,3348
0.96,3347
0.96,3346
0.96,3345
0.97,3344
0.97,3343
0.97,3342
0.97,3341
0.97,3340
0.98,3339
0.98,3338
0.98,3337
0.99,3336
0.99,3335
0.99,3334
0.99,3333
0.99,3332
1.00,3331
1.00,3330
1.00,3329
1.00,3328
1.00,3327
1.01,3326
1.01,3325
1.01,3324
1.01,3323
1.01,3322
1.02,3321
1.02,3320
1.02,3319
1.02,3318
1.02,3317
1.03,3316
1.03,3315
1.03,3314
1.03,3313
1.03,3312
1.04,3311
1.04,3310
1.04,3309
1.04,3308
1.04,3307
1.05,3306
1.05,3305
1.05,3304
1.05,3303
1.05,3302
1.06,3301
1.06,3300
1.06,3299
1.06,3298
1.06,3297
1.07,3296
1.07,3295
1.07,3294
1.07,3293
1.07,3292
1.08,3291
1.08,3290
1.08,3289
1.08,3288
1.08,3287
1.09,3286
1.09,3285
1.09,3284
1.09,3283
1.09,3282
1.10,3281
1.10,3280
1.10,3279
1.10,3278
1.10,3277
1.11,3276
1.11,3275
1.11,3274
1.11,3273
1.11,3272
1.12,3271
1.12,3270
1.12,3269
1.12,3268
1.12,3267
1.13,3266
1.13,3265
1.13,3264
1.13,3263
1.13,3262
1.14,3261
1.14,3260
1.14,3259
1.14,3258
1.14,3257
1.15,3256
1.15,3255
1.15,3254
1.15,3253
1.15,3252
1.16,3251
1.16,3250
1.16,3249
1.16,3248
1.17,3247
1.17,3246
1.17,3245
1.17,3244
1.18,3243
1.18,3242
1.18,3241
1.18,3240
1.18,3239
1.19,3238
1.19,3237
1.19,3236
1.19,3235
1.20,3234
1.20,3233
1.20,3232
1.20,3231
1.21,3230
1.21,3229
1.21,3228
1.21,3227
1.22,3226
1.22,3225
1.22,3224
1.22,3223
1.23,3222
1.23,3221
1.23,3220
1.23,3219
1.24,3218
1.24,3217
1.24,3216
1.24,3215
1.25,3214
1.25,3213
1.25,3212
1.25,3211
1.25,3210
1.26,3209
1.26,3208
1.26,3207
1.26,3206
1.27,3205
1.27,3204
1.27,3203
1.27,3202
1.28,3201
1.28,3200
1.28,3199
1.28,3198
1.29,3197
1.29,3196
1.29,3195
1.29,3194
1.30,3193
1.30,3192
1.30,3191
1.30,3190
1.31,3189
1.31,3188
1.31,3187
1.31,3186
1.32,3185
1.32,3184
1.32,3183
1.32,3182
1.33,3181
1.33,3180
1.33,3179
1.33,3178
1.33,3177
1.34,3176
1.34,3175
1.34,3174
1.34,3173
1.35,3172
1.35,3171
1.35,3170
1.36,3169
1.36,3168
1.36,3167
1.36,3166
1.36,3165
1.37,3164
1.37,3163
1.37,3162
1.37,3161
1.37,3160
1.37,3159
1.38,3158
1.38,3157
1.38,3156
1.38,3155
1.38,3154
1.39,3153
1.39,3152
1.39,3151
1.39,3150
1.39,3149
1.40,3148
1.40,3147
1.40,3146
1.40,3145
1.40,3144
1.41,3143
1.41,3142
1.41,3141
1.41,3140
1.41,3139
1.42,3138
1.42,3137
1.42,3136
1.42,3135
1.42,3134
1.42,3133
1.43,3132
1.43,3131
1.43,3130
1.43,3129
1.43,3128
1.44,3127
1.44,3126
1.44,3125
1.44,3124
1.44,3123
1.45,3122
1.45,3121
1.45,3120
1.45,3119
1.45,3118
1.46,3117
1.46,3116
1.46,3115
1.46,3114
1.46,3113
1.47,3112
1.47,3111
1.47,3110
1.47,3109
1.47,3108
1.47,3107
1.48,3106
1.48,3105
1.48,3104
1.48,3103
1.48,3102
1.49,3101
1.49,3100
1.49,3099
1.49,3098
1.49,3097
1.50,3096
1.50,3095
1.50,3094
1.50,3093
1.50,3092
1.51,3091
1.51,3090
1.51,3089
1.51,3088
1.51,3087
1.51,3086
1.52,3085
1.52,3084
1.52,3083
1.52,3082
1.52,3081
1.53,3080
1.53,3079
1.53,3078
1.53,3077
1.53,3076
1.54,3075
1.54,3074
1.54,3073
1.54,3072
1.54,3071
1.55,3070
1.55,3069
1.55,3068
1.55,3067
1.55,3066
1.56,3065
1.56,3064
1.56,3063
1.56,3062
1.56,3061
1.57,3060
1.57,3059
1.57,3058
1.57,3057
1.57,3056
1.58,3055
1.58,3054
1.58,3053
1.58,3052
1.58,3051
1.59,3050
1.59,3049
1.59,3048
1.59,3047
1.59,3046
1.60,3045
1.60,3044
1.60,3043
1.60,3042
1.60,3041
1.61,3040
1.61,3039
1.61,3038
1.61,3037
1.61,3036
1.61,3035
1.62,3034
1.62,3033
1.62,3032
1.62,3031
1.62,3030
1.63,3029
1.63,3028
1.63,3027
1.63,3026
1.63,3025
1.64,3024
1.64,3023
1.64,3022
1.64,3021
1.64,3020
1.65,3019
1.65,3018
1.65,3017
1.65,3016
1.65,3015
1.66,3014
1.66,3013
1.66,3012
1.66,3011
1.66,3010
1.67,3009
1.67,3008
1.67,3007
1.67,3006
1.67,3005
1.67,3004
1.68,3003
1.68,3002
1.68,3001
1.68,3000
1.68,2999
1.69,2998
1.69,2997
1.69,2996
1.70,2995
1.70,2994
1.70,2993
1.70,2992
1.70,2991
1.71,2990
1.71,2989
1.71,2988
1.71,2987
1.71,2986
1.72,2985
1.72,2984
1.72,2983
1.72,2982
1.72,2981
1.73,2980
1.73,2979
1.73,2978
1.73,2977
1.73,2976
1.73,2975
1.74,2974
1.74,2973
1.74,2972
1.74,2971
1.74,2970
1.75,2969
1.75,2968
1.75,2967
1.75,2966
1.75,2965
1.76,2964
1.76,2963
1.76,2962
1.76,2961
1.76,2960
1.77,2959
1.77,2958
1.77,2957
1.77,2956
1.77,2955
1.77,2954
1.78,2953
1.78,2952
1.78,2951
1.78,2950
1.78,2949
1.79,2948
1.79,2947
1.79,2946
1.79,2945
1.79,2944
1.80,2943
1.80,2942
1.80,2941
1.80,2940
1.80,2939
1.80,2938
1.81,2937
1.81,2936
1.81,2935
1.81,2934
1.81,2933
1.82,2932
1.82,2931
1.82,2930
1.82,2929
1.82,2928
1.83,2927
1.83,2926
1.83,2925
1.83,2924
1.83,2923
1.83,2922
1.84,2921
1.84,2920
1.84,2919
1.84,2918
1.84,2917
1.85,2916
1.85,2915
1.85,2914
1.85,2913
1.85,2912
1.86,2911
1.86,2910
1.86,2909
1.86,2908
1.86,2907
1.87,2906
1.87,2905
1.87,2904
1.87,2903
1.87,2902
1.88,2901
1.88,2900
1.88,2899
1.88,2898
1.88,2897
1.88,2896
1.89,2895
1.89,2894
1.89,2893
1.89,2892
1.89,2891
1.90,2890
1.90,2889
1.90,2888
1.90,2887
1.90,2886
1.91,2885
1.91,2884
1.91,2883
1.91,2882
1.91,2881
1.92,2880
1.92,2879
1.92,2878
1.92,2877
1.92,2876
1.93,2875
1.93,2874
1.93,2873
1.93,2872
1.93,2871
1.93,2870
1.94,2869
1.94,2868
1.94,2867
1.94,2866
1.94,2865
1.95,2864
1.95,2863
1.95,2862
1.95,2861
1.95,2860
1.96,2859
1.96,2858
1.96,2857
1.96,2856
1.96,2855
1.96,2854
1.97,2853
1.97,2852
1.97,2851
1.97,2850
1.97,2849
1.98,2848
1.98,2847
1.98,2846
1.98,2845
1.98,2844
1.99,2843
1.99,2842
1.99,2841
1.99,2840
1.99,2839
1.99,2838
2.00,2837
2.00,2836
2.00,2835
2.00,2834
2.00,2833
2.01,2832
2.01,2831
2.01,2830
2.01,2829
2.01,2828
2.01,2827
2.02,2826
2.02,2825
2.02,2824
2.02,2823
2.02,2822
2.03,2821
2.03,2820
2.03,2819
2.03,2818
2.03,2817
2.04,2816
2.04,2815
2.04,2814
2.04,2813
2.04,2812
2.04,2811
2.05,2810
2.05,2809
2.05,2808
2.05,2807
2.06,2806
2.06,2805
2.06,2804
2.06,2803
2.07,2802
2.07,2801
2.07,2800
2.07,2799
2.07,2798
2.08,2797
2.08,2796
2.08,2795
2.08,2794
2.08,2793
2.09,2792
2.09,2791
2.09,2790
2.09,2789
2.10,2788
2.10,2787
2.10,2786
2.10,2785
2.10,2784
2.11,2783
2.11,2782
2.11,2781
2.11,2780
2.12,2779
2.12,2778
2.12,2777
2.12,2776
2.12,2775
2.13,2774
2.13,2773
2.13,2772
2.13,2771
2.14,2770
2.14,2769
2.14,2768
2.14,2767
2.15,2766
2.15,2765
2.15,2764
2.15,2763
2.15,2762
2.16,2761
2.16,2760
2.16,2759
2.16,2758
2.17,2757
2.17,2756
2.17,2755
2.17,2754
2.17,2753
2.18,2752
2.18,2751
2.18,2750
2.18,2749
2.19,2748
2.19,2747
2.19,2746
2.19,2745
2.19,2744
2.20,2743
2.20,2742
2.20,2741
2.20,2740
2.21,2739
2.21,2738
2.21,2737
2.21,2736
2.21,2735
2.22,2734
2.22,2733
2.22,2732
2.22,2731
2.23,2730
2.23,2729
2.23,2728
2.23,2727
2.23,2726
2.24,2725
2.24,2724
2.24,2723
2.24,2722
2.25,2721
2.25,2720
2.25,2719
2.25,2718
2.25,2717
2.26,2716
2.26,2715
2.26,2714
2.26,2713
2.27,2712
2.27,2711
2.27,2710
2.27,2709
2.27,2708
2.28,2707
2.28,2706
2.28,2705
2.28,2704
2.29,2703
2.29,2702
2.29,2701
2.29,2700
2.29,2699
2.30,2698
2.30,2697
2.30,2696
2.30,2695
2.31,2694
2.31,2693
2.31,2692
2.31,2691
2.31,2690
2.32,2689
2.32,2688
2.32,2687
2.32,2686
2.32,2685
2.33,2684
2.33,2683
2.33,2682
2.33,2681
2.34,2680
2.34,2679
2.34,2678
2.34,2677
2.34,2676
2.35,2675
2.35,2674
2.35,2673
2.35,2672
2.36,2671
2.36,2670
2.36,2669
2.36,2668
2.36,2667
2.37,2666
2.37,2665
2.37,2664
2.37,2663
2.38,2662
2.38,2661
2.38,2660
2.38,2659
2.39,2658
2.39,2657
2.39,2656
2.39,2655
2.39,2654
2.40,2653
2.40,2652
2.40,2651
2.40,2650
2.40,2649
2.41,2648
2.41,2647
2.41,2646
2.41,2645
2.42,2644
2.42,2643
2.42,2642
2.42,2641
2.43,2640
2.43,2639
2.43,2638
2.43,2637
2.43,2636
2.44,2635
2.44,2634
2.44,2633
2.44,2632
2.45,2631
2.45,2630
2.45,2629
2.46,2628
2.46,2627
2.46,2626
2.46,2625
2.46,2624
2.47,2623
2.47,2622
2.47,2621
2.47,2620
2.47,2619
2.48,2618
2.48,2617
2.48,2616
2.48,2615
2.48,2614
2.49,2613
2.49,2612
2.49,2611
2.49,2610
2.49,2609
2.49,2608
2.50,2607
2.50,2606
2.50,2605
2.50,2604
2.50,2603
2.51,2602
2.51,2601
2.51,2600
2.51,2599
2.51,2598
2.52,2597
2.52,2596
2.52,2595
2.52,2594
2.52,2593
2.52,2592
2.53,2591
2.53,2590
2.53,2589
2.53,2588
2.53,2587
2.54,2586
2.54,2585
2.54,2584
2.54,2583
2.54,2582
2.54,2581
2.55,2580
2.55,2579
2.55,2578
2.55,2577
2.55,2576
2.56,2575
2.56,2574
2.56,2573
2.56,2572
2.56,2571
2.57,2570
2.57,2569
2.57,2568
2.57,2567
2.57,2566
2.57,2565
2.58,2564
2.58,2563
2.58,2562
2.58,2561
2.58,2560
2.59,2559
2.59,2558
2.59,2557
2.59,2556
2.59,2555
2.59,2554
2.60,2553
2.60,2552
2.60,2551
2.60,2550
2.60,2549
2.61,2548
2.61,2547
2.61,2546
2.61,2545
2.61,2544
2.62,2543
2.62,2542
2.62,2541
2.62,2540
2.62,2539
2.62,2538
2.63,2537
2.63,2536
2.63,2535
2.63,2534
2.63,2533
2.64,2532
2.64,2531
2.64,2530
2.64,2529
2.64,2528
2.64,2527
2.65,2526
2.65,2525
2.65,2524
2.65,2523
2.65,2522
2.66,2521
2.66,2520
2.66,2519
2.66,2518
2.66,2517
2.66,2516
2.67,2515
2.67,2514
2.67,2513
2.67,2512
2.67,2511
2.68,2510
2.68,2509
2.68,2508
2.68,2507
2.68,2506
2.69,2505
2.69,2504
2.69,2503
2.69,2502
2.69,2501
2.69,2500
2.70,2499
2.70,2498
2.70,2497
2.70,2496
2.70,2495
2.71,2494
2.71,2493
2.71,2492
2.71,2491
2.71,2490
2.71,2489
2.72,2488
2.72,2487
2.72,2486
2.72,2485
2.72,2484
2.73,2483
2.73,2482
2.73,2481
2.73,2480
2.73,2479
2.73,2478
2.74,2477
2.74,2476
2.74,2475
2.74,2474
2.74,2473
2.75,2472
2.75,2471
2.75,2470
2.75,2469
2.75,2468
2.76,2467
2.76,2466
2.76,2465
2.76,2464
2.76,2463
2.76,2462
2.77,2461
2.77,2460
2.77,2459
2.77,2458
2.77,2457
2.78,2456
2.78,2455
2.78,2454
2.78,2453
2.78,2452
2.79,2451
2.79,2450
2.79,2449
2.79,2448
2.79,2447
2.79,2446
2.80,2445
2.80,2444
2.80,2443
2.80,2442
2.80,2441
2.81,2440
2.81,2439
2.81,2438
2.81,2437
2.81,2436
2.81,2435
2.82,2434
2.82,2433
2.82,2432
2.82,2431
2.82,2430
2.83,2429
2.83,2428
2.83,2427
2.83,2426
2.83,2425
2.83,2424
2.84,2423
2.84,2422
2.84,2421
2.84,2420
2.84,2419
2.84,2418
2.85,2417
2.85,2416
2.85,2415
2.85,2414
2.85,2413
2.86,2412
2.86,2411
2.86,2410
2.86,2409
2.86,2408
2.87,2407
2.87,2406
2.87,2405
2.87,2404
2.87,2403
2.87,2402
2.88,2401
2.88,2400
2.88,2399
2.88,2398
2.88,2397
2.88,2396
2.89,2395
2.89,2394
2.89,2393
2.89,2392
2.89,2391
2.90,2390
2.90,2389
2.90,2388
2.90,2387
2.90,2386
2.91,2385
2.91,2384
2.91,2383
2.91,2382
2.91,2381
2.91,2380
2.92,2379
2.92,2378
2.92,2377
2.92,2376
2.92,2375
