0.10,3618
0.16,3617
0.18,3616
0.18,3615
0.19,3614
0.20,3613
0.21,3612
0.22,3611
0.22,3610
0.23,3609
0.23,3608
0.24,3607
0.24,3606
0.25,3605
0.25,3604
0.26,3603
0.27,3602
0.27,3601
0.28,3600
0.29,3599
0.29,3598
0.30,3597
0.30,3596
0.31,3595
0.31,3594
0.32,3593
0.32,3592
0.33,3591
0.34,3590
0.34,3589
0.35,3588
0.35,3587
0.36,3586
0.36,3585
0.37,3584
0.37,3583
0.38,3582
0.38,3581
0.39,3580
0.39,3579
0.40,3578
0.40,3577
0.40,3576
0.41,3575
0.41,3574
0.42,3573
0.42,3572
0.43,3571
0.43,3570
0.43,3569
0.43,3568
0.44,3567
0.44,3566
0.44,3565
0.44,3564
0.44,3563
0.45,3562
0.45,3561
0.45,3560
0.45,3559
0.46,3558
0.46,3557
0.46,3556
0.46,3555
0.47,3554
0.47,3553
0.47,3552
0.47,3551
0.47,3550
0.48,3549
0.48,3548
0.48,3547
0.48,3546
0.48,3545
0.49,3544
0.49,3543
0.49,3542
0.49,3541
0.50,3540
0.50,3539
0.50,3538
0.50,3537
0.50,3536
0.51,3535
0.51,3534
0.51,3533
0.51,3532
0.51,3531
0.52,3530
0.52,3529
0.52,3528
0.52,3527
0.53,3526
0.53,3525
0.53,3524
0.53,3523
0.54,3522
0.54,3521
0.54,3520
0.54,3519
0.54,3518
0.55,3517
0.55,3516
0.55,3515
0.55,3514
0.56,3513
0.56,3512
0.56,3511
0.56,3510
0.56,3509
0.57,3508
0.57,3507
0.57,3506
0.57,3505
0.57,3504
0.58,3503
0.58,3502
0.58,3501
0.58,3500
0.59,3499
0.59,3498
0.59,3497
0.59,3496
0.59,3495
0.60,3494
0.60,3493
0.60,3492
0.60,3491
0.60,3490
0.61,3489
0.61,3488
0.61,3487
0.62,3486
0.62,3485
0.62,3484
0.63,3483
0.63,3482
0.63,3481
0.63,3480
0.64,3479
0.64,3478
0.64,3477
0.64,3476
0.64,3475
0.65,3474
0.65,3473
0.65,3472
0.65,3471
0.66,3470
0.66,3469
0.66,3468
0.66,3467
0.67,3466
0.67,3465
0.67,3464
0.67,3463
0.68,3462
0.68,3461
0.68,3460
0.68,3459
0.68,3458
0.69,3457
0.69,3456
0.69,3455
0.69,3454
0.69,3453
0.70,3452
0.70,3451
0.70,3450
0.70,3449
0.71,3448
0.71,3447
0.71,3446
0.71,3445
0.71,3444
0.72,3443
0.72,3442
0.72,3441
0.72,3440
0.72,3439
0.73,3438
0.73,3437
0.73,3436
0.73,3435
0.73,3434
0.74,3433
0.74,3432
0.74,3431
0.74,3430
0.74,3429
0.75,3428
0.75,3427
0.75,3426
0.75,3425
0.76,3424
0.76,3423
0.76,3422
0.76,3421
0.76,3420
0.77,3419
0.77,3418
0.77,3417
0.77,3416
0.77,3415
0.78,3414
0.78,3413
0.78,3412
0.78,3411
0.79,3410
0.79,3409
0.79,3408
0.79,3407
0.79,3406
0.80,3405
0.80,3404
0.80,3403
0.80,3402
0.81,3401
0.81,3400
0.81,3399
0.81,3398
0.81,3397
0.82,3396
0.82,3395
0.82,3394
0.82,3393
0.83,3392
0.83,3391
0.83,3390
0.83,3389
0.83,3388
0.84,3387
0.84,3386
0.84,3385
0.84,3384
0.84,3383
0.85,3382
0.85,3381
0.85,3380
0.85,3379
0.86,3378
0.86,3377
0.86,3376
0.86,3375
0.86,3374
0.87,3373
0.87,3372
0.87,3371
0.87,3370
0.88,3369
0.88,3368
0.88,3367
0.88,3366
0.88,3365
0.89,3364
0.89,3363
0.89,3362
0.89,3361
0.89,3360
0.90,3359
0.90,3358
0.90,3357
0.90,3356
0.91,3355
0.91,3354
0.91,3353
0.91,3352
0.91,3351
0.92,3350
0.92,3349
0.92,3348
0.92,3347
0.92,3346
0.93,3345
0.93,3344
0.93,3343
0.93,3342
0.93,3341
0.94,3340
0.94,3339
0.94,3338
0.94,3337
0.95,3336
0.95,3335
0.95,3334
0.95,3333
0.95,3332
0.96,3331
0.96,3330
0.96,3329
0.96,3328
0.97,3327
0.97,3326
0.97,3325
0.97,3324
0.97,3323
0.98,3322
0.98,3321
0.98,3320
0.99,3319
0.99,3318
0.99,3317
0.99,3316
0.99,3315
1.00,3314
1.00,3313
1.00,3312
1.00,3311
1.00,3310
1.01,3309
1.01,3308
1.01,3307
1.01,3306
1.01,3305
1.02,3304
1.02,3303
1.02,3302
1.02,3301
1.02,3300
1.03,3299
1.03,3298
1.03,3297
1.03,3296
1.03,3295
1.04,3294
1.04,3293
1.04,3292
1.04,3291
1.04,3290
1.04,3289
1.05,3288
1.05,3287
1.05,3286
1.05,3285
1.06,3284
1.06,3283
1.06,3282
1.06,3281
1.06,3280
1.07,3279
1.07,3278
1.07,3277
1.07,3276
1.07,3275
1.08,3274
1.08,3273
1.08,3272
1.08,3271
1.08,3270
1.09,3269
1.09,3268
1.09,3267
1.09,3266
1.09,3265
1.10,3264
1.10,3263
1.10,3262
1.10,3261
1.11,3260
1.11,3259
1.11,3258
1.11,3257
1.11,3256
1.12,3255
1.12,3254
1.12,3253
1.12,3252
1.12,3251
1.12,3250
1.13,3249
1.13,3248
1.13,3247
1.13,3246
1.13,3245
1.14,3244
1.14,3243
1.14,3242
1.14,3241
1.14,3240
1.15,3239
1.15,3238
1.15,3237
1.15,3236
1.15,3235
1.16,3234
1.16,3233
1.16,3232
1.16,3231
1.16,3230
1.17,3229
1.17,3228
1.17,3227
1.17,3226
1.18,3225
1.18,3224
1.18,3223
1.18,3222
1.19,3221
1.19,3220
1.19,3219
1.19,3218
1.19,3217
1.20,3216
1.20,3215
1.20,3214
1.20,3213
1.21,3212
1.21,3211
1.21,3210
1.21,3209
1.22,3208
1.22,3207
1.22,3206
1.22,3205
1.23,3204
1.23,3203
1.23,3202
1.23,3201
1.24,3200
1.24,3199
1.24,3198
1.24,3197
1.24,3196
1.25,3195
1.25,3194
1.25,3193
1.25,3192
1.26,3191
1.26,3190
1.26,3189
1.26,3188
1.27,3187
1.27,3186
1.27,3185
1.27,3184
1.28,3183
1.28,3182
1.28,3181
1.28,3180
1.29,3179
1.29,3178
1.29,3177
1.29,3176
1.30,3175
1.30,3174
1.30,3173
1.30,3172
1.31,3171
1.31,3170
1.31,3169
1.31,3168
1.32,3167
1.32,3166
1.32,3165
1.32,3164
1.33,3163
1.33,3162
1.33,3161
1.33,3160
1.34,3159
1.34,3158
1.34,3157
1.34,3156
1.34,3155
1.35,3154
1.35,3153
1.35,3152
1.35,3151
1.36,3150
1.36,3149
1.36,3148
1.37,3147
1.37,3146
1.37,3145
1.37,3144
1.37,3143
1.38,3142
1.38,3141
1.38,3140
1.38,3139
1.38,3138
1.39,3137
1.39,3136
1.39,3135
1.39,3134
1.39,3133
1.40,3132
1.40,3131
1.40,3130
1.40,3129
1.40,3128
1.41,3127
1.41,3126
1.41,3125
1.41,3124
1.41,3123
1.42,3122
1.42,3121
1.42,3120
1.42,3119
1.42,3118
1.43,3117
1.43,3116
1.43,3115
1.43,3114
1.43,3113
1.43,3112
1.44,3111
1.44,3110
1.44,3109
1.44,3108
1.44,3107
1.45,3106
1.45,3105
1.45,3104
1.45,3103
1.45,3102
1.46,3101
1.46,3100
1.46,3099
1.46,3098
1.46,3097
1.47,3096
1.47,3095
1.47,3094
1.47,3093
1.47,3092
1.48,3091
1.48,3090
1.48,3089
1.48,3088
1.48,3087
1.49,3086
1.49,3085
1.49,3084
1.49,3083
1.49,3082
1.50,3081
1.50,3080
1.50,3079
1.50,3078
1.50,3077
1.51,3076
1.51,3075
1.51,3074
1.51,3073
1.51,3072
1.52,3071
1.52,3070
1.52,3069
1.52,3068
1.52,3067
1.53,3066
1.53,3065
1.53,3064
1.53,3063
1.53,3062
1.53,3061
1.54,3060
1.54,3059
1.54,3058
1.54,3057
1.54,3056
1.55,3055
1.55,3054
1.55,3053
1.55,3052
1.55,3051
1.56,3050
1.56,3049
1.56,3048
1.56,3047
1.56,3046
1.57,3045
1.57,3044
1.57,3043
1.57,3042
1.57,3041
1.58,3040
1.58,3039
1.58,3038
1.58,3037
1.58,3036
1.59,3035
1.59,3034
1.59,3033
1.59,3032
1.59,3031
1.59,3030
1.60,3029
1.60,3028
1.60,3027
1.60,3026
1.60,3025
1.61,3024
1.61,3023
1.61,3022
1.61,3021
1.61,3020
1.62,3019
1.62,3018
1.62,3017
1.62,3016
1.62,3015
1.63,3014
1.63,3013
1.63,3012
1.63,3011
1.63,3010
1.64,3009
1.64,3008
1.64,3007
1.64,3006
1.64,3005
1.65,3004
1.65,3003
1.65,3002
1.65,3001
1.65,3000
1.66,2999
1.66,2998
1.66,2997
1.66,2996
1.66,2995
1.67,2994
1.67,2993
1.67,2992
1.67,2991
1.67,2990
1.68,2989
1.68,2988
1.68,2987
1.68,2986
1.68,2985
1.69,2984
1.69,2983
1.69,2982
1.69,2981
1.69,2980
1.69,2979
1.70,2978
1.70,2977
1.70,2976
1.70,2975
1.70,2974
1.71,2973
1.71,2972
1.71,2971
1.72,2970
1.72,2969
1.72,2968
1.72,2967
1.72,2966
1.73,2965
1.73,2964
1.73,2963
1.73,2962
1.73,2961
1.74,2960
1.74,2959
1.74,2958
1.74,2957
1.74,2956
1.75,2955
1.75,2954
1.75,2953
1.75,2952
1.75,2951
1.76,2950
1.76,2949
1.76,2948
1.76,2947
1.76,2946
1.77,2945
1.77,2944
1.77,2943
1.77,2942
1.77,2941
1.78,2940
1.78,2939
1.78,2938
1.78,2937
1.78,2936
1.79,2935
1.79,2934
1.79,2933
1.79,2932
1.79,2931
1.80,2930
1.80,2929
1.80,2928
1.80,2927
1.80,2926
1.80,2925
1.81,2924
1.81,2923
1.81,2922
1.81,2921
1.81,2920
1.82,2919
1.82,2918
1.82,2917
1.82,2916
1.82,2915
1.83,2914
1.83,2913
1.83,2912
1.83,2911
1.83,2910
1.84,2909
1.84,2908
1.84,2907
1.84,2906
1.84,2905
1.85,2904
1.85,2903
1.85,2902
1.85,2901
1.85,2900
1.86,2899
1.86,2898
1.86,2897
1.86,2896
1.86,2895
1.87,2894
1.87,2893
1.87,2892
1.87,2891
1.87,2890
1.87,2889
1.88,2888
1.88,2887
1.88,2886
1.88,2885
1.88,2884
1.89,2883
1.89,2882
1.89,2881
1.89,2880
1.89,2879
1.90,2878
1.90,2877
1.90,2876
1.90,2875
1.90,2874
1.91,2873
1.91,2872
1.91,2871
1.91,2870
1.91,2869
1.92,2868
1.92,2867
1.92,2866
1.92,2865
1.92,2864
1.93,2863
1.93,2862
1.93,2861
1.93,2860
1.93,2859
1.93,2858
1.94,2857
1.94,2856
1.94,2855
1.94,2854
1.94,2853
1.95,2852
1.95,2851
1.95,2850
1.95,2849
1.95,2848
1.96,2847
1.96,2846
1.96,2845
1.96,2844
1.96,2843
1.96,2842
1.97,2841
1.97,2840
1.97,2839
1.97,2838
1.97,2837
1.98,2836
1.98,2835
1.98,2834
1.98,2833
1.98,2832
1.99,2831
1.99,2830
1.99,2829
1.99,2828
1.99,2827
2.00,2826
2.00,2825
2.00,2824
2.00,2823
2.00,2822
2.00,2821
2.01,2820
2.01,2819
2.01,2818
2.01,2817
2.01,2816
2.02,2815
2.02,2814
2.02,2813
2.02,2812
2.02,2811
2.03,2810
2.03,2809
2.03,2808
2.03,2807
2.03,2806
2.03,2805
2.04,2804
2.04,2803
2.04,2802
2.04,2801
2.04,2800
2.05,2799
2.05,2798
2.05,2797
2.05,2796
2.05,2795
2.06,2794
2.06,2793
2.06,2792
2.06,2791
2.06,2790
2.06,2789
2.07,2788
2.07,2787
2.07,2786
2.07,2785
2.07,2784
2.08,2783
2.08,2782
2.08,2781
2.08,2780
2.09,2779
2.09,2778
2.09,2777
2.09,2776
2.09,2775
2.10,2774
2.10,2773
2.10,2772
2.10,2771
2.10,2770
2.11,2769
2.11,2768
2.11,2767
2.11,2766
2.11,2765
2.12,2764
2.12,2763
2.12,2762
2.12,2761
2.13,2760
2.13,2759
2.13,2758
2.13,2757
2.14,2756
2.14,2755
2.14,2754
2.14,2753
2.15,2752
2.15,2751
2.15,2750
2.15,2749
2.15,2748
2.16,2747
2.16,2746
2.16,2745
2.16,2744
2.17,2743
2.17,2742
2.17,2741
2.17,2740
2.17,2739
2.18,2738
2.18,2737
2.18,2736
2.18,2735
2.19,2734
2.19,2733
2.19,2732
2.19,2731
2.20,2730
2.20,2729
2.20,2728
2.20,2727
2.20,2726
2.21,2725
2.21,2724
2.21,2723
2.21,2722
2.22,2721
2.22,2720
2.22,2719
2.22,2718
2.23,2717
2.23,2716
2.23,2715
2.23,2714
2.23,2713
2.24,2712
2.24,2711
2.24,2710
2.24,2709
2.25,2708
2.25,2707
2.25,2706
2.25,2705
2.26,2704
2.26,2703
2.26,2702
2.26,2701
2.26,2700
2.27,2699
2.27,2698
2.27,2697
2.27,2696
2.28,2695
2.28,2694
2.28,2693
2.28,2692
2.29,2691
2.29,2690
2.29,2689
2.29,2688
2.30,2687
2.30,2686
2.30,2685
2.30,2684
2.31,2683
2.31,2682
2.31,2681
2.31,2680
2.31,2679
2.32,2678
2.32,2677
2.32,2676
2.32,2675
2.33,2674
2.33,2673
2.33,2672
2.33,2671
2.33,2670
2.34,2669
2.34,2668
2.34,2667
2.34,2666
2.35,2665
2.35,2664
2.35,2663
2.35,2662
2.35,2661
2.36,2660
2.36,2659
2.36,2658
2.36,2657
2.37,2656
2.37,2655
2.37,2654
2.37,2653
2.38,2652
2.38,2651
2.38,2650
2.38,2649
2.39,2648
2.39,2647
2.39,2646
2.39,2645
2.39,2644
2.40,2643
2.40,2642
2.40,2641
2.40,2640
2.41,2639
2.41,2638
2.41,2637
2.41,2636
2.42,2635
2.42,2634
2.42,2633
2.42,2632
2.42,2631
2.43,2630
2.43,2629
2.43,2628
2.43,2627
2.44,2626
2.44,2625
2.44,2624
2.44,2623
2.44,2622
2.45,2621
2.45,2620
2.45,2619
2.45,2618
2.46,2617
2.46,2616
2.46,2615
2.46,2614
2.47,2613
2.47,2612
2.47,2611
2.47,2610
2.47,2609
2.48,2608
2.48,2607
2.48,2606
2.48,2605
2.49,2604
2.49,2603
2.49,2602
2.49,2601
2.50,2600
2.50,2599
2.50,2598
2.51,2597
2.51,2596
2.51,2595
2.51,2594
2.51,2593
2.51,2592
2.52,2591
2.52,2590
2.52,2589
2.52,2588
2.52,2587
2.53,2586
2.53,2585
2.53,2584
2.53,2583
2.53,2582
2.54,2581
2.54,2580
2.54,2579
2.54,2578
2.54,2577
2.54,2576
2.55,2575
2.55,2574
2.55,2573
2.55,2572
2.55,2571
2.56,2570
2.56,2569
2.56,2568
2.56,2567
2.56,2566
2.57,2565
2.57,2564
2.57,2563
2.57,2562
2.57,2561
2.57,2560
2.58,2559
2.58,2558
2.58,2557
2.58,2556
2.58,2555
2.59,2554
2.59,2553
2.59,2552
2.59,2551
2.59,2550
2.60,2549
2.60,2548
2.60,2547
2.60,2546
2.60,2545
2.60,2544
2.61,2543
2.61,2542
2.61,2541
2.61,2540
2.61,2539
2.62,2538
2.62,2537
2.62,2536
2.62,2535
2.62,2534
2.62,2533
2.63,2532
2.63,2531
2.63,2530
2.63,2529
2.63,2528
2.64,2527
2.64,2526
2.64,2525
2.64,2524
2.64,2523
2.65,2522
2.65,2521
2.65,2520
2.65,2519
2.65,2518
2.66,2517
2.66,2516
2.66,2515
2.66,2514
2.66,2513
2.66,2512
2.67,2511
2.67,2510
2.67,2509
2.67,2508
2.67,2507
2.68,2506
2.68,2505
2.68,2504
2.68,2503
2.68,2502
2.69,2501
2.69,2500
2.69,2499
2.69,2498
2.69,2497
2.69,2496
2.70,2495
2.70,2494
2.70,2493
2.70,2492
2.70,2491
2.71,2490
2.71,2489
2.71,2488
2.71,2487
2.71,2486
2.71,2485
2.72,2484
2.72,2483
2.72,2482
2.72,2481
2.72,2480
2.73,2479
2.73,2478
2.73,2477
2.73,2476
2.73,2475
2.73,2474
2.74,2473
2.74,2472
2.74,2471
2.74,2470
2.74,2469
2.75,2468
2.75,2467
2.75,2466
2.75,2465
2.75,2464
2.76,2463
2.76,2462
2.76,2461
2.76,2460
2.76,2459
2.76,2458
2.77,2457
2.77,2456
2.77,2455
2.77,2454
2.77,2453
2.78,2452
2.78,2451
2.78,2450
2.78,2449
2.78,2448
2.78,2447
2.79,2446
2.79,2445
2.79,2444
2.79,2443
2.79,2442
2.80,2441
2.80,2440
2.80,2439
2.80,2438
2.80,2437
2.81,2436
2.81,2435
2.81,2434
2.81,2433
2.81,2432
2.81,2431
2.82,2430
2.82,2429
2.82,2428
2.82,2427
2.82,2426
2.83,2425
2.83,2424
2.83,2423
2.83,2422
2.83,2421
2.83,2420
2.84,2419
2.84,2418
2.84,2417
2.84,2416
2.84,2415
2.85,2414
2.85,2413
2.85,2412
2.85,2411
2.85,2410
2.86,2409
2.86,2408
2.86,2407
2.86,2406
2.86,2405
2.86,2404
2.87,2403
2.87,2402
2.87,2401
2.87,2400
2.87,2399
2.87,2398
2.88,2397
2.88,2396
2.88,2395
2.88,2394
2.88,2393
2.89,2392
2.89,2391
2.89,2390
2.89,2389
2.89,2388
2.90,2387
2.90,2386
2.90,2385
2.90,2384
2.90,2383
2.90,2382
2.91,2381
2.91,2380
2.91,2379
2.91,2378
2.91,2377
2.92,2376
2.92,2375
2.92,2374
2.92,2373
2.92,2372
2.92,2371
2.93,2370
2.93,2369
2.93,2368
2.93,2367
2.93,2366
2.94,2365
2.94,2364
2.94,2363
2.94,2362
2.94,2361
2.94,2360
2.95,2359
2.95,2358
2.95,2357
2.95,2356
2.96,2355
