0.10,3646
0.16,3645
0.18,3644
0.18,3643
0.19,3642
0.20,3641
0.21,3640
0.22,3639
0.22,3638
0.23,3637
0.24,3636
0.24,3635
0.25,3634
0.25,3633
0.26,3632
0.26,3631
0.27,3630
0.27,3629
0.28,3628
0.29,3627
0.29,3626
0.30,3625
0.30,3624
0.31,3623
0.32,3622
0.32,3621
0.33,3620
0.33,3619
0.34,3618
0.34,3617
0.35,3616
0.35,3615
0.36,3614
0.37,3613
0.37,3612
0.37,3611
0.38,3610
0.38,3609
0.39,3608
0.39,3607
0.39,3606
0.40,3605
0.40,3604
0.41,3603
0.41,3602
0.41,3601
0.42,3600
0.42,3599
0.43,3598
0.43,3597
0.43,3596
0.43,3595
0.43,3594
0.44,3593
0.44,3592
0.44,3591
0.44,3590
0.45,3589
0.45,3588
0.45,3587
0.45,3586
0.46,3585
0.46,3584
0.46,3583
0.46,3582
0.47,3581
0.47,3580
0.47,3579
0.47,3578
0.48,3577
0.48,3576
0.48,3575
0.48,3574
0.49,3573
0.49,3572
0.49,3571
0.50,3570
0.50,3569
0.50,3568
0.50,3567
0.51,3566
0.51,3565
0.51,3564
0.51,3563
0.52,3562
0.52,3561
0.52,3560
0.52,3559
0.53,3558
0.53,3557
0.53,3556
0.53,3555
0.53,3554
0.54,3553
0.54,3552
0.54,3551
0.54,3550
0.55,3549
0.55,3548
0.55,3547
0.55,3546
0.55,3545
0.56,3544
0.56,3543
0.56,3542
0.56,3541
0.57,3540
0.57,3539
0.57,3538
0.57,3537
0.58,3536
0.58,3535
0.58,3534
0.58,3533
0.58,3532
0.59,3531
0.59,3530
0.59,3529
0.59,3528
0.60,3527
0.60,3526
0.60,3525
0.60,3524
0.61,3523
0.61,3522
0.61,3521
0.61,3520
0.61,3519
0.62,3518
0.62,3517
0.62,3516
0.63,3515
0.63,3514
0.63,3513
0.63,3512
0.64,3511
0.64,3510
0.64,3509
0.64,3508
0.64,3507
0.65,3506
0.65,3505
0.65,3504
0.65,3503
0.65,3502
0.66,3501
0.66,3500
0.66,3499
0.66,3498
0.66,3497
0.67,3496
0.67,3495
0.67,3494
0.67,3493
0.68,3492
0.68,3491
0.68,3490
0.68,3489
0.68,3488
0.69,3487
0.69,3486
0.69,3485
0.69,3484
0.69,3483
0.70,3482
0.70,3481
0.70,3480
0.70,3479
0.71,3478
0.71,3477
0.71,3476
0.71,3475
0.71,3474
0.72,3473
0.72,3472
0.72,3471
0.72,3470
0.72,3469
0.73,3468
0.73,3467
0.73,3466
0.73,3465
0.74,3464
0.74,3463
0.74,3462
0.74,3461
0.74,3460
0.75,3459
0.75,3458
0.75,3457
0.75,3456
0.75,3455
0.76,3454
0.76,3453
0.76,3452
0.76,3451
0.77,3450
0.77,3449
0.77,3448
0.77,3447
0.77,3446
0.78,3445
0.78,3444
0.78,3443
0.78,3442
0.79,3441
0.79,3440
0.79,3439
0.79,3438
0.79,3437
0.80,3436
0.80,3435
0.80,3434
0.81,3433
0.81,3432
0.81,3431
0.81,3430
0.81,3429
0.82,3428
0.82,3427
0.82,3426
0.82,3425
0.83,3424
0.83,3423
0.83,3422
0.83,3421
0.83,3420
0.84,3419
0.84,3418
0.84,3417
0.84,3416
0.85,3415
0.85,3414
0.85,3413
0.85,3412
0.85,3411
0.86,3410
0.86,3409
0.86,3408
0.86,3407
0.87,3406
0.87,3405
0.87,3404
0.87,3403
0.88,3402
0.88,3401
0.88,3400
0.88,3399
0.89,3398
0.89,3397
0.89,3396
0.89,3395
0.89,3394
0.90,3393
0.90,3392
0.90,3391
0.90,3390
0.91,3389
0.91,3388
0.91,3387
0.91,3386
0.91,3385
0.92,3384
0.92,3383
0.92,3382
0.92,3381
0.93,3380
0.93,3379
0.93,3378
0.93,3377
0.93,3376
0.94,3375
0.94,3374
0.94,3373
0.94,3372
0.95,3371
0.95,3370
0.95,3369
0.95,3368
0.96,3367
0.96,3366
0.96,3365
0.96,3364
0.96,3363
0.97,3362
0.97,3361
0.97,3360
0.97,3359
0.97,3358
0.98,3357
0.98,3356
0.98,3355
0.98,3354
0.99,3353
0.99,3352
0.99,3351
1.00,3350
1.00,3349
1.00,3348
1.00,3347
1.00,3346
1.01,3345
1.01,3344
1.01,3343
1.01,3342
1.01,3341
1.02,3340
1.02,3339
1.02,3338
1.02,3337
1.02,3336
1.03,3335
1.03,3334
1.03,3333
1.03,3332
1.04,3331
1.04,3330
1.04,3329
1.04,3328
1.04,3327
1.05,3326
1.05,3325
1.05,3324
1.05,3323
1.05,3322
1.06,3321
1.06,3320
1.06,3319
1.06,3318
1.06,3317
1.07,3316
1.07,3315
1.07,3314
1.07,3313
1.07,3312
1.08,3311
1.08,3310
1.08,3309
1.08,3308
1.09,3307
1.09,3306
1.09,3305
1.09,3304
1.09,3303
1.10,3302
1.10,3301
1.10,3300
1.10,3299
1.10,3298
1.11,3297
1.11,3296
1.11,3295
1.11,3294
1.11,3293
1.12,3292
1.12,3291
1.12,3290
1.12,3289
1.12,3288
1.13,3287
1.13,3286
1.13,3285
1.13,3284
1.14,3283
1.14,3282
1.14,3281
1.14,3280
1.14,3279
1.15,3278
1.15,3277
1.15,3276
1.15,3275
1.15,3274
1.16,3273
1.16,3272
1.16,3271
1.16,3270
1.17,3269
1.17,3268
1.17,3267
1.17,3266
1.17,3265
1.18,3264
1.18,3263
1.18,3262
1.18,3261
1.19,3260
1.19,3259
1.19,3258
1.19,3257
1.20,3256
1.20,3255
1.20,3254
1.20,3253
1.21,3252
1.21,3251
1.21,3250
1.21,3249
1.21,3248
1.22,3247
1.22,3246
1.22,3245
1.22,3244
1.23,3243
1.23,3242
1.23,3241
1.23,3240
1.24,3239
1.24,3238
1.24,3237
1.24,3236
1.25,3235
1.25,3234
1.25,3233
1.25,3232
1.26,3231
1.26,3230
1.26,3229
1.26,3228
1.27,3227
1.27,3226
1.27,3225
1.27,3224
1.28,3223
1.28,3222
1.28,3221
1.28,3220
1.29,3219
1.29,3218
1.29,3217
1.29,3216
1.30,3215
1.30,3214
1.30,3213
1.30,3212
1.31,3211
1.31,3210
1.31,3209
1.31,3208
1.32,3207
1.32,3206
1.32,3205
1.32,3204
1.33,3203
1.33,3202
1.33,3201
1.33,3200
1.34,3199
1.34,3198
1.34,3197
1.34,3196
1.35,3195
1.35,3194
1.35,3193
1.35,3192
1.35,3191
1.36,3190
1.36,3189
1.36,3188
1.36,3187
1.37,3186
1.37,3185
1.37,3184
1.38,3183
1.38,3182
1.38,3181
1.38,3180
1.39,3179
1.39,3178
1.39,3177
1.39,3176
1.40,3175
1.40,3174
1.40,3173
1.40,3172
1.40,3171
1.41,3170
1.41,3169
1.41,3168
1.41,3167
1.41,3166
1.42,3165
1.42,3164
1.42,3163
1.42,3162
1.43,3161
1.43,3160
1.43,3159
1.43,3158
1.43,3157
1.44,3156
1.44,3155
1.44,3154
1.44,3153
1.44,3152
1.45,3151
1.45,3150
1.45,3149
1.45,3148
1.46,3147
1.46,3146
1.46,3145
1.46,3144
1.46,3143
1.47,3142
1.47,3141
1.47,3140
1.47,3139
1.47,3138
1.48,3137
1.48,3136
1.48,3135
1.48,3134
1.48,3133
1.49,3132
1.49,3131
1.49,3130
1.49,3129
1.49,3128
1.50,3127
1.50,3126
1.50,3125
1.50,3124
1.51,3123
1.51,3122
1.51,3121
1.51,3120
1.51,3119
1.52,3118
1.52,3117
1.52,3116
1.52,3115
1.53,3114
1.53,3113
1.53,3112
1.53,3111
1.53,3110
1.54,3109
1.54,3108
1.54,3107
1.54,3106
1.54,3105
1.55,3104
1.55,3103
1.55,3102
1.55,3101
1.56,3100
1.56,3099
1.56,3098
1.56,3097
1.56,3096
1.57,3095
1.57,3094
1.57,3093
1.57,3092
1.57,3091
1.58,3090
1.58,3089
1.58,3088
1.58,3087
1.58,3086
1.59,3085
1.59,3084
1.59,3083
1.59,3082
1.59,3081
1.60,3080
1.60,3079
1.60,3078
1.60,3077
1.60,3076
1.61,3075
1.61,3074
1.61,3073
1.61,3072
1.61,3071
1.62,3070
1.62,3069
1.62,3068
1.62,3067
1.63,3066
1.63,3065
1.63,3064
1.63,3063
1.63,3062
1.64,3061
1.64,3060
1.64,3059
1.64,3058
1.65,3057
1.65,3056
1.65,3055
1.65,3054
1.65,3053
1.66,3052
1.66,3051
1.66,3050
1.66,3049
1.66,3048
1.67,3047
1.67,3046
1.67,3045
1.67,3044
1.68,3043
1.68,3042
1.68,3041
1.68,3040
1.68,3039
1.69,3038
1.69,3037
1.69,3036
1.69,3035
1.69,3034
1.70,3033
1.70,3032
1.70,3031
1.70,3030
1.70,3029
1.71,3028
1.71,3027
1.71,3026
1.71,3025
1.72,3024
1.72,3023
1.72,3022
1.72,3021
1.72,3020
1.73,3019
1.73,3018
1.73,3017
1.73,3016
1.74,3015
1.74,3014
1.74,3013
1.74,3012
1.74,3011
1.75,3010
1.75,3009
1.75,3008
1.76,3007
1.76,3006
1.76,3005
1.76,3004
1.76,3003
1.77,3002
1.77,3001
1.77,3000
1.77,2999
1.77,2998
1.78,2997
1.78,2996
1.78,2995
1.78,2994
1.78,2993
1.79,2992
1.79,2991
1.79,2990
1.79,2989
1.79,2988
1.80,2987
1.80,2986
1.80,2985
1.80,2984
1.80,2983
1.81,2982
1.81,2981
1.81,2980
1.81,2979
1.81,2978
1.82,2977
1.82,2976
1.82,2975
1.82,2974
1.82,2973
1.83,2972
1.83,2971
1.83,2970
1.83,2969
1.83,2968
1.83,2967
1.84,2966
1.84,2965
1.84,2964
1.84,2963
1.84,2962
1.85,2961
1.85,2960
1.85,2959
1.85,2958
1.85,2957
1.86,2956
1.86,2955
1.86,2954
1.86,2953
1.86,2952
1.87,2951
1.87,2950
1.87,2949
1.87,2948
1.87,2947
1.88,2946
1.88,2945
1.88,2944
1.88,2943
1.88,2942
1.89,2941
1.89,2940
1.89,2939
1.89,2938
1.89,2937
1.90,2936
1.90,2935
1.90,2934
1.90,2933
1.90,2932
1.91,2931
1.91,2930
1.91,2929
1.91,2928
1.91,2927
1.92,2926
1.92,2925
1.92,2924
1.92,2923
1.92,2922
1.93,2921
1.93,2920
1.93,2919
1.93,2918
1.93,2917
1.94,2916
1.94,2915
1.94,2914
1.94,2913
1.94,2912
1.95,2911
1.95,2910
1.95,2909
1.95,2908
1.95,2907
1.96,2906
1.96,2905
1.96,2904
1.96,2903
1.96,2902
1.97,2901
1.97,2900
1.97,2899
1.97,2898
1.97,2897
1.98,2896
1.98,2895
1.98,2894
1.98,2893
1.98,2892
1.99,2891
1.99,2890
1.99,2889
1.99,2888
1.99,2887
1.99,2886
2.00,2885
2.00,2884
2.00,2883
2.00,2882
2.00,2881
2.01,2880
2.01,2879
2.01,2878
2.01,2877
2.01,2876
2.02,2875
2.02,2874
2.02,2873
2.02,2872
2.02,2871
2.03,2870
2.03,2869
2.03,2868
2.03,2867
2.03,2866
2.04,2865
2.04,2864
2.04,2863
2.04,2862
2.04,2861
2.05,2860
2.05,2859
2.05,2858
2.05,2857
2.05,2856
2.06,2855
2.06,2854
2.06,2853
2.06,2852
2.06,2851
2.07,2850
2.07,2849
2.07,2848
2.07,2847
2.07,2846
2.08,2845
2.08,2844
2.08,2843
2.08,2842
2.08,2841
2.09,2840
2.09,2839
2.09,2838
2.09,2837
2.09,2836
2.10,2835
2.10,2834
2.10,2833
2.11,2832
2.11,2831
2.11,2830
2.11,2829
2.11,2828
2.12,2827
2.12,2826
2.12,2825
2.12,2824
2.12,2823
2.13,2822
2.13,2821
2.13,2820
2.13,2819
2.13,2818
2.14,2817
2.14,2816
2.14,2815
2.14,2814
2.14,2813
2.15,2812
2.15,2811
2.15,2810
2.15,2809
2.15,2808
2.16,2807
2.16,2806
2.16,2805
2.16,2804
2.16,2803
2.17,2802
2.17,2801
2.17,2800
2.17,2799
2.17,2798
2.18,2797
2.18,2796
2.18,2795
2.18,2794
2.18,2793
2.19,2792
2.19,2791
2.19,2790
2.19,2789
2.19,2788
2.20,2787
2.20,2786
2.20,2785
2.21,2784
2.21,2783
2.21,2782
2.21,2781
2.21,2780
2.22,2779
2.22,2778
2.22,2777
2.22,2776
2.22,2775
2.23,2774
2.23,2773
2.23,2772
2.23,2771
2.23,2770
2.24,2769
2.24,2768
2.24,2767
2.24,2766
2.24,2765
2.25,2764
2.25,2763
2.25,2762
2.25,2761
2.26,2760
2.26,2759
2.26,2758
2.26,2757
2.26,2756
2.27,2755
2.27,2754
2.27,2753
2.27,2752
2.27,2751
2.28,2750
2.28,2749
2.28,2748
2.28,2747
2.28,2746
2.29,2745
2.29,2744
2.29,2743
2.29,2742
2.29,2741
2.30,2740
2.30,2739
2.30,2738
2.30,2737
2.30,2736
2.31,2735
2.31,2734
2.31,2733
2.31,2732
2.31,2731
2.32,2730
2.32,2729
2.32,2728
2.32,2727
2.32,2726
2.33,2725
2.33,2724
2.33,2723
2.33,2722
2.33,2721
2.34,2720
2.34,2719
2.34,2718
2.34,2717
2.34,2716
2.35,2715
2.35,2714
2.35,2713
2.35,2712
2.35,2711
2.36,2710
2.36,2709
2.36,2708
2.36,2707
2.36,2706
2.37,2705
2.37,2704
2.37,2703
2.37,2702
2.37,2701
2.38,2700
2.38,2699
2.38,2698
2.38,2697
2.38,2696
2.39,2695
2.39,2694
2.39,2693
2.39,2692
2.39,2691
2.40,2690
2.40,2689
2.40,2688
2.40,2687
2.40,2686
2.41,2685
2.41,2684
2.41,2683
2.41,2682
2.41,2681
2.42,2680
2.42,2679
2.42,2678
2.42,2677
2.42,2676
2.43,2675
2.43,2674
2.43,2673
2.43,2672
2.43,2671
2.44,2670
2.44,2669
2.44,2668
2.44,2667
2.45,2666
2.45,2665
2.45,2664
2.45,2663
2.45,2662
2.46,2661
2.46,2660
2.46,2659
2.46,2658
2.46,2657
2.47,2656
2.47,2655
2.47,2654
2.47,2653
2.47,2652
2.48,2651
2.48,2650
2.48,2649
2.48,2648
2.48,2647
2.49,2646
2.49,2645
2.49,2644
2.49,2643
2.49,2642
2.50,2641
2.50,2640
2.50,2639
2.50,2638
2.50,2637
2.51,2636
2.51,2635
2.51,2634
2.51,2633
2.51,2632
2.52,2631
2.52,2630
2.52,2629
2.52,2628
2.52,2627
2.53,2626
2.53,2625
2.53,2624
2.53,2623
2.53,2622
2.54,2621
2.54,2620
2.54,2619
2.54,2618
2.54,2617
2.55,2616
2.55,2615
2.55,2614
2.55,2613
2.55,2612
2.56,2611
2.56,2610
2.56,2609
2.56,2608
2.56,2607
2.57,2606
2.57,2605
2.57,2604
2.57,2603
2.57,2602
2.58,2601
2.58,2600
2.58,2599
2.58,2598
2.58,2597
2.59,2596
2.59,2595
2.59,2594
2.59,2593
2.59,2592
2.59,2591
2.60,2590
2.60,2589
2.60,2588
2.60,2587
2.60,2586
2.61,2585
2.61,2584
2.61,2583
2.61,2582
2.61,2581
2.62,2580
2.62,2579
2.62,2578
2.62,2577
2.62,2576
2.63,2575
2.63,2574
2.63,2573
2.63,2572
2.63,2571
2.64,2570
2.64,2569
2.64,2568
2.64,2567
2.64,2566
2.65,2565
2.65,2564
2.65,2563
2.65,2562
2.65,2561
2.66,2560
2.66,2559
2.66,2558
2.66,2557
2.66,2556
2.67,2555
2.67,2554
2.67,2553
2.67,2552
2.67,2551
2.68,2550
2.68,2549
2.68,2548
2.68,2547
2.68,2546
2.69,2545
2.69,2544
2.69,2543
2.69,2542
2.69,2541
2.70,2540
2.70,2539
2.70,2538
2.70,2537
2.70,2536
2.71,2535
2.71,2534
2.71,2533
2.71,2532
2.71,2531
2.72,2530
2.72,2529
2.72,2528
2.72,2527
2.72,2526
2.73,2525
2.73,2524
2.73,2523
2.73,2522
2.73,2521
2.74,2520
2.74,2519
2.74,2518
2.74,2517
2.74,2516
2.75,2515
2.75,2514
2.75,2513
2.75,2512
2.75,2511
2.76,2510
2.76,2509
2.76,2508
2.76,2507
2.76,2506
2.76,2505
2.77,2504
2.77,2503
2.77,2502
2.77,2501
2.77,2500
2.78,2499
2.78,2498
2.78,2497
2.78,2496
2.78,2495
2.79,2494
2.79,2493
2.79,2492
2.79,2491
2.79,2490
2.80,2489
2.80,2488
2.80,2487
2.80,2486
2.80,2485
2.81,2484
2.81,2483
2.81,2482
2.81,2481
2.81,2480
2.82,2479
2.82,2478
2.82,2477
2.82,2476
2.82,2475
2.83,2474
2.83,2473
2.83,2472
2.83,2471
2.83,2470
2.84,2469
2.84,2468
2.84,2467
2.84,2466
2.84,2465
2.85,2464
2.85,2463
2.85,2462
2.85,2461
2.85,2460
2.86,2459
2.86,2458
2.86,2457
2.86,2456
2.86,2455
2.87,2454
2.87,2453
2.87,2452
2.87,2451
2.87,2450
2.88,2449
2.88,2448
2.88,2447
2.88,2446
2.88,2445
2.88,2444
2.89,2443
2.89,2442
2.89,2441
2.89,2440
2.89,2439
2.90,2438
2.90,2437
2.90,2436
2.90,2435
2.90,2434
2.91,2433
2.91,2432
2.91,2431
2.91,2430
2.91,2429
2.92,2428
2.92,2427
2.92,2426
2.92,2425
2.92,2424
2.93,2423
2.93,2422
2.93,2421
2.93,2420
2.93,2419
2.94,2418
2.94,2417
2.94,2416
2.94,2415
2.94,2414
2.95,2413
2.95,2412
2.95,2411
2.95,2410
2.95,2409
2.96,2408
2.96,2407
2.96,2406
2.96,2405
2.96,2404
2.97,2403
2.97,2402
2.97,2401
2.97,2400
2.97,2399
2.98,2398
2.98,2397
2.98,2396
2.98,2395
2.98,2394
2.99,2393
2.99,2392
2.99,2391
2.99,2390
2.99,2389
2.99,2388
3.00,2387
3.00,2386
3.00,2385
3.00,2384
3.00,2383
3.01,2382
3.01,2381
3.01,2380
3.01,2379
3.01,2378
3.02,2377
3.02,2376
3.02,2375
3.02,2374
3.02,2373
3.03,2372
3.03,2371
3.03,2370
3.03,2369
