0.10,3630
0.16,3629
0.17,3628
0.18,3627
0.19,3626
0.20,3625
0.21,3624
0.21,3623
0.22,3622
0.23,3621
0.23,3620
0.24,3619
0.24,3618
0.25,3617
0.25,3616
0.26,3615
0.26,3614
0.27,3613
0.28,3612
0.28,3611
0.29,3610
0.30,3609
0.30,3608
0.31,3607
0.32,3606
0.32,3605
0.33,3604
0.33,3603
0.34,3602
0.34,3601
0.35,3600
0.35,3599
0.36,3598
0.36,3597
0.37,3596
0.37,3595
0.38,3594
0.38,3593
0.38,3592
0.39,3591
0.39,3590
0.40,3589
0.40,3588
0.40,3587
0.41,3586
0.41,3585
0.42,3584
0.42,3583
0.42,3582
0.43,3581
0.43,3580
0.43,3579
0.43,3578
0.44,3577
0.44,3576
0.44,3575
0.44,3574
0.44,3573
0.45,3572
0.45,3571
0.45,3570
0.45,3569
0.46,3568
0.46,3567
0.46,3566
0.46,3565
0.47,3564
0.47,3563
0.47,3562
0.47,3561
0.47,3560
0.48,3559
0.48,3558
0.48,3557
0.48,3556
0.49,3555
0.49,3554
0.49,3553
0.49,3552
0.49,3551
0.50,3550
0.50,3549
0.50,3548
0.50,3547
0.51,3546
0.51,3545
0.51,3544
0.51,3543
0.51,3542
0.52,3541
0.52,3540
0.52,3539
0.52,3538
0.53,3537
0.53,3536
0.53,3535
0.53,3534
0.53,3533
0.54,3532
0.54,3531
0.54,3530
0.54,3529
0.55,3528
0.55,3527
0.55,3526
0.55,3525
0.55,3524
0.56,3523
0.56,3522
0.56,3521
0.56,3520
0.57,3519
0.57,3518
0.57,3517
0.57,3516
0.58,3515
0.58,3514
0.58,3513
0.58,3512
0.58,3511
0.59,3510
0.59,3509
0.59,3508
0.59,3507
0.60,3506
0.60,3505
0.60,3504
0.60,3503
0.61,3502
0.61,3501
0.62,3500
0.62,3499
0.62,3498
0.62,3497
0.63,3496
0.63,3495
0.63,3494
0.63,3493
0.64,3492
0.64,3491
0.64,3490
0.64,3489
0.64,3488
0.65,3487
0.65,3486
0.65,3485
0.65,3484
0.66,3483
0.66,3482
0.66,3481
0.66,3480
0.66,3479
0.67,3478
0.67,3477
0.67,3476
0.67,3475
0.68,3474
0.68,3473
0.68,3472
0.68,3471
0.68,3470
0.69,3469
0.69,3468
0.69,3467
0.69,3466
0.70,3465
0.70,3464
0.70,3463
0.70,3462
0.70,3461
0.71,3460
0.71,3459
0.71,3458
0.71,3457
0.71,3456
0.72,3455
0.72,3454
0.72,3453
0.72,3452
0.73,3451
0.73,3450
0.73,3449
0.73,3448
0.73,3447
0.74,3446
0.74,3445
0.74,3444
0.74,3443
0.75,3442
0.75,3441
0.75,3440
0.75,3439
0.75,3438
0.76,3437
0.76,3436
0.76,3435
0.76,3434
0.77,3433
0.77,3432
0.77,3431
0.77,3430
0.77,3429
0.78,3428
0.78,3427
0.78,3426
0.78,3425
0.79,3424
0.79,3423
0.79,3422
0.79,3421
0.79,3420
0.80,3419
0.80,3418
0.80,3417
0.81,3416
0.81,3415
0.81,3414
0.81,3413
0.81,3412
0.82,3411
0.82,3410
0.82,3409
0.82,3408
0.83,3407
0.83,3406
0.83,3405
0.83,3404
0.83,3403
0.84,3402
0.84,3401
0.84,3400
0.84,3399
0.85,3398
0.85,3397
0.85,3396
0.85,3395
0.85,3394
0.86,3393
0.86,3392
0.86,3391
0.86,3390
0.87,3389
0.87,3388
0.87,3387
0.87,3386
0.87,3385
0.88,3384
0.88,3383
0.88,3382
0.88,3381
0.89,3380
0.89,3379
0.89,3378
0.89,3377
0.89,3376
0.90,3375
0.90,3374
0.90,3373
0.90,3372
0.91,3371
0.91,3370
0.91,3369
0.91,3368
0.92,3367
0.92,3366
0.92,3365
0.92,3364
0.92,3363
0.93,3362
0.93,3361
0.93,3360
0.93,3359
0.94,3358
0.94,3357
0.94,3356
0.94,3355
0.94,3354
0.95,3353
0.95,3352
0.95,3351
0.95,3350
0.95,3349
0.96,3348
0.96,3347
0.96,3346
0.96,3345
0.97,3344
0.97,3343
0.97,3342
0.97,3341
0.98,3340
0.98,3339
0.98,3338
0.98,3337
0.99,3336
0.99,3335
0.99,3334
1.00,3333
1.00,3332
1.00,3331
1.00,3330
1.01,3329
1.01,3328
1.01,3327
1.01,3326
1.02,3325
1.02,3324
1.02,3323
1.02,3322
1.02,3321
1.03,3320
1.03,3319
1.03,3318
1.03,3317
1.04,3316
1.04,3315
1.04,3314
1.04,3313
1.04,3312
1.05,3311
1.05,3310
1.05,3309
1.05,3308
1.06,3307
1.06,3306
1.06,3305
1.06,3304
1.06,3303
1.07,3302
1.07,3301
1.07,3300
1.07,3299
1.08,3298
1.08,3297
1.08,3296
1.08,3295
1.08,3294
1.09,3293
1.09,3292
1.09,3291
1.09,3290
1.10,3289
1.10,3288
1.10,3287
1.10,3286
1.10,3285
1.11,3284
1.11,3283
1.11,3282
1.11,3281
1.11,3280
1.12,3279
1.12,3278
1.12,3277
1.12,3276
1.13,3275
1.13,3274
1.13,3273
1.13,3272
1.13,3271
1.14,3270
1.14,3269
1.14,3268
1.14,3267
1.14,3266
1.15,3265
1.15,3264
1.15,3263
1.15,3262
1.16,3261
1.16,3260
1.16,3259
1.16,3258
1.16,3257
1.17,3256
1.17,3255
1.17,3254
1.17,3253
1.17,3252
1.18,3251
1.18,3250
1.18,3249
1.18,3248
1.19,3247
1.19,3246
1.19,3245
1.19,3244
1.20,3243
1.20,3242
1.20,3241
1.20,3240
1.21,3239
1.21,3238
1.21,3237
1.21,3236
1.22,3235
1.22,3234
1.22,3233
1.22,3232
1.22,3231
1.23,3230
1.23,3229
1.23,3228
1.23,3227
1.24,3226
1.24,3225
1.24,3224
1.24,3223
1.25,3222
1.25,3221
1.25,3220
1.25,3219
1.26,3218
1.26,3217
1.26,3216
1.26,3215
1.27,3214
1.27,3213
1.27,3212
1.27,3211
1.28,3210
1.28,3209
1.28,3208
1.28,3207
1.29,3206
1.29,3205
1.29,3204
1.29,3203
1.30,3202
1.30,3201
1.30,3200
1.31,3199
1.31,3198
1.31,3197
1.31,3196
1.32,3195
1.32,3194
1.32,3193
1.32,3192
1.33,3191
1.33,3190
1.33,3189
1.33,3188
1.34,3187
1.34,3186
1.34,3185
1.34,3184
1.35,3183
1.35,3182
1.35,3181
1.35,3180
1.36,3179
1.36,3178
1.36,3177
1.36,3176
1.37,3175
1.37,3174
1.37,3173
1.37,3172
1.38,3171
1.38,3170
1.38,3169
1.38,3168
1.39,3167
1.39,3166
1.39,3165
1.40,3164
1.40,3163
1.40,3162
1.40,3161
1.41,3160
1.41,3159
1.41,3158
1.41,3157
1.41,3156
1.42,3155
1.42,3154
1.42,3153
1.42,3152
1.42,3151
1.43,3150
1.43,3149
1.43,3148
1.43,3147
1.44,3146
1.44,3145
1.44,3144
1.44,3143
1.44,3142
1.45,3141
1.45,3140
1.45,3139
1.45,3138
1.46,3137
1.46,3136
1.46,3135
1.46,3134
1.46,3133
1.47,3132
1.47,3131
1.47,3130
1.47,3129
1.47,3128
1.48,3127
1.48,3126
1.48,3125
1.48,3124
1.48,3123
1.49,3122
1.49,3121
1.49,3120
1.49,3119
1.50,3118
1.50,3117
1.50,3116
1.50,3115
1.50,3114
1.51,3113
1.51,3112
1.51,3111
1.51,3110
1.51,3109
1.52,3108
1.52,3107
1.52,3106
1.52,3105
1.52,3104
1.53,3103
1.53,3102
1.53,3101
1.53,3100
1.54,3099
1.54,3098
1.54,3097
1.54,3096
1.54,3095
1.55,3094
1.55,3093
1.55,3092
1.55,3091
1.56,3090
1.56,3089
1.56,3088
1.56,3087
1.56,3086
1.57,3085
1.57,3084
1.57,3083
1.57,3082
1.57,3081
1.58,3080
1.58,3079
1.58,3078
1.58,3077
1.58,3076
1.59,3075
1.59,3074
1.59,3073
1.59,3072
1.60,3071
1.60,3070
1.60,3069
1.60,3068
1.60,3067
1.61,3066
1.61,3065
1.61,3064
1.62,3063
1.62,3062
1.62,3061
1.62,3060
1.62,3059
1.63,3058
1.63,3057
1.63,3056
1.63,3055
1.63,3054
1.64,3053
1.64,3052
1.64,3051
1.64,3050
1.65,3049
1.65,3048
1.65,3047
1.65,3046
1.66,3045
1.66,3044
1.66,3043
1.66,3042
1.67,3041
1.67,3040
1.67,3039
1.67,3038
1.67,3037
1.68,3036
1.68,3035
1.68,3034
1.68,3033
1.69,3032
1.69,3031
1.69,3030
1.69,3029
1.69,3028
1.70,3027
1.70,3026
1.70,3025
1.70,3024
1.71,3023
1.71,3022
1.71,3021
1.71,3020
1.71,3019
1.72,3018
1.72,3017
1.72,3016
1.72,3015
1.72,3014
1.73,3013
1.73,3012
1.73,3011
1.73,3010
1.74,3009
1.74,3008
1.74,3007
1.74,3006
1.74,3005
1.75,3004
1.75,3003
1.75,3002
1.75,3001
1.76,3000
1.76,2999
1.76,2998
1.76,2997
1.76,2996
1.77,2995
1.77,2994
1.77,2993
1.77,2992
1.77,2991
1.78,2990
1.78,2989
1.78,2988
1.79,2987
1.79,2986
1.79,2985
1.79,2984
1.79,2983
1.80,2982
1.80,2981
1.80,2980
1.80,2979
1.81,2978
1.81,2977
1.81,2976
1.81,2975
1.81,2974
1.82,2973
1.82,2972
1.82,2971
1.82,2970
1.82,2969
1.83,2968
1.83,2967
1.83,2966
1.83,2965
1.83,2964
1.84,2963
1.84,2962
1.84,2961
1.84,2960
1.84,2959
1.85,2958
1.85,2957
1.85,2956
1.85,2955
1.86,2954
1.86,2953
1.86,2952
1.86,2951
1.86,2950
1.87,2949
1.87,2948
1.87,2947
1.87,2946
1.87,2945
1.88,2944
1.88,2943
1.88,2942
1.88,2941
1.89,2940
1.89,2939
1.89,2938
1.89,2937
1.89,2936
1.90,2935
1.90,2934
1.90,2933
1.90,2932
1.90,2931
1.91,2930
1.91,2929
1.91,2928
1.91,2927
1.92,2926
1.92,2925
1.92,2924
1.92,2923
1.92,2922
1.93,2921
1.93,2920
1.93,2919
1.93,2918
1.93,2917
1.94,2916
1.94,2915
1.94,2914
1.94,2913
1.95,2912
1.95,2911
1.95,2910
1.95,2909
1.95,2908
1.96,2907
1.96,2906
1.96,2905
1.96,2904
1.96,2903
1.97,2902
1.97,2901
1.97,2900
1.97,2899
1.97,2898
1.98,2897
1.98,2896
1.98,2895
1.98,2894
1.99,2893
1.99,2892
1.99,2891
1.99,2890
1.99,2889
2.00,2888
2.00,2887
2.00,2886
2.00,2885
2.00,2884
2.01,2883
2.01,2882
2.01,2881
2.01,2880
2.02,2879
2.02,2878
2.02,2877
2.02,2876
2.02,2875
2.03,2874
2.03,2873
2.03,2872
2.03,2871
2.03,2870
2.04,2869
2.04,2868
2.04,2867
2.04,2866
2.04,2865
2.05,2864
2.05,2863
2.05,2862
2.05,2861
2.06,2860
2.06,2859
2.06,2858
2.06,2857
2.06,2856
2.07,2855
2.07,2854
2.07,2853
2.07,2852
2.07,2851
2.08,2850
2.08,2849
2.08,2848
2.08,2847
2.08,2846
2.09,2845
2.09,2844
2.09,2843
2.09,2842
2.10,2841
2.10,2840
2.10,2839
2.10,2838
2.10,2837
2.11,2836
2.11,2835
2.11,2834
2.11,2833
2.11,2832
2.12,2831
2.12,2830
2.12,2829
2.12,2828
2.12,2827
2.13,2826
2.13,2825
2.13,2824
2.13,2823
2.13,2822
2.14,2821
2.14,2820
2.14,2819
2.14,2818
2.14,2817
2.15,2816
2.15,2815
2.15,2814
2.15,2813
2.16,2812
2.16,2811
2.16,2810
2.17,2809
2.17,2808
2.17,2807
2.17,2806
2.17,2805
2.18,2804
2.18,2803
2.18,2802
2.18,2801
2.18,2800
2.19,2799
2.19,2798
2.19,2797
2.19,2796
2.19,2795
2.20,2794
2.20,2793
2.20,2792
2.20,2791
2.20,2790
2.21,2789
2.21,2788
2.21,2787
2.21,2786
2.21,2785
2.22,2784
2.22,2783
2.22,2782
2.22,2781
2.22,2780
2.23,2779
2.23,2778
2.23,2777
2.23,2776
2.23,2775
2.24,2774
2.24,2773
2.24,2772
2.24,2771
2.24,2770
2.25,2769
2.25,2768
2.25,2767
2.25,2766
2.25,2765
2.26,2764
2.26,2763
2.26,2762
2.26,2761
2.26,2760
2.27,2759
2.27,2758
2.27,2757
2.27,2756
2.27,2755
2.28,2754
2.28,2753
2.28,2752
2.28,2751
2.28,2750
2.29,2749
2.29,2748
2.29,2747
2.29,2746
2.29,2745
2.30,2744
2.30,2743
2.30,2742
2.30,2741
2.30,2740
2.31,2739
2.31,2738
2.31,2737
2.31,2736
2.31,2735
2.32,2734
2.32,2733
2.32,2732
2.32,2731
2.32,2730
2.33,2729
2.33,2728
2.33,2727
2.33,2726
2.33,2725
2.34,2724
2.34,2723
2.34,2722
2.34,2721
2.34,2720
2.35,2719
2.35,2718
2.35,2717
2.35,2716
2.35,2715
2.36,2714
2.36,2713
2.36,2712
2.36,2711
2.36,2710
2.37,2709
2.37,2708
2.37,2707
2.37,2706
2.37,2705
2.38,2704
2.38,2703
2.38,2702
2.38,2701
2.39,2700
2.39,2699
2.39,2698
2.39,2697
2.39,2696
2.40,2695
2.40,2694
2.40,2693
2.40,2692
2.40,2691
2.41,2690
2.41,2689
2.41,2688
2.41,2687
2.41,2686
2.42,2685
2.42,2684
2.42,2683
2.42,2682
2.42,2681
2.43,2680
2.43,2679
2.43,2678
2.43,2677
2.43,2676
2.44,2675
2.44,2674
2.44,2673
2.44,2672
2.45,2671
2.45,2670
2.45,2669
2.45,2668
2.45,2667
2.46,2666
2.46,2665
2.46,2664
2.46,2663
2.46,2662
2.47,2661
2.47,2660
2.47,2659
2.47,2658
2.47,2657
2.48,2656
2.48,2655
2.48,2654
2.48,2653
2.48,2652
2.49,2651
2.49,2650
2.49,2649
2.49,2648
2.49,2647
2.50,2646
2.50,2645
2.50,2644
2.50,2643
2.50,2642
2.51,2641
2.51,2640
2.51,2639
2.51,2638
2.52,2637
2.52,2636
2.52,2635
2.52,2634
2.52,2633
2.53,2632
2.53,2631
2.53,2630
2.53,2629
2.53,2628
2.54,2627
2.54,2626
2.54,2625
2.54,2624
2.54,2623
2.55,2622
2.55,2621
2.55,2620
2.55,2619
2.55,2618
2.56,2617
2.56,2616
2.56,2615
2.56,2614
2.56,2613
2.57,2612
2.57,2611
2.57,2610
2.57,2609
2.57,2608
2.57,2607
2.58,2606
2.58,2605
2.58,2604
2.58,2603
2.58,2602
2.59,2601
2.59,2600
2.59,2599
2.59,2598
2.59,2597
2.60,2596
2.60,2595
2.60,2594
2.60,2593
2.60,2592
2.61,2591
2.61,2590
2.61,2589
2.61,2588
2.61,2587
2.62,2586
2.62,2585
2.62,2584
2.62,2583
2.62,2582
2.63,2581
2.63,2580
2.63,2579
2.63,2578
2.63,2577
2.64,2576
2.64,2575
2.64,2574
2.64,2573
2.64,2572
2.65,2571
2.65,2570
2.65,2569
2.65,2568
2.65,2567
2.66,2566
2.66,2565
2.66,2564
2.66,2563
2.66,2562
2.67,2561
2.67,2560
2.67,2559
2.67,2558
2.67,2557
2.68,2556
2.68,2555
2.68,2554
2.68,2553
2.68,2552
2.69,2551
2.69,2550
2.69,2549
2.69,2548
2.69,2547
2.70,2546
2.70,2545
2.70,2544
2.70,2543
2.70,2542
2.71,2541
2.71,2540
2.71,2539
2.71,2538
2.71,2537
2.72,2536
2.72,2535
2.72,2534
2.72,2533
2.72,2532
2.73,2531
2.73,2530
2.73,2529
2.73,2528
2.73,2527
2.74,2526
2.74,2525
2.74,2524
2.74,2523
2.74,2522
2.75,2521
2.75,2520
2.75,2519
2.75,2518
2.75,2517
2.76,2516
2.76,2515
2.76,2514
2.76,2513
2.76,2512
2.77,2511
2.77,2510
2.77,2509
2.77,2508
2.77,2507
2.78,2506
2.78,2505
2.78,2504
2.78,2503
2.78,2502
2.79,2501
2.79,2500
2.79,2499
2.79,2498
2.79,2497
2.80,2496
2.80,2495
2.80,2494
2.80,2493
2.80,2492
2.81,2491
2.81,2490
2.81,2489
2.81,2488
2.81,2487
2.82,2486
2.82,2485
2.82,2484
2.82,2483
2.82,2482
2.83,2481
2.83,2480
2.83,2479
2.83,2478
2.83,2477
2.84,2476
2.84,2475
2.84,2474
2.84,2473
2.84,2472
2.85,2471
2.85,2470
2.85,2469
2.85,2468
2.85,2467
2.86,2466
2.86,2465
2.86,2464
2.86,2463
2.86,2462
2.87,2461
2.87,2460
2.87,2459
2.87,2458
2.87,2457
2.88,2456
2.88,2455
2.88,2454
2.88,2453
2.88,2452
2.89,2451
2.89,2450
2.89,2449
2.89,2448
2.89,2447
2.90,2446
2.90,2445
2.90,2444
2.90,2443
2.90,2442
2.91,2441
2.91,2440
2.91,2439
2.91,2438
2.91,2437
2.91,2436
2.92,2435
2.92,2434
2.92,2433
2.92,2432
2.92,2431
2.93,2430
2.93,2429
2.93,2428
2.93,2427
2.93,2426
2.94,2425
2.94,2424
2.94,2423
2.94,2422
2.94,2421
2.95,2420
2.95,2419
2.95,2418
2.95,2417
2.95,2416
2.96,2415
2.96,2414
2.96,2413
2.96,2412
2.96,2411
2.97,2410
2.97,2409
2.97,2408
2.97,2407
2.97,2406
2.98,2405
2.98,2404
2.98,2403
2.98,2402
2.98,2401
2.99,2400
2.99,2399
2.99,2398
2.99,2397
2.99,2396
3.00,2395
3.00,2394
3.00,2393
3.00,2392
3.00,2391
3.01,2390
3.01,2389
3.01,2388
3.01,2387
3.01,2386
3.02,2385
3.02,2384
3.02,2383
3.02,2382
3.02,2381
3.03,2380
3.03,2379
3.03,2378
3.03,2377
3.03,2376
3.04,2375
3.04,2374
