0.10,3696
0.17,3695
0.18,3694
0.19,3693
0.20,3692
0.21,3691
0.22,3690
0.23,3689
0.23,3688
0.24,3687
0.25,3686
0.25,3685
0.26,3684
0.26,3683
0.27,3682
0.28,3681
0.28,3680
0.29,3679
0.29,3678
0.30,3677
0.30,3676
0.31,3675
0.32,3674
0.32,3673
0.33,3672
0.33,3671
0.34,3670
0.34,3669
0.35,3668
0.35,3667
0.36,3666
0.36,3665
0.37,3664
0.38,3663
0.38,3662
0.39,3661
0.39,3660
0.39,3659
0.40,3658
0.40,3657
0.41,3656
0.41,3655
0.41,3654
0.42,3653
0.42,3652
0.42,3651
0.43,3650
0.43,3649
0.44,3648
0.44,3647
0.44,3646
0.44,3645
0.44,3644
0.45,3643
0.45,3642
0.45,3641
0.45,3640
0.45,3639
0.46,3638
0.46,3637
0.46,3636
0.46,3635
0.46,3634
0.47,3633
0.47,3632
0.47,3631
0.47,3630
0.48,3629
0.48,3628
0.48,3627
0.48,3626
0.48,3625
0.49,3624
0.49,3623
0.49,3622
0.49,3621
0.49,3620
0.50,3619
0.50,3618
0.50,3617
0.50,3616
0.50,3615
0.51,3614
0.51,3613
0.51,3612
0.51,3611
0.52,3610
0.52,3609
0.52,3608
0.52,3607
0.53,3606
0.53,3605
0.53,3604
0.53,3603
0.53,3602
0.54,3601
0.54,3600
0.54,3599
0.54,3598
0.54,3597
0.55,3596
0.55,3595
0.55,3594
0.55,3593
0.56,3592
0.56,3591
0.56,3590
0.56,3589
0.56,3588
0.57,3587
0.57,3586
0.57,3585
0.57,3584
0.58,3583
0.58,3582
0.58,3581
0.58,3580
0.59,3579
0.59,3578
0.59,3577
0.59,3576
0.59,3575
0.60,3574
0.60,3573
0.60,3572
0.60,3571
0.60,3570
0.61,3569
0.61,3568
0.61,3567
0.62,3566
0.62,3565
0.62,3564
0.62,3563
0.62,3562
0.63,3561
0.63,3560
0.63,3559
0.63,3558
0.63,3557
0.64,3556
0.64,3555
0.64,3554
0.64,3553
0.64,3552
0.65,3551
0.65,3550
0.65,3549
0.65,3548
0.65,3547
0.65,3546
0.66,3545
0.66,3544
0.66,3543
0.66,3542
0.66,3541
0.67,3540
0.67,3539
0.67,3538
0.67,3537
0.67,3536
0.68,3535
0.68,3534
0.68,3533
0.68,3532
0.68,3531
0.69,3530
0.69,3529
0.69,3528
0.69,3527
0.69,3526
0.70,3525
0.70,3524
0.70,3523
0.70,3522
0.70,3521
0.71,3520
0.71,3519
0.71,3518
0.71,3517
0.71,3516
0.72,3515
0.72,3514
0.72,3513
0.72,3512
0.72,3511
0.73,3510
0.73,3509
0.73,3508
0.73,3507
0.73,3506
0.74,3505
0.74,3504
0.74,3503
0.74,3502
0.74,3501
0.75,3500
0.75,3499
0.75,3498
0.75,3497
0.75,3496
0.76,3495
0.76,3494
0.76,3493
0.76,3492
0.76,3491
0.77,3490
0.77,3489
0.77,3488
0.77,3487
0.77,3486
0.78,3485
0.78,3484
0.78,3483
0.78,3482
0.79,3481
0.79,3480
0.79,3479
0.79,3478
0.80,3477
0.80,3476
0.80,3475
0.80,3474
0.80,3473
0.81,3472
0.81,3471
0.81,3470
0.81,3469
0.82,3468
0.82,3467
0.82,3466
0.82,3465
0.83,3464
0.83,3463
0.83,3462
0.83,3461
0.84,3460
0.84,3459
0.84,3458
0.84,3457
0.84,3456
0.85,3455
0.85,3454
0.85,3453
0.85,3452
0.85,3451
0.86,3450
0.86,3449
0.86,3448
0.86,3447
0.86,3446
0.87,3445
0.87,3444
0.87,3443
0.87,3442
0.88,3441
0.88,3440
0.88,3439
0.88,3438
0.88,3437
0.89,3436
0.89,3435
0.89,3434
0.89,3433
0.89,3432
0.90,3431
0.90,3430
0.90,3429
0.90,3428
0.90,3427
0.91,3426
0.91,3425
0.91,3424
0.91,3423
0.91,3422
0.92,3421
0.92,3420
0.92,3419
0.92,3418
0.92,3417
0.93,3416
0.93,3415
0.93,3414
0.93,3413
0.93,3412
0.94,3411
0.94,3410
0.94,3409
0.94,3408
0.94,3407
0.95,3406
0.95,3405
0.95,3404
0.95,3403
0.95,3402
0.96,3401
0.96,3400
0.96,3399
0.97,3398
0.97,3397
0.97,3396
0.97,3395
0.97,3394
0.98,3393
0.98,3392
0.98,3391
0.98,3390
0.98,3389
0.99,3388
0.99,3387
0.99,3386
0.99,3385
1.00,3384
1.00,3383
1.00,3382
1.00,3381
1.01,3380
1.01,3379
1.01,3378
1.01,3377
1.01,3376
1.02,3375
1.02,3374
1.02,3373
1.02,3372
1.02,3371
1.03,3370
1.03,3369
1.03,3368
1.03,3367
1.03,3366
1.04,3365
1.04,3364
1.04,3363
1.04,3362
1.04,3361
1.05,3360
1.05,3359
1.05,3358
1.05,3357
1.05,3356
1.06,3355
1.06,3354
1.06,3353
1.06,3352
1.06,3351
1.07,3350
1.07,3349
1.07,3348
1.07,3347
1.07,3346
1.08,3345
1.08,3344
1.08,3343
1.08,3342
1.08,3341
1.09,3340
1.09,3339
1.09,3338
1.09,3337
1.09,3336
1.10,3335
1.10,3334
1.10,3333
1.10,3332
1.10,3331
1.11,3330
1.11,3329
1.11,3328
1.11,3327
1.11,3326
1.12,3325
1.12,3324
1.12,3323
1.12,3322
1.12,3321
1.13,3320
1.13,3319
1.13,3318
1.13,3317
1.13,3316
1.14,3315
1.14,3314
1.14,3313
1.14,3312
1.14,3311
1.15,3310
1.15,3309
1.15,3308
1.15,3307
1.16,3306
1.16,3305
1.16,3304
1.16,3303
1.17,3302
1.17,3301
1.17,3300
1.17,3299
1.18,3298
1.18,3297
1.18,3296
1.18,3295
1.18,3294
1.19,3293
1.19,3292
1.19,3291
1.20,3290
1.20,3289
1.20,3288
1.20,3287
1.20,3286
1.21,3285
1.21,3284
1.21,3283
1.21,3282
1.22,3281
1.22,3280
1.22,3279
1.22,3278
1.23,3277
1.23,3276
1.23,3275
1.23,3274
1.24,3273
1.24,3272
1.24,3271
1.24,3270
1.25,3269
1.25,3268
1.25,3267
1.25,3266
1.26,3265
1.26,3264
1.26,3263
1.26,3262
1.27,3261
1.27,3260
1.27,3259
1.27,3258
1.27,3257
1.28,3256
1.28,3255
1.28,3254
1.28,3253
1.29,3252
1.29,3251
1.29,3250
1.29,3249
1.30,3248
1.30,3247
1.30,3246
1.30,3245
1.31,3244
1.31,3243
1.31,3242
1.31,3241
1.32,3240
1.32,3239
1.32,3238
1.32,3237
1.33,3236
1.33,3235
1.33,3234
1.34,3233
1.34,3232
1.34,3231
1.34,3230
1.34,3229
1.35,3228
1.35,3227
1.35,3226
1.35,3225
1.35,3224
1.36,3223
1.36,3222
1.36,3221
1.36,3220
1.36,3219
1.37,3218
1.37,3217
1.37,3216
1.37,3215
1.37,3214
1.38,3213
1.38,3212
1.38,3211
1.38,3210
1.38,3209
1.39,3208
1.39,3207
1.39,3206
1.39,3205
1.39,3204
1.40,3203
1.40,3202
1.40,3201
1.40,3200
1.40,3199
1.41,3198
1.41,3197
1.41,3196
1.41,3195
1.41,3194
1.42,3193
1.42,3192
1.42,3191
1.42,3190
1.42,3189
1.43,3188
1.43,3187
1.43,3186
1.43,3185
1.43,3184
1.44,3183
1.44,3182
1.44,3181
1.44,3180
1.44,3179
1.45,3178
1.45,3177
1.45,3176
1.45,3175
1.45,3174
1.46,3173
1.46,3172
1.46,3171
1.46,3170
1.46,3169
1.47,3168
1.47,3167
1.47,3166
1.47,3165
1.47,3164
1.48,3163
1.48,3162
1.48,3161
1.48,3160
1.48,3159
1.49,3158
1.49,3157
1.49,3156
1.49,3155
1.49,3154
1.50,3153
1.50,3152
1.50,3151
1.50,3150
1.50,3149
1.51,3148
1.51,3147
1.51,3146
1.51,3145
1.51,3144
1.52,3143
1.52,3142
1.52,3141
1.52,3140
1.52,3139
1.53,3138
1.53,3137
1.53,3136
1.53,3135
1.53,3134
1.54,3133
1.54,3132
1.54,3131
1.54,3130
1.54,3129
1.55,3128
1.55,3127
1.55,3126
1.55,3125
1.55,3124
1.56,3123
1.56,3122
1.56,3121
1.56,3120
1.56,3119
1.57,3118
1.57,3117
1.57,3116
1.57,3115
1.58,3114
1.58,3113
1.58,3112
1.58,3111
1.58,3110
1.59,3109
1.59,3108
1.59,3107
1.59,3106
1.59,3105
1.60,3104
1.60,3103
1.60,3102
1.60,3101
1.60,3100
1.61,3099
1.61,3098
1.61,3097
1.61,3096
1.61,3095
1.61,3094
1.62,3093
1.62,3092
1.62,3091
1.62,3090
1.62,3089
1.63,3088
1.63,3087
1.63,3086
1.63,3085
1.63,3084
1.64,3083
1.64,3082
1.64,3081
1.64,3080
1.64,3079
1.65,3078
1.65,3077
1.65,3076
1.65,3075
1.65,3074
1.66,3073
1.66,3072
1.66,3071
1.66,3070
1.66,3069
1.67,3068
1.67,3067
1.67,3066
1.67,3065
1.68,3064
1.68,3063
1.68,3062
1.68,3061
1.69,3060
1.69,3059
1.69,3058
1.69,3057
1.69,3056
1.70,3055
1.70,3054
1.70,3053
1.70,3052
1.70,3051
1.71,3050
1.71,3049
1.71,3048
1.71,3047
1.71,3046
1.72,3045
1.72,3044
1.72,3043
1.72,3042
1.72,3041
1.73,3040
1.73,3039
1.73,3038
1.73,3037
1.73,3036
1.74,3035
1.74,3034
1.74,3033
1.74,3032
1.74,3031
1.75,3030
1.75,3029
1.75,3028
1.75,3027
1.75,3026
1.76,3025
1.76,3024
1.76,3023
1.76,3022
1.76,3021
1.77,3020
1.77,3019
1.77,3018
1.77,3017
1.77,3016
1.78,3015
1.78,3014
1.78,3013
1.78,3012
1.78,3011
1.79,3010
1.79,3009
1.79,3008
1.79,3007
1.79,3006
1.80,3005
1.80,3004
1.80,3003
1.80,3002
1.80,3001
1.81,3000
1.81,2999
1.81,2998
1.81,2997
1.81,2996
1.82,2995
1.82,2994
1.82,2993
1.82,2992
1.82,2991
1.83,2990
1.83,2989
1.83,2988
1.83,2987
1.83,2986
1.84,2985
1.84,2984
1.84,2983
1.84,2982
1.84,2981
1.85,2980
1.85,2979
1.85,2978
1.85,2977
1.85,2976
1.86,2975
1.86,2974
1.86,2973
1.86,2972
1.86,2971
1.86,2970
1.87,2969
1.87,2968
1.87,2967
1.87,2966
1.87,2965
1.88,2964
1.88,2963
1.88,2962
1.88,2961
1.88,2960
1.89,2959
1.89,2958
1.89,2957
1.89,2956
1.89,2955
1.90,2954
1.90,2953
1.90,2952
1.90,2951
1.90,2950
1.91,2949
1.91,2948
1.91,2947
1.91,2946
1.91,2945
1.91,2944
1.92,2943
1.92,2942
1.92,2941
1.92,2940
1.92,2939
1.93,2938
1.93,2937
1.93,2936
1.93,2935
1.93,2934
1.94,2933
1.94,2932
1.94,2931
1.94,2930
1.94,2929
1.95,2928
1.95,2927
1.95,2926
1.95,2925
1.95,2924
1.96,2923
1.96,2922
1.96,2921
1.96,2920
1.96,2919
1.97,2918
1.97,2917
1.97,2916
1.97,2915
1.97,2914
1.98,2913
1.98,2912
1.98,2911
1.98,2910
1.98,2909
1.99,2908
1.99,2907
1.99,2906
1.99,2905
1.99,2904
2.00,2903
2.00,2902
2.00,2901
2.00,2900
2.00,2899
2.01,2898
2.01,2897
2.01,2896
2.01,2895
2.01,2894
2.02,2893
2.02,2892
2.02,2891
2.02,2890
2.02,2889
2.03,2888
2.03,2887
2.03,2886
2.03,2885
2.03,2884
2.04,2883
2.04,2882
2.04,2881
2.04,2880
2.04,2879
2.05,2878
2.05,2877
2.05,2876
2.05,2875
2.06,2874
2.06,2873
2.06,2872
2.06,2871
2.07,2870
2.07,2869
2.07,2868
2.07,2867
2.07,2866
2.08,2865
2.08,2864
2.08,2863
2.08,2862
2.09,2861
2.09,2860
2.09,2859
2.09,2858
2.09,2857
2.10,2856
2.10,2855
2.10,2854
2.10,2853
2.11,2852
2.11,2851
2.11,2850
2.11,2849
2.12,2848
2.12,2847
2.12,2846
2.12,2845
2.13,2844
2.13,2843
2.13,2842
2.13,2841
2.14,2840
2.14,2839
2.14,2838
2.14,2837
2.14,2836
2.15,2835
2.15,2834
2.15,2833
2.15,2832
2.16,2831
2.16,2830
2.16,2829
2.16,2828
2.17,2827
2.17,2826
2.17,2825
2.17,2824
2.18,2823
2.18,2822
2.18,2821
2.18,2820
2.19,2819
2.19,2818
2.19,2817
2.19,2816
2.19,2815
2.20,2814
2.20,2813
2.20,2812
2.20,2811
2.21,2810
2.21,2809
2.21,2808
2.21,2807
2.22,2806
2.22,2805
2.22,2804
2.22,2803
2.22,2802
2.23,2801
2.23,2800
2.23,2799
2.23,2798
2.24,2797
2.24,2796
2.24,2795
2.24,2794
2.25,2793
2.25,2792
2.25,2791
2.25,2790
2.25,2789
2.26,2788
2.26,2787
2.26,2786
2.26,2785
2.27,2784
2.27,2783
2.27,2782
2.27,2781
2.28,2780
2.28,2779
2.28,2778
2.28,2777
2.28,2776
2.29,2775
2.29,2774
2.29,2773
2.29,2772
2.30,2771
2.30,2770
2.30,2769
2.30,2768
2.31,2767
2.31,2766
2.31,2765
2.31,2764
2.32,2763
2.32,2762
2.32,2761
2.32,2760
2.32,2759
2.33,2758
2.33,2757
2.33,2756
2.33,2755
2.34,2754
2.34,2753
2.34,2752
2.34,2751
2.35,2750
2.35,2749
2.35,2748
2.35,2747
2.35,2746
2.36,2745
2.36,2744
2.36,2743
2.36,2742
2.37,2741
2.37,2740
2.37,2739
2.37,2738
2.38,2737
2.38,2736
2.38,2735
2.38,2734
2.38,2733
2.39,2732
2.39,2731
2.39,2730
2.39,2729
2.40,2728
2.40,2727
2.40,2726
2.40,2725
2.41,2724
2.41,2723
2.41,2722
2.41,2721
2.41,2720
2.42,2719
2.42,2718
2.42,2717
2.42,2716
2.43,2715
2.43,2714
2.43,2713
2.43,2712
2.44,2711
2.44,2710
2.44,2709
2.44,2708
2.44,2707
2.45,2706
2.45,2705
2.45,2704
2.45,2703
2.46,2702
2.46,2701
2.46,2700
2.46,2699
2.47,2698
2.47,2697
2.47,2696
2.47,2695
2.48,2694
2.48,2693
2.48,2692
2.48,2691
2.48,2690
2.49,2689
2.49,2688
2.49,2687
2.49,2686
2.49,2685
2.50,2684
2.50,2683
2.50,2682
2.50,2681
2.50,2680
2.50,2679
2.51,2678
2.51,2677
2.51,2676
2.51,2675
2.51,2674
2.52,2673
2.52,2672
2.52,2671
2.52,2670
2.52,2669
2.53,2668
2.53,2667
2.53,2666
2.53,2665
2.53,2664
2.53,2663
2.54,2662
2.54,2661
2.54,2660
2.54,2659
2.54,2658
2.55,2657
2.55,2656
2.55,2655
2.55,2654
2.55,2653
2.55,2652
2.56,2651
2.56,2650
2.56,2649
2.56,2648
2.56,2647
2.57,2646
2.57,2645
2.57,2644
2.57,2643
2.57,2642
2.57,2641
2.58,2640
2.58,2639
2.58,2638
2.58,2637
2.58,2636
2.59,2635
2.59,2634
2.59,2633
2.59,2632
2.59,2631
2.60,2630
2.60,2629
2.60,2628
2.60,2627
2.60,2626
2.60,2625
2.61,2624
2.61,2623
2.61,2622
2.61,2621
2.61,2620
2.62,2619
2.62,2618
2.62,2617
2.62,2616
2.62,2615
2.62,2614
2.63,2613
2.63,2612
2.63,2611
2.63,2610
2.63,2609
2.64,2608
2.64,2607
2.64,2606
2.64,2605
2.64,2604
2.64,2603
2.65,2602
2.65,2601
2.65,2600
2.65,2599
2.65,2598
2.66,2597
2.66,2596
2.66,2595
2.66,2594
2.66,2593
2.67,2592
2.67,2591
2.67,2590
2.67,2589
2.67,2588
2.67,2587
2.68,2586
2.68,2585
2.68,2584
2.68,2583
2.68,2582
2.69,2581
2.69,2580
2.69,2579
2.69,2578
2.69,2577
2.69,2576
2.70,2575
2.70,2574
2.70,2573
2.70,2572
2.70,2571
2.71,2570
2.71,2569
2.71,2568
2.71,2567
2.71,2566
2.72,2565
2.72,2564
2.72,2563
2.72,2562
2.72,2561
2.72,2560
2.73,2559
2.73,2558
2.73,2557
2.73,2556
2.73,2555
2.74,2554
2.74,2553
2.74,2552
2.74,2551
2.74,2550
2.74,2549
2.75,2548
2.75,2547
2.75,2546
2.75,2545
2.75,2544
2.76,2543
2.76,2542
2.76,2541
2.76,2540
2.76,2539
2.77,2538
2.77,2537
2.77,2536
2.77,2535
2.77,2534
2.77,2533
2.78,2532
2.78,2531
2.78,2530
2.78,2529
2.78,2528
2.79,2527
2.79,2526
2.79,2525
2.79,2524
2.79,2523
2.80,2522
2.80,2521
2.80,2520
2.80,2519
2.80,2518
2.80,2517
2.81,2516
2.81,2515
2.81,2514
2.81,2513
2.81,2512
2.82,2511
2.82,2510
2.82,2509
2.82,2508
2.82,2507
2.82,2506
2.83,2505
2.83,2504
2.83,2503
2.83,2502
2.83,2501
2.84,2500
2.84,2499
2.84,2498
2.84,2497
2.84,2496
2.84,2495
2.85,2494
2.85,2493
2.85,2492
2.85,2491
2.85,2490
2.86,2489
2.86,2488
2.86,2487
2.86,2486
2.86,2485
2.86,2484
2.87,2483
2.87,2482
2.87,2481
2.87,2480
2.87,2479
2.88,2478
2.88,2477
2.88,2476
2.88,2475
2.88,2474
2.89,2473
2.89,2472
2.89,2471
2.89,2470
2.89,2469
2.89,2468
2.90,2467
2.90,2466
2.90,2465
2.90,2464
2.90,2463
2.91,2462
2.91,2461
2.91,2460
2.91,2459
2.91,2458
2.91,2457
2.92,2456
2.92,2455
2.92,2454
2.92,2453
2.92,2452
2.93,2451
2.93,2450
2.93,2449
2.93,2448
2.93,2447
2.93,2446
2.94,2445
2.94,2444
2.94,2443
2.94,2442
2.94,2441
2.95,2440
2.95,2439
2.95,2438
2.95,2437
2.95,2436
2.95,2435
2.96,2434
2.96,2433
2.96,2432
2.96,2431
2.96,2430
2.97,2429
2.97,2428
2.97,2427
2.97,2426
2.97,2425
2.97,2424
2.98,2423
2.98,2422
2.98,2421
2.98,2420
2.98,2419
2.99,2418
2.99,2417
2.99,2416
2.99,2415
2.99,2414
2.99,2413
3.00,2412
3.00,2411
3.00,2410
3.00,2409
3.00,2408
3.01,2407
3.01,2406
3.01,2405
3.01,2404
3.01,2403
3.01,2402
3.02,2401
3.02,2400
3.02,2399
3.02,2398
3.02,2397
3.03,2396
3.03,2395
3.03,2394
3.03,2393
3.03,2392
3.03,2391
