0.10,3618
0.17,3617
0.18,3616
0.19,3615
0.19,3614
0.20,3613
0.21,3612
0.22,3611
0.22,3610
0.23,3609
0.24,3608
0.24,3607
0.24,3606
0.25,3605
0.25,3604
0.26,3603
0.27,3602
0.27,3601
0.28,3600
0.28,3599
0.29,3598
0.29,3597
0.30,3596
0.31,3595
0.31,3594
0.32,3593
0.32,3592
0.33,3591
0.33,3590
0.34,3589
0.34,3588
0.35,3587
0.35,3586
0.36,3585
0.36,3584
0.37,3583
0.37,3582
0.38,3581
0.38,3580
0.39,3579
0.39,3578
0.39,3577
0.40,3576
0.40,3575
0.40,3574
0.41,3573
0.41,3572
0.42,3571
0.42,3570
0.42,3569
0.43,3568
0.43,3567
0.43,3566
0.43,3565
0.44,3564
0.44,3563
0.44,3562
0.45,3561
0.45,3560
0.45,3559
0.45,3558
0.46,3557
0.46,3556
0.46,3555
0.46,3554
0.47,3553
0.47,3552
0.47,3551
0.47,3550
0.48,3549
0.48,3548
0.48,3547
0.48,3546
0.48,3545
0.49,3544
0.49,3543
0.49,3542
0.49,3541
0.49,3540
0.50,3539
0.50,3538
0.50,3537
0.50,3536
0.51,3535
0.51,3534
0.51,3533
0.51,3532
0.51,3531
0.52,3530
0.52,3529
0.52,3528
0.52,3527
0.52,3526
0.53,3525
0.53,3524
0.53,3523
0.53,3522
0.54,3521
0.54,3520
0.54,3519
0.54,3518
0.54,3517
0.55,3516
0.55,3515
0.55,3514
0.55,3513
0.55,3512
0.56,3511
0.56,3510
0.56,3509
0.56,3508
0.56,3507
0.57,3506
0.57,3505
0.57,3504
0.57,3503
0.58,3502
0.58,3501
0.58,3500
0.58,3499
0.58,3498
0.59,3497
0.59,3496
0.59,3495
0.59,3494
0.59,3493
0.60,3492
0.60,3491
0.60,3490
0.61,3489
0.61,3488
0.61,3487
0.61,3486
0.61,3485
0.62,3484
0.62,3483
0.62,3482
0.62,3481
0.63,3480
0.63,3479
0.63,3478
0.63,3477
0.63,3476
0.64,3475
0.64,3474
0.64,3473
0.64,3472
0.64,3471
0.65,3470
0.65,3469
0.65,3468
0.65,3467
0.66,3466
0.66,3465
0.66,3464
0.66,3463
0.66,3462
0.67,3461
0.67,3460
0.67,3459
0.67,3458
0.67,3457
0.68,3456
0.68,3455
0.68,3454
0.68,3453
0.68,3452
0.69,3451
0.69,3450
0.69,3449
0.69,3448
0.69,3447
0.70,3446
0.70,3445
0.70,3444
0.70,3443
0.70,3442
0.71,3441
0.71,3440
0.71,3439
0.71,3438
0.72,3437
0.72,3436
0.72,3435
0.72,3434
0.72,3433
0.73,3432
0.73,3431
0.73,3430
0.73,3429
0.74,3428
0.74,3427
0.74,3426
0.74,3425
0.74,3424
0.75,3423
0.75,3422
0.75,3421
0.75,3420
0.76,3419
0.76,3418
0.76,3417
0.76,3416
0.76,3415
0.77,3414
0.77,3413
0.77,3412
0.77,3411
0.77,3410
0.78,3409
0.78,3408
0.78,3407
0.79,3406
0.79,3405
0.79,3404
0.79,3403
0.79,3402
0.80,3401
0.80,3400
0.80,3399
0.80,3398
0.80,3397
0.81,3396
0.81,3395
0.81,3394
0.81,3393
0.81,3392
0.82,3391
0.82,3390
0.82,3389
0.82,3388
0.82,3387
0.83,3386
0.83,3385
0.83,3384
0.83,3383
0.83,3382
0.84,3381
0.84,3380
0.84,3379
0.84,3378
0.85,3377
0.85,3376
0.85,3375
0.85,3374
0.85,3373
0.86,3372
0.86,3371
0.86,3370
0.86,3369
0.86,3368
0.87,3367
0.87,3366
0.87,3365
0.87,3364
0.88,3363
0.88,3362
0.88,3361
0.88,3360
0.88,3359
0.89,3358
0.89,3357
0.89,3356
0.89,3355
0.89,3354
0.90,3353
0.90,3352
0.90,3351
0.90,3350
0.90,3349
0.91,3348
0.91,3347
0.91,3346
0.91,3345
0.91,3344
0.92,3343
0.92,3342
0.92,3341
0.92,3340
0.92,3339
0.93,3338
0.93,3337
0.93,3336
0.93,3335
0.93,3334
0.94,3333
0.94,3332
0.94,3331
0.94,3330
0.94,3329
0.95,3328
0.95,3327
0.95,3326
0.95,3325
0.95,3324
0.96,3323
0.96,3322
0.96,3321
0.97,3320
0.97,3319
0.97,3318
0.97,3317
0.97,3316
0.98,3315
0.98,3314
0.98,3313
0.98,3312
0.99,3311
0.99,3310
0.99,3309
0.99,3308
0.99,3307
1.00,3306
1.00,3305
1.00,3304
1.00,3303
1.00,3302
1.01,3301
1.01,3300
1.01,3299
1.01,3298
1.01,3297
1.02,3296
1.02,3295
1.02,3294
1.02,3293
1.02,3292
1.03,3291
1.03,3290
1.03,3289
1.03,3288
1.03,3287
1.04,3286
1.04,3285
1.04,3284
1.04,3283
1.04,3282
1.05,3281
1.05,3280
1.05,3279
1.05,3278
1.05,3277
1.06,3276
1.06,3275
1.06,3274
1.06,3273
1.06,3272
1.07,3271
1.07,3270
1.07,3269
1.07,3268
1.07,3267
1.08,3266
1.08,3265
1.08,3264
1.08,3263
1.08,3262
1.09,3261
1.09,3260
1.09,3259
1.09,3258
1.09,3257
1.10,3256
1.10,3255
1.10,3254
1.10,3253
1.10,3252
1.11,3251
1.11,3250
1.11,3249
1.11,3248
1.11,3247
1.12,3246
1.12,3245
1.12,3244
1.12,3243
1.12,3242
1.13,3241
1.13,3240
1.13,3239
1.13,3238
1.13,3237
1.13,3236
1.14,3235
1.14,3234
1.14,3233
1.14,3232
1.15,3231
1.15,3230
1.15,3229
1.15,3228
1.16,3227
1.16,3226
1.16,3225
1.16,3224
1.16,3223
1.17,3222
1.17,3221
1.17,3220
1.17,3219
1.18,3218
1.18,3217
1.18,3216
1.18,3215
1.19,3214
1.19,3213
1.19,3212
1.19,3211
1.19,3210
1.20,3209
1.20,3208
1.20,3207
1.21,3206
1.21,3205
1.21,3204
1.21,3203
1.21,3202
1.22,3201
1.22,3200
1.22,3199
1.22,3198
1.23,3197
1.23,3196
1.23,3195
1.23,3194
1.24,3193
1.24,3192
1.24,3191
1.24,3190
1.25,3189
1.25,3188
1.25,3187
1.25,3186
1.26,3185
1.26,3184
1.26,3183
1.26,3182
1.26,3181
1.27,3180
1.27,3179
1.27,3178
1.27,3177
1.28,3176
1.28,3175
1.28,3174
1.28,3173
1.29,3172
1.29,3171
1.29,3170
1.29,3169
1.30,3168
1.30,3167
1.30,3166
1.30,3165
1.30,3164
1.31,3163
1.31,3162
1.31,3161
1.31,3160
1.32,3159
1.32,3158
1.32,3157
1.32,3156
1.33,3155
1.33,3154
1.33,3153
1.34,3152
1.34,3151
1.34,3150
1.34,3149
1.34,3148
1.35,3147
1.35,3146
1.35,3145
1.35,3144
1.35,3143
1.36,3142
1.36,3141
1.36,3140
1.36,3139
1.36,3138
1.37,3137
1.37,3136
1.37,3135
1.37,3134
1.37,3133
1.38,3132
1.38,3131
1.38,3130
1.38,3129
1.38,3128
1.39,3127
1.39,3126
1.39,3125
1.39,3124
1.39,3123
1.40,3122
1.40,3121
1.40,3120
1.40,3119
1.40,3118
1.41,3117
1.41,3116
1.41,3115
1.41,3114
1.41,3113
1.42,3112
1.42,3111
1.42,3110
1.42,3109
1.42,3108
1.43,3107
1.43,3106
1.43,3105
1.43,3104
1.43,3103
1.43,3102
1.44,3101
1.44,3100
1.44,3099
1.44,3098
1.45,3097
1.45,3096
1.45,3095
1.45,3094
1.45,3093
1.45,3092
1.46,3091
1.46,3090
1.46,3089
1.46,3088
1.46,3087
1.47,3086
1.47,3085
1.47,3084
1.47,3083
1.47,3082
1.48,3081
1.48,3080
1.48,3079
1.48,3078
1.48,3077
1.49,3076
1.49,3075
1.49,3074
1.49,3073
1.49,3072
1.50,3071
1.50,3070
1.50,3069
1.50,3068
1.50,3067
1.51,3066
1.51,3065
1.51,3064
1.51,3063
1.51,3062
1.52,3061
1.52,3060
1.52,3059
1.52,3058
1.52,3057
1.52,3056
1.53,3055
1.53,3054
1.53,3053
1.53,3052
1.54,3051
1.54,3050
1.54,3049
1.54,3048
1.54,3047
1.54,3046
1.55,3045
1.55,3044
1.55,3043
1.55,3042
1.55,3041
1.56,3040
1.56,3039
1.56,3038
1.56,3037
1.56,3036
1.57,3035
1.57,3034
1.57,3033
1.57,3032
1.57,3031
1.58,3030
1.58,3029
1.58,3028
1.58,3027
1.58,3026
1.59,3025
1.59,3024
1.59,3023
1.59,3022
1.60,3021
1.60,3020
1.60,3019
1.60,3018
1.60,3017
1.60,3016
1.61,3015
1.61,3014
1.61,3013
1.61,3012
1.61,3011
1.62,3010
1.62,3009
1.62,3008
1.62,3007
1.62,3006
1.63,3005
1.63,3004
1.63,3003
1.63,3002
1.63,3001
1.64,3000
1.64,2999
1.64,2998
1.64,2997
1.64,2996
1.65,2995
1.65,2994
1.65,2993
1.65,2992
1.65,2991
1.66,2990
1.66,2989
1.66,2988
1.66,2987
1.66,2986
1.67,2985
1.67,2984
1.67,2983
1.67,2982
1.67,2981
1.68,2980
1.68,2979
1.68,2978
1.69,2977
1.69,2976
1.69,2975
1.69,2974
1.69,2973
1.70,2972
1.70,2971
1.70,2970
1.70,2969
1.70,2968
1.71,2967
1.71,2966
1.71,2965
1.71,2964
1.71,2963
1.72,2962
1.72,2961
1.72,2960
1.72,2959
1.72,2958
1.73,2957
1.73,2956
1.73,2955
1.73,2954
1.73,2953
1.73,2952
1.74,2951
1.74,2950
1.74,2949
1.74,2948
1.74,2947
1.75,2946
1.75,2945
1.75,2944
1.75,2943
1.75,2942
1.76,2941
1.76,2940
1.76,2939
1.76,2938
1.76,2937
1.77,2936
1.77,2935
1.77,2934
1.77,2933
1.77,2932
1.78,2931
1.78,2930
1.78,2929
1.78,2928
1.78,2927
1.79,2926
1.79,2925
1.79,2924
1.79,2923
1.79,2922
1.80,2921
1.80,2920
1.80,2919
1.80,2918
1.80,2917
1.81,2916
1.81,2915
1.81,2914
1.81,2913
1.81,2912
1.81,2911
1.82,2910
1.82,2909
1.82,2908
1.82,2907
1.82,2906
1.83,2905
1.83,2904
1.83,2903
1.83,2902
1.83,2901
1.84,2900
1.84,2899
1.84,2898
1.84,2897
1.84,2896
1.85,2895
1.85,2894
1.85,2893
1.85,2892
1.85,2891
1.86,2890
1.86,2889
1.86,2888
1.86,2887
1.86,2886
1.87,2885
1.87,2884
1.87,2883
1.87,2882
1.87,2881
1.87,2880
1.88,2879
1.88,2878
1.88,2877
1.88,2876
1.88,2875
1.89,2874
1.89,2873
1.89,2872
1.89,2871
1.89,2870
1.90,2869
1.90,2868
1.90,2867
1.90,2866
1.90,2865
1.91,2864
1.91,2863
1.91,2862
1.91,2861
1.91,2860
1.92,2859
1.92,2858
1.92,2857
1.92,2856
1.92,2855
1.93,2854
1.93,2853
1.93,2852
1.93,2851
1.93,2850
1.94,2849
1.94,2848
1.94,2847
1.94,2846
1.94,2845
1.95,2844
1.95,2843
1.95,2842
1.95,2841
1.95,2840
1.95,2839
1.96,2838
1.96,2837
1.96,2836
1.96,2835
1.96,2834
1.97,2833
1.97,2832
1.97,2831
1.97,2830
1.97,2829
1.98,2828
1.98,2827
1.98,2826
1.98,2825
1.98,2824
1.98,2823
1.99,2822
1.99,2821
1.99,2820
1.99,2819
1.99,2818
2.00,2817
2.00,2816
2.00,2815
2.00,2814
2.00,2813
2.01,2812
2.01,2811
2.01,2810
2.01,2809
2.01,2808
2.02,2807
2.02,2806
2.02,2805
2.02,2804
2.02,2803
2.03,2802
2.03,2801
2.03,2800
2.03,2799
2.03,2798
2.03,2797
2.04,2796
2.04,2795
2.04,2794
2.04,2793
2.04,2792
2.05,2791
2.05,2790
2.05,2789
2.05,2788
2.06,2787
2.06,2786
2.06,2785
2.06,2784
2.07,2783
2.07,2782
2.07,2781
2.07,2780
2.07,2779
2.08,2778
2.08,2777
2.08,2776
2.08,2775
2.08,2774
2.09,2773
2.09,2772
2.09,2771
2.09,2770
2.10,2769
2.10,2768
2.10,2767
2.10,2766
2.10,2765
2.11,2764
2.11,2763
2.11,2762
2.11,2761
2.12,2760
2.12,2759
2.12,2758
2.12,2757
2.13,2756
2.13,2755
2.13,2754
2.13,2753
2.14,2752
2.14,2751
2.14,2750
2.14,2749
2.14,2748
2.15,2747
2.15,2746
2.15,2745
2.15,2744
2.16,2743
2.16,2742
2.16,2741
2.16,2740
2.17,2739
2.17,2738
2.17,2737
2.17,2736
2.18,2735
2.18,2734
2.18,2733
2.18,2732
2.18,2731
2.19,2730
2.19,2729
2.19,2728
2.19,2727
2.20,2726
2.20,2725
2.20,2724
2.20,2723
2.20,2722
2.21,2721
2.21,2720
2.21,2719
2.21,2718
2.22,2717
2.22,2716
2.22,2715
2.22,2714
2.23,2713
2.23,2712
2.23,2711
2.23,2710
2.24,2709
2.24,2708
2.24,2707
2.24,2706
2.24,2705
2.25,2704
2.25,2703
2.25,2702
2.25,2701
2.26,2700
2.26,2699
2.26,2698
2.26,2697
2.26,2696
2.27,2695
2.27,2694
2.27,2693
2.27,2692
2.28,2691
2.28,2690
2.28,2689
2.28,2688
2.28,2687
2.29,2686
2.29,2685
2.29,2684
2.29,2683
2.30,2682
2.30,2681
2.30,2680
2.30,2679
2.31,2678
2.31,2677
2.31,2676
2.31,2675
2.31,2674
2.32,2673
2.32,2672
2.32,2671
2.32,2670
2.33,2669
2.33,2668
2.33,2667
2.33,2666
2.33,2665
2.34,2664
2.34,2663
2.34,2662
2.34,2661
2.35,2660
2.35,2659
2.35,2658
2.35,2657
2.35,2656
2.36,2655
2.36,2654
2.36,2653
2.36,2652
2.37,2651
2.37,2650
2.37,2649
2.37,2648
2.37,2647
2.38,2646
2.38,2645
2.38,2644
2.38,2643
2.39,2642
2.39,2641
2.39,2640
2.39,2639
2.40,2638
2.40,2637
2.40,2636
2.40,2635
2.40,2634
2.41,2633
2.41,2632
2.41,2631
2.41,2630
2.42,2629
2.42,2628
2.42,2627
2.42,2626
2.42,2625
2.43,2624
2.43,2623
2.43,2622
2.43,2621
2.44,2620
2.44,2619
2.44,2618
2.44,2617
2.45,2616
2.45,2615
2.45,2614
2.45,2613
2.45,2612
2.46,2611
2.46,2610
2.46,2609
2.47,2608
2.47,2607
2.47,2606
2.47,2605
2.47,2604
2.48,2603
2.48,2602
2.48,2601
2.48,2600
2.48,2599
2.48,2598
2.49,2597
2.49,2596
2.49,2595
2.49,2594
2.49,2593
2.50,2592
2.50,2591
2.50,2590
2.50,2589
2.50,2588
2.50,2587
2.51,2586
2.51,2585
2.51,2584
2.51,2583
2.51,2582
2.52,2581
2.52,2580
2.52,2579
2.52,2578
2.52,2577
2.53,2576
2.53,2575
2.53,2574
2.53,2573
2.53,2572
2.53,2571
2.54,2570
2.54,2569
2.54,2568
2.54,2567
2.54,2566
2.55,2565
2.55,2564
2.55,2563
2.55,2562
2.55,2561
2.56,2560
2.56,2559
2.56,2558
2.56,2557
2.56,2556
2.57,2555
2.57,2554
2.57,2553
2.57,2552
2.57,2551
2.57,2550
2.58,2549
2.58,2548
2.58,2547
2.58,2546
2.58,2545
2.59,2544
2.59,2543
2.59,2542
2.59,2541
2.59,2540
2.60,2539
2.60,2538
2.60,2537
2.60,2536
2.60,2535
2.60,2534
2.61,2533
2.61,2532
2.61,2531
2.61,2530
2.61,2529
2.62,2528
2.62,2527
2.62,2526
2.62,2525
2.62,2524
2.63,2523
2.63,2522
2.63,2521
2.63,2520
2.63,2519
2.63,2518
2.64,2517
2.64,2516
2.64,2515
2.64,2514
2.64,2513
2.65,2512
2.65,2511
2.65,2510
2.65,2509
2.65,2508
2.65,2507
2.66,2506
2.66,2505
2.66,2504
2.66,2503
2.66,2502
2.67,2501
2.67,2500
2.67,2499
2.67,2498
2.67,2497
2.68,2496
2.68,2495
2.68,2494
2.68,2493
2.68,2492
2.68,2491
2.69,2490
2.69,2489
2.69,2488
2.69,2487
2.69,2486
2.70,2485
2.70,2484
2.70,2483
2.70,2482
2.70,2481
2.71,2480
2.71,2479
2.71,2478
2.71,2477
2.71,2476
2.72,2475
2.72,2474
2.72,2473
2.72,2472
2.72,2471
2.72,2470
2.73,2469
2.73,2468
2.73,2467
2.73,2466
2.73,2465
2.74,2464
2.74,2463
2.74,2462
2.74,2461
2.74,2460
2.74,2459
2.75,2458
2.75,2457
2.75,2456
2.75,2455
2.75,2454
2.76,2453
2.76,2452
2.76,2451
2.76,2450
2.76,2449
2.76,2448
2.77,2447
2.77,2446
2.77,2445
2.77,2444
2.77,2443
2.78,2442
2.78,2441
2.78,2440
2.78,2439
2.78,2438
2.78,2437
2.79,2436
2.79,2435
2.79,2434
2.79,2433
2.79,2432
2.80,2431
2.80,2430
2.80,2429
2.80,2428
2.80,2427
2.80,2426
2.81,2425
2.81,2424
2.81,2423
2.81,2422
2.81,2421
2.82,2420
2.82,2419
2.82,2418
2.82,2417
2.82,2416
2.83,2415
2.83,2414
2.83,2413
2.83,2412
2.83,2411
2.83,2410
2.84,2409
2.84,2408
2.84,2407
2.84,2406
2.84,2405
2.85,2404
2.85,2403
2.85,2402
2.85,2401
2.85,2400
2.85,2399
2.86,2398
2.86,2397
2.86,2396
2.86,2395
2.86,2394
2.87,2393
2.87,2392
2.87,2391
2.87,2390
2.87,2389
2.87,2388
2.88,2387
2.88,2386
2.88,2385
2.88,2384
2.88,2383
2.88,2382
2.89,2381
2.89,2380
2.89,2379
2.89,2378
2.89,2377
2.90,2376
2.90,2375
2.90,2374
