0.09,3614
0.16,3613
0.17,3612
0.18,3611
0.19,3610
0.20,3609
0.21,3608
0.21,3607
0.22,3606
0.23,3605
0.23,3604
0.24,3603
0.25,3602
0.25,3601
0.26,3600
0.26,3599
0.27,3598
0.28,3597
0.28,3596
0.29,3595
0.29,3594
0.30,3593
0.31,3592
0.31,3591
0.32,3590
0.32,3589
0.33,3588
0.33,3587
0.34,3586
0.34,3585
0.35,3584
0.36,3583
0.36,3582
0.36,3581
0.37,3580
0.37,3579
0.38,3578
0.38,3577
0.38,3576
0.39,3575
0.39,3574
0.39,3573
0.40,3572
0.40,3571
0.41,3570
0.41,3569
0.42,3568
0.42,3567
0.42,3566
0.42,3565
0.43,3564
0.43,3563
0.43,3562
0.43,3561
0.44,3560
0.44,3559
0.44,3558
0.44,3557
0.45,3556
0.45,3555
0.45,3554
0.45,3553
0.46,3552
0.46,3551
0.46,3550
0.46,3549
0.47,3548
0.47,3547
0.47,3546
0.47,3545
0.48,3544
0.48,3543
0.48,3542
0.49,3541
0.49,3540
0.49,3539
0.49,3538
0.50,3537
0.50,3536
0.50,3535
0.50,3534
0.50,3533
0.51,3532
0.51,3531
0.51,3530
0.51,3529
0.52,3528
0.52,3527
0.52,3526
0.52,3525
0.53,3524
0.53,3523
0.53,3522
0.53,3521
0.53,3520
0.54,3519
0.54,3518
0.54,3517
0.54,3516
0.55,3515
0.55,3514
0.55,3513
0.55,3512
0.56,3511
0.56,3510
0.56,3509
0.56,3508
0.57,3507
0.57,3506
0.57,3505
0.57,3504
0.57,3503
0.58,3502
0.58,3501
0.58,3500
0.58,3499
0.59,3498
0.59,3497
0.59,3496
0.59,3495
0.60,3494
0.60,3493
0.60,3492
0.60,3491
0.60,3490
0.61,3489
0.61,3488
0.61,3487
0.61,3486
0.62,3485
0.62,3484
0.62,3483
0.63,3482
0.63,3481
0.63,3480
0.63,3479
0.63,3478
0.64,3477
0.64,3476
0.64,3475
0.64,3474
0.65,3473
0.65,3472
0.65,3471
0.65,3470
0.65,3469
0.66,3468
0.66,3467
0.66,3466
0.66,3465
0.67,3464
0.67,3463
0.67,3462
0.67,3461
0.68,3460
0.68,3459
0.68,3458
0.68,3457
0.68,3456
0.69,3455
0.69,3454
0.69,3453
0.69,3452
0.70,3451
0.70,3450
0.70,3449
0.70,3448
0.70,3447
0.71,3446
0.71,3445
0.71,3444
0.71,3443
0.72,3442
0.72,3441
0.72,3440
0.72,3439
0.72,3438
0.73,3437
0.73,3436
0.73,3435
0.73,3434
0.74,3433
0.74,3432
0.74,3431
0.74,3430
0.75,3429
0.75,3428
0.75,3427
0.75,3426
0.76,3425
0.76,3424
0.76,3423
0.76,3422
0.77,3421
0.77,3420
0.77,3419
0.77,3418
0.78,3417
0.78,3416
0.78,3415
0.78,3414
0.79,3413
0.79,3412
0.79,3411
0.79,3410
0.80,3409
0.80,3408
0.80,3407
0.80,3406
0.81,3405
0.81,3404
0.81,3403
0.81,3402
0.82,3401
0.82,3400
0.82,3399
0.82,3398
0.83,3397
0.83,3396
0.83,3395
0.83,3394
0.84,3393
0.84,3392
0.84,3391
0.84,3390
0.84,3389
0.85,3388
0.85,3387
0.85,3386
0.85,3385
0.86,3384
0.86,3383
0.86,3382
0.86,3381
0.86,3380
0.87,3379
0.87,3378
0.87,3377
0.87,3376
0.88,3375
0.88,3374
0.88,3373
0.88,3372
0.88,3371
0.89,3370
0.89,3369
0.89,3368
0.89,3367
0.90,3366
0.90,3365
0.90,3364
0.90,3363
0.91,3362
0.91,3361
0.91,3360
0.91,3359
0.91,3358
0.92,3357
0.92,3356
0.92,3355
0.92,3354
0.93,3353
0.93,3352
0.93,3351
0.93,3350
0.93,3349
0.94,3348
0.94,3347
0.94,3346
0.94,3345
0.95,3344
0.95,3343
0.95,3342
0.95,3341
0.95,3340
0.96,3339
0.96,3338
0.96,3337
0.97,3336
0.97,3335
0.97,3334
0.97,3333
0.97,3332
0.98,3331
0.98,3330
0.98,3329
0.98,3328
0.98,3327
0.99,3326
0.99,3325
0.99,3324
0.99,3323
1.00,3322
1.00,3321
1.00,3320
1.01,3319
1.01,3318
1.01,3317
1.01,3316
1.02,3315
1.02,3314
1.02,3313
1.02,3312
1.02,3311
1.03,3310
1.03,3309
1.03,3308
1.03,3307
1.03,3306
1.04,3305
1.04,3304
1.04,3303
1.04,3302
1.05,3301
1.05,3300
1.05,3299
1.05,3298
1.05,3297
1.06,3296
1.06,3295
1.06,3294
1.06,3293
1.06,3292
1.07,3291
1.07,3290
1.07,3289
1.07,3288
1.07,3287
1.08,3286
1.08,3285
1.08,3284
1.08,3283
1.09,3282
1.09,3281
1.09,3280
1.09,3279
1.09,3278
1.10,3277
1.10,3276
1.10,3275
1.10,3274
1.10,3273
1.11,3272
1.11,3271
1.11,3270
1.11,3269
1.12,3268
1.12,3267
1.12,3266
1.12,3265
1.12,3264
1.13,3263
1.13,3262
1.13,3261
1.13,3260
1.13,3259
1.14,3258
1.14,3257
1.14,3256
1.14,3255
1.14,3254
1.15,3253
1.15,3252
1.15,3251
1.15,3250
1.15,3249
1.16,3248
1.16,3247
1.16,3246
1.16,3245
1.17,3244
1.17,3243
1.17,3242
1.17,3241
1.17,3240
1.18,3239
1.18,3238
1.18,3237
1.18,3236
1.18,3235
1.19,3234
1.19,3233
1.19,3232
1.20,3231
1.20,3230
1.20,3229
1.20,3228
1.20,3227
1.21,3226
1.21,3225
1.21,3224
1.21,3223
1.21,3222
1.22,3221
1.22,3220
1.22,3219
1.22,3218
1.23,3217
1.23,3216
1.23,3215
1.23,3214
1.23,3213
1.24,3212
1.24,3211
1.24,3210
1.24,3209
1.24,3208
1.25,3207
1.25,3206
1.25,3205
1.25,3204
1.26,3203
1.26,3202
1.26,3201
1.26,3200
1.27,3199
1.27,3198
1.27,3197
1.27,3196
1.27,3195
1.28,3194
1.28,3193
1.28,3192
1.28,3191
1.28,3190
1.29,3189
1.29,3188
1.29,3187
1.29,3186
1.29,3185
1.30,3184
1.30,3183
1.30,3182
1.30,3181
1.31,3180
1.31,3179
1.31,3178
1.31,3177
1.31,3176
1.32,3175
1.32,3174
1.32,3173
1.32,3172
1.33,3171
1.33,3170
1.33,3169
1.33,3168
1.33,3167
1.34,3166
1.34,3165
1.34,3164
1.34,3163
1.34,3162
1.35,3161
1.35,3160
1.35,3159
1.35,3158
1.36,3157
1.36,3156
1.36,3155
1.36,3154
1.37,3153
1.37,3152
1.37,3151
1.37,3150
1.38,3149
1.38,3148
1.38,3147
1.38,3146
1.39,3145
1.39,3144
1.39,3143
1.39,3142
1.39,3141
1.40,3140
1.40,3139
1.40,3138
1.40,3137
1.40,3136
1.41,3135
1.41,3134
1.41,3133
1.41,3132
1.42,3131
1.42,3130
1.42,3129
1.42,3128
1.42,3127
1.43,3126
1.43,3125
1.43,3124
1.43,3123
1.43,3122
1.44,3121
1.44,3120
1.44,3119
1.44,3118
1.44,3117
1.45,3116
1.45,3115
1.45,3114
1.45,3113
1.46,3112
1.46,3111
1.46,3110
1.46,3109
1.46,3108
1.47,3107
1.47,3106
1.47,3105
1.47,3104
1.47,3103
1.48,3102
1.48,3101
1.48,3100
1.48,3099
1.49,3098
1.49,3097
1.49,3096
1.49,3095
1.50,3094
1.50,3093
1.50,3092
1.50,3091
1.50,3090
1.51,3089
1.51,3088
1.51,3087
1.51,3086
1.51,3085
1.52,3084
1.52,3083
1.52,3082
1.52,3081
1.53,3080
1.53,3079
1.53,3078
1.53,3077
1.53,3076
1.54,3075
1.54,3074
1.54,3073
1.54,3072
1.54,3071
1.55,3070
1.55,3069
1.55,3068
1.55,3067
1.56,3066
1.56,3065
1.56,3064
1.56,3063
1.56,3062
1.57,3061
1.57,3060
1.57,3059
1.57,3058
1.58,3057
1.58,3056
1.58,3055
1.58,3054
1.59,3053
1.59,3052
1.59,3051
1.59,3050
1.60,3049
1.60,3048
1.60,3047
1.60,3046
1.61,3045
1.61,3044
1.61,3043
1.61,3042
1.62,3041
1.62,3040
1.62,3039
1.62,3038
1.63,3037
1.63,3036
1.63,3035
1.63,3034
1.64,3033
1.64,3032
1.64,3031
1.64,3030
1.65,3029
1.65,3028
1.65,3027
1.65,3026
1.66,3025
1.66,3024
1.66,3023
1.67,3022
1.67,3021
1.67,3020
1.67,3019
1.68,3018
1.68,3017
1.68,3016
1.68,3015
1.69,3014
1.69,3013
1.69,3012
1.69,3011
1.70,3010
1.70,3009
1.70,3008
1.70,3007
1.71,3006
1.71,3005
1.71,3004
1.71,3003
1.72,3002
1.72,3001
1.72,3000
1.72,2999
1.73,2998
1.73,2997
1.73,2996
1.73,2995
1.74,2994
1.74,2993
1.74,2992
1.74,2991
1.75,2990
1.75,2989
1.75,2988
1.75,2987
1.76,2986
1.76,2985
1.76,2984
1.76,2983
1.77,2982
1.77,2981
1.77,2980
1.77,2979
1.78,2978
1.78,2977
1.78,2976
1.78,2975
1.79,2974
1.79,2973
1.80,2972
1.80,2971
1.80,2970
1.80,2969
1.80,2968
1.81,2967
1.81,2966
1.81,2965
1.81,2964
1.81,2963
1.82,2962
1.82,2961
1.82,2960
1.82,2959
1.82,2958
1.83,2957
1.83,2956
1.83,2955
1.83,2954
1.83,2953
1.84,2952
1.84,2951
1.84,2950
1.84,2949
1.84,2948
1.85,2947
1.85,2946
1.85,2945
1.85,2944
1.85,2943
1.86,2942
1.86,2941
1.86,2940
1.86,2939
1.86,2938
1.87,2937
1.87,2936
1.87,2935
1.87,2934
1.87,2933
1.88,2932
1.88,2931
1.88,2930
1.88,2929
1.88,2928
1.89,2927
1.89,2926
1.89,2925
1.89,2924
1.89,2923
1.90,2922
1.90,2921
1.90,2920
1.90,2919
1.91,2918
1.91,2917
1.91,2916
1.91,2915
1.91,2914
1.92,2913
1.92,2912
1.92,2911
1.92,2910
1.92,2909
1.93,2908
1.93,2907
1.93,2906
1.93,2905
1.93,2904
1.94,2903
1.94,2902
1.94,2901
1.94,2900
1.94,2899
1.95,2898
1.95,2897
1.95,2896
1.95,2895
1.95,2894
1.96,2893
1.96,2892
1.96,2891
1.96,2890
1.97,2889
1.97,2888
1.97,2887
1.97,2886
1.97,2885
1.97,2884
1.98,2883
1.98,2882
1.98,2881
1.98,2880
1.98,2879
1.99,2878
1.99,2877
1.99,2876
1.99,2875
1.99,2874
2.00,2873
2.00,2872
2.00,2871
2.00,2870
2.00,2869
2.01,2868
2.01,2867
2.01,2866
2.01,2865
2.02,2864
2.02,2863
2.02,2862
2.02,2861
2.02,2860
2.02,2859
2.03,2858
2.03,2857
2.03,2856
2.03,2855
2.04,2854
2.04,2853
2.04,2852
2.04,2851
2.04,2850
2.05,2849
2.05,2848
2.05,2847
2.05,2846
2.05,2845
2.06,2844
2.06,2843
2.06,2842
2.06,2841
2.06,2840
2.07,2839
2.07,2838
2.07,2837
2.07,2836
2.07,2835
2.08,2834
2.08,2833
2.08,2832
2.08,2831
2.08,2830
2.09,2829
2.09,2828
2.09,2827
2.09,2826
2.09,2825
2.10,2824
2.10,2823
2.10,2822
2.10,2821
2.10,2820
2.11,2819
2.11,2818
2.11,2817
2.11,2816
2.11,2815
2.12,2814
2.12,2813
2.12,2812
2.12,2811
2.12,2810
2.13,2809
2.13,2808
2.13,2807
2.13,2806
2.13,2805
2.14,2804
2.14,2803
2.14,2802
2.14,2801
2.14,2800
2.15,2799
2.15,2798
2.15,2797
2.15,2796
2.15,2795
2.16,2794
2.16,2793
2.16,2792
2.16,2791
2.17,2790
2.17,2789
2.17,2788
2.17,2787
2.17,2786
2.18,2785
2.18,2784
2.18,2783
2.18,2782
2.18,2781
2.19,2780
2.19,2779
2.19,2778
2.19,2777
2.19,2776
2.20,2775
2.20,2774
2.20,2773
2.20,2772
2.20,2771
2.21,2770
2.21,2769
2.21,2768
2.21,2767
2.21,2766
2.21,2765
2.22,2764
2.22,2763
2.22,2762
2.22,2761
2.23,2760
2.23,2759
2.23,2758
2.23,2757
2.23,2756
2.23,2755
2.24,2754
2.24,2753
2.24,2752
2.24,2751
2.24,2750
2.25,2749
2.25,2748
2.25,2747
2.25,2746
2.25,2745
2.26,2744
2.26,2743
2.26,2742
2.26,2741
2.26,2740
2.27,2739
2.27,2738
2.27,2737
2.27,2736
2.27,2735
2.28,2734
2.28,2733
2.28,2732
2.28,2731
2.28,2730
2.29,2729
2.29,2728
2.29,2727
2.29,2726
2.29,2725
2.30,2724
2.30,2723
2.30,2722
2.30,2721
2.30,2720
2.31,2719
2.31,2718
2.31,2717
2.31,2716
2.31,2715
2.32,2714
2.32,2713
2.32,2712
2.32,2711
2.32,2710
2.33,2709
2.33,2708
2.33,2707
2.33,2706
2.33,2705
2.34,2704
2.34,2703
2.34,2702
2.34,2701
2.34,2700
2.35,2699
2.35,2698
2.35,2697
2.35,2696
2.35,2695
2.36,2694
2.36,2693
2.36,2692
2.36,2691
2.36,2690
2.37,2689
2.37,2688
2.37,2687
2.37,2686
2.37,2685
2.38,2684
2.38,2683
2.38,2682
2.38,2681
2.38,2680
2.39,2679
2.39,2678
2.39,2677
2.39,2676
2.39,2675
2.39,2674
2.40,2673
2.40,2672
2.40,2671
2.40,2670
2.40,2669
2.41,2668
2.41,2667
2.41,2666
2.41,2665
2.41,2664
2.42,2663
2.42,2662
2.42,2661
2.42,2660
2.42,2659
2.43,2658
2.43,2657
2.43,2656
2.43,2655
2.43,2654
2.44,2653
2.44,2652
2.44,2651
2.44,2650
2.44,2649
2.45,2648
2.45,2647
2.45,2646
2.45,2645
2.45,2644
2.46,2643
2.46,2642
2.46,2641
2.46,2640
2.46,2639
2.47,2638
2.47,2637
2.47,2636
2.47,2635
2.47,2634
2.48,2633
2.48,2632
2.48,2631
2.48,2630
2.48,2629
2.49,2628
2.49,2627
2.49,2626
2.49,2625
2.49,2624
2.50,2623
2.50,2622
2.50,2621
2.50,2620
2.50,2619
2.50,2618
2.51,2617
2.51,2616
2.51,2615
2.51,2614
2.51,2613
2.52,2612
2.52,2611
2.52,2610
2.52,2609
2.53,2608
2.53,2607
2.53,2606
2.53,2605
2.53,2604
2.54,2603
2.54,2602
2.54,2601
2.54,2600
2.54,2599
2.54,2598
2.55,2597
2.55,2596
2.55,2595
2.55,2594
2.55,2593
2.56,2592
2.56,2591
2.56,2590
2.56,2589
2.56,2588
2.57,2587
2.57,2586
2.57,2585
2.57,2584
2.57,2583
2.58,2582
2.58,2581
2.58,2580
2.58,2579
2.58,2578
2.59,2577
2.59,2576
2.59,2575
2.59,2574
2.59,2573
2.60,2572
2.60,2571
2.60,2570
2.60,2569
2.60,2568
2.60,2567
2.61,2566
2.61,2565
2.61,2564
2.61,2563
2.61,2562
2.62,2561
2.62,2560
2.62,2559
2.62,2558
2.62,2557
2.63,2556
2.63,2555
2.63,2554
2.63,2553
2.63,2552
2.64,2551
2.64,2550
2.64,2549
2.64,2548
2.64,2547
2.65,2546
2.65,2545
2.65,2544
2.65,2543
2.65,2542
2.66,2541
2.66,2540
2.66,2539
2.66,2538
2.66,2537
2.67,2536
2.67,2535
2.67,2534
2.67,2533
2.67,2532
2.68,2531
2.68,2530
2.68,2529
2.68,2528
2.68,2527
2.69,2526
2.69,2525
2.69,2524
2.69,2523
2.69,2522
2.70,2521
2.70,2520
2.70,2519
2.70,2518
2.70,2517
2.71,2516
2.71,2515
2.71,2514
2.71,2513
2.71,2512
2.72,2511
2.72,2510
2.72,2509
2.72,2508
2.72,2507
2.73,2506
2.73,2505
2.73,2504
2.73,2503
2.73,2502
2.74,2501
2.74,2500
2.74,2499
2.74,2498
2.74,2497
2.74,2496
2.75,2495
2.75,2494
2.75,2493
2.75,2492
2.75,2491
2.76,2490
2.76,2489
2.76,2488
2.76,2487
2.76,2486
2.77,2485
2.77,2484
2.77,2483
2.77,2482
2.77,2481
2.78,2480
2.78,2479
2.78,2478
2.78,2477
2.78,2476
2.79,2475
2.79,2474
2.79,2473
2.79,2472
2.79,2471
2.80,2470
2.80,2469
2.80,2468
2.80,2467
2.80,2466
2.80,2465
2.81,2464
2.81,2463
2.81,2462
2.81,2461
2.81,2460
2.82,2459
2.82,2458
2.82,2457
2.82,2456
2.82,2455
2.83,2454
2.83,2453
2.83,2452
2.83,2451
2.83,2450
2.84,2449
2.84,2448
2.84,2447
2.84,2446
2.84,2445
2.84,2444
2.85,2443
2.85,2442
2.85,2441
2.85,2440
2.85,2439
2.86,2438
2.86,2437
2.86,2436
2.86,2435
2.86,2434
2.87,2433
2.87,2432
2.87,2431
2.87,2430
2.87,2429
2.88,2428
2.88,2427
2.88,2426
2.88,2425
2.88,2424
2.89,2423
2.89,2422
2.89,2421
2.89,2420
2.89,2419
2.90,2418
2.90,2417
2.90,2416
2.90,2415
2.90,2414
2.90,2413
2.91,2412
2.91,2411
2.91,2410
2.91,2409
2.91,2408
2.92,2407
2.92,2406
2.92,2405
2.92,2404
2.92,2403
2.93,2402
2.93,2401
2.93,2400
2.93,2399
2.93,2398
2.94,2397
2.94,2396
2.94,2395
2.94,2394
2.94,2393
2.95,2392
2.95,2391
2.95,2390
2.95,2389
2.95,2388
2.95,2387
2.96,2386
2.96,2385
2.96,2384
2.96,2383
2.96,2382
2.97,2381
2.97,2380
2.97,2379
2.97,2378
2.97,2377
2.98,2376
2.98,2375
2.98,2374
2.98,2373
2.98,2372
2.99,2371
