0.10,3672
0.16,3671
0.17,3670
0.18,3669
0.19,3668
0.20,3667
0.21,3666
0.22,3665
0.22,3664
0.23,3663
0.24,3662
0.24,3661
0.25,3660
0.25,3659
0.26,3658
0.26,3657
0.27,3656
0.28,3655
0.28,3654
0.29,3653
0.29,3652
0.30,3651
0.31,3650
0.31,3649
0.32,3648
0.32,3647
0.33,3646
0.33,3645
0.34,3644
0.34,3643
0.35,3642
0.35,3641
0.36,3640
0.36,3639
0.37,3638
0.37,3637
0.38,3636
0.38,3635
0.38,3634
0.39,3633
0.39,3632
0.40,3631
0.40,3630
0.41,3629
0.41,3628
0.42,3627
0.42,3626
0.42,3625
0.42,3624
0.43,3623
0.43,3622
0.43,3621
0.43,3620
0.44,3619
0.44,3618
0.44,3617
0.45,3616
0.45,3615
0.45,3614
0.45,3613
0.45,3612
0.46,3611
0.46,3610
0.46,3609
0.46,3608
0.47,3607
0.47,3606
0.47,3605
0.47,3604
0.47,3603
0.48,3602
0.48,3601
0.48,3600
0.48,3599
0.48,3598
0.49,3597
0.49,3596
0.49,3595
0.49,3594
0.50,3593
0.50,3592
0.50,3591
0.50,3590
0.50,3589
0.51,3588
0.51,3587
0.51,3586
0.51,3585
0.52,3584
0.52,3583
0.52,3582
0.52,3581
0.52,3580
0.53,3579
0.53,3578
0.53,3577
0.53,3576
0.54,3575
0.54,3574
0.54,3573
0.54,3572
0.54,3571
0.55,3570
0.55,3569
0.55,3568
0.55,3567
0.56,3566
0.56,3565
0.56,3564
0.56,3563
0.56,3562
0.57,3561
0.57,3560
0.57,3559
0.57,3558
0.58,3557
0.58,3556
0.58,3555
0.58,3554
0.58,3553
0.59,3552
0.59,3551
0.59,3550
0.59,3549
0.60,3548
0.60,3547
0.60,3546
0.61,3545
0.61,3544
0.61,3543
0.61,3542
0.62,3541
0.62,3540
0.62,3539
0.62,3538
0.62,3537
0.63,3536
0.63,3535
0.63,3534
0.63,3533
0.64,3532
0.64,3531
0.64,3530
0.64,3529
0.64,3528
0.65,3527
0.65,3526
0.65,3525
0.65,3524
0.66,3523
0.66,3522
0.66,3521
0.66,3520
0.66,3519
0.67,3518
0.67,3517
0.67,3516
0.67,3515
0.68,3514
0.68,3513
0.68,3512
0.68,3511
0.68,3510
0.69,3509
0.69,3508
0.69,3507
0.69,3506
0.70,3505
0.70,3504
0.70,3503
0.70,3502
0.70,3501
0.71,3500
0.71,3499
0.71,3498
0.71,3497
0.72,3496
0.72,3495
0.72,3494
0.72,3493
0.72,3492
0.73,3491
0.73,3490
0.73,3489
0.73,3488
0.74,3487
0.74,3486
0.74,3485
0.74,3484
0.75,3483
0.75,3482
0.75,3481
0.75,3480
0.75,3479
0.76,3478
0.76,3477
0.76,3476
0.76,3475
0.77,3474
0.77,3473
0.77,3472
0.77,3471
0.78,3470
0.78,3469
0.78,3468
0.78,3467
0.78,3466
0.79,3465
0.79,3464
0.79,3463
0.79,3462
0.80,3461
0.80,3460
0.80,3459
0.80,3458
0.81,3457
0.81,3456
0.81,3455
0.81,3454
0.82,3453
0.82,3452
0.82,3451
0.82,3450
0.82,3449
0.83,3448
0.83,3447
0.83,3446
0.83,3445
0.83,3444
0.84,3443
0.84,3442
0.84,3441
0.84,3440
0.85,3439
0.85,3438
0.85,3437
0.85,3436
0.85,3435
0.86,3434
0.86,3433
0.86,3432
0.86,3431
0.86,3430
0.87,3429
0.87,3428
0.87,3427
0.87,3426
0.88,3425
0.88,3424
0.88,3423
0.88,3422
0.88,3421
0.89,3420
0.89,3419
0.89,3418
0.89,3417
0.90,3416
0.90,3415
0.90,3414
0.90,3413
0.91,3412
0.91,3411
0.91,3410
0.91,3409
0.92,3408
0.92,3407
0.92,3406
0.92,3405
0.92,3404
0.93,3403
0.93,3402
0.93,3401
0.93,3400
0.93,3399
0.94,3398
0.94,3397
0.94,3396
0.94,3395
0.94,3394
0.95,3393
0.95,3392
0.95,3391
0.96,3390
0.96,3389
0.96,3388
0.96,3387
0.96,3386
0.97,3385
0.97,3384
0.97,3383
0.97,3382
0.98,3381
0.98,3380
0.98,3379
0.99,3378
0.99,3377
0.99,3376
0.99,3375
0.99,3374
1.00,3373
1.00,3372
1.00,3371
1.00,3370
1.01,3369
1.01,3368
1.01,3367
1.01,3366
1.01,3365
1.02,3364
1.02,3363
1.02,3362
1.02,3361
1.03,3360
1.03,3359
1.03,3358
1.03,3357
1.03,3356
1.04,3355
1.04,3354
1.04,3353
1.04,3352
1.05,3351
1.05,3350
1.05,3349
1.05,3348
1.05,3347
1.06,3346
1.06,3345
1.06,3344
1.06,3343
1.06,3342
1.07,3341
1.07,3340
1.07,3339
1.07,3338
1.07,3337
1.08,3336
1.08,3335
1.08,3334
1.08,3333
1.09,3332
1.09,3331
1.09,3330
1.09,3329
1.09,3328
1.10,3327
1.10,3326
1.10,3325
1.10,3324
1.10,3323
1.11,3322
1.11,3321
1.11,3320
1.11,3319
1.12,3318
1.12,3317
1.12,3316
1.12,3315
1.12,3314
1.13,3313
1.13,3312
1.13,3311
1.13,3310
1.13,3309
1.14,3308
1.14,3307
1.14,3306
1.14,3305
1.14,3304
1.15,3303
1.15,3302
1.15,3301
1.15,3300
1.15,3299
1.16,3298
1.16,3297
1.16,3296
1.16,3295
1.17,3294
1.17,3293
1.17,3292
1.17,3291
1.17,3290
1.18,3289
1.18,3288
1.18,3287
1.19,3286
1.19,3285
1.19,3284
1.19,3283
1.20,3282
1.20,3281
1.20,3280
1.20,3279
1.20,3278
1.21,3277
1.21,3276
1.21,3275
1.21,3274
1.22,3273
1.22,3272
1.22,3271
1.22,3270
1.23,3269
1.23,3268
1.23,3267
1.23,3266
1.24,3265
1.24,3264
1.24,3263
1.24,3262
1.25,3261
1.25,3260
1.25,3259
1.25,3258
1.26,3257
1.26,3256
1.26,3255
1.26,3254
1.27,3253
1.27,3252
1.27,3251
1.27,3250
1.28,3249
1.28,3248
1.28,3247
1.28,3246
1.29,3245
1.29,3244
1.29,3243
1.29,3242
1.30,3241
1.30,3240
1.30,3239
1.30,3238
1.31,3237
1.31,3236
1.31,3235
1.31,3234
1.32,3233
1.32,3232
1.32,3231
1.32,3230
1.33,3229
1.33,3228
1.33,3227
1.33,3226
1.34,3225
1.34,3224
1.34,3223
1.35,3222
1.35,3221
1.35,3220
1.35,3219
1.36,3218
1.36,3217
1.36,3216
1.36,3215
1.37,3214
1.37,3213
1.37,3212
1.38,3211
1.38,3210
1.38,3209
1.38,3208
1.39,3207
1.39,3206
1.39,3205
1.39,3204
1.40,3203
1.40,3202
1.40,3201
1.40,3200
1.40,3199
1.41,3198
1.41,3197
1.41,3196
1.41,3195
1.41,3194
1.42,3193
1.42,3192
1.42,3191
1.42,3190
1.43,3189
1.43,3188
1.43,3187
1.43,3186
1.43,3185
1.44,3184
1.44,3183
1.44,3182
1.44,3181
1.44,3180
1.45,3179
1.45,3178
1.45,3177
1.45,3176
1.45,3175
1.46,3174
1.46,3173
1.46,3172
1.46,3171
1.47,3170
1.47,3169
1.47,3168
1.47,3167
1.47,3166
1.48,3165
1.48,3164
1.48,3163
1.48,3162
1.48,3161
1.49,3160
1.49,3159
1.49,3158
1.49,3157
1.50,3156
1.50,3155
1.50,3154
1.50,3153
1.50,3152
1.51,3151
1.51,3150
1.51,3149
1.51,3148
1.51,3147
1.52,3146
1.52,3145
1.52,3144
1.52,3143
1.53,3142
1.53,3141
1.53,3140
1.53,3139
1.54,3138
1.54,3137
1.54,3136
1.54,3135
1.54,3134
1.55,3133
1.55,3132
1.55,3131
1.55,3130
1.55,3129
1.56,3128
1.56,3127
1.56,3126
1.56,3125
1.56,3124
1.57,3123
1.57,3122
1.57,3121
1.57,3120
1.57,3119
1.58,3118
1.58,3117
1.58,3116
1.58,3115
1.58,3114
1.59,3113
1.59,3112
1.59,3111
1.59,3110
1.60,3109
1.60,3108
1.60,3107
1.60,3106
1.60,3105
1.61,3104
1.61,3103
1.61,3102
1.61,3101
1.61,3100
1.62,3099
1.62,3098
1.62,3097
1.62,3096
1.63,3095
1.63,3094
1.63,3093
1.63,3092
1.63,3091
1.64,3090
1.64,3089
1.64,3088
1.64,3087
1.65,3086
1.65,3085
1.65,3084
1.65,3083
1.65,3082
1.66,3081
1.66,3080
1.66,3079
1.66,3078
1.67,3077
1.67,3076
1.67,3075
1.67,3074
1.67,3073
1.68,3072
1.68,3071
1.68,3070
1.68,3069
1.68,3068
1.69,3067
1.69,3066
1.69,3065
1.69,3064
1.70,3063
1.70,3062
1.70,3061
1.70,3060
1.70,3059
1.71,3058
1.71,3057
1.71,3056
1.71,3055
1.71,3054
1.72,3053
1.72,3052
1.72,3051
1.72,3050
1.72,3049
1.73,3048
1.73,3047
1.73,3046
1.73,3045
1.74,3044
1.74,3043
1.74,3042
1.74,3041
1.74,3040
1.75,3039
1.75,3038
1.75,3037
1.75,3036
1.76,3035
1.76,3034
1.76,3033
1.76,3032
1.76,3031
1.77,3030
1.77,3029
1.77,3028
1.77,3027
1.77,3026
1.78,3025
1.78,3024
1.78,3023
1.78,3022
1.78,3021
1.79,3020
1.79,3019
1.79,3018
1.79,3017
1.79,3016
1.80,3015
1.80,3014
1.80,3013
1.80,3012
1.80,3011
1.81,3010
1.81,3009
1.81,3008
1.81,3007
1.82,3006
1.82,3005
1.82,3004
1.82,3003
1.82,3002
1.83,3001
1.83,3000
1.83,2999
1.83,2998
1.83,2997
1.84,2996
1.84,2995
1.84,2994
1.84,2993
1.84,2992
1.85,2991
1.85,2990
1.85,2989
1.85,2988
1.85,2987
1.86,2986
1.86,2985
1.86,2984
1.86,2983
1.86,2982
1.87,2981
1.87,2980
1.87,2979
1.87,2978
1.87,2977
1.88,2976
1.88,2975
1.88,2974
1.88,2973
1.88,2972
1.89,2971
1.89,2970
1.89,2969
1.89,2968
1.89,2967
1.90,2966
1.90,2965
1.90,2964
1.90,2963
1.90,2962
1.91,2961
1.91,2960
1.91,2959
1.91,2958
1.91,2957
1.92,2956
1.92,2955
1.92,2954
1.92,2953
1.92,2952
1.93,2951
1.93,2950
1.93,2949
1.93,2948
1.93,2947
1.94,2946
1.94,2945
1.94,2944
1.94,2943
1.94,2942
1.95,2941
1.95,2940
1.95,2939
1.95,2938
1.95,2937
1.95,2936
1.96,2935
1.96,2934
1.96,2933
1.96,2932
1.96,2931
1.97,2930
1.97,2929
1.97,2928
1.97,2927
1.97,2926
1.98,2925
1.98,2924
1.98,2923
1.98,2922
1.98,2921
1.99,2920
1.99,2919
1.99,2918
1.99,2917
1.99,2916
2.00,2915
2.00,2914
2.00,2913
2.00,2912
2.00,2911
2.01,2910
2.01,2909
2.01,2908
2.01,2907
2.01,2906
2.02,2905
2.02,2904
2.02,2903
2.02,2902
2.02,2901
2.03,2900
2.03,2899
2.03,2898
2.03,2897
2.03,2896
2.04,2895
2.04,2894
2.04,2893
2.04,2892
2.04,2891
2.05,2890
2.05,2889
2.05,2888
2.05,2887
2.05,2886
2.06,2885
2.06,2884
2.06,2883
2.06,2882
2.06,2881
2.07,2880
2.07,2879
2.07,2878
2.07,2877
2.08,2876
2.08,2875
2.08,2874
2.08,2873
2.08,2872
2.09,2871
2.09,2870
2.09,2869
2.09,2868
2.09,2867
2.10,2866
2.10,2865
2.10,2864
2.11,2863
2.11,2862
2.11,2861
2.11,2860
2.11,2859
2.12,2858
2.12,2857
2.12,2856
2.12,2855
2.12,2854
2.13,2853
2.13,2852
2.13,2851
2.13,2850
2.14,2849
2.14,2848
2.14,2847
2.14,2846
2.14,2845
2.15,2844
2.15,2843
2.15,2842
2.15,2841
2.15,2840
2.16,2839
2.16,2838
2.16,2837
2.16,2836
2.16,2835
2.17,2834
2.17,2833
2.17,2832
2.17,2831
2.17,2830
2.18,2829
2.18,2828
2.18,2827
2.18,2826
2.19,2825
2.19,2824
2.19,2823
2.19,2822
2.19,2821
2.20,2820
2.20,2819
2.20,2818
2.20,2817
2.20,2816
2.21,2815
2.21,2814
2.21,2813
2.21,2812
2.21,2811
2.22,2810
2.22,2809
2.22,2808
2.22,2807
2.22,2806
2.23,2805
2.23,2804
2.23,2803
2.23,2802
2.24,2801
2.24,2800
2.24,2799
2.24,2798
2.24,2797
2.25,2796
2.25,2795
2.25,2794
2.25,2793
2.25,2792
2.26,2791
2.26,2790
2.26,2789
2.26,2788
2.26,2787
2.27,2786
2.27,2785
2.27,2784
2.27,2783
2.27,2782
2.28,2781
2.28,2780
2.28,2779
2.28,2778
2.28,2777
2.29,2776
2.29,2775
2.29,2774
2.29,2773
2.29,2772
2.30,2771
2.30,2770
2.30,2769
2.30,2768
2.30,2767
2.31,2766
2.31,2765
2.31,2764
2.31,2763
2.31,2762
2.32,2761
2.32,2760
2.32,2759
2.32,2758
2.32,2757
2.33,2756
2.33,2755
2.33,2754
2.33,2753
2.33,2752
2.34,2751
2.34,2750
2.34,2749
2.34,2748
2.34,2747
2.35,2746
2.35,2745
2.35,2744
2.35,2743
2.35,2742
2.36,2741
2.36,2740
2.36,2739
2.36,2738
2.37,2737
2.37,2736
2.37,2735
2.37,2734
2.37,2733
2.38,2732
2.38,2731
2.38,2730
2.38,2729
2.38,2728
2.39,2727
2.39,2726
2.39,2725
2.39,2724
2.39,2723
2.40,2722
2.40,2721
2.40,2720
2.40,2719
2.40,2718
2.41,2717
2.41,2716
2.41,2715
2.41,2714
2.42,2713
2.42,2712
2.42,2711
2.42,2710
2.42,2709
2.43,2708
2.43,2707
2.43,2706
2.43,2705
2.43,2704
2.44,2703
2.44,2702
2.44,2701
2.44,2700
2.44,2699
2.45,2698
2.45,2697
2.45,2696
2.45,2695
2.45,2694
2.46,2693
2.46,2692
2.46,2691
2.46,2690
2.46,2689
2.47,2688
2.47,2687
2.47,2686
2.47,2685
2.47,2684
2.48,2683
2.48,2682
2.48,2681
2.48,2680
2.48,2679
2.49,2678
2.49,2677
2.49,2676
2.49,2675
2.49,2674
2.50,2673
2.50,2672
2.50,2671
2.50,2670
2.50,2669
2.51,2668
2.51,2667
2.51,2666
2.51,2665
2.51,2664
2.52,2663
2.52,2662
2.52,2661
2.52,2660
2.52,2659
2.53,2658
2.53,2657
2.53,2656
2.53,2655
2.53,2654
2.54,2653
2.54,2652
2.54,2651
2.54,2650
2.54,2649
2.55,2648
2.55,2647
2.55,2646
2.55,2645
2.55,2644
2.56,2643
2.56,2642
2.56,2641
2.56,2640
2.56,2639
2.57,2638
2.57,2637
2.57,2636
2.57,2635
2.57,2634
2.58,2633
2.58,2632
2.58,2631
2.58,2630
2.58,2629
2.59,2628
2.59,2627
2.59,2626
2.59,2625
2.59,2624
2.60,2623
2.60,2622
2.60,2621
2.60,2620
2.60,2619
2.61,2618
2.61,2617
2.61,2616
2.61,2615
2.61,2614
2.62,2613
2.62,2612
2.62,2611
2.62,2610
2.62,2609
2.63,2608
2.63,2607
2.63,2606
2.63,2605
2.63,2604
2.64,2603
2.64,2602
2.64,2601
2.64,2600
2.64,2599
2.65,2598
2.65,2597
2.65,2596
2.65,2595
2.65,2594
2.66,2593
2.66,2592
2.66,2591
2.66,2590
2.66,2589
2.67,2588
2.67,2587
2.67,2586
2.67,2585
2.67,2584
2.68,2583
2.68,2582
2.68,2581
2.68,2580
2.68,2579
2.69,2578
2.69,2577
2.69,2576
2.69,2575
2.69,2574
2.70,2573
2.70,2572
2.70,2571
2.70,2570
2.70,2569
2.71,2568
2.71,2567
2.71,2566
2.71,2565
2.71,2564
2.72,2563
2.72,2562
2.72,2561
2.72,2560
2.72,2559
2.73,2558
2.73,2557
2.73,2556
2.73,2555
2.73,2554
2.74,2553
2.74,2552
2.74,2551
2.74,2550
2.74,2549
2.75,2548
2.75,2547
2.75,2546
2.75,2545
2.75,2544
2.76,2543
2.76,2542
2.76,2541
2.76,2540
2.76,2539
2.77,2538
2.77,2537
2.77,2536
2.77,2535
2.77,2534
2.78,2533
2.78,2532
2.78,2531
2.78,2530
2.78,2529
2.79,2528
2.79,2527
2.79,2526
2.79,2525
2.79,2524
2.80,2523
2.80,2522
2.80,2521
2.80,2520
2.80,2519
2.81,2518
2.81,2517
2.81,2516
2.81,2515
2.81,2514
2.82,2513
2.82,2512
2.82,2511
2.82,2510
2.82,2509
2.83,2508
2.83,2507
2.83,2506
2.83,2505
2.83,2504
2.84,2503
2.84,2502
2.84,2501
2.84,2500
2.84,2499
2.85,2498
2.85,2497
2.85,2496
2.85,2495
2.86,2494
2.86,2493
2.86,2492
2.86,2491
2.86,2490
2.86,2489
2.87,2488
2.87,2487
2.87,2486
2.87,2485
2.87,2484
2.88,2483
2.88,2482
2.88,2481
2.88,2480
2.88,2479
2.89,2478
2.89,2477
2.89,2476
2.89,2475
2.89,2474
2.90,2473
2.90,2472
2.90,2471
2.90,2470
2.90,2469
2.91,2468
2.91,2467
2.91,2466
2.91,2465
2.91,2464
2.92,2463
2.92,2462
2.92,2461
2.92,2460
2.92,2459
2.93,2458
2.93,2457
2.93,2456
2.93,2455
2.93,2454
2.94,2453
2.94,2452
2.94,2451
2.94,2450
2.94,2449
2.95,2448
2.95,2447
2.95,2446
2.95,2445
2.95,2444
2.96,2443
2.96,2442
2.96,2441
2.96,2440
2.96,2439
2.97,2438
2.97,2437
2.97,2436
2.97,2435
2.97,2434
2.98,2433
2.98,2432
2.98,2431
2.98,2430
2.98,2429
2.98,2428
2.99,2427
2.99,2426
2.99,2425
2.99,2424
2.99,2423
3.00,2422
3.00,2421
3.00,2420
3.00,2419
3.00,2418
3.01,2417
3.01,2416
3.01,2415
3.01,2414
3.01,2413
3.02,2412
3.02,2411
3.02,2410
3.02,2409
3.02,2408
3.03,2407
3.03,2406
3.03,2405
3.03,2404
3.03,2403
3.04,2402
3.04,2401
3.04,2400
3.04,2399
3.04,2398
3.05,2397
3.05,2396
3.05,2395
3.05,2394
3.05,2393
3.06,2392
3.06,2391
3.06,2390
3.06,2389
3.06,2388
3.07,2387
3.07,2386
3.07,2385
3.07,2384
3.07,2383
