0.10,3586
0.17,3585
0.18,3584
0.19,3583
0.19,3582
0.20,3581
0.21,3580
0.22,3579
0.22,3578
0.23,3577
0.23,3576
0.24,3575
0.24,3574
0.25,3573
0.25,3572
0.26,3571
0.26,3570
0.27,3569
0.28,3568
0.28,3567
0.29,3566
0.29,3565
0.30,3564
0.31,3563
0.31,3562
0.32,3561
0.32,3560
0.33,3559
0.33,3558
0.34,3557
0.34,3556
0.35,3555
0.35,3554
0.36,3553
0.36,3552
0.37,3551
0.37,3550
0.38,3549
0.38,3548
0.39,3547
0.39,3546
0.40,3545
0.40,3544
0.41,3543
0.41,3542
0.41,3541
0.42,3540
0.42,3539
0.43,3538
0.43,3537
0.44,3536
0.44,3535
0.44,3534
0.44,3533
0.45,3532
0.45,3531
0.45,3530
0.45,3529
0.46,3528
0.46,3527
0.46,3526
0.46,3525
0.47,3524
0.47,3523
0.47,3522
0.47,3521
0.48,3520
0.48,3519
0.48,3518
0.48,3517
0.49,3516
0.49,3515
0.49,3514
0.49,3513
0.49,3512
0.50,3511
0.50,3510
0.50,3509
0.50,3508
0.50,3507
0.51,3506
0.51,3505
0.51,3504
0.51,3503
0.51,3502
0.52,3501
0.52,3500
0.52,3499
0.52,3498
0.52,3497
0.53,3496
0.53,3495
0.53,3494
0.53,3493
0.53,3492
0.54,3491
0.54,3490
0.54,3489
0.54,3488
0.55,3487
0.55,3486
0.55,3485
0.55,3484
0.55,3483
0.56,3482
0.56,3481
0.56,3480
0.56,3479
0.56,3478
0.57,3477
0.57,3476
0.57,3475
0.57,3474
0.57,3473
0.58,3472
0.58,3471
0.58,3470
0.58,3469
0.58,3468
0.59,3467
0.59,3466
0.59,3465
0.59,3464
0.59,3463
0.60,3462
0.60,3461
0.60,3460
0.60,3459
0.61,3458
0.61,3457
0.61,3456
0.62,3455
0.62,3454
0.62,3453
0.62,3452
0.62,3451
0.63,3450
0.63,3449
0.63,3448
0.63,3447
0.63,3446
0.64,3445
0.64,3444
0.64,3443
0.64,3442
0.64,3441
0.64,3440
0.65,3439
0.65,3438
0.65,3437
0.65,3436
0.65,3435
0.66,3434
0.66,3433
0.66,3432
0.66,3431
0.66,3430
0.67,3429
0.67,3428
0.67,3427
0.67,3426
0.67,3425
0.68,3424
0.68,3423
0.68,3422
0.68,3421
0.68,3420
0.69,3419
0.69,3418
0.69,3417
0.69,3416
0.69,3415
0.70,3414
0.70,3413
0.70,3412
0.70,3411
0.70,3410
0.71,3409
0.71,3408
0.71,3407
0.71,3406
0.72,3405
0.72,3404
0.72,3403
0.72,3402
0.72,3401
0.73,3400
0.73,3399
0.73,3398
0.73,3397
0.73,3396
0.74,3395
0.74,3394
0.74,3393
0.74,3392
0.75,3391
0.75,3390
0.75,3389
0.75,3388
0.75,3387
0.76,3386
0.76,3385
0.76,3384
0.76,3383
0.76,3382
0.77,3381
0.77,3380
0.77,3379
0.77,3378
0.77,3377
0.78,3376
0.78,3375
0.78,3374
0.78,3373
0.79,3372
0.79,3371
0.79,3370
0.79,3369
0.79,3368
0.80,3367
0.80,3366
0.80,3365
0.80,3364
0.81,3363
0.81,3362
0.81,3361
0.81,3360
0.81,3359
0.82,3358
0.82,3357
0.82,3356
0.82,3355
0.82,3354
0.83,3353
0.83,3352
0.83,3351
0.83,3350
0.83,3349
0.84,3348
0.84,3347
0.84,3346
0.84,3345
0.84,3344
0.85,3343
0.85,3342
0.85,3341
0.85,3340
0.86,3339
0.86,3338
0.86,3337
0.86,3336
0.86,3335
0.87,3334
0.87,3333
0.87,3332
0.87,3331
0.87,3330
0.88,3329
0.88,3328
0.88,3327
0.88,3326
0.88,3325
0.89,3324
0.89,3323
0.89,3322
0.89,3321
0.89,3320
0.90,3319
0.90,3318
0.90,3317
0.90,3316
0.90,3315
0.91,3314
0.91,3313
0.91,3312
0.91,3311
0.91,3310
0.92,3309
0.92,3308
0.92,3307
0.92,3306
0.93,3305
0.93,3304
0.93,3303
0.93,3302
0.93,3301
0.94,3300
0.94,3299
0.94,3298
0.94,3297
0.94,3296
0.95,3295
0.95,3294
0.95,3293
0.95,3292
0.95,3291
0.96,3290
0.96,3289
0.96,3288
0.96,3287
0.97,3286
0.97,3285
0.97,3284
0.97,3283
0.97,3282
0.98,3281
0.98,3280
0.98,3279
0.98,3278
0.98,3277
0.99,3276
0.99,3275
0.99,3274
0.99,3273
0.99,3272
1.00,3271
1.00,3270
1.00,3269
1.00,3268
1.00,3267
1.01,3266
1.01,3265
1.01,3264
1.01,3263
1.01,3262
1.02,3261
1.02,3260
1.02,3259
1.02,3258
1.02,3257
1.03,3256
1.03,3255
1.03,3254
1.03,3253
1.03,3252
1.04,3251
1.04,3250
1.04,3249
1.04,3248
1.04,3247
1.04,3246
1.05,3245
1.05,3244
1.05,3243
1.05,3242
1.06,3241
1.06,3240
1.06,3239
1.06,3238
1.06,3237
1.07,3236
1.07,3235
1.07,3234
1.07,3233
1.07,3232
1.08,3231
1.08,3230
1.08,3229
1.08,3228
1.08,3227
1.08,3226
1.09,3225
1.09,3224
1.09,3223
1.09,3222
1.09,3221
1.10,3220
1.10,3219
1.10,3218
1.10,3217
1.10,3216
1.11,3215
1.11,3214
1.11,3213
1.11,3212
1.11,3211
1.12,3210
1.12,3209
1.12,3208
1.12,3207
1.12,3206
1.13,3205
1.13,3204
1.13,3203
1.13,3202
1.13,3201
1.14,3200
1.14,3199
1.14,3198
1.14,3197
1.15,3196
1.15,3195
1.15,3194
1.15,3193
1.15,3192
1.16,3191
1.16,3190
1.16,3189
1.16,3188
1.17,3187
1.17,3186
1.17,3185
1.17,3184
1.17,3183
1.18,3182
1.18,3181
1.18,3180
1.18,3179
1.19,3178
1.19,3177
1.19,3176
1.19,3175
1.20,3174
1.20,3173
1.20,3172
1.20,3171
1.21,3170
1.21,3169
1.21,3168
1.21,3167
1.22,3166
1.22,3165
1.22,3164
1.22,3163
1.23,3162
1.23,3161
1.23,3160
1.23,3159
1.23,3158
1.24,3157
1.24,3156
1.24,3155
1.24,3154
1.25,3153
1.25,3152
1.25,3151
1.25,3150
1.26,3149
1.26,3148
1.26,3147
1.26,3146
1.27,3145
1.27,3144
1.27,3143
1.27,3142
1.27,3141
1.28,3140
1.28,3139
1.28,3138
1.28,3137
1.29,3136
1.29,3135
1.29,3134
1.29,3133
1.30,3132
1.30,3131
1.30,3130
1.30,3129
1.31,3128
1.31,3127
1.31,3126
1.31,3125
1.31,3124
1.32,3123
1.32,3122
1.32,3121
1.32,3120
1.33,3119
1.33,3118
1.33,3117
1.34,3116
1.34,3115
1.34,3114
1.34,3113
1.34,3112
1.35,3111
1.35,3110
1.35,3109
1.35,3108
1.35,3107
1.36,3106
1.36,3105
1.36,3104
1.36,3103
1.36,3102
1.37,3101
1.37,3100
1.37,3099
1.37,3098
1.37,3097
1.38,3096
1.38,3095
1.38,3094
1.38,3093
1.38,3092
1.39,3091
1.39,3090
1.39,3089
1.39,3088
1.39,3087
1.40,3086
1.40,3085
1.40,3084
1.40,3083
1.40,3082
1.41,3081
1.41,3080
1.41,3079
1.41,3078
1.41,3077
1.42,3076
1.42,3075
1.42,3074
1.42,3073
1.42,3072
1.42,3071
1.43,3070
1.43,3069
1.43,3068
1.43,3067
1.43,3066
1.44,3065
1.44,3064
1.44,3063
1.44,3062
1.44,3061
1.45,3060
1.45,3059
1.45,3058
1.45,3057
1.45,3056
1.46,3055
1.46,3054
1.46,3053
1.46,3052
1.46,3051
1.47,3050
1.47,3049
1.47,3048
1.47,3047
1.47,3046
1.47,3045
1.48,3044
1.48,3043
1.48,3042
1.48,3041
1.48,3040
1.49,3039
1.49,3038
1.49,3037
1.49,3036
1.49,3035
1.50,3034
1.50,3033
1.50,3032
1.50,3031
1.50,3030
1.51,3029
1.51,3028
1.51,3027
1.51,3026
1.51,3025
1.52,3024
1.52,3023
1.52,3022
1.52,3021
1.52,3020
1.52,3019
1.53,3018
1.53,3017
1.53,3016
1.53,3015
1.53,3014
1.54,3013
1.54,3012
1.54,3011
1.54,3010
1.55,3009
1.55,3008
1.55,3007
1.55,3006
1.55,3005
1.55,3004
1.56,3003
1.56,3002
1.56,3001
1.56,3000
1.57,2999
1.57,2998
1.57,2997
1.57,2996
1.57,2995
1.58,2994
1.58,2993
1.58,2992
1.58,2991
1.58,2990
1.59,2989
1.59,2988
1.59,2987
1.59,2986
1.59,2985
1.60,2984
1.60,2983
1.60,2982
1.60,2981
1.60,2980
1.61,2979
1.61,2978
1.61,2977
1.61,2976
1.61,2975
1.62,2974
1.62,2973
1.62,2972
1.62,2971
1.62,2970
1.63,2969
1.63,2968
1.63,2967
1.63,2966
1.63,2965
1.64,2964
1.64,2963
1.64,2962
1.64,2961
1.64,2960
1.65,2959
1.65,2958
1.65,2957
1.65,2956
1.65,2955
1.65,2954
1.66,2953
1.66,2952
1.66,2951
1.66,2950
1.66,2949
1.67,2948
1.67,2947
1.67,2946
1.67,2945
1.67,2944
1.68,2943
1.68,2942
1.68,2941
1.69,2940
1.69,2939
1.69,2938
1.69,2937
1.69,2936
1.70,2935
1.70,2934
1.70,2933
1.70,2932
1.70,2931
1.70,2930
1.71,2929
1.71,2928
1.71,2927
1.71,2926
1.71,2925
1.72,2924
1.72,2923
1.72,2922
1.72,2921
1.72,2920
1.73,2919
1.73,2918
1.73,2917
1.73,2916
1.73,2915
1.74,2914
1.74,2913
1.74,2912
1.74,2911
1.74,2910
1.75,2909
1.75,2908
1.75,2907
1.75,2906
1.75,2905
1.75,2904
1.76,2903
1.76,2902
1.76,2901
1.76,2900
1.76,2899
1.77,2898
1.77,2897
1.77,2896
1.77,2895
1.77,2894
1.77,2893
1.78,2892
1.78,2891
1.78,2890
1.78,2889
1.78,2888
1.79,2887
1.79,2886
1.79,2885
1.79,2884
1.79,2883
1.80,2882
1.80,2881
1.80,2880
1.80,2879
1.80,2878
1.81,2877
1.81,2876
1.81,2875
1.81,2874
1.81,2873
1.81,2872
1.82,2871
1.82,2870
1.82,2869
1.82,2868
1.82,2867
1.83,2866
1.83,2865
1.83,2864
1.83,2863
1.83,2862
1.84,2861
1.84,2860
1.84,2859
1.84,2858
1.84,2857
1.84,2856
1.85,2855
1.85,2854
1.85,2853
1.85,2852
1.85,2851
1.86,2850
1.86,2849
1.86,2848
1.86,2847
1.86,2846
1.87,2845
1.87,2844
1.87,2843
1.87,2842
1.87,2841
1.87,2840
1.88,2839
1.88,2838
1.88,2837
1.88,2836
1.88,2835
1.89,2834
1.89,2833
1.89,2832
1.89,2831
1.89,2830
1.90,2829
1.90,2828
1.90,2827
1.90,2826
1.90,2825
1.90,2824
1.91,2823
1.91,2822
1.91,2821
1.91,2820
1.91,2819
1.92,2818
1.92,2817
1.92,2816
1.92,2815
1.92,2814
1.93,2813
1.93,2812
1.93,2811
1.93,2810
1.93,2809
1.94,2808
1.94,2807
1.94,2806
1.94,2805
1.94,2804
1.94,2803
1.95,2802
1.95,2801
1.95,2800
1.95,2799
1.95,2798
1.96,2797
1.96,2796
1.96,2795
1.96,2794
1.96,2793
1.96,2792
1.97,2791
1.97,2790
1.97,2789
1.97,2788
1.97,2787
1.98,2786
1.98,2785
1.98,2784
1.98,2783
1.98,2782
1.99,2781
1.99,2780
1.99,2779
1.99,2778
1.99,2777
1.99,2776
2.00,2775
2.00,2774
2.00,2773
2.00,2772
2.00,2771
2.01,2770
2.01,2769
2.01,2768
2.01,2767
2.01,2766
2.01,2765
2.02,2764
2.02,2763
2.02,2762
2.02,2761
2.02,2760
2.03,2759
2.03,2758
2.03,2757
2.03,2756
2.03,2755
2.04,2754
2.04,2753
2.04,2752
2.04,2751
2.04,2750
2.05,2749
2.05,2748
2.05,2747
2.05,2746
2.06,2745
2.06,2744
2.06,2743
2.06,2742
2.06,2741
2.07,2740
2.07,2739
2.07,2738
2.07,2737
2.07,2736
2.08,2735
2.08,2734
2.08,2733
2.08,2732
2.09,2731
2.09,2730
2.09,2729
2.09,2728
2.09,2727
2.10,2726
2.10,2725
2.10,2724
2.10,2723
2.11,2722
2.11,2721
2.11,2720
2.11,2719
2.12,2718
2.12,2717
2.12,2716
2.12,2715
2.12,2714
2.13,2713
2.13,2712
2.13,2711
2.13,2710
2.14,2709
2.14,2708
2.14,2707
2.14,2706
2.14,2705
2.15,2704
2.15,2703
2.15,2702
2.15,2701
2.15,2700
2.16,2699
2.16,2698
2.16,2697
2.16,2696
2.17,2695
2.17,2694
2.17,2693
2.17,2692
2.17,2691
2.18,2690
2.18,2689
2.18,2688
2.18,2687
2.19,2686
2.19,2685
2.19,2684
2.19,2683
2.19,2682
2.20,2681
2.20,2680
2.20,2679
2.20,2678
2.21,2677
2.21,2676
2.21,2675
2.21,2674
2.21,2673
2.22,2672
2.22,2671
2.22,2670
2.22,2669
2.23,2668
2.23,2667
2.23,2666
2.23,2665
2.23,2664
2.24,2663
2.24,2662
2.24,2661
2.24,2660
2.25,2659
2.25,2658
2.25,2657
2.25,2656
2.26,2655
2.26,2654
2.26,2653
2.26,2652
2.26,2651
2.27,2650
2.27,2649
2.27,2648
2.27,2647
2.27,2646
2.28,2645
2.28,2644
2.28,2643
2.28,2642
2.29,2641
2.29,2640
2.29,2639
2.29,2638
2.29,2637
2.30,2636
2.30,2635
2.30,2634
2.30,2633
2.31,2632
2.31,2631
2.31,2630
2.31,2629
2.32,2628
2.32,2627
2.32,2626
2.32,2625
2.32,2624
2.33,2623
2.33,2622
2.33,2621
2.33,2620
2.33,2619
2.34,2618
2.34,2617
2.34,2616
2.34,2615
2.35,2614
2.35,2613
2.35,2612
2.35,2611
2.35,2610
2.36,2609
2.36,2608
2.36,2607
2.36,2606
2.37,2605
2.37,2604
2.37,2603
2.37,2602
2.38,2601
2.38,2600
2.38,2599
2.38,2598
2.38,2597
2.39,2596
2.39,2595
2.39,2594
2.39,2593
2.40,2592
2.40,2591
2.40,2590
2.40,2589
2.40,2588
2.41,2587
2.41,2586
2.41,2585
2.41,2584
2.42,2583
2.42,2582
2.42,2581
2.42,2580
2.43,2579
2.43,2578
2.43,2577
2.43,2576
2.43,2575
2.44,2574
2.44,2573
2.44,2572
2.44,2571
2.45,2570
2.45,2569
2.45,2568
2.46,2567
2.46,2566
2.46,2565
2.46,2564
2.46,2563
2.46,2562
2.47,2561
2.47,2560
2.47,2559
2.47,2558
2.47,2557
2.47,2556
2.48,2555
2.48,2554
2.48,2553
2.48,2552
2.48,2551
2.49,2550
2.49,2549
2.49,2548
2.49,2547
2.49,2546
2.49,2545
2.50,2544
2.50,2543
2.50,2542
2.50,2541
2.50,2540
2.50,2539
2.51,2538
2.51,2537
2.51,2536
2.51,2535
2.51,2534
2.52,2533
2.52,2532
2.52,2531
2.52,2530
2.52,2529
2.52,2528
2.53,2527
2.53,2526
2.53,2525
2.53,2524
2.53,2523
2.54,2522
2.54,2521
2.54,2520
2.54,2519
2.54,2518
2.54,2517
2.55,2516
2.55,2515
2.55,2514
2.55,2513
2.55,2512
2.56,2511
2.56,2510
2.56,2509
2.56,2508
2.56,2507
2.56,2506
2.57,2505
2.57,2504
2.57,2503
2.57,2502
2.57,2501
2.57,2500
2.58,2499
2.58,2498
2.58,2497
2.58,2496
2.58,2495
2.58,2494
2.59,2493
2.59,2492
2.59,2491
2.59,2490
2.59,2489
2.60,2488
2.60,2487
2.60,2486
2.60,2485
2.60,2484
2.60,2483
2.61,2482
2.61,2481
2.61,2480
2.61,2479
2.61,2478
2.61,2477
2.62,2476
2.62,2475
2.62,2474
2.62,2473
2.62,2472
2.62,2471
2.63,2470
2.63,2469
2.63,2468
2.63,2467
2.63,2466
2.64,2465
2.64,2464
2.64,2463
2.64,2462
2.64,2461
2.64,2460
2.65,2459
2.65,2458
2.65,2457
2.65,2456
2.65,2455
2.65,2454
2.66,2453
2.66,2452
2.66,2451
2.66,2450
2.66,2449
2.67,2448
2.67,2447
2.67,2446
2.67,2445
2.67,2444
2.67,2443
2.68,2442
2.68,2441
2.68,2440
2.68,2439
2.68,2438
2.68,2437
2.69,2436
2.69,2435
2.69,2434
2.69,2433
2.69,2432
2.70,2431
2.70,2430
2.70,2429
2.70,2428
2.70,2427
2.70,2426
2.71,2425
2.71,2424
2.71,2423
2.71,2422
2.71,2421
2.71,2420
2.72,2419
2.72,2418
2.72,2417
2.72,2416
2.72,2415
2.73,2414
2.73,2413
2.73,2412
2.73,2411
2.73,2410
2.73,2409
2.74,2408
2.74,2407
2.74,2406
2.74,2405
2.74,2404
2.74,2403
2.75,2402
2.75,2401
2.75,2400
2.75,2399
2.75,2398
2.75,2397
2.76,2396
2.76,2395
2.76,2394
2.76,2393
2.76,2392
2.77,2391
2.77,2390
2.77,2389
2.77,2388
2.77,2387
2.77,2386
2.78,2385
2.78,2384
2.78,2383
