0.10,3628
0.17,3627
0.18,3626
0.19,3625
0.19,3624
0.20,3623
0.21,3622
0.22,3621
0.23,3620
0.23,3619
0.24,3618
0.24,3617
0.25,3616
0.25,3615
0.26,3614
0.26,3613
0.27,3612
0.28,3611
0.28,3610
0.29,3609
0.29,3608
0.30,3607
0.31,3606
0.31,3605
0.32,3604
0.32,3603
0.33,3602
0.33,3601
0.34,3600
0.34,3599
0.35,3598
0.35,3597
0.36,3596
0.36,3595
0.37,3594
0.37,3593
0.38,3592
0.38,3591
0.39,3590
0.39,3589
0.39,3588
0.40,3587
0.40,3586
0.40,3585
0.41,3584
0.41,3583
0.42,3582
0.42,3581
0.42,3580
0.43,3579
0.43,3578
0.43,3577
0.43,3576
0.44,3575
0.44,3574
0.44,3573
0.44,3572
0.45,3571
0.45,3570
0.45,3569
0.45,3568
0.45,3567
0.46,3566
0.46,3565
0.46,3564
0.46,3563
0.47,3562
0.47,3561
0.47,3560
0.47,3559
0.48,3558
0.48,3557
0.48,3556
0.48,3555
0.48,3554
0.49,3553
0.49,3552
0.49,3551
0.49,3550
0.50,3549
0.50,3548
0.50,3547
0.50,3546
0.50,3545
0.51,3544
0.51,3543
0.51,3542
0.51,3541
0.52,3540
0.52,3539
0.52,3538
0.52,3537
0.52,3536
0.53,3535
0.53,3534
0.53,3533
0.53,3532
0.54,3531
0.54,3530
0.54,3529
0.54,3528
0.55,3527
0.55,3526
0.55,3525
0.55,3524
0.55,3523
0.56,3522
0.56,3521
0.56,3520
0.56,3519
0.57,3518
0.57,3517
0.57,3516
0.57,3515
0.58,3514
0.58,3513
0.58,3512
0.58,3511
0.59,3510
0.59,3509
0.59,3508
0.59,3507
0.60,3506
0.60,3505
0.60,3504
0.60,3503
0.61,3502
0.61,3501
0.61,3500
0.62,3499
0.62,3498
0.62,3497
0.63,3496
0.63,3495
0.63,3494
0.63,3493
0.63,3492
0.64,3491
0.64,3490
0.64,3489
0.64,3488
0.65,3487
0.65,3486
0.65,3485
0.65,3484
0.66,3483
0.66,3482
0.66,3481
0.66,3480
0.66,3479
0.67,3478
0.67,3477
0.67,3476
0.67,3475
0.68,3474
0.68,3473
0.68,3472
0.68,3471
0.68,3470
0.69,3469
0.69,3468
0.69,3467
0.69,3466
0.70,3465
0.70,3464
0.70,3463
0.70,3462
0.70,3461
0.71,3460
0.71,3459
0.71,3458
0.71,3457
0.72,3456
0.72,3455
0.72,3454
0.72,3453
0.72,3452
0.73,3451
0.73,3450
0.73,3449
0.73,3448
0.74,3447
0.74,3446
0.74,3445
0.74,3444
0.74,3443
0.75,3442
0.75,3441
0.75,3440
0.75,3439
0.76,3438
0.76,3437
0.76,3436
0.76,3435
0.76,3434
0.77,3433
0.77,3432
0.77,3431
0.77,3430
0.78,3429
0.78,3428
0.78,3427
0.78,3426
0.79,3425
0.79,3424
0.79,3423
0.79,3422
0.80,3421
0.80,3420
0.80,3419
0.80,3418
0.80,3417
0.81,3416
0.81,3415
0.81,3414
0.82,3413
0.82,3412
0.82,3411
0.82,3410
0.82,3409
0.83,3408
0.83,3407
0.83,3406
0.83,3405
0.84,3404
0.84,3403
0.84,3402
0.84,3401
0.85,3400
0.85,3399
0.85,3398
0.85,3397
0.85,3396
0.86,3395
0.86,3394
0.86,3393
0.86,3392
0.86,3391
0.87,3390
0.87,3389
0.87,3388
0.87,3387
0.88,3386
0.88,3385
0.88,3384
0.88,3383
0.88,3382
0.89,3381
0.89,3380
0.89,3379
0.89,3378
0.90,3377
0.90,3376
0.90,3375
0.90,3374
0.90,3373
0.91,3372
0.91,3371
0.91,3370
0.91,3369
0.91,3368
0.92,3367
0.92,3366
0.92,3365
0.92,3364
0.93,3363
0.93,3362
0.93,3361
0.93,3360
0.93,3359
0.94,3358
0.94,3357
0.94,3356
0.94,3355
0.95,3354
0.95,3353
0.95,3352
0.95,3351
0.96,3350
0.96,3349
0.96,3348
0.96,3347
0.96,3346
0.97,3345
0.97,3344
0.97,3343
0.97,3342
0.98,3341
0.98,3340
0.98,3339
0.98,3338
0.98,3337
0.99,3336
0.99,3335
0.99,3334
0.99,3333
1.00,3332
1.00,3331
1.00,3330
1.01,3329
1.01,3328
1.01,3327
1.01,3326
1.01,3325
1.02,3324
1.02,3323
1.02,3322
1.02,3321
1.02,3320
1.03,3319
1.03,3318
1.03,3317
1.03,3316
1.03,3315
1.04,3314
1.04,3313
1.04,3312
1.04,3311
1.05,3310
1.05,3309
1.05,3308
1.05,3307
1.05,3306
1.06,3305
1.06,3304
1.06,3303
1.06,3302
1.06,3301
1.07,3300
1.07,3299
1.07,3298
1.07,3297
1.08,3296
1.08,3295
1.08,3294
1.08,3293
1.08,3292
1.09,3291
1.09,3290
1.09,3289
1.09,3288
1.09,3287
1.10,3286
1.10,3285
1.10,3284
1.10,3283
1.11,3282
1.11,3281
1.11,3280
1.11,3279
1.11,3278
1.12,3277
1.12,3276
1.12,3275
1.12,3274
1.12,3273
1.13,3272
1.13,3271
1.13,3270
1.13,3269
1.13,3268
1.14,3267
1.14,3266
1.14,3265
1.14,3264
1.15,3263
1.15,3262
1.15,3261
1.15,3260
1.15,3259
1.16,3258
1.16,3257
1.16,3256
1.16,3255
1.16,3254
1.17,3253
1.17,3252
1.17,3251
1.17,3250
1.17,3249
1.18,3248
1.18,3247
1.18,3246
1.18,3245
1.19,3244
1.19,3243
1.19,3242
1.19,3241
1.20,3240
1.20,3239
1.20,3238
1.20,3237
1.21,3236
1.21,3235
1.21,3234
1.21,3233
1.22,3232
1.22,3231
1.22,3230
1.22,3229
1.22,3228
1.23,3227
1.23,3226
1.23,3225
1.23,3224
1.24,3223
1.24,3222
1.24,3221
1.24,3220
1.25,3219
1.25,3218
1.25,3217
1.25,3216
1.26,3215
1.26,3214
1.26,3213
1.26,3212
1.27,3211
1.27,3210
1.27,3209
1.27,3208
1.28,3207
1.28,3206
1.28,3205
1.28,3204
1.29,3203
1.29,3202
1.29,3201
1.29,3200
1.30,3199
1.30,3198
1.30,3197
1.30,3196
1.31,3195
1.31,3194
1.31,3193
1.31,3192
1.32,3191
1.32,3190
1.32,3189
1.32,3188
1.33,3187
1.33,3186
1.33,3185
1.33,3184
1.34,3183
1.34,3182
1.34,3181
1.34,3180
1.35,3179
1.35,3178
1.35,3177
1.35,3176
1.36,3175
1.36,3174
1.36,3173
1.37,3172
1.37,3171
1.37,3170
1.37,3169
1.37,3168
1.38,3167
1.38,3166
1.38,3165
1.39,3164
1.39,3163
1.39,3162
1.40,3161
1.40,3160
1.40,3159
1.40,3158
1.40,3157
1.41,3156
1.41,3155
1.41,3154
1.41,3153
1.42,3152
1.42,3151
1.42,3150
1.42,3149
1.42,3148
1.43,3147
1.43,3146
1.43,3145
1.43,3144
1.43,3143
1.44,3142
1.44,3141
1.44,3140
1.44,3139
1.45,3138
1.45,3137
1.45,3136
1.45,3135
1.45,3134
1.46,3133
1.46,3132
1.46,3131
1.46,3130
1.46,3129
1.47,3128
1.47,3127
1.47,3126
1.47,3125
1.48,3124
1.48,3123
1.48,3122
1.48,3121
1.48,3120
1.49,3119
1.49,3118
1.49,3117
1.49,3116
1.49,3115
1.50,3114
1.50,3113
1.50,3112
1.50,3111
1.51,3110
1.51,3109
1.51,3108
1.51,3107
1.51,3106
1.52,3105
1.52,3104
1.52,3103
1.52,3102
1.52,3101
1.53,3100
1.53,3099
1.53,3098
1.53,3097
1.53,3096
1.54,3095
1.54,3094
1.54,3093
1.54,3092
1.54,3091
1.55,3090
1.55,3089
1.55,3088
1.56,3087
1.56,3086
1.56,3085
1.56,3084
1.57,3083
1.57,3082
1.57,3081
1.57,3080
1.57,3079
1.58,3078
1.58,3077
1.58,3076
1.58,3075
1.58,3074
1.59,3073
1.59,3072
1.59,3071
1.59,3070
1.59,3069
1.60,3068
1.60,3067
1.60,3066
1.60,3065
1.61,3064
1.61,3063
1.61,3062
1.61,3061
1.61,3060
1.62,3059
1.62,3058
1.62,3057
1.62,3056
1.63,3055
1.63,3054
1.63,3053
1.63,3052
1.63,3051
1.64,3050
1.64,3049
1.64,3048
1.64,3047
1.64,3046
1.65,3045
1.65,3044
1.65,3043
1.65,3042
1.66,3041
1.66,3040
1.66,3039
1.66,3038
1.67,3037
1.67,3036
1.67,3035
1.67,3034
1.67,3033
1.68,3032
1.68,3031
1.68,3030
1.68,3029
1.69,3028
1.69,3027
1.69,3026
1.69,3025
1.69,3024
1.70,3023
1.70,3022
1.70,3021
1.70,3020
1.70,3019
1.71,3018
1.71,3017
1.71,3016
1.71,3015
1.72,3014
1.72,3013
1.72,3012
1.72,3011
1.72,3010
1.73,3009
1.73,3008
1.73,3007
1.73,3006
1.73,3005
1.74,3004
1.74,3003
1.74,3002
1.74,3001
1.74,3000
1.75,2999
1.75,2998
1.75,2997
1.75,2996
1.76,2995
1.76,2994
1.76,2993
1.76,2992
1.76,2991
1.77,2990
1.77,2989
1.77,2988
1.78,2987
1.78,2986
1.78,2985
1.78,2984
1.78,2983
1.79,2982
1.79,2981
1.79,2980
1.79,2979
1.79,2978
1.80,2977
1.80,2976
1.80,2975
1.80,2974
1.80,2973
1.81,2972
1.81,2971
1.81,2970
1.81,2969
1.81,2968
1.82,2967
1.82,2966
1.82,2965
1.82,2964
1.82,2963
1.83,2962
1.83,2961
1.83,2960
1.83,2959
1.83,2958
1.83,2957
1.84,2956
1.84,2955
1.84,2954
1.84,2953
1.85,2952
1.85,2951
1.85,2950
1.85,2949
1.85,2948
1.86,2947
1.86,2946
1.86,2945
1.86,2944
1.86,2943
1.87,2942
1.87,2941
1.87,2940
1.87,2939
1.87,2938
1.88,2937
1.88,2936
1.88,2935
1.88,2934
1.88,2933
1.89,2932
1.89,2931
1.89,2930
1.89,2929
1.89,2928
1.90,2927
1.90,2926
1.90,2925
1.90,2924
1.90,2923
1.91,2922
1.91,2921
1.91,2920
1.91,2919
1.91,2918
1.92,2917
1.92,2916
1.92,2915
1.92,2914
1.92,2913
1.93,2912
1.93,2911
1.93,2910
1.93,2909
1.94,2908
1.94,2907
1.94,2906
1.94,2905
1.94,2904
1.95,2903
1.95,2902
1.95,2901
1.95,2900
1.95,2899
1.96,2898
1.96,2897
1.96,2896
1.96,2895
1.96,2894
1.97,2893
1.97,2892
1.97,2891
1.97,2890
1.97,2889
1.98,2888
1.98,2887
1.98,2886
1.98,2885
1.98,2884
1.99,2883
1.99,2882
1.99,2881
1.99,2880
1.99,2879
2.00,2878
2.00,2877
2.00,2876
2.00,2875
2.00,2874
2.01,2873
2.01,2872
2.01,2871
2.01,2870
2.01,2869
2.02,2868
2.02,2867
2.02,2866
2.02,2865
2.02,2864
2.03,2863
2.03,2862
2.03,2861
2.03,2860
2.03,2859
2.04,2858
2.04,2857
2.04,2856
2.04,2855
2.05,2854
2.05,2853
2.05,2852
2.05,2851
2.05,2850
2.06,2849
2.06,2848
2.06,2847
2.06,2846
2.06,2845
2.07,2844
2.07,2843
2.07,2842
2.07,2841
2.07,2840
2.08,2839
2.08,2838
2.08,2837
2.08,2836
2.08,2835
2.09,2834
2.09,2833
2.09,2832
2.09,2831
2.09,2830
2.10,2829
2.10,2828
2.10,2827
2.10,2826
2.10,2825
2.11,2824
2.11,2823
2.11,2822
2.11,2821
2.11,2820
2.12,2819
2.12,2818
2.12,2817
2.12,2816
2.12,2815
2.13,2814
2.13,2813
2.13,2812
2.13,2811
2.13,2810
2.14,2809
2.14,2808
2.14,2807
2.15,2806
2.15,2805
2.15,2804
2.15,2803
2.15,2802
2.16,2801
2.16,2800
2.16,2799
2.16,2798
2.17,2797
2.17,2796
2.17,2795
2.17,2794
2.17,2793
2.18,2792
2.18,2791
2.18,2790
2.18,2789
2.18,2788
2.19,2787
2.19,2786
2.19,2785
2.19,2784
2.19,2783
2.20,2782
2.20,2781
2.20,2780
2.20,2779
2.21,2778
2.21,2777
2.21,2776
2.21,2775
2.21,2774
2.22,2773
2.22,2772
2.22,2771
2.22,2770
2.22,2769
2.23,2768
2.23,2767
2.23,2766
2.23,2765
2.23,2764
2.24,2763
2.24,2762
2.24,2761
2.24,2760
2.24,2759
2.25,2758
2.25,2757
2.25,2756
2.25,2755
2.25,2754
2.26,2753
2.26,2752
2.26,2751
2.26,2750
2.26,2749
2.27,2748
2.27,2747
2.27,2746
2.27,2745
2.27,2744
2.28,2743
2.28,2742
2.28,2741
2.28,2740
2.28,2739
2.29,2738
2.29,2737
2.29,2736
2.29,2735
2.30,2734
2.30,2733
2.30,2732
2.30,2731
2.30,2730
2.31,2729
2.31,2728
2.31,2727
2.31,2726
2.31,2725
2.32,2724
2.32,2723
2.32,2722
2.32,2721
2.32,2720
2.33,2719
2.33,2718
2.33,2717
2.33,2716
2.33,2715
2.34,2714
2.34,2713
2.34,2712
2.34,2711
2.34,2710
2.35,2709
2.35,2708
2.35,2707
2.35,2706
2.35,2705
2.36,2704
2.36,2703
2.36,2702
2.36,2701
2.36,2700
2.37,2699
2.37,2698
2.37,2697
2.37,2696
2.37,2695
2.38,2694
2.38,2693
2.38,2692
2.38,2691
2.38,2690
2.39,2689
2.39,2688
2.39,2687
2.39,2686
2.39,2685
2.40,2684
2.40,2683
2.40,2682
2.40,2681
2.40,2680
2.41,2679
2.41,2678
2.41,2677
2.41,2676
2.41,2675
2.42,2674
2.42,2673
2.42,2672
2.42,2671
2.42,2670
2.43,2669
2.43,2668
2.43,2667
2.43,2666
2.43,2665
2.44,2664
2.44,2663
2.44,2662
2.44,2661
2.44,2660
2.45,2659
2.45,2658
2.45,2657
2.45,2656
2.45,2655
2.46,2654
2.46,2653
2.46,2652
2.46,2651
2.46,2650
2.47,2649
2.47,2648
2.47,2647
2.47,2646
2.48,2645
2.48,2644
2.48,2643
2.48,2642
2.48,2641
2.49,2640
2.49,2639
2.49,2638
2.49,2637
2.49,2636
2.50,2635
2.50,2634
2.50,2633
2.50,2632
2.50,2631
2.51,2630
2.51,2629
2.51,2628
2.51,2627
2.51,2626
2.52,2625
2.52,2624
2.52,2623
2.52,2622
2.52,2621
2.53,2620
2.53,2619
2.53,2618
2.53,2617
2.53,2616
2.54,2615
2.54,2614
2.54,2613
2.54,2612
2.54,2611
2.55,2610
2.55,2609
2.55,2608
2.55,2607
2.55,2606
2.56,2605
2.56,2604
2.56,2603
2.56,2602
2.56,2601
2.57,2600
2.57,2599
2.57,2598
2.57,2597
2.58,2596
2.58,2595
2.58,2594
2.58,2593
2.58,2592
2.59,2591
2.59,2590
2.59,2589
2.59,2588
2.59,2587
2.59,2586
2.60,2585
2.60,2584
2.60,2583
2.60,2582
2.60,2581
2.61,2580
2.61,2579
2.61,2578
2.61,2577
2.61,2576
2.62,2575
2.62,2574
2.62,2573
2.62,2572
2.62,2571
2.63,2570
2.63,2569
2.63,2568
2.63,2567
2.63,2566
2.64,2565
2.64,2564
2.64,2563
2.64,2562
2.64,2561
2.65,2560
2.65,2559
2.65,2558
2.65,2557
2.65,2556
2.66,2555
2.66,2554
2.66,2553
2.66,2552
2.66,2551
2.67,2550
2.67,2549
2.67,2548
2.67,2547
2.67,2546
2.68,2545
2.68,2544
2.68,2543
2.68,2542
2.68,2541
2.69,2540
2.69,2539
2.69,2538
2.69,2537
2.69,2536
2.70,2535
2.70,2534
2.70,2533
2.70,2532
2.70,2531
2.71,2530
2.71,2529
2.71,2528
2.71,2527
2.71,2526
2.72,2525
2.72,2524
2.72,2523
2.72,2522
2.72,2521
2.73,2520
2.73,2519
2.73,2518
2.73,2517
2.73,2516
2.74,2515
2.74,2514
2.74,2513
2.74,2512
2.74,2511
2.75,2510
2.75,2509
2.75,2508
2.75,2507
2.75,2506
2.76,2505
2.76,2504
2.76,2503
2.76,2502
2.76,2501
2.77,2500
2.77,2499
2.77,2498
2.77,2497
2.77,2496
2.78,2495
2.78,2494
2.78,2493
2.78,2492
2.78,2491
2.79,2490
2.79,2489
2.79,2488
2.79,2487
2.79,2486
2.80,2485
2.80,2484
2.80,2483
2.80,2482
2.80,2481
2.81,2480
2.81,2479
2.81,2478
2.81,2477
2.81,2476
2.82,2475
2.82,2474
2.82,2473
2.82,2472
2.82,2471
2.83,2470
2.83,2469
2.83,2468
2.83,2467
2.83,2466
2.84,2465
2.84,2464
2.84,2463
2.84,2462
2.84,2461
2.85,2460
2.85,2459
2.85,2458
2.85,2457
2.85,2456
2.86,2455
2.86,2454
2.86,2453
2.86,2452
2.86,2451
2.87,2450
2.87,2449
2.87,2448
2.87,2447
2.87,2446
2.88,2445
2.88,2444
2.88,2443
2.88,2442
2.88,2441
2.89,2440
2.89,2439
2.89,2438
2.89,2437
2.89,2436
2.90,2435
2.90,2434
2.90,2433
2.90,2432
2.90,2431
2.91,2430
2.91,2429
2.91,2428
2.91,2427
2.91,2426
2.91,2425
2.92,2424
2.92,2423
2.92,2422
2.92,2421
2.92,2420
2.93,2419
2.93,2418
2.93,2417
2.93,2416
2.93,2415
2.94,2414
2.94,2413
2.94,2412
2.94,2411
2.94,2410
2.95,2409
2.95,2408
2.95,2407
2.95,2406
2.95,2405
2.96,2404
2.96,2403
2.96,2402
2.96,2401
2.96,2400
2.97,2399
2.97,2398
2.97,2397
2.97,2396
2.97,2395
2.98,2394
2.98,2393
2.98,2392
2.98,2391
2.98,2390
2.99,2389
2.99,2388
2.99,2387
2.99,2386
2.99,2385
3.00,2384
3.00,2383
3.00,2382
3.00,2381
3.00,2380
3.00,2379
3.01,2378
3.01,2377
3.01,2376
3.01,2375
3.01,2374
3.02,2373
3.02,2372
3.02,2371
3.02,2370
3.03,2369
