0.10,3618
0.17,3617
0.18,3616
0.19,3615
0.19,3614
0.20,3613
0.21,3612
0.22,3611
0.22,3610
0.23,3609
0.23,3608
0.24,3607
0.24,3606
0.25,3605
0.26,3604
0.26,3603
0.27,3602
0.27,3601
0.28,3600
0.28,3599
0.29,3598
0.29,3597
0.30,3596
0.30,3595
0.31,3594
0.31,3593
0.32,3592
0.33,3591
0.33,3590
0.34,3589
0.34,3588
0.35,3587
0.35,3586
0.36,3585
0.36,3584
0.37,3583
0.37,3582
0.38,3581
0.39,3580
0.39,3579
0.39,3578
0.40,3577
0.40,3576
0.41,3575
0.41,3574
0.41,3573
0.42,3572
0.42,3571
0.43,3570
0.43,3569
0.43,3568
0.43,3567
0.44,3566
0.44,3565
0.44,3564
0.44,3563
0.44,3562
0.45,3561
0.45,3560
0.45,3559
0.45,3558
0.46,3557
0.46,3556
0.46,3555
0.46,3554
0.46,3553
0.47,3552
0.47,3551
0.47,3550
0.47,3549
0.47,3548
0.48,3547
0.48,3546
0.48,3545
0.48,3544
0.49,3543
0.49,3542
0.49,3541
0.49,3540
0.49,3539
0.50,3538
0.50,3537
0.50,3536
0.50,3535
0.51,3534
0.51,3533
0.51,3532
0.52,3531
0.52,3530
0.52,3529
0.52,3528
0.52,3527
0.53,3526
0.53,3525
0.53,3524
0.54,3523
0.54,3522
0.54,3521
0.54,3520
0.55,3519
0.55,3518
0.55,3517
0.55,3516
0.56,3515
0.56,3514
0.56,3513
0.56,3512
0.56,3511
0.57,3510
0.57,3509
0.57,3508
0.57,3507
0.58,3506
0.58,3505
0.58,3504
0.58,3503
0.59,3502
0.59,3501
0.59,3500
0.59,3499
0.59,3498
0.60,3497
0.60,3496
0.60,3495
0.60,3494
0.60,3493
0.61,3492
0.61,3491
0.61,3490
0.62,3489
0.62,3488
0.62,3487
0.62,3486
0.63,3485
0.63,3484
0.63,3483
0.63,3482
0.63,3481
0.64,3480
0.64,3479
0.64,3478
0.64,3477
0.64,3476
0.65,3475
0.65,3474
0.65,3473
0.65,3472
0.65,3471
0.66,3470
0.66,3469
0.66,3468
0.66,3467
0.67,3466
0.67,3465
0.67,3464
0.67,3463
0.67,3462
0.68,3461
0.68,3460
0.68,3459
0.68,3458
0.68,3457
0.69,3456
0.69,3455
0.69,3454
0.69,3453
0.69,3452
0.70,3451
0.70,3450
0.70,3449
0.70,3448
0.70,3447
0.71,3446
0.71,3445
0.71,3444
0.71,3443
0.71,3442
0.72,3441
0.72,3440
0.72,3439
0.72,3438
0.72,3437
0.73,3436
0.73,3435
0.73,3434
0.73,3433
0.73,3432
0.74,3431
0.74,3430
0.74,3429
0.74,3428
0.75,3427
0.75,3426
0.75,3425
0.75,3424
0.75,3423
0.76,3422
0.76,3421
0.76,3420
0.76,3419
0.76,3418
0.77,3417
0.77,3416
0.77,3415
0.77,3414
0.77,3413
0.78,3412
0.78,3411
0.78,3410
0.78,3409
0.78,3408
0.79,3407
0.79,3406
0.79,3405
0.79,3404
0.80,3403
0.80,3402
0.80,3401
0.80,3400
0.80,3399
0.81,3398
0.81,3397
0.81,3396
0.81,3395
0.82,3394
0.82,3393
0.82,3392
0.82,3391
0.82,3390
0.83,3389
0.83,3388
0.83,3387
0.83,3386
0.83,3385
0.84,3384
0.84,3383
0.84,3382
0.84,3381
0.84,3380
0.85,3379
0.85,3378
0.85,3377
0.85,3376
0.86,3375
0.86,3374
0.86,3373
0.86,3372
0.87,3371
0.87,3370
0.87,3369
0.87,3368
0.87,3367
0.88,3366
0.88,3365
0.88,3364
0.88,3363
0.88,3362
0.89,3361
0.89,3360
0.89,3359
0.89,3358
0.89,3357
0.90,3356
0.90,3355
0.90,3354
0.90,3353
0.90,3352
0.91,3351
0.91,3350
0.91,3349
0.91,3348
0.92,3347
0.92,3346
0.92,3345
0.92,3344
0.92,3343
0.93,3342
0.93,3341
0.93,3340
0.93,3339
0.94,3338
0.94,3337
0.94,3336
0.94,3335
0.94,3334
0.95,3333
0.95,3332
0.95,3331
0.95,3330
0.95,3329
0.96,3328
0.96,3327
0.96,3326
0.96,3325
0.96,3324
0.97,3323
0.97,3322
0.97,3321
0.98,3320
0.98,3319
0.98,3318
0.98,3317
0.98,3316
0.99,3315
0.99,3314
0.99,3313
0.99,3312
0.99,3311
1.00,3310
1.00,3309
1.00,3308
1.00,3307
1.00,3306
1.01,3305
1.01,3304
1.01,3303
1.01,3302
1.01,3301
1.02,3300
1.02,3299
1.02,3298
1.02,3297
1.02,3296
1.03,3295
1.03,3294
1.03,3293
1.03,3292
1.03,3291
1.04,3290
1.04,3289
1.04,3288
1.04,3287
1.04,3286
1.05,3285
1.05,3284
1.05,3283
1.05,3282
1.05,3281
1.06,3280
1.06,3279
1.06,3278
1.06,3277
1.06,3276
1.07,3275
1.07,3274
1.07,3273
1.07,3272
1.07,3271
1.08,3270
1.08,3269
1.08,3268
1.08,3267
1.08,3266
1.09,3265
1.09,3264
1.09,3263
1.09,3262
1.10,3261
1.10,3260
1.10,3259
1.10,3258
1.10,3257
1.11,3256
1.11,3255
1.11,3254
1.11,3253
1.11,3252
1.12,3251
1.12,3250
1.12,3249
1.12,3248
1.12,3247
1.13,3246
1.13,3245
1.13,3244
1.13,3243
1.13,3242
1.14,3241
1.14,3240
1.14,3239
1.14,3238
1.14,3237
1.15,3236
1.15,3235
1.15,3234
1.15,3233
1.16,3232
1.16,3231
1.16,3230
1.16,3229
1.17,3228
1.17,3227
1.17,3226
1.17,3225
1.18,3224
1.18,3223
1.18,3222
1.18,3221
1.18,3220
1.19,3219
1.19,3218
1.19,3217
1.19,3216
1.20,3215
1.20,3214
1.20,3213
1.20,3212
1.21,3211
1.21,3210
1.21,3209
1.21,3208
1.21,3207
1.22,3206
1.22,3205
1.22,3204
1.22,3203
1.23,3202
1.23,3201
1.23,3200
1.23,3199
1.24,3198
1.24,3197
1.24,3196
1.24,3195
1.25,3194
1.25,3193
1.25,3192
1.25,3191
1.26,3190
1.26,3189
1.26,3188
1.26,3187
1.27,3186
1.27,3185
1.27,3184
1.27,3183
1.28,3182
1.28,3181
1.28,3180
1.28,3179
1.29,3178
1.29,3177
1.29,3176
1.29,3175
1.30,3174
1.30,3173
1.30,3172
1.30,3171
1.31,3170
1.31,3169
1.31,3168
1.31,3167
1.31,3166
1.32,3165
1.32,3164
1.32,3163
1.32,3162
1.33,3161
1.33,3160
1.33,3159
1.33,3158
1.34,3157
1.34,3156
1.34,3155
1.34,3154
1.35,3153
1.35,3152
1.35,3151
1.36,3150
1.36,3149
1.36,3148
1.36,3147
1.36,3146
1.37,3145
1.37,3144
1.37,3143
1.37,3142
1.37,3141
1.38,3140
1.38,3139
1.38,3138
1.38,3137
1.38,3136
1.39,3135
1.39,3134
1.39,3133
1.39,3132
1.39,3131
1.40,3130
1.40,3129
1.40,3128
1.40,3127
1.40,3126
1.41,3125
1.41,3124
1.41,3123
1.41,3122
1.41,3121
1.42,3120
1.42,3119
1.42,3118
1.42,3117
1.42,3116
1.43,3115
1.43,3114
1.43,3113
1.43,3112
1.43,3111
1.44,3110
1.44,3109
1.44,3108
1.44,3107
1.44,3106
1.45,3105
1.45,3104
1.45,3103
1.45,3102
1.45,3101
1.46,3100
1.46,3099
1.46,3098
1.46,3097
1.46,3096
1.47,3095
1.47,3094
1.47,3093
1.47,3092
1.47,3091
1.48,3090
1.48,3089
1.48,3088
1.48,3087
1.48,3086
1.49,3085
1.49,3084
1.49,3083
1.49,3082
1.49,3081
1.50,3080
1.50,3079
1.50,3078
1.50,3077
1.50,3076
1.51,3075
1.51,3074
1.51,3073
1.51,3072
1.51,3071
1.52,3070
1.52,3069
1.52,3068
1.52,3067
1.52,3066
1.53,3065
1.53,3064
1.53,3063
1.53,3062
1.53,3061
1.54,3060
1.54,3059
1.54,3058
1.54,3057
1.54,3056
1.55,3055
1.55,3054
1.55,3053
1.55,3052
1.55,3051
1.56,3050
1.56,3049
1.56,3048
1.56,3047
1.56,3046
1.57,3045
1.57,3044
1.57,3043
1.57,3042
1.57,3041
1.57,3040
1.58,3039
1.58,3038
1.58,3037
1.58,3036
1.59,3035
1.59,3034
1.59,3033
1.59,3032
1.59,3031
1.60,3030
1.60,3029
1.60,3028
1.60,3027
1.61,3026
1.61,3025
1.61,3024
1.61,3023
1.62,3022
1.62,3021
1.62,3020
1.62,3019
1.63,3018
1.63,3017
1.63,3016
1.63,3015
1.64,3014
1.64,3013
1.64,3012
1.64,3011
1.65,3010
1.65,3009
1.65,3008
1.66,3007
1.66,3006
1.66,3005
1.66,3004
1.67,3003
1.67,3002
1.67,3001
1.67,3000
1.67,2999
1.68,2998
1.68,2997
1.68,2996
1.68,2995
1.69,2994
1.69,2993
1.69,2992
1.69,2991
1.69,2990
1.70,2989
1.70,2988
1.70,2987
1.70,2986
1.70,2985
1.71,2984
1.71,2983
1.71,2982
1.71,2981
1.72,2980
1.72,2979
1.72,2978
1.72,2977
1.72,2976
1.73,2975
1.73,2974
1.73,2973
1.74,2972
1.74,2971
1.74,2970
1.74,2969
1.74,2968
1.74,2967
1.75,2966
1.75,2965
1.75,2964
1.75,2963
1.76,2962
1.76,2961
1.76,2960
1.76,2959
1.76,2958
1.77,2957
1.77,2956
1.77,2955
1.77,2954
1.77,2953
1.77,2952
1.78,2951
1.78,2950
1.78,2949
1.78,2948
1.78,2947
1.79,2946
1.79,2945
1.79,2944
1.79,2943
1.79,2942
1.80,2941
1.80,2940
1.80,2939
1.80,2938
1.80,2937
1.81,2936
1.81,2935
1.81,2934
1.81,2933
1.81,2932
1.82,2931
1.82,2930
1.82,2929
1.82,2928
1.82,2927
1.83,2926
1.83,2925
1.83,2924
1.83,2923
1.83,2922
1.84,2921
1.84,2920
1.84,2919
1.84,2918
1.84,2917
1.85,2916
1.85,2915
1.85,2914
1.85,2913
1.85,2912
1.86,2911
1.86,2910
1.86,2909
1.86,2908
1.86,2907
1.87,2906
1.87,2905
1.87,2904
1.87,2903
1.87,2902
1.88,2901
1.88,2900
1.88,2899
1.88,2898
1.88,2897
1.89,2896
1.89,2895
1.89,2894
1.89,2893
1.89,2892
1.90,2891
1.90,2890
1.90,2889
1.90,2888
1.90,2887
1.91,2886
1.91,2885
1.91,2884
1.91,2883
1.91,2882
1.92,2881
1.92,2880
1.92,2879
1.92,2878
1.92,2877
1.93,2876
1.93,2875
1.93,2874
1.93,2873
1.93,2872
1.94,2871
1.94,2870
1.94,2869
1.94,2868
1.94,2867
1.95,2866
1.95,2865
1.95,2864
1.95,2863
1.95,2862
1.96,2861
1.96,2860
1.96,2859
1.96,2858
1.96,2857
1.97,2856
1.97,2855
1.97,2854
1.97,2853
1.98,2852
1.98,2851
1.98,2850
1.98,2849
1.99,2848
1.99,2847
1.99,2846
1.99,2845
1.99,2844
2.00,2843
2.00,2842
2.01,2841
2.02,2840
2.03,2839
2.03,2838
2.04,2837
2.04,2836
2.04,2835
2.05,2834
2.05,2833
2.05,2832
2.06,2831
2.06,2830
2.07,2829
2.07,2828
2.07,2827
2.08,2826
2.08,2825
2.08,2824
2.09,2823
2.09,2822
2.09,2821
2.10,2820
2.10,2819
2.10,2818
2.10,2817
2.10,2816
2.11,2815
2.11,2814
2.11,2813
2.12,2812
2.12,2811
2.12,2810
2.12,2809
2.13,2808
2.13,2807
2.13,2806
2.14,2805
2.14,2804
2.14,2803
2.15,2802
2.15,2801
2.15,2800
2.15,2799
2.16,2798
2.16,2797
2.16,2796
2.16,2795
2.16,2794
2.17,2793
2.17,2792
2.17,2791
2.17,2790
2.17,2789
2.18,2788
2.18,2787
2.18,2786
2.18,2785
2.18,2784
2.19,2783
2.19,2782
2.19,2781
2.19,2780
2.20,2779
2.20,2778
2.20,2777
2.20,2776
2.21,2775
2.21,2774
2.21,2773
2.21,2772
2.21,2771
2.21,2770
2.22,2769
2.22,2768
2.22,2767
2.22,2766
2.23,2765
2.23,2764
2.23,2763
2.23,2762
2.24,2761
2.24,2760
2.24,2759
2.24,2758
2.24,2757
2.25,2756
2.25,2755
2.25,2754
2.25,2753
2.26,2752
2.26,2751
2.26,2750
2.26,2749
2.26,2748
2.27,2747
2.27,2746
2.27,2745
2.27,2744
2.28,2743
2.28,2742
2.28,2741
2.28,2740
2.29,2739
2.29,2738
2.29,2737
2.29,2736
2.29,2735
2.30,2734
2.30,2733
2.30,2732
2.31,2731
2.31,2730
2.31,2729
2.31,2728
2.32,2727
2.32,2726
2.32,2725
2.32,2724
2.32,2723
2.33,2722
2.33,2721
2.33,2720
2.33,2719
2.34,2718
2.34,2717
2.34,2716
2.34,2715
2.34,2714
2.35,2713
2.35,2712
2.35,2711
2.35,2710
2.36,2709
2.36,2708
2.36,2707
2.36,2706
2.37,2705
2.37,2704
2.37,2703
2.37,2702
2.37,2701
2.38,2700
2.38,2699
2.38,2698
2.38,2697
2.39,2696
2.39,2695
2.39,2694
2.39,2693
2.40,2692
2.40,2691
2.40,2690
2.40,2689
2.41,2688
2.41,2687
2.41,2686
2.41,2685
2.42,2684
2.42,2683
2.42,2682
2.42,2681
2.42,2680
2.43,2679
2.43,2678
2.43,2677
2.43,2676
2.44,2675
2.44,2674
2.44,2673
2.44,2672
2.45,2671
2.45,2670
2.45,2669
2.45,2668
2.45,2667
2.46,2666
2.46,2665
2.46,2664
2.46,2663
2.47,2662
2.47,2661
2.47,2660
2.47,2659
2.47,2658
2.48,2657
2.48,2656
2.48,2655
2.48,2654
2.49,2653
2.49,2652
2.49,2651
2.49,2650
2.50,2649
2.50,2648
2.50,2647
2.50,2646
2.51,2645
2.51,2644
2.51,2643
2.51,2642
2.52,2641
2.52,2640
2.52,2639
2.52,2638
2.52,2637
2.53,2636
2.53,2635
2.53,2634
2.53,2633
2.54,2632
2.54,2631
2.54,2630
2.54,2629
2.55,2628
2.55,2627
2.55,2626
2.55,2625
2.56,2624
2.56,2623
2.56,2622
2.56,2621
2.56,2620
2.57,2619
2.57,2618
2.57,2617
2.57,2616
2.58,2615
2.58,2614
2.58,2613
2.58,2612
2.58,2611
2.59,2610
2.59,2609
2.59,2608
2.59,2607
2.60,2606
2.60,2605
2.60,2604
2.60,2603
2.61,2602
2.61,2601
2.61,2600
2.62,2599
2.62,2598
2.62,2597
2.62,2596
2.62,2595
2.63,2594
2.63,2593
2.63,2592
2.63,2591
2.63,2590
2.63,2589
2.64,2588
2.64,2587
2.64,2586
2.64,2585
2.64,2584
2.65,2583
2.65,2582
2.65,2581
2.65,2580
2.65,2579
2.66,2578
2.66,2577
2.66,2576
2.66,2575
2.66,2574
2.67,2573
2.67,2572
2.67,2571
2.67,2570
2.67,2569
2.68,2568
2.68,2567
2.68,2566
2.68,2565
2.68,2564
2.69,2563
2.69,2562
2.69,2561
2.69,2560
2.69,2559
2.69,2558
2.70,2557
2.70,2556
2.70,2555
2.70,2554
2.70,2553
2.71,2552
2.71,2551
2.71,2550
2.71,2549
2.71,2548
2.71,2547
2.72,2546
2.72,2545
2.72,2544
2.72,2543
2.72,2542
2.73,2541
2.73,2540
2.73,2539
2.73,2538
2.73,2537
2.74,2536
2.74,2535
2.74,2534
2.74,2533
2.74,2532
2.74,2531
2.75,2530
2.75,2529
2.75,2528
2.75,2527
2.75,2526
2.76,2525
2.76,2524
2.76,2523
2.76,2522
2.76,2521
2.77,2520
2.77,2519
2.77,2518
2.77,2517
2.77,2516
2.78,2515
2.78,2514
2.78,2513
2.78,2512
2.78,2511
2.79,2510
2.79,2509
2.79,2508
2.79,2507
2.79,2506
2.80,2505
2.80,2504
2.80,2503
2.80,2502
2.80,2501
2.80,2500
2.81,2499
2.81,2498
2.81,2497
2.81,2496
2.81,2495
2.82,2494
2.82,2493
2.82,2492
2.82,2491
2.82,2490
2.82,2489
2.83,2488
2.83,2487
2.83,2486
2.83,2485
2.84,2484
2.84,2483
2.84,2482
2.84,2481
2.84,2480
2.84,2479
2.85,2478
2.85,2477
2.85,2476
2.85,2475
2.85,2474
2.86,2473
2.86,2472
2.86,2471
2.86,2470
2.86,2469
2.87,2468
2.87,2467
2.87,2466
2.87,2465
2.88,2464
2.88,2463
2.88,2462
2.88,2461
2.88,2460
2.88,2459
2.89,2458
2.89,2457
2.89,2456
2.89,2455
2.89,2454
2.90,2453
2.90,2452
2.90,2451
2.90,2450
2.90,2449
2.90,2448
2.91,2447
2.91,2446
2.91,2445
2.91,2444
2.91,2443
2.92,2442
2.92,2441
2.92,2440
2.92,2439
2.93,2438
2.93,2437
2.93,2436
2.93,2435
2.93,2434
2.93,2433
2.94,2432
2.94,2431
2.94,2430
2.94,2429
2.94,2428
2.95,2427
2.95,2426
2.95,2425
2.95,2424
2.95,2423
2.96,2422
2.96,2421
2.96,2420
2.96,2419
2.96,2418
2.96,2417
2.97,2416
2.97,2415
2.97,2414
2.97,2413
2.97,2412
2.98,2411
2.98,2410
2.98,2409
2.98,2408
2.98,2407
2.99,2406
2.99,2405
2.99,2404
2.99,2403
2.99,2402
2.99,2401
3.00,2400
3.00,2399
3.00,2398
3.00,2397
3.00,2396
3.01,2395
3.01,2394
3.01,2393
3.01,2392
3.01,2391
3.01,2390
3.02,2389
3.02,2388
3.02,2387
3.02,2386
3.02,2385
3.03,2384
3.03,2383
3.03,2382
3.03,2381
3.04,2380
3.04,2379
3.04,2378
3.04,2377
3.04,2376
3.05,2375
3.05,2374
3.05,2373
