0.10,3670
0.17,3669
0.18,3668
0.18,3667
0.19,3666
0.20,3665
0.21,3664
0.22,3663
0.22,3662
0.23,3661
0.23,3660
0.24,3659
0.24,3658
0.25,3657
0.25,3656
0.26,3655
0.27,3654
0.27,3653
0.28,3652
0.28,3651
0.29,3650
0.29,3649
0.30,3648
0.30,3647
0.31,3646
0.32,3645
0.32,3644
0.33,3643
0.33,3642
0.34,3641
0.34,3640
0.35,3639
0.35,3638
0.36,3637
0.36,3636
0.37,3635
0.37,3634
0.38,3633
0.38,3632
0.39,3631
0.39,3630
0.40,3629
0.40,3628
0.40,3627
0.41,3626
0.41,3625
0.42,3624
0.42,3623
0.42,3622
0.43,3621
0.43,3620
0.43,3619
0.43,3618
0.43,3617
0.44,3616
0.44,3615
0.44,3614
0.44,3613
0.45,3612
0.45,3611
0.45,3610
0.45,3609
0.45,3608
0.46,3607
0.46,3606
0.46,3605
0.46,3604
0.46,3603
0.47,3602
0.47,3601
0.47,3600
0.47,3599
0.47,3598
0.48,3597
0.48,3596
0.48,3595
0.48,3594
0.48,3593
0.49,3592
0.49,3591
0.49,3590
0.49,3589
0.50,3588
0.50,3587
0.50,3586
0.50,3585
0.51,3584
0.51,3583
0.51,3582
0.51,3581
0.52,3580
0.52,3579
0.52,3578
0.52,3577
0.52,3576
0.53,3575
0.53,3574
0.53,3573
0.53,3572
0.54,3571
0.54,3570
0.54,3569
0.54,3568
0.55,3567
0.55,3566
0.55,3565
0.55,3564
0.55,3563
0.56,3562
0.56,3561
0.56,3560
0.56,3559
0.57,3558
0.57,3557
0.57,3556
0.57,3555
0.57,3554
0.58,3553
0.58,3552
0.58,3551
0.58,3550
0.58,3549
0.59,3548
0.59,3547
0.59,3546
0.59,3545
0.60,3544
0.60,3543
0.60,3542
0.61,3541
0.61,3540
0.61,3539
0.61,3538
0.61,3537
0.62,3536
0.62,3535
0.62,3534
0.62,3533
0.62,3532
0.63,3531
0.63,3530
0.63,3529
0.63,3528
0.63,3527
0.64,3526
0.64,3525
0.64,3524
0.64,3523
0.64,3522
0.65,3521
0.65,3520
0.65,3519
0.65,3518
0.65,3517
0.66,3516
0.66,3515
0.66,3514
0.66,3513
0.66,3512
0.67,3511
0.67,3510
0.67,3509
0.67,3508
0.68,3507
0.68,3506
0.68,3505
0.68,3504
0.68,3503
0.69,3502
0.69,3501
0.69,3500
0.69,3499
0.69,3498
0.70,3497
0.70,3496
0.70,3495
0.70,3494
0.70,3493
0.71,3492
0.71,3491
0.71,3490
0.71,3489
0.71,3488
0.72,3487
0.72,3486
0.72,3485
0.72,3484
0.72,3483
0.73,3482
0.73,3481
0.73,3480
0.73,3479
0.73,3478
0.74,3477
0.74,3476
0.74,3475
0.74,3474
0.74,3473
0.75,3472
0.75,3471
0.75,3470
0.75,3469
0.76,3468
0.76,3467
0.76,3466
0.76,3465
0.76,3464
0.77,3463
0.77,3462
0.77,3461
0.77,3460
0.77,3459
0.78,3458
0.78,3457
0.78,3456
0.79,3455
0.79,3454
0.79,3453
0.79,3452
0.79,3451
0.80,3450
0.80,3449
0.80,3448
0.80,3447
0.80,3446
0.81,3445
0.81,3444
0.81,3443
0.81,3442
0.81,3441
0.82,3440
0.82,3439
0.82,3438
0.82,3437
0.82,3436
0.83,3435
0.83,3434
0.83,3433
0.83,3432
0.84,3431
0.84,3430
0.84,3429
0.84,3428
0.84,3427
0.85,3426
0.85,3425
0.85,3424
0.85,3423
0.85,3422
0.86,3421
0.86,3420
0.86,3419
0.86,3418
0.86,3417
0.87,3416
0.87,3415
0.87,3414
0.87,3413
0.88,3412
0.88,3411
0.88,3410
0.88,3409
0.88,3408
0.89,3407
0.89,3406
0.89,3405
0.89,3404
0.89,3403
0.90,3402
0.90,3401
0.90,3400
0.90,3399
0.90,3398
0.91,3397
0.91,3396
0.91,3395
0.91,3394
0.91,3393
0.92,3392
0.92,3391
0.92,3390
0.92,3389
0.92,3388
0.93,3387
0.93,3386
0.93,3385
0.93,3384
0.93,3383
0.94,3382
0.94,3381
0.94,3380
0.94,3379
0.94,3378
0.95,3377
0.95,3376
0.95,3375
0.95,3374
0.96,3373
0.96,3372
0.96,3371
0.96,3370
0.97,3369
0.97,3368
0.97,3367
0.97,3366
0.97,3365
0.98,3364
0.98,3363
0.98,3362
0.98,3361
0.99,3360
0.99,3359
0.99,3358
0.99,3357
1.00,3356
1.00,3355
1.00,3354
1.00,3353
1.00,3352
1.01,3351
1.01,3350
1.01,3349
1.01,3348
1.01,3347
1.02,3346
1.02,3345
1.02,3344
1.02,3343
1.02,3342
1.03,3341
1.03,3340
1.03,3339
1.03,3338
1.03,3337
1.04,3336
1.04,3335
1.04,3334
1.04,3333
1.04,3332
1.05,3331
1.05,3330
1.05,3329
1.05,3328
1.05,3327
1.06,3326
1.06,3325
1.06,3324
1.06,3323
1.06,3322
1.07,3321
1.07,3320
1.07,3319
1.07,3318
1.07,3317
1.08,3316
1.08,3315
1.08,3314
1.08,3313
1.08,3312
1.09,3311
1.09,3310
1.09,3309
1.09,3308
1.09,3307
1.10,3306
1.10,3305
1.10,3304
1.10,3303
1.11,3302
1.11,3301
1.11,3300
1.11,3299
1.12,3298
1.12,3297
1.12,3296
1.12,3295
1.12,3294
1.13,3293
1.13,3292
1.13,3291
1.13,3290
1.13,3289
1.13,3288
1.14,3287
1.14,3286
1.14,3285
1.14,3284
1.15,3283
1.15,3282
1.15,3281
1.15,3280
1.16,3279
1.16,3278
1.16,3277
1.16,3276
1.17,3275
1.17,3274
1.17,3273
1.17,3272
1.17,3271
1.18,3270
1.18,3269
1.18,3268
1.18,3267
1.19,3266
1.19,3265
1.19,3264
1.19,3263
1.20,3262
1.20,3261
1.20,3260
1.20,3259
1.20,3258
1.21,3257
1.21,3256
1.21,3255
1.21,3254
1.22,3253
1.22,3252
1.22,3251
1.22,3250
1.23,3249
1.23,3248
1.23,3247
1.23,3246
1.24,3245
1.24,3244
1.24,3243
1.24,3242
1.25,3241
1.25,3240
1.25,3239
1.25,3238
1.26,3237
1.26,3236
1.26,3235
1.26,3234
1.26,3233
1.27,3232
1.27,3231
1.27,3230
1.27,3229
1.28,3228
1.28,3227
1.28,3226
1.28,3225
1.29,3224
1.29,3223
1.29,3222
1.29,3221
1.30,3220
1.30,3219
1.30,3218
1.30,3217
1.31,3216
1.31,3215
1.31,3214
1.31,3213
1.32,3212
1.32,3211
1.32,3210
1.32,3209
1.33,3208
1.33,3207
1.33,3206
1.33,3205
1.34,3204
1.34,3203
1.34,3202
1.35,3201
1.35,3200
1.35,3199
1.35,3198
1.35,3197
1.36,3196
1.36,3195
1.36,3194
1.36,3193
1.36,3192
1.37,3191
1.37,3190
1.37,3189
1.37,3188
1.37,3187
1.38,3186
1.38,3185
1.38,3184
1.38,3183
1.38,3182
1.39,3181
1.39,3180
1.39,3179
1.39,3178
1.39,3177
1.40,3176
1.40,3175
1.40,3174
1.40,3173
1.40,3172
1.41,3171
1.41,3170
1.41,3169
1.41,3168
1.41,3167
1.42,3166
1.42,3165
1.42,3164
1.42,3163
1.42,3162
1.43,3161
1.43,3160
1.43,3159
1.43,3158
1.43,3157
1.44,3156
1.44,3155
1.44,3154
1.44,3153
1.44,3152
1.45,3151
1.45,3150
1.45,3149
1.45,3148
1.45,3147
1.45,3146
1.46,3145
1.46,3144
1.46,3143
1.46,3142
1.46,3141
1.47,3140
1.47,3139
1.47,3138
1.47,3137
1.47,3136
1.48,3135
1.48,3134
1.48,3133
1.48,3132
1.48,3131
1.49,3130
1.49,3129
1.49,3128
1.49,3127
1.49,3126
1.50,3125
1.50,3124
1.50,3123
1.50,3122
1.50,3121
1.51,3120
1.51,3119
1.51,3118
1.51,3117
1.51,3116
1.52,3115
1.52,3114
1.52,3113
1.52,3112
1.52,3111
1.53,3110
1.53,3109
1.53,3108
1.53,3107
1.53,3106
1.54,3105
1.54,3104
1.54,3103
1.54,3102
1.54,3101
1.55,3100
1.55,3099
1.55,3098
1.55,3097
1.55,3096
1.56,3095
1.56,3094
1.56,3093
1.56,3092
1.57,3091
1.57,3090
1.57,3089
1.57,3088
1.57,3087
1.58,3086
1.58,3085
1.58,3084
1.58,3083
1.58,3082
1.59,3081
1.59,3080
1.59,3079
1.59,3078
1.59,3077
1.60,3076
1.60,3075
1.60,3074
1.60,3073
1.60,3072
1.61,3071
1.61,3070
1.61,3069
1.61,3068
1.61,3067
1.62,3066
1.62,3065
1.62,3064
1.62,3063
1.62,3062
1.63,3061
1.63,3060
1.63,3059
1.63,3058
1.63,3057
1.64,3056
1.64,3055
1.64,3054
1.64,3053
1.64,3052
1.65,3051
1.65,3050
1.65,3049
1.65,3048
1.65,3047
1.66,3046
1.66,3045
1.66,3044
1.66,3043
1.67,3042
1.67,3041
1.67,3040
1.67,3039
1.67,3038
1.68,3037
1.68,3036
1.68,3035
1.68,3034
1.68,3033
1.69,3032
1.69,3031
1.69,3030
1.69,3029
1.69,3028
1.70,3027
1.70,3026
1.70,3025
1.70,3024
1.71,3023
1.71,3022
1.71,3021
1.71,3020
1.71,3019
1.72,3018
1.72,3017
1.72,3016
1.72,3015
1.72,3014
1.73,3013
1.73,3012
1.73,3011
1.73,3010
1.73,3009
1.74,3008
1.74,3007
1.74,3006
1.74,3005
1.74,3004
1.75,3003
1.75,3002
1.75,3001
1.75,3000
1.75,2999
1.75,2998
1.76,2997
1.76,2996
1.76,2995
1.76,2994
1.76,2993
1.77,2992
1.77,2991
1.77,2990
1.77,2989
1.77,2988
1.78,2987
1.78,2986
1.78,2985
1.78,2984
1.78,2983
1.79,2982
1.79,2981
1.79,2980
1.79,2979
1.79,2978
1.80,2977
1.80,2976
1.80,2975
1.80,2974
1.80,2973
1.81,2972
1.81,2971
1.81,2970
1.81,2969
1.81,2968
1.81,2967
1.82,2966
1.82,2965
1.82,2964
1.82,2963
1.82,2962
1.83,2961
1.83,2960
1.83,2959
1.83,2958
1.83,2957
1.84,2956
1.84,2955
1.84,2954
1.84,2953
1.84,2952
1.85,2951
1.85,2950
1.85,2949
1.85,2948
1.85,2947
1.86,2946
1.86,2945
1.86,2944
1.86,2943
1.86,2942
1.87,2941
1.87,2940
1.87,2939
1.87,2938
1.87,2937
1.87,2936
1.88,2935
1.88,2934
1.88,2933
1.88,2932
1.88,2931
1.89,2930
1.89,2929
1.89,2928
1.89,2927
1.89,2926
1.90,2925
1.90,2924
1.90,2923
1.90,2922
1.90,2921
1.91,2920
1.91,2919
1.91,2918
1.91,2917
1.91,2916
1.92,2915
1.92,2914
1.92,2913
1.92,2912
1.92,2911
1.92,2910
1.93,2909
1.93,2908
1.93,2907
1.93,2906
1.93,2905
1.94,2904
1.94,2903
1.94,2902
1.94,2901
1.94,2900
1.95,2899
1.95,2898
1.95,2897
1.95,2896
1.95,2895
1.96,2894
1.96,2893
1.96,2892
1.96,2891
1.96,2890
1.97,2889
1.97,2888
1.97,2887
1.97,2886
1.97,2885
1.97,2884
1.98,2883
1.98,2882
1.98,2881
1.98,2880
1.98,2879
1.99,2878
1.99,2877
1.99,2876
1.99,2875
1.99,2874
2.00,2873
2.00,2872
2.00,2871
2.00,2870
2.00,2869
2.01,2868
2.01,2867
2.01,2866
2.01,2865
2.02,2864
2.02,2863
2.02,2862
2.02,2861
2.02,2860
2.03,2859
2.03,2858
2.03,2857
2.03,2856
2.03,2855
2.03,2854
2.04,2853
2.04,2852
2.04,2851
2.04,2850
2.04,2849
2.05,2848
2.05,2847
2.05,2846
2.05,2845
2.05,2844
2.06,2843
2.06,2842
2.06,2841
2.06,2840
2.06,2839
2.07,2838
2.07,2837
2.07,2836
2.07,2835
2.07,2834
2.08,2833
2.08,2832
2.08,2831
2.08,2830
2.09,2829
2.09,2828
2.09,2827
2.09,2826
2.09,2825
2.10,2824
2.10,2823
2.10,2822
2.10,2821
2.10,2820
2.11,2819
2.11,2818
2.11,2817
2.11,2816
2.12,2815
2.12,2814
2.12,2813
2.12,2812
2.12,2811
2.13,2810
2.13,2809
2.13,2808
2.13,2807
2.14,2806
2.14,2805
2.14,2804
2.14,2803
2.14,2802
2.15,2801
2.15,2800
2.15,2799
2.15,2798
2.16,2797
2.16,2796
2.16,2795
2.16,2794
2.16,2793
2.17,2792
2.17,2791
2.17,2790
2.17,2789
2.18,2788
2.18,2787
2.18,2786
2.18,2785
2.18,2784
2.19,2783
2.19,2782
2.19,2781
2.19,2780
2.20,2779
2.20,2778
2.20,2777
2.20,2776
2.21,2775
2.21,2774
2.21,2773
2.21,2772
2.21,2771
2.22,2770
2.22,2769
2.22,2768
2.22,2767
2.23,2766
2.23,2765
2.23,2764
2.23,2763
2.23,2762
2.24,2761
2.24,2760
2.24,2759
2.24,2758
2.25,2757
2.25,2756
2.25,2755
2.25,2754
2.26,2753
2.26,2752
2.26,2751
2.26,2750
2.26,2749
2.27,2748
2.27,2747
2.27,2746
2.27,2745
2.28,2744
2.28,2743
2.28,2742
2.28,2741
2.28,2740
2.29,2739
2.29,2738
2.29,2737
2.29,2736
2.30,2735
2.30,2734
2.30,2733
2.30,2732
2.30,2731
2.31,2730
2.31,2729
2.31,2728
2.31,2727
2.32,2726
2.32,2725
2.32,2724
2.32,2723
2.32,2722
2.33,2721
2.33,2720
2.33,2719
2.33,2718
2.34,2717
2.34,2716
2.34,2715
2.34,2714
2.35,2713
2.35,2712
2.35,2711
2.35,2710
2.35,2709
2.36,2708
2.36,2707
2.36,2706
2.36,2705
2.37,2704
2.37,2703
2.37,2702
2.37,2701
2.37,2700
2.38,2699
2.38,2698
2.38,2697
2.38,2696
2.39,2695
2.39,2694
2.39,2693
2.39,2692
2.39,2691
2.40,2690
2.40,2689
2.40,2688
2.40,2687
2.41,2686
2.41,2685
2.41,2684
2.41,2683
2.41,2682
2.42,2681
2.42,2680
2.42,2679
2.42,2678
2.43,2677
2.43,2676
2.43,2675
2.43,2674
2.44,2673
2.44,2672
2.44,2671
2.44,2670
2.44,2669
2.45,2668
2.45,2667
2.45,2666
2.45,2665
2.46,2664
2.46,2663
2.46,2662
2.46,2661
2.46,2660
2.47,2659
2.47,2658
2.47,2657
2.48,2656
2.48,2655
2.48,2654
2.48,2653
2.48,2652
2.49,2651
2.49,2650
2.49,2649
2.49,2648
2.49,2647
2.50,2646
2.50,2645
2.50,2644
2.50,2643
2.50,2642
2.51,2641
2.51,2640
2.51,2639
2.51,2638
2.51,2637
2.51,2636
2.52,2635
2.52,2634
2.52,2633
2.52,2632
2.52,2631
2.53,2630
2.53,2629
2.53,2628
2.53,2627
2.53,2626
2.54,2625
2.54,2624
2.54,2623
2.54,2622
2.54,2621
2.55,2620
2.55,2619
2.55,2618
2.55,2617
2.55,2616
2.55,2615
2.56,2614
2.56,2613
2.56,2612
2.56,2611
2.56,2610
2.57,2609
2.57,2608
2.57,2607
2.57,2606
2.57,2605
2.58,2604
2.58,2603
2.58,2602
2.58,2601
2.58,2600
2.58,2599
2.59,2598
2.59,2597
2.59,2596
2.59,2595
2.59,2594
2.60,2593
2.60,2592
2.60,2591
2.60,2590
2.60,2589
2.61,2588
2.61,2587
2.61,2586
2.61,2585
2.61,2584
2.61,2583
2.62,2582
2.62,2581
2.62,2580
2.62,2579
2.62,2578
2.63,2577
2.63,2576
2.63,2575
2.63,2574
2.63,2573
2.64,2572
2.64,2571
2.64,2570
2.64,2569
2.64,2568
2.64,2567
2.65,2566
2.65,2565
2.65,2564
2.65,2563
2.65,2562
2.66,2561
2.66,2560
2.66,2559
2.66,2558
2.66,2557
2.67,2556
2.67,2555
2.67,2554
2.67,2553
2.67,2552
2.68,2551
2.68,2550
2.68,2549
2.68,2548
2.68,2547
2.68,2546
2.69,2545
2.69,2544
2.69,2543
2.69,2542
2.69,2541
2.70,2540
2.70,2539
2.70,2538
2.70,2537
2.70,2536
2.71,2535
2.71,2534
2.71,2533
2.71,2532
2.71,2531
2.72,2530
2.72,2529
2.72,2528
2.72,2527
2.72,2526
2.72,2525
2.73,2524
2.73,2523
2.73,2522
2.73,2521
2.73,2520
2.74,2519
2.74,2518
2.74,2517
2.74,2516
2.74,2515
2.75,2514
2.75,2513
2.75,2512
2.75,2511
2.75,2510
2.75,2509
2.76,2508
2.76,2507
2.76,2506
2.76,2505
2.76,2504
2.77,2503
2.77,2502
2.77,2501
2.77,2500
2.77,2499
2.78,2498
2.78,2497
2.78,2496
2.78,2495
2.78,2494
2.79,2493
2.79,2492
2.79,2491
2.79,2490
2.79,2489
2.79,2488
2.80,2487
2.80,2486
2.80,2485
2.80,2484
2.80,2483
2.81,2482
2.81,2481
2.81,2480
2.81,2479
2.81,2478
2.82,2477
2.82,2476
2.82,2475
2.82,2474
2.82,2473
2.82,2472
2.83,2471
2.83,2470
2.83,2469
2.83,2468
2.83,2467
2.84,2466
2.84,2465
2.84,2464
2.84,2463
2.84,2462
2.85,2461
2.85,2460
2.85,2459
2.85,2458
2.85,2457
2.86,2456
2.86,2455
2.86,2454
2.86,2453
2.86,2452
2.87,2451
2.87,2450
2.87,2449
2.87,2448
2.87,2447
2.87,2446
2.88,2445
2.88,2444
2.88,2443
2.88,2442
2.88,2441
2.89,2440
2.89,2439
2.89,2438
2.89,2437
2.89,2436
2.89,2435
2.90,2434
2.90,2433
2.90,2432
2.90,2431
2.90,2430
2.91,2429
2.91,2428
2.91,2427
2.91,2426
2.91,2425
2.92,2424
2.92,2423
2.92,2422
2.92,2421
2.92,2420
2.92,2419
2.93,2418
2.93,2417
2.93,2416
2.93,2415
2.93,2414
2.94,2413
2.94,2412
2.94,2411
2.94,2410
2.94,2409
2.95,2408
2.95,2407
2.95,2406
2.95,2405
2.95,2404
2.95,2403
2.96,2402
2.96,2401
2.96,2400
2.96,2399
2.96,2398
2.97,2397
2.97,2396
2.97,2395
2.97,2394
2.97,2393
2.97,2392
2.98,2391
2.98,2390
2.98,2389
2.98,2388
2.98,2387
2.99,2386
2.99,2385
2.99,2384
2.99,2383
2.99,2382
2.99,2381
3.00,2380
3.02,2379
