0.10,3588
0.16,3587
0.18,3586
0.18,3585
0.19,3584
0.20,3583
0.21,3582
0.21,3581
0.22,3580
0.23,3579
0.23,3578
0.24,3577
0.24,3576
0.25,3575
0.25,3574
0.26,3573
0.27,3572
0.27,3571
0.28,3570
0.29,3569
0.29,3568
0.30,3567
0.30,3566
0.31,3565
0.31,3564
0.32,3563
0.32,3562
0.33,3561
0.33,3560
0.34,3559
0.35,3558
0.36,3557
0.36,3556
0.37,3555
0.37,3554
0.38,3553
0.38,3552
0.39,3551
0.39,3550
0.40,3549
0.41,3548
0.41,3547
0.42,3546
0.42,3545
0.43,3544
0.44,3543
0.44,3542
0.44,3541
0.44,3540
0.44,3539
0.45,3538
0.45,3537
0.45,3536
0.45,3535
0.46,3534
0.46,3533
0.46,3532
0.46,3531
0.47,3530
0.47,3529
0.47,3528
0.47,3527
0.47,3526
0.48,3525
0.48,3524
0.48,3523
0.48,3522
0.49,3521
0.49,3520
0.49,3519
0.49,3518
0.50,3517
0.50,3516
0.50,3515
0.50,3514
0.51,3513
0.51,3512
0.51,3511
0.51,3510
0.51,3509
0.52,3508
0.52,3507
0.52,3506
0.52,3505
0.53,3504
0.53,3503
0.53,3502
0.53,3501
0.54,3500
0.54,3499
0.54,3498
0.54,3497
0.54,3496
0.55,3495
0.55,3494
0.55,3493
0.55,3492
0.56,3491
0.56,3490
0.56,3489
0.56,3488
0.56,3487
0.57,3486
0.57,3485
0.57,3484
0.57,3483
0.58,3482
0.58,3481
0.58,3480
0.58,3479
0.59,3478
0.59,3477
0.59,3476
0.59,3475
0.60,3474
0.60,3473
0.60,3472
0.60,3471
0.60,3470
0.61,3469
0.61,3468
0.61,3467
0.61,3466
0.62,3465
0.62,3464
0.62,3463
0.63,3462
0.63,3461
0.63,3460
0.64,3459
0.64,3458
0.64,3457
0.64,3456
0.65,3455
0.65,3454
0.65,3453
0.65,3452
0.65,3451
0.66,3450
0.66,3449
0.66,3448
0.66,3447
0.67,3446
0.67,3445
0.67,3444
0.67,3443
0.67,3442
0.68,3441
0.68,3440
0.68,3439
0.68,3438
0.68,3437
0.69,3436
0.69,3435
0.69,3434
0.69,3433
0.70,3432
0.70,3431
0.70,3430
0.70,3429
0.71,3428
0.71,3427
0.71,3426
0.71,3425
0.71,3424
0.72,3423
0.72,3422
0.72,3421
0.72,3420
0.73,3419
0.73,3418
0.73,3417
0.73,3416
0.74,3415
0.74,3414
0.74,3413
0.74,3412
0.74,3411
0.75,3410
0.75,3409
0.75,3408
0.75,3407
0.76,3406
0.76,3405
0.76,3404
0.76,3403
0.76,3402
0.77,3401
0.77,3400
0.77,3399
0.77,3398
0.78,3397
0.78,3396
0.78,3395
0.78,3394
0.78,3393
0.79,3392
0.79,3391
0.79,3390
0.79,3389
0.80,3388
0.80,3387
0.80,3386
0.80,3385
0.80,3384
0.81,3383
0.81,3382
0.81,3381
0.81,3380
0.82,3379
0.82,3378
0.82,3377
0.83,3376
0.83,3375
0.83,3374
0.83,3373
0.83,3372
0.84,3371
0.84,3370
0.84,3369
0.84,3368
0.85,3367
0.85,3366
0.85,3365
0.85,3364
0.85,3363
0.86,3362
0.86,3361
0.86,3360
0.86,3359
0.86,3358
0.87,3357
0.87,3356
0.87,3355
0.87,3354
0.88,3353
0.88,3352
0.88,3351
0.88,3350
0.88,3349
0.89,3348
0.89,3347
0.89,3346
0.89,3345
0.89,3344
0.90,3343
0.90,3342
0.90,3341
0.90,3340
0.91,3339
0.91,3338
0.91,3337
0.91,3336
0.91,3335
0.92,3334
0.92,3333
0.92,3332
0.92,3331
0.93,3330
0.93,3329
0.93,3328
0.93,3327
0.93,3326
0.94,3325
0.94,3324
0.94,3323
0.94,3322
0.95,3321
0.95,3320
0.95,3319
0.95,3318
0.95,3317
0.96,3316
0.96,3315
0.96,3314
0.96,3313
0.97,3312
0.97,3311
0.97,3310
0.97,3309
0.97,3308
0.98,3307
0.98,3306
0.98,3305
0.98,3304
0.99,3303
0.99,3302
0.99,3301
0.99,3300
0.99,3299
1.00,3298
1.00,3297
1.00,3296
1.00,3295
1.01,3294
1.01,3293
1.01,3292
1.01,3291
1.02,3290
1.02,3289
1.02,3288
1.02,3287
1.03,3286
1.03,3285
1.03,3284
1.03,3283
1.03,3282
1.04,3281
1.04,3280
1.04,3279
1.04,3278
1.04,3277
1.05,3276
1.05,3275
1.05,3274
1.05,3273
1.06,3272
1.06,3271
1.06,3270
1.06,3269
1.06,3268
1.07,3267
1.07,3266
1.07,3265
1.07,3264
1.07,3263
1.08,3262
1.08,3261
1.08,3260
1.08,3259
1.08,3258
1.09,3257
1.09,3256
1.09,3255
1.09,3254
1.09,3253
1.10,3252
1.10,3251
1.10,3250
1.10,3249
1.11,3248
1.11,3247
1.11,3246
1.11,3245
1.11,3244
1.12,3243
1.12,3242
1.12,3241
1.12,3240
1.13,3239
1.13,3238
1.13,3237
1.13,3236
1.13,3235
1.14,3234
1.14,3233
1.14,3232
1.14,3231
1.14,3230
1.15,3229
1.15,3228
1.15,3227
1.15,3226
1.16,3225
1.16,3224
1.16,3223
1.16,3222
1.16,3221
1.17,3220
1.17,3219
1.17,3218
1.17,3217
1.18,3216
1.18,3215
1.18,3214
1.18,3213
1.18,3212
1.19,3211
1.19,3210
1.19,3209
1.19,3208
1.20,3207
1.20,3206
1.20,3205
1.20,3204
1.21,3203
1.21,3202
1.21,3201
1.21,3200
1.21,3199
1.22,3198
1.22,3197
1.22,3196
1.22,3195
1.22,3194
1.23,3193
1.23,3192
1.23,3191
1.23,3190
1.23,3189
1.24,3188
1.24,3187
1.24,3186
1.24,3185
1.24,3184
1.25,3183
1.25,3182
1.25,3181
1.25,3180
1.26,3179
1.26,3178
1.26,3177
1.26,3176
1.26,3175
1.27,3174
1.27,3173
1.27,3172
1.27,3171
1.27,3170
1.28,3169
1.28,3168
1.28,3167
1.28,3166
1.28,3165
1.29,3164
1.29,3163
1.29,3162
1.29,3161
1.29,3160
1.30,3159
1.30,3158
1.30,3157
1.30,3156
1.30,3155
1.31,3154
1.31,3153
1.31,3152
1.31,3151
1.32,3150
1.32,3149
1.32,3148
1.32,3147
1.32,3146
1.33,3145
1.33,3144
1.33,3143
1.33,3142
1.33,3141
1.34,3140
1.34,3139
1.34,3138
1.34,3137
1.34,3136
1.35,3135
1.35,3134
1.35,3133
1.35,3132
1.35,3131
1.36,3130
1.36,3129
1.36,3128
1.36,3127
1.36,3126
1.37,3125
1.37,3124
1.37,3123
1.37,3122
1.38,3121
1.38,3120
1.38,3119
1.38,3118
1.39,3117
1.39,3116
1.39,3115
1.39,3114
1.39,3113
1.40,3112
1.40,3111
1.40,3110
1.40,3109
1.40,3108
1.41,3107
1.41,3106
1.41,3105
1.41,3104
1.41,3103
1.42,3102
1.42,3101
1.42,3100
1.42,3099
1.43,3098
1.43,3097
1.43,3096
1.43,3095
1.43,3094
1.44,3093
1.44,3092
1.44,3091
1.44,3090
1.44,3089
1.45,3088
1.45,3087
1.45,3086
1.45,3085
1.46,3084
1.46,3083
1.46,3082
1.46,3081
1.46,3080
1.47,3079
1.47,3078
1.47,3077
1.47,3076
1.47,3075
1.48,3074
1.48,3073
1.48,3072
1.48,3071
1.48,3070
1.49,3069
1.49,3068
1.49,3067
1.49,3066
1.49,3065
1.50,3064
1.50,3063
1.50,3062
1.50,3061
1.50,3060
1.51,3059
1.51,3058
1.51,3057
1.51,3056
1.52,3055
1.52,3054
1.52,3053
1.52,3052
1.52,3051
1.53,3050
1.53,3049
1.53,3048
1.53,3047
1.53,3046
1.54,3045
1.54,3044
1.54,3043
1.54,3042
1.54,3041
1.55,3040
1.55,3039
1.55,3038
1.55,3037
1.56,3036
1.56,3035
1.56,3034
1.56,3033
1.56,3032
1.57,3031
1.57,3030
1.57,3029
1.57,3028
1.58,3027
1.58,3026
1.58,3025
1.58,3024
1.59,3023
1.59,3022
1.59,3021
1.59,3020
1.59,3019
1.60,3018
1.60,3017
1.60,3016
1.60,3015
1.61,3014
1.61,3013
1.61,3012
1.61,3011
1.62,3010
1.62,3009
1.62,3008
1.62,3007
1.63,3006
1.63,3005
1.63,3004
1.63,3003
1.64,3002
1.64,3001
1.64,3000
1.64,2999
1.65,2998
1.65,2997
1.65,2996
1.65,2995
1.66,2994
1.66,2993
1.66,2992
1.66,2991
1.67,2990
1.67,2989
1.67,2988
1.68,2987
1.68,2986
1.68,2985
1.68,2984
1.69,2983
1.69,2982
1.69,2981
1.69,2980
1.69,2979
1.70,2978
1.70,2977
1.70,2976
1.71,2975
1.71,2974
1.71,2973
1.71,2972
1.71,2971
1.72,2970
1.72,2969
1.72,2968
1.72,2967
1.73,2966
1.73,2965
1.73,2964
1.73,2963
1.74,2962
1.74,2961
1.74,2960
1.74,2959
1.75,2958
1.75,2957
1.75,2956
1.75,2955
1.76,2954
1.76,2953
1.76,2952
1.76,2951
1.77,2950
1.77,2949
1.77,2948
1.77,2947
1.78,2946
1.78,2945
1.78,2944
1.79,2943
1.79,2942
1.79,2941
1.79,2940
1.79,2939
1.80,2938
1.80,2937
1.80,2936
1.80,2935
1.80,2934
1.81,2933
1.81,2932
1.81,2931
1.81,2930
1.81,2929
1.82,2928
1.82,2927
1.82,2926
1.82,2925
1.82,2924
1.83,2923
1.83,2922
1.83,2921
1.83,2920
1.83,2919
1.84,2918
1.84,2917
1.84,2916
1.84,2915
1.84,2914
1.85,2913
1.85,2912
1.85,2911
1.85,2910
1.85,2909
1.86,2908
1.86,2907
1.86,2906
1.86,2905
1.86,2904
1.87,2903
1.87,2902
1.87,2901
1.87,2900
1.87,2899
1.88,2898
1.88,2897
1.88,2896
1.88,2895
1.88,2894
1.89,2893
1.89,2892
1.89,2891
1.89,2890
1.89,2889
1.90,2888
1.90,2887
1.90,2886
1.90,2885
1.90,2884
1.91,2883
1.91,2882
1.91,2881
1.91,2880
1.91,2879
1.92,2878
1.92,2877
1.92,2876
1.92,2875
1.93,2874
1.93,2873
1.93,2872
1.93,2871
1.93,2870
1.94,2869
1.94,2868
1.94,2867
1.94,2866
1.94,2865
1.95,2864
1.95,2863
1.95,2862
1.95,2861
1.95,2860
1.96,2859
1.96,2858
1.96,2857
1.96,2856
1.96,2855
1.97,2854
1.97,2853
1.97,2852
1.97,2851
1.97,2850
1.98,2849
1.98,2848
1.98,2847
1.98,2846
1.98,2845
1.99,2844
1.99,2843
1.99,2842
1.99,2841
2.00,2840
2.00,2839
2.00,2838
2.00,2837
2.00,2836
2.01,2835
2.01,2834
2.01,2833
2.01,2832
2.01,2831
2.02,2830
2.02,2829
2.02,2828
2.02,2827
2.02,2826
2.03,2825
2.03,2824
2.03,2823
2.03,2822
2.03,2821
2.04,2820
2.04,2819
2.04,2818
2.04,2817
2.04,2816
2.05,2815
2.05,2814
2.05,2813
2.05,2812
2.05,2811
2.06,2810
2.06,2809
2.06,2808
2.06,2807
2.07,2806
2.07,2805
2.07,2804
2.07,2803
2.07,2802
2.08,2801
2.08,2800
2.08,2799
2.08,2798
2.08,2797
2.09,2796
2.09,2795
2.09,2794
2.09,2793
2.09,2792
2.10,2791
2.10,2790
2.10,2789
2.10,2788
2.10,2787
2.11,2786
2.11,2785
2.11,2784
2.11,2783
2.11,2782
2.12,2781
2.12,2780
2.12,2779
2.12,2778
2.12,2777
2.13,2776
2.13,2775
2.13,2774
2.13,2773
2.13,2772
2.14,2771
2.14,2770
2.14,2769
2.14,2768
2.15,2767
2.15,2766
2.15,2765
2.15,2764
2.15,2763
2.16,2762
2.16,2761
2.16,2760
2.16,2759
2.16,2758
2.17,2757
2.17,2756
2.17,2755
2.17,2754
2.17,2753
2.18,2752
2.18,2751
2.18,2750
2.18,2749
2.18,2748
2.19,2747
2.19,2746
2.19,2745
2.19,2744
2.19,2743
2.20,2742
2.20,2741
2.20,2740
2.20,2739
2.21,2738
2.21,2737
2.21,2736
2.21,2735
2.21,2734
2.22,2733
2.22,2732
2.22,2731
2.22,2730
2.22,2729
2.23,2728
2.23,2727
2.23,2726
2.23,2725
2.23,2724
2.24,2723
2.24,2722
2.24,2721
2.24,2720
2.24,2719
2.25,2718
2.25,2717
2.25,2716
2.25,2715
2.25,2714
2.26,2713
2.26,2712
2.26,2711
2.26,2710
2.26,2709
2.27,2708
2.27,2707
2.27,2706
2.27,2705
2.27,2704
2.28,2703
2.28,2702
2.28,2701
2.28,2700
2.29,2699
2.29,2698
2.29,2697
2.29,2696
2.29,2695
2.29,2694
2.30,2693
2.30,2692
2.30,2691
2.30,2690
2.31,2689
2.31,2688
2.31,2687
2.31,2686
2.31,2685
2.32,2684
2.32,2683
2.32,2682
2.32,2681
2.32,2680
2.33,2679
2.33,2678
2.33,2677
2.33,2676
2.33,2675
2.34,2674
2.34,2673
2.34,2672
2.34,2671
2.34,2670
2.35,2669
2.35,2668
2.35,2667
2.35,2666
2.35,2665
2.35,2664
2.36,2663
2.36,2662
2.36,2661
2.36,2660
2.37,2659
2.37,2658
2.37,2657
2.37,2656
2.37,2655
2.38,2654
2.38,2653
2.38,2652
2.38,2651
2.38,2650
2.39,2649
2.39,2648
2.39,2647
2.39,2646
2.39,2645
2.40,2644
2.40,2643
2.40,2642
2.40,2641
2.40,2640
2.41,2639
2.41,2638
2.41,2637
2.41,2636
2.41,2635
2.42,2634
2.42,2633
2.42,2632
2.42,2631
2.42,2630
2.43,2629
2.43,2628
2.43,2627
2.43,2626
2.43,2625
2.44,2624
2.44,2623
2.44,2622
2.44,2621
2.44,2620
2.45,2619
2.45,2618
2.45,2617
2.45,2616
2.45,2615
2.46,2614
2.46,2613
2.46,2612
2.46,2611
2.46,2610
2.47,2609
2.47,2608
2.47,2607
2.47,2606
2.47,2605
2.48,2604
2.48,2603
2.48,2602
2.48,2601
2.48,2600
2.49,2599
2.49,2598
2.49,2597
2.49,2596
2.49,2595
2.50,2594
2.50,2593
2.50,2592
2.50,2591
2.50,2590
2.51,2589
2.51,2588
2.51,2587
2.51,2586
2.51,2585
2.52,2584
2.52,2583
2.52,2582
2.52,2581
2.52,2580
2.53,2579
2.53,2578
2.53,2577
2.53,2576
2.54,2575
2.54,2574
2.54,2573
2.54,2572
2.54,2571
2.55,2570
2.55,2569
2.55,2568
2.55,2567
2.55,2566
2.56,2565
2.56,2564
2.56,2563
2.56,2562
2.56,2561
2.57,2560
2.57,2559
2.57,2558
2.57,2557
2.57,2556
2.58,2555
2.58,2554
2.58,2553
2.58,2552
2.58,2551
2.59,2550
2.59,2549
2.59,2548
2.59,2547
2.59,2546
2.60,2545
2.60,2544
2.60,2543
2.60,2542
2.60,2541
2.61,2540
2.61,2539
2.61,2538
2.61,2537
2.61,2536
2.62,2535
2.62,2534
2.62,2533
2.62,2532
2.62,2531
2.63,2530
2.63,2529
2.63,2528
2.63,2527
2.63,2526
2.64,2525
2.64,2524
2.64,2523
2.64,2522
2.64,2521
2.65,2520
2.65,2519
2.65,2518
2.65,2517
2.65,2516
2.66,2515
2.66,2514
2.66,2513
2.66,2512
2.66,2511
2.67,2510
2.67,2509
2.67,2508
2.67,2507
2.67,2506
2.68,2505
2.68,2504
2.68,2503
2.68,2502
2.68,2501
2.69,2500
2.69,2499
2.69,2498
2.69,2497
2.69,2496
2.70,2495
2.70,2494
2.70,2493
2.70,2492
2.70,2491
2.71,2490
2.71,2489
2.71,2488
2.71,2487
2.71,2486
2.72,2485
2.72,2484
2.72,2483
2.72,2482
2.72,2481
2.73,2480
2.73,2479
2.73,2478
2.73,2477
2.73,2476
2.74,2475
2.74,2474
2.74,2473
2.74,2472
2.74,2471
2.74,2470
2.75,2469
2.75,2468
2.75,2467
2.75,2466
2.75,2465
2.76,2464
2.76,2463
2.76,2462
2.76,2461
2.76,2460
2.77,2459
2.77,2458
2.77,2457
2.77,2456
2.77,2455
2.78,2454
2.78,2453
2.78,2452
2.78,2451
2.78,2450
2.79,2449
2.79,2448
2.79,2447
2.79,2446
2.79,2445
2.80,2444
2.80,2443
2.80,2442
2.80,2441
2.80,2440
2.80,2439
2.81,2438
2.81,2437
2.81,2436
2.81,2435
2.81,2434
2.82,2433
2.82,2432
2.82,2431
2.82,2430
2.82,2429
2.83,2428
2.83,2427
2.83,2426
2.83,2425
2.83,2424
2.84,2423
2.84,2422
2.84,2421
2.84,2420
2.85,2419
2.85,2418
2.85,2417
2.85,2416
2.85,2415
2.86,2414
2.86,2413
2.86,2412
2.86,2411
2.86,2410
2.87,2409
2.87,2408
2.87,2407
2.87,2406
2.87,2405
2.88,2404
2.88,2403
2.88,2402
2.88,2401
2.88,2400
2.89,2399
2.89,2398
2.89,2397
2.89,2396
2.89,2395
2.90,2394
2.90,2393
2.90,2392
2.90,2391
2.90,2390
2.91,2389
2.91,2388
2.91,2387
2.91,2386
2.91,2385
2.92,2384
2.92,2383
2.92,2382
2.92,2381
2.92,2380
2.93,2379
2.93,2378
2.93,2377
2.93,2376
2.93,2375
2.94,2374
2.94,2373
2.94,2372
2.94,2371
2.94,2370
2.95,2369
2.95,2368
2.95,2367
2.95,2366
2.95,2365
2.97,2364
