0.10,3628
0.17,3627
0.18,3626
0.19,3625
0.19,3624
0.20,3623
0.21,3622
0.22,3621
0.22,3620
0.23,3619
0.24,3618
0.24,3617
0.25,3616
0.25,3615
0.26,3614
0.26,3613
0.27,3612
0.27,3611
0.28,3610
0.29,3609
0.29,3608
0.30,3607
0.30,3606
0.31,3605
0.31,3604
0.32,3603
0.32,3602
0.33,3601
0.34,3600
0.34,3599
0.35,3598
0.35,3597
0.36,3596
0.36,3595
0.37,3594
0.38,3593
0.38,3592
0.39,3591
0.39,3590
0.39,3589
0.40,3588
0.40,3587
0.41,3586
0.41,3585
0.41,3584
0.42,3583
0.42,3582
0.43,3581
0.43,3580
0.43,3579
0.43,3578
0.44,3577
0.44,3576
0.44,3575
0.44,3574
0.45,3573
0.45,3572
0.45,3571
0.46,3570
0.46,3569
0.46,3568
0.46,3567
0.47,3566
0.47,3565
0.47,3564
0.47,3563
0.48,3562
0.48,3561
0.48,3560
0.48,3559
0.49,3558
0.49,3557
0.49,3556
0.49,3555
0.49,3554
0.50,3553
0.50,3552
0.50,3551
0.50,3550
0.50,3549
0.51,3548
0.51,3547
0.51,3546
0.51,3545
0.52,3544
0.52,3543
0.52,3542
0.52,3541
0.52,3540
0.53,3539
0.53,3538
0.53,3537
0.53,3536
0.53,3535
0.54,3534
0.54,3533
0.54,3532
0.54,3531
0.54,3530
0.55,3529
0.55,3528
0.55,3527
0.55,3526
0.55,3525
0.56,3524
0.56,3523
0.56,3522
0.56,3521
0.56,3520
0.57,3519
0.57,3518
0.57,3517
0.57,3516
0.58,3515
0.58,3514
0.58,3513
0.58,3512
0.58,3511
0.59,3510
0.59,3509
0.59,3508
0.59,3507
0.59,3506
0.60,3505
0.60,3504
0.60,3503
0.60,3502
0.60,3501
0.61,3500
0.61,3499
0.61,3498
0.62,3497
0.62,3496
0.62,3495
0.62,3494
0.62,3493
0.63,3492
0.63,3491
0.63,3490
0.63,3489
0.63,3488
0.64,3487
0.64,3486
0.64,3485
0.64,3484
0.65,3483
0.65,3482
0.65,3481
0.65,3480
0.65,3479
0.66,3478
0.66,3477
0.66,3476
0.66,3475
0.66,3474
0.67,3473
0.67,3472
0.67,3471
0.67,3470
0.68,3469
0.68,3468
0.68,3467
0.68,3466
0.68,3465
0.69,3464
0.69,3463
0.69,3462
0.69,3461
0.69,3460
0.70,3459
0.70,3458
0.70,3457
0.70,3456
0.70,3455
0.71,3454
0.71,3453
0.71,3452
0.71,3451
0.71,3450
0.72,3449
0.72,3448
0.72,3447
0.72,3446
0.73,3445
0.73,3444
0.73,3443
0.73,3442
0.73,3441
0.74,3440
0.74,3439
0.74,3438
0.74,3437
0.74,3436
0.75,3435
0.75,3434
0.75,3433
0.75,3432
0.76,3431
0.76,3430
0.76,3429
0.76,3428
0.76,3427
0.77,3426
0.77,3425
0.77,3424
0.77,3423
0.77,3422
0.78,3421
0.78,3420
0.78,3419
0.78,3418
0.78,3417
0.79,3416
0.79,3415
0.79,3414
0.79,3413
0.80,3412
0.80,3411
0.80,3410
0.80,3409
0.81,3408
0.81,3407
0.81,3406
0.81,3405
0.81,3404
0.82,3403
0.82,3402
0.82,3401
0.82,3400
0.82,3399
0.83,3398
0.83,3397
0.83,3396
0.83,3395
0.84,3394
0.84,3393
0.84,3392
0.84,3391
0.84,3390
0.85,3389
0.85,3388
0.85,3387
0.85,3386
0.86,3385
0.86,3384
0.86,3383
0.86,3382
0.86,3381
0.87,3380
0.87,3379
0.87,3378
0.87,3377
0.87,3376
0.88,3375
0.88,3374
0.88,3373
0.88,3372
0.89,3371
0.89,3370
0.89,3369
0.89,3368
0.89,3367
0.90,3366
0.90,3365
0.90,3364
0.90,3363
0.90,3362
0.91,3361
0.91,3360
0.91,3359
0.91,3358
0.91,3357
0.92,3356
0.92,3355
0.92,3354
0.92,3353
0.92,3352
0.93,3351
0.93,3350
0.93,3349
0.93,3348
0.94,3347
0.94,3346
0.94,3345
0.94,3344
0.95,3343
0.95,3342
0.95,3341
0.95,3340
0.95,3339
0.96,3338
0.96,3337
0.96,3336
0.96,3335
0.96,3334
0.97,3333
0.97,3332
0.97,3331
0.97,3330
0.98,3329
0.98,3328
0.98,3327
0.98,3326
0.98,3325
0.99,3324
0.99,3323
0.99,3322
0.99,3321
1.00,3320
1.00,3319
1.00,3318
1.00,3317
1.00,3316
1.01,3315
1.01,3314
1.01,3313
1.01,3312
1.01,3311
1.02,3310
1.02,3309
1.02,3308
1.02,3307
1.02,3306
1.03,3305
1.03,3304
1.03,3303
1.03,3302
1.03,3301
1.04,3300
1.04,3299
1.04,3298
1.04,3297
1.05,3296
1.05,3295
1.05,3294
1.05,3293
1.05,3292
1.06,3291
1.06,3290
1.06,3289
1.06,3288
1.06,3287
1.07,3286
1.07,3285
1.07,3284
1.07,3283
1.07,3282
1.08,3281
1.08,3280
1.08,3279
1.08,3278
1.08,3277
1.09,3276
1.09,3275
1.09,3274
1.09,3273
1.09,3272
1.10,3271
1.10,3270
1.10,3269
1.10,3268
1.10,3267
1.11,3266
1.11,3265
1.11,3264
1.11,3263
1.11,3262
1.12,3261
1.12,3260
1.12,3259
1.12,3258
1.12,3257
1.13,3256
1.13,3255
1.13,3254
1.13,3253
1.13,3252
1.14,3251
1.14,3250
1.14,3249
1.14,3248
1.14,3247
1.15,3246
1.15,3245
1.15,3244
1.15,3243
1.15,3242
1.16,3241
1.16,3240
1.16,3239
1.16,3238
1.17,3237
1.17,3236
1.17,3235
1.17,3234
1.18,3233
1.18,3232
1.18,3231
1.18,3230
1.19,3229
1.19,3228
1.19,3227
1.19,3226
1.19,3225
1.20,3224
1.20,3223
1.20,3222
1.20,3221
1.21,3220
1.21,3219
1.21,3218
1.21,3217
1.22,3216
1.22,3215
1.22,3214
1.22,3213
1.23,3212
1.23,3211
1.23,3210
1.23,3209
1.24,3208
1.24,3207
1.24,3206
1.24,3205
1.25,3204
1.25,3203
1.25,3202
1.25,3201
1.26,3200
1.26,3199
1.26,3198
1.26,3197
1.27,3196
1.27,3195
1.27,3194
1.27,3193
1.28,3192
1.28,3191
1.28,3190
1.28,3189
1.29,3188
1.29,3187
1.29,3186
1.29,3185
1.30,3184
1.30,3183
1.30,3182
1.30,3181
1.31,3180
1.31,3179
1.31,3178
1.31,3177
1.32,3176
1.32,3175
1.32,3174
1.32,3173
1.33,3172
1.33,3171
1.33,3170
1.33,3169
1.34,3168
1.34,3167
1.34,3166
1.34,3165
1.35,3164
1.35,3163
1.35,3162
1.36,3161
1.36,3160
1.36,3159
1.36,3158
1.36,3157
1.37,3156
1.37,3155
1.37,3154
1.37,3153
1.37,3152
1.38,3151
1.38,3150
1.38,3149
1.38,3148
1.38,3147
1.39,3146
1.39,3145
1.39,3144
1.39,3143
1.39,3142
1.40,3141
1.40,3140
1.40,3139
1.40,3138
1.40,3137
1.41,3136
1.41,3135
1.41,3134
1.41,3133
1.41,3132
1.42,3131
1.42,3130
1.42,3129
1.42,3128
1.42,3127
1.43,3126
1.43,3125
1.43,3124
1.43,3123
1.43,3122
1.43,3121
1.44,3120
1.44,3119
1.44,3118
1.44,3117
1.44,3116
1.45,3115
1.45,3114
1.45,3113
1.45,3112
1.46,3111
1.46,3110
1.46,3109
1.46,3108
1.46,3107
1.47,3106
1.47,3105
1.47,3104
1.47,3103
1.47,3102
1.48,3101
1.48,3100
1.48,3099
1.48,3098
1.48,3097
1.49,3096
1.49,3095
1.49,3094
1.49,3093
1.49,3092
1.50,3091
1.50,3090
1.50,3089
1.50,3088
1.50,3087
1.51,3086
1.51,3085
1.51,3084
1.51,3083
1.51,3082
1.52,3081
1.52,3080
1.52,3079
1.52,3078
1.52,3077
1.53,3076
1.53,3075
1.53,3074
1.53,3073
1.53,3072
1.54,3071
1.54,3070
1.54,3069
1.54,3068
1.54,3067
1.54,3066
1.55,3065
1.55,3064
1.55,3063
1.55,3062
1.55,3061
1.56,3060
1.56,3059
1.56,3058
1.56,3057
1.56,3056
1.57,3055
1.57,3054
1.57,3053
1.57,3052
1.57,3051
1.58,3050
1.58,3049
1.58,3048
1.58,3047
1.58,3046
1.59,3045
1.59,3044
1.59,3043
1.59,3042
1.60,3041
1.60,3040
1.60,3039
1.60,3038
1.60,3037
1.61,3036
1.61,3035
1.61,3034
1.61,3033
1.61,3032
1.62,3031
1.62,3030
1.62,3029
1.62,3028
1.62,3027
1.63,3026
1.63,3025
1.63,3024
1.63,3023
1.63,3022
1.64,3021
1.64,3020
1.64,3019
1.64,3018
1.64,3017
1.65,3016
1.65,3015
1.65,3014
1.65,3013
1.65,3012
1.66,3011
1.66,3010
1.66,3009
1.66,3008
1.67,3007
1.67,3006
1.67,3005
1.67,3004
1.67,3003
1.68,3002
1.68,3001
1.68,3000
1.68,2999
1.68,2998
1.69,2997
1.69,2996
1.69,2995
1.69,2994
1.69,2993
1.70,2992
1.70,2991
1.70,2990
1.70,2989
1.71,2988
1.71,2987
1.71,2986
1.71,2985
1.71,2984
1.72,2983
1.72,2982
1.72,2981
1.72,2980
1.72,2979
1.73,2978
1.73,2977
1.73,2976
1.73,2975
1.73,2974
1.74,2973
1.74,2972
1.74,2971
1.74,2970
1.74,2969
1.75,2968
1.75,2967
1.75,2966
1.75,2965
1.75,2964
1.75,2963
1.76,2962
1.76,2961
1.76,2960
1.76,2959
1.76,2958
1.77,2957
1.77,2956
1.77,2955
1.77,2954
1.77,2953
1.78,2952
1.78,2951
1.78,2950
1.78,2949
1.78,2948
1.78,2947
1.79,2946
1.79,2945
1.79,2944
1.79,2943
1.79,2942
1.80,2941
1.80,2940
1.80,2939
1.80,2938
1.80,2937
1.81,2936
1.81,2935
1.81,2934
1.81,2933
1.81,2932
1.82,2931
1.82,2930
1.82,2929
1.82,2928
1.82,2927
1.83,2926
1.83,2925
1.83,2924
1.83,2923
1.83,2922
1.84,2921
1.84,2920
1.84,2919
1.84,2918
1.84,2917
1.85,2916
1.85,2915
1.85,2914
1.85,2913
1.85,2912
1.85,2911
1.86,2910
1.86,2909
1.86,2908
1.86,2907
1.86,2906
1.87,2905
1.87,2904
1.87,2903
1.87,2902
1.87,2901
1.88,2900
1.88,2899
1.88,2898
1.88,2897
1.88,2896
1.89,2895
1.89,2894
1.89,2893
1.89,2892
1.89,2891
1.90,2890
1.90,2889
1.90,2888
1.90,2887
1.90,2886
1.91,2885
1.91,2884
1.91,2883
1.91,2882
1.91,2881
1.91,2880
1.92,2879
1.92,2878
1.92,2877
1.92,2876
1.92,2875
1.93,2874
1.93,2873
1.93,2872
1.93,2871
1.93,2870
1.94,2869
1.94,2868
1.94,2867
1.94,2866
1.94,2865
1.94,2864
1.95,2863
1.95,2862
1.95,2861
1.95,2860
1.95,2859
1.96,2858
1.96,2857
1.96,2856
1.96,2855
1.96,2854
1.97,2853
1.97,2852
1.97,2851
1.97,2850
1.97,2849
1.97,2848
1.98,2847
1.98,2846
1.98,2845
1.98,2844
1.98,2843
1.99,2842
1.99,2841
1.99,2840
1.99,2839
1.99,2838
2.00,2837
2.00,2836
2.00,2835
2.00,2834
2.00,2833
2.01,2832
2.01,2831
2.01,2830
2.01,2829
2.01,2828
2.01,2827
2.02,2826
2.02,2825
2.02,2824
2.02,2823
2.02,2822
2.03,2821
2.03,2820
2.03,2819
2.03,2818
2.03,2817
2.04,2816
2.04,2815
2.04,2814
2.04,2813
2.04,2812
2.04,2811
2.05,2810
2.05,2809
2.05,2808
2.05,2807
2.05,2806
2.06,2805
2.06,2804
2.06,2803
2.06,2802
2.06,2801
2.07,2800
2.07,2799
2.07,2798
2.07,2797
2.07,2796
2.08,2795
2.08,2794
2.08,2793
2.08,2792
2.09,2791
2.09,2790
2.09,2789
2.09,2788
2.09,2787
2.10,2786
2.10,2785
2.10,2784
2.10,2783
2.10,2782
2.11,2781
2.11,2780
2.11,2779
2.11,2778
2.12,2777
2.12,2776
2.12,2775
2.12,2774
2.13,2773
2.13,2772
2.13,2771
2.13,2770
2.13,2769
2.14,2768
2.14,2767
2.14,2766
2.14,2765
2.15,2764
2.15,2763
2.15,2762
2.15,2761
2.15,2760
2.16,2759
2.16,2758
2.16,2757
2.16,2756
2.17,2755
2.17,2754
2.17,2753
2.17,2752
2.17,2751
2.18,2750
2.18,2749
2.18,2748
2.18,2747
2.19,2746
2.19,2745
2.19,2744
2.19,2743
2.19,2742
2.20,2741
2.20,2740
2.20,2739
2.20,2738
2.21,2737
2.21,2736
2.21,2735
2.21,2734
2.21,2733
2.22,2732
2.22,2731
2.22,2730
2.22,2729
2.23,2728
2.23,2727
2.23,2726
2.23,2725
2.23,2724
2.24,2723
2.24,2722
2.24,2721
2.24,2720
2.25,2719
2.25,2718
2.25,2717
2.25,2716
2.26,2715
2.26,2714
2.26,2713
2.26,2712
2.26,2711
2.27,2710
2.27,2709
2.27,2708
2.27,2707
2.28,2706
2.28,2705
2.28,2704
2.28,2703
2.29,2702
2.29,2701
2.29,2700
2.29,2699
2.29,2698
2.30,2697
2.30,2696
2.30,2695
2.30,2694
2.31,2693
2.31,2692
2.31,2691
2.31,2690
2.31,2689
2.32,2688
2.32,2687
2.32,2686
2.32,2685
2.33,2684
2.33,2683
2.33,2682
2.33,2681
2.33,2680
2.34,2679
2.34,2678
2.34,2677
2.34,2676
2.35,2675
2.35,2674
2.35,2673
2.35,2672
2.35,2671
2.36,2670
2.36,2669
2.36,2668
2.36,2667
2.37,2666
2.37,2665
2.37,2664
2.37,2663
2.37,2662
2.38,2661
2.38,2660
2.38,2659
2.38,2658
2.39,2657
2.39,2656
2.39,2655
2.39,2654
2.39,2653
2.40,2652
2.40,2651
2.40,2650
2.40,2649
2.41,2648
2.41,2647
2.41,2646
2.41,2645
2.41,2644
2.42,2643
2.42,2642
2.42,2641
2.42,2640
2.43,2639
2.43,2638
2.43,2637
2.43,2636
2.43,2635
2.44,2634
2.44,2633
2.44,2632
2.44,2631
2.45,2630
2.45,2629
2.45,2628
2.45,2627
2.46,2626
2.46,2625
2.46,2624
2.46,2623
2.46,2622
2.47,2621
2.47,2620
2.47,2619
2.47,2618
2.48,2617
2.48,2616
2.48,2615
2.49,2614
2.49,2613
2.49,2612
2.49,2611
2.49,2610
2.50,2609
2.50,2608
2.50,2607
2.50,2606
2.50,2605
2.50,2604
2.51,2603
2.51,2602
2.51,2601
2.51,2600
2.51,2599
2.52,2598
2.52,2597
2.52,2596
2.52,2595
2.52,2594
2.52,2593
2.53,2592
2.53,2591
2.53,2590
2.53,2589
2.53,2588
2.54,2587
2.54,2586
2.54,2585
2.54,2584
2.54,2583
2.54,2582
2.55,2581
2.55,2580
2.55,2579
2.55,2578
2.55,2577
2.56,2576
2.56,2575
2.56,2574
2.56,2573
2.56,2572
2.56,2571
2.57,2570
2.57,2569
2.57,2568
2.57,2567
2.57,2566
2.58,2565
2.58,2564
2.58,2563
2.58,2562
2.58,2561
2.59,2560
2.59,2559
2.59,2558
2.59,2557
2.59,2556
2.59,2555
2.60,2554
2.60,2553
2.60,2552
2.60,2551
2.60,2550
2.61,2549
2.61,2548
2.61,2547
2.61,2546
2.61,2545
2.62,2544
2.62,2543
2.62,2542
2.62,2541
2.62,2540
2.62,2539
2.63,2538
2.63,2537
2.63,2536
2.63,2535
2.63,2534
2.64,2533
2.64,2532
2.64,2531
2.64,2530
2.64,2529
2.65,2528
2.65,2527
2.65,2526
2.65,2525
2.65,2524
2.65,2523
2.66,2522
2.66,2521
2.66,2520
2.66,2519
2.66,2518
2.67,2517
2.67,2516
2.67,2515
2.67,2514
2.67,2513
2.67,2512
2.68,2511
2.68,2510
2.68,2509
2.68,2508
2.68,2507
2.69,2506
2.69,2505
2.69,2504
2.69,2503
2.69,2502
2.69,2501
2.70,2500
2.70,2499
2.70,2498
2.70,2497
2.70,2496
2.71,2495
2.71,2494
2.71,2493
2.71,2492
2.71,2491
2.72,2490
2.72,2489
2.72,2488
2.72,2487
2.72,2486
2.72,2485
2.73,2484
2.73,2483
2.73,2482
2.73,2481
2.73,2480
2.74,2479
2.74,2478
2.74,2477
2.74,2476
2.74,2475
2.75,2474
2.75,2473
2.75,2472
2.75,2471
2.75,2470
2.75,2469
2.76,2468
2.76,2467
2.76,2466
2.76,2465
2.76,2464
2.77,2463
2.77,2462
2.77,2461
2.77,2460
2.77,2459
2.78,2458
2.78,2457
2.78,2456
2.78,2455
2.78,2454
2.78,2453
2.79,2452
2.79,2451
2.79,2450
2.79,2449
2.79,2448
2.80,2447
2.80,2446
2.80,2445
2.80,2444
2.80,2443
2.80,2442
2.81,2441
2.81,2440
2.81,2439
2.81,2438
2.81,2437
2.82,2436
2.82,2435
2.82,2434
2.82,2433
2.82,2432
2.83,2431
2.83,2430
2.83,2429
2.83,2428
2.83,2427
2.83,2426
2.84,2425
2.84,2424
2.84,2423
2.84,2422
2.84,2421
2.85,2420
2.85,2419
2.85,2418
2.85,2417
2.85,2416
2.85,2415
2.86,2414
2.86,2413
2.86,2412
2.86,2411
2.86,2410
2.87,2409
2.87,2408
2.87,2407
2.87,2406
2.87,2405
2.87,2404
2.88,2403
2.88,2402
2.88,2401
2.88,2400
2.88,2399
2.89,2398
2.89,2397
2.89,2396
2.89,2395
2.89,2394
2.89,2393
2.90,2392
2.90,2391
2.90,2390
2.90,2389
2.90,2388
2.91,2387
2.91,2386
2.91,2385
2.91,2384
2.91,2383
2.91,2382
2.92,2381
2.92,2380
2.92,2379
2.92,2378
2.92,2377
2.93,2376
2.93,2375
2.93,2374
2.93,2373
2.93,2372
2.93,2371
2.94,2370
2.94,2369
2.94,2368
2.94,2367
2.94,2366
2.95,2365
2.95,2364
2.95,2363
2.95,2362
2.95,2361
2.96,2360
2.96,2359
