0.10,3628
0.17,3627
0.18,3626
0.19,3625
0.20,3624
0.20,3623
0.21,3622
0.22,3621
0.23,3620
0.23,3619
0.24,3618
0.24,3617
0.25,3616
0.25,3615
0.26,3614
0.27,3613
0.27,3612
0.28,3611
0.29,3610
0.29,3609
0.30,3608
0.30,3607
0.31,3606
0.32,3605
0.32,3604
0.33,3603
0.33,3602
0.34,3601
0.34,3600
0.35,3599
0.36,3598
0.36,3597
0.37,3596
0.37,3595
0.38,3594
0.38,3593
0.39,3592
0.39,3591
0.40,3590
0.40,3589
0.40,3588
0.41,3587
0.41,3586
0.42,3585
0.42,3584
0.42,3583
0.43,3582
0.43,3581
0.44,3580
0.44,3579
0.44,3578
0.44,3577
0.45,3576
0.45,3575
0.45,3574
0.45,3573
0.46,3572
0.46,3571
0.46,3570
0.46,3569
0.46,3568
0.47,3567
0.47,3566
0.47,3565
0.47,3564
0.48,3563
0.48,3562
0.48,3561
0.48,3560
0.49,3559
0.49,3558
0.49,3557
0.49,3556
0.50,3555
0.50,3554
0.50,3553
0.50,3552
0.50,3551
0.51,3550
0.51,3549
0.51,3548
0.51,3547
0.52,3546
0.52,3545
0.52,3544
0.52,3543
0.53,3542
0.53,3541
0.53,3540
0.53,3539
0.53,3538
0.54,3537
0.54,3536
0.54,3535
0.54,3534
0.55,3533
0.55,3532
0.55,3531
0.55,3530
0.56,3529
0.56,3528
0.56,3527
0.56,3526
0.56,3525
0.57,3524
0.57,3523
0.57,3522
0.57,3521
0.58,3520
0.58,3519
0.58,3518
0.58,3517
0.59,3516
0.59,3515
0.59,3514
0.59,3513
0.59,3512
0.60,3511
0.60,3510
0.60,3509
0.60,3508
0.61,3507
0.61,3506
0.61,3505
0.61,3504
0.62,3503
0.62,3502
0.62,3501
0.62,3500
0.63,3499
0.63,3498
0.63,3497
0.63,3496
0.64,3495
0.64,3494
0.64,3493
0.64,3492
0.65,3491
0.65,3490
0.65,3489
0.65,3488
0.66,3487
0.66,3486
0.66,3485
0.66,3484
0.67,3483
0.67,3482
0.67,3481
0.67,3480
0.67,3479
0.68,3478
0.68,3477
0.68,3476
0.68,3475
0.69,3474
0.69,3473
0.69,3472
0.69,3471
0.69,3470
0.70,3469
0.70,3468
0.70,3467
0.70,3466
0.71,3465
0.71,3464
0.71,3463
0.71,3462
0.72,3461
0.72,3460
0.72,3459
0.72,3458
0.72,3457
0.73,3456
0.73,3455
0.73,3454
0.73,3453
0.74,3452
0.74,3451
0.74,3450
0.74,3449
0.74,3448
0.75,3447
0.75,3446
0.75,3445
0.75,3444
0.76,3443
0.76,3442
0.76,3441
0.76,3440
0.76,3439
0.77,3438
0.77,3437
0.77,3436
0.77,3435
0.78,3434
0.78,3433
0.78,3432
0.78,3431
0.79,3430
0.79,3429
0.79,3428
0.79,3427
0.79,3426
0.80,3425
0.80,3424
0.80,3423
0.80,3422
0.81,3421
0.81,3420
0.81,3419
0.81,3418
0.81,3417
0.82,3416
0.82,3415
0.82,3414
0.83,3413
0.83,3412
0.83,3411
0.83,3410
0.84,3409
0.84,3408
0.84,3407
0.84,3406
0.84,3405
0.85,3404
0.85,3403
0.85,3402
0.85,3401
0.86,3400
0.86,3399
0.86,3398
0.86,3397
0.87,3396
0.87,3395
0.87,3394
0.87,3393
0.88,3392
0.88,3391
0.88,3390
0.88,3389
0.88,3388
0.89,3387
0.89,3386
0.89,3385
0.89,3384
0.89,3383
0.90,3382
0.90,3381
0.90,3380
0.90,3379
0.91,3378
0.91,3377
0.91,3376
0.91,3375
0.92,3374
0.92,3373
0.92,3372
0.92,3371
0.92,3370
0.93,3369
0.93,3368
0.93,3367
0.93,3366
0.94,3365
0.94,3364
0.94,3363
0.94,3362
0.94,3361
0.95,3360
0.95,3359
0.95,3358
0.95,3357
0.95,3356
0.96,3355
0.96,3354
0.96,3353
0.96,3352
0.97,3351
0.97,3350
0.97,3349
0.97,3348
0.98,3347
0.98,3346
0.98,3345
0.98,3344
0.99,3343
0.99,3342
0.99,3341
0.99,3340
0.99,3339
1.00,3338
1.00,3337
1.00,3336
1.00,3335
1.01,3334
1.01,3333
1.01,3332
1.01,3331
1.02,3330
1.02,3329
1.02,3328
1.02,3327
1.03,3326
1.03,3325
1.03,3324
1.03,3323
1.03,3322
1.04,3321
1.04,3320
1.04,3319
1.04,3318
1.05,3317
1.05,3316
1.05,3315
1.05,3314
1.05,3313
1.06,3312
1.06,3311
1.06,3310
1.06,3309
1.06,3308
1.07,3307
1.07,3306
1.07,3305
1.07,3304
1.08,3303
1.08,3302
1.08,3301
1.08,3300
1.08,3299
1.09,3298
1.09,3297
1.09,3296
1.09,3295
1.10,3294
1.10,3293
1.10,3292
1.10,3291
1.10,3290
1.11,3289
1.11,3288
1.11,3287
1.11,3286
1.12,3285
1.12,3284
1.12,3283
1.12,3282
1.13,3281
1.13,3280
1.13,3279
1.13,3278
1.13,3277
1.14,3276
1.14,3275
1.14,3274
1.14,3273
1.14,3272
1.15,3271
1.15,3270
1.15,3269
1.15,3268
1.16,3267
1.16,3266
1.16,3265
1.16,3264
1.16,3263
1.17,3262
1.17,3261
1.17,3260
1.17,3259
1.17,3258
1.18,3257
1.18,3256
1.18,3255
1.18,3254
1.19,3253
1.19,3252
1.19,3251
1.19,3250
1.19,3249
1.20,3248
1.20,3247
1.20,3246
1.21,3245
1.21,3244
1.21,3243
1.21,3242
1.21,3241
1.22,3240
1.22,3239
1.22,3238
1.22,3237
1.23,3236
1.23,3235
1.23,3234
1.23,3233
1.23,3232
1.24,3231
1.24,3230
1.24,3229
1.24,3228
1.25,3227
1.25,3226
1.25,3225
1.25,3224
1.25,3223
1.26,3222
1.26,3221
1.26,3220
1.26,3219
1.27,3218
1.27,3217
1.27,3216
1.27,3215
1.27,3214
1.28,3213
1.28,3212
1.28,3211
1.28,3210
1.29,3209
1.29,3208
1.29,3207
1.29,3206
1.29,3205
1.30,3204
1.30,3203
1.30,3202
1.30,3201
1.30,3200
1.31,3199
1.31,3198
1.31,3197
1.31,3196
1.32,3195
1.32,3194
1.32,3193
1.32,3192
1.32,3191
1.33,3190
1.33,3189
1.33,3188
1.33,3187
1.34,3186
1.34,3185
1.34,3184
1.34,3183
1.34,3182
1.35,3181
1.35,3180
1.35,3179
1.35,3178
1.36,3177
1.36,3176
1.36,3175
1.36,3174
1.36,3173
1.37,3172
1.37,3171
1.37,3170
1.37,3169
1.38,3168
1.38,3167
1.38,3166
1.38,3165
1.38,3164
1.39,3163
1.39,3162
1.39,3161
1.40,3160
1.40,3159
1.40,3158
1.40,3157
1.40,3156
1.41,3155
1.41,3154
1.41,3153
1.41,3152
1.42,3151
1.42,3150
1.42,3149
1.42,3148
1.42,3147
1.43,3146
1.43,3145
1.43,3144
1.43,3143
1.43,3142
1.44,3141
1.44,3140
1.44,3139
1.44,3138
1.45,3137
1.45,3136
1.45,3135
1.45,3134
1.45,3133
1.46,3132
1.46,3131
1.46,3130
1.46,3129
1.46,3128
1.47,3127
1.47,3126
1.47,3125
1.47,3124
1.48,3123
1.48,3122
1.48,3121
1.48,3120
1.48,3119
1.49,3118
1.49,3117
1.49,3116
1.49,3115
1.50,3114
1.50,3113
1.50,3112
1.50,3111
1.50,3110
1.51,3109
1.51,3108
1.51,3107
1.51,3106
1.51,3105
1.52,3104
1.52,3103
1.52,3102
1.52,3101
1.53,3100
1.53,3099
1.53,3098
1.53,3097
1.53,3096
1.54,3095
1.54,3094
1.54,3093
1.54,3092
1.55,3091
1.55,3090
1.55,3089
1.55,3088
1.55,3087
1.56,3086
1.56,3085
1.56,3084
1.56,3083
1.57,3082
1.57,3081
1.57,3080
1.57,3079
1.57,3078
1.58,3077
1.58,3076
1.58,3075
1.58,3074
1.58,3073
1.59,3072
1.59,3071
1.59,3070
1.59,3069
1.59,3068
1.60,3067
1.60,3066
1.60,3065
1.61,3064
1.61,3063
1.61,3062
1.61,3061
1.62,3060
1.62,3059
1.62,3058
1.62,3057
1.63,3056
1.63,3055
1.63,3054
1.63,3053
1.64,3052
1.64,3051
1.64,3050
1.64,3049
1.65,3048
1.65,3047
1.65,3046
1.65,3045
1.66,3044
1.66,3043
1.66,3042
1.67,3041
1.67,3040
1.67,3039
1.67,3038
1.68,3037
1.68,3036
1.68,3035
1.68,3034
1.69,3033
1.69,3032
1.69,3031
1.69,3030
1.70,3029
1.70,3028
1.70,3027
1.70,3026
1.71,3025
1.71,3024
1.71,3023
1.71,3022
1.72,3021
1.72,3020
1.72,3019
1.72,3018
1.73,3017
1.73,3016
1.73,3015
1.74,3014
1.74,3013
1.74,3012
1.74,3011
1.75,3010
1.75,3009
1.75,3008
1.75,3007
1.76,3006
1.76,3005
1.76,3004
1.76,3003
1.77,3002
1.77,3001
1.77,3000
1.78,2999
1.78,2998
1.78,2997
1.78,2996
1.79,2995
1.79,2994
1.79,2993
1.79,2992
1.80,2991
1.80,2990
1.80,2989
1.81,2988
1.81,2987
1.81,2986
1.81,2985
1.82,2984
1.82,2983
1.82,2982
1.83,2981
1.83,2980
1.83,2979
1.83,2978
1.83,2977
1.84,2976
1.84,2975
1.84,2974
1.84,2973
1.84,2972
1.85,2971
1.85,2970
1.85,2969
1.85,2968
1.86,2967
1.86,2966
1.86,2965
1.86,2964
1.86,2963
1.87,2962
1.87,2961
1.87,2960
1.87,2959
1.87,2958
1.88,2957
1.88,2956
1.88,2955
1.88,2954
1.88,2953
1.89,2952
1.89,2951
1.89,2950
1.89,2949
1.90,2948
1.90,2947
1.90,2946
1.90,2945
1.90,2944
1.91,2943
1.91,2942
1.91,2941
1.91,2940
1.91,2939
1.92,2938
1.92,2937
1.92,2936
1.92,2935
1.92,2934
1.93,2933
1.93,2932
1.93,2931
1.93,2930
1.94,2929
1.94,2928
1.94,2927
1.94,2926
1.94,2925
1.95,2924
1.95,2923
1.95,2922
1.95,2921
1.95,2920
1.96,2919
1.96,2918
1.96,2917
1.96,2916
1.97,2915
1.97,2914
1.97,2913
1.97,2912
1.97,2911
1.98,2910
1.98,2909
1.98,2908
1.98,2907
1.98,2906
1.99,2905
1.99,2904
1.99,2903
1.99,2902
1.99,2901
2.00,2900
2.00,2899
2.00,2898
2.00,2897
2.00,2896
2.01,2895
2.01,2894
2.01,2893
2.01,2892
2.01,2891
2.02,2890
2.02,2889
2.02,2888
2.02,2887
2.03,2886
2.03,2885
2.03,2884
2.03,2883
2.03,2882
2.04,2881
2.04,2880
2.04,2879
2.04,2878
2.04,2877
2.05,2876
2.05,2875
2.05,2874
2.05,2873
2.05,2872
2.06,2871
2.06,2870
2.06,2869
2.06,2868
2.07,2867
2.07,2866
2.07,2865
2.07,2864
2.08,2863
2.08,2862
2.08,2861
2.08,2860
2.08,2859
2.09,2858
2.09,2857
2.09,2856
2.09,2855
2.09,2854
2.10,2853
2.10,2852
2.10,2851
2.10,2850
2.10,2849
2.11,2848
2.11,2847
2.11,2846
2.11,2845
2.11,2844
2.12,2843
2.12,2842
2.12,2841
2.12,2840
2.13,2839
2.13,2838
2.13,2837
2.13,2836
2.13,2835
2.14,2834
2.14,2833
2.14,2832
2.14,2831
2.14,2830
2.15,2829
2.15,2828
2.15,2827
2.15,2826
2.15,2825
2.16,2824
2.16,2823
2.16,2822
2.16,2821
2.17,2820
2.17,2819
2.17,2818
2.17,2817
2.17,2816
2.18,2815
2.18,2814
2.18,2813
2.18,2812
2.18,2811
2.19,2810
2.19,2809
2.19,2808
2.19,2807
2.19,2806
2.20,2805
2.20,2804
2.20,2803
2.20,2802
2.21,2801
2.21,2800
2.21,2799
2.21,2798
2.21,2797
2.22,2796
2.22,2795
2.22,2794
2.22,2793
2.22,2792
2.23,2791
2.23,2790
2.23,2789
2.23,2788
2.24,2787
2.24,2786
2.24,2785
2.24,2784
2.24,2783
2.25,2782
2.25,2781
2.25,2780
2.25,2779
2.25,2778
2.26,2777
2.26,2776
2.26,2775
2.26,2774
2.26,2773
2.27,2772
2.27,2771
2.27,2770
2.27,2769
2.28,2768
2.28,2767
2.28,2766
2.28,2765
2.28,2764
2.29,2763
2.29,2762
2.29,2761
2.29,2760
2.29,2759
2.30,2758
2.30,2757
2.30,2756
2.30,2755
2.30,2754
2.31,2753
2.31,2752
2.31,2751
2.31,2750
2.31,2749
2.32,2748
2.32,2747
2.32,2746
2.32,2745
2.32,2744
2.33,2743
2.33,2742
2.33,2741
2.33,2740
2.33,2739
2.34,2738
2.34,2737
2.34,2736
2.34,2735
2.35,2734
2.35,2733
2.35,2732
2.35,2731
2.35,2730
2.36,2729
2.36,2728
2.36,2727
2.36,2726
2.36,2725
2.37,2724
2.37,2723
2.37,2722
2.37,2721
2.37,2720
2.38,2719
2.38,2718
2.38,2717
2.38,2716
2.38,2715
2.39,2714
2.39,2713
2.39,2712
2.39,2711
2.40,2710
2.40,2709
2.40,2708
2.40,2707
2.40,2706
2.41,2705
2.41,2704
2.41,2703
2.41,2702
2.41,2701
2.42,2700
2.42,2699
2.42,2698
2.42,2697
2.42,2696
2.43,2695
2.43,2694
2.43,2693
2.43,2692
2.44,2691
2.44,2690
2.44,2689
2.44,2688
2.44,2687
2.44,2686
2.45,2685
2.45,2684
2.45,2683
2.45,2682
2.46,2681
2.46,2680
2.46,2679
2.46,2678
2.46,2677
2.47,2676
2.47,2675
2.47,2674
2.47,2673
2.47,2672
2.48,2671
2.48,2670
2.48,2669
2.48,2668
2.48,2667
2.49,2666
2.49,2665
2.49,2664
2.49,2663
2.50,2662
2.50,2661
2.50,2660
2.50,2659
2.50,2658
2.51,2657
2.51,2656
2.51,2655
2.51,2654
2.51,2653
2.52,2652
2.52,2651
2.52,2650
2.52,2649
2.52,2648
2.53,2647
2.53,2646
2.53,2645
2.53,2644
2.53,2643
2.54,2642
2.54,2641
2.54,2640
2.54,2639
2.54,2638
2.55,2637
2.55,2636
2.55,2635
2.55,2634
2.55,2633
2.56,2632
2.56,2631
2.56,2630
2.56,2629
2.56,2628
2.57,2627
2.57,2626
2.57,2625
2.57,2624
2.57,2623
2.58,2622
2.58,2621
2.58,2620
2.58,2619
2.59,2618
2.59,2617
2.59,2616
2.59,2615
2.59,2614
2.60,2613
2.60,2612
2.60,2611
2.60,2610
2.60,2609
2.61,2608
2.61,2607
2.61,2606
2.61,2605
2.62,2604
2.62,2603
2.62,2602
2.62,2601
2.62,2600
2.63,2599
2.63,2598
2.63,2597
2.63,2596
2.63,2595
2.64,2594
2.64,2593
2.64,2592
2.64,2591
2.64,2590
2.65,2589
2.65,2588
2.65,2587
2.65,2586
2.65,2585
2.66,2584
2.66,2583
2.66,2582
2.66,2581
2.66,2580
2.67,2579
2.67,2578
2.67,2577
2.67,2576
2.67,2575
2.68,2574
2.68,2573
2.68,2572
2.68,2571
2.68,2570
2.69,2569
2.69,2568
2.69,2567
2.69,2566
2.69,2565
2.70,2564
2.70,2563
2.70,2562
2.70,2561
2.70,2560
2.71,2559
2.71,2558
2.71,2557
2.71,2556
2.71,2555
2.72,2554
2.72,2553
2.72,2552
2.72,2551
2.72,2550
2.73,2549
2.73,2548
2.73,2547
2.73,2546
2.73,2545
2.74,2544
2.74,2543
2.74,2542
2.74,2541
2.74,2540
2.75,2539
2.75,2538
2.75,2537
2.75,2536
2.75,2535
2.76,2534
2.76,2533
2.76,2532
2.76,2531
2.76,2530
2.77,2529
2.77,2528
2.77,2527
2.77,2526
2.77,2525
2.78,2524
2.78,2523
2.78,2522
2.78,2521
2.78,2520
2.79,2519
2.79,2518
2.79,2517
2.79,2516
2.79,2515
2.80,2514
2.80,2513
2.80,2512
2.80,2511
2.80,2510
2.81,2509
2.81,2508
2.81,2507
2.81,2506
2.81,2505
2.82,2504
2.82,2503
2.82,2502
2.82,2501
2.82,2500
2.83,2499
2.83,2498
2.83,2497
2.83,2496
2.83,2495
2.84,2494
2.84,2493
2.84,2492
2.84,2491
2.84,2490
2.85,2489
2.85,2488
2.85,2487
2.85,2486
2.85,2485
2.86,2484
2.86,2483
2.86,2482
2.86,2481
2.86,2480
2.87,2479
2.87,2478
2.87,2477
2.87,2476
2.87,2475
2.88,2474
2.88,2473
2.88,2472
2.88,2471
2.88,2470
2.88,2469
2.89,2468
2.89,2467
2.89,2466
2.89,2465
2.90,2464
2.90,2463
2.90,2462
2.90,2461
2.90,2460
2.91,2459
2.91,2458
2.91,2457
2.91,2456
2.91,2455
2.92,2454
2.92,2453
2.92,2452
2.92,2451
2.92,2450
2.93,2449
2.93,2448
2.93,2447
2.93,2446
2.93,2445
2.94,2444
2.94,2443
2.94,2442
2.94,2441
2.94,2440
2.95,2439
2.95,2438
2.95,2437
2.95,2436
2.95,2435
2.96,2434
2.96,2433
2.96,2432
2.96,2431
2.96,2430
2.97,2429
2.97,2428
2.97,2427
2.97,2426
2.97,2425
2.98,2424
2.98,2423
2.98,2422
2.98,2421
2.98,2420
2.99,2419
2.99,2418
2.99,2417
2.99,2416
3.00,2415
3.00,2414
3.00,2413
3.00,2412
3.00,2411
3.01,2410
3.01,2409
3.01,2408
3.01,2407
3.01,2406
3.02,2405
3.02,2404
3.02,2403
3.02,2402
3.02,2401
3.03,2400
3.03,2399
3.03,2398
3.03,2397
3.03,2396
3.04,2395
3.04,2394
3.04,2393
3.04,2392
3.04,2391
3.05,2390
3.05,2389
3.05,2388
3.05,2387
3.05,2386
3.05,2385
3.06,2384
3.06,2383
3.06,2382
3.06,2381
3.07,2380
3.07,2379
3.07,2378
3.07,2377
3.07,2376
3.08,2375
3.08,2374
3.08,2373
3.08,2372
3.08,2371
3.09,2370
3.09,2369
3.09,2368
3.09,2367
3.10,2366
