0.10,3684
0.16,3683
0.18,3682
0.19,3681
0.19,3680
0.20,3679
0.21,3678
0.22,3677
0.22,3676
0.23,3675
0.23,3674
0.24,3673
0.24,3672
0.25,3671
0.25,3670
0.26,3669
0.27,3668
0.27,3667
0.28,3666
0.29,3665
0.29,3664
0.30,3663
0.30,3662
0.31,3661
0.31,3660
0.32,3659
0.33,3658
0.33,3657
0.34,3656
0.34,3655
0.35,3654
0.35,3653
0.36,3652
0.36,3651
0.37,3650
0.37,3649
0.38,3648
0.38,3647
0.38,3646
0.39,3645
0.39,3644
0.40,3643
0.40,3642
0.41,3641
0.41,3640
0.42,3639
0.42,3638
0.42,3637
0.43,3636
0.43,3635
0.43,3634
0.43,3633
0.44,3632
0.44,3631
0.44,3630
0.44,3629
0.45,3628
0.45,3627
0.45,3626
0.45,3625
0.45,3624
0.46,3623
0.46,3622
0.46,3621
0.46,3620
0.47,3619
0.47,3618
0.47,3617
0.47,3616
0.47,3615
0.48,3614
0.48,3613
0.48,3612
0.48,3611
0.49,3610
0.49,3609
0.49,3608
0.49,3607
0.50,3606
0.50,3605
0.50,3604
0.50,3603
0.50,3602
0.51,3601
0.51,3600
0.51,3599
0.51,3598
0.52,3597
0.52,3596
0.52,3595
0.52,3594
0.52,3593
0.53,3592
0.53,3591
0.53,3590
0.53,3589
0.54,3588
0.54,3587
0.54,3586
0.54,3585
0.54,3584
0.55,3583
0.55,3582
0.55,3581
0.55,3580
0.55,3579
0.56,3578
0.56,3577
0.56,3576
0.56,3575
0.57,3574
0.57,3573
0.57,3572
0.57,3571
0.57,3570
0.58,3569
0.58,3568
0.58,3567
0.58,3566
0.59,3565
0.59,3564
0.59,3563
0.59,3562
0.59,3561
0.60,3560
0.60,3559
0.60,3558
0.61,3557
0.61,3556
0.61,3555
0.62,3554
0.62,3553
0.62,3552
0.62,3551
0.63,3550
0.63,3549
0.63,3548
0.63,3547
0.64,3546
0.64,3545
0.64,3544
0.64,3543
0.65,3542
0.65,3541
0.65,3540
0.65,3539
0.66,3538
0.66,3537
0.66,3536
0.66,3535
0.66,3534
0.67,3533
0.67,3532
0.67,3531
0.67,3530
0.68,3529
0.68,3528
0.68,3527
0.68,3526
0.69,3525
0.69,3524
0.69,3523
0.69,3522
0.69,3521
0.70,3520
0.70,3519
0.70,3518
0.70,3517
0.71,3516
0.71,3515
0.71,3514
0.71,3513
0.71,3512
0.72,3511
0.72,3510
0.72,3509
0.72,3508
0.73,3507
0.73,3506
0.73,3505
0.73,3504
0.73,3503
0.74,3502
0.74,3501
0.74,3500
0.74,3499
0.75,3498
0.75,3497
0.75,3496
0.75,3495
0.75,3494
0.76,3493
0.76,3492
0.76,3491
0.76,3490
0.77,3489
0.77,3488
0.77,3487
0.77,3486
0.78,3485
0.78,3484
0.78,3483
0.78,3482
0.78,3481
0.79,3480
0.79,3479
0.79,3478
0.79,3477
0.80,3476
0.80,3475
0.80,3474
0.80,3473
0.81,3472
0.81,3471
0.81,3470
0.81,3469
0.82,3468
0.82,3467
0.82,3466
0.82,3465
0.83,3464
0.83,3463
0.83,3462
0.83,3461
0.84,3460
0.84,3459
0.84,3458
0.84,3457
0.84,3456
0.85,3455
0.85,3454
0.85,3453
0.85,3452
0.86,3451
0.86,3450
0.86,3449
0.86,3448
0.86,3447
0.87,3446
0.87,3445
0.87,3444
0.88,3443
0.88,3442
0.88,3441
0.88,3440
0.88,3439
0.89,3438
0.89,3437
0.89,3436
0.89,3435
0.90,3434
0.90,3433
0.90,3432
0.90,3431
0.90,3430
0.91,3429
0.91,3428
0.91,3427
0.91,3426
0.92,3425
0.92,3424
0.92,3423
0.92,3422
0.93,3421
0.93,3420
0.93,3419
0.93,3418
0.93,3417
0.94,3416
0.94,3415
0.94,3414
0.94,3413
0.95,3412
0.95,3411
0.95,3410
0.95,3409
0.95,3408
0.96,3407
0.96,3406
0.96,3405
0.96,3404
0.97,3403
0.97,3402
0.97,3401
0.97,3400
0.97,3399
0.98,3398
0.98,3397
0.98,3396
0.98,3395
0.99,3394
0.99,3393
0.99,3392
0.99,3391
0.99,3390
1.00,3389
1.00,3388
1.00,3387
1.01,3386
1.01,3385
1.01,3384
1.01,3383
1.02,3382
1.02,3381
1.02,3380
1.02,3379
1.02,3378
1.03,3377
1.03,3376
1.03,3375
1.03,3374
1.04,3373
1.04,3372
1.04,3371
1.04,3370
1.04,3369
1.05,3368
1.05,3367
1.05,3366
1.05,3365
1.06,3364
1.06,3363
1.06,3362
1.06,3361
1.06,3360
1.07,3359
1.07,3358
1.07,3357
1.07,3356
1.07,3355
1.08,3354
1.08,3353
1.08,3352
1.08,3351
1.09,3350
1.09,3349
1.09,3348
1.09,3347
1.09,3346
1.10,3345
1.10,3344
1.10,3343
1.10,3342
1.10,3341
1.11,3340
1.11,3339
1.11,3338
1.11,3337
1.12,3336
1.12,3335
1.12,3334
1.12,3333
1.12,3332
1.13,3331
1.13,3330
1.13,3329
1.13,3328
1.14,3327
1.14,3326
1.14,3325
1.14,3324
1.14,3323
1.15,3322
1.15,3321
1.15,3320
1.15,3319
1.16,3318
1.16,3317
1.16,3316
1.16,3315
1.16,3314
1.17,3313
1.17,3312
1.17,3311
1.17,3310
1.17,3309
1.18,3308
1.18,3307
1.18,3306
1.18,3305
1.19,3304
1.19,3303
1.19,3302
1.19,3301
1.19,3300
1.20,3299
1.20,3298
1.20,3297
1.21,3296
1.21,3295
1.21,3294
1.21,3293
1.22,3292
1.22,3291
1.22,3290
1.22,3289
1.22,3288
1.23,3287
1.23,3286
1.23,3285
1.23,3284
1.24,3283
1.24,3282
1.24,3281
1.24,3280
1.25,3279
1.25,3278
1.25,3277
1.26,3276
1.26,3275
1.26,3274
1.26,3273
1.27,3272
1.27,3271
1.27,3270
1.27,3269
1.28,3268
1.28,3267
1.28,3266
1.28,3265
1.29,3264
1.29,3263
1.29,3262
1.29,3261
1.30,3260
1.30,3259
1.30,3258
1.31,3257
1.31,3256
1.31,3255
1.31,3254
1.32,3253
1.32,3252
1.32,3251
1.32,3250
1.33,3249
1.33,3248
1.33,3247
1.33,3246
1.34,3245
1.34,3244
1.34,3243
1.34,3242
1.35,3241
1.35,3240
1.35,3239
1.36,3238
1.36,3237
1.36,3236
1.36,3235
1.37,3234
1.37,3233
1.37,3232
1.37,3231
1.38,3230
1.38,3229
1.38,3228
1.38,3227
1.39,3226
1.39,3225
1.39,3224
1.40,3223
1.40,3222
1.40,3221
1.40,3220
1.41,3219
1.41,3218
1.41,3217
1.42,3216
1.42,3215
1.42,3214
1.42,3213
1.42,3212
1.43,3211
1.43,3210
1.43,3209
1.43,3208
1.43,3207
1.44,3206
1.44,3205
1.44,3204
1.44,3203
1.44,3202
1.45,3201
1.45,3200
1.45,3199
1.45,3198
1.46,3197
1.46,3196
1.46,3195
1.46,3194
1.46,3193
1.47,3192
1.47,3191
1.47,3190
1.47,3189
1.48,3188
1.48,3187
1.48,3186
1.48,3185
1.48,3184
1.49,3183
1.49,3182
1.49,3181
1.49,3180
1.50,3179
1.50,3178
1.50,3177
1.50,3176
1.50,3175
1.51,3174
1.51,3173
1.51,3172
1.51,3171
1.51,3170
1.52,3169
1.52,3168
1.52,3167
1.52,3166
1.53,3165
1.53,3164
1.53,3163
1.53,3162
1.53,3161
1.54,3160
1.54,3159
1.54,3158
1.54,3157
1.54,3156
1.55,3155
1.55,3154
1.55,3153
1.55,3152
1.55,3151
1.56,3150
1.56,3149
1.56,3148
1.56,3147
1.57,3146
1.57,3145
1.57,3144
1.57,3143
1.57,3142
1.58,3141
1.58,3140
1.58,3139
1.58,3138
1.58,3137
1.59,3136
1.59,3135
1.59,3134
1.59,3133
1.59,3132
1.60,3131
1.60,3130
1.60,3129
1.60,3128
1.61,3127
1.61,3126
1.61,3125
1.61,3124
1.61,3123
1.62,3122
1.62,3121
1.62,3120
1.62,3119
1.62,3118
1.63,3117
1.63,3116
1.63,3115
1.63,3114
1.64,3113
1.64,3112
1.64,3111
1.64,3110
1.64,3109
1.65,3108
1.65,3107
1.65,3106
1.65,3105
1.65,3104
1.66,3103
1.66,3102
1.66,3101
1.66,3100
1.67,3099
1.67,3098
1.67,3097
1.67,3096
1.67,3095
1.67,3094
1.68,3093
1.68,3092
1.68,3091
1.68,3090
1.68,3089
1.69,3088
1.69,3087
1.69,3086
1.69,3085
1.70,3084
1.70,3083
1.70,3082
1.70,3081
1.70,3080
1.71,3079
1.71,3078
1.71,3077
1.71,3076
1.71,3075
1.72,3074
1.72,3073
1.72,3072
1.72,3071
1.72,3070
1.73,3069
1.73,3068
1.73,3067
1.73,3066
1.73,3065
1.74,3064
1.74,3063
1.74,3062
1.74,3061
1.74,3060
1.75,3059
1.75,3058
1.75,3057
1.75,3056
1.76,3055
1.76,3054
1.76,3053
1.76,3052
1.77,3051
1.77,3050
1.77,3049
1.77,3048
1.77,3047
1.78,3046
1.78,3045
1.78,3044
1.78,3043
1.78,3042
1.79,3041
1.79,3040
1.79,3039
1.79,3038
1.80,3037
1.80,3036
1.80,3035
1.80,3034
1.80,3033
1.81,3032
1.81,3031
1.81,3030
1.81,3029
1.81,3028
1.82,3027
1.82,3026
1.82,3025
1.82,3024
1.82,3023
1.83,3022
1.83,3021
1.83,3020
1.83,3019
1.83,3018
1.84,3017
1.84,3016
1.84,3015
1.84,3014
1.84,3013
1.85,3012
1.85,3011
1.85,3010
1.85,3009
1.85,3008
1.86,3007
1.86,3006
1.86,3005
1.86,3004
1.86,3003
1.87,3002
1.87,3001
1.87,3000
1.87,2999
1.87,2998
1.88,2997
1.88,2996
1.88,2995
1.88,2994
1.88,2993
1.89,2992
1.89,2991
1.89,2990
1.89,2989
1.89,2988
1.90,2987
1.90,2986
1.90,2985
1.90,2984
1.90,2983
1.91,2982
1.91,2981
1.91,2980
1.91,2979
1.91,2978
1.92,2977
1.92,2976
1.92,2975
1.92,2974
1.93,2973
1.93,2972
1.93,2971
1.93,2970
1.93,2969
1.94,2968
1.94,2967
1.94,2966
1.94,2965
1.94,2964
1.95,2963
1.95,2962
1.95,2961
1.95,2960
1.95,2959
1.96,2958
1.96,2957
1.96,2956
1.96,2955
1.96,2954
1.97,2953
1.97,2952
1.97,2951
1.97,2950
1.97,2949
1.98,2948
1.98,2947
1.98,2946
1.98,2945
1.98,2944
1.99,2943
1.99,2942
1.99,2941
1.99,2940
1.99,2939
2.00,2938
2.00,2937
2.00,2936
2.00,2935
2.00,2934
2.01,2933
2.01,2932
2.01,2931
2.01,2930
2.01,2929
2.02,2928
2.02,2927
2.02,2926
2.02,2925
2.02,2924
2.03,2923
2.03,2922
2.03,2921
2.03,2920
2.03,2919
2.04,2918
2.04,2917
2.04,2916
2.04,2915
2.04,2914
2.05,2913
2.05,2912
2.05,2911
2.05,2910
2.05,2909
2.06,2908
2.06,2907
2.06,2906
2.06,2905
2.06,2904
2.07,2903
2.07,2902
2.07,2901
2.07,2900
2.07,2899
2.08,2898
2.08,2897
2.08,2896
2.08,2895
2.09,2894
2.09,2893
2.09,2892
2.09,2891
2.09,2890
2.10,2889
2.10,2888
2.10,2887
2.10,2886
2.11,2885
2.11,2884
2.11,2883
2.11,2882
2.12,2881
2.12,2880
2.12,2879
2.12,2878
2.13,2877
2.13,2876
2.13,2875
2.13,2874
2.13,2873
2.14,2872
2.14,2871
2.14,2870
2.14,2869
2.14,2868
2.15,2867
2.15,2866
2.15,2865
2.15,2864
2.15,2863
2.16,2862
2.16,2861
2.16,2860
2.16,2859
2.16,2858
2.17,2857
2.17,2856
2.17,2855
2.17,2854
2.17,2853
2.18,2852
2.18,2851
2.18,2850
2.18,2849
2.19,2848
2.19,2847
2.19,2846
2.19,2845
2.19,2844
2.20,2843
2.20,2842
2.20,2841
2.20,2840
2.20,2839
2.21,2838
2.21,2837
2.21,2836
2.21,2835
2.21,2834
2.22,2833
2.22,2832
2.22,2831
2.22,2830
2.22,2829
2.23,2828
2.23,2827
2.23,2826
2.23,2825
2.23,2824
2.24,2823
2.24,2822
2.24,2821
2.24,2820
2.24,2819
2.25,2818
2.25,2817
2.25,2816
2.25,2815
2.25,2814
2.26,2813
2.26,2812
2.26,2811
2.26,2810
2.26,2809
2.27,2808
2.27,2807
2.27,2806
2.27,2805
2.28,2804
2.28,2803
2.28,2802
2.28,2801
2.28,2800
2.29,2799
2.29,2798
2.29,2797
2.29,2796
2.29,2795
2.30,2794
2.30,2793
2.30,2792
2.30,2791
2.30,2790
2.31,2789
2.31,2788
2.31,2787
2.31,2786
2.31,2785
2.32,2784
2.32,2783
2.32,2782
2.32,2781
2.32,2780
2.33,2779
2.33,2778
2.33,2777
2.33,2776
2.34,2775
2.34,2774
2.34,2773
2.34,2772
2.34,2771
2.35,2770
2.35,2769
2.35,2768
2.35,2767
2.35,2766
2.36,2765
2.36,2764
2.36,2763
2.36,2762
2.36,2761
2.37,2760
2.37,2759
2.37,2758
2.37,2757
2.38,2756
2.38,2755
2.38,2754
2.38,2753
2.38,2752
2.39,2751
2.39,2750
2.39,2749
2.39,2748
2.39,2747
2.40,2746
2.40,2745
2.40,2744
2.40,2743
2.41,2742
2.41,2741
2.41,2740
2.41,2739
2.41,2738
2.42,2737
2.42,2736
2.42,2735
2.42,2734
2.43,2733
2.43,2732
2.43,2731
2.43,2730
2.43,2729
2.44,2728
2.44,2727
2.44,2726
2.44,2725
2.44,2724
2.45,2723
2.45,2722
2.45,2721
2.45,2720
2.45,2719
2.46,2718
2.46,2717
2.46,2716
2.46,2715
2.46,2714
2.47,2713
2.47,2712
2.47,2711
2.47,2710
2.48,2709
2.48,2708
2.48,2707
2.48,2706
2.48,2705
2.49,2704
2.49,2703
2.49,2702
2.49,2701
2.49,2700
2.50,2699
2.50,2698
2.50,2697
2.50,2696
2.50,2695
2.51,2694
2.51,2693
2.51,2692
2.51,2691
2.51,2690
2.52,2689
2.52,2688
2.52,2687
2.52,2686
2.53,2685
2.53,2684
2.53,2683
2.53,2682
2.53,2681
2.54,2680
2.54,2679
2.54,2678
2.54,2677
2.54,2676
2.55,2675
2.55,2674
2.55,2673
2.55,2672
2.55,2671
2.56,2670
2.56,2669
2.56,2668
2.56,2667
2.56,2666
2.57,2665
2.57,2664
2.57,2663
2.57,2662
2.57,2661
2.58,2660
2.58,2659
2.58,2658
2.58,2657
2.58,2656
2.59,2655
2.59,2654
2.59,2653
2.59,2652
2.59,2651
2.60,2650
2.60,2649
2.60,2648
2.60,2647
2.60,2646
2.61,2645
2.61,2644
2.61,2643
2.61,2642
2.61,2641
2.62,2640
2.62,2639
2.62,2638
2.62,2637
2.62,2636
2.63,2635
2.63,2634
2.63,2633
2.63,2632
2.63,2631
2.64,2630
2.64,2629
2.64,2628
2.64,2627
2.64,2626
2.65,2625
2.65,2624
2.65,2623
2.65,2622
2.65,2621
2.66,2620
2.66,2619
2.66,2618
2.66,2617
2.66,2616
2.67,2615
2.67,2614
2.67,2613
2.67,2612
2.67,2611
2.68,2610
2.68,2609
2.68,2608
2.68,2607
2.68,2606
2.69,2605
2.69,2604
2.69,2603
2.69,2602
2.69,2601
2.69,2600
2.70,2599
2.70,2598
2.70,2597
2.70,2596
2.70,2595
2.71,2594
2.71,2593
2.71,2592
2.71,2591
2.71,2590
2.72,2589
2.72,2588
2.72,2587
2.72,2586
2.72,2585
2.73,2584
2.73,2583
2.73,2582
2.73,2581
2.73,2580
2.74,2579
2.74,2578
2.74,2577
2.74,2576
2.74,2575
2.75,2574
2.75,2573
2.75,2572
2.75,2571
2.75,2570
2.76,2569
2.76,2568
2.76,2567
2.76,2566
2.76,2565
2.77,2564
2.77,2563
2.77,2562
2.77,2561
2.77,2560
2.78,2559
2.78,2558
2.78,2557
2.78,2556
2.78,2555
2.79,2554
2.79,2553
2.79,2552
2.79,2551
2.79,2550
2.80,2549
2.80,2548
2.80,2547
2.80,2546
2.80,2545
2.81,2544
2.81,2543
2.81,2542
2.81,2541
2.81,2540
2.82,2539
2.82,2538
2.82,2537
2.82,2536
2.82,2535
2.83,2534
2.83,2533
2.83,2532
2.83,2531
2.84,2530
2.84,2529
2.84,2528
2.84,2527
2.84,2526
2.85,2525
2.85,2524
2.85,2523
2.85,2522
2.85,2521
2.86,2520
2.86,2519
2.86,2518
2.86,2517
2.86,2516
2.87,2515
2.87,2514
2.87,2513
2.87,2512
2.87,2511
2.88,2510
2.88,2509
2.88,2508
2.88,2507
2.88,2506
2.89,2505
2.89,2504
2.89,2503
2.89,2502
2.89,2501
2.90,2500
2.90,2499
2.90,2498
2.90,2497
2.90,2496
2.91,2495
2.91,2494
2.91,2493
2.91,2492
2.91,2491
2.92,2490
2.92,2489
2.92,2488
2.92,2487
2.92,2486
2.92,2485
2.93,2484
2.93,2483
2.93,2482
2.93,2481
2.94,2480
2.94,2479
2.94,2478
2.94,2477
2.94,2476
2.95,2475
2.95,2474
2.95,2473
2.95,2472
2.95,2471
2.96,2470
2.96,2469
2.96,2468
2.96,2467
2.96,2466
2.97,2465
2.97,2464
2.97,2463
2.97,2462
2.97,2461
2.97,2460
2.98,2459
2.98,2458
2.98,2457
2.98,2456
2.98,2455
2.99,2454
2.99,2453
2.99,2452
2.99,2451
2.99,2450
3.00,2449
3.00,2448
3.00,2447
3.00,2446
3.00,2445
3.01,2444
3.01,2443
3.01,2442
3.01,2441
3.01,2440
3.02,2439
3.02,2438
3.02,2437
3.02,2436
3.02,2435
3.03,2434
3.03,2433
3.03,2432
3.03,2431
3.03,2430
3.04,2429
3.04,2428
3.04,2427
3.04,2426
3.04,2425
3.05,2424
3.05,2423
3.05,2422
3.05,2421
3.05,2420
3.06,2419
3.06,2418
3.06,2417
3.06,2416
3.06,2415
3.07,2414
3.07,2413
3.07,2412
3.07,2411
3.07,2410
3.08,2409
3.08,2408
3.08,2407
3.08,2406
3.08,2405
3.09,2404
3.09,2403
3.09,2402
3.09,2401
3.09,2400
3.09,2399
3.10,2398
3.10,2397
3.10,2396
3.10,2395
3.10,2394
3.11,2393
3.11,2392
3.11,2391
3.11,2390
3.11,2389
3.12,2388
3.12,2387
3.12,2386
3.12,2385
3.12,2384
3.13,2383
3.13,2382
3.13,2381
3.13,2380
3.13,2379
3.14,2378
3.14,2377
3.14,2376
3.14,2375
3.15,2374
3.15,2373
3.15,2372
3.15,2371
3.15,2370
3.16,2369
3.16,2368
3.16,2367
3.16,2366
3.16,2365
3.17,2364
3.17,2363
