0.10,3622
0.16,3621
0.18,3620
0.18,3619
0.19,3618
0.20,3617
0.21,3616
0.22,3615
0.22,3614
0.23,3613
0.23,3612
0.24,3611
0.24,3610
0.25,3609
0.26,3608
0.26,3607
0.27,3606
0.27,3605
0.28,3604
0.29,3603
0.29,3602
0.30,3601
0.30,3600
0.31,3599
0.32,3598
0.32,3597
0.33,3596
0.33,3595
0.34,3594
0.34,3593
0.35,3592
0.35,3591
0.36,3590
0.36,3589
0.37,3588
0.37,3587
0.38,3586
0.38,3585
0.39,3584
0.39,3583
0.40,3582
0.40,3581
0.40,3580
0.41,3579
0.41,3578
0.42,3577
0.42,3576
0.43,3575
0.43,3574
0.43,3573
0.43,3572
0.44,3571
0.44,3570
0.44,3569
0.44,3568
0.44,3567
0.45,3566
0.45,3565
0.45,3564
0.45,3563
0.46,3562
0.46,3561
0.46,3560
0.46,3559
0.47,3558
0.47,3557
0.47,3556
0.47,3555
0.48,3554
0.48,3553
0.48,3552
0.48,3551
0.48,3550
0.49,3549
0.49,3548
0.49,3547
0.49,3546
0.50,3545
0.50,3544
0.50,3543
0.50,3542
0.50,3541
0.51,3540
0.51,3539
0.51,3538
0.51,3537
0.52,3536
0.52,3535
0.52,3534
0.52,3533
0.53,3532
0.53,3531
0.53,3530
0.53,3529
0.53,3528
0.54,3527
0.54,3526
0.54,3525
0.54,3524
0.55,3523
0.55,3522
0.55,3521
0.55,3520
0.56,3519
0.56,3518
0.56,3517
0.56,3516
0.56,3515
0.57,3514
0.57,3513
0.57,3512
0.57,3511
0.58,3510
0.58,3509
0.58,3508
0.58,3507
0.59,3506
0.59,3505
0.59,3504
0.59,3503
0.59,3502
0.60,3501
0.60,3500
0.60,3499
0.60,3498
0.61,3497
0.61,3496
0.61,3495
0.61,3494
0.62,3493
0.62,3492
0.62,3491
0.62,3490
0.63,3489
0.63,3488
0.63,3487
0.63,3486
0.63,3485
0.64,3484
0.64,3483
0.64,3482
0.64,3481
0.65,3480
0.65,3479
0.65,3478
0.65,3477
0.66,3476
0.66,3475
0.66,3474
0.66,3473
0.66,3472
0.67,3471
0.67,3470
0.67,3469
0.67,3468
0.68,3467
0.68,3466
0.68,3465
0.68,3464
0.68,3463
0.69,3462
0.69,3461
0.69,3460
0.69,3459
0.70,3458
0.70,3457
0.70,3456
0.70,3455
0.71,3454
0.71,3453
0.71,3452
0.71,3451
0.71,3450
0.72,3449
0.72,3448
0.72,3447
0.72,3446
0.73,3445
0.73,3444
0.73,3443
0.73,3442
0.73,3441
0.74,3440
0.74,3439
0.74,3438
0.74,3437
0.75,3436
0.75,3435
0.75,3434
0.75,3433
0.75,3432
0.76,3431
0.76,3430
0.76,3429
0.76,3428
0.76,3427
0.77,3426
0.77,3425
0.77,3424
0.77,3423
0.78,3422
0.78,3421
0.78,3420
0.78,3419
0.78,3418
0.79,3417
0.79,3416
0.79,3415
0.79,3414
0.80,3413
0.80,3412
0.80,3411
0.80,3410
0.81,3409
0.81,3408
0.81,3407
0.81,3406
0.82,3405
0.82,3404
0.82,3403
0.82,3402
0.82,3401
0.83,3400
0.83,3399
0.83,3398
0.83,3397
0.84,3396
0.84,3395
0.84,3394
0.84,3393
0.84,3392
0.85,3391
0.85,3390
0.85,3389
0.85,3388
0.86,3387
0.86,3386
0.86,3385
0.86,3384
0.86,3383
0.87,3382
0.87,3381
0.87,3380
0.87,3379
0.88,3378
0.88,3377
0.88,3376
0.88,3375
0.89,3374
0.89,3373
0.89,3372
0.89,3371
0.89,3370
0.90,3369
0.90,3368
0.90,3367
0.90,3366
0.91,3365
0.91,3364
0.91,3363
0.91,3362
0.91,3361
0.92,3360
0.92,3359
0.92,3358
0.92,3357
0.93,3356
0.93,3355
0.93,3354
0.93,3353
0.93,3352
0.94,3351
0.94,3350
0.94,3349
0.94,3348
0.95,3347
0.95,3346
0.95,3345
0.95,3344
0.95,3343
0.96,3342
0.96,3341
0.96,3340
0.96,3339
0.96,3338
0.97,3337
0.97,3336
0.97,3335
0.97,3334
0.98,3333
0.98,3332
0.98,3331
0.98,3330
0.99,3329
0.99,3328
0.99,3327
1.00,3326
1.00,3325
1.00,3324
1.00,3323
1.00,3322
1.01,3321
1.01,3320
1.01,3319
1.01,3318
1.01,3317
1.02,3316
1.02,3315
1.02,3314
1.02,3313
1.03,3312
1.03,3311
1.03,3310
1.03,3309
1.03,3308
1.04,3307
1.04,3306
1.04,3305
1.04,3304
1.04,3303
1.05,3302
1.05,3301
1.05,3300
1.05,3299
1.06,3298
1.06,3297
1.06,3296
1.06,3295
1.06,3294
1.07,3293
1.07,3292
1.07,3291
1.07,3290
1.08,3289
1.08,3288
1.08,3287
1.08,3286
1.08,3285
1.09,3284
1.09,3283
1.09,3282
1.09,3281
1.09,3280
1.10,3279
1.10,3278
1.10,3277
1.10,3276
1.11,3275
1.11,3274
1.11,3273
1.11,3272
1.11,3271
1.12,3270
1.12,3269
1.12,3268
1.12,3267
1.13,3266
1.13,3265
1.13,3264
1.13,3263
1.13,3262
1.14,3261
1.14,3260
1.14,3259
1.14,3258
1.14,3257
1.15,3256
1.15,3255
1.15,3254
1.15,3253
1.16,3252
1.16,3251
1.16,3250
1.16,3249
1.16,3248
1.17,3247
1.17,3246
1.17,3245
1.17,3244
1.17,3243
1.18,3242
1.18,3241
1.18,3240
1.18,3239
1.19,3238
1.19,3237
1.19,3236
1.19,3235
1.20,3234
1.20,3233
1.20,3232
1.20,3231
1.21,3230
1.21,3229
1.21,3228
1.21,3227
1.22,3226
1.22,3225
1.22,3224
1.22,3223
1.23,3222
1.23,3221
1.23,3220
1.23,3219
1.24,3218
1.24,3217
1.24,3216
1.24,3215
1.25,3214
1.25,3213
1.25,3212
1.25,3211
1.26,3210
1.26,3209
1.26,3208
1.26,3207
1.27,3206
1.27,3205
1.27,3204
1.27,3203
1.28,3202
1.28,3201
1.28,3200
1.29,3199
1.29,3198
1.29,3197
1.29,3196
1.30,3195
1.30,3194
1.30,3193
1.30,3192
1.31,3191
1.31,3190
1.31,3189
1.31,3188
1.32,3187
1.32,3186
1.32,3185
1.32,3184
1.33,3183
1.33,3182
1.33,3181
1.33,3180
1.34,3179
1.34,3178
1.34,3177
1.34,3176
1.35,3175
1.35,3174
1.35,3173
1.35,3172
1.36,3171
1.36,3170
1.36,3169
1.36,3168
1.37,3167
1.37,3166
1.37,3165
1.37,3164
1.38,3163
1.38,3162
1.38,3161
1.38,3160
1.39,3159
1.39,3158
1.40,3157
1.40,3156
1.40,3155
1.40,3154
1.40,3153
1.41,3152
1.41,3151
1.41,3150
1.41,3149
1.41,3148
1.42,3147
1.42,3146
1.42,3145
1.42,3144
1.42,3143
1.43,3142
1.43,3141
1.43,3140
1.43,3139
1.43,3138
1.44,3137
1.44,3136
1.44,3135
1.44,3134
1.44,3133
1.45,3132
1.45,3131
1.45,3130
1.45,3129
1.46,3128
1.46,3127
1.46,3126
1.46,3125
1.46,3124
1.47,3123
1.47,3122
1.47,3121
1.47,3120
1.47,3119
1.48,3118
1.48,3117
1.48,3116
1.48,3115
1.49,3114
1.49,3113
1.49,3112
1.49,3111
1.49,3110
1.50,3109
1.50,3108
1.50,3107
1.50,3106
1.50,3105
1.51,3104
1.51,3103
1.51,3102
1.51,3101
1.51,3100
1.52,3099
1.52,3098
1.52,3097
1.52,3096
1.52,3095
1.53,3094
1.53,3093
1.53,3092
1.53,3091
1.53,3090
1.54,3089
1.54,3088
1.54,3087
1.54,3086
1.54,3085
1.55,3084
1.55,3083
1.55,3082
1.55,3081
1.55,3080
1.56,3079
1.56,3078
1.56,3077
1.56,3076
1.56,3075
1.57,3074
1.57,3073
1.57,3072
1.57,3071
1.57,3070
1.58,3069
1.58,3068
1.58,3067
1.58,3066
1.59,3065
1.59,3064
1.59,3063
1.59,3062
1.59,3061
1.59,3060
1.60,3059
1.60,3058
1.60,3057
1.60,3056
1.61,3055
1.61,3054
1.61,3053
1.61,3052
1.61,3051
1.62,3050
1.62,3049
1.62,3048
1.62,3047
1.62,3046
1.63,3045
1.63,3044
1.63,3043
1.63,3042
1.63,3041
1.64,3040
1.64,3039
1.64,3038
1.64,3037
1.64,3036
1.65,3035
1.65,3034
1.65,3033
1.65,3032
1.66,3031
1.66,3030
1.66,3029
1.66,3028
1.66,3027
1.67,3026
1.67,3025
1.67,3024
1.67,3023
1.67,3022
1.68,3021
1.68,3020
1.68,3019
1.68,3018
1.69,3017
1.69,3016
1.69,3015
1.69,3014
1.69,3013
1.70,3012
1.70,3011
1.70,3010
1.70,3009
1.70,3008
1.71,3007
1.71,3006
1.71,3005
1.71,3004
1.71,3003
1.72,3002
1.72,3001
1.72,3000
1.72,2999
1.72,2998
1.73,2997
1.73,2996
1.73,2995
1.73,2994
1.74,2993
1.74,2992
1.74,2991
1.74,2990
1.74,2989
1.75,2988
1.75,2987
1.75,2986
1.75,2985
1.75,2984
1.76,2983
1.76,2982
1.76,2981
1.77,2980
1.77,2979
1.77,2978
1.77,2977
1.77,2976
1.78,2975
1.78,2974
1.78,2973
1.78,2972
1.78,2971
1.79,2970
1.79,2969
1.79,2968
1.79,2967
1.80,2966
1.80,2965
1.80,2964
1.80,2963
1.80,2962
1.81,2961
1.81,2960
1.81,2959
1.81,2958
1.81,2957
1.82,2956
1.82,2955
1.82,2954
1.82,2953
1.83,2952
1.83,2951
1.83,2950
1.83,2949
1.83,2948
1.84,2947
1.84,2946
1.84,2945
1.84,2944
1.84,2943
1.85,2942
1.85,2941
1.85,2940
1.85,2939
1.85,2938
1.86,2937
1.86,2936
1.86,2935
1.86,2934
1.86,2933
1.87,2932
1.87,2931
1.87,2930
1.87,2929
1.88,2928
1.88,2927
1.88,2926
1.88,2925
1.88,2924
1.89,2923
1.89,2922
1.89,2921
1.89,2920
1.89,2919
1.90,2918
1.90,2917
1.90,2916
1.90,2915
1.90,2914
1.91,2913
1.91,2912
1.91,2911
1.91,2910
1.91,2909
1.92,2908
1.92,2907
1.92,2906
1.92,2905
1.93,2904
1.93,2903
1.93,2902
1.93,2901
1.93,2900
1.94,2899
1.94,2898
1.94,2897
1.94,2896
1.94,2895
1.95,2894
1.95,2893
1.95,2892
1.95,2891
1.95,2890
1.96,2889
1.96,2888
1.96,2887
1.96,2886
1.96,2885
1.97,2884
1.97,2883
1.97,2882
1.97,2881
1.97,2880
1.98,2879
1.98,2878
1.98,2877
1.98,2876
1.98,2875
1.99,2874
1.99,2873
1.99,2872
1.99,2871
1.99,2870
2.00,2869
2.00,2868
2.00,2867
2.00,2866
2.00,2865
2.01,2864
2.01,2863
2.01,2862
2.01,2861
2.01,2860
2.02,2859
2.02,2858
2.02,2857
2.02,2856
2.02,2855
2.03,2854
2.03,2853
2.03,2852
2.03,2851
2.03,2850
2.04,2849
2.04,2848
2.04,2847
2.04,2846
2.04,2845
2.05,2844
2.05,2843
2.05,2842
2.05,2841
2.05,2840
2.06,2839
2.06,2838
2.06,2837
2.06,2836
2.06,2835
2.07,2834
2.07,2833
2.07,2832
2.07,2831
2.07,2830
2.08,2829
2.08,2828
2.08,2827
2.08,2826
2.08,2825
2.09,2824
2.09,2823
2.09,2822
2.09,2821
2.09,2820
2.10,2819
2.10,2818
2.10,2817
2.10,2816
2.10,2815
2.11,2814
2.11,2813
2.11,2812
2.11,2811
2.11,2810
2.12,2809
2.12,2808
2.12,2807
2.13,2806
2.13,2805
2.13,2804
2.13,2803
2.14,2802
2.14,2801
2.14,2800
2.14,2799
2.14,2798
2.14,2797
2.15,2796
2.15,2795
2.15,2794
2.15,2793
2.15,2792
2.16,2791
2.16,2790
2.16,2789
2.16,2788
2.17,2787
2.17,2786
2.17,2785
2.17,2784
2.17,2783
2.18,2782
2.18,2781
2.18,2780
2.18,2779
2.18,2778
2.19,2777
2.19,2776
2.19,2775
2.19,2774
2.19,2773
2.20,2772
2.20,2771
2.20,2770
2.20,2769
2.20,2768
2.21,2767
2.21,2766
2.21,2765
2.21,2764
2.21,2763
2.22,2762
2.22,2761
2.22,2760
2.22,2759
2.22,2758
2.23,2757
2.23,2756
2.23,2755
2.23,2754
2.23,2753
2.24,2752
2.24,2751
2.24,2750
2.24,2749
2.24,2748
2.24,2747
2.25,2746
2.25,2745
2.25,2744
2.25,2743
2.25,2742
2.26,2741
2.26,2740
2.26,2739
2.26,2738
2.26,2737
2.27,2736
2.27,2735
2.27,2734
2.27,2733
2.27,2732
2.28,2731
2.28,2730
2.28,2729
2.28,2728
2.28,2727
2.29,2726
2.29,2725
2.29,2724
2.29,2723
2.29,2722
2.30,2721
2.30,2720
2.30,2719
2.30,2718
2.30,2717
2.31,2716
2.31,2715
2.31,2714
2.31,2713
2.31,2712
2.32,2711
2.32,2710
2.32,2709
2.32,2708
2.32,2707
2.33,2706
2.33,2705
2.33,2704
2.33,2703
2.33,2702
2.34,2701
2.34,2700
2.34,2699
2.34,2698
2.34,2697
2.35,2696
2.35,2695
2.35,2694
2.35,2693
2.35,2692
2.36,2691
2.36,2690
2.36,2689
2.36,2688
2.36,2687
2.37,2686
2.37,2685
2.37,2684
2.37,2683
2.37,2682
2.38,2681
2.38,2680
2.38,2679
2.38,2678
2.38,2677
2.39,2676
2.39,2675
2.39,2674
2.39,2673
2.39,2672
2.39,2671
2.40,2670
2.40,2669
2.40,2668
2.40,2667
2.40,2666
2.41,2665
2.41,2664
2.41,2663
2.41,2662
2.41,2661
2.42,2660
2.42,2659
2.42,2658
2.42,2657
2.42,2656
2.43,2655
2.43,2654
2.43,2653
2.43,2652
2.43,2651
2.44,2650
2.44,2649
2.44,2648
2.44,2647
2.45,2646
2.45,2645
2.45,2644
2.45,2643
2.45,2642
2.46,2641
2.46,2640
2.46,2639
2.46,2638
2.46,2637
2.47,2636
2.47,2635
2.47,2634
2.47,2633
2.47,2632
2.48,2631
2.48,2630
2.48,2629
2.48,2628
2.48,2627
2.49,2626
2.49,2625
2.49,2624
2.49,2623
2.49,2622
2.50,2621
2.50,2620
2.50,2619
2.50,2618
2.51,2617
2.51,2616
2.51,2615
2.51,2614
2.51,2613
2.52,2612
2.52,2611
2.52,2610
2.52,2609
2.52,2608
2.53,2607
2.53,2606
2.53,2605
2.53,2604
2.53,2603
2.54,2602
2.54,2601
2.54,2600
2.54,2599
2.54,2598
2.54,2597
2.55,2596
2.55,2595
2.55,2594
2.55,2593
2.56,2592
2.56,2591
2.56,2590
2.56,2589
2.56,2588
2.57,2587
2.57,2586
2.57,2585
2.57,2584
2.57,2583
2.58,2582
2.58,2581
2.58,2580
2.58,2579
2.58,2578
2.59,2577
2.59,2576
2.59,2575
2.59,2574
2.59,2573
2.60,2572
2.60,2571
2.60,2570
2.60,2569
2.60,2568
2.61,2567
2.61,2566
2.61,2565
2.61,2564
2.61,2563
2.62,2562
2.62,2561
2.62,2560
2.62,2559
2.62,2558
2.63,2557
2.63,2556
2.63,2555
2.63,2554
2.63,2553
2.64,2552
2.64,2551
2.64,2550
2.64,2549
2.64,2548
2.65,2547
2.65,2546
2.65,2545
2.65,2544
2.65,2543
2.66,2542
2.66,2541
2.66,2540
2.66,2539
2.66,2538
2.67,2537
2.67,2536
2.67,2535
2.67,2534
2.67,2533
2.68,2532
2.68,2531
2.68,2530
2.68,2529
2.68,2528
2.68,2527
2.69,2526
2.69,2525
2.69,2524
2.69,2523
2.69,2522
2.70,2521
2.70,2520
2.70,2519
2.70,2518
2.70,2517
2.71,2516
2.71,2515
2.71,2514
2.71,2513
2.71,2512
2.72,2511
2.72,2510
2.72,2509
2.72,2508
2.72,2507
2.73,2506
2.73,2505
2.73,2504
2.73,2503
2.73,2502
2.74,2501
2.74,2500
2.74,2499
2.74,2498
2.74,2497
2.75,2496
2.75,2495
2.75,2494
2.75,2493
2.75,2492
2.76,2491
2.76,2490
2.76,2489
2.76,2488
2.76,2487
2.77,2486
2.77,2485
2.77,2484
2.77,2483
2.77,2482
2.78,2481
2.78,2480
2.78,2479
2.78,2478
2.78,2477
2.79,2476
2.79,2475
2.79,2474
2.79,2473
2.79,2472
2.79,2471
2.80,2470
2.80,2469
2.80,2468
2.80,2467
2.80,2466
2.81,2465
2.81,2464
2.81,2463
2.81,2462
2.81,2461
2.82,2460
2.82,2459
2.82,2458
2.82,2457
2.82,2456
2.83,2455
2.83,2454
2.83,2453
2.83,2452
2.83,2451
2.84,2450
2.84,2449
2.84,2448
2.84,2447
2.84,2446
2.85,2445
2.85,2444
2.85,2443
2.85,2442
2.85,2441
2.86,2440
2.86,2439
2.86,2438
2.86,2437
2.86,2436
2.86,2435
2.87,2434
2.87,2433
2.87,2432
2.87,2431
2.87,2430
2.88,2429
2.88,2428
2.88,2427
2.88,2426
2.88,2425
2.89,2424
2.89,2423
2.89,2422
2.89,2421
2.89,2420
2.90,2419
2.90,2418
2.90,2417
2.90,2416
2.90,2415
2.90,2414
2.91,2413
2.91,2412
2.91,2411
2.91,2410
2.91,2409
2.92,2408
2.92,2407
2.92,2406
2.92,2405
2.92,2404
2.93,2403
2.93,2402
2.93,2401
2.93,2400
2.93,2399
2.94,2398
2.94,2397
2.94,2396
2.94,2395
2.94,2394
2.95,2393
2.95,2392
2.95,2391
2.95,2390
2.95,2389
2.95,2388
2.96,2387
2.96,2386
2.96,2385
2.96,2384
2.96,2383
2.97,2382
2.97,2381
2.97,2380
2.97,2379
2.97,2378
2.98,2377
2.98,2376
2.98,2375
2.98,2374
2.98,2373
2.98,2372
2.99,2371
2.99,2370
2.99,2369
2.99,2368
2.99,2367
3.00,2366
3.00,2365
3.00,2364
3.01,2363
