0.09,3632
0.16,3631
0.17,3630
0.18,3629
0.19,3628
0.20,3627
0.21,3626
0.21,3625
0.22,3624
0.23,3623
0.23,3622
0.24,3621
0.25,3620
0.25,3619
0.26,3618
0.26,3617
0.27,3616
0.27,3615
0.28,3614
0.29,3613
0.29,3612
0.30,3611
0.30,3610
0.31,3609
0.31,3608
0.32,3607
0.32,3606
0.33,3605
0.34,3604
0.34,3603
0.35,3602
0.35,3601
0.36,3600
0.37,3599
0.37,3598
0.38,3597
0.38,3596
0.39,3595
0.39,3594
0.39,3593
0.40,3592
0.40,3591
0.41,3590
0.41,3589
0.41,3588
0.42,3587
0.42,3586
0.43,3585
0.43,3584
0.43,3583
0.43,3582
0.44,3581
0.44,3580
0.44,3579
0.44,3578
0.45,3577
0.45,3576
0.45,3575
0.45,3574
0.46,3573
0.46,3572
0.46,3571
0.46,3570
0.47,3569
0.47,3568
0.47,3567
0.47,3566
0.47,3565
0.48,3564
0.48,3563
0.48,3562
0.48,3561
0.49,3560
0.49,3559
0.49,3558
0.49,3557
0.50,3556
0.50,3555
0.50,3554
0.50,3553
0.51,3552
0.51,3551
0.51,3550
0.51,3549
0.51,3548
0.52,3547
0.52,3546
0.52,3545
0.52,3544
0.52,3543
0.53,3542
0.53,3541
0.53,3540
0.53,3539
0.53,3538
0.54,3537
0.54,3536
0.54,3535
0.54,3534
0.55,3533
0.55,3532
0.55,3531
0.55,3530
0.55,3529
0.56,3528
0.56,3527
0.56,3526
0.56,3525
0.56,3524
0.57,3523
0.57,3522
0.57,3521
0.57,3520
0.58,3519
0.58,3518
0.58,3517
0.58,3516
0.58,3515
0.59,3514
0.59,3513
0.59,3512
0.59,3511
0.60,3510
0.60,3509
0.60,3508
0.60,3507
0.60,3506
0.61,3505
0.61,3504
0.61,3503
0.62,3502
0.62,3501
0.62,3500
0.62,3499
0.63,3498
0.63,3497
0.63,3496
0.63,3495
0.63,3494
0.64,3493
0.64,3492
0.64,3491
0.64,3490
0.64,3489
0.65,3488
0.65,3487
0.65,3486
0.65,3485
0.65,3484
0.66,3483
0.66,3482
0.66,3481
0.66,3480
0.66,3479
0.67,3478
0.67,3477
0.67,3476
0.67,3475
0.68,3474
0.68,3473
0.68,3472
0.68,3471
0.68,3470
0.69,3469
0.69,3468
0.69,3467
0.69,3466
0.69,3465
0.70,3464
0.70,3463
0.70,3462
0.70,3461
0.70,3460
0.71,3459
0.71,3458
0.71,3457
0.71,3456
0.71,3455
0.72,3454
0.72,3453
0.72,3452
0.72,3451
0.73,3450
0.73,3449
0.73,3448
0.73,3447
0.73,3446
0.74,3445
0.74,3444
0.74,3443
0.74,3442
0.74,3441
0.75,3440
0.75,3439
0.75,3438
0.75,3437
0.76,3436
0.76,3435
0.76,3434
0.76,3433
0.76,3432
0.77,3431
0.77,3430
0.77,3429
0.77,3428
0.77,3427
0.78,3426
0.78,3425
0.78,3424
0.78,3423
0.79,3422
0.79,3421
0.79,3420
0.79,3419
0.80,3418
0.80,3417
0.80,3416
0.80,3415
0.80,3414
0.81,3413
0.81,3412
0.81,3411
0.81,3410
0.81,3409
0.82,3408
0.82,3407
0.82,3406
0.82,3405
0.82,3404
0.83,3403
0.83,3402
0.83,3401
0.83,3400
0.84,3399
0.84,3398
0.84,3397
0.84,3396
0.84,3395
0.85,3394
0.85,3393
0.85,3392
0.85,3391
0.85,3390
0.86,3389
0.86,3388
0.86,3387
0.86,3386
0.86,3385
0.87,3384
0.87,3383
0.87,3382
0.87,3381
0.88,3380
0.88,3379
0.88,3378
0.88,3377
0.88,3376
0.89,3375
0.89,3374
0.89,3373
0.89,3372
0.90,3371
0.90,3370
0.90,3369
0.90,3368
0.90,3367
0.91,3366
0.91,3365
0.91,3364
0.91,3363
0.92,3362
0.92,3361
0.92,3360
0.92,3359
0.92,3358
0.93,3357
0.93,3356
0.93,3355
0.93,3354
0.93,3353
0.94,3352
0.94,3351
0.94,3350
0.94,3349
0.94,3348
0.95,3347
0.95,3346
0.95,3345
0.95,3344
0.95,3343
0.96,3342
0.96,3341
0.96,3340
0.96,3339
0.96,3338
0.97,3337
0.97,3336
0.97,3335
0.98,3334
0.98,3333
0.98,3332
0.98,3331
0.98,3330
0.99,3329
0.99,3328
0.99,3327
0.99,3326
0.99,3325
1.00,3324
1.00,3323
1.00,3322
1.00,3321
1.00,3320
1.01,3319
1.01,3318
1.01,3317
1.01,3316
1.01,3315
1.02,3314
1.02,3313
1.02,3312
1.02,3311
1.03,3310
1.03,3309
1.03,3308
1.03,3307
1.03,3306
1.04,3305
1.04,3304
1.04,3303
1.04,3302
1.04,3301
1.05,3300
1.05,3299
1.05,3298
1.05,3297
1.05,3296
1.06,3295
1.06,3294
1.06,3293
1.06,3292
1.06,3291
1.07,3290
1.07,3289
1.07,3288
1.07,3287
1.08,3286
1.08,3285
1.08,3284
1.08,3283
1.08,3282
1.09,3281
1.09,3280
1.09,3279
1.09,3278
1.09,3277
1.10,3276
1.10,3275
1.10,3274
1.10,3273
1.10,3272
1.11,3271
1.11,3270
1.11,3269
1.11,3268
1.11,3267
1.12,3266
1.12,3265
1.12,3264
1.12,3263
1.12,3262
1.13,3261
1.13,3260
1.13,3259
1.13,3258
1.13,3257
1.14,3256
1.14,3255
1.14,3254
1.14,3253
1.15,3252
1.15,3251
1.15,3250
1.15,3249
1.15,3248
1.16,3247
1.16,3246
1.16,3245
1.16,3244
1.17,3243
1.17,3242
1.17,3241
1.17,3240
1.18,3239
1.18,3238
1.18,3237
1.18,3236
1.19,3235
1.19,3234
1.19,3233
1.19,3232
1.19,3231
1.20,3230
1.20,3229
1.20,3228
1.20,3227
1.21,3226
1.21,3225
1.21,3224
1.21,3223
1.22,3222
1.22,3221
1.22,3220
1.22,3219
1.23,3218
1.23,3217
1.23,3216
1.23,3215
1.24,3214
1.24,3213
1.24,3212
1.24,3211
1.25,3210
1.25,3209
1.25,3208
1.25,3207
1.26,3206
1.26,3205
1.26,3204
1.26,3203
1.27,3202
1.27,3201
1.27,3200
1.27,3199
1.28,3198
1.28,3197
1.28,3196
1.28,3195
1.29,3194
1.29,3193
1.29,3192
1.29,3191
1.30,3190
1.30,3189
1.30,3188
1.30,3187
1.31,3186
1.31,3185
1.31,3184
1.31,3183
1.32,3182
1.32,3181
1.32,3180
1.32,3179
1.33,3178
1.33,3177
1.33,3176
1.33,3175
1.34,3174
1.34,3173
1.34,3172
1.34,3171
1.35,3170
1.35,3169
1.35,3168
1.35,3167
1.36,3166
1.36,3165
1.36,3164
1.37,3163
1.37,3162
1.37,3161
1.37,3160
1.37,3159
1.37,3158
1.38,3157
1.38,3156
1.38,3155
1.38,3154
1.38,3153
1.39,3152
1.39,3151
1.39,3150
1.39,3149
1.39,3148
1.40,3147
1.40,3146
1.40,3145
1.40,3144
1.40,3143
1.41,3142
1.41,3141
1.41,3140
1.41,3139
1.41,3138
1.41,3137
1.42,3136
1.42,3135
1.42,3134
1.42,3133
1.42,3132
1.43,3131
1.43,3130
1.43,3129
1.43,3128
1.43,3127
1.44,3126
1.44,3125
1.44,3124
1.44,3123
1.44,3122
1.44,3121
1.45,3120
1.45,3119
1.45,3118
1.45,3117
1.45,3116
1.46,3115
1.46,3114
1.46,3113
1.46,3112
1.46,3111
1.47,3110
1.47,3109
1.47,3108
1.47,3107
1.47,3106
1.47,3105
1.48,3104
1.48,3103
1.48,3102
1.48,3101
1.48,3100
1.49,3099
1.49,3098
1.49,3097
1.49,3096
1.49,3095
1.50,3094
1.50,3093
1.50,3092
1.50,3091
1.50,3090
1.51,3089
1.51,3088
1.51,3087
1.51,3086
1.51,3085
1.51,3084
1.52,3083
1.52,3082
1.52,3081
1.52,3080
1.52,3079
1.53,3078
1.53,3077
1.53,3076
1.53,3075
1.53,3074
1.54,3073
1.54,3072
1.54,3071
1.54,3070
1.54,3069
1.54,3068
1.55,3067
1.55,3066
1.55,3065
1.55,3064
1.55,3063
1.56,3062
1.56,3061
1.56,3060
1.56,3059
1.56,3058
1.57,3057
1.57,3056
1.57,3055
1.57,3054
1.57,3053
1.58,3052
1.58,3051
1.58,3050
1.58,3049
1.58,3048
1.58,3047
1.59,3046
1.59,3045
1.59,3044
1.59,3043
1.60,3042
1.60,3041
1.60,3040
1.60,3039
1.60,3038
1.61,3037
1.61,3036
1.61,3035
1.61,3034
1.61,3033
1.62,3032
1.62,3031
1.62,3030
1.62,3029
1.62,3028
1.62,3027
1.63,3026
1.63,3025
1.63,3024
1.63,3023
1.63,3022
1.64,3021
1.64,3020
1.64,3019
1.64,3018
1.64,3017
1.65,3016
1.65,3015
1.65,3014
1.65,3013
1.65,3012
1.66,3011
1.66,3010
1.66,3009
1.66,3008
1.66,3007
1.67,3006
1.67,3005
1.67,3004
1.67,3003
1.67,3002
1.68,3001
1.68,3000
1.68,2999
1.68,2998
1.68,2997
1.68,2996
1.69,2995
1.69,2994
1.69,2993
1.69,2992
1.69,2991
1.70,2990
1.70,2989
1.70,2988
1.70,2987
1.71,2986
1.71,2985
1.71,2984
1.71,2983
1.71,2982
1.72,2981
1.72,2980
1.72,2979
1.72,2978
1.72,2977
1.72,2976
1.73,2975
1.73,2974
1.73,2973
1.73,2972
1.73,2971
1.74,2970
1.74,2969
1.74,2968
1.74,2967
1.74,2966
1.75,2965
1.75,2964
1.75,2963
1.75,2962
1.75,2961
1.75,2960
1.76,2959
1.76,2958
1.76,2957
1.76,2956
1.76,2955
1.77,2954
1.77,2953
1.77,2952
1.77,2951
1.77,2950
1.77,2949
1.78,2948
1.78,2947
1.78,2946
1.78,2945
1.78,2944
1.79,2943
1.79,2942
1.79,2941
1.79,2940
1.79,2939
1.79,2938
1.80,2937
1.80,2936
1.80,2935
1.80,2934
1.80,2933
1.81,2932
1.81,2931
1.81,2930
1.81,2929
1.81,2928
1.82,2927
1.82,2926
1.82,2925
1.82,2924
1.82,2923
1.82,2922
1.83,2921
1.83,2920
1.83,2919
1.83,2918
1.83,2917
1.84,2916
1.84,2915
1.84,2914
1.84,2913
1.84,2912
1.84,2911
1.85,2910
1.85,2909
1.85,2908
1.85,2907
1.85,2906
1.86,2905
1.86,2904
1.86,2903
1.86,2902
1.86,2901
1.86,2900
1.87,2899
1.87,2898
1.87,2897
1.87,2896
1.87,2895
1.88,2894
1.88,2893
1.88,2892
1.88,2891
1.88,2890
1.89,2889
1.89,2888
1.89,2887
1.89,2886
1.89,2885
1.89,2884
1.90,2883
1.90,2882
1.90,2881
1.90,2880
1.90,2879
1.91,2878
1.91,2877
1.91,2876
1.91,2875
1.91,2874
1.92,2873
1.92,2872
1.92,2871
1.92,2870
1.92,2869
1.92,2868
1.93,2867
1.93,2866
1.93,2865
1.93,2864
1.93,2863
1.94,2862
1.94,2861
1.94,2860
1.94,2859
1.94,2858
1.94,2857
1.95,2856
1.95,2855
1.95,2854
1.95,2853
1.95,2852
1.96,2851
1.96,2850
1.96,2849
1.96,2848
1.96,2847
1.96,2846
1.97,2845
1.97,2844
1.97,2843
1.97,2842
1.97,2841
1.98,2840
1.98,2839
1.98,2838
1.98,2837
1.98,2836
1.98,2835
1.99,2834
1.99,2833
1.99,2832
1.99,2831
1.99,2830
2.00,2829
2.00,2828
2.00,2827
2.00,2826
2.00,2825
2.01,2824
2.01,2823
2.01,2822
2.01,2821
2.01,2820
2.01,2819
2.02,2818
2.02,2817
2.02,2816
2.02,2815
2.02,2814
2.03,2813
2.03,2812
2.03,2811
2.03,2810
2.03,2809
2.03,2808
2.04,2807
2.04,2806
2.04,2805
2.04,2804
2.04,2803
2.05,2802
2.05,2801
2.05,2800
2.05,2799
2.05,2798
2.06,2797
2.06,2796
2.06,2795
2.06,2794
2.07,2793
2.07,2792
2.07,2791
2.07,2790
2.07,2789
2.08,2788
2.08,2787
2.08,2786
2.08,2785
2.08,2784
2.09,2783
2.09,2782
2.09,2781
2.09,2780
2.10,2779
2.10,2778
2.10,2777
2.10,2776
2.10,2775
2.11,2774
2.11,2773
2.11,2772
2.11,2771
2.12,2770
2.12,2769
2.12,2768
2.12,2767
2.12,2766
2.13,2765
2.13,2764
2.13,2763
2.13,2762
2.13,2761
2.14,2760
2.14,2759
2.14,2758
2.14,2757
2.15,2756
2.15,2755
2.15,2754
2.15,2753
2.16,2752
2.16,2751
2.16,2750
2.16,2749
2.16,2748
2.17,2747
2.17,2746
2.17,2745
2.17,2744
2.18,2743
2.18,2742
2.18,2741
2.18,2740
2.18,2739
2.19,2738
2.19,2737
2.19,2736
2.19,2735
2.20,2734
2.20,2733
2.20,2732
2.20,2731
2.20,2730
2.21,2729
2.21,2728
2.21,2727
2.21,2726
2.22,2725
2.22,2724
2.22,2723
2.22,2722
2.22,2721
2.23,2720
2.23,2719
2.23,2718
2.23,2717
2.24,2716
2.24,2715
2.24,2714
2.24,2713
2.24,2712
2.25,2711
2.25,2710
2.25,2709
2.25,2708
2.26,2707
2.26,2706
2.26,2705
2.26,2704
2.26,2703
2.27,2702
2.27,2701
2.27,2700
2.27,2699
2.28,2698
2.28,2697
2.28,2696
2.28,2695
2.28,2694
2.29,2693
2.29,2692
2.29,2691
2.29,2690
2.30,2689
2.30,2688
2.30,2687
2.30,2686
2.30,2685
2.31,2684
2.31,2683
2.31,2682
2.31,2681
2.32,2680
2.32,2679
2.32,2678
2.32,2677
2.32,2676
2.33,2675
2.33,2674
2.33,2673
2.33,2672
2.34,2671
2.34,2670
2.34,2669
2.34,2668
2.35,2667
2.35,2666
2.35,2665
2.35,2664
2.35,2663
2.36,2662
2.36,2661
2.36,2660
2.36,2659
2.37,2658
2.37,2657
2.37,2656
2.37,2655
2.37,2654
2.38,2653
2.38,2652
2.38,2651
2.38,2650
2.39,2649
2.39,2648
2.39,2647
2.39,2646
2.39,2645
2.40,2644
2.40,2643
2.40,2642
2.40,2641
2.41,2640
2.41,2639
2.41,2638
2.41,2637
2.41,2636
2.42,2635
2.42,2634
2.42,2633
2.42,2632
2.43,2631
2.43,2630
2.43,2629
2.43,2628
2.44,2627
2.44,2626
2.44,2625
2.44,2624
2.44,2623
2.45,2622
2.45,2621
2.45,2620
2.45,2619
2.46,2618
2.46,2617
2.46,2616
2.46,2615
2.47,2614
2.47,2613
2.47,2612
2.47,2611
2.47,2610
2.48,2609
2.48,2608
2.48,2607
2.48,2606
2.48,2605
2.48,2604
2.49,2603
2.49,2602
2.49,2601
2.49,2600
2.49,2599
2.50,2598
2.50,2597
2.50,2596
2.50,2595
2.50,2594
2.51,2593
2.51,2592
2.51,2591
2.51,2590
2.51,2589
2.51,2588
2.52,2587
2.52,2586
2.52,2585
2.52,2584
2.52,2583
2.53,2582
2.53,2581
2.53,2580
2.53,2579
2.53,2578
2.53,2577
2.54,2576
2.54,2575
2.54,2574
2.54,2573
2.54,2572
2.55,2571
2.55,2570
2.55,2569
2.55,2568
2.55,2567
2.56,2566
2.56,2565
2.56,2564
2.56,2563
2.56,2562
2.56,2561
2.57,2560
2.57,2559
2.57,2558
2.57,2557
2.57,2556
2.58,2555
2.58,2554
2.58,2553
2.58,2552
2.58,2551
2.58,2550
2.59,2549
2.59,2548
2.59,2547
2.59,2546
2.59,2545
2.60,2544
2.60,2543
2.60,2542
2.60,2541
2.60,2540
2.60,2539
2.61,2538
2.61,2537
2.61,2536
2.61,2535
2.61,2534
2.62,2533
2.62,2532
2.62,2531
2.62,2530
2.62,2529
2.63,2528
2.63,2527
2.63,2526
2.63,2525
2.63,2524
2.63,2523
2.64,2522
2.64,2521
2.64,2520
2.64,2519
2.64,2518
2.65,2517
2.65,2516
2.65,2515
2.65,2514
2.65,2513
2.66,2512
2.66,2511
2.66,2510
2.66,2509
2.66,2508
2.66,2507
2.67,2506
2.67,2505
2.67,2504
2.67,2503
2.67,2502
2.68,2501
2.68,2500
2.68,2499
2.68,2498
2.68,2497
2.69,2496
2.69,2495
2.69,2494
2.69,2493
2.69,2492
2.69,2491
2.70,2490
2.70,2489
2.70,2488
2.70,2487
2.70,2486
2.71,2485
2.71,2484
2.71,2483
2.71,2482
2.71,2481
2.72,2480
2.72,2479
2.72,2478
2.72,2477
2.72,2476
2.72,2475
2.73,2474
2.73,2473
2.73,2472
2.73,2471
2.73,2470
2.74,2469
2.74,2468
2.74,2467
2.74,2466
2.74,2465
2.75,2464
2.75,2463
2.75,2462
2.75,2461
2.75,2460
2.75,2459
2.76,2458
2.76,2457
2.76,2456
2.76,2455
2.76,2454
2.77,2453
2.77,2452
2.77,2451
2.77,2450
2.77,2449
2.78,2448
2.78,2447
2.78,2446
2.78,2445
2.78,2444
2.78,2443
2.79,2442
2.79,2441
2.79,2440
2.79,2439
2.79,2438
2.80,2437
2.80,2436
2.80,2435
2.80,2434
2.80,2433
2.81,2432
2.81,2431
2.81,2430
2.81,2429
2.81,2428
2.81,2427
2.82,2426
2.82,2425
2.82,2424
2.82,2423
2.82,2422
2.83,2421
2.83,2420
2.83,2419
2.83,2418
2.83,2417
2.83,2416
2.84,2415
2.84,2414
2.84,2413
2.84,2412
2.84,2411
2.85,2410
2.85,2409
2.85,2408
2.85,2407
2.85,2406
2.86,2405
2.86,2404
2.86,2403
2.86,2402
2.86,2401
2.86,2400
2.87,2399
2.87,2398
2.87,2397
2.87,2396
2.87,2395
2.88,2394
2.88,2393
2.88,2392
2.88,2391
2.88,2390
2.88,2389
2.89,2388
2.89,2387
2.89,2386
2.89,2385
2.89,2384
2.90,2383
2.90,2382
