0.10,3684
0.17,3683
0.18,3682
0.19,3681
0.20,3680
0.20,3679
0.21,3678
0.22,3677
0.23,3676
0.23,3675
0.24,3674
0.24,3673
0.25,3672
0.25,3671
0.26,3670
0.26,3669
0.27,3668
0.28,3667
0.28,3666
0.29,3665
0.29,3664
0.30,3663
0.31,3662
0.31,3661
0.32,3660
0.32,3659
0.33,3658
0.33,3657
0.34,3656
0.34,3655
0.35,3654
0.35,3653
0.36,3652
0.36,3651
0.37,3650
0.37,3649
0.38,3648
0.38,3647
0.38,3646
0.39,3645
0.39,3644
0.40,3643
0.40,3642
0.40,3641
0.41,3640
0.41,3639
0.42,3638
0.42,3637
0.42,3636
0.42,3635
0.43,3634
0.43,3633
0.43,3632
0.43,3631
0.44,3630
0.44,3629
0.44,3628
0.44,3627
0.44,3626
0.45,3625
0.45,3624
0.45,3623
0.45,3622
0.46,3621
0.46,3620
0.46,3619
0.46,3618
0.46,3617
0.47,3616
0.47,3615
0.47,3614
0.47,3613
0.48,3612
0.48,3611
0.48,3610
0.49,3609
0.49,3608
0.49,3607
0.49,3606
0.49,3605
0.50,3604
0.50,3603
0.50,3602
0.50,3601
0.51,3600
0.51,3599
0.51,3598
0.51,3597
0.52,3596
0.52,3595
0.52,3594
0.52,3593
0.53,3592
0.53,3591
0.53,3590
0.53,3589
0.54,3588
0.54,3587
0.54,3586
0.54,3585
0.55,3584
0.55,3583
0.55,3582
0.55,3581
0.56,3580
0.56,3579
0.56,3578
0.56,3577
0.56,3576
0.57,3575
0.57,3574
0.57,3573
0.57,3572
0.58,3571
0.58,3570
0.58,3569
0.58,3568
0.58,3567
0.59,3566
0.59,3565
0.59,3564
0.59,3563
0.60,3562
0.60,3561
0.60,3560
0.60,3559
0.61,3558
0.61,3557
0.61,3556
0.62,3555
0.62,3554
0.62,3553
0.62,3552
0.62,3551
0.63,3550
0.63,3549
0.63,3548
0.63,3547
0.64,3546
0.64,3545
0.64,3544
0.64,3543
0.64,3542
0.65,3541
0.65,3540
0.65,3539
0.65,3538
0.66,3537
0.66,3536
0.66,3535
0.66,3534
0.66,3533
0.67,3532
0.67,3531
0.67,3530
0.67,3529
0.68,3528
0.68,3527
0.68,3526
0.68,3525
0.68,3524
0.69,3523
0.69,3522
0.69,3521
0.69,3520
0.70,3519
0.70,3518
0.70,3517
0.70,3516
0.70,3515
0.71,3514
0.71,3513
0.71,3512
0.71,3511
0.72,3510
0.72,3509
0.72,3508
0.72,3507
0.72,3506
0.73,3505
0.73,3504
0.73,3503
0.73,3502
0.74,3501
0.74,3500
0.74,3499
0.74,3498
0.75,3497
0.75,3496
0.75,3495
0.75,3494
0.75,3493
0.76,3492
0.76,3491
0.76,3490
0.76,3489
0.77,3488
0.77,3487
0.77,3486
0.77,3485
0.78,3484
0.78,3483
0.78,3482
0.78,3481
0.79,3480
0.79,3479
0.79,3478
0.79,3477
0.80,3476
0.80,3475
0.80,3474
0.81,3473
0.81,3472
0.81,3471
0.81,3470
0.81,3469
0.82,3468
0.82,3467
0.82,3466
0.82,3465
0.83,3464
0.83,3463
0.83,3462
0.83,3461
0.83,3460
0.84,3459
0.84,3458
0.84,3457
0.84,3456
0.84,3455
0.85,3454
0.85,3453
0.85,3452
0.85,3451
0.86,3450
0.86,3449
0.86,3448
0.86,3447
0.86,3446
0.87,3445
0.87,3444
0.87,3443
0.87,3442
0.87,3441
0.88,3440
0.88,3439
0.88,3438
0.88,3437
0.89,3436
0.89,3435
0.89,3434
0.89,3433
0.89,3432
0.90,3431
0.90,3430
0.90,3429
0.90,3428
0.91,3427
0.91,3426
0.91,3425
0.91,3424
0.91,3423
0.92,3422
0.92,3421
0.92,3420
0.92,3419
0.92,3418
0.93,3417
0.93,3416
0.93,3415
0.93,3414
0.93,3413
0.94,3412
0.94,3411
0.94,3410
0.94,3409
0.94,3408
0.95,3407
0.95,3406
0.95,3405
0.95,3404
0.96,3403
0.96,3402
0.96,3401
0.96,3400
0.96,3399
0.97,3398
0.97,3397
0.97,3396
0.97,3395
0.97,3394
0.98,3393
0.98,3392
0.98,3391
0.98,3390
0.99,3389
0.99,3388
0.99,3387
0.99,3386
1.00,3385
1.00,3384
1.00,3383
1.00,3382
1.01,3381
1.01,3380
1.01,3379
1.01,3378
1.01,3377
1.02,3376
1.02,3375
1.02,3374
1.02,3373
1.02,3372
1.03,3371
1.03,3370
1.03,3369
1.03,3368
1.04,3367
1.04,3366
1.04,3365
1.04,3364
1.04,3363
1.05,3362
1.05,3361
1.05,3360
1.05,3359
1.05,3358
1.06,3357
1.06,3356
1.06,3355
1.06,3354
1.06,3353
1.07,3352
1.07,3351
1.07,3350
1.07,3349
1.08,3348
1.08,3347
1.08,3346
1.08,3345
1.08,3344
1.09,3343
1.09,3342
1.09,3341
1.09,3340
1.09,3339
1.10,3338
1.10,3337
1.10,3336
1.10,3335
1.10,3334
1.11,3333
1.11,3332
1.11,3331
1.11,3330
1.11,3329
1.12,3328
1.12,3327
1.12,3326
1.12,3325
1.12,3324
1.13,3323
1.13,3322
1.13,3321
1.13,3320
1.14,3319
1.14,3318
1.14,3317
1.14,3316
1.14,3315
1.15,3314
1.15,3313
1.15,3312
1.15,3311
1.15,3310
1.16,3309
1.16,3308
1.16,3307
1.16,3306
1.16,3305
1.17,3304
1.17,3303
1.17,3302
1.17,3301
1.18,3300
1.18,3299
1.18,3298
1.18,3297
1.19,3296
1.19,3295
1.19,3294
1.19,3293
1.20,3292
1.20,3291
1.20,3290
1.20,3289
1.20,3288
1.21,3287
1.21,3286
1.21,3285
1.21,3284
1.22,3283
1.22,3282
1.22,3281
1.22,3280
1.23,3279
1.23,3278
1.23,3277
1.23,3276
1.24,3275
1.24,3274
1.24,3273
1.24,3272
1.25,3271
1.25,3270
1.25,3269
1.25,3268
1.26,3267
1.26,3266
1.26,3265
1.26,3264
1.27,3263
1.27,3262
1.27,3261
1.27,3260
1.28,3259
1.28,3258
1.28,3257
1.29,3256
1.29,3255
1.29,3254
1.29,3253
1.30,3252
1.30,3251
1.30,3250
1.30,3249
1.31,3248
1.31,3247
1.31,3246
1.31,3245
1.32,3244
1.32,3243
1.32,3242
1.32,3241
1.33,3240
1.33,3239
1.33,3238
1.33,3237
1.34,3236
1.34,3235
1.34,3234
1.34,3233
1.35,3232
1.35,3231
1.35,3230
1.35,3229
1.36,3228
1.36,3227
1.36,3226
1.36,3225
1.37,3224
1.37,3223
1.37,3222
1.38,3221
1.38,3220
1.38,3219
1.38,3218
1.39,3217
1.39,3216
1.39,3215
1.39,3214
1.39,3213
1.40,3212
1.40,3211
1.40,3210
1.40,3209
1.40,3208
1.41,3207
1.41,3206
1.41,3205
1.41,3204
1.41,3203
1.42,3202
1.42,3201
1.42,3200
1.42,3199
1.42,3198
1.43,3197
1.43,3196
1.43,3195
1.43,3194
1.43,3193
1.44,3192
1.44,3191
1.44,3190
1.44,3189
1.44,3188
1.45,3187
1.45,3186
1.45,3185
1.45,3184
1.45,3183
1.46,3182
1.46,3181
1.46,3180
1.46,3179
1.47,3178
1.47,3177
1.47,3176
1.47,3175
1.47,3174
1.48,3173
1.48,3172
1.48,3171
1.48,3170
1.48,3169
1.49,3168
1.49,3167
1.49,3166
1.49,3165
1.49,3164
1.50,3163
1.50,3162
1.50,3161
1.50,3160
1.50,3159
1.51,3158
1.51,3157
1.51,3156
1.51,3155
1.51,3154
1.52,3153
1.52,3152
1.52,3151
1.52,3150
1.52,3149
1.53,3148
1.53,3147
1.53,3146
1.53,3145
1.53,3144
1.54,3143
1.54,3142
1.54,3141
1.54,3140
1.54,3139
1.55,3138
1.55,3137
1.55,3136
1.55,3135
1.55,3134
1.56,3133
1.56,3132
1.56,3131
1.56,3130
1.57,3129
1.57,3128
1.57,3127
1.57,3126
1.57,3125
1.57,3124
1.58,3123
1.58,3122
1.58,3121
1.58,3120
1.59,3119
1.59,3118
1.59,3117
1.59,3116
1.59,3115
1.60,3114
1.60,3113
1.60,3112
1.60,3111
1.60,3110
1.61,3109
1.61,3108
1.61,3107
1.61,3106
1.61,3105
1.62,3104
1.62,3103
1.62,3102
1.62,3101
1.62,3100
1.63,3099
1.63,3098
1.63,3097
1.63,3096
1.64,3095
1.64,3094
1.64,3093
1.64,3092
1.64,3091
1.64,3090
1.65,3089
1.65,3088
1.65,3087
1.65,3086
1.66,3085
1.66,3084
1.66,3083
1.66,3082
1.66,3081
1.67,3080
1.67,3079
1.67,3078
1.67,3077
1.67,3076
1.68,3075
1.68,3074
1.68,3073
1.68,3072
1.68,3071
1.69,3070
1.69,3069
1.69,3068
1.69,3067
1.69,3066
1.70,3065
1.70,3064
1.70,3063
1.70,3062
1.70,3061
1.71,3060
1.71,3059
1.71,3058
1.71,3057
1.71,3056
1.72,3055
1.72,3054
1.72,3053
1.72,3052
1.72,3051
1.73,3050
1.73,3049
1.73,3048
1.74,3047
1.74,3046
1.74,3045
1.74,3044
1.74,3043
1.75,3042
1.75,3041
1.75,3040
1.75,3039
1.76,3038
1.76,3037
1.76,3036
1.76,3035
1.76,3034
1.77,3033
1.77,3032
1.77,3031
1.77,3030
1.77,3029
1.78,3028
1.78,3027
1.78,3026
1.78,3025
1.78,3024
1.79,3023
1.79,3022
1.79,3021
1.79,3020
1.79,3019
1.80,3018
1.80,3017
1.80,3016
1.80,3015
1.81,3014
1.81,3013
1.81,3012
1.81,3011
1.81,3010
1.82,3009
1.82,3008
1.82,3007
1.82,3006
1.82,3005
1.83,3004
1.83,3003
1.83,3002
1.83,3001
1.83,3000
1.84,2999
1.84,2998
1.84,2997
1.84,2996
1.84,2995
1.85,2994
1.85,2993
1.85,2992
1.85,2991
1.85,2990
1.86,2989
1.86,2988
1.86,2987
1.86,2986
1.86,2985
1.87,2984
1.87,2983
1.87,2982
1.87,2981
1.88,2980
1.88,2979
1.88,2978
1.88,2977
1.88,2976
1.89,2975
1.89,2974
1.89,2973
1.89,2972
1.89,2971
1.90,2970
1.90,2969
1.90,2968
1.90,2967
1.90,2966
1.91,2965
1.91,2964
1.91,2963
1.91,2962
1.91,2961
1.92,2960
1.92,2959
1.92,2958
1.92,2957
1.92,2956
1.93,2955
1.93,2954
1.93,2953
1.93,2952
1.94,2951
1.94,2950
1.94,2949
1.94,2948
1.94,2947
1.95,2946
1.95,2945
1.95,2944
1.95,2943
1.95,2942
1.96,2941
1.96,2940
1.96,2939
1.96,2938
1.96,2937
1.97,2936
1.97,2935
1.97,2934
1.97,2933
1.97,2932
1.98,2931
1.98,2930
1.98,2929
1.98,2928
1.98,2927
1.99,2926
1.99,2925
1.99,2924
1.99,2923
1.99,2922
2.00,2921
2.00,2920
2.00,2919
2.00,2918
2.00,2917
2.01,2916
2.01,2915
2.01,2914
2.01,2913
2.01,2912
2.02,2911
2.02,2910
2.02,2909
2.02,2908
2.02,2907
2.03,2906
2.03,2905
2.03,2904
2.03,2903
2.04,2902
2.04,2901
2.04,2900
2.04,2899
2.04,2898
2.05,2897
2.05,2896
2.05,2895
2.05,2894
2.05,2893
2.06,2892
2.06,2891
2.06,2890
2.06,2889
2.06,2888
2.07,2887
2.07,2886
2.07,2885
2.07,2884
2.07,2883
2.08,2882
2.08,2881
2.08,2880
2.08,2879
2.08,2878
2.09,2877
2.09,2876
2.09,2875
2.10,2874
2.10,2873
2.10,2872
2.10,2871
2.10,2870
2.11,2869
2.11,2868
2.11,2867
2.11,2866
2.11,2865
2.12,2864
2.12,2863
2.12,2862
2.12,2861
2.12,2860
2.13,2859
2.13,2858
2.13,2857
2.13,2856
2.14,2855
2.14,2854
2.14,2853
2.14,2852
2.14,2851
2.15,2850
2.15,2849
2.15,2848
2.15,2847
2.15,2846
2.16,2845
2.16,2844
2.16,2843
2.16,2842
2.16,2841
2.17,2840
2.17,2839
2.17,2838
2.17,2837
2.17,2836
2.18,2835
2.18,2834
2.18,2833
2.18,2832
2.18,2831
2.19,2830
2.19,2829
2.19,2828
2.19,2827
2.19,2826
2.20,2825
2.20,2824
2.20,2823
2.20,2822
2.20,2821
2.21,2820
2.21,2819
2.21,2818
2.21,2817
2.21,2816
2.22,2815
2.22,2814
2.22,2813
2.22,2812
2.23,2811
2.23,2810
2.23,2809
2.23,2808
2.23,2807
2.24,2806
2.24,2805
2.24,2804
2.24,2803
2.24,2802
2.25,2801
2.25,2800
2.25,2799
2.25,2798
2.25,2797
2.26,2796
2.26,2795
2.26,2794
2.26,2793
2.26,2792
2.27,2791
2.27,2790
2.27,2789
2.27,2788
2.27,2787
2.28,2786
2.28,2785
2.28,2784
2.28,2783
2.28,2782
2.29,2781
2.29,2780
2.29,2779
2.29,2778
2.29,2777
2.30,2776
2.30,2775
2.30,2774
2.30,2773
2.30,2772
2.31,2771
2.31,2770
2.31,2769
2.31,2768
2.31,2767
2.32,2766
2.32,2765
2.32,2764
2.32,2763
2.32,2762
2.33,2761
2.33,2760
2.33,2759
2.33,2758
2.33,2757
2.34,2756
2.34,2755
2.34,2754
2.34,2753
2.34,2752
2.35,2751
2.35,2750
2.35,2749
2.35,2748
2.35,2747
2.36,2746
2.36,2745
2.36,2744
2.36,2743
2.36,2742
2.37,2741
2.37,2740
2.37,2739
2.37,2738
2.37,2737
2.38,2736
2.38,2735
2.38,2734
2.38,2733
2.38,2732
2.39,2731
2.39,2730
2.39,2729
2.39,2728
2.39,2727
2.40,2726
2.40,2725
2.40,2724
2.40,2723
2.40,2722
2.41,2721
2.41,2720
2.41,2719
2.41,2718
2.41,2717
2.42,2716
2.42,2715
2.42,2714
2.42,2713
2.42,2712
2.43,2711
2.43,2710
2.43,2709
2.43,2708
2.43,2707
2.44,2706
2.44,2705
2.44,2704
2.44,2703
2.44,2702
2.45,2701
2.45,2700
2.45,2699
2.45,2698
2.45,2697
2.46,2696
2.46,2695
2.46,2694
2.46,2693
2.46,2692
2.47,2691
2.47,2690
2.47,2689
2.47,2688
2.47,2687
2.48,2686
2.48,2685
2.48,2684
2.48,2683
2.48,2682
2.49,2681
2.49,2680
2.49,2679
2.49,2678
2.49,2677
2.50,2676
2.50,2675
2.50,2674
2.50,2673
2.50,2672
2.51,2671
2.51,2670
2.51,2669
2.51,2668
2.51,2667
2.52,2666
2.52,2665
2.52,2664
2.52,2663
2.52,2662
2.53,2661
2.53,2660
2.53,2659
2.53,2658
2.53,2657
2.54,2656
2.54,2655
2.54,2654
2.54,2653
2.54,2652
2.55,2651
2.55,2650
2.55,2649
2.55,2648
2.55,2647
2.56,2646
2.56,2645
2.56,2644
2.56,2643
2.56,2642
2.57,2641
2.57,2640
2.57,2639
2.57,2638
2.57,2637
2.58,2636
2.58,2635
2.58,2634
2.58,2633
2.58,2632
2.59,2631
2.59,2630
2.59,2629
2.59,2628
2.60,2627
2.60,2626
2.60,2625
2.60,2624
2.60,2623
2.60,2622
2.61,2621
2.61,2620
2.61,2619
2.61,2618
2.61,2617
2.62,2616
2.62,2615
2.62,2614
2.62,2613
2.62,2612
2.63,2611
2.63,2610
2.63,2609
2.63,2608
2.63,2607
2.64,2606
2.64,2605
2.64,2604
2.64,2603
2.64,2602
2.65,2601
2.65,2600
2.65,2599
2.65,2598
2.65,2597
2.66,2596
2.66,2595
2.66,2594
2.66,2593
2.66,2592
2.67,2591
2.67,2590
2.67,2589
2.67,2588
2.67,2587
2.68,2586
2.68,2585
2.68,2584
2.68,2583
2.68,2582
2.69,2581
2.69,2580
2.69,2579
2.69,2578
2.69,2577
2.69,2576
2.70,2575
2.70,2574
2.70,2573
2.70,2572
2.70,2571
2.71,2570
2.71,2569
2.71,2568
2.71,2567
2.71,2566
2.72,2565
2.72,2564
2.72,2563
2.72,2562
2.72,2561
2.73,2560
2.73,2559
2.73,2558
2.73,2557
2.73,2556
2.74,2555
2.74,2554
2.74,2553
2.74,2552
2.74,2551
2.75,2550
2.75,2549
2.75,2548
2.75,2547
2.75,2546
2.75,2545
2.76,2544
2.76,2543
2.76,2542
2.76,2541
2.76,2540
2.77,2539
2.77,2538
2.77,2537
2.77,2536
2.77,2535
2.78,2534
2.78,2533
2.78,2532
2.78,2531
2.78,2530
2.79,2529
2.79,2528
2.79,2527
2.79,2526
2.80,2525
2.80,2524
2.80,2523
2.80,2522
2.80,2521
2.80,2520
2.81,2519
2.81,2518
2.81,2517
2.81,2516
2.81,2515
2.82,2514
2.82,2513
2.82,2512
2.82,2511
2.82,2510
2.83,2509
2.83,2508
2.83,2507
2.83,2506
2.84,2505
2.84,2504
2.84,2503
2.84,2502
2.84,2501
2.84,2500
2.85,2499
2.85,2498
2.85,2497
2.85,2496
2.86,2495
2.86,2494
2.86,2493
2.86,2492
2.86,2491
2.86,2490
2.87,2489
2.87,2488
2.87,2487
2.87,2486
2.87,2485
2.88,2484
2.88,2483
2.88,2482
2.88,2481
2.88,2480
2.89,2479
2.89,2478
2.89,2477
2.89,2476
2.89,2475
2.90,2474
2.90,2473
2.90,2472
2.90,2471
2.90,2470
2.91,2469
2.91,2468
2.91,2467
2.91,2466
2.91,2465
2.92,2464
2.92,2463
2.92,2462
2.92,2461
2.92,2460
2.93,2459
2.93,2458
2.93,2457
2.93,2456
2.93,2455
2.93,2454
2.94,2453
2.94,2452
2.94,2451
2.94,2450
2.94,2449
2.95,2448
2.95,2447
2.95,2446
2.95,2445
2.95,2444
2.96,2443
2.96,2442
2.96,2441
2.96,2440
2.96,2439
2.97,2438
2.97,2437
2.97,2436
2.97,2435
2.97,2434
2.98,2433
2.98,2432
2.98,2431
2.98,2430
2.98,2429
2.99,2428
2.99,2427
2.99,2426
2.99,2425
2.99,2424
3.00,2423
3.00,2422
3.00,2421
3.00,2420
3.00,2419
3.01,2418
3.01,2417
3.01,2416
3.01,2415
3.01,2414
3.01,2413
3.02,2412
3.02,2411
3.02,2410
3.02,2409
3.02,2408
3.03,2407
3.03,2406
3.03,2405
3.03,2404
3.03,2403
3.04,2402
3.04,2401
3.04,2400
3.04,2399
3.04,2398
3.05,2397
3.05,2396
3.05,2395
3.05,2394
3.05,2393
3.06,2392
3.06,2391
3.06,2390
3.06,2389
3.06,2388
3.07,2387
3.07,2386
3.07,2385
3.07,2384
3.07,2383
3.07,2382
3.08,2381
3.08,2380
3.08,2379
3.08,2378
3.08,2377
3.09,2376
3.09,2375
3.09,2374
3.09,2373
3.09,2372
3.10,2371
3.10,2370
3.10,2369
3.10,2368
3.10,2367
3.11,2366
3.11,2365
3.11,2364
3.11,2363
3.11,2362
