0.10,3652
0.16,3651
0.18,3650
0.18,3649
0.19,3648
0.20,3647
0.21,3646
0.21,3645
0.22,3644
0.23,3643
0.23,3642
0.24,3641
0.24,3640
0.25,3639
0.25,3638
0.26,3637
0.26,3636
0.27,3635
0.27,3634
0.28,3633
0.29,3632
0.29,3631
0.30,3630
0.30,3629
0.31,3628
0.31,3627
0.32,3626
0.32,3625
0.33,3624
0.33,3623
0.34,3622
0.34,3621
0.35,3620
0.35,3619
0.36,3618
0.36,3617
0.37,3616
0.37,3615
0.38,3614
0.38,3613
0.39,3612
0.39,3611
0.40,3610
0.40,3609
0.40,3608
0.41,3607
0.41,3606
0.41,3605
0.42,3604
0.42,3603
0.42,3602
0.42,3601
0.43,3600
0.43,3599
0.43,3598
0.43,3597
0.44,3596
0.44,3595
0.44,3594
0.44,3593
0.44,3592
0.45,3591
0.45,3590
0.45,3589
0.45,3588
0.46,3587
0.46,3586
0.46,3585
0.46,3584
0.47,3583
0.47,3582
0.47,3581
0.47,3580
0.47,3579
0.48,3578
0.48,3577
0.48,3576
0.48,3575
0.48,3574
0.49,3573
0.49,3572
0.49,3571
0.49,3570
0.49,3569
0.50,3568
0.50,3567
0.50,3566
0.50,3565
0.51,3564
0.51,3563
0.51,3562
0.51,3561
0.51,3560
0.52,3559
0.52,3558
0.52,3557
0.52,3556
0.52,3555
0.53,3554
0.53,3553
0.53,3552
0.53,3551
0.53,3550
0.54,3549
0.54,3548
0.54,3547
0.54,3546
0.54,3545
0.55,3544
0.55,3543
0.55,3542
0.55,3541
0.55,3540
0.56,3539
0.56,3538
0.56,3537
0.56,3536
0.57,3535
0.57,3534
0.57,3533
0.57,3532
0.57,3531
0.58,3530
0.58,3529
0.58,3528
0.58,3527
0.59,3526
0.59,3525
0.59,3524
0.59,3523
0.60,3522
0.60,3521
0.60,3520
0.60,3519
0.60,3518
0.61,3517
0.61,3516
0.61,3515
0.61,3514
0.62,3513
0.62,3512
0.62,3511
0.62,3510
0.62,3509
0.63,3508
0.63,3507
0.63,3506
0.63,3505
0.63,3504
0.64,3503
0.64,3502
0.64,3501
0.64,3500
0.64,3499
0.65,3498
0.65,3497
0.65,3496
0.65,3495
0.65,3494
0.66,3493
0.66,3492
0.66,3491
0.66,3490
0.66,3489
0.67,3488
0.67,3487
0.67,3486
0.67,3485
0.67,3484
0.68,3483
0.68,3482
0.68,3481
0.68,3480
0.68,3479
0.69,3478
0.69,3477
0.69,3476
0.69,3475
0.69,3474
0.70,3473
0.70,3472
0.70,3471
0.70,3470
0.70,3469
0.71,3468
0.71,3467
0.71,3466
0.71,3465
0.71,3464
0.72,3463
0.72,3462
0.72,3461
0.72,3460
0.72,3459
0.73,3458
0.73,3457
0.73,3456
0.73,3455
0.73,3454
0.74,3453
0.74,3452
0.74,3451
0.74,3450
0.74,3449
0.75,3448
0.75,3447
0.75,3446
0.75,3445
0.75,3444
0.76,3443
0.76,3442
0.76,3441
0.76,3440
0.77,3439
0.77,3438
0.77,3437
0.77,3436
0.78,3435
0.78,3434
0.78,3433
0.78,3432
0.78,3431
0.79,3430
0.79,3429
0.79,3428
0.79,3427
0.79,3426
0.80,3425
0.80,3424
0.80,3423
0.80,3422
0.80,3421
0.81,3420
0.81,3419
0.81,3418
0.81,3417
0.81,3416
0.82,3415
0.82,3414
0.82,3413
0.82,3412
0.82,3411
0.83,3410
0.83,3409
0.83,3408
0.83,3407
0.83,3406
0.84,3405
0.84,3404
0.84,3403
0.84,3402
0.84,3401
0.85,3400
0.85,3399
0.85,3398
0.85,3397
0.85,3396
0.86,3395
0.86,3394
0.86,3393
0.86,3392
0.86,3391
0.87,3390
0.87,3389
0.87,3388
0.87,3387
0.87,3386
0.88,3385
0.88,3384
0.88,3383
0.88,3382
0.88,3381
0.89,3380
0.89,3379
0.89,3378
0.89,3377
0.89,3376
0.90,3375
0.90,3374
0.90,3373
0.90,3372
0.90,3371
0.90,3370
0.91,3369
0.91,3368
0.91,3367
0.91,3366
0.91,3365
0.92,3364
0.92,3363
0.92,3362
0.92,3361
0.92,3360
0.93,3359
0.93,3358
0.93,3357
0.94,3356
0.94,3355
0.94,3354
0.94,3353
0.94,3352
0.95,3351
0.95,3350
0.95,3349
0.95,3348
0.95,3347
0.96,3346
0.96,3345
0.96,3344
0.96,3343
0.96,3342
0.97,3341
0.97,3340
0.97,3339
0.97,3338
0.97,3337
0.97,3336
0.98,3335
0.98,3334
0.98,3333
0.98,3332
0.98,3331
0.99,3330
0.99,3329
0.99,3328
0.99,3327
0.99,3326
1.00,3325
1.00,3324
1.00,3323
1.00,3322
1.00,3321
1.01,3320
1.01,3319
1.01,3318
1.01,3317
1.01,3316
1.02,3315
1.02,3314
1.02,3313
1.02,3312
1.02,3311
1.03,3310
1.03,3309
1.03,3308
1.03,3307
1.03,3306
1.04,3305
1.04,3304
1.04,3303
1.04,3302
1.04,3301
1.04,3300
1.05,3299
1.05,3298
1.05,3297
1.05,3296
1.05,3295
1.06,3294
1.06,3293
1.06,3292
1.06,3291
1.06,3290
1.07,3289
1.07,3288
1.07,3287
1.07,3286
1.07,3285
1.07,3284
1.08,3283
1.08,3282
1.08,3281
1.08,3280
1.08,3279
1.09,3278
1.09,3277
1.09,3276
1.09,3275
1.09,3274
1.10,3273
1.10,3272
1.10,3271
1.10,3270
1.10,3269
1.11,3268
1.11,3267
1.11,3266
1.11,3265
1.11,3264
1.12,3263
1.12,3262
1.12,3261
1.12,3260
1.13,3259
1.13,3258
1.13,3257
1.13,3256
1.13,3255
1.14,3254
1.14,3253
1.14,3252
1.14,3251
1.15,3250
1.15,3249
1.15,3248
1.15,3247
1.15,3246
1.16,3245
1.16,3244
1.16,3243
1.16,3242
1.17,3241
1.17,3240
1.17,3239
1.17,3238
1.17,3237
1.18,3236
1.18,3235
1.18,3234
1.18,3233
1.19,3232
1.19,3231
1.19,3230
1.19,3229
1.20,3228
1.20,3227
1.20,3226
1.20,3225
1.20,3224
1.21,3223
1.21,3222
1.21,3221
1.21,3220
1.22,3219
1.22,3218
1.22,3217
1.22,3216
1.23,3215
1.23,3214
1.23,3213
1.23,3212
1.23,3211
1.24,3210
1.24,3209
1.24,3208
1.24,3207
1.25,3206
1.25,3205
1.25,3204
1.25,3203
1.26,3202
1.26,3201
1.26,3200
1.26,3199
1.26,3198
1.27,3197
1.27,3196
1.27,3195
1.27,3194
1.28,3193
1.28,3192
1.28,3191
1.28,3190
1.28,3189
1.29,3188
1.29,3187
1.29,3186
1.30,3185
1.30,3184
1.30,3183
1.30,3182
1.30,3181
1.31,3180
1.31,3179
1.31,3178
1.31,3177
1.31,3176
1.31,3175
1.32,3174
1.32,3173
1.32,3172
1.32,3171
1.32,3170
1.33,3169
1.33,3168
1.33,3167
1.33,3166
1.33,3165
1.34,3164
1.34,3163
1.34,3162
1.34,3161
1.34,3160
1.35,3159
1.35,3158
1.35,3157
1.35,3156
1.35,3155
1.36,3154
1.36,3153
1.36,3152
1.36,3151
1.36,3150
1.36,3149
1.37,3148
1.37,3147
1.37,3146
1.37,3145
1.37,3144
1.38,3143
1.38,3142
1.38,3141
1.38,3140
1.38,3139
1.39,3138
1.39,3137
1.39,3136
1.39,3135
1.39,3134
1.39,3133
1.40,3132
1.40,3131
1.40,3130
1.40,3129
1.40,3128
1.41,3127
1.41,3126
1.41,3125
1.41,3124
1.41,3123
1.42,3122
1.42,3121
1.42,3120
1.42,3119
1.42,3118
1.43,3117
1.43,3116
1.43,3115
1.43,3114
1.43,3113
1.44,3112
1.44,3111
1.44,3110
1.44,3109
1.44,3108
1.44,3107
1.45,3106
1.45,3105
1.45,3104
1.45,3103
1.45,3102
1.46,3101
1.46,3100
1.46,3099
1.46,3098
1.46,3097
1.47,3096
1.47,3095
1.47,3094
1.47,3093
1.47,3092
1.48,3091
1.48,3090
1.48,3089
1.48,3088
1.48,3087
1.48,3086
1.49,3085
1.49,3084
1.49,3083
1.49,3082
1.49,3081
1.50,3080
1.50,3079
1.50,3078
1.50,3077
1.50,3076
1.51,3075
1.51,3074
1.51,3073
1.51,3072
1.51,3071
1.52,3070
1.52,3069
1.52,3068
1.52,3067
1.52,3066
1.52,3065
1.53,3064
1.53,3063
1.53,3062
1.53,3061
1.54,3060
1.54,3059
1.54,3058
1.54,3057
1.54,3056
1.54,3055
1.55,3054
1.55,3053
1.55,3052
1.55,3051
1.55,3050
1.56,3049
1.56,3048
1.56,3047
1.56,3046
1.56,3045
1.56,3044
1.57,3043
1.57,3042
1.57,3041
1.57,3040
1.57,3039
1.58,3038
1.58,3037
1.58,3036
1.58,3035
1.58,3034
1.58,3033
1.59,3032
1.59,3031
1.59,3030
1.59,3029
1.59,3028
1.60,3027
1.60,3026
1.60,3025
1.60,3024
1.60,3023
1.61,3022
1.61,3021
1.61,3020
1.61,3019
1.61,3018
1.62,3017
1.62,3016
1.62,3015
1.62,3014
1.63,3013
1.63,3012
1.63,3011
1.63,3010
1.63,3009
1.64,3008
1.64,3007
1.64,3006
1.64,3005
1.64,3004
1.65,3003
1.65,3002
1.65,3001
1.65,3000
1.65,2999
1.66,2998
1.66,2997
1.66,2996
1.66,2995
1.66,2994
1.66,2993
1.67,2992
1.67,2991
1.67,2990
1.67,2989
1.67,2988
1.68,2987
1.68,2986
1.68,2985
1.68,2984
1.68,2983
1.69,2982
1.69,2981
1.69,2980
1.69,2979
1.69,2978
1.69,2977
1.70,2976
1.70,2975
1.70,2974
1.70,2973
1.70,2972
1.71,2971
1.71,2970
1.71,2969
1.71,2968
1.71,2967
1.72,2966
1.72,2965
1.72,2964
1.72,2963
1.72,2962
1.73,2961
1.73,2960
1.73,2959
1.73,2958
1.73,2957
1.73,2956
1.74,2955
1.74,2954
1.74,2953
1.74,2952
1.74,2951
1.75,2950
1.75,2949
1.75,2948
1.75,2947
1.75,2946
1.76,2945
1.76,2944
1.76,2943
1.76,2942
1.76,2941
1.77,2940
1.77,2939
1.77,2938
1.77,2937
1.77,2936
1.77,2935
1.78,2934
1.78,2933
1.78,2932
1.78,2931
1.78,2930
1.79,2929
1.79,2928
1.79,2927
1.79,2926
1.79,2925
1.80,2924
1.80,2923
1.80,2922
1.80,2921
1.80,2920
1.81,2919
1.81,2918
1.81,2917
1.81,2916
1.81,2915
1.81,2914
1.82,2913
1.82,2912
1.82,2911
1.82,2910
1.82,2909
1.83,2908
1.83,2907
1.83,2906
1.83,2905
1.83,2904
1.84,2903
1.84,2902
1.84,2901
1.84,2900
1.84,2899
1.84,2898
1.85,2897
1.85,2896
1.85,2895
1.85,2894
1.85,2893
1.86,2892
1.86,2891
1.86,2890
1.86,2889
1.86,2888
1.87,2887
1.87,2886
1.87,2885
1.87,2884
1.87,2883
1.87,2882
1.88,2881
1.88,2880
1.88,2879
1.88,2878
1.88,2877
1.89,2876
1.89,2875
1.89,2874
1.89,2873
1.89,2872
1.90,2871
1.90,2870
1.90,2869
1.90,2868
1.90,2867
1.91,2866
1.91,2865
1.91,2864
1.91,2863
1.91,2862
1.91,2861
1.92,2860
1.92,2859
1.92,2858
1.92,2857
1.92,2856
1.93,2855
1.93,2854
1.93,2853
1.93,2852
1.93,2851
1.94,2850
1.94,2849
1.94,2848
1.94,2847
1.94,2846
1.94,2845
1.95,2844
1.95,2843
1.95,2842
1.95,2841
1.95,2840
1.96,2839
1.96,2838
1.96,2837
1.96,2836
1.96,2835
1.97,2834
1.97,2833
1.97,2832
1.97,2831
1.97,2830
1.97,2829
1.98,2828
1.98,2827
1.98,2826
1.98,2825
1.99,2824
1.99,2823
1.99,2822
1.99,2821
1.99,2820
2.00,2819
2.00,2818
2.00,2817
2.00,2816
2.01,2815
2.01,2814
2.01,2813
2.01,2812
2.01,2811
2.02,2810
2.02,2809
2.02,2808
2.02,2807
2.02,2806
2.03,2805
2.03,2804
2.03,2803
2.03,2802
2.04,2801
2.04,2800
2.04,2799
2.04,2798
2.05,2797
2.05,2796
2.05,2795
2.05,2794
2.05,2793
2.06,2792
2.06,2791
2.06,2790
2.06,2789
2.07,2788
2.07,2787
2.07,2786
2.07,2785
2.07,2784
2.08,2783
2.08,2782
2.08,2781
2.08,2780
2.09,2779
2.09,2778
2.09,2777
2.09,2776
2.10,2775
2.10,2774
2.10,2773
2.10,2772
2.10,2771
2.11,2770
2.11,2769
2.11,2768
2.11,2767
2.12,2766
2.12,2765
2.12,2764
2.12,2763
2.12,2762
2.13,2761
2.13,2760
2.13,2759
2.13,2758
2.14,2757
2.14,2756
2.14,2755
2.14,2754
2.14,2753
2.15,2752
2.15,2751
2.15,2750
2.15,2749
2.16,2748
2.16,2747
2.16,2746
2.16,2745
2.16,2744
2.17,2743
2.17,2742
2.17,2741
2.17,2740
2.18,2739
2.18,2738
2.18,2737
2.18,2736
2.18,2735
2.19,2734
2.19,2733
2.19,2732
2.19,2731
2.20,2730
2.20,2729
2.20,2728
2.20,2727
2.21,2726
2.21,2725
2.21,2724
2.21,2723
2.21,2722
2.22,2721
2.22,2720
2.22,2719
2.22,2718
2.23,2717
2.23,2716
2.23,2715
2.23,2714
2.24,2713
2.24,2712
2.24,2711
2.24,2710
2.25,2709
2.25,2708
2.25,2707
2.25,2706
2.25,2705
2.26,2704
2.26,2703
2.26,2702
2.26,2701
2.27,2700
2.27,2699
2.27,2698
2.27,2697
2.28,2696
2.28,2695
2.28,2694
2.28,2693
2.28,2692
2.29,2691
2.29,2690
2.29,2689
2.29,2688
2.30,2687
2.30,2686
2.30,2685
2.30,2684
2.30,2683
2.31,2682
2.31,2681
2.31,2680
2.31,2679
2.32,2678
2.32,2677
2.32,2676
2.32,2675
2.32,2674
2.33,2673
2.33,2672
2.33,2671
2.33,2670
2.34,2669
2.34,2668
2.34,2667
2.34,2666
2.34,2665
2.35,2664
2.35,2663
2.35,2662
2.35,2661
2.36,2660
2.36,2659
2.36,2658
2.36,2657
2.36,2656
2.37,2655
2.37,2654
2.37,2653
2.37,2652
2.38,2651
2.38,2650
2.38,2649
2.38,2648
2.38,2647
2.39,2646
2.39,2645
2.39,2644
2.40,2643
2.40,2642
2.40,2641
2.40,2640
2.40,2639
2.40,2638
2.41,2637
2.41,2636
2.41,2635
2.41,2634
2.41,2633
2.42,2632
2.42,2631
2.42,2630
2.42,2629
2.42,2628
2.43,2627
2.43,2626
2.43,2625
2.43,2624
2.43,2623
2.43,2622
2.44,2621
2.44,2620
2.44,2619
2.44,2618
2.44,2617
2.45,2616
2.45,2615
2.45,2614
2.45,2613
2.45,2612
2.45,2611
2.46,2610
2.46,2609
2.46,2608
2.46,2607
2.46,2606
2.47,2605
2.47,2604
2.47,2603
2.47,2602
2.47,2601
2.47,2600
2.48,2599
2.48,2598
2.48,2597
2.48,2596
2.48,2595
2.49,2594
2.49,2593
2.49,2592
2.49,2591
2.49,2590
2.49,2589
2.50,2588
2.50,2587
2.50,2586
2.50,2585
2.50,2584
2.50,2583
2.51,2582
2.51,2581
2.51,2580
2.51,2579
2.51,2578
2.52,2577
2.52,2576
2.52,2575
2.52,2574
2.52,2573
2.53,2572
2.53,2571
2.53,2570
2.53,2569
2.53,2568
2.53,2567
2.54,2566
2.54,2565
2.54,2564
2.54,2563
2.54,2562
2.55,2561
2.55,2560
2.55,2559
2.55,2558
2.55,2557
2.55,2556
2.56,2555
2.56,2554
2.56,2553
2.56,2552
2.56,2551
2.57,2550
2.57,2549
2.57,2548
2.57,2547
2.57,2546
2.57,2545
2.58,2544
2.58,2543
2.58,2542
2.58,2541
2.58,2540
2.59,2539
2.59,2538
2.59,2537
2.59,2536
2.59,2535
2.59,2534
2.60,2533
2.60,2532
2.60,2531
2.60,2530
2.60,2529
2.61,2528
2.61,2527
2.61,2526
2.61,2525
2.61,2524
2.61,2523
2.62,2522
2.62,2521
2.62,2520
2.62,2519
2.62,2518
2.63,2517
2.63,2516
2.63,2515
2.63,2514
2.63,2513
2.63,2512
2.64,2511
2.64,2510
2.64,2509
2.64,2508
2.64,2507
2.64,2506
2.65,2505
2.65,2504
2.65,2503
2.65,2502
2.65,2501
2.66,2500
2.66,2499
2.66,2498
2.66,2497
2.66,2496
2.66,2495
2.67,2494
2.67,2493
2.67,2492
2.67,2491
2.67,2490
2.68,2489
2.68,2488
2.68,2487
2.68,2486
2.68,2485
2.68,2484
2.69,2483
2.69,2482
2.69,2481
2.69,2480
2.69,2479
2.69,2478
2.70,2477
2.70,2476
2.70,2475
2.70,2474
2.70,2473
2.71,2472
2.71,2471
2.71,2470
2.71,2469
2.71,2468
2.71,2467
2.72,2466
2.72,2465
2.72,2464
2.72,2463
2.72,2462
2.72,2461
2.73,2460
2.73,2459
2.73,2458
2.73,2457
2.73,2456
2.74,2455
2.74,2454
2.74,2453
2.74,2452
2.74,2451
2.75,2450
2.75,2449
2.75,2448
2.75,2447
2.75,2446
2.75,2445
2.76,2444
2.76,2443
2.76,2442
2.76,2441
2.76,2440
2.77,2439
2.77,2438
2.77,2437
2.77,2436
2.77,2435
2.77,2434
2.78,2433
2.78,2432
2.78,2431
2.78,2430
2.78,2429
2.79,2428
2.79,2427
2.79,2426
2.79,2425
2.79,2424
2.79,2423
2.80,2422
2.80,2421
2.80,2420
2.80,2419
2.80,2418
2.81,2417
2.81,2416
2.81,2415
2.81,2414
2.81,2413
2.82,2412
2.82,2411
2.82,2410
2.82,2409
2.82,2408
2.82,2407
2.83,2406
2.83,2405
2.83,2404
2.83,2403
2.83,2402
2.83,2401
2.84,2400
2.84,2399
2.84,2398
2.84,2397
2.84,2396
2.85,2395
2.85,2394
2.85,2393
2.85,2392
2.85,2391
2.85,2390
2.86,2389
2.86,2388
2.86,2387
2.86,2386
