0.10,3652
0.16,3651
0.17,3650
0.18,3649
0.19,3648
0.20,3647
0.21,3646
0.22,3645
0.22,3644
0.23,3643
0.23,3642
0.24,3641
0.24,3640
0.25,3639
0.25,3638
0.26,3637
0.27,3636
0.27,3635
0.28,3634
0.29,3633
0.29,3632
0.30,3631
0.30,3630
0.31,3629
0.32,3628
0.32,3627
0.33,3626
0.33,3625
0.34,3624
0.34,3623
0.35,3622
0.35,3621
0.36,3620
0.36,3619
0.37,3618
0.37,3617
0.38,3616
0.38,3615
0.39,3614
0.39,3613
0.39,3612
0.40,3611
0.40,3610
0.40,3609
0.41,3608
0.41,3607
0.42,3606
0.42,3605
0.42,3604
0.43,3603
0.43,3602
0.43,3601
0.43,3600
0.44,3599
0.44,3598
0.44,3597
0.44,3596
0.45,3595
0.45,3594
0.45,3593
0.45,3592
0.45,3591
0.46,3590
0.46,3589
0.46,3588
0.46,3587
0.47,3586
0.47,3585
0.47,3584
0.47,3583
0.47,3582
0.48,3581
0.48,3580
0.48,3579
0.48,3578
0.49,3577
0.49,3576
0.49,3575
0.49,3574
0.49,3573
0.50,3572
0.50,3571
0.50,3570
0.51,3569
0.51,3568
0.51,3567
0.52,3566
0.52,3565
0.52,3564
0.52,3563
0.53,3562
0.53,3561
0.53,3560
0.53,3559
0.54,3558
0.54,3557
0.54,3556
0.54,3555
0.55,3554
0.55,3553
0.55,3552
0.56,3551
0.56,3550
0.56,3549
0.56,3548
0.57,3547
0.57,3546
0.57,3545
0.57,3544
0.58,3543
0.58,3542
0.58,3541
0.58,3540
0.58,3539
0.59,3538
0.59,3537
0.59,3536
0.59,3535
0.60,3534
0.60,3533
0.60,3532
0.60,3531
0.60,3530
0.61,3529
0.61,3528
0.61,3527
0.61,3526
0.62,3525
0.62,3524
0.62,3523
0.63,3522
0.63,3521
0.63,3520
0.63,3519
0.63,3518
0.64,3517
0.64,3516
0.64,3515
0.64,3514
0.64,3513
0.65,3512
0.65,3511
0.65,3510
0.65,3509
0.66,3508
0.66,3507
0.66,3506
0.66,3505
0.66,3504
0.67,3503
0.67,3502
0.67,3501
0.67,3500
0.68,3499
0.68,3498
0.68,3497
0.68,3496
0.68,3495
0.69,3494
0.69,3493
0.69,3492
0.69,3491
0.69,3490
0.70,3489
0.70,3488
0.70,3487
0.70,3486
0.71,3485
0.71,3484
0.71,3483
0.71,3482
0.71,3481
0.72,3480
0.72,3479
0.72,3478
0.72,3477
0.72,3476
0.73,3475
0.73,3474
0.73,3473
0.73,3472
0.74,3471
0.74,3470
0.74,3469
0.74,3468
0.74,3467
0.75,3466
0.75,3465
0.75,3464
0.75,3463
0.76,3462
0.76,3461
0.76,3460
0.76,3459
0.76,3458
0.77,3457
0.77,3456
0.77,3455
0.77,3454
0.78,3453
0.78,3452
0.78,3451
0.78,3450
0.78,3449
0.79,3448
0.79,3447
0.79,3446
0.79,3445
0.79,3444
0.80,3443
0.80,3442
0.80,3441
0.80,3440
0.80,3439
0.81,3438
0.81,3437
0.81,3436
0.82,3435
0.82,3434
0.82,3433
0.82,3432
0.83,3431
0.83,3430
0.83,3429
0.83,3428
0.83,3427
0.84,3426
0.84,3425
0.84,3424
0.84,3423
0.84,3422
0.85,3421
0.85,3420
0.85,3419
0.85,3418
0.86,3417
0.86,3416
0.86,3415
0.86,3414
0.86,3413
0.87,3412
0.87,3411
0.87,3410
0.87,3409
0.87,3408
0.88,3407
0.88,3406
0.88,3405
0.88,3404
0.89,3403
0.89,3402
0.89,3401
0.89,3400
0.90,3399
0.90,3398
0.90,3397
0.90,3396
0.90,3395
0.91,3394
0.91,3393
0.91,3392
0.91,3391
0.91,3390
0.92,3389
0.92,3388
0.92,3387
0.92,3386
0.93,3385
0.93,3384
0.93,3383
0.93,3382
0.93,3381
0.94,3380
0.94,3379
0.94,3378
0.94,3377
0.95,3376
0.95,3375
0.95,3374
0.95,3373
0.95,3372
0.96,3371
0.96,3370
0.96,3369
0.96,3368
0.96,3367
0.97,3366
0.97,3365
0.97,3364
0.97,3363
0.98,3362
0.98,3361
0.98,3360
0.98,3359
0.98,3358
0.99,3357
0.99,3356
0.99,3355
1.00,3354
1.00,3353
1.00,3352
1.00,3351
1.01,3350
1.01,3349
1.01,3348
1.01,3347
1.02,3346
1.02,3345
1.02,3344
1.02,3343
1.03,3342
1.03,3341
1.03,3340
1.03,3339
1.03,3338
1.04,3337
1.04,3336
1.04,3335
1.04,3334
1.04,3333
1.05,3332
1.05,3331
1.05,3330
1.05,3329
1.06,3328
1.06,3327
1.06,3326
1.06,3325
1.06,3324
1.07,3323
1.07,3322
1.07,3321
1.07,3320
1.08,3319
1.08,3318
1.08,3317
1.08,3316
1.08,3315
1.09,3314
1.09,3313
1.09,3312
1.09,3311
1.09,3310
1.10,3309
1.10,3308
1.10,3307
1.10,3306
1.11,3305
1.11,3304
1.11,3303
1.11,3302
1.11,3301
1.12,3300
1.12,3299
1.12,3298
1.12,3297
1.12,3296
1.13,3295
1.13,3294
1.13,3293
1.13,3292
1.14,3291
1.14,3290
1.14,3289
1.14,3288
1.14,3287
1.15,3286
1.15,3285
1.15,3284
1.15,3283
1.15,3282
1.16,3281
1.16,3280
1.16,3279
1.16,3278
1.16,3277
1.17,3276
1.17,3275
1.17,3274
1.17,3273
1.18,3272
1.18,3271
1.18,3270
1.18,3269
1.18,3268
1.19,3267
1.19,3266
1.19,3265
1.19,3264
1.20,3263
1.20,3262
1.20,3261
1.20,3260
1.21,3259
1.21,3258
1.21,3257
1.21,3256
1.22,3255
1.22,3254
1.22,3253
1.22,3252
1.23,3251
1.23,3250
1.23,3249
1.23,3248
1.24,3247
1.24,3246
1.24,3245
1.24,3244
1.25,3243
1.25,3242
1.25,3241
1.25,3240
1.26,3239
1.26,3238
1.26,3237
1.26,3236
1.27,3235
1.27,3234
1.27,3233
1.27,3232
1.28,3231
1.28,3230
1.28,3229
1.28,3228
1.29,3227
1.29,3226
1.29,3225
1.29,3224
1.30,3223
1.30,3222
1.30,3221
1.31,3220
1.31,3219
1.31,3218
1.31,3217
1.32,3216
1.32,3215
1.32,3214
1.32,3213
1.33,3212
1.33,3211
1.33,3210
1.33,3209
1.34,3208
1.34,3207
1.34,3206
1.34,3205
1.35,3204
1.35,3203
1.35,3202
1.35,3201
1.36,3200
1.36,3199
1.36,3198
1.36,3197
1.37,3196
1.37,3195
1.37,3194
1.37,3193
1.38,3192
1.38,3191
1.38,3190
1.38,3189
1.39,3188
1.39,3187
1.39,3186
1.39,3185
1.40,3184
1.40,3183
1.40,3182
1.41,3181
1.41,3180
1.41,3179
1.41,3178
1.41,3177
1.42,3176
1.42,3175
1.42,3174
1.42,3173
1.42,3172
1.43,3171
1.43,3170
1.43,3169
1.43,3168
1.43,3167
1.44,3166
1.44,3165
1.44,3164
1.44,3163
1.44,3162
1.45,3161
1.45,3160
1.45,3159
1.45,3158
1.45,3157
1.46,3156
1.46,3155
1.46,3154
1.46,3153
1.47,3152
1.47,3151
1.47,3150
1.47,3149
1.47,3148
1.48,3147
1.48,3146
1.48,3145
1.48,3144
1.48,3143
1.49,3142
1.49,3141
1.49,3140
1.49,3139
1.49,3138
1.50,3137
1.50,3136
1.50,3135
1.50,3134
1.50,3133
1.51,3132
1.51,3131
1.51,3130
1.51,3129
1.51,3128
1.52,3127
1.52,3126
1.52,3125
1.52,3124
1.52,3123
1.53,3122
1.53,3121
1.53,3120
1.53,3119
1.53,3118
1.54,3117
1.54,3116
1.54,3115
1.54,3114
1.54,3113
1.55,3112
1.55,3111
1.55,3110
1.55,3109
1.55,3108
1.56,3107
1.56,3106
1.56,3105
1.56,3104
1.56,3103
1.57,3102
1.57,3101
1.57,3100
1.57,3099
1.58,3098
1.58,3097
1.58,3096
1.58,3095
1.58,3094
1.59,3093
1.59,3092
1.59,3091
1.59,3090
1.59,3089
1.60,3088
1.60,3087
1.60,3086
1.60,3085
1.60,3084
1.61,3083
1.61,3082
1.61,3081
1.61,3080
1.62,3079
1.62,3078
1.62,3077
1.62,3076
1.62,3075
1.63,3074
1.63,3073
1.63,3072
1.63,3071
1.63,3070
1.64,3069
1.64,3068
1.64,3067
1.64,3066
1.64,3065
1.65,3064
1.65,3063
1.65,3062
1.65,3061
1.65,3060
1.66,3059
1.66,3058
1.66,3057
1.66,3056
1.66,3055
1.67,3054
1.67,3053
1.67,3052
1.67,3051
1.67,3050
1.68,3049
1.68,3048
1.68,3047
1.68,3046
1.68,3045
1.69,3044
1.69,3043
1.69,3042
1.69,3041
1.69,3040
1.70,3039
1.70,3038
1.70,3037
1.70,3036
1.71,3035
1.71,3034
1.71,3033
1.71,3032
1.71,3031
1.72,3030
1.72,3029
1.72,3028
1.72,3027
1.72,3026
1.73,3025
1.73,3024
1.73,3023
1.73,3022
1.73,3021
1.73,3020
1.74,3019
1.74,3018
1.74,3017
1.74,3016
1.74,3015
1.75,3014
1.75,3013
1.75,3012
1.75,3011
1.75,3010
1.76,3009
1.76,3008
1.76,3007
1.77,3006
1.77,3005
1.77,3004
1.77,3003
1.78,3002
1.78,3001
1.78,3000
1.78,2999
1.78,2998
1.79,2997
1.79,2996
1.79,2995
1.79,2994
1.79,2993
1.80,2992
1.80,2991
1.80,2990
1.80,2989
1.80,2988
1.81,2987
1.81,2986
1.81,2985
1.81,2984
1.81,2983
1.82,2982
1.82,2981
1.82,2980
1.82,2979
1.83,2978
1.83,2977
1.83,2976
1.83,2975
1.83,2974
1.84,2973
1.84,2972
1.84,2971
1.84,2970
1.84,2969
1.85,2968
1.85,2967
1.85,2966
1.85,2965
1.85,2964
1.86,2963
1.86,2962
1.86,2961
1.86,2960
1.86,2959
1.87,2958
1.87,2957
1.87,2956
1.87,2955
1.87,2954
1.88,2953
1.88,2952
1.88,2951
1.88,2950
1.88,2949
1.89,2948
1.89,2947
1.89,2946
1.89,2945
1.89,2944
1.90,2943
1.90,2942
1.90,2941
1.90,2940
1.90,2939
1.91,2938
1.91,2937
1.91,2936
1.91,2935
1.92,2934
1.92,2933
1.92,2932
1.92,2931
1.92,2930
1.93,2929
1.93,2928
1.93,2927
1.93,2926
1.93,2925
1.94,2924
1.94,2923
1.94,2922
1.94,2921
1.94,2920
1.95,2919
1.95,2918
1.95,2917
1.95,2916
1.95,2915
1.96,2914
1.96,2913
1.96,2912
1.96,2911
1.97,2910
1.97,2909
1.97,2908
1.97,2907
1.97,2906
1.98,2905
1.98,2904
1.98,2903
1.98,2902
1.98,2901
1.99,2900
1.99,2899
1.99,2898
1.99,2897
1.99,2896
2.00,2895
2.00,2894
2.00,2893
2.00,2892
2.00,2891
2.01,2890
2.01,2889
2.01,2888
2.01,2887
2.01,2886
2.02,2885
2.02,2884
2.02,2883
2.02,2882
2.03,2881
2.03,2880
2.03,2879
2.03,2878
2.03,2877
2.04,2876
2.04,2875
2.04,2874
2.04,2873
2.04,2872
2.05,2871
2.05,2870
2.05,2869
2.05,2868
2.05,2867
2.06,2866
2.06,2865
2.06,2864
2.06,2863
2.06,2862
2.07,2861
2.07,2860
2.07,2859
2.07,2858
2.07,2857
2.08,2856
2.08,2855
2.08,2854
2.08,2853
2.08,2852
2.09,2851
2.09,2850
2.09,2849
2.09,2848
2.09,2847
2.10,2846
2.10,2845
2.10,2844
2.10,2843
2.10,2842
2.11,2841
2.11,2840
2.11,2839
2.11,2838
2.11,2837
2.12,2836
2.12,2835
2.12,2834
2.12,2833
2.12,2832
2.13,2831
2.13,2830
2.14,2829
2.14,2828
2.14,2827
2.14,2826
2.14,2825
2.15,2824
2.15,2823
2.15,2822
2.15,2821
2.15,2820
2.16,2819
2.16,2818
2.16,2817
2.16,2816
2.16,2815
2.17,2814
2.17,2813
2.17,2812
2.17,2811
2.17,2810
2.18,2809
2.18,2808
2.18,2807
2.18,2806
2.18,2805
2.19,2804
2.19,2803
2.19,2802
2.19,2801
2.19,2800
2.20,2799
2.20,2798
2.20,2797
2.20,2796
2.20,2795
2.21,2794
2.21,2793
2.21,2792
2.21,2791
2.21,2790
2.22,2789
2.22,2788
2.22,2787
2.22,2786
2.22,2785
2.23,2784
2.23,2783
2.23,2782
2.23,2781
2.23,2780
2.24,2779
2.24,2778
2.24,2777
2.24,2776
2.24,2775
2.25,2774
2.25,2773
2.25,2772
2.25,2771
2.25,2770
2.26,2769
2.26,2768
2.26,2767
2.26,2766
2.26,2765
2.27,2764
2.27,2763
2.27,2762
2.27,2761
2.27,2760
2.28,2759
2.28,2758
2.28,2757
2.28,2756
2.28,2755
2.29,2754
2.29,2753
2.29,2752
2.29,2751
2.29,2750
2.30,2749
2.30,2748
2.30,2747
2.30,2746
2.30,2745
2.31,2744
2.31,2743
2.31,2742
2.31,2741
2.31,2740
2.32,2739
2.32,2738
2.32,2737
2.32,2736
2.32,2735
2.33,2734
2.33,2733
2.33,2732
2.33,2731
2.33,2730
2.34,2729
2.34,2728
2.34,2727
2.34,2726
2.34,2725
2.35,2724
2.35,2723
2.35,2722
2.35,2721
2.35,2720
2.36,2719
2.36,2718
2.36,2717
2.36,2716
2.36,2715
2.37,2714
2.37,2713
2.37,2712
2.37,2711
2.37,2710
2.38,2709
2.38,2708
2.38,2707
2.38,2706
2.38,2705
2.39,2704
2.39,2703
2.39,2702
2.39,2701
2.39,2700
2.40,2699
2.40,2698
2.40,2697
2.40,2696
2.40,2695
2.41,2694
2.41,2693
2.41,2692
2.41,2691
2.41,2690
2.42,2689
2.42,2688
2.42,2687
2.42,2686
2.42,2685
2.43,2684
2.43,2683
2.43,2682
2.43,2681
2.43,2680
2.44,2679
2.44,2678
2.44,2677
2.44,2676
2.44,2675
2.45,2674
2.45,2673
2.45,2672
2.45,2671
2.45,2670
2.46,2669
2.46,2668
2.46,2667
2.46,2666
2.46,2665
2.47,2664
2.47,2663
2.47,2662
2.47,2661
2.47,2660
2.48,2659
2.48,2658
2.48,2657
2.48,2656
2.48,2655
2.49,2654
2.49,2653
2.49,2652
2.49,2651
2.49,2650
2.50,2649
2.50,2648
2.50,2647
2.50,2646
2.50,2645
2.51,2644
2.51,2643
2.51,2642
2.51,2641
2.51,2640
2.52,2639
2.52,2638
2.52,2637
2.52,2636
2.52,2635
2.53,2634
2.53,2633
2.53,2632
2.53,2631
2.53,2630
2.54,2629
2.54,2628
2.54,2627
2.54,2626
2.54,2625
2.55,2624
2.55,2623
2.55,2622
2.55,2621
2.55,2620
2.56,2619
2.56,2618
2.56,2617
2.56,2616
2.56,2615
2.57,2614
2.57,2613
2.57,2612
2.57,2611
2.57,2610
2.58,2609
2.58,2608
2.58,2607
2.58,2606
2.58,2605
2.59,2604
2.59,2603
2.59,2602
2.59,2601
2.59,2600
2.60,2599
2.60,2598
2.60,2597
2.60,2596
2.60,2595
2.61,2594
2.61,2593
2.61,2592
2.61,2591
2.61,2590
2.62,2589
2.62,2588
2.62,2587
2.62,2586
2.62,2585
2.63,2584
2.63,2583
2.63,2582
2.63,2581
2.63,2580
2.64,2579
2.64,2578
2.64,2577
2.64,2576
2.64,2575
2.65,2574
2.65,2573
2.65,2572
2.65,2571
2.65,2570
2.65,2569
2.66,2568
2.66,2567
2.66,2566
2.66,2565
2.66,2564
2.67,2563
2.67,2562
2.67,2561
2.67,2560
2.67,2559
2.68,2558
2.68,2557
2.68,2556
2.68,2555
2.68,2554
2.69,2553
2.69,2552
2.69,2551
2.69,2550
2.69,2549
2.70,2548
2.70,2547
2.70,2546
2.70,2545
2.70,2544
2.71,2543
2.71,2542
2.71,2541
2.71,2540
2.71,2539
2.72,2538
2.72,2537
2.72,2536
2.72,2535
2.72,2534
2.73,2533
2.73,2532
2.73,2531
2.73,2530
2.73,2529
2.74,2528
2.74,2527
2.74,2526
2.74,2525
2.74,2524
2.75,2523
2.75,2522
2.75,2521
2.75,2520
2.75,2519
2.76,2518
2.76,2517
2.76,2516
2.76,2515
2.76,2514
2.77,2513
2.77,2512
2.77,2511
2.77,2510
2.77,2509
2.78,2508
2.78,2507
2.78,2506
2.78,2505
2.78,2504
2.79,2503
2.79,2502
2.79,2501
2.79,2500
2.79,2499
2.80,2498
2.80,2497
2.80,2496
2.80,2495
2.80,2494
2.81,2493
2.81,2492
2.81,2491
2.81,2490
2.81,2489
2.82,2488
2.82,2487
2.82,2486
2.82,2485
2.82,2484
2.83,2483
2.83,2482
2.83,2481
2.83,2480
2.83,2479
2.83,2478
2.84,2477
2.84,2476
2.84,2475
2.84,2474
2.85,2473
2.85,2472
2.85,2471
2.85,2470
2.85,2469
2.86,2468
2.86,2467
2.86,2466
2.86,2465
2.86,2464
2.87,2463
2.87,2462
2.87,2461
2.87,2460
2.87,2459
2.87,2458
2.88,2457
2.88,2456
2.88,2455
2.88,2454
2.88,2453
2.89,2452
2.89,2451
2.89,2450
2.89,2449
2.89,2448
2.90,2447
2.90,2446
2.90,2445
2.90,2444
2.90,2443
2.91,2442
2.91,2441
2.91,2440
2.91,2439
2.91,2438
2.92,2437
2.92,2436
2.92,2435
2.92,2434
2.92,2433
2.93,2432
2.93,2431
2.93,2430
2.93,2429
2.93,2428
2.93,2427
2.94,2426
2.94,2425
2.94,2424
2.94,2423
2.94,2422
2.95,2421
2.95,2420
2.95,2419
2.95,2418
2.95,2417
2.96,2416
2.96,2415
2.96,2414
2.96,2413
2.96,2412
2.97,2411
2.97,2410
2.97,2409
2.97,2408
2.97,2407
2.98,2406
2.98,2405
2.98,2404
2.98,2403
2.98,2402
2.99,2401
2.99,2400
2.99,2399
2.99,2398
2.99,2397
3.00,2396
3.00,2395
3.00,2394
3.00,2393
3.00,2392
3.01,2391
3.01,2390
3.01,2389
3.01,2388
3.01,2387
3.02,2386
3.02,2385
3.02,2384
3.02,2383
3.02,2382
3.03,2381
3.03,2380
3.03,2379
3.03,2378
3.03,2377
3.03,2376
3.04,2375
3.04,2374
3.04,2373
3.04,2372
3.06,2371
