0.10,3628
0.16,3627
0.18,3626
0.18,3625
0.19,3624
0.20,3623
0.21,3622
0.22,3621
0.22,3620
0.23,3619
0.23,3618
0.24,3617
0.24,3616
0.25,3615
0.25,3614
0.26,3613
0.27,3612
0.27,3611
0.28,3610
0.28,3609
0.29,3608
0.29,3607
0.30,3606
0.31,3605
0.31,3604
0.32,3603
0.32,3602
0.33,3601
0.33,3600
0.34,3599
0.34,3598
0.35,3597
0.35,3596
0.36,3595
0.37,3594
0.37,3593
0.38,3592
0.38,3591
0.38,3590
0.39,3589
0.39,3588
0.40,3587
0.40,3586
0.41,3585
0.41,3584
0.41,3583
0.42,3582
0.42,3581
0.43,3580
0.43,3579
0.43,3578
0.43,3577
0.43,3576
0.44,3575
0.44,3574
0.44,3573
0.44,3572
0.45,3571
0.45,3570
0.45,3569
0.45,3568
0.45,3567
0.46,3566
0.46,3565
0.46,3564
0.46,3563
0.47,3562
0.47,3561
0.47,3560
0.47,3559
0.47,3558
0.48,3557
0.48,3556
0.48,3555
0.48,3554
0.49,3553
0.49,3552
0.49,3551
0.49,3550
0.49,3549
0.50,3548
0.50,3547
0.50,3546
0.50,3545
0.51,3544
0.51,3543
0.51,3542
0.51,3541
0.51,3540
0.52,3539
0.52,3538
0.52,3537
0.52,3536
0.53,3535
0.53,3534
0.53,3533
0.53,3532
0.53,3531
0.54,3530
0.54,3529
0.54,3528
0.54,3527
0.55,3526
0.55,3525
0.55,3524
0.55,3523
0.56,3522
0.56,3521
0.56,3520
0.56,3519
0.56,3518
0.57,3517
0.57,3516
0.57,3515
0.57,3514
0.58,3513
0.58,3512
0.58,3511
0.58,3510
0.58,3509
0.59,3508
0.59,3507
0.59,3506
0.59,3505
0.60,3504
0.60,3503
0.60,3502
0.60,3501
0.60,3500
0.61,3499
0.61,3498
0.61,3497
0.62,3496
0.62,3495
0.62,3494
0.62,3493
0.63,3492
0.63,3491
0.63,3490
0.63,3489
0.63,3488
0.64,3487
0.64,3486
0.64,3485
0.64,3484
0.64,3483
0.65,3482
0.65,3481
0.65,3480
0.65,3479
0.66,3478
0.66,3477
0.66,3476
0.66,3475
0.66,3474
0.67,3473
0.67,3472
0.67,3471
0.67,3470
0.67,3469
0.68,3468
0.68,3467
0.68,3466
0.68,3465
0.68,3464
0.69,3463
0.69,3462
0.69,3461
0.69,3460
0.70,3459
0.70,3458
0.70,3457
0.70,3456
0.70,3455
0.71,3454
0.71,3453
0.71,3452
0.71,3451
0.72,3450
0.72,3449
0.72,3448
0.72,3447
0.72,3446
0.73,3445
0.73,3444
0.73,3443
0.73,3442
0.74,3441
0.74,3440
0.74,3439
0.74,3438
0.74,3437
0.75,3436
0.75,3435
0.75,3434
0.75,3433
0.75,3432
0.76,3431
0.76,3430
0.76,3429
0.76,3428
0.76,3427
0.77,3426
0.77,3425
0.77,3424
0.77,3423
0.78,3422
0.78,3421
0.78,3420
0.78,3419
0.79,3418
0.79,3417
0.79,3416
0.79,3415
0.80,3414
0.80,3413
0.80,3412
0.80,3411
0.81,3410
0.81,3409
0.81,3408
0.81,3407
0.81,3406
0.82,3405
0.82,3404
0.82,3403
0.82,3402
0.83,3401
0.83,3400
0.83,3399
0.83,3398
0.83,3397
0.84,3396
0.84,3395
0.84,3394
0.84,3393
0.85,3392
0.85,3391
0.85,3390
0.85,3389
0.85,3388
0.86,3387
0.86,3386
0.86,3385
0.86,3384
0.87,3383
0.87,3382
0.87,3381
0.87,3380
0.87,3379
0.88,3378
0.88,3377
0.88,3376
0.88,3375
0.89,3374
0.89,3373
0.89,3372
0.89,3371
0.89,3370
0.90,3369
0.90,3368
0.90,3367
0.90,3366
0.90,3365
0.91,3364
0.91,3363
0.91,3362
0.91,3361
0.91,3360
0.92,3359
0.92,3358
0.92,3357
0.93,3356
0.93,3355
0.93,3354
0.93,3353
0.94,3352
0.94,3351
0.94,3350
0.94,3349
0.94,3348
0.95,3347
0.95,3346
0.95,3345
0.95,3344
0.96,3343
0.96,3342
0.96,3341
0.96,3340
0.97,3339
0.97,3338
0.97,3337
0.97,3336
0.98,3335
0.98,3334
0.98,3333
0.98,3332
0.99,3331
0.99,3330
0.99,3329
1.00,3328
1.00,3327
1.00,3326
1.01,3325
1.01,3324
1.01,3323
1.01,3322
1.01,3321
1.02,3320
1.02,3319
1.02,3318
1.02,3317
1.03,3316
1.03,3315
1.03,3314
1.03,3313
1.03,3312
1.04,3311
1.04,3310
1.04,3309
1.04,3308
1.04,3307
1.05,3306
1.05,3305
1.05,3304
1.05,3303
1.05,3302
1.06,3301
1.06,3300
1.06,3299
1.06,3298
1.07,3297
1.07,3296
1.07,3295
1.07,3294
1.07,3293
1.08,3292
1.08,3291
1.08,3290
1.08,3289
1.08,3288
1.09,3287
1.09,3286
1.09,3285
1.09,3284
1.10,3283
1.10,3282
1.10,3281
1.10,3280
1.10,3279
1.11,3278
1.11,3277
1.11,3276
1.11,3275
1.11,3274
1.12,3273
1.12,3272
1.12,3271
1.12,3270
1.12,3269
1.13,3268
1.13,3267
1.13,3266
1.13,3265
1.13,3264
1.14,3263
1.14,3262
1.14,3261
1.14,3260
1.15,3259
1.15,3258
1.15,3257
1.15,3256
1.15,3255
1.16,3254
1.16,3253
1.16,3252
1.16,3251
1.17,3250
1.17,3249
1.17,3248
1.17,3247
1.17,3246
1.18,3245
1.18,3244
1.18,3243
1.18,3242
1.18,3241
1.19,3240
1.19,3239
1.19,3238
1.19,3237
1.20,3236
1.20,3235
1.20,3234
1.20,3233
1.21,3232
1.21,3231
1.21,3230
1.21,3229
1.22,3228
1.22,3227
1.22,3226
1.22,3225
1.23,3224
1.23,3223
1.23,3222
1.23,3221
1.24,3220
1.24,3219
1.24,3218
1.24,3217
1.25,3216
1.25,3215
1.25,3214
1.25,3213
1.26,3212
1.26,3211
1.26,3210
1.26,3209
1.27,3208
1.27,3207
1.27,3206
1.27,3205
1.28,3204
1.28,3203
1.28,3202
1.28,3201
1.29,3200
1.29,3199
1.29,3198
1.29,3197
1.30,3196
1.30,3195
1.30,3194
1.30,3193
1.31,3192
1.31,3191
1.31,3190
1.31,3189
1.32,3188
1.32,3187
1.32,3186
1.32,3185
1.33,3184
1.33,3183
1.33,3182
1.33,3181
1.34,3180
1.34,3179
1.34,3178
1.34,3177
1.35,3176
1.35,3175
1.35,3174
1.35,3173
1.36,3172
1.36,3171
1.36,3170
1.36,3169
1.37,3168
1.37,3167
1.37,3166
1.37,3165
1.38,3164
1.38,3163
1.39,3162
1.39,3161
1.39,3160
1.39,3159
1.39,3158
1.40,3157
1.40,3156
1.40,3155
1.40,3154
1.40,3153
1.41,3152
1.41,3151
1.41,3150
1.41,3149
1.41,3148
1.42,3147
1.42,3146
1.42,3145
1.42,3144
1.42,3143
1.43,3142
1.43,3141
1.43,3140
1.43,3139
1.43,3138
1.44,3137
1.44,3136
1.44,3135
1.44,3134
1.44,3133
1.45,3132
1.45,3131
1.45,3130
1.45,3129
1.45,3128
1.46,3127
1.46,3126
1.46,3125
1.46,3124
1.46,3123
1.47,3122
1.47,3121
1.47,3120
1.47,3119
1.47,3118
1.48,3117
1.48,3116
1.48,3115
1.48,3114
1.48,3113
1.49,3112
1.49,3111
1.49,3110
1.49,3109
1.49,3108
1.50,3107
1.50,3106
1.50,3105
1.50,3104
1.50,3103
1.51,3102
1.51,3101
1.51,3100
1.51,3099
1.51,3098
1.52,3097
1.52,3096
1.52,3095
1.52,3094
1.53,3093
1.53,3092
1.53,3091
1.53,3090
1.53,3089
1.54,3088
1.54,3087
1.54,3086
1.54,3085
1.54,3084
1.55,3083
1.55,3082
1.55,3081
1.55,3080
1.55,3079
1.56,3078
1.56,3077
1.56,3076
1.56,3075
1.57,3074
1.57,3073
1.57,3072
1.57,3071
1.57,3070
1.58,3069
1.58,3068
1.58,3067
1.58,3066
1.58,3065
1.59,3064
1.59,3063
1.59,3062
1.59,3061
1.59,3060
1.60,3059
1.60,3058
1.60,3057
1.60,3056
1.60,3055
1.61,3054
1.61,3053
1.61,3052
1.61,3051
1.61,3050
1.62,3049
1.62,3048
1.62,3047
1.62,3046
1.62,3045
1.63,3044
1.63,3043
1.63,3042
1.63,3041
1.63,3040
1.64,3039
1.64,3038
1.64,3037
1.64,3036
1.64,3035
1.65,3034
1.65,3033
1.65,3032
1.65,3031
1.66,3030
1.66,3029
1.66,3028
1.66,3027
1.66,3026
1.67,3025
1.67,3024
1.67,3023
1.67,3022
1.67,3021
1.68,3020
1.68,3019
1.68,3018
1.68,3017
1.68,3016
1.69,3015
1.69,3014
1.69,3013
1.69,3012
1.69,3011
1.70,3010
1.70,3009
1.70,3008
1.70,3007
1.70,3006
1.71,3005
1.71,3004
1.71,3003
1.71,3002
1.71,3001
1.72,3000
1.72,2999
1.72,2998
1.72,2997
1.72,2996
1.73,2995
1.73,2994
1.73,2993
1.73,2992
1.73,2991
1.74,2990
1.74,2989
1.74,2988
1.74,2987
1.75,2986
1.75,2985
1.75,2984
1.75,2983
1.76,2982
1.76,2981
1.76,2980
1.76,2979
1.76,2978
1.77,2977
1.77,2976
1.77,2975
1.77,2974
1.77,2973
1.78,2972
1.78,2971
1.78,2970
1.78,2969
1.78,2968
1.79,2967
1.79,2966
1.79,2965
1.79,2964
1.79,2963
1.80,2962
1.80,2961
1.80,2960
1.80,2959
1.80,2958
1.81,2957
1.81,2956
1.81,2955
1.81,2954
1.82,2953
1.82,2952
1.82,2951
1.82,2950
1.82,2949
1.83,2948
1.83,2947
1.83,2946
1.83,2945
1.83,2944
1.84,2943
1.84,2942
1.84,2941
1.84,2940
1.84,2939
1.85,2938
1.85,2937
1.85,2936
1.85,2935
1.85,2934
1.86,2933
1.86,2932
1.86,2931
1.86,2930
1.86,2929
1.87,2928
1.87,2927
1.87,2926
1.87,2925
1.87,2924
1.88,2923
1.88,2922
1.88,2921
1.88,2920
1.88,2919
1.89,2918
1.89,2917
1.89,2916
1.89,2915
1.89,2914
1.90,2913
1.90,2912
1.90,2911
1.90,2910
1.90,2909
1.91,2908
1.91,2907
1.91,2906
1.91,2905
1.91,2904
1.92,2903
1.92,2902
1.92,2901
1.92,2900
1.92,2899
1.93,2898
1.93,2897
1.93,2896
1.93,2895
1.93,2894
1.94,2893
1.94,2892
1.94,2891
1.94,2890
1.94,2889
1.95,2888
1.95,2887
1.95,2886
1.95,2885
1.95,2884
1.96,2883
1.96,2882
1.96,2881
1.96,2880
1.97,2879
1.97,2878
1.97,2877
1.97,2876
1.97,2875
1.98,2874
1.98,2873
1.98,2872
1.98,2871
1.99,2870
1.99,2869
1.99,2868
1.99,2867
1.99,2866
2.00,2865
2.00,2864
2.00,2863
2.00,2862
2.00,2861
2.01,2860
2.01,2859
2.01,2858
2.01,2857
2.01,2856
2.02,2855
2.02,2854
2.02,2853
2.02,2852
2.02,2851
2.02,2850
2.03,2849
2.03,2848
2.03,2847
2.03,2846
2.04,2845
2.04,2844
2.04,2843
2.04,2842
2.04,2841
2.05,2840
2.05,2839
2.05,2838
2.05,2837
2.05,2836
2.06,2835
2.06,2834
2.06,2833
2.06,2832
2.06,2831
2.07,2830
2.07,2829
2.07,2828
2.07,2827
2.07,2826
2.08,2825
2.08,2824
2.08,2823
2.08,2822
2.08,2821
2.09,2820
2.09,2819
2.09,2818
2.09,2817
2.09,2816
2.10,2815
2.10,2814
2.10,2813
2.10,2812
2.11,2811
2.11,2810
2.11,2809
2.11,2808
2.12,2807
2.12,2806
2.12,2805
2.12,2804
2.12,2803
2.13,2802
2.13,2801
2.13,2800
2.13,2799
2.13,2798
2.13,2797
2.14,2796
2.14,2795
2.14,2794
2.14,2793
2.14,2792
2.15,2791
2.15,2790
2.15,2789
2.15,2788
2.15,2787
2.16,2786
2.16,2785
2.16,2784
2.16,2783
2.16,2782
2.17,2781
2.17,2780
2.17,2779
2.17,2778
2.17,2777
2.17,2776
2.18,2775
2.18,2774
2.18,2773
2.18,2772
2.18,2771
2.19,2770
2.19,2769
2.19,2768
2.19,2767
2.20,2766
2.20,2765
2.20,2764
2.20,2763
2.20,2762
2.20,2761
2.21,2760
2.21,2759
2.21,2758
2.21,2757
2.21,2756
2.22,2755
2.22,2754
2.22,2753
2.22,2752
2.22,2751
2.23,2750
2.23,2749
2.23,2748
2.23,2747
2.23,2746
2.24,2745
2.24,2744
2.24,2743
2.24,2742
2.24,2741
2.25,2740
2.25,2739
2.25,2738
2.25,2737
2.25,2736
2.26,2735
2.26,2734
2.26,2733
2.26,2732
2.26,2731
2.26,2730
2.27,2729
2.27,2728
2.27,2727
2.27,2726
2.27,2725
2.28,2724
2.28,2723
2.28,2722
2.28,2721
2.28,2720
2.29,2719
2.29,2718
2.29,2717
2.29,2716
2.29,2715
2.30,2714
2.30,2713
2.30,2712
2.30,2711
2.30,2710
2.31,2709
2.31,2708
2.31,2707
2.31,2706
2.31,2705
2.31,2704
2.32,2703
2.32,2702
2.32,2701
2.32,2700
2.32,2699
2.33,2698
2.33,2697
2.33,2696
2.33,2695
2.33,2694
2.34,2693
2.34,2692
2.34,2691
2.34,2690
2.34,2689
2.35,2688
2.35,2687
2.35,2686
2.35,2685
2.35,2684
2.36,2683
2.36,2682
2.36,2681
2.36,2680
2.36,2679
2.37,2678
2.37,2677
2.37,2676
2.37,2675
2.37,2674
2.37,2673
2.38,2672
2.38,2671
2.38,2670
2.38,2669
2.38,2668
2.39,2667
2.39,2666
2.39,2665
2.39,2664
2.39,2663
2.40,2662
2.40,2661
2.40,2660
2.40,2659
2.40,2658
2.41,2657
2.41,2656
2.41,2655
2.41,2654
2.41,2653
2.42,2652
2.42,2651
2.42,2650
2.42,2649
2.42,2648
2.43,2647
2.43,2646
2.43,2645
2.43,2644
2.43,2643
2.44,2642
2.44,2641
2.44,2640
2.44,2639
2.44,2638
2.45,2637
2.45,2636
2.45,2635
2.45,2634
2.45,2633
2.46,2632
2.46,2631
2.46,2630
2.46,2629
2.46,2628
2.47,2627
2.47,2626
2.47,2625
2.47,2624
2.47,2623
2.47,2622
2.48,2621
2.48,2620
2.48,2619
2.48,2618
2.48,2617
2.49,2616
2.49,2615
2.49,2614
2.49,2613
2.49,2612
2.50,2611
2.50,2610
2.50,2609
2.50,2608
2.50,2607
2.51,2606
2.51,2605
2.51,2604
2.51,2603
2.51,2602
2.51,2601
2.52,2600
2.52,2599
2.52,2598
2.52,2597
2.52,2596
2.53,2595
2.53,2594
2.53,2593
2.53,2592
2.53,2591
2.54,2590
2.54,2589
2.54,2588
2.54,2587
2.54,2586
2.55,2585
2.55,2584
2.55,2583
2.55,2582
2.55,2581
2.56,2580
2.56,2579
2.56,2578
2.56,2577
2.56,2576
2.56,2575
2.57,2574
2.57,2573
2.57,2572
2.57,2571
2.57,2570
2.58,2569
2.58,2568
2.58,2567
2.58,2566
2.58,2565
2.59,2564
2.59,2563
2.59,2562
2.59,2561
2.59,2560
2.59,2559
2.60,2558
2.60,2557
2.60,2556
2.60,2555
2.60,2554
2.61,2553
2.61,2552
2.61,2551
2.61,2550
2.61,2549
2.62,2548
2.62,2547
2.62,2546
2.62,2545
2.62,2544
2.63,2543
2.63,2542
2.63,2541
2.63,2540
2.63,2539
2.63,2538
2.64,2537
2.64,2536
2.64,2535
2.64,2534
2.64,2533
2.65,2532
2.65,2531
2.65,2530
2.65,2529
2.65,2528
2.66,2527
2.66,2526
2.66,2525
2.66,2524
2.66,2523
2.67,2522
2.67,2521
2.67,2520
2.67,2519
2.67,2518
2.68,2517
2.68,2516
2.68,2515
2.68,2514
2.68,2513
2.68,2512
2.69,2511
2.69,2510
2.69,2509
2.69,2508
2.69,2507
2.70,2506
2.70,2505
2.70,2504
2.70,2503
2.70,2502
2.70,2501
2.71,2500
2.71,2499
2.71,2498
2.71,2497
2.71,2496
2.72,2495
2.72,2494
2.72,2493
2.72,2492
2.72,2491
2.73,2490
2.73,2489
2.73,2488
2.73,2487
2.73,2486
2.74,2485
2.74,2484
2.74,2483
2.74,2482
2.74,2481
2.75,2480
2.75,2479
2.75,2478
2.75,2477
2.75,2476
2.75,2475
2.76,2474
2.76,2473
2.76,2472
2.76,2471
2.76,2470
2.77,2469
2.77,2468
2.77,2467
2.77,2466
2.77,2465
2.78,2464
2.78,2463
2.78,2462
2.78,2461
2.78,2460
2.79,2459
2.79,2458
2.79,2457
2.79,2456
2.79,2455
2.79,2454
2.80,2453
2.80,2452
2.80,2451
2.80,2450
2.80,2449
2.81,2448
2.81,2447
2.81,2446
2.81,2445
2.81,2444
2.82,2443
2.82,2442
2.82,2441
2.82,2440
2.82,2439
2.82,2438
2.83,2437
2.83,2436
2.83,2435
2.83,2434
2.83,2433
2.84,2432
2.84,2431
2.84,2430
2.84,2429
2.84,2428
2.85,2427
2.85,2426
2.85,2425
2.85,2424
2.85,2423
2.85,2422
2.86,2421
2.86,2420
2.86,2419
2.86,2418
2.86,2417
2.87,2416
2.87,2415
2.87,2414
2.87,2413
2.87,2412
2.88,2411
2.88,2410
2.88,2409
2.88,2408
2.88,2407
2.88,2406
2.89,2405
2.89,2404
2.89,2403
2.89,2402
2.89,2401
2.90,2400
2.90,2399
2.90,2398
2.90,2397
2.90,2396
2.91,2395
2.91,2394
2.91,2393
2.91,2392
2.91,2391
2.91,2390
2.92,2389
2.92,2388
2.92,2387
2.92,2386
2.92,2385
2.93,2384
2.93,2383
2.93,2382
2.93,2381
2.93,2380
2.93,2379
2.94,2378
2.94,2377
2.94,2376
2.94,2375
2.94,2374
2.95,2373
2.96,2372
