0.10,3632
0.17,3631
0.18,3630
0.18,3629
0.19,3628
0.20,3627
0.21,3626
0.22,3625
0.22,3624
0.23,3623
0.23,3622
0.24,3621
0.24,3620
0.25,3619
0.25,3618
0.26,3617
0.26,3616
0.27,3615
0.27,3614
0.28,3613
0.29,3612
0.29,3611
0.30,3610
0.30,3609
0.31,3608
0.31,3607
0.32,3606
0.32,3605
0.33,3604
0.33,3603
0.34,3602
0.34,3601
0.35,3600
0.35,3599
0.36,3598
0.36,3597
0.37,3596
0.37,3595
0.38,3594
0.38,3593
0.39,3592
0.39,3591
0.39,3590
0.40,3589
0.40,3588
0.40,3587
0.41,3586
0.41,3585
0.41,3584
0.42,3583
0.42,3582
0.42,3581
0.42,3580
0.42,3579
0.43,3578
0.43,3577
0.43,3576
0.43,3575
0.44,3574
0.44,3573
0.44,3572
0.44,3571
0.44,3570
0.45,3569
0.45,3568
0.45,3567
0.45,3566
0.45,3565
0.46,3564
0.46,3563
0.46,3562
0.46,3561
0.46,3560
0.47,3559
0.47,3558
0.47,3557
0.47,3556
0.47,3555
0.48,3554
0.48,3553
0.48,3552
0.48,3551
0.48,3550
0.49,3549
0.49,3548
0.49,3547
0.49,3546
0.50,3545
0.50,3544
0.50,3543
0.50,3542
0.50,3541
0.51,3540
0.51,3539
0.51,3538
0.51,3537
0.51,3536
0.52,3535
0.52,3534
0.52,3533
0.52,3532
0.52,3531
0.53,3530
0.53,3529
0.53,3528
0.53,3527
0.53,3526
0.54,3525
0.54,3524
0.54,3523
0.54,3522
0.54,3521
0.55,3520
0.55,3519
0.55,3518
0.55,3517
0.55,3516
0.56,3515
0.56,3514
0.56,3513
0.56,3512
0.56,3511
0.57,3510
0.57,3509
0.57,3508
0.57,3507
0.57,3506
0.58,3505
0.58,3504
0.58,3503
0.59,3502
0.59,3501
0.59,3500
0.59,3499
0.59,3498
0.60,3497
0.60,3496
0.60,3495
0.60,3494
0.60,3493
0.61,3492
0.61,3491
0.61,3490
0.61,3489
0.61,3488
0.62,3487
0.62,3486
0.62,3485
0.62,3484
0.62,3483
0.63,3482
0.63,3481
0.63,3480
0.63,3479
0.63,3478
0.64,3477
0.64,3476
0.64,3475
0.64,3474
0.65,3473
0.65,3472
0.65,3471
0.65,3470
0.66,3469
0.66,3468
0.66,3467
0.66,3466
0.66,3465
0.67,3464
0.67,3463
0.67,3462
0.67,3461
0.67,3460
0.68,3459
0.68,3458
0.68,3457
0.68,3456
0.68,3455
0.69,3454
0.69,3453
0.69,3452
0.69,3451
0.70,3450
0.70,3449
0.70,3448
0.70,3447
0.70,3446
0.71,3445
0.71,3444
0.71,3443
0.71,3442
0.72,3441
0.72,3440
0.72,3439
0.72,3438
0.72,3437
0.73,3436
0.73,3435
0.73,3434
0.73,3433
0.73,3432
0.74,3431
0.74,3430
0.74,3429
0.74,3428
0.74,3427
0.75,3426
0.75,3425
0.75,3424
0.75,3423
0.76,3422
0.76,3421
0.76,3420
0.76,3419
0.76,3418
0.77,3417
0.77,3416
0.77,3415
0.77,3414
0.78,3413
0.78,3412
0.78,3411
0.78,3410
0.79,3409
0.79,3408
0.79,3407
0.79,3406
0.79,3405
0.79,3404
0.80,3403
0.80,3402
0.80,3401
0.80,3400
0.81,3399
0.81,3398
0.81,3397
0.81,3396
0.81,3395
0.82,3394
0.82,3393
0.82,3392
0.82,3391
0.82,3390
0.83,3389
0.83,3388
0.83,3387
0.83,3386
0.83,3385
0.84,3384
0.84,3383
0.84,3382
0.84,3381
0.84,3380
0.85,3379
0.85,3378
0.85,3377
0.85,3376
0.85,3375
0.86,3374
0.86,3373
0.86,3372
0.86,3371
0.86,3370
0.87,3369
0.87,3368
0.87,3367
0.87,3366
0.87,3365
0.88,3364
0.88,3363
0.88,3362
0.88,3361
0.88,3360
0.89,3359
0.89,3358
0.89,3357
0.89,3356
0.89,3355
0.90,3354
0.90,3353
0.90,3352
0.90,3351
0.90,3350
0.91,3349
0.91,3348
0.91,3347
0.91,3346
0.91,3345
0.92,3344
0.92,3343
0.92,3342
0.92,3341
0.92,3340
0.93,3339
0.93,3338
0.93,3337
0.93,3336
0.93,3335
0.94,3334
0.94,3333
0.94,3332
0.95,3331
0.95,3330
0.95,3329
0.95,3328
0.95,3327
0.96,3326
0.96,3325
0.96,3324
0.96,3323
0.97,3322
0.97,3321
0.97,3320
0.97,3319
0.97,3318
0.98,3317
0.98,3316
0.98,3315
0.98,3314
0.98,3313
0.99,3312
0.99,3311
0.99,3310
0.99,3309
0.99,3308
1.00,3307
1.00,3306
1.00,3305
1.00,3304
1.00,3303
1.01,3302
1.01,3301
1.01,3300
1.01,3299
1.01,3298
1.02,3297
1.02,3296
1.02,3295
1.02,3294
1.02,3293
1.03,3292
1.03,3291
1.03,3290
1.03,3289
1.03,3288
1.04,3287
1.04,3286
1.04,3285
1.04,3284
1.04,3283
1.05,3282
1.05,3281
1.05,3280
1.05,3279
1.05,3278
1.06,3277
1.06,3276
1.06,3275
1.06,3274
1.06,3273
1.07,3272
1.07,3271
1.07,3270
1.07,3269
1.07,3268
1.08,3267
1.08,3266
1.08,3265
1.08,3264
1.08,3263
1.09,3262
1.09,3261
1.09,3260
1.09,3259
1.09,3258
1.10,3257
1.10,3256
1.10,3255
1.10,3254
1.10,3253
1.11,3252
1.11,3251
1.11,3250
1.11,3249
1.11,3248
1.12,3247
1.12,3246
1.12,3245
1.12,3244
1.13,3243
1.13,3242
1.13,3241
1.13,3240
1.13,3239
1.14,3238
1.14,3237
1.14,3236
1.14,3235
1.15,3234
1.15,3233
1.15,3232
1.15,3231
1.15,3230
1.16,3229
1.16,3228
1.16,3227
1.16,3226
1.17,3225
1.17,3224
1.17,3223
1.17,3222
1.18,3221
1.18,3220
1.18,3219
1.18,3218
1.19,3217
1.19,3216
1.19,3215
1.19,3214
1.19,3213
1.20,3212
1.20,3211
1.20,3210
1.20,3209
1.21,3208
1.21,3207
1.21,3206
1.21,3205
1.22,3204
1.22,3203
1.22,3202
1.22,3201
1.23,3200
1.23,3199
1.23,3198
1.23,3197
1.24,3196
1.24,3195
1.24,3194
1.24,3193
1.25,3192
1.25,3191
1.25,3190
1.25,3189
1.26,3188
1.26,3187
1.26,3186
1.26,3185
1.27,3184
1.27,3183
1.27,3182
1.27,3181
1.27,3180
1.28,3179
1.28,3178
1.28,3177
1.28,3176
1.29,3175
1.29,3174
1.29,3173
1.29,3172
1.30,3171
1.30,3170
1.30,3169
1.30,3168
1.31,3167
1.31,3166
1.31,3165
1.32,3164
1.32,3163
1.32,3162
1.32,3161
1.32,3160
1.32,3159
1.33,3158
1.33,3157
1.33,3156
1.33,3155
1.33,3154
1.34,3153
1.34,3152
1.34,3151
1.34,3150
1.34,3149
1.35,3148
1.35,3147
1.35,3146
1.35,3145
1.35,3144
1.36,3143
1.36,3142
1.36,3141
1.36,3140
1.36,3139
1.37,3138
1.37,3137
1.37,3136
1.37,3135
1.37,3134
1.38,3133
1.38,3132
1.38,3131
1.38,3130
1.38,3129
1.39,3128
1.39,3127
1.39,3126
1.39,3125
1.39,3124
1.39,3123
1.40,3122
1.40,3121
1.40,3120
1.40,3119
1.40,3118
1.41,3117
1.41,3116
1.41,3115
1.41,3114
1.41,3113
1.42,3112
1.42,3111
1.42,3110
1.42,3109
1.42,3108
1.43,3107
1.43,3106
1.43,3105
1.43,3104
1.43,3103
1.44,3102
1.44,3101
1.44,3100
1.44,3099
1.44,3098
1.45,3097
1.45,3096
1.45,3095
1.45,3094
1.45,3093
1.46,3092
1.46,3091
1.46,3090
1.46,3089
1.46,3088
1.47,3087
1.47,3086
1.47,3085
1.47,3084
1.47,3083
1.48,3082
1.48,3081
1.48,3080
1.48,3079
1.48,3078
1.49,3077
1.49,3076
1.49,3075
1.49,3074
1.49,3073
1.50,3072
1.50,3071
1.50,3070
1.50,3069
1.50,3068
1.50,3067
1.51,3066
1.51,3065
1.51,3064
1.51,3063
1.51,3062
1.52,3061
1.52,3060
1.52,3059
1.52,3058
1.52,3057
1.53,3056
1.53,3055
1.53,3054
1.53,3053
1.53,3052
1.53,3051
1.54,3050
1.54,3049
1.54,3048
1.54,3047
1.54,3046
1.55,3045
1.55,3044
1.55,3043
1.55,3042
1.55,3041
1.56,3040
1.56,3039
1.56,3038
1.56,3037
1.56,3036
1.57,3035
1.57,3034
1.57,3033
1.57,3032
1.57,3031
1.58,3030
1.58,3029
1.58,3028
1.58,3027
1.58,3026
1.58,3025
1.59,3024
1.59,3023
1.59,3022
1.59,3021
1.59,3020
1.60,3019
1.60,3018
1.60,3017
1.60,3016
1.60,3015
1.61,3014
1.61,3013
1.61,3012
1.61,3011
1.61,3010
1.61,3009
1.62,3008
1.62,3007
1.62,3006
1.62,3005
1.62,3004
1.63,3003
1.63,3002
1.63,3001
1.63,3000
1.63,2999
1.63,2998
1.64,2997
1.64,2996
1.64,2995
1.64,2994
1.64,2993
1.65,2992
1.65,2991
1.65,2990
1.66,2989
1.66,2988
1.66,2987
1.66,2986
1.66,2985
1.66,2984
1.67,2983
1.67,2982
1.67,2981
1.67,2980
1.67,2979
1.68,2978
1.68,2977
1.68,2976
1.68,2975
1.68,2974
1.68,2973
1.69,2972
1.69,2971
1.69,2970
1.69,2969
1.69,2968
1.70,2967
1.70,2966
1.70,2965
1.70,2964
1.70,2963
1.71,2962
1.71,2961
1.71,2960
1.71,2959
1.71,2958
1.71,2957
1.72,2956
1.72,2955
1.72,2954
1.72,2953
1.72,2952
1.73,2951
1.73,2950
1.73,2949
1.73,2948
1.73,2947
1.73,2946
1.74,2945
1.74,2944
1.74,2943
1.74,2942
1.74,2941
1.75,2940
1.75,2939
1.75,2938
1.75,2937
1.75,2936
1.75,2935
1.76,2934
1.76,2933
1.76,2932
1.76,2931
1.76,2930
1.77,2929
1.77,2928
1.77,2927
1.77,2926
1.77,2925
1.78,2924
1.78,2923
1.78,2922
1.78,2921
1.78,2920
1.78,2919
1.79,2918
1.79,2917
1.79,2916
1.79,2915
1.79,2914
1.80,2913
1.80,2912
1.80,2911
1.80,2910
1.80,2909
1.80,2908
1.81,2907
1.81,2906
1.81,2905
1.81,2904
1.81,2903
1.82,2902
1.82,2901
1.82,2900
1.82,2899
1.82,2898
1.83,2897
1.83,2896
1.83,2895
1.83,2894
1.83,2893
1.83,2892
1.84,2891
1.84,2890
1.84,2889
1.84,2888
1.84,2887
1.85,2886
1.85,2885
1.85,2884
1.85,2883
1.85,2882
1.85,2881
1.86,2880
1.86,2879
1.86,2878
1.86,2877
1.86,2876
1.87,2875
1.87,2874
1.87,2873
1.87,2872
1.87,2871
1.87,2870
1.88,2869
1.88,2868
1.88,2867
1.88,2866
1.88,2865
1.89,2864
1.89,2863
1.89,2862
1.89,2861
1.89,2860
1.89,2859
1.90,2858
1.90,2857
1.90,2856
1.90,2855
1.90,2854
1.91,2853
1.91,2852
1.91,2851
1.91,2850
1.91,2849
1.91,2848
1.92,2847
1.92,2846
1.92,2845
1.92,2844
1.92,2843
1.93,2842
1.93,2841
1.93,2840
1.93,2839
1.93,2838
1.94,2837
1.94,2836
1.94,2835
1.94,2834
1.94,2833
1.94,2832
1.95,2831
1.95,2830
1.95,2829
1.95,2828
1.95,2827
1.96,2826
1.96,2825
1.96,2824
1.96,2823
1.96,2822
1.96,2821
1.97,2820
1.97,2819
1.97,2818
1.97,2817
1.97,2816
1.98,2815
1.98,2814
1.98,2813
1.98,2812
1.99,2811
1.99,2810
1.99,2809
1.99,2808
1.99,2807
2.00,2806
2.00,2805
2.00,2804
2.00,2803
2.00,2802
2.01,2801
2.01,2800
2.01,2799
2.01,2798
2.01,2797
2.01,2796
2.02,2795
2.02,2794
2.02,2793
2.02,2792
2.02,2791
2.02,2790
2.03,2789
2.03,2788
2.03,2787
2.03,2786
2.03,2785
2.04,2784
2.04,2783
2.04,2782
2.04,2781
2.04,2780
2.04,2779
2.05,2778
2.05,2777
2.05,2776
2.05,2775
2.05,2774
2.06,2773
2.06,2772
2.06,2771
2.06,2770
2.06,2769
2.07,2768
2.07,2767
2.07,2766
2.07,2765
2.07,2764
2.07,2763
2.08,2762
2.08,2761
2.08,2760
2.08,2759
2.08,2758
2.09,2757
2.09,2756
2.09,2755
2.09,2754
2.09,2753
2.09,2752
2.10,2751
2.10,2750
2.10,2749
2.10,2748
2.10,2747
2.11,2746
2.11,2745
2.11,2744
2.11,2743
2.11,2742
2.12,2741
2.12,2740
2.12,2739
2.12,2738
2.12,2737
2.12,2736
2.13,2735
2.13,2734
2.13,2733
2.13,2732
2.13,2731
2.14,2730
2.14,2729
2.14,2728
2.14,2727
2.14,2726
2.14,2725
2.15,2724
2.15,2723
2.15,2722
2.15,2721
2.15,2720
2.16,2719
2.16,2718
2.16,2717
2.16,2716
2.16,2715
2.16,2714
2.17,2713
2.17,2712
2.17,2711
2.17,2710
2.17,2709
2.18,2708
2.18,2707
2.18,2706
2.18,2705
2.18,2704
2.18,2703
2.19,2702
2.19,2701
2.19,2700
2.19,2699
2.19,2698
2.20,2697
2.20,2696
2.20,2695
2.20,2694
2.20,2693
2.21,2692
2.21,2691
2.21,2690
2.21,2689
2.21,2688
2.21,2687
2.22,2686
2.22,2685
2.22,2684
2.22,2683
2.22,2682
2.23,2681
2.23,2680
2.23,2679
2.23,2678
2.23,2677
2.23,2676
2.24,2675
2.24,2674
2.24,2673
2.24,2672
2.24,2671
2.25,2670
2.25,2669
2.25,2668
2.25,2667
2.25,2666
2.25,2665
2.26,2664
2.26,2663
2.26,2662
2.26,2661
2.26,2660
2.27,2659
2.27,2658
2.27,2657
2.27,2656
2.27,2655
2.28,2654
2.28,2653
2.28,2652
2.28,2651
2.28,2650
2.28,2649
2.29,2648
2.29,2647
2.29,2646
2.29,2645
2.29,2644
2.30,2643
2.30,2642
2.30,2641
2.30,2640
2.30,2639
2.31,2638
2.31,2637
2.31,2636
2.31,2635
2.31,2634
2.31,2633
2.32,2632
2.32,2631
2.32,2630
2.32,2629
2.32,2628
2.33,2627
2.33,2626
2.33,2625
2.33,2624
2.33,2623
2.33,2622
2.34,2621
2.34,2620
2.34,2619
2.34,2618
2.34,2617
2.35,2616
2.35,2615
2.35,2614
2.35,2613
2.35,2612
2.35,2611
2.36,2610
2.36,2609
2.36,2608
2.36,2607
2.36,2606
2.37,2605
2.37,2604
2.37,2603
2.37,2602
2.37,2601
2.37,2600
2.38,2599
2.38,2598
2.38,2597
2.38,2596
2.38,2595
2.39,2594
2.39,2593
2.39,2592
2.39,2591
2.39,2590
2.39,2589
2.40,2588
2.40,2587
2.40,2586
2.40,2585
2.40,2584
2.41,2583
2.41,2582
2.41,2581
2.41,2580
2.41,2579
2.41,2578
2.42,2577
2.42,2576
2.42,2575
2.42,2574
2.42,2573
2.43,2572
2.43,2571
2.43,2570
2.43,2569
2.43,2568
2.43,2567
2.44,2566
2.44,2565
2.44,2564
2.44,2563
2.44,2562
2.45,2561
2.45,2560
2.45,2559
2.45,2558
2.45,2557
2.45,2556
2.46,2555
2.46,2554
2.46,2553
2.46,2552
2.46,2551
2.47,2550
2.47,2549
2.47,2548
2.47,2547
2.47,2546
2.47,2545
2.48,2544
2.48,2543
2.48,2542
2.48,2541
2.48,2540
2.49,2539
2.49,2538
2.49,2537
2.49,2536
2.49,2535
2.49,2534
2.50,2533
2.50,2532
2.50,2531
2.50,2530
2.50,2529
2.51,2528
2.51,2527
2.51,2526
2.51,2525
2.51,2524
2.51,2523
2.52,2522
2.52,2521
2.52,2520
2.52,2519
2.52,2518
2.53,2517
2.53,2516
2.53,2515
2.53,2514
2.53,2513
2.53,2512
2.54,2511
2.54,2510
2.54,2509
2.54,2508
2.54,2507
2.54,2506
2.55,2505
2.55,2504
2.55,2503
2.55,2502
2.55,2501
2.56,2500
2.56,2499
2.56,2498
2.56,2497
2.56,2496
2.56,2495
2.57,2494
2.57,2493
2.57,2492
2.57,2491
2.57,2490
2.58,2489
2.58,2488
2.58,2487
2.58,2486
2.58,2485
2.58,2484
2.59,2483
2.59,2482
2.59,2481
2.59,2480
2.59,2479
2.59,2478
2.60,2477
2.60,2476
2.60,2475
2.60,2474
2.60,2473
2.61,2472
2.61,2471
2.61,2470
2.61,2469
2.61,2468
2.61,2467
2.62,2466
2.62,2465
2.62,2464
2.62,2463
2.62,2462
2.63,2461
2.63,2460
2.63,2459
2.63,2458
2.63,2457
2.63,2456
2.64,2455
2.64,2454
2.64,2453
2.64,2452
2.64,2451
2.65,2450
2.65,2449
2.65,2448
2.65,2447
2.65,2446
2.65,2445
2.66,2444
2.66,2443
2.66,2442
2.66,2441
2.66,2440
2.66,2439
2.67,2438
2.67,2437
2.67,2436
2.67,2435
2.67,2434
2.68,2433
2.68,2432
2.68,2431
2.68,2430
2.68,2429
2.68,2428
2.69,2427
2.69,2426
2.69,2425
2.69,2424
2.69,2423
2.70,2422
2.70,2421
2.70,2420
2.70,2419
2.70,2418
2.70,2417
2.71,2416
2.71,2415
2.71,2414
2.71,2413
2.71,2412
2.72,2411
2.72,2410
2.72,2409
2.72,2408
2.72,2407
2.72,2406
2.73,2405
2.73,2404
2.73,2403
2.73,2402
2.73,2401
2.73,2400
2.74,2399
2.74,2398
2.74,2397
2.74,2396
2.74,2395
2.75,2394
2.75,2393
2.75,2392
2.75,2391
2.75,2390
2.75,2389
2.76,2388
2.76,2387
2.76,2386
2.76,2385
2.76,2384
2.76,2383
2.77,2382
2.77,2381
2.77,2380
2.77,2379
2.77,2378
2.77,2377
2.78,2376
2.78,2375
2.78,2374
2.78,2373
2.78,2372
