0.10,3622
0.16,3621
0.17,3620
0.18,3619
0.19,3618
0.20,3617
0.21,3616
0.21,3615
0.22,3614
0.23,3613
0.23,3612
0.24,3611
0.24,3610
0.25,3609
0.25,3608
0.26,3607
0.26,3606
0.27,3605
0.27,3604
0.28,3603
0.29,3602
0.29,3601
0.30,3600
0.30,3599
0.31,3598
0.32,3597
0.32,3596
0.33,3595
0.33,3594
0.34,3593
0.34,3592
0.35,3591
0.35,3590
0.36,3589
0.36,3588
0.37,3587
0.37,3586
0.37,3585
0.38,3584
0.38,3583
0.39,3582
0.39,3581
0.39,3580
0.40,3579
0.40,3578
0.40,3577
0.41,3576
0.41,3575
0.42,3574
0.42,3573
0.42,3572
0.42,3571
0.42,3570
0.43,3569
0.43,3568
0.43,3567
0.43,3566
0.43,3565
0.44,3564
0.44,3563
0.44,3562
0.44,3561
0.44,3560
0.45,3559
0.45,3558
0.45,3557
0.45,3556
0.45,3555
0.46,3554
0.46,3553
0.46,3552
0.46,3551
0.46,3550
0.47,3549
0.47,3548
0.47,3547
0.47,3546
0.47,3545
0.48,3544
0.48,3543
0.48,3542
0.48,3541
0.48,3540
0.49,3539
0.49,3538
0.49,3537
0.49,3536
0.50,3535
0.50,3534
0.50,3533
0.50,3532
0.50,3531
0.51,3530
0.51,3529
0.51,3528
0.51,3527
0.51,3526
0.52,3525
0.52,3524
0.52,3523
0.52,3522
0.53,3521
0.53,3520
0.53,3519
0.53,3518
0.53,3517
0.54,3516
0.54,3515
0.54,3514
0.54,3513
0.54,3512
0.55,3511
0.55,3510
0.55,3509
0.55,3508
0.55,3507
0.56,3506
0.56,3505
0.56,3504
0.56,3503
0.56,3502
0.57,3501
0.57,3500
0.57,3499
0.57,3498
0.58,3497
0.58,3496
0.58,3495
0.58,3494
0.59,3493
0.59,3492
0.59,3491
0.59,3490
0.60,3489
0.60,3488
0.60,3487
0.60,3486
0.61,3485
0.61,3484
0.61,3483
0.61,3482
0.61,3481
0.62,3480
0.62,3479
0.62,3478
0.62,3477
0.62,3476
0.63,3475
0.63,3474
0.63,3473
0.63,3472
0.63,3471
0.64,3470
0.64,3469
0.64,3468
0.64,3467
0.64,3466
0.65,3465
0.65,3464
0.65,3463
0.65,3462
0.65,3461
0.66,3460
0.66,3459
0.66,3458
0.66,3457
0.66,3456
0.67,3455
0.67,3454
0.67,3453
0.67,3452
0.67,3451
0.68,3450
0.68,3449
0.68,3448
0.68,3447
0.68,3446
0.69,3445
0.69,3444
0.69,3443
0.69,3442
0.69,3441
0.70,3440
0.70,3439
0.70,3438
0.70,3437
0.71,3436
0.71,3435
0.71,3434
0.71,3433
0.71,3432
0.72,3431
0.72,3430
0.72,3429
0.72,3428
0.72,3427
0.73,3426
0.73,3425
0.73,3424
0.73,3423
0.74,3422
0.74,3421
0.74,3420
0.74,3419
0.74,3418
0.75,3417
0.75,3416
0.75,3415
0.75,3414
0.75,3413
0.76,3412
0.76,3411
0.76,3410
0.77,3409
0.77,3408
0.77,3407
0.77,3406
0.77,3405
0.78,3404
0.78,3403
0.78,3402
0.78,3401
0.78,3400
0.79,3399
0.79,3398
0.79,3397
0.79,3396
0.79,3395
0.80,3394
0.80,3393
0.80,3392
0.80,3391
0.80,3390
0.81,3389
0.81,3388
0.81,3387
0.81,3386
0.81,3385
0.82,3384
0.82,3383
0.82,3382
0.82,3381
0.83,3380
0.83,3379
0.83,3378
0.83,3377
0.83,3376
0.84,3375
0.84,3374
0.84,3373
0.84,3372
0.84,3371
0.85,3370
0.85,3369
0.85,3368
0.85,3367
0.86,3366
0.86,3365
0.86,3364
0.86,3363
0.86,3362
0.87,3361
0.87,3360
0.87,3359
0.87,3358
0.87,3357
0.88,3356
0.88,3355
0.88,3354
0.88,3353
0.88,3352
0.89,3351
0.89,3350
0.89,3349
0.89,3348
0.89,3347
0.90,3346
0.90,3345
0.90,3344
0.90,3343
0.90,3342
0.91,3341
0.91,3340
0.91,3339
0.91,3338
0.91,3337
0.92,3336
0.92,3335
0.92,3334
0.92,3333
0.92,3332
0.93,3331
0.93,3330
0.93,3329
0.93,3328
0.94,3327
0.94,3326
0.94,3325
0.94,3324
0.95,3323
0.95,3322
0.95,3321
0.95,3320
0.96,3319
0.96,3318
0.96,3317
0.96,3316
0.96,3315
0.97,3314
0.97,3313
0.97,3312
0.97,3311
0.97,3310
0.98,3309
0.98,3308
0.98,3307
0.98,3306
0.98,3305
0.99,3304
0.99,3303
0.99,3302
0.99,3301
0.99,3300
1.00,3299
1.00,3298
1.00,3297
1.00,3296
1.00,3295
1.01,3294
1.01,3293
1.01,3292
1.01,3291
1.01,3290
1.02,3289
1.02,3288
1.02,3287
1.02,3286
1.02,3285
1.03,3284
1.03,3283
1.03,3282
1.03,3281
1.03,3280
1.04,3279
1.04,3278
1.04,3277
1.04,3276
1.04,3275
1.05,3274
1.05,3273
1.05,3272
1.05,3271
1.06,3270
1.06,3269
1.06,3268
1.06,3267
1.06,3266
1.07,3265
1.07,3264
1.07,3263
1.07,3262
1.07,3261
1.08,3260
1.08,3259
1.08,3258
1.08,3257
1.08,3256
1.09,3255
1.09,3254
1.09,3253
1.09,3252
1.09,3251
1.10,3250
1.10,3249
1.10,3248
1.10,3247
1.10,3246
1.11,3245
1.11,3244
1.11,3243
1.11,3242
1.11,3241
1.12,3240
1.12,3239
1.12,3238
1.12,3237
1.13,3236
1.13,3235
1.13,3234
1.13,3233
1.14,3232
1.14,3231
1.14,3230
1.15,3229
1.15,3228
1.15,3227
1.15,3226
1.15,3225
1.16,3224
1.16,3223
1.16,3222
1.16,3221
1.17,3220
1.17,3219
1.17,3218
1.17,3217
1.18,3216
1.18,3215
1.18,3214
1.18,3213
1.19,3212
1.19,3211
1.19,3210
1.19,3209
1.19,3208
1.20,3207
1.20,3206
1.20,3205
1.20,3204
1.21,3203
1.21,3202
1.21,3201
1.21,3200
1.22,3199
1.22,3198
1.22,3197
1.22,3196
1.23,3195
1.23,3194
1.23,3193
1.23,3192
1.24,3191
1.24,3190
1.24,3189
1.24,3188
1.25,3187
1.25,3186
1.25,3185
1.25,3184
1.26,3183
1.26,3182
1.26,3181
1.26,3180
1.26,3179
1.27,3178
1.27,3177
1.27,3176
1.27,3175
1.28,3174
1.28,3173
1.28,3172
1.28,3171
1.29,3170
1.29,3169
1.29,3168
1.29,3167
1.30,3166
1.30,3165
1.30,3164
1.30,3163
1.31,3162
1.31,3161
1.31,3160
1.31,3159
1.32,3158
1.32,3157
1.32,3156
1.32,3155
1.33,3154
1.33,3153
1.33,3152
1.33,3151
1.33,3150
1.34,3149
1.34,3148
1.34,3147
1.34,3146
1.34,3145
1.34,3144
1.35,3143
1.35,3142
1.35,3141
1.35,3140
1.35,3139
1.36,3138
1.36,3137
1.36,3136
1.36,3135
1.36,3134
1.37,3133
1.37,3132
1.37,3131
1.37,3130
1.37,3129
1.38,3128
1.38,3127
1.38,3126
1.38,3125
1.38,3124
1.38,3123
1.39,3122
1.39,3121
1.39,3120
1.39,3119
1.39,3118
1.40,3117
1.40,3116
1.40,3115
1.40,3114
1.40,3113
1.41,3112
1.41,3111
1.41,3110
1.41,3109
1.41,3108
1.42,3107
1.42,3106
1.42,3105
1.42,3104
1.42,3103
1.42,3102
1.43,3101
1.43,3100
1.43,3099
1.43,3098
1.43,3097
1.44,3096
1.44,3095
1.44,3094
1.44,3093
1.44,3092
1.45,3091
1.45,3090
1.45,3089
1.45,3088
1.45,3087
1.45,3086
1.46,3085
1.46,3084
1.46,3083
1.46,3082
1.46,3081
1.47,3080
1.47,3079
1.47,3078
1.47,3077
1.47,3076
1.48,3075
1.48,3074
1.48,3073
1.48,3072
1.48,3071
1.48,3070
1.49,3069
1.49,3068
1.49,3067
1.49,3066
1.49,3065
1.50,3064
1.50,3063
1.50,3062
1.50,3061
1.50,3060
1.51,3059
1.51,3058
1.51,3057
1.51,3056
1.51,3055
1.51,3054
1.52,3053
1.52,3052
1.52,3051
1.52,3050
1.52,3049
1.53,3048
1.53,3047
1.53,3046
1.53,3045
1.53,3044
1.53,3043
1.54,3042
1.54,3041
1.54,3040
1.54,3039
1.54,3038
1.55,3037
1.55,3036
1.55,3035
1.55,3034
1.55,3033
1.56,3032
1.56,3031
1.56,3030
1.56,3029
1.56,3028
1.57,3027
1.57,3026
1.57,3025
1.57,3024
1.57,3023
1.58,3022
1.58,3021
1.58,3020
1.58,3019
1.58,3018
1.59,3017
1.59,3016
1.59,3015
1.59,3014
1.59,3013
1.60,3012
1.60,3011
1.60,3010
1.60,3009
1.60,3008
1.60,3007
1.61,3006
1.61,3005
1.61,3004
1.61,3003
1.61,3002
1.62,3001
1.62,3000
1.62,2999
1.62,2998
1.62,2997
1.62,2996
1.63,2995
1.63,2994
1.63,2993
1.63,2992
1.63,2991
1.64,2990
1.64,2989
1.64,2988
1.64,2987
1.64,2986
1.65,2985
1.65,2984
1.65,2983
1.65,2982
1.66,2981
1.66,2980
1.66,2979
1.66,2978
1.66,2977
1.66,2976
1.67,2975
1.67,2974
1.67,2973
1.67,2972
1.67,2971
1.68,2970
1.68,2969
1.68,2968
1.68,2967
1.68,2966
1.68,2965
1.69,2964
1.69,2963
1.69,2962
1.69,2961
1.69,2960
1.69,2959
1.70,2958
1.70,2957
1.70,2956
1.70,2955
1.70,2954
1.71,2953
1.71,2952
1.71,2951
1.71,2950
1.71,2949
1.71,2948
1.72,2947
1.72,2946
1.72,2945
1.72,2944
1.72,2943
1.73,2942
1.73,2941
1.73,2940
1.73,2939
1.73,2938
1.73,2937
1.74,2936
1.74,2935
1.74,2934
1.74,2933
1.74,2932
1.75,2931
1.75,2930
1.75,2929
1.75,2928
1.75,2927
1.75,2926
1.76,2925
1.76,2924
1.76,2923
1.76,2922
1.76,2921
1.76,2920
1.77,2919
1.77,2918
1.77,2917
1.77,2916
1.77,2915
1.78,2914
1.78,2913
1.78,2912
1.78,2911
1.78,2910
1.78,2909
1.79,2908
1.79,2907
1.79,2906
1.79,2905
1.79,2904
1.80,2903
1.80,2902
1.80,2901
1.80,2900
1.80,2899
1.80,2898
1.81,2897
1.81,2896
1.81,2895
1.81,2894
1.81,2893
1.82,2892
1.82,2891
1.82,2890
1.82,2889
1.82,2888
1.82,2887
1.83,2886
1.83,2885
1.83,2884
1.83,2883
1.83,2882
1.84,2881
1.84,2880
1.84,2879
1.84,2878
1.84,2877
1.84,2876
1.85,2875
1.85,2874
1.85,2873
1.85,2872
1.85,2871
1.85,2870
1.86,2869
1.86,2868
1.86,2867
1.86,2866
1.86,2865
1.87,2864
1.87,2863
1.87,2862
1.87,2861
1.87,2860
1.87,2859
1.88,2858
1.88,2857
1.88,2856
1.88,2855
1.88,2854
1.89,2853
1.89,2852
1.89,2851
1.89,2850
1.89,2849
1.89,2848
1.90,2847
1.90,2846
1.90,2845
1.90,2844
1.90,2843
1.91,2842
1.91,2841
1.91,2840
1.91,2839
1.91,2838
1.91,2837
1.92,2836
1.92,2835
1.92,2834
1.92,2833
1.92,2832
1.93,2831
1.93,2830
1.93,2829
1.93,2828
1.93,2827
1.93,2826
1.94,2825
1.94,2824
1.94,2823
1.94,2822
1.94,2821
1.95,2820
1.95,2819
1.95,2818
1.95,2817
1.95,2816
1.95,2815
1.96,2814
1.96,2813
1.96,2812
1.96,2811
1.96,2810
1.97,2809
1.97,2808
1.97,2807
1.97,2806
1.97,2805
1.97,2804
1.98,2803
1.98,2802
1.98,2801
1.98,2800
1.98,2799
1.99,2798
1.99,2797
1.99,2796
1.99,2795
1.99,2794
2.00,2793
2.00,2792
2.00,2791
2.00,2790
2.00,2789
2.01,2788
2.01,2787
2.01,2786
2.01,2785
2.01,2784
2.02,2783
2.02,2782
2.02,2781
2.02,2780
2.02,2779
2.03,2778
2.03,2777
2.03,2776
2.03,2775
2.04,2774
2.04,2773
2.04,2772
2.04,2771
2.04,2770
2.05,2769
2.05,2768
2.05,2767
2.05,2766
2.05,2765
2.06,2764
2.06,2763
2.06,2762
2.06,2761
2.07,2760
2.07,2759
2.07,2758
2.07,2757
2.07,2756
2.08,2755
2.08,2754
2.08,2753
2.08,2752
2.09,2751
2.09,2750
2.09,2749
2.09,2748
2.09,2747
2.10,2746
2.10,2745
2.10,2744
2.10,2743
2.11,2742
2.11,2741
2.11,2740
2.11,2739
2.11,2738
2.12,2737
2.12,2736
2.12,2735
2.12,2734
2.12,2733
2.13,2732
2.13,2731
2.13,2730
2.13,2729
2.14,2728
2.14,2727
2.14,2726
2.14,2725
2.14,2724
2.15,2723
2.15,2722
2.15,2721
2.15,2720
2.15,2719
2.16,2718
2.16,2717
2.16,2716
2.16,2715
2.17,2714
2.17,2713
2.17,2712
2.17,2711
2.17,2710
2.18,2709
2.18,2708
2.18,2707
2.18,2706
2.18,2705
2.19,2704
2.19,2703
2.19,2702
2.19,2701
2.20,2700
2.20,2699
2.20,2698
2.20,2697
2.20,2696
2.21,2695
2.21,2694
2.21,2693
2.21,2692
2.21,2691
2.22,2690
2.22,2689
2.22,2688
2.22,2687
2.23,2686
2.23,2685
2.23,2684
2.23,2683
2.23,2682
2.24,2681
2.24,2680
2.24,2679
2.24,2678
2.25,2677
2.25,2676
2.25,2675
2.25,2674
2.25,2673
2.26,2672
2.26,2671
2.26,2670
2.26,2669
2.26,2668
2.27,2667
2.27,2666
2.27,2665
2.27,2664
2.27,2663
2.28,2662
2.28,2661
2.28,2660
2.28,2659
2.29,2658
2.29,2657
2.29,2656
2.29,2655
2.29,2654
2.30,2653
2.30,2652
2.30,2651
2.30,2650
2.30,2649
2.31,2648
2.31,2647
2.31,2646
2.31,2645
2.32,2644
2.32,2643
2.32,2642
2.32,2641
2.32,2640
2.33,2639
2.33,2638
2.33,2637
2.33,2636
2.33,2635
2.34,2634
2.34,2633
2.34,2632
2.34,2631
2.34,2630
2.35,2629
2.35,2628
2.35,2627
2.35,2626
2.36,2625
2.36,2624
2.36,2623
2.36,2622
2.36,2621
2.37,2620
2.37,2619
2.37,2618
2.37,2617
2.37,2616
2.38,2615
2.38,2614
2.38,2613
2.38,2612
2.39,2611
2.39,2610
2.39,2609
2.39,2608
2.40,2607
2.40,2606
2.40,2605
2.40,2604
2.40,2603
2.40,2602
2.41,2601
2.41,2600
2.41,2599
2.41,2598
2.41,2597
2.42,2596
2.42,2595
2.42,2594
2.42,2593
2.42,2592
2.43,2591
2.43,2590
2.43,2589
2.43,2588
2.43,2587
2.43,2586
2.44,2585
2.44,2584
2.44,2583
2.44,2582
2.44,2581
2.45,2580
2.45,2579
2.45,2578
2.45,2577
2.45,2576
2.45,2575
2.46,2574
2.46,2573
2.46,2572
2.46,2571
2.46,2570
2.47,2569
2.47,2568
2.47,2567
2.47,2566
2.47,2565
2.47,2564
2.48,2563
2.48,2562
2.48,2561
2.48,2560
2.48,2559
2.48,2558
2.49,2557
2.49,2556
2.49,2555
2.49,2554
2.49,2553
2.50,2552
2.50,2551
2.50,2550
2.50,2549
2.50,2548
2.50,2547
2.51,2546
2.51,2545
2.51,2544
2.51,2543
2.51,2542
2.51,2541
2.52,2540
2.52,2539
2.52,2538
2.52,2537
2.52,2536
2.52,2535
2.53,2534
2.53,2533
2.53,2532
2.53,2531
2.53,2530
2.54,2529
2.54,2528
2.54,2527
2.54,2526
2.54,2525
2.54,2524
2.55,2523
2.55,2522
2.55,2521
2.55,2520
2.55,2519
2.55,2518
2.56,2517
2.56,2516
2.56,2515
2.56,2514
2.56,2513
2.57,2512
2.57,2511
2.57,2510
2.57,2509
2.57,2508
2.57,2507
2.58,2506
2.58,2505
2.58,2504
2.58,2503
2.58,2502
2.58,2501
2.59,2500
2.59,2499
2.59,2498
2.59,2497
2.59,2496
2.60,2495
2.60,2494
2.60,2493
2.60,2492
2.60,2491
2.60,2490
2.61,2489
2.61,2488
2.61,2487
2.61,2486
2.61,2485
2.61,2484
2.62,2483
2.62,2482
2.62,2481
2.62,2480
2.62,2479
2.63,2478
2.63,2477
2.63,2476
2.63,2475
2.63,2474
2.63,2473
2.64,2472
2.64,2471
2.64,2470
2.64,2469
2.64,2468
2.64,2467
2.65,2466
2.65,2465
2.65,2464
2.65,2463
2.65,2462
2.65,2461
2.66,2460
2.66,2459
2.66,2458
2.66,2457
2.66,2456
2.67,2455
2.67,2454
2.67,2453
2.67,2452
2.67,2451
2.67,2450
2.68,2449
2.68,2448
2.68,2447
2.68,2446
2.68,2445
2.68,2444
2.69,2443
2.69,2442
2.69,2441
2.69,2440
2.69,2439
2.70,2438
2.70,2437
2.70,2436
2.70,2435
2.70,2434
2.70,2433
2.71,2432
2.71,2431
2.71,2430
2.71,2429
2.71,2428
2.71,2427
2.72,2426
2.72,2425
2.72,2424
2.72,2423
2.72,2422
2.72,2421
2.73,2420
2.73,2419
2.73,2418
2.73,2417
2.73,2416
2.74,2415
2.74,2414
2.74,2413
2.74,2412
2.74,2411
2.74,2410
2.75,2409
2.75,2408
2.75,2407
2.75,2406
2.75,2405
2.75,2404
2.76,2403
2.76,2402
2.76,2401
2.76,2400
2.76,2399
2.76,2398
2.77,2397
2.77,2396
2.77,2395
2.77,2394
2.77,2393
2.78,2392
2.78,2391
2.78,2390
2.78,2389
2.78,2388
2.78,2387
2.79,2386
2.79,2385
2.79,2384
2.79,2383
2.79,2382
2.79,2381
2.80,2380
2.80,2379
2.80,2378
2.80,2377
