0.10,3620
0.16,3619
0.17,3618
0.18,3617
0.19,3616
0.20,3615
0.21,3614
0.22,3613
0.22,3612
0.23,3611
0.24,3610
0.24,3609
0.25,3608
0.25,3607
0.26,3606
0.26,3605
0.27,3604
0.27,3603
0.28,3602
0.29,3601
0.29,3600
0.30,3599
0.30,3598
0.31,3597
0.31,3596
0.32,3595
0.32,3594
0.33,3593
0.33,3592
0.34,3591
0.34,3590
0.35,3589
0.35,3588
0.36,3587
0.37,3586
0.37,3585
0.38,3584
0.38,3583
0.39,3582
0.39,3581
0.40,3580
0.40,3579
0.40,3578
0.41,3577
0.41,3576
0.42,3575
0.42,3574
0.43,3573
0.43,3572
0.43,3571
0.43,3570
0.44,3569
0.44,3568
0.44,3567
0.44,3566
0.44,3565
0.45,3564
0.45,3563
0.45,3562
0.45,3561
0.45,3560
0.46,3559
0.46,3558
0.46,3557
0.46,3556
0.47,3555
0.47,3554
0.47,3553
0.47,3552
0.47,3551
0.48,3550
0.48,3549
0.48,3548
0.48,3547
0.49,3546
0.49,3545
0.49,3544
0.49,3543
0.49,3542
0.50,3541
0.50,3540
0.50,3539
0.50,3538
0.50,3537
0.51,3536
0.51,3535
0.51,3534
0.51,3533
0.52,3532
0.52,3531
0.52,3530
0.52,3529
0.52,3528
0.53,3527
0.53,3526
0.53,3525
0.53,3524
0.53,3523
0.54,3522
0.54,3521
0.54,3520
0.54,3519
0.54,3518
0.55,3517
0.55,3516
0.55,3515
0.55,3514
0.55,3513
0.56,3512
0.56,3511
0.56,3510
0.56,3509
0.57,3508
0.57,3507
0.57,3506
0.57,3505
0.57,3504
0.58,3503
0.58,3502
0.58,3501
0.58,3500
0.58,3499
0.59,3498
0.59,3497
0.59,3496
0.59,3495
0.59,3494
0.60,3493
0.60,3492
0.60,3491
0.61,3490
0.61,3489
0.61,3488
0.61,3487
0.62,3486
0.62,3485
0.62,3484
0.62,3483
0.62,3482
0.63,3481
0.63,3480
0.63,3479
0.63,3478
0.63,3477
0.64,3476
0.64,3475
0.64,3474
0.64,3473
0.64,3472
0.65,3471
0.65,3470
0.65,3469
0.65,3468
0.65,3467
0.65,3466
0.66,3465
0.66,3464
0.66,3463
0.66,3462
0.66,3461
0.67,3460
0.67,3459
0.67,3458
0.67,3457
0.68,3456
0.68,3455
0.68,3454
0.68,3453
0.68,3452
0.69,3451
0.69,3450
0.69,3449
0.69,3448
0.69,3447
0.70,3446
0.70,3445
0.70,3444
0.70,3443
0.70,3442
0.71,3441
0.71,3440
0.71,3439
0.71,3438
0.71,3437
0.72,3436
0.72,3435
0.72,3434
0.72,3433
0.72,3432
0.73,3431
0.73,3430
0.73,3429
0.73,3428
0.73,3427
0.74,3426
0.74,3425
0.74,3424
0.74,3423
0.74,3422
0.75,3421
0.75,3420
0.75,3419
0.75,3418
0.75,3417
0.76,3416
0.76,3415
0.76,3414
0.76,3413
0.76,3412
0.77,3411
0.77,3410
0.77,3409
0.77,3408
0.77,3407
0.78,3406
0.78,3405
0.78,3404
0.78,3403
0.79,3402
0.79,3401
0.79,3400
0.79,3399
0.80,3398
0.80,3397
0.80,3396
0.80,3395
0.80,3394
0.80,3393
0.81,3392
0.81,3391
0.81,3390
0.81,3389
0.81,3388
0.82,3387
0.82,3386
0.82,3385
0.82,3384
0.83,3383
0.83,3382
0.83,3381
0.83,3380
0.83,3379
0.84,3378
0.84,3377
0.84,3376
0.84,3375
0.84,3374
0.85,3373
0.85,3372
0.85,3371
0.85,3370
0.85,3369
0.86,3368
0.86,3367
0.86,3366
0.86,3365
0.86,3364
0.87,3363
0.87,3362
0.87,3361
0.87,3360
0.87,3359
0.88,3358
0.88,3357
0.88,3356
0.88,3355
0.88,3354
0.89,3353
0.89,3352
0.89,3351
0.89,3350
0.89,3349
0.90,3348
0.90,3347
0.90,3346
0.90,3345
0.90,3344
0.91,3343
0.91,3342
0.91,3341
0.91,3340
0.91,3339
0.92,3338
0.92,3337
0.92,3336
0.92,3335
0.92,3334
0.93,3333
0.93,3332
0.93,3331
0.93,3330
0.93,3329
0.94,3328
0.94,3327
0.94,3326
0.94,3325
0.94,3324
0.95,3323
0.95,3322
0.95,3321
0.96,3320
0.96,3319
0.96,3318
0.96,3317
0.96,3316
0.97,3315
0.97,3314
0.97,3313
0.97,3312
0.97,3311
0.98,3310
0.98,3309
0.98,3308
0.98,3307
0.98,3306
0.99,3305
0.99,3304
0.99,3303
0.99,3302
0.99,3301
1.00,3300
1.00,3299
1.00,3298
1.00,3297
1.00,3296
1.01,3295
1.01,3294
1.01,3293
1.01,3292
1.01,3291
1.02,3290
1.02,3289
1.02,3288
1.02,3287
1.02,3286
1.03,3285
1.03,3284
1.03,3283
1.03,3282
1.03,3281
1.04,3280
1.04,3279
1.04,3278
1.04,3277
1.04,3276
1.05,3275
1.05,3274
1.05,3273
1.05,3272
1.05,3271
1.06,3270
1.06,3269
1.06,3268
1.06,3267
1.06,3266
1.07,3265
1.07,3264
1.07,3263
1.07,3262
1.07,3261
1.08,3260
1.08,3259
1.08,3258
1.08,3257
1.08,3256
1.09,3255
1.09,3254
1.09,3253
1.09,3252
1.09,3251
1.10,3250
1.10,3249
1.10,3248
1.10,3247
1.10,3246
1.11,3245
1.11,3244
1.11,3243
1.11,3242
1.11,3241
1.12,3240
1.12,3239
1.12,3238
1.12,3237
1.12,3236
1.13,3235
1.13,3234
1.13,3233
1.13,3232
1.13,3231
1.14,3230
1.14,3229
1.14,3228
1.14,3227
1.15,3226
1.15,3225
1.15,3224
1.15,3223
1.15,3222
1.16,3221
1.16,3220
1.16,3219
1.16,3218
1.17,3217
1.17,3216
1.17,3215
1.17,3214
1.18,3213
1.18,3212
1.18,3211
1.18,3210
1.19,3209
1.19,3208
1.19,3207
1.19,3206
1.19,3205
1.20,3204
1.20,3203
1.20,3202
1.20,3201
1.21,3200
1.21,3199
1.21,3198
1.21,3197
1.22,3196
1.22,3195
1.22,3194
1.22,3193
1.23,3192
1.23,3191
1.23,3190
1.23,3189
1.24,3188
1.24,3187
1.24,3186
1.24,3185
1.24,3184
1.25,3183
1.25,3182
1.25,3181
1.25,3180
1.26,3179
1.26,3178
1.26,3177
1.26,3176
1.27,3175
1.27,3174
1.27,3173
1.27,3172
1.28,3171
1.28,3170
1.28,3169
1.28,3168
1.28,3167
1.29,3166
1.29,3165
1.29,3164
1.29,3163
1.30,3162
1.30,3161
1.30,3160
1.30,3159
1.31,3158
1.31,3157
1.31,3156
1.32,3155
1.32,3154
1.32,3153
1.32,3152
1.32,3151
1.33,3150
1.33,3149
1.33,3148
1.33,3147
1.33,3146
1.34,3145
1.34,3144
1.34,3143
1.34,3142
1.34,3141
1.35,3140
1.35,3139
1.35,3138
1.35,3137
1.35,3136
1.36,3135
1.36,3134
1.36,3133
1.36,3132
1.36,3131
1.37,3130
1.37,3129
1.37,3128
1.37,3127
1.37,3126
1.38,3125
1.38,3124
1.38,3123
1.38,3122
1.38,3121
1.39,3120
1.39,3119
1.39,3118
1.39,3117
1.39,3116
1.40,3115
1.40,3114
1.40,3113
1.40,3112
1.40,3111
1.41,3110
1.41,3109
1.41,3108
1.41,3107
1.41,3106
1.42,3105
1.42,3104
1.42,3103
1.42,3102
1.42,3101
1.43,3100
1.43,3099
1.43,3098
1.43,3097
1.43,3096
1.44,3095
1.44,3094
1.44,3093
1.44,3092
1.44,3091
1.45,3090
1.45,3089
1.45,3088
1.45,3087
1.45,3086
1.46,3085
1.46,3084
1.46,3083
1.46,3082
1.46,3081
1.47,3080
1.47,3079
1.47,3078
1.47,3077
1.47,3076
1.48,3075
1.48,3074
1.48,3073
1.48,3072
1.48,3071
1.49,3070
1.49,3069
1.49,3068
1.49,3067
1.49,3066
1.50,3065
1.50,3064
1.50,3063
1.50,3062
1.50,3061
1.51,3060
1.51,3059
1.51,3058
1.51,3057
1.51,3056
1.51,3055
1.52,3054
1.52,3053
1.52,3052
1.52,3051
1.53,3050
1.53,3049
1.53,3048
1.53,3047
1.53,3046
1.54,3045
1.54,3044
1.54,3043
1.54,3042
1.54,3041
1.54,3040
1.55,3039
1.55,3038
1.55,3037
1.55,3036
1.55,3035
1.56,3034
1.56,3033
1.56,3032
1.56,3031
1.56,3030
1.57,3029
1.57,3028
1.57,3027
1.57,3026
1.57,3025
1.58,3024
1.58,3023
1.58,3022
1.58,3021
1.58,3020
1.59,3019
1.59,3018
1.59,3017
1.59,3016
1.59,3015
1.60,3014
1.60,3013
1.60,3012
1.60,3011
1.60,3010
1.61,3009
1.61,3008
1.61,3007
1.61,3006
1.62,3005
1.62,3004
1.62,3003
1.62,3002
1.62,3001
1.63,3000
1.63,2999
1.63,2998
1.63,2997
1.63,2996
1.64,2995
1.64,2994
1.64,2993
1.64,2992
1.64,2991
1.64,2990
1.65,2989
1.65,2988
1.65,2987
1.65,2986
1.65,2985
1.66,2984
1.66,2983
1.66,2982
1.66,2981
1.66,2980
1.67,2979
1.67,2978
1.67,2977
1.68,2976
1.68,2975
1.68,2974
1.68,2973
1.68,2972
1.69,2971
1.69,2970
1.69,2969
1.69,2968
1.69,2967
1.69,2966
1.70,2965
1.70,2964
1.70,2963
1.70,2962
1.70,2961
1.71,2960
1.71,2959
1.71,2958
1.71,2957
1.71,2956
1.71,2955
1.72,2954
1.72,2953
1.72,2952
1.72,2951
1.72,2950
1.73,2949
1.73,2948
1.73,2947
1.73,2946
1.73,2945
1.74,2944
1.74,2943
1.74,2942
1.74,2941
1.74,2940
1.74,2939
1.75,2938
1.75,2937
1.75,2936
1.75,2935
1.75,2934
1.76,2933
1.76,2932
1.76,2931
1.76,2930
1.76,2929
1.77,2928
1.77,2927
1.77,2926
1.77,2925
1.77,2924
1.77,2923
1.78,2922
1.78,2921
1.78,2920
1.78,2919
1.78,2918
1.79,2917
1.79,2916
1.79,2915
1.79,2914
1.79,2913
1.80,2912
1.80,2911
1.80,2910
1.80,2909
1.80,2908
1.80,2907
1.81,2906
1.81,2905
1.81,2904
1.81,2903
1.81,2902
1.82,2901
1.82,2900
1.82,2899
1.82,2898
1.82,2897
1.83,2896
1.83,2895
1.83,2894
1.83,2893
1.83,2892
1.83,2891
1.84,2890
1.84,2889
1.84,2888
1.84,2887
1.84,2886
1.85,2885
1.85,2884
1.85,2883
1.85,2882
1.85,2881
1.86,2880
1.86,2879
1.86,2878
1.86,2877
1.86,2876
1.86,2875
1.87,2874
1.87,2873
1.87,2872
1.87,2871
1.87,2870
1.88,2869
1.88,2868
1.88,2867
1.88,2866
1.88,2865
1.89,2864
1.89,2863
1.89,2862
1.89,2861
1.89,2860
1.89,2859
1.90,2858
1.90,2857
1.90,2856
1.90,2855
1.90,2854
1.91,2853
1.91,2852
1.91,2851
1.91,2850
1.91,2849
1.91,2848
1.92,2847
1.92,2846
1.92,2845
1.92,2844
1.92,2843
1.93,2842
1.93,2841
1.93,2840
1.93,2839
1.93,2838
1.94,2837
1.94,2836
1.94,2835
1.94,2834
1.94,2833
1.95,2832
1.95,2831
1.95,2830
1.95,2829
1.95,2828
1.95,2827
1.96,2826
1.96,2825
1.96,2824
1.96,2823
1.96,2822
1.97,2821
1.97,2820
1.97,2819
1.97,2818
1.97,2817
1.98,2816
1.98,2815
1.98,2814
1.98,2813
1.98,2812
1.98,2811
1.99,2810
1.99,2809
1.99,2808
1.99,2807
1.99,2806
2.00,2805
2.00,2804
2.00,2803
2.00,2802
2.00,2801
2.01,2800
2.01,2799
2.01,2798
2.01,2797
2.01,2796
2.02,2795
2.02,2794
2.02,2793
2.02,2792
2.02,2791
2.03,2790
2.03,2789
2.03,2788
2.03,2787
2.03,2786
2.04,2785
2.04,2784
2.04,2783
2.04,2782
2.05,2781
2.05,2780
2.05,2779
2.05,2778
2.05,2777
2.06,2776
2.06,2775
2.06,2774
2.06,2773
2.06,2772
2.07,2771
2.07,2770
2.07,2769
2.07,2768
2.08,2767
2.08,2766
2.08,2765
2.08,2764
2.09,2763
2.09,2762
2.09,2761
2.09,2760
2.10,2759
2.10,2758
2.10,2757
2.10,2756
2.10,2755
2.11,2754
2.11,2753
2.11,2752
2.11,2751
2.12,2750
2.12,2749
2.12,2748
2.12,2747
2.12,2746
2.13,2745
2.13,2744
2.13,2743
2.13,2742
2.14,2741
2.14,2740
2.14,2739
2.14,2738
2.14,2737
2.15,2736
2.15,2735
2.15,2734
2.15,2733
2.16,2732
2.16,2731
2.16,2730
2.16,2729
2.17,2728
2.17,2727
2.17,2726
2.17,2725
2.18,2724
2.18,2723
2.18,2722
2.18,2721
2.19,2720
2.19,2719
2.19,2718
2.19,2717
2.19,2716
2.20,2715
2.20,2714
2.20,2713
2.20,2712
2.21,2711
2.21,2710
2.21,2709
2.21,2708
2.21,2707
2.22,2706
2.22,2705
2.22,2704
2.22,2703
2.23,2702
2.23,2701
2.23,2700
2.23,2699
2.23,2698
2.24,2697
2.24,2696
2.24,2695
2.24,2694
2.25,2693
2.25,2692
2.25,2691
2.25,2690
2.25,2689
2.26,2688
2.26,2687
2.26,2686
2.26,2685
2.26,2684
2.27,2683
2.27,2682
2.27,2681
2.27,2680
2.28,2679
2.28,2678
2.28,2677
2.28,2676
2.28,2675
2.29,2674
2.29,2673
2.29,2672
2.29,2671
2.30,2670
2.30,2669
2.30,2668
2.30,2667
2.31,2666
2.31,2665
2.31,2664
2.31,2663
2.31,2662
2.32,2661
2.32,2660
2.32,2659
2.32,2658
2.33,2657
2.33,2656
2.33,2655
2.33,2654
2.33,2653
2.34,2652
2.34,2651
2.34,2650
2.34,2649
2.35,2648
2.35,2647
2.35,2646
2.35,2645
2.35,2644
2.36,2643
2.36,2642
2.36,2641
2.36,2640
2.37,2639
2.37,2638
2.37,2637
2.37,2636
2.37,2635
2.38,2634
2.38,2633
2.38,2632
2.38,2631
2.39,2630
2.39,2629
2.39,2628
2.39,2627
2.39,2626
2.40,2625
2.40,2624
2.40,2623
2.40,2622
2.41,2621
2.41,2620
2.41,2619
2.41,2618
2.41,2617
2.42,2616
2.42,2615
2.42,2614
2.42,2613
2.43,2612
2.43,2611
2.43,2610
2.43,2609
2.43,2608
2.44,2607
2.44,2606
2.44,2605
2.45,2604
2.45,2603
2.45,2602
2.45,2601
2.45,2600
2.46,2599
2.46,2598
2.46,2597
2.46,2596
2.46,2595
2.46,2594
2.47,2593
2.47,2592
2.47,2591
2.47,2590
2.47,2589
2.47,2588
2.48,2587
2.48,2586
2.48,2585
2.48,2584
2.48,2583
2.49,2582
2.49,2581
2.49,2580
2.49,2579
2.49,2578
2.49,2577
2.50,2576
2.50,2575
2.50,2574
2.50,2573
2.50,2572
2.51,2571
2.51,2570
2.51,2569
2.51,2568
2.51,2567
2.52,2566
2.52,2565
2.52,2564
2.52,2563
2.52,2562
2.52,2561
2.53,2560
2.53,2559
2.53,2558
2.53,2557
2.53,2556
2.53,2555
2.54,2554
2.54,2553
2.54,2552
2.54,2551
2.54,2550
2.55,2549
2.55,2548
2.55,2547
2.55,2546
2.55,2545
2.55,2544
2.56,2543
2.56,2542
2.56,2541
2.56,2540
2.56,2539
2.56,2538
2.57,2537
2.57,2536
2.57,2535
2.57,2534
2.57,2533
2.57,2532
2.58,2531
2.58,2530
2.58,2529
2.58,2528
2.58,2527
2.59,2526
2.59,2525
2.59,2524
2.59,2523
2.59,2522
2.59,2521
2.60,2520
2.60,2519
2.60,2518
2.60,2517
2.60,2516
2.60,2515
2.61,2514
2.61,2513
2.61,2512
2.61,2511
2.61,2510
2.62,2509
2.62,2508
2.62,2507
2.62,2506
2.62,2505
2.62,2504
2.63,2503
2.63,2502
2.63,2501
2.63,2500
2.63,2499
2.64,2498
2.64,2497
2.64,2496
2.64,2495
2.64,2494
2.64,2493
2.65,2492
2.65,2491
2.65,2490
2.65,2489
2.65,2488
2.65,2487
2.66,2486
2.66,2485
2.66,2484
2.66,2483
2.66,2482
2.66,2481
2.67,2480
2.67,2479
2.67,2478
2.67,2477
2.67,2476
2.68,2475
2.68,2474
2.68,2473
2.68,2472
2.68,2471
2.68,2470
2.69,2469
2.69,2468
2.69,2467
2.69,2466
2.69,2465
2.69,2464
2.70,2463
2.70,2462
2.70,2461
2.70,2460
2.70,2459
2.71,2458
2.71,2457
2.71,2456
2.71,2455
2.71,2454
2.72,2453
2.72,2452
2.72,2451
2.72,2450
2.72,2449
2.72,2448
2.73,2447
2.73,2446
2.73,2445
2.73,2444
2.73,2443
2.73,2442
2.74,2441
2.74,2440
2.74,2439
2.74,2438
2.74,2437
2.75,2436
2.75,2435
2.75,2434
2.75,2433
2.75,2432
2.75,2431
2.76,2430
2.76,2429
2.76,2428
2.76,2427
2.76,2426
2.76,2425
2.77,2424
2.77,2423
2.77,2422
2.77,2421
2.77,2420
2.77,2419
2.78,2418
2.78,2417
2.78,2416
2.78,2415
2.78,2414
2.79,2413
2.79,2412
2.79,2411
2.79,2410
2.79,2409
2.79,2408
2.80,2407
2.80,2406
2.80,2405
2.80,2404
2.80,2403
2.80,2402
2.81,2401
2.81,2400
2.81,2399
2.81,2398
2.81,2397
2.81,2396
2.82,2395
2.82,2394
2.82,2393
2.82,2392
2.82,2391
2.82,2390
2.83,2389
2.83,2388
2.83,2387
2.83,2386
2.83,2385
2.84,2384
2.84,2383
2.84,2382
2.84,2381
2.84,2380
2.84,2379
2.85,2378
2.85,2377
2.85,2376
2.85,2375
2.85,2374
2.85,2373
2.86,2372
2.86,2371
2.86,2370
2.86,2369
2.86,2368
2.87,2367
2.87,2366
2.88,2365
2.90,2364
2.90,2363
