0.10,3636
0.16,3635
0.17,3634
0.18,3633
0.19,3632
0.20,3631
0.21,3630
0.21,3629
0.22,3628
0.23,3627
0.24,3626
0.24,3625
0.25,3624
0.25,3623
0.26,3622
0.27,3621
0.27,3620
0.28,3619
0.29,3618
0.29,3617
0.30,3616
0.30,3615
0.31,3614
0.31,3613
0.32,3612
0.33,3611
0.33,3610
0.34,3609
0.34,3608
0.35,3607
0.35,3606
0.36,3605
0.36,3604
0.37,3603
0.38,3602
0.38,3601
0.38,3600
0.39,3599
0.39,3598
0.40,3597
0.40,3596
0.41,3595
0.41,3594
0.42,3593
0.42,3592
0.42,3591
0.43,3590
0.43,3589
0.44,3588
0.44,3587
0.44,3586
0.44,3585
0.45,3584
0.45,3583
0.45,3582
0.45,3581
0.46,3580
0.46,3579
0.46,3578
0.46,3577
0.47,3576
0.47,3575
0.47,3574
0.47,3573
0.47,3572
0.48,3571
0.48,3570
0.48,3569
0.48,3568
0.48,3567
0.49,3566
0.49,3565
0.49,3564
0.49,3563
0.50,3562
0.50,3561
0.50,3560
0.50,3559
0.50,3558
0.51,3557
0.51,3556
0.51,3555
0.51,3554
0.51,3553
0.52,3552
0.52,3551
0.52,3550
0.52,3549
0.52,3548
0.53,3547
0.53,3546
0.53,3545
0.53,3544
0.54,3543
0.54,3542
0.54,3541
0.54,3540
0.54,3539
0.55,3538
0.55,3537
0.55,3536
0.55,3535
0.55,3534
0.56,3533
0.56,3532
0.56,3531
0.56,3530
0.56,3529
0.57,3528
0.57,3527
0.57,3526
0.57,3525
0.57,3524
0.58,3523
0.58,3522
0.58,3521
0.58,3520
0.59,3519
0.59,3518
0.59,3517
0.59,3516
0.59,3515
0.60,3514
0.60,3513
0.60,3512
0.60,3511
0.60,3510
0.61,3509
0.61,3508
0.61,3507
0.62,3506
0.62,3505
0.62,3504
0.62,3503
0.62,3502
0.63,3501
0.63,3500
0.63,3499
0.63,3498
0.63,3497
0.64,3496
0.64,3495
0.64,3494
0.64,3493
0.65,3492
0.65,3491
0.65,3490
0.65,3489
0.66,3488
0.66,3487
0.66,3486
0.66,3485
0.67,3484
0.67,3483
0.67,3482
0.67,3481
0.67,3480
0.68,3479
0.68,3478
0.68,3477
0.68,3476
0.69,3475
0.69,3474
0.69,3473
0.69,3472
0.70,3471
0.70,3470
0.70,3469
0.70,3468
0.70,3467
0.71,3466
0.71,3465
0.71,3464
0.71,3463
0.71,3462
0.72,3461
0.72,3460
0.72,3459
0.72,3458
0.72,3457
0.73,3456
0.73,3455
0.73,3454
0.73,3453
0.74,3452
0.74,3451
0.74,3450
0.74,3449
0.74,3448
0.75,3447
0.75,3446
0.75,3445
0.75,3444
0.75,3443
0.76,3442
0.76,3441
0.76,3440
0.76,3439
0.76,3438
0.77,3437
0.77,3436
0.77,3435
0.77,3434
0.78,3433
0.78,3432
0.78,3431
0.78,3430
0.78,3429
0.79,3428
0.79,3427
0.79,3426
0.79,3425
0.79,3424
0.80,3423
0.80,3422
0.80,3421
0.81,3420
0.81,3419
0.81,3418
0.81,3417
0.81,3416
0.82,3415
0.82,3414
0.82,3413
0.82,3412
0.82,3411
0.83,3410
0.83,3409
0.83,3408
0.83,3407
0.83,3406
0.84,3405
0.84,3404
0.84,3403
0.84,3402
0.85,3401
0.85,3400
0.85,3399
0.85,3398
0.85,3397
0.86,3396
0.86,3395
0.86,3394
0.86,3393
0.86,3392
0.87,3391
0.87,3390
0.87,3389
0.87,3388
0.87,3387
0.88,3386
0.88,3385
0.88,3384
0.88,3383
0.89,3382
0.89,3381
0.89,3380
0.89,3379
0.90,3378
0.90,3377
0.90,3376
0.90,3375
0.90,3374
0.91,3373
0.91,3372
0.91,3371
0.91,3370
0.91,3369
0.92,3368
0.92,3367
0.92,3366
0.92,3365
0.92,3364
0.93,3363
0.93,3362
0.93,3361
0.93,3360
0.93,3359
0.94,3358
0.94,3357
0.94,3356
0.94,3355
0.94,3354
0.95,3353
0.95,3352
0.95,3351
0.95,3350
0.96,3349
0.96,3348
0.96,3347
0.96,3346
0.96,3345
0.97,3344
0.97,3343
0.97,3342
0.97,3341
0.97,3340
0.98,3339
0.98,3338
0.98,3337
0.99,3336
0.99,3335
0.99,3334
0.99,3333
0.99,3332
1.00,3331
1.00,3330
1.00,3329
1.00,3328
1.00,3327
1.01,3326
1.01,3325
1.01,3324
1.01,3323
1.01,3322
1.02,3321
1.02,3320
1.02,3319
1.02,3318
1.03,3317
1.03,3316
1.03,3315
1.03,3314
1.03,3313
1.04,3312
1.04,3311
1.04,3310
1.04,3309
1.05,3308
1.05,3307
1.05,3306
1.05,3305
1.05,3304
1.06,3303
1.06,3302
1.06,3301
1.06,3300
1.06,3299
1.07,3298
1.07,3297
1.07,3296
1.07,3295
1.07,3294
1.08,3293
1.08,3292
1.08,3291
1.08,3290
1.08,3289
1.09,3288
1.09,3287
1.09,3286
1.09,3285
1.10,3284
1.10,3283
1.10,3282
1.10,3281
1.10,3280
1.11,3279
1.11,3278
1.11,3277
1.11,3276
1.11,3275
1.12,3274
1.12,3273
1.12,3272
1.12,3271
1.12,3270
1.13,3269
1.13,3268
1.13,3267
1.13,3266
1.13,3265
1.14,3264
1.14,3263
1.14,3262
1.14,3261
1.14,3260
1.15,3259
1.15,3258
1.15,3257
1.15,3256
1.15,3255
1.16,3254
1.16,3253
1.16,3252
1.16,3251
1.17,3250
1.17,3249
1.17,3248
1.17,3247
1.17,3246
1.18,3245
1.18,3244
1.18,3243
1.19,3242
1.19,3241
1.19,3240
1.19,3239
1.19,3238
1.20,3237
1.20,3236
1.20,3235
1.20,3234
1.21,3233
1.21,3232
1.21,3231
1.21,3230
1.22,3229
1.22,3228
1.22,3227
1.22,3226
1.23,3225
1.23,3224
1.23,3223
1.24,3222
1.24,3221
1.24,3220
1.24,3219
1.25,3218
1.25,3217
1.25,3216
1.25,3215
1.26,3214
1.26,3213
1.26,3212
1.26,3211
1.27,3210
1.27,3209
1.27,3208
1.27,3207
1.28,3206
1.28,3205
1.28,3204
1.29,3203
1.29,3202
1.29,3201
1.29,3200
1.30,3199
1.30,3198
1.30,3197
1.30,3196
1.31,3195
1.31,3194
1.31,3193
1.31,3192
1.32,3191
1.32,3190
1.32,3189
1.33,3188
1.33,3187
1.33,3186
1.33,3185
1.33,3184
1.34,3183
1.34,3182
1.34,3181
1.35,3180
1.35,3179
1.35,3178
1.36,3177
1.36,3176
1.36,3175
1.36,3174
1.37,3173
1.37,3172
1.37,3171
1.38,3170
1.38,3169
1.38,3168
1.38,3167
1.38,3166
1.39,3165
1.39,3164
1.39,3163
1.39,3162
1.39,3161
1.40,3160
1.40,3159
1.40,3158
1.40,3157
1.40,3156
1.41,3155
1.41,3154
1.41,3153
1.41,3152
1.41,3151
1.42,3150
1.42,3149
1.42,3148
1.42,3147
1.42,3146
1.43,3145
1.43,3144
1.43,3143
1.43,3142
1.43,3141
1.44,3140
1.44,3139
1.44,3138
1.44,3137
1.44,3136
1.45,3135
1.45,3134
1.45,3133
1.45,3132
1.46,3131
1.46,3130
1.46,3129
1.46,3128
1.46,3127
1.47,3126
1.47,3125
1.47,3124
1.47,3123
1.47,3122
1.48,3121
1.48,3120
1.48,3119
1.48,3118
1.48,3117
1.49,3116
1.49,3115
1.49,3114
1.49,3113
1.50,3112
1.50,3111
1.50,3110
1.50,3109
1.50,3108
1.51,3107
1.51,3106
1.51,3105
1.51,3104
1.51,3103
1.52,3102
1.52,3101
1.52,3100
1.52,3099
1.52,3098
1.53,3097
1.53,3096
1.53,3095
1.53,3094
1.54,3093
1.54,3092
1.54,3091
1.54,3090
1.54,3089
1.55,3088
1.55,3087
1.55,3086
1.55,3085
1.55,3084
1.56,3083
1.56,3082
1.56,3081
1.56,3080
1.56,3079
1.57,3078
1.57,3077
1.57,3076
1.57,3075
1.57,3074
1.57,3073
1.58,3072
1.58,3071
1.58,3070
1.58,3069
1.59,3068
1.59,3067
1.59,3066
1.59,3065
1.59,3064
1.60,3063
1.60,3062
1.60,3061
1.60,3060
1.60,3059
1.61,3058
1.61,3057
1.61,3056
1.61,3055
1.61,3054
1.62,3053
1.62,3052
1.62,3051
1.62,3050
1.62,3049
1.63,3048
1.63,3047
1.63,3046
1.63,3045
1.63,3044
1.64,3043
1.64,3042
1.64,3041
1.64,3040
1.65,3039
1.65,3038
1.65,3037
1.65,3036
1.65,3035
1.65,3034
1.66,3033
1.66,3032
1.66,3031
1.66,3030
1.66,3029
1.67,3028
1.67,3027
1.67,3026
1.67,3025
1.67,3024
1.68,3023
1.68,3022
1.68,3021
1.68,3020
1.68,3019
1.69,3018
1.69,3017
1.69,3016
1.69,3015
1.69,3014
1.70,3013
1.70,3012
1.70,3011
1.70,3010
1.70,3009
1.71,3008
1.71,3007
1.71,3006
1.71,3005
1.71,3004
1.72,3003
1.72,3002
1.72,3001
1.72,3000
1.72,2999
1.73,2998
1.73,2997
1.73,2996
1.73,2995
1.74,2994
1.74,2993
1.74,2992
1.74,2991
1.74,2990
1.75,2989
1.75,2988
1.75,2987
1.75,2986
1.75,2985
1.76,2984
1.76,2983
1.76,2982
1.76,2981
1.76,2980
1.77,2979
1.77,2978
1.77,2977
1.77,2976
1.77,2975
1.77,2974
1.78,2973
1.78,2972
1.78,2971
1.78,2970
1.78,2969
1.79,2968
1.79,2967
1.79,2966
1.79,2965
1.79,2964
1.80,2963
1.80,2962
1.80,2961
1.80,2960
1.80,2959
1.81,2958
1.81,2957
1.81,2956
1.81,2955
1.81,2954
1.81,2953
1.82,2952
1.82,2951
1.82,2950
1.82,2949
1.82,2948
1.83,2947
1.83,2946
1.83,2945
1.83,2944
1.83,2943
1.84,2942
1.84,2941
1.84,2940
1.84,2939
1.84,2938
1.85,2937
1.85,2936
1.85,2935
1.85,2934
1.85,2933
1.85,2932
1.86,2931
1.86,2930
1.86,2929
1.86,2928
1.86,2927
1.87,2926
1.87,2925
1.87,2924
1.87,2923
1.87,2922
1.88,2921
1.88,2920
1.88,2919
1.88,2918
1.88,2917
1.89,2916
1.89,2915
1.89,2914
1.89,2913
1.89,2912
1.90,2911
1.90,2910
1.90,2909
1.90,2908
1.90,2907
1.90,2906
1.91,2905
1.91,2904
1.91,2903
1.91,2902
1.91,2901
1.92,2900
1.92,2899
1.92,2898
1.92,2897
1.92,2896
1.93,2895
1.93,2894
1.93,2893
1.93,2892
1.93,2891
1.94,2890
1.94,2889
1.94,2888
1.94,2887
1.94,2886
1.95,2885
1.95,2884
1.95,2883
1.95,2882
1.95,2881
1.95,2880
1.96,2879
1.96,2878
1.96,2877
1.96,2876
1.96,2875
1.97,2874
1.97,2873
1.97,2872
1.97,2871
1.97,2870
1.98,2869
1.98,2868
1.98,2867
1.98,2866
1.98,2865
1.99,2864
1.99,2863
1.99,2862
1.99,2861
1.99,2860
1.99,2859
2.00,2858
2.00,2857
2.00,2856
2.00,2855
2.00,2854
2.01,2853
2.01,2852
2.01,2851
2.01,2850
2.01,2849
2.02,2848
2.02,2847
2.02,2846
2.02,2845
2.02,2844
2.03,2843
2.03,2842
2.03,2841
2.03,2840
2.03,2839
2.04,2838
2.04,2837
2.04,2836
2.04,2835
2.04,2834
2.05,2833
2.05,2832
2.05,2831
2.05,2830
2.05,2829
2.05,2828
2.06,2827
2.06,2826
2.06,2825
2.06,2824
2.06,2823
2.07,2822
2.07,2821
2.07,2820
2.08,2819
2.08,2818
2.08,2817
2.08,2816
2.08,2815
2.09,2814
2.09,2813
2.09,2812
2.09,2811
2.09,2810
2.10,2809
2.10,2808
2.10,2807
2.10,2806
2.10,2805
2.11,2804
2.11,2803
2.11,2802
2.11,2801
2.11,2800
2.11,2799
2.12,2798
2.12,2797
2.12,2796
2.12,2795
2.12,2794
2.13,2793
2.13,2792
2.13,2791
2.13,2790
2.13,2789
2.14,2788
2.14,2787
2.14,2786
2.14,2785
2.14,2784
2.15,2783
2.15,2782
2.15,2781
2.15,2780
2.15,2779
2.16,2778
2.16,2777
2.16,2776
2.16,2775
2.16,2774
2.17,2773
2.17,2772
2.17,2771
2.17,2770
2.17,2769
2.17,2768
2.18,2767
2.18,2766
2.18,2765
2.18,2764
2.19,2763
2.19,2762
2.19,2761
2.19,2760
2.19,2759
2.20,2758
2.20,2757
2.20,2756
2.20,2755
2.20,2754
2.21,2753
2.21,2752
2.21,2751
2.21,2750
2.21,2749
2.22,2748
2.22,2747
2.22,2746
2.22,2745
2.22,2744
2.23,2743
2.23,2742
2.23,2741
2.23,2740
2.23,2739
2.24,2738
2.24,2737
2.24,2736
2.24,2735
2.24,2734
2.25,2733
2.25,2732
2.25,2731
2.25,2730
2.25,2729
2.26,2728
2.26,2727
2.26,2726
2.26,2725
2.26,2724
2.26,2723
2.27,2722
2.27,2721
2.27,2720
2.27,2719
2.27,2718
2.28,2717
2.28,2716
2.28,2715
2.28,2714
2.28,2713
2.29,2712
2.29,2711
2.29,2710
2.29,2709
2.29,2708
2.30,2707
2.30,2706
2.30,2705
2.30,2704
2.30,2703
2.31,2702
2.31,2701
2.31,2700
2.31,2699
2.31,2698
2.32,2697
2.32,2696
2.32,2695
2.32,2694
2.32,2693
2.33,2692
2.33,2691
2.33,2690
2.33,2689
2.33,2688
2.33,2687
2.34,2686
2.34,2685
2.34,2684
2.34,2683
2.34,2682
2.35,2681
2.35,2680
2.35,2679
2.35,2678
2.35,2677
2.36,2676
2.36,2675
2.36,2674
2.36,2673
2.36,2672
2.37,2671
2.37,2670
2.37,2669
2.37,2668
2.37,2667
2.38,2666
2.38,2665
2.38,2664
2.38,2663
2.38,2662
2.38,2661
2.39,2660
2.39,2659
2.39,2658
2.39,2657
2.39,2656
2.40,2655
2.40,2654
2.40,2653
2.40,2652
2.40,2651
2.41,2650
2.41,2649
2.41,2648
2.41,2647
2.41,2646
2.42,2645
2.42,2644
2.42,2643
2.42,2642
2.43,2641
2.43,2640
2.43,2639
2.43,2638
2.43,2637
2.44,2636
2.44,2635
2.44,2634
2.44,2633
2.44,2632
2.45,2631
2.45,2630
2.45,2629
2.45,2628
2.45,2627
2.46,2626
2.46,2625
2.46,2624
2.46,2623
2.46,2622
2.46,2621
2.47,2620
2.47,2619
2.47,2618
2.47,2617
2.47,2616
2.48,2615
2.48,2614
2.48,2613
2.48,2612
2.49,2611
2.49,2610
2.49,2609
2.49,2608
2.49,2607
2.50,2606
2.50,2605
2.50,2604
2.50,2603
2.50,2602
2.50,2601
2.51,2600
2.51,2599
2.51,2598
2.51,2597
2.52,2596
2.52,2595
2.52,2594
2.52,2593
2.52,2592
2.52,2591
2.53,2590
2.53,2589
2.53,2588
2.53,2587
2.53,2586
2.54,2585
2.54,2584
2.54,2583
2.54,2582
2.54,2581
2.55,2580
2.55,2579
2.55,2578
2.55,2577
2.55,2576
2.56,2575
2.56,2574
2.56,2573
2.56,2572
2.56,2571
2.56,2570
2.57,2569
2.57,2568
2.57,2567
2.57,2566
2.57,2565
2.58,2564
2.58,2563
2.58,2562
2.58,2561
2.58,2560
2.59,2559
2.59,2558
2.59,2557
2.59,2556
2.59,2555
2.60,2554
2.60,2553
2.60,2552
2.60,2551
2.60,2550
2.61,2549
2.61,2548
2.61,2547
2.61,2546
2.61,2545
2.62,2544
2.62,2543
2.62,2542
2.62,2541
2.62,2540
2.63,2539
2.63,2538
2.63,2537
2.63,2536
2.63,2535
2.63,2534
2.64,2533
2.64,2532
2.64,2531
2.64,2530
2.64,2529
2.64,2528
2.65,2527
2.65,2526
2.65,2525
2.65,2524
2.65,2523
2.66,2522
2.66,2521
2.66,2520
2.66,2519
2.66,2518
2.67,2517
2.67,2516
2.67,2515
2.67,2514
2.67,2513
2.68,2512
2.68,2511
2.68,2510
2.68,2509
2.68,2508
2.69,2507
2.69,2506
2.69,2505
2.69,2504
2.69,2503
2.70,2502
2.70,2501
2.70,2500
2.70,2499
2.70,2498
2.70,2497
2.71,2496
2.71,2495
2.71,2494
2.71,2493
2.71,2492
2.72,2491
2.72,2490
2.72,2489
2.72,2488
2.72,2487
2.73,2486
2.73,2485
2.73,2484
2.73,2483
2.73,2482
2.73,2481
2.74,2480
2.74,2479
2.74,2478
2.74,2477
2.74,2476
2.75,2475
2.75,2474
2.75,2473
2.75,2472
2.75,2471
2.76,2470
2.76,2469
2.76,2468
2.76,2467
2.76,2466
2.77,2465
2.77,2464
2.77,2463
2.77,2462
2.77,2461
2.77,2460
2.78,2459
2.78,2458
2.78,2457
2.78,2456
2.78,2455
2.79,2454
2.79,2453
2.79,2452
2.79,2451
2.79,2450
2.80,2449
2.80,2448
2.80,2447
2.80,2446
2.80,2445
2.80,2444
2.81,2443
2.81,2442
2.81,2441
2.81,2440
2.81,2439
2.82,2438
2.82,2437
2.82,2436
2.82,2435
2.82,2434
2.83,2433
2.83,2432
2.83,2431
2.83,2430
2.83,2429
2.83,2428
2.84,2427
2.84,2426
2.84,2425
2.84,2424
2.84,2423
2.85,2422
2.85,2421
2.85,2420
2.85,2419
2.85,2418
2.86,2417
2.86,2416
2.86,2415
2.86,2414
2.86,2413
2.86,2412
2.87,2411
2.87,2410
2.87,2409
2.87,2408
2.87,2407
2.88,2406
2.88,2405
2.88,2404
2.88,2403
2.88,2402
2.89,2401
2.89,2400
2.89,2399
2.89,2398
2.89,2397
2.89,2396
2.90,2395
2.90,2394
2.90,2393
2.90,2392
2.90,2391
2.91,2390
2.91,2389
2.91,2388
2.91,2387
2.91,2386
2.91,2385
2.92,2384
2.92,2383
2.92,2382
2.92,2381
2.92,2380
2.93,2379
2.93,2378
2.93,2377
2.93,2376
2.93,2375
2.94,2374
2.94,2373
2.94,2372
2.94,2371
2.95,2370
2.95,2369
2.95,2368
