0.10,3642
0.17,3641
0.18,3640
0.19,3639
0.20,3638
0.21,3637
0.21,3636
0.22,3635
0.23,3634
0.23,3633
0.24,3632
0.25,3631
0.25,3630
0.26,3629
0.26,3628
0.27,3627
0.27,3626
0.28,3625
0.29,3624
0.29,3623
0.30,3622
0.30,3621
0.31,3620
0.31,3619
0.32,3618
0.32,3617
0.33,3616
0.33,3615
0.34,3614
0.35,3613
0.35,3612
0.36,3611
0.36,3610
0.37,3609
0.37,3608
0.38,3607
0.38,3606
0.39,3605
0.39,3604
0.40,3603
0.40,3602
0.40,3601
0.41,3600
0.41,3599
0.42,3598
0.42,3597
0.43,3596
0.43,3595
0.43,3594
0.43,3593
0.43,3592
0.44,3591
0.44,3590
0.44,3589
0.44,3588
0.44,3587
0.45,3586
0.45,3585
0.45,3584
0.45,3583
0.45,3582
0.46,3581
0.46,3580
0.46,3579
0.46,3578
0.46,3577
0.47,3576
0.47,3575
0.47,3574
0.47,3573
0.47,3572
0.48,3571
0.48,3570
0.48,3569
0.48,3568
0.49,3567
0.49,3566
0.49,3565
0.49,3564
0.49,3563
0.50,3562
0.50,3561
0.50,3560
0.50,3559
0.50,3558
0.51,3557
0.51,3556
0.51,3555
0.51,3554
0.52,3553
0.52,3552
0.52,3551
0.52,3550
0.52,3549
0.53,3548
0.53,3547
0.53,3546
0.53,3545
0.53,3544
0.54,3543
0.54,3542
0.54,3541
0.54,3540
0.55,3539
0.55,3538
0.55,3537
0.55,3536
0.56,3535
0.56,3534
0.56,3533
0.56,3532
0.56,3531
0.57,3530
0.57,3529
0.57,3528
0.57,3527
0.57,3526
0.58,3525
0.58,3524
0.58,3523
0.58,3522
0.58,3521
0.59,3520
0.59,3519
0.59,3518
0.59,3517
0.59,3516
0.60,3515
0.60,3514
0.60,3513
0.61,3512
0.61,3511
0.61,3510
0.61,3509
0.61,3508
0.62,3507
0.62,3506
0.62,3505
0.62,3504
0.62,3503
0.63,3502
0.63,3501
0.63,3500
0.63,3499
0.63,3498
0.64,3497
0.64,3496
0.64,3495
0.64,3494
0.65,3493
0.65,3492
0.65,3491
0.65,3490
0.65,3489
0.65,3488
0.66,3487
0.66,3486
0.66,3485
0.66,3484
0.67,3483
0.67,3482
0.67,3481
0.67,3480
0.67,3479
0.68,3478
0.68,3477
0.68,3476
0.68,3475
0.68,3474
0.69,3473
0.69,3472
0.69,3471
0.69,3470
0.69,3469
0.70,3468
0.70,3467
0.70,3466
0.70,3465
0.70,3464
0.71,3463
0.71,3462
0.71,3461
0.71,3460
0.71,3459
0.72,3458
0.72,3457
0.72,3456
0.72,3455
0.73,3454
0.73,3453
0.73,3452
0.73,3451
0.73,3450
0.74,3449
0.74,3448
0.74,3447
0.74,3446
0.74,3445
0.75,3444
0.75,3443
0.75,3442
0.75,3441
0.75,3440
0.76,3439
0.76,3438
0.76,3437
0.76,3436
0.77,3435
0.77,3434
0.77,3433
0.77,3432
0.77,3431
0.77,3430
0.78,3429
0.78,3428
0.78,3427
0.79,3426
0.79,3425
0.79,3424
0.79,3423
0.79,3422
0.80,3421
0.80,3420
0.80,3419
0.80,3418
0.80,3417
0.81,3416
0.81,3415
0.81,3414
0.81,3413
0.81,3412
0.82,3411
0.82,3410
0.82,3409
0.82,3408
0.82,3407
0.83,3406
0.83,3405
0.83,3404
0.83,3403
0.83,3402
0.84,3401
0.84,3400
0.84,3399
0.84,3398
0.84,3397
0.85,3396
0.85,3395
0.85,3394
0.85,3393
0.85,3392
0.86,3391
0.86,3390
0.86,3389
0.86,3388
0.86,3387
0.87,3386
0.87,3385
0.87,3384
0.87,3383
0.87,3382
0.88,3381
0.88,3380
0.88,3379
0.88,3378
0.88,3377
0.89,3376
0.89,3375
0.89,3374
0.89,3373
0.89,3372
0.90,3371
0.90,3370
0.90,3369
0.90,3368
0.90,3367
0.91,3366
0.91,3365
0.91,3364
0.91,3363
0.91,3362
0.92,3361
0.92,3360
0.92,3359
0.92,3358
0.92,3357
0.93,3356
0.93,3355
0.93,3354
0.93,3353
0.93,3352
0.94,3351
0.94,3350
0.94,3349
0.94,3348
0.94,3347
0.95,3346
0.95,3345
0.95,3344
0.95,3343
0.96,3342
0.96,3341
0.96,3340
0.96,3339
0.97,3338
0.97,3337
0.97,3336
0.97,3335
0.97,3334
0.98,3333
0.98,3332
0.98,3331
0.98,3330
0.98,3329
0.99,3328
0.99,3327
0.99,3326
0.99,3325
0.99,3324
1.00,3323
1.00,3322
1.00,3321
1.00,3320
1.00,3319
1.01,3318
1.01,3317
1.01,3316
1.01,3315
1.01,3314
1.02,3313
1.02,3312
1.02,3311
1.02,3310
1.02,3309
1.03,3308
1.03,3307
1.03,3306
1.03,3305
1.03,3304
1.04,3303
1.04,3302
1.04,3301
1.04,3300
1.04,3299
1.05,3298
1.05,3297
1.05,3296
1.05,3295
1.05,3294
1.06,3293
1.06,3292
1.06,3291
1.06,3290
1.06,3289
1.07,3288
1.07,3287
1.07,3286
1.07,3285
1.07,3284
1.08,3283
1.08,3282
1.08,3281
1.08,3280
1.08,3279
1.09,3278
1.09,3277
1.09,3276
1.09,3275
1.09,3274
1.10,3273
1.10,3272
1.10,3271
1.10,3270
1.10,3269
1.10,3268
1.11,3267
1.11,3266
1.11,3265
1.11,3264
1.11,3263
1.12,3262
1.12,3261
1.12,3260
1.12,3259
1.12,3258
1.13,3257
1.13,3256
1.13,3255
1.13,3254
1.13,3253
1.14,3252
1.14,3251
1.14,3250
1.14,3249
1.15,3248
1.15,3247
1.15,3246
1.15,3245
1.16,3244
1.16,3243
1.16,3242
1.16,3241
1.16,3240
1.17,3239
1.17,3238
1.17,3237
1.17,3236
1.18,3235
1.18,3234
1.18,3233
1.18,3232
1.19,3231
1.19,3230
1.19,3229
1.19,3228
1.20,3227
1.20,3226
1.20,3225
1.20,3224
1.20,3223
1.21,3222
1.21,3221
1.21,3220
1.21,3219
1.22,3218
1.22,3217
1.22,3216
1.22,3215
1.23,3214
1.23,3213
1.23,3212
1.23,3211
1.24,3210
1.24,3209
1.24,3208
1.24,3207
1.25,3206
1.25,3205
1.25,3204
1.25,3203
1.25,3202
1.26,3201
1.26,3200
1.26,3199
1.26,3198
1.27,3197
1.27,3196
1.27,3195
1.27,3194
1.28,3193
1.28,3192
1.28,3191
1.28,3190
1.29,3189
1.29,3188
1.29,3187
1.29,3186
1.30,3185
1.30,3184
1.30,3183
1.30,3182
1.30,3181
1.31,3180
1.31,3179
1.31,3178
1.31,3177
1.32,3176
1.32,3175
1.32,3174
1.33,3173
1.33,3172
1.33,3171
1.33,3170
1.33,3169
1.34,3168
1.34,3167
1.34,3166
1.34,3165
1.34,3164
1.35,3163
1.35,3162
1.35,3161
1.35,3160
1.35,3159
1.36,3158
1.36,3157
1.36,3156
1.36,3155
1.36,3154
1.37,3153
1.37,3152
1.37,3151
1.37,3150
1.37,3149
1.38,3148
1.38,3147
1.38,3146
1.38,3145
1.38,3144
1.39,3143
1.39,3142
1.39,3141
1.39,3140
1.39,3139
1.39,3138
1.40,3137
1.40,3136
1.40,3135
1.40,3134
1.40,3133
1.41,3132
1.41,3131
1.41,3130
1.41,3129
1.41,3128
1.42,3127
1.42,3126
1.42,3125
1.42,3124
1.42,3123
1.43,3122
1.43,3121
1.43,3120
1.43,3119
1.43,3118
1.44,3117
1.44,3116
1.44,3115
1.44,3114
1.44,3113
1.44,3112
1.45,3111
1.45,3110
1.45,3109
1.45,3108
1.45,3107
1.46,3106
1.46,3105
1.46,3104
1.46,3103
1.46,3102
1.47,3101
1.47,3100
1.47,3099
1.47,3098
1.47,3097
1.48,3096
1.48,3095
1.48,3094
1.48,3093
1.48,3092
1.49,3091
1.49,3090
1.49,3089
1.49,3088
1.49,3087
1.50,3086
1.50,3085
1.50,3084
1.50,3083
1.50,3082
1.50,3081
1.51,3080
1.51,3079
1.51,3078
1.51,3077
1.51,3076
1.52,3075
1.52,3074
1.52,3073
1.52,3072
1.52,3071
1.53,3070
1.53,3069
1.53,3068
1.53,3067
1.53,3066
1.54,3065
1.54,3064
1.54,3063
1.54,3062
1.54,3061
1.55,3060
1.55,3059
1.55,3058
1.55,3057
1.55,3056
1.56,3055
1.56,3054
1.56,3053
1.56,3052
1.57,3051
1.57,3050
1.57,3049
1.57,3048
1.57,3047
1.58,3046
1.58,3045
1.58,3044
1.58,3043
1.58,3042
1.59,3041
1.59,3040
1.59,3039
1.59,3038
1.59,3037
1.60,3036
1.60,3035
1.60,3034
1.60,3033
1.60,3032
1.61,3031
1.61,3030
1.61,3029
1.61,3028
1.61,3027
1.62,3026
1.62,3025
1.62,3024
1.62,3023
1.62,3022
1.63,3021
1.63,3020
1.63,3019
1.63,3018
1.63,3017
1.64,3016
1.64,3015
1.64,3014
1.64,3013
1.64,3012
1.64,3011
1.65,3010
1.65,3009
1.65,3008
1.65,3007
1.65,3006
1.66,3005
1.66,3004
1.66,3003
1.66,3002
1.66,3001
1.67,3000
1.67,2999
1.67,2998
1.67,2997
1.68,2996
1.68,2995
1.68,2994
1.68,2993
1.68,2992
1.69,2991
1.69,2990
1.69,2989
1.69,2988
1.69,2987
1.69,2986
1.70,2985
1.70,2984
1.70,2983
1.70,2982
1.70,2981
1.71,2980
1.71,2979
1.71,2978
1.71,2977
1.71,2976
1.71,2975
1.72,2974
1.72,2973
1.72,2972
1.72,2971
1.72,2970
1.73,2969
1.73,2968
1.73,2967
1.73,2966
1.73,2965
1.74,2964
1.74,2963
1.74,2962
1.74,2961
1.74,2960
1.74,2959
1.75,2958
1.75,2957
1.75,2956
1.75,2955
1.75,2954
1.76,2953
1.76,2952
1.76,2951
1.76,2950
1.76,2949
1.76,2948
1.77,2947
1.77,2946
1.77,2945
1.77,2944
1.77,2943
1.78,2942
1.78,2941
1.78,2940
1.78,2939
1.78,2938
1.79,2937
1.79,2936
1.79,2935
1.79,2934
1.79,2933
1.79,2932
1.80,2931
1.80,2930
1.80,2929
1.80,2928
1.80,2927
1.81,2926
1.81,2925
1.81,2924
1.81,2923
1.81,2922
1.81,2921
1.82,2920
1.82,2919
1.82,2918
1.82,2917
1.82,2916
1.83,2915
1.83,2914
1.83,2913
1.83,2912
1.83,2911
1.84,2910
1.84,2909
1.84,2908
1.84,2907
1.84,2906
1.84,2905
1.85,2904
1.85,2903
1.85,2902
1.85,2901
1.85,2900
1.86,2899
1.86,2898
1.86,2897
1.86,2896
1.86,2895
1.86,2894
1.87,2893
1.87,2892
1.87,2891
1.87,2890
1.87,2889
1.88,2888
1.88,2887
1.88,2886
1.88,2885
1.88,2884
1.89,2883
1.89,2882
1.89,2881
1.89,2880
1.89,2879
1.89,2878
1.90,2877
1.90,2876
1.90,2875
1.90,2874
1.90,2873
1.91,2872
1.91,2871
1.91,2870
1.91,2869
1.91,2868
1.91,2867
1.92,2866
1.92,2865
1.92,2864
1.92,2863
1.92,2862
1.93,2861
1.93,2860
1.93,2859
1.93,2858
1.93,2857
1.94,2856
1.94,2855
1.94,2854
1.94,2853
1.94,2852
1.94,2851
1.95,2850
1.95,2849
1.95,2848
1.95,2847
1.95,2846
1.96,2845
1.96,2844
1.96,2843
1.96,2842
1.96,2841
1.96,2840
1.97,2839
1.97,2838
1.97,2837
1.97,2836
1.97,2835
1.98,2834
1.98,2833
1.98,2832
1.98,2831
1.98,2830
1.98,2829
1.99,2828
1.99,2827
1.99,2826
1.99,2825
1.99,2824
2.00,2823
2.00,2822
2.00,2821
2.00,2820
2.00,2819
2.00,2818
2.01,2817
2.01,2816
2.01,2815
2.01,2814
2.01,2813
2.02,2812
2.02,2811
2.02,2810
2.02,2809
2.02,2808
2.03,2807
2.03,2806
2.03,2805
2.03,2804
2.03,2803
2.04,2802
2.04,2801
2.04,2800
2.04,2799
2.05,2798
2.05,2797
2.05,2796
2.05,2795
2.05,2794
2.06,2793
2.06,2792
2.06,2791
2.06,2790
2.06,2789
2.07,2788
2.07,2787
2.07,2786
2.07,2785
2.08,2784
2.08,2783
2.08,2782
2.08,2781
2.08,2780
2.09,2779
2.09,2778
2.09,2777
2.09,2776
2.10,2775
2.10,2774
2.10,2773
2.10,2772
2.10,2771
2.11,2770
2.11,2769
2.11,2768
2.11,2767
2.12,2766
2.12,2765
2.12,2764
2.12,2763
2.12,2762
2.13,2761
2.13,2760
2.13,2759
2.13,2758
2.14,2757
2.14,2756
2.14,2755
2.14,2754
2.14,2753
2.15,2752
2.15,2751
2.15,2750
2.15,2749
2.16,2748
2.16,2747
2.16,2746
2.16,2745
2.16,2744
2.17,2743
2.17,2742
2.17,2741
2.17,2740
2.18,2739
2.18,2738
2.18,2737
2.18,2736
2.19,2735
2.19,2734
2.19,2733
2.19,2732
2.19,2731
2.20,2730
2.20,2729
2.20,2728
2.20,2727
2.21,2726
2.21,2725
2.21,2724
2.21,2723
2.21,2722
2.22,2721
2.22,2720
2.22,2719
2.22,2718
2.23,2717
2.23,2716
2.23,2715
2.23,2714
2.23,2713
2.24,2712
2.24,2711
2.24,2710
2.24,2709
2.25,2708
2.25,2707
2.25,2706
2.25,2705
2.25,2704
2.26,2703
2.26,2702
2.26,2701
2.26,2700
2.27,2699
2.27,2698
2.27,2697
2.27,2696
2.27,2695
2.28,2694
2.28,2693
2.28,2692
2.28,2691
2.29,2690
2.29,2689
2.29,2688
2.29,2687
2.29,2686
2.30,2685
2.30,2684
2.30,2683
2.30,2682
2.31,2681
2.31,2680
2.31,2679
2.31,2678
2.31,2677
2.32,2676
2.32,2675
2.32,2674
2.32,2673
2.33,2672
2.33,2671
2.33,2670
2.33,2669
2.33,2668
2.34,2667
2.34,2666
2.34,2665
2.34,2664
2.34,2663
2.35,2662
2.35,2661
2.35,2660
2.35,2659
2.36,2658
2.36,2657
2.36,2656
2.36,2655
2.36,2654
2.37,2653
2.37,2652
2.37,2651
2.37,2650
2.38,2649
2.38,2648
2.38,2647
2.38,2646
2.38,2645
2.39,2644
2.39,2643
2.39,2642
2.39,2641
2.40,2640
2.40,2639
2.40,2638
2.40,2637
2.40,2636
2.41,2635
2.41,2634
2.41,2633
2.41,2632
2.42,2631
2.42,2630
2.42,2629
2.42,2628
2.42,2627
2.43,2626
2.43,2625
2.43,2624
2.44,2623
2.44,2622
2.44,2621
2.44,2620
2.44,2619
2.45,2618
2.45,2617
2.45,2616
2.45,2615
2.45,2614
2.45,2613
2.46,2612
2.46,2611
2.46,2610
2.46,2609
2.46,2608
2.47,2607
2.47,2606
2.47,2605
2.47,2604
2.47,2603
2.48,2602
2.48,2601
2.48,2600
2.48,2599
2.48,2598
2.48,2597
2.49,2596
2.49,2595
2.49,2594
2.49,2593
2.49,2592
2.50,2591
2.50,2590
2.50,2589
2.50,2588
2.50,2587
2.50,2586
2.51,2585
2.51,2584
2.51,2583
2.51,2582
2.51,2581
2.52,2580
2.52,2579
2.52,2578
2.52,2577
2.52,2576
2.52,2575
2.53,2574
2.53,2573
2.53,2572
2.53,2571
2.53,2570
2.54,2569
2.54,2568
2.54,2567
2.54,2566
2.54,2565
2.54,2564
2.55,2563
2.55,2562
2.55,2561
2.55,2560
2.55,2559
2.56,2558
2.56,2557
2.56,2556
2.56,2555
2.56,2554
2.56,2553
2.57,2552
2.57,2551
2.57,2550
2.57,2549
2.57,2548
2.57,2547
2.58,2546
2.58,2545
2.58,2544
2.58,2543
2.58,2542
2.59,2541
2.59,2540
2.59,2539
2.59,2538
2.59,2537
2.60,2536
2.60,2535
2.60,2534
2.60,2533
2.60,2532
2.60,2531
2.61,2530
2.61,2529
2.61,2528
2.61,2527
2.61,2526
2.62,2525
2.62,2524
2.62,2523
2.62,2522
2.62,2521
2.62,2520
2.63,2519
2.63,2518
2.63,2517
2.63,2516
2.63,2515
2.64,2514
2.64,2513
2.64,2512
2.64,2511
2.64,2510
2.65,2509
2.65,2508
2.65,2507
2.65,2506
2.65,2505
2.65,2504
2.66,2503
2.66,2502
2.66,2501
2.66,2500
2.66,2499
2.67,2498
2.67,2497
2.67,2496
2.67,2495
2.67,2494
2.67,2493
2.68,2492
2.68,2491
2.68,2490
2.68,2489
2.68,2488
2.69,2487
2.69,2486
2.69,2485
2.69,2484
2.69,2483
2.69,2482
2.70,2481
2.70,2480
2.70,2479
2.70,2478
2.70,2477
2.71,2476
2.71,2475
2.71,2474
2.71,2473
2.71,2472
2.71,2471
2.72,2470
2.72,2469
2.72,2468
2.72,2467
2.72,2466
2.73,2465
2.73,2464
2.73,2463
2.73,2462
2.73,2461
2.73,2460
2.74,2459
2.74,2458
2.74,2457
2.74,2456
2.74,2455
2.75,2454
2.75,2453
2.75,2452
2.75,2451
2.75,2450
2.76,2449
2.76,2448
2.76,2447
2.76,2446
2.76,2445
2.76,2444
2.77,2443
2.77,2442
2.77,2441
2.77,2440
2.77,2439
2.77,2438
2.78,2437
2.78,2436
2.78,2435
2.78,2434
2.78,2433
2.79,2432
2.79,2431
2.79,2430
2.79,2429
2.79,2428
2.79,2427
2.80,2426
2.80,2425
2.80,2424
2.80,2423
2.80,2422
2.81,2421
2.81,2420
2.81,2419
2.81,2418
2.81,2417
2.81,2416
2.82,2415
2.82,2414
2.82,2413
2.82,2412
2.82,2411
2.83,2410
2.83,2409
2.83,2408
2.83,2407
2.83,2406
2.83,2405
2.84,2404
2.84,2403
2.84,2402
2.84,2401
2.84,2400
2.85,2399
2.85,2398
2.85,2397
2.85,2396
2.85,2395
2.85,2394
2.86,2393
2.86,2392
2.86,2391
2.86,2390
2.86,2389
2.87,2388
2.87,2387
2.87,2386
2.87,2385
2.87,2384
2.87,2383
2.88,2382
2.88,2381
2.88,2380
2.88,2379
2.88,2378
2.89,2377
2.89,2376
2.89,2375
2.89,2374
2.89,2373
2.90,2372
