0.10,3648
0.17,3647
0.18,3646
0.18,3645
0.19,3644
0.20,3643
0.21,3642
0.22,3641
0.22,3640
0.23,3639
0.23,3638
0.24,3637
0.24,3636
0.25,3635
0.26,3634
0.26,3633
0.27,3632
0.27,3631
0.28,3630
0.28,3629
0.29,3628
0.30,3627
0.30,3626
0.31,3625
0.31,3624
0.32,3623
0.32,3622
0.33,3621
0.34,3620
0.34,3619
0.35,3618
0.35,3617
0.36,3616
0.36,3615
0.37,3614
0.37,3613
0.38,3612
0.38,3611
0.38,3610
0.39,3609
0.39,3608
0.39,3607
0.40,3606
0.40,3605
0.41,3604
0.41,3603
0.42,3602
0.42,3601
0.42,3600
0.42,3599
0.43,3598
0.43,3597
0.43,3596
0.43,3595
0.43,3594
0.44,3593
0.44,3592
0.44,3591
0.44,3590
0.45,3589
0.45,3588
0.45,3587
0.45,3586
0.45,3585
0.46,3584
0.46,3583
0.46,3582
0.46,3581
0.47,3580
0.47,3579
0.47,3578
0.47,3577
0.47,3576
0.48,3575
0.48,3574
0.48,3573
0.48,3572
0.48,3571
0.49,3570
0.49,3569
0.49,3568
0.49,3567
0.50,3566
0.50,3565
0.50,3564
0.50,3563
0.51,3562
0.51,3561
0.51,3560
0.51,3559
0.51,3558
0.52,3557
0.52,3556
0.52,3555
0.52,3554
0.53,3553
0.53,3552
0.53,3551
0.53,3550
0.53,3549
0.54,3548
0.54,3547
0.54,3546
0.54,3545
0.55,3544
0.55,3543
0.55,3542
0.55,3541
0.55,3540
0.56,3539
0.56,3538
0.56,3537
0.56,3536
0.57,3535
0.57,3534
0.57,3533
0.57,3532
0.57,3531
0.58,3530
0.58,3529
0.58,3528
0.58,3527
0.59,3526
0.59,3525
0.59,3524
0.60,3523
0.60,3522
0.60,3521
0.60,3520
0.61,3519
0.61,3518
0.61,3517
0.62,3516
0.62,3515
0.62,3514
0.62,3513
0.63,3512
0.63,3511
0.63,3510
0.63,3509
0.64,3508
0.64,3507
0.64,3506
0.64,3505
0.65,3504
0.65,3503
0.65,3502
0.66,3501
0.66,3500
0.66,3499
0.66,3498
0.66,3497
0.67,3496
0.67,3495
0.67,3494
0.67,3493
0.68,3492
0.68,3491
0.68,3490
0.68,3489
0.69,3488
0.69,3487
0.69,3486
0.69,3485
0.69,3484
0.70,3483
0.70,3482
0.70,3481
0.70,3480
0.71,3479
0.71,3478
0.71,3477
0.71,3476
0.71,3475
0.72,3474
0.72,3473
0.72,3472
0.72,3471
0.73,3470
0.73,3469
0.73,3468
0.73,3467
0.73,3466
0.74,3465
0.74,3464
0.74,3463
0.74,3462
0.75,3461
0.75,3460
0.75,3459
0.75,3458
0.75,3457
0.76,3456
0.76,3455
0.76,3454
0.76,3453
0.77,3452
0.77,3451
0.77,3450
0.77,3449
0.78,3448
0.78,3447
0.78,3446
0.78,3445
0.78,3444
0.79,3443
0.79,3442
0.79,3441
0.79,3440
0.80,3439
0.80,3438
0.80,3437
0.80,3436
0.81,3435
0.81,3434
0.81,3433
0.81,3432
0.82,3431
0.82,3430
0.82,3429
0.82,3428
0.82,3427
0.83,3426
0.83,3425
0.83,3424
0.83,3423
0.83,3422
0.84,3421
0.84,3420
0.84,3419
0.84,3418
0.85,3417
0.85,3416
0.85,3415
0.85,3414
0.85,3413
0.86,3412
0.86,3411
0.86,3410
0.86,3409
0.87,3408
0.87,3407
0.87,3406
0.87,3405
0.87,3404
0.88,3403
0.88,3402
0.88,3401
0.88,3400
0.89,3399
0.89,3398
0.89,3397
0.89,3396
0.89,3395
0.90,3394
0.90,3393
0.90,3392
0.90,3391
0.91,3390
0.91,3389
0.91,3388
0.91,3387
0.91,3386
0.92,3385
0.92,3384
0.92,3383
0.92,3382
0.92,3381
0.93,3380
0.93,3379
0.93,3378
0.93,3377
0.94,3376
0.94,3375
0.94,3374
0.94,3373
0.95,3372
0.95,3371
0.95,3370
0.95,3369
0.95,3368
0.96,3367
0.96,3366
0.96,3365
0.96,3364
0.97,3363
0.97,3362
0.97,3361
0.97,3360
0.97,3359
0.98,3358
0.98,3357
0.98,3356
0.98,3355
0.98,3354
0.99,3353
0.99,3352
0.99,3351
1.00,3350
1.00,3349
1.00,3348
1.00,3347
1.01,3346
1.01,3345
1.01,3344
1.01,3343
1.01,3342
1.02,3341
1.02,3340
1.02,3339
1.03,3338
1.03,3337
1.03,3336
1.03,3335
1.04,3334
1.04,3333
1.04,3332
1.04,3331
1.05,3330
1.05,3329
1.05,3328
1.05,3327
1.06,3326
1.06,3325
1.06,3324
1.06,3323
1.07,3322
1.07,3321
1.07,3320
1.07,3319
1.08,3318
1.08,3317
1.08,3316
1.08,3315
1.08,3314
1.09,3313
1.09,3312
1.09,3311
1.09,3310
1.10,3309
1.10,3308
1.10,3307
1.10,3306
1.11,3305
1.11,3304
1.11,3303
1.11,3302
1.11,3301
1.12,3300
1.12,3299
1.12,3298
1.12,3297
1.13,3296
1.13,3295
1.13,3294
1.13,3293
1.13,3292
1.14,3291
1.14,3290
1.14,3289
1.15,3288
1.15,3287
1.15,3286
1.15,3285
1.15,3284
1.16,3283
1.16,3282
1.16,3281
1.16,3280
1.17,3279
1.17,3278
1.17,3277
1.17,3276
1.17,3275
1.18,3274
1.18,3273
1.18,3272
1.18,3271
1.19,3270
1.19,3269
1.19,3268
1.19,3267
1.20,3266
1.20,3265
1.20,3264
1.20,3263
1.21,3262
1.21,3261
1.21,3260
1.22,3259
1.22,3258
1.22,3257
1.22,3256
1.23,3255
1.23,3254
1.23,3253
1.24,3252
1.24,3251
1.24,3250
1.24,3249
1.25,3248
1.25,3247
1.25,3246
1.25,3245
1.26,3244
1.26,3243
1.26,3242
1.27,3241
1.27,3240
1.27,3239
1.27,3238
1.28,3237
1.28,3236
1.28,3235
1.28,3234
1.29,3233
1.29,3232
1.29,3231
1.30,3230
1.30,3229
1.30,3228
1.30,3227
1.31,3226
1.31,3225
1.31,3224
1.31,3223
1.32,3222
1.32,3221
1.32,3220
1.33,3219
1.33,3218
1.33,3217
1.33,3216
1.34,3215
1.34,3214
1.34,3213
1.34,3212
1.35,3211
1.35,3210
1.35,3209
1.36,3208
1.36,3207
1.36,3206
1.36,3205
1.37,3204
1.37,3203
1.37,3202
1.37,3201
1.38,3200
1.38,3199
1.38,3198
1.39,3197
1.39,3196
1.39,3195
1.39,3194
1.40,3193
1.40,3192
1.40,3191
1.41,3190
1.41,3189
1.41,3188
1.41,3187
1.42,3186
1.42,3185
1.42,3184
1.42,3183
1.43,3182
1.43,3181
1.43,3180
1.44,3179
1.44,3178
1.44,3177
1.44,3176
1.44,3175
1.45,3174
1.45,3173
1.45,3172
1.45,3171
1.46,3170
1.46,3169
1.46,3168
1.46,3167
1.46,3166
1.47,3165
1.47,3164
1.47,3163
1.47,3162
1.47,3161
1.48,3160
1.48,3159
1.48,3158
1.48,3157
1.49,3156
1.49,3155
1.49,3154
1.49,3153
1.49,3152
1.50,3151
1.50,3150
1.50,3149
1.50,3148
1.50,3147
1.51,3146
1.51,3145
1.51,3144
1.51,3143
1.51,3142
1.52,3141
1.52,3140
1.52,3139
1.52,3138
1.53,3137
1.53,3136
1.53,3135
1.53,3134
1.53,3133
1.54,3132
1.54,3131
1.54,3130
1.54,3129
1.54,3128
1.55,3127
1.55,3126
1.55,3125
1.55,3124
1.55,3123
1.56,3122
1.56,3121
1.56,3120
1.56,3119
1.56,3118
1.57,3117
1.57,3116
1.57,3115
1.57,3114
1.57,3113
1.58,3112
1.58,3111
1.58,3110
1.58,3109
1.58,3108
1.59,3107
1.59,3106
1.59,3105
1.59,3104
1.60,3103
1.60,3102
1.60,3101
1.60,3100
1.60,3099
1.61,3098
1.61,3097
1.61,3096
1.61,3095
1.61,3094
1.62,3093
1.62,3092
1.62,3091
1.62,3090
1.62,3089
1.63,3088
1.63,3087
1.63,3086
1.63,3085
1.64,3084
1.64,3083
1.64,3082
1.64,3081
1.64,3080
1.65,3079
1.65,3078
1.65,3077
1.65,3076
1.65,3075
1.66,3074
1.66,3073
1.66,3072
1.66,3071
1.67,3070
1.67,3069
1.67,3068
1.67,3067
1.67,3066
1.68,3065
1.68,3064
1.68,3063
1.68,3062
1.69,3061
1.69,3060
1.69,3059
1.69,3058
1.69,3057
1.70,3056
1.70,3055
1.70,3054
1.70,3053
1.71,3052
1.71,3051
1.71,3050
1.71,3049
1.71,3048
1.72,3047
1.72,3046
1.72,3045
1.72,3044
1.72,3043
1.73,3042
1.73,3041
1.73,3040
1.73,3039
1.73,3038
1.74,3037
1.74,3036
1.74,3035
1.74,3034
1.74,3033
1.75,3032
1.75,3031
1.75,3030
1.75,3029
1.75,3028
1.76,3027
1.76,3026
1.76,3025
1.76,3024
1.76,3023
1.77,3022
1.77,3021
1.77,3020
1.77,3019
1.78,3018
1.78,3017
1.78,3016
1.78,3015
1.78,3014
1.79,3013
1.79,3012
1.79,3011
1.79,3010
1.79,3009
1.79,3008
1.80,3007
1.80,3006
1.80,3005
1.81,3004
1.81,3003
1.81,3002
1.81,3001
1.81,3000
1.82,2999
1.82,2998
1.82,2997
1.82,2996
1.82,2995
1.83,2994
1.83,2993
1.83,2992
1.83,2991
1.83,2990
1.84,2989
1.84,2988
1.84,2987
1.84,2986
1.85,2985
1.85,2984
1.85,2983
1.85,2982
1.85,2981
1.86,2980
1.86,2979
1.86,2978
1.86,2977
1.86,2976
1.87,2975
1.87,2974
1.87,2973
1.87,2972
1.87,2971
1.88,2970
1.88,2969
1.88,2968
1.88,2967
1.88,2966
1.89,2965
1.89,2964
1.89,2963
1.89,2962
1.90,2961
1.90,2960
1.90,2959
1.90,2958
1.90,2957
1.91,2956
1.91,2955
1.91,2954
1.91,2953
1.91,2952
1.92,2951
1.92,2950
1.92,2949
1.92,2948
1.92,2947
1.93,2946
1.93,2945
1.93,2944
1.93,2943
1.93,2942
1.93,2941
1.94,2940
1.94,2939
1.94,2938
1.94,2937
1.94,2936
1.95,2935
1.95,2934
1.95,2933
1.95,2932
1.95,2931
1.96,2930
1.96,2929
1.96,2928
1.96,2927
1.96,2926
1.97,2925
1.97,2924
1.97,2923
1.97,2922
1.97,2921
1.98,2920
1.98,2919
1.98,2918
1.98,2917
1.98,2916
1.99,2915
1.99,2914
1.99,2913
1.99,2912
1.99,2911
2.00,2910
2.00,2909
2.00,2908
2.00,2907
2.00,2906
2.01,2905
2.01,2904
2.01,2903
2.01,2902
2.01,2901
2.02,2900
2.02,2899
2.02,2898
2.02,2897
2.02,2896
2.03,2895
2.03,2894
2.03,2893
2.03,2892
2.04,2891
2.04,2890
2.04,2889
2.04,2888
2.04,2887
2.05,2886
2.05,2885
2.05,2884
2.05,2883
2.05,2882
2.05,2881
2.06,2880
2.06,2879
2.06,2878
2.06,2877
2.06,2876
2.07,2875
2.07,2874
2.07,2873
2.07,2872
2.08,2871
2.08,2870
2.08,2869
2.08,2868
2.08,2867
2.09,2866
2.09,2865
2.09,2864
2.09,2863
2.09,2862
2.10,2861
2.10,2860
2.10,2859
2.10,2858
2.10,2857
2.11,2856
2.11,2855
2.11,2854
2.11,2853
2.11,2852
2.12,2851
2.12,2850
2.12,2849
2.12,2848
2.12,2847
2.13,2846
2.13,2845
2.13,2844
2.13,2843
2.13,2842
2.14,2841
2.14,2840
2.14,2839
2.14,2838
2.14,2837
2.15,2836
2.15,2835
2.15,2834
2.15,2833
2.15,2832
2.16,2831
2.16,2830
2.16,2829
2.17,2828
2.17,2827
2.17,2826
2.17,2825
2.17,2824
2.18,2823
2.18,2822
2.18,2821
2.18,2820
2.18,2819
2.19,2818
2.19,2817
2.19,2816
2.19,2815
2.19,2814
2.20,2813
2.20,2812
2.20,2811
2.20,2810
2.21,2809
2.21,2808
2.21,2807
2.21,2806
2.21,2805
2.22,2804
2.22,2803
2.22,2802
2.22,2801
2.22,2800
2.23,2799
2.23,2798
2.23,2797
2.23,2796
2.23,2795
2.24,2794
2.24,2793
2.24,2792
2.24,2791
2.24,2790
2.25,2789
2.25,2788
2.25,2787
2.25,2786
2.25,2785
2.26,2784
2.26,2783
2.26,2782
2.26,2781
2.26,2780
2.27,2779
2.27,2778
2.27,2777
2.27,2776
2.28,2775
2.28,2774
2.28,2773
2.28,2772
2.28,2771
2.29,2770
2.29,2769
2.29,2768
2.29,2767
2.29,2766
2.30,2765
2.30,2764
2.30,2763
2.30,2762
2.30,2761
2.31,2760
2.31,2759
2.31,2758
2.31,2757
2.31,2756
2.32,2755
2.32,2754
2.32,2753
2.32,2752
2.33,2751
2.33,2750
2.33,2749
2.33,2748
2.33,2747
2.34,2746
2.34,2745
2.34,2744
2.34,2743
2.34,2742
2.35,2741
2.35,2740
2.35,2739
2.35,2738
2.35,2737
2.36,2736
2.36,2735
2.36,2734
2.36,2733
2.37,2732
2.37,2731
2.37,2730
2.37,2729
2.37,2728
2.38,2727
2.38,2726
2.38,2725
2.38,2724
2.38,2723
2.39,2722
2.39,2721
2.39,2720
2.39,2719
2.39,2718
2.40,2717
2.40,2716
2.40,2715
2.40,2714
2.40,2713
2.41,2712
2.41,2711
2.41,2710
2.41,2709
2.41,2708
2.42,2707
2.42,2706
2.42,2705
2.42,2704
2.42,2703
2.43,2702
2.43,2701
2.43,2700
2.43,2699
2.43,2698
2.44,2697
2.44,2696
2.44,2695
2.44,2694
2.44,2693
2.45,2692
2.45,2691
2.45,2690
2.45,2689
2.46,2688
2.46,2687
2.46,2686
2.46,2685
2.46,2684
2.47,2683
2.47,2682
2.47,2681
2.47,2680
2.47,2679
2.48,2678
2.48,2677
2.48,2676
2.48,2675
2.48,2674
2.49,2673
2.49,2672
2.49,2671
2.49,2670
2.49,2669
2.50,2668
2.50,2667
2.50,2666
2.50,2665
2.50,2664
2.51,2663
2.51,2662
2.51,2661
2.51,2660
2.51,2659
2.52,2658
2.52,2657
2.52,2656
2.52,2655
2.52,2654
2.53,2653
2.53,2652
2.53,2651
2.53,2650
2.54,2649
2.54,2648
2.54,2647
2.54,2646
2.54,2645
2.54,2644
2.55,2643
2.55,2642
2.55,2641
2.55,2640
2.55,2639
2.56,2638
2.56,2637
2.56,2636
2.56,2635
2.57,2634
2.57,2633
2.57,2632
2.57,2631
2.57,2630
2.58,2629
2.58,2628
2.58,2627
2.58,2626
2.58,2625
2.59,2624
2.59,2623
2.59,2622
2.59,2621
2.59,2620
2.60,2619
2.60,2618
2.60,2617
2.60,2616
2.60,2615
2.61,2614
2.61,2613
2.61,2612
2.61,2611
2.61,2610
2.62,2609
2.62,2608
2.62,2607
2.62,2606
2.62,2605
2.63,2604
2.63,2603
2.63,2602
2.63,2601
2.63,2600
2.64,2599
2.64,2598
2.64,2597
2.64,2596
2.65,2595
2.65,2594
2.65,2593
2.65,2592
2.65,2591
2.65,2590
2.66,2589
2.66,2588
2.66,2587
2.66,2586
2.66,2585
2.67,2584
2.67,2583
2.67,2582
2.67,2581
2.68,2580
2.68,2579
2.68,2578
2.68,2577
2.68,2576
2.69,2575
2.69,2574
2.69,2573
2.69,2572
2.69,2571
2.70,2570
2.70,2569
2.70,2568
2.70,2567
2.70,2566
2.71,2565
2.71,2564
2.71,2563
2.71,2562
2.71,2561
2.72,2560
2.72,2559
2.72,2558
2.72,2557
2.72,2556
2.73,2555
2.73,2554
2.73,2553
2.73,2552
2.74,2551
2.74,2550
2.74,2549
2.74,2548
2.74,2547
2.75,2546
2.75,2545
2.75,2544
2.75,2543
2.75,2542
2.76,2541
2.76,2540
2.76,2539
2.76,2538
2.76,2537
2.76,2536
2.77,2535
2.77,2534
2.77,2533
2.77,2532
2.77,2531
2.78,2530
2.78,2529
2.78,2528
2.78,2527
2.78,2526
2.79,2525
2.79,2524
2.79,2523
2.79,2522
2.79,2521
2.80,2520
2.80,2519
2.80,2518
2.80,2517
2.80,2516
2.81,2515
2.81,2514
2.81,2513
2.81,2512
2.81,2511
2.82,2510
2.82,2509
2.82,2508
2.82,2507
2.82,2506
2.83,2505
2.83,2504
2.83,2503
2.83,2502
2.83,2501
2.84,2500
2.84,2499
2.84,2498
2.84,2497
2.84,2496
2.85,2495
2.85,2494
2.85,2493
2.85,2492
2.86,2491
2.86,2490
2.86,2489
2.86,2488
2.86,2487
2.87,2486
2.87,2485
2.87,2484
2.87,2483
2.87,2482
2.88,2481
2.88,2480
2.88,2479
2.88,2478
2.88,2477
2.89,2476
2.89,2475
2.89,2474
2.89,2473
2.89,2472
2.90,2471
2.90,2470
2.90,2469
2.90,2468
2.90,2467
2.91,2466
2.91,2465
2.91,2464
2.91,2463
2.91,2462
2.92,2461
2.92,2460
2.92,2459
2.92,2458
2.92,2457
2.93,2456
2.93,2455
2.93,2454
2.93,2453
2.93,2452
2.94,2451
2.94,2450
2.94,2449
2.94,2448
2.94,2447
2.95,2446
2.95,2445
2.95,2444
2.95,2443
2.95,2442
2.96,2441
2.96,2440
2.96,2439
2.96,2438
2.96,2437
2.97,2436
2.97,2435
2.97,2434
2.97,2433
2.97,2432
2.98,2431
2.98,2430
2.98,2429
2.98,2428
2.98,2427
2.99,2426
2.99,2425
2.99,2424
2.99,2423
2.99,2422
3.00,2421
3.00,2420
3.00,2419
3.00,2418
3.00,2417
3.01,2416
3.01,2415
3.01,2414
3.01,2413
3.01,2412
3.02,2411
3.02,2410
3.02,2409
3.02,2408
3.02,2407
3.03,2406
3.03,2405
3.03,2404
3.03,2403
3.04,2402
3.04,2401
3.04,2400
3.04,2399
3.04,2398
3.05,2397
3.05,2396
3.05,2395
3.05,2394
3.05,2393
3.06,2392
3.06,2391
3.06,2390
3.06,2389
3.06,2388
3.07,2387
3.07,2386
3.07,2385
3.07,2384
3.07,2383
3.08,2382
3.08,2381
3.08,2380
3.08,2379
3.08,2378
3.09,2377
3.09,2376
3.09,2375
3.09,2374
