0.10,3658
0.17,3657
0.18,3656
0.19,3655
0.20,3654
0.20,3653
0.21,3652
0.22,3651
0.23,3650
0.23,3649
0.24,3648
0.24,3647
0.25,3646
0.25,3645
0.26,3644
0.27,3643
0.27,3642
0.28,3641
0.28,3640
0.29,3639
0.29,3638
0.30,3637
0.30,3636
0.31,3635
0.31,3634
0.32,3633
0.32,3632
0.33,3631
0.34,3630
0.34,3629
0.35,3628
0.35,3627
0.36,3626
0.36,3625
0.37,3624
0.37,3623
0.38,3622
0.38,3621
0.39,3620
0.39,3619
0.40,3618
0.40,3617
0.40,3616
0.41,3615
0.41,3614
0.41,3613
0.42,3612
0.42,3611
0.42,3610
0.43,3609
0.43,3608
0.43,3607
0.44,3606
0.44,3605
0.44,3604
0.45,3603
0.45,3602
0.45,3601
0.45,3600
0.46,3599
0.46,3598
0.46,3597
0.46,3596
0.47,3595
0.47,3594
0.47,3593
0.47,3592
0.48,3591
0.48,3590
0.48,3589
0.48,3588
0.49,3587
0.49,3586
0.49,3585
0.49,3584
0.49,3583
0.50,3582
0.50,3581
0.50,3580
0.50,3579
0.50,3578
0.51,3577
0.51,3576
0.51,3575
0.51,3574
0.52,3573
0.52,3572
0.52,3571
0.52,3570
0.52,3569
0.53,3568
0.53,3567
0.53,3566
0.53,3565
0.53,3564
0.54,3563
0.54,3562
0.54,3561
0.54,3560
0.54,3559
0.55,3558
0.55,3557
0.55,3556
0.55,3555
0.55,3554
0.56,3553
0.56,3552
0.56,3551
0.56,3550
0.57,3549
0.57,3548
0.57,3547
0.57,3546
0.57,3545
0.58,3544
0.58,3543
0.58,3542
0.58,3541
0.59,3540
0.59,3539
0.59,3538
0.59,3537
0.60,3536
0.60,3535
0.60,3534
0.60,3533
0.61,3532
0.61,3531
0.61,3530
0.62,3529
0.62,3528
0.62,3527
0.62,3526
0.62,3525
0.63,3524
0.63,3523
0.63,3522
0.63,3521
0.64,3520
0.64,3519
0.64,3518
0.64,3517
0.64,3516
0.65,3515
0.65,3514
0.65,3513
0.65,3512
0.65,3511
0.66,3510
0.66,3509
0.66,3508
0.66,3507
0.66,3506
0.67,3505
0.67,3504
0.67,3503
0.67,3502
0.67,3501
0.68,3500
0.68,3499
0.68,3498
0.68,3497
0.68,3496
0.69,3495
0.69,3494
0.69,3493
0.69,3492
0.70,3491
0.70,3490
0.70,3489
0.70,3488
0.70,3487
0.70,3486
0.71,3485
0.71,3484
0.71,3483
0.71,3482
0.72,3481
0.72,3480
0.72,3479
0.72,3478
0.72,3477
0.73,3476
0.73,3475
0.73,3474
0.73,3473
0.73,3472
0.74,3471
0.74,3470
0.74,3469
0.74,3468
0.74,3467
0.75,3466
0.75,3465
0.75,3464
0.75,3463
0.75,3462
0.76,3461
0.76,3460
0.76,3459
0.76,3458
0.76,3457
0.77,3456
0.77,3455
0.77,3454
0.77,3453
0.77,3452
0.78,3451
0.78,3450
0.78,3449
0.78,3448
0.78,3447
0.79,3446
0.79,3445
0.79,3444
0.80,3443
0.80,3442
0.80,3441
0.80,3440
0.80,3439
0.81,3438
0.81,3437
0.81,3436
0.81,3435
0.81,3434
0.82,3433
0.82,3432
0.82,3431
0.82,3430
0.82,3429
0.83,3428
0.83,3427
0.83,3426
0.83,3425
0.83,3424
0.84,3423
0.84,3422
0.84,3421
0.84,3420
0.84,3419
0.85,3418
0.85,3417
0.85,3416
0.85,3415
0.85,3414
0.86,3413
0.86,3412
0.86,3411
0.86,3410
0.87,3409
0.87,3408
0.87,3407
0.87,3406
0.87,3405
0.88,3404
0.88,3403
0.88,3402
0.88,3401
0.89,3400
0.89,3399
0.89,3398
0.89,3397
0.89,3396
0.90,3395
0.90,3394
0.90,3393
0.90,3392
0.91,3391
0.91,3390
0.91,3389
0.91,3388
0.91,3387
0.92,3386
0.92,3385
0.92,3384
0.92,3383
0.92,3382
0.93,3381
0.93,3380
0.93,3379
0.93,3378
0.93,3377
0.94,3376
0.94,3375
0.94,3374
0.94,3373
0.94,3372
0.95,3371
0.95,3370
0.95,3369
0.95,3368
0.96,3367
0.96,3366
0.96,3365
0.96,3364
0.97,3363
0.97,3362
0.97,3361
0.97,3360
0.97,3359
0.98,3358
0.98,3357
0.98,3356
0.98,3355
0.99,3354
0.99,3353
0.99,3352
0.99,3351
0.99,3350
1.00,3349
1.00,3348
1.00,3347
1.00,3346
1.00,3345
1.01,3344
1.01,3343
1.01,3342
1.01,3341
1.01,3340
1.02,3339
1.02,3338
1.02,3337
1.02,3336
1.02,3335
1.03,3334
1.03,3333
1.03,3332
1.03,3331
1.04,3330
1.04,3329
1.04,3328
1.04,3327
1.04,3326
1.05,3325
1.05,3324
1.05,3323
1.05,3322
1.05,3321
1.06,3320
1.06,3319
1.06,3318
1.06,3317
1.06,3316
1.07,3315
1.07,3314
1.07,3313
1.07,3312
1.07,3311
1.08,3310
1.08,3309
1.08,3308
1.08,3307
1.08,3306
1.09,3305
1.09,3304
1.09,3303
1.09,3302
1.09,3301
1.10,3300
1.10,3299
1.10,3298
1.10,3297
1.10,3296
1.11,3295
1.11,3294
1.11,3293
1.11,3292
1.11,3291
1.12,3290
1.12,3289
1.12,3288
1.12,3287
1.12,3286
1.13,3285
1.13,3284
1.13,3283
1.13,3282
1.14,3281
1.14,3280
1.14,3279
1.14,3278
1.14,3277
1.15,3276
1.15,3275
1.15,3274
1.15,3273
1.16,3272
1.16,3271
1.16,3270
1.16,3269
1.17,3268
1.17,3267
1.17,3266
1.17,3265
1.17,3264
1.18,3263
1.18,3262
1.18,3261
1.18,3260
1.19,3259
1.19,3258
1.19,3257
1.19,3256
1.20,3255
1.20,3254
1.20,3253
1.20,3252
1.21,3251
1.21,3250
1.21,3249
1.21,3248
1.22,3247
1.22,3246
1.22,3245
1.22,3244
1.23,3243
1.23,3242
1.23,3241
1.23,3240
1.24,3239
1.24,3238
1.24,3237
1.24,3236
1.25,3235
1.25,3234
1.25,3233
1.25,3232
1.26,3231
1.26,3230
1.26,3229
1.26,3228
1.27,3227
1.27,3226
1.27,3225
1.27,3224
1.28,3223
1.28,3222
1.28,3221
1.28,3220
1.29,3219
1.29,3218
1.29,3217
1.29,3216
1.29,3215
1.30,3214
1.30,3213
1.30,3212
1.30,3211
1.31,3210
1.31,3209
1.31,3208
1.31,3207
1.32,3206
1.32,3205
1.32,3204
1.32,3203
1.33,3202
1.33,3201
1.33,3200
1.33,3199
1.34,3198
1.34,3197
1.34,3196
1.35,3195
1.35,3194
1.35,3193
1.35,3192
1.35,3191
1.36,3190
1.36,3189
1.36,3188
1.36,3187
1.36,3186
1.37,3185
1.37,3184
1.37,3183
1.37,3182
1.37,3181
1.38,3180
1.38,3179
1.38,3178
1.38,3177
1.38,3176
1.39,3175
1.39,3174
1.39,3173
1.39,3172
1.39,3171
1.40,3170
1.40,3169
1.40,3168
1.40,3167
1.40,3166
1.40,3165
1.41,3164
1.41,3163
1.41,3162
1.41,3161
1.41,3160
1.42,3159
1.42,3158
1.42,3157
1.42,3156
1.42,3155
1.43,3154
1.43,3153
1.43,3152
1.43,3151
1.43,3150
1.44,3149
1.44,3148
1.44,3147
1.44,3146
1.44,3145
1.45,3144
1.45,3143
1.45,3142
1.45,3141
1.45,3140
1.46,3139
1.46,3138
1.46,3137
1.46,3136
1.46,3135
1.47,3134
1.47,3133
1.47,3132
1.47,3131
1.47,3130
1.47,3129
1.48,3128
1.48,3127
1.48,3126
1.48,3125
1.48,3124
1.49,3123
1.49,3122
1.49,3121
1.49,3120
1.49,3119
1.50,3118
1.50,3117
1.50,3116
1.50,3115
1.50,3114
1.51,3113
1.51,3112
1.51,3111
1.51,3110
1.51,3109
1.52,3108
1.52,3107
1.52,3106
1.52,3105
1.52,3104
1.53,3103
1.53,3102
1.53,3101
1.53,3100
1.53,3099
1.54,3098
1.54,3097
1.54,3096
1.54,3095
1.54,3094
1.55,3093
1.55,3092
1.55,3091
1.55,3090
1.55,3089
1.55,3088
1.56,3087
1.56,3086
1.56,3085
1.56,3084
1.56,3083
1.57,3082
1.57,3081
1.57,3080
1.57,3079
1.57,3078
1.58,3077
1.58,3076
1.58,3075
1.58,3074
1.58,3073
1.59,3072
1.59,3071
1.59,3070
1.59,3069
1.59,3068
1.60,3067
1.60,3066
1.60,3065
1.60,3064
1.60,3063
1.61,3062
1.61,3061
1.61,3060
1.61,3059
1.61,3058
1.61,3057
1.62,3056
1.62,3055
1.62,3054
1.62,3053
1.62,3052
1.63,3051
1.63,3050
1.63,3049
1.63,3048
1.63,3047
1.64,3046
1.64,3045
1.64,3044
1.64,3043
1.64,3042
1.65,3041
1.65,3040
1.65,3039
1.65,3038
1.65,3037
1.65,3036
1.66,3035
1.66,3034
1.66,3033
1.66,3032
1.66,3031
1.67,3030
1.67,3029
1.67,3028
1.67,3027
1.67,3026
1.68,3025
1.68,3024
1.68,3023
1.68,3022
1.69,3021
1.69,3020
1.69,3019
1.69,3018
1.69,3017
1.70,3016
1.70,3015
1.70,3014
1.70,3013
1.70,3012
1.71,3011
1.71,3010
1.71,3009
1.71,3008
1.71,3007
1.72,3006
1.72,3005
1.72,3004
1.72,3003
1.72,3002
1.72,3001
1.73,3000
1.73,2999
1.73,2998
1.73,2997
1.73,2996
1.74,2995
1.74,2994
1.74,2993
1.74,2992
1.74,2991
1.75,2990
1.75,2989
1.75,2988
1.75,2987
1.75,2986
1.76,2985
1.76,2984
1.76,2983
1.76,2982
1.76,2981
1.77,2980
1.77,2979
1.77,2978
1.77,2977
1.77,2976
1.77,2975
1.78,2974
1.78,2973
1.78,2972
1.78,2971
1.78,2970
1.79,2969
1.79,2968
1.79,2967
1.79,2966
1.79,2965
1.80,2964
1.80,2963
1.80,2962
1.80,2961
1.80,2960
1.81,2959
1.81,2958
1.81,2957
1.81,2956
1.81,2955
1.82,2954
1.82,2953
1.82,2952
1.82,2951
1.82,2950
1.82,2949
1.83,2948
1.83,2947
1.83,2946
1.83,2945
1.83,2944
1.84,2943
1.84,2942
1.84,2941
1.84,2940
1.84,2939
1.85,2938
1.85,2937
1.85,2936
1.85,2935
1.85,2934
1.86,2933
1.86,2932
1.86,2931
1.86,2930
1.86,2929
1.87,2928
1.87,2927
1.87,2926
1.87,2925
1.87,2924
1.88,2923
1.88,2922
1.88,2921
1.88,2920
1.88,2919
1.88,2918
1.89,2917
1.89,2916
1.89,2915
1.89,2914
1.89,2913
1.90,2912
1.90,2911
1.90,2910
1.90,2909
1.90,2908
1.91,2907
1.91,2906
1.91,2905
1.91,2904
1.91,2903
1.92,2902
1.92,2901
1.92,2900
1.92,2899
1.92,2898
1.93,2897
1.93,2896
1.93,2895
1.93,2894
1.93,2893
1.93,2892
1.94,2891
1.94,2890
1.94,2889
1.94,2888
1.94,2887
1.95,2886
1.95,2885
1.95,2884
1.95,2883
1.95,2882
1.96,2881
1.96,2880
1.96,2879
1.96,2878
1.96,2877
1.97,2876
1.97,2875
1.97,2874
1.97,2873
1.97,2872
1.97,2871
1.98,2870
1.98,2869
1.98,2868
1.98,2867
1.98,2866
1.99,2865
1.99,2864
1.99,2863
1.99,2862
1.99,2861
2.00,2860
2.00,2859
2.00,2858
2.00,2857
2.00,2856
2.01,2855
2.01,2854
2.01,2853
2.01,2852
2.01,2851
2.02,2850
2.02,2849
2.02,2848
2.02,2847
2.02,2846
2.02,2845
2.03,2844
2.03,2843
2.03,2842
2.03,2841
2.03,2840
2.04,2839
2.04,2838
2.04,2837
2.04,2836
2.04,2835
2.05,2834
2.05,2833
2.05,2832
2.05,2831
2.06,2830
2.06,2829
2.06,2828
2.06,2827
2.07,2826
2.07,2825
2.07,2824
2.07,2823
2.07,2822
2.08,2821
2.08,2820
2.08,2819
2.08,2818
2.09,2817
2.09,2816
2.09,2815
2.09,2814
2.09,2813
2.10,2812
2.10,2811
2.10,2810
2.10,2809
2.11,2808
2.11,2807
2.11,2806
2.11,2805
2.12,2804
2.12,2803
2.12,2802
2.12,2801
2.12,2800
2.13,2799
2.13,2798
2.13,2797
2.13,2796
2.14,2795
2.14,2794
2.14,2793
2.14,2792
2.14,2791
2.15,2790
2.15,2789
2.15,2788
2.15,2787
2.16,2786
2.16,2785
2.16,2784
2.16,2783
2.17,2782
2.17,2781
2.17,2780
2.17,2779
2.17,2778
2.18,2777
2.18,2776
2.18,2775
2.18,2774
2.19,2773
2.19,2772
2.19,2771
2.19,2770
2.19,2769
2.20,2768
2.20,2767
2.20,2766
2.20,2765
2.21,2764
2.21,2763
2.21,2762
2.21,2761
2.22,2760
2.22,2759
2.22,2758
2.22,2757
2.22,2756
2.23,2755
2.23,2754
2.23,2753
2.23,2752
2.24,2751
2.24,2750
2.24,2749
2.24,2748
2.25,2747
2.25,2746
2.25,2745
2.25,2744
2.25,2743
2.26,2742
2.26,2741
2.26,2740
2.26,2739
2.27,2738
2.27,2737
2.27,2736
2.27,2735
2.28,2734
2.28,2733
2.28,2732
2.28,2731
2.28,2730
2.29,2729
2.29,2728
2.29,2727
2.29,2726
2.30,2725
2.30,2724
2.30,2723
2.30,2722
2.30,2721
2.31,2720
2.31,2719
2.31,2718
2.31,2717
2.32,2716
2.32,2715
2.32,2714
2.32,2713
2.32,2712
2.33,2711
2.33,2710
2.33,2709
2.33,2708
2.34,2707
2.34,2706
2.34,2705
2.34,2704
2.34,2703
2.35,2702
2.35,2701
2.35,2700
2.35,2699
2.36,2698
2.36,2697
2.36,2696
2.36,2695
2.37,2694
2.37,2693
2.37,2692
2.37,2691
2.37,2690
2.38,2689
2.38,2688
2.38,2687
2.38,2686
2.39,2685
2.39,2684
2.39,2683
2.39,2682
2.39,2681
2.40,2680
2.40,2679
2.40,2678
2.40,2677
2.41,2676
2.41,2675
2.41,2674
2.41,2673
2.42,2672
2.42,2671
2.42,2670
2.42,2669
2.42,2668
2.43,2667
2.43,2666
2.43,2665
2.43,2664
2.44,2663
2.44,2662
2.44,2661
2.44,2660
2.44,2659
2.45,2658
2.45,2657
2.45,2656
2.45,2655
2.46,2654
2.46,2653
2.46,2652
2.47,2651
2.47,2650
2.47,2649
2.47,2648
2.47,2647
2.47,2646
2.48,2645
2.48,2644
2.48,2643
2.48,2642
2.48,2641
2.49,2640
2.49,2639
2.49,2638
2.49,2637
2.49,2636
2.49,2635
2.50,2634
2.50,2633
2.50,2632
2.50,2631
2.50,2630
2.50,2629
2.51,2628
2.51,2627
2.51,2626
2.51,2625
2.51,2624
2.52,2623
2.52,2622
2.52,2621
2.52,2620
2.52,2619
2.52,2618
2.53,2617
2.53,2616
2.53,2615
2.53,2614
2.53,2613
2.54,2612
2.54,2611
2.54,2610
2.54,2609
2.54,2608
2.54,2607
2.55,2606
2.55,2605
2.55,2604
2.55,2603
2.55,2602
2.56,2601
2.56,2600
2.56,2599
2.56,2598
2.56,2597
2.56,2596
2.57,2595
2.57,2594
2.57,2593
2.57,2592
2.57,2591
2.58,2590
2.58,2589
2.58,2588
2.58,2587
2.58,2586
2.58,2585
2.59,2584
2.59,2583
2.59,2582
2.59,2581
2.59,2580
2.60,2579
2.60,2578
2.60,2577
2.60,2576
2.60,2575
2.60,2574
2.61,2573
2.61,2572
2.61,2571
2.61,2570
2.61,2569
2.62,2568
2.62,2567
2.62,2566
2.62,2565
2.62,2564
2.62,2563
2.63,2562
2.63,2561
2.63,2560
2.63,2559
2.63,2558
2.64,2557
2.64,2556
2.64,2555
2.64,2554
2.64,2553
2.65,2552
2.65,2551
2.65,2550
2.65,2549
2.65,2548
2.65,2547
2.66,2546
2.66,2545
2.66,2544
2.66,2543
2.66,2542
2.67,2541
2.67,2540
2.67,2539
2.67,2538
2.67,2537
2.67,2536
2.68,2535
2.68,2534
2.68,2533
2.68,2532
2.68,2531
2.69,2530
2.69,2529
2.69,2528
2.69,2527
2.69,2526
2.69,2525
2.70,2524
2.70,2523
2.70,2522
2.70,2521
2.70,2520
2.71,2519
2.71,2518
2.71,2517
2.71,2516
2.71,2515
2.71,2514
2.72,2513
2.72,2512
2.72,2511
2.72,2510
2.72,2509
2.73,2508
2.73,2507
2.73,2506
2.73,2505
2.73,2504
2.73,2503
2.74,2502
2.74,2501
2.74,2500
2.74,2499
2.74,2498
2.75,2497
2.75,2496
2.75,2495
2.75,2494
2.75,2493
2.75,2492
2.76,2491
2.76,2490
2.76,2489
2.76,2488
2.76,2487
2.77,2486
2.77,2485
2.77,2484
2.77,2483
2.77,2482
2.77,2481
2.78,2480
2.78,2479
2.78,2478
2.78,2477
2.78,2476
2.79,2475
2.79,2474
2.79,2473
2.79,2472
2.79,2471
2.79,2470
2.80,2469
2.80,2468
2.80,2467
2.80,2466
2.80,2465
2.81,2464
2.81,2463
2.81,2462
2.81,2461
2.81,2460
2.81,2459
2.82,2458
2.82,2457
2.82,2456
2.82,2455
2.82,2454
2.83,2453
2.83,2452
2.83,2451
2.83,2450
2.83,2449
2.83,2448
2.84,2447
2.84,2446
2.84,2445
2.84,2444
2.84,2443
2.85,2442
2.85,2441
2.85,2440
2.85,2439
2.85,2438
2.85,2437
2.86,2436
2.86,2435
2.86,2434
2.86,2433
2.86,2432
2.87,2431
2.87,2430
2.87,2429
2.87,2428
2.87,2427
2.88,2426
2.88,2425
2.88,2424
2.88,2423
2.88,2422
2.88,2421
2.89,2420
2.89,2419
2.89,2418
2.89,2417
2.89,2416
2.90,2415
2.90,2414
2.90,2413
2.90,2412
2.90,2411
2.90,2410
2.91,2409
2.91,2408
2.91,2407
2.91,2406
2.91,2405
2.92,2404
2.92,2403
2.92,2402
2.92,2401
2.92,2400
2.92,2399
2.93,2398
2.93,2397
2.93,2396
2.93,2395
2.93,2394
2.94,2393
2.94,2392
2.94,2391
2.94,2390
2.94,2389
2.94,2388
2.95,2387
2.95,2386
