0.10,3614
0.17,3613
0.18,3612
0.19,3611
0.20,3610
0.20,3609
0.21,3608
0.22,3607
0.23,3606
0.24,3605
0.24,3604
0.25,3603
0.25,3602
0.26,3601
0.26,3600
0.27,3599
0.28,3598
0.28,3597
0.29,3596
0.29,3595
0.30,3594
0.31,3593
0.31,3592
0.32,3591
0.32,3590
0.33,3589
0.34,3588
0.34,3587
0.35,3586
0.35,3585
0.36,3584
0.36,3583
0.37,3582
0.37,3581
0.38,3580
0.38,3579
0.39,3578
0.39,3577
0.39,3576
0.40,3575
0.40,3574
0.41,3573
0.41,3572
0.42,3571
0.42,3570
0.42,3569
0.43,3568
0.44,3567
0.44,3566
0.44,3565
0.44,3564
0.45,3563
0.45,3562
0.45,3561
0.45,3560
0.45,3559
0.46,3558
0.46,3557
0.46,3556
0.46,3555
0.47,3554
0.47,3553
0.47,3552
0.47,3551
0.48,3550
0.48,3549
0.48,3548
0.48,3547
0.49,3546
0.49,3545
0.49,3544
0.49,3543
0.50,3542
0.50,3541
0.50,3540
0.50,3539
0.51,3538
0.51,3537
0.51,3536
0.52,3535
0.52,3534
0.52,3533
0.52,3532
0.53,3531
0.53,3530
0.53,3529
0.53,3528
0.54,3527
0.54,3526
0.54,3525
0.54,3524
0.55,3523
0.55,3522
0.55,3521
0.55,3520
0.55,3519
0.56,3518
0.56,3517
0.56,3516
0.56,3515
0.57,3514
0.57,3513
0.57,3512
0.57,3511
0.58,3510
0.58,3509
0.58,3508
0.58,3507
0.59,3506
0.59,3505
0.59,3504
0.59,3503
0.60,3502
0.60,3501
0.60,3500
0.60,3499
0.61,3498
0.61,3497
0.61,3496
0.61,3495
0.62,3494
0.62,3493
0.62,3492
0.62,3491
0.63,3490
0.63,3489
0.63,3488
0.63,3487
0.64,3486
0.64,3485
0.64,3484
0.64,3483
0.65,3482
0.65,3481
0.65,3480
0.65,3479
0.66,3478
0.66,3477
0.66,3476
0.66,3475
0.67,3474
0.67,3473
0.67,3472
0.67,3471
0.68,3470
0.68,3469
0.68,3468
0.68,3467
0.69,3466
0.69,3465
0.69,3464
0.69,3463
0.69,3462
0.70,3461
0.70,3460
0.70,3459
0.70,3458
0.70,3457
0.71,3456
0.71,3455
0.71,3454
0.71,3453
0.72,3452
0.72,3451
0.72,3450
0.72,3449
0.72,3448
0.73,3447
0.73,3446
0.73,3445
0.73,3444
0.73,3443
0.74,3442
0.74,3441
0.74,3440
0.74,3439
0.75,3438
0.75,3437
0.75,3436
0.75,3435
0.76,3434
0.76,3433
0.76,3432
0.76,3431
0.77,3430
0.77,3429
0.77,3428
0.77,3427
0.77,3426
0.78,3425
0.78,3424
0.78,3423
0.78,3422
0.79,3421
0.79,3420
0.79,3419
0.79,3418
0.80,3417
0.80,3416
0.80,3415
0.80,3414
0.80,3413
0.81,3412
0.81,3411
0.81,3410
0.81,3409
0.82,3408
0.82,3407
0.82,3406
0.82,3405
0.83,3404
0.83,3403
0.83,3402
0.83,3401
0.84,3400
0.84,3399
0.84,3398
0.85,3397
0.85,3396
0.85,3395
0.85,3394
0.85,3393
0.86,3392
0.86,3391
0.86,3390
0.86,3389
0.87,3388
0.87,3387
0.87,3386
0.87,3385
0.87,3384
0.88,3383
0.88,3382
0.88,3381
0.88,3380
0.88,3379
0.89,3378
0.89,3377
0.89,3376
0.89,3375
0.90,3374
0.90,3373
0.90,3372
0.90,3371
0.90,3370
0.91,3369
0.91,3368
0.91,3367
0.91,3366
0.92,3365
0.92,3364
0.92,3363
0.92,3362
0.93,3361
0.93,3360
0.93,3359
0.93,3358
0.93,3357
0.94,3356
0.94,3355
0.94,3354
0.94,3353
0.95,3352
0.95,3351
0.95,3350
0.95,3349
0.96,3348
0.96,3347
0.96,3346
0.96,3345
0.96,3344
0.97,3343
0.97,3342
0.97,3341
0.97,3340
0.97,3339
0.98,3338
0.98,3337
0.98,3336
0.98,3335
0.99,3334
0.99,3333
0.99,3332
0.99,3331
0.99,3330
1.00,3329
1.00,3328
1.00,3327
1.00,3326
1.01,3325
1.01,3324
1.01,3323
1.01,3322
1.02,3321
1.02,3320
1.02,3319
1.03,3318
1.03,3317
1.03,3316
1.03,3315
1.03,3314
1.04,3313
1.04,3312
1.04,3311
1.04,3310
1.05,3309
1.05,3308
1.05,3307
1.05,3306
1.05,3305
1.06,3304
1.06,3303
1.06,3302
1.06,3301
1.07,3300
1.07,3299
1.07,3298
1.07,3297
1.07,3296
1.08,3295
1.08,3294
1.08,3293
1.08,3292
1.08,3291
1.09,3290
1.09,3289
1.09,3288
1.09,3287
1.09,3286
1.10,3285
1.10,3284
1.10,3283
1.10,3282
1.11,3281
1.11,3280
1.11,3279
1.11,3278
1.11,3277
1.12,3276
1.12,3275
1.12,3274
1.12,3273
1.12,3272
1.13,3271
1.13,3270
1.13,3269
1.13,3268
1.13,3267
1.14,3266
1.14,3265
1.14,3264
1.14,3263
1.15,3262
1.15,3261
1.15,3260
1.15,3259
1.15,3258
1.16,3257
1.16,3256
1.16,3255
1.16,3254
1.17,3253
1.17,3252
1.17,3251
1.17,3250
1.17,3249
1.18,3248
1.18,3247
1.18,3246
1.18,3245
1.18,3244
1.19,3243
1.19,3242
1.19,3241
1.19,3240
1.20,3239
1.20,3238
1.20,3237
1.20,3236
1.20,3235
1.21,3234
1.21,3233
1.21,3232
1.21,3231
1.21,3230
1.22,3229
1.22,3228
1.22,3227
1.22,3226
1.23,3225
1.23,3224
1.23,3223
1.24,3222
1.24,3221
1.24,3220
1.24,3219
1.25,3218
1.25,3217
1.25,3216
1.25,3215
1.25,3214
1.26,3213
1.26,3212
1.26,3211
1.26,3210
1.27,3209
1.27,3208
1.27,3207
1.27,3206
1.28,3205
1.28,3204
1.28,3203
1.29,3202
1.29,3201
1.29,3200
1.29,3199
1.30,3198
1.30,3197
1.30,3196
1.30,3195
1.31,3194
1.31,3193
1.31,3192
1.31,3191
1.32,3190
1.32,3189
1.32,3188
1.32,3187
1.33,3186
1.33,3185
1.33,3184
1.33,3183
1.34,3182
1.34,3181
1.34,3180
1.34,3179
1.35,3178
1.35,3177
1.35,3176
1.36,3175
1.36,3174
1.36,3173
1.36,3172
1.37,3171
1.37,3170
1.37,3169
1.37,3168
1.38,3167
1.38,3166
1.38,3165
1.38,3164
1.39,3163
1.39,3162
1.39,3161
1.39,3160
1.40,3159
1.40,3158
1.40,3157
1.40,3156
1.41,3155
1.41,3154
1.41,3153
1.41,3152
1.42,3151
1.42,3150
1.42,3149
1.43,3148
1.43,3147
1.43,3146
1.43,3145
1.44,3144
1.44,3143
1.44,3142
1.44,3141
1.44,3140
1.45,3139
1.45,3138
1.45,3137
1.45,3136
1.45,3135
1.46,3134
1.46,3133
1.46,3132
1.46,3131
1.47,3130
1.47,3129
1.47,3128
1.47,3127
1.47,3126
1.48,3125
1.48,3124
1.48,3123
1.48,3122
1.48,3121
1.49,3120
1.49,3119
1.49,3118
1.49,3117
1.50,3116
1.50,3115
1.50,3114
1.50,3113
1.50,3112
1.51,3111
1.51,3110
1.51,3109
1.51,3108
1.51,3107
1.52,3106
1.52,3105
1.52,3104
1.52,3103
1.52,3102
1.53,3101
1.53,3100
1.53,3099
1.53,3098
1.54,3097
1.54,3096
1.54,3095
1.54,3094
1.54,3093
1.55,3092
1.55,3091
1.55,3090
1.55,3089
1.55,3088
1.56,3087
1.56,3086
1.56,3085
1.56,3084
1.56,3083
1.57,3082
1.57,3081
1.57,3080
1.57,3079
1.58,3078
1.58,3077
1.58,3076
1.58,3075
1.58,3074
1.59,3073
1.59,3072
1.59,3071
1.59,3070
1.59,3069
1.60,3068
1.60,3067
1.60,3066
1.60,3065
1.60,3064
1.61,3063
1.61,3062
1.61,3061
1.61,3060
1.62,3059
1.62,3058
1.62,3057
1.62,3056
1.62,3055
1.63,3054
1.63,3053
1.63,3052
1.63,3051
1.63,3050
1.64,3049
1.64,3048
1.64,3047
1.64,3046
1.65,3045
1.65,3044
1.65,3043
1.65,3042
1.65,3041
1.66,3040
1.66,3039
1.66,3038
1.66,3037
1.67,3036
1.67,3035
1.67,3034
1.67,3033
1.67,3032
1.68,3031
1.68,3030
1.68,3029
1.68,3028
1.69,3027
1.69,3026
1.69,3025
1.69,3024
1.69,3023
1.70,3022
1.70,3021
1.70,3020
1.70,3019
1.71,3018
1.71,3017
1.71,3016
1.71,3015
1.71,3014
1.72,3013
1.72,3012
1.72,3011
1.72,3010
1.72,3009
1.73,3008
1.73,3007
1.73,3006
1.73,3005
1.73,3004
1.74,3003
1.74,3002
1.74,3001
1.74,3000
1.75,2999
1.75,2998
1.75,2997
1.75,2996
1.75,2995
1.76,2994
1.76,2993
1.76,2992
1.76,2991
1.77,2990
1.77,2989
1.77,2988
1.77,2987
1.77,2986
1.78,2985
1.78,2984
1.78,2983
1.78,2982
1.79,2981
1.79,2980
1.79,2979
1.79,2978
1.79,2977
1.80,2976
1.80,2975
1.80,2974
1.80,2973
1.81,2972
1.81,2971
1.81,2970
1.81,2969
1.82,2968
1.82,2967
1.82,2966
1.82,2965
1.83,2964
1.83,2963
1.83,2962
1.83,2961
1.83,2960
1.84,2959
1.84,2958
1.84,2957
1.84,2956
1.84,2955
1.85,2954
1.85,2953
1.85,2952
1.85,2951
1.85,2950
1.86,2949
1.86,2948
1.86,2947
1.86,2946
1.87,2945
1.87,2944
1.87,2943
1.87,2942
1.87,2941
1.88,2940
1.88,2939
1.88,2938
1.88,2937
1.88,2936
1.89,2935
1.89,2934
1.89,2933
1.89,2932
1.90,2931
1.90,2930
1.90,2929
1.90,2928
1.90,2927
1.91,2926
1.91,2925
1.91,2924
1.91,2923
1.92,2922
1.92,2921
1.92,2920
1.92,2919
1.92,2918
1.93,2917
1.93,2916
1.93,2915
1.93,2914
1.93,2913
1.94,2912
1.94,2911
1.94,2910
1.94,2909
1.94,2908
1.95,2907
1.95,2906
1.95,2905
1.95,2904
1.96,2903
1.96,2902
1.96,2901
1.96,2900
1.96,2899
1.97,2898
1.97,2897
1.97,2896
1.97,2895
1.97,2894
1.98,2893
1.98,2892
1.98,2891
1.98,2890
1.98,2889
1.99,2888
1.99,2887
1.99,2886
1.99,2885
1.99,2884
2.00,2883
2.00,2882
2.00,2881
2.00,2880
2.00,2879
2.01,2878
2.01,2877
2.01,2876
2.01,2875
2.02,2874
2.02,2873
2.02,2872
2.02,2871
2.02,2870
2.03,2869
2.03,2868
2.03,2867
2.03,2866
2.03,2865
2.04,2864
2.04,2863
2.04,2862
2.04,2861
2.04,2860
2.05,2859
2.05,2858
2.05,2857
2.05,2856
2.05,2855
2.06,2854
2.06,2853
2.06,2852
2.06,2851
2.06,2850
2.07,2849
2.07,2848
2.07,2847
2.07,2846
2.07,2845
2.08,2844
2.08,2843
2.08,2842
2.08,2841
2.08,2840
2.09,2839
2.09,2838
2.09,2837
2.09,2836
2.09,2835
2.10,2834
2.10,2833
2.10,2832
2.10,2831
2.10,2830
2.11,2829
2.11,2828
2.11,2827
2.11,2826
2.11,2825
2.12,2824
2.12,2823
2.12,2822
2.12,2821
2.12,2820
2.13,2819
2.13,2818
2.13,2817
2.13,2816
2.14,2815
2.14,2814
2.14,2813
2.14,2812
2.14,2811
2.15,2810
2.15,2809
2.15,2808
2.15,2807
2.15,2806
2.16,2805
2.16,2804
2.16,2803
2.16,2802
2.16,2801
2.17,2800
2.17,2799
2.17,2798
2.17,2797
2.17,2796
2.18,2795
2.18,2794
2.18,2793
2.18,2792
2.18,2791
2.19,2790
2.19,2789
2.19,2788
2.19,2787
2.19,2786
2.20,2785
2.20,2784
2.20,2783
2.20,2782
2.21,2781
2.21,2780
2.21,2779
2.21,2778
2.22,2777
2.22,2776
2.22,2775
2.22,2774
2.23,2773
2.23,2772
2.23,2771
2.23,2770
2.23,2769
2.24,2768
2.24,2767
2.24,2766
2.24,2765
2.24,2764
2.25,2763
2.25,2762
2.25,2761
2.25,2760
2.26,2759
2.26,2758
2.26,2757
2.26,2756
2.27,2755
2.27,2754
2.27,2753
2.27,2752
2.28,2751
2.28,2750
2.28,2749
2.28,2748
2.29,2747
2.29,2746
2.29,2745
2.29,2744
2.30,2743
2.30,2742
2.30,2741
2.30,2740
2.31,2739
2.31,2738
2.31,2737
2.31,2736
2.32,2735
2.32,2734
2.32,2733
2.32,2732
2.33,2731
2.33,2730
2.33,2729
2.33,2728
2.34,2727
2.34,2726
2.34,2725
2.34,2724
2.35,2723
2.35,2722
2.35,2721
2.35,2720
2.36,2719
2.36,2718
2.36,2717
2.36,2716
2.37,2715
2.37,2714
2.37,2713
2.37,2712
2.38,2711
2.38,2710
2.38,2709
2.38,2708
2.39,2707
2.39,2706
2.39,2705
2.39,2704
2.40,2703
2.40,2702
2.40,2701
2.40,2700
2.41,2699
2.41,2698
2.41,2697
2.41,2696
2.42,2695
2.42,2694
2.42,2693
2.42,2692
2.43,2691
2.43,2690
2.43,2689
2.43,2688
2.44,2687
2.44,2686
2.44,2685
2.44,2684
2.45,2683
2.45,2682
2.45,2681
2.45,2680
2.46,2679
2.46,2678
2.46,2677
2.46,2676
2.47,2675
2.47,2674
2.47,2673
2.47,2672
2.48,2671
2.48,2670
2.48,2669
2.48,2668
2.49,2667
2.49,2666
2.49,2665
2.49,2664
2.50,2663
2.50,2662
2.50,2661
2.50,2660
2.51,2659
2.51,2658
2.51,2657
2.51,2656
2.52,2655
2.52,2654
2.52,2653
2.52,2652
2.53,2651
2.53,2650
2.53,2649
2.53,2648
2.54,2647
2.54,2646
2.54,2645
2.54,2644
2.55,2643
2.55,2642
2.55,2641
2.55,2640
2.56,2639
2.56,2638
2.56,2637
2.56,2636
2.57,2635
2.57,2634
2.57,2633
2.57,2632
2.57,2631
2.58,2630
2.58,2629
2.58,2628
2.59,2627
2.59,2626
2.59,2625
2.59,2624
2.60,2623
2.60,2622
2.60,2621
2.60,2620
2.61,2619
2.61,2618
2.61,2617
2.61,2616
2.62,2615
2.62,2614
2.62,2613
2.62,2612
2.63,2611
2.63,2610
2.63,2609
2.63,2608
2.64,2607
2.64,2606
2.64,2605
2.64,2604
2.65,2603
2.65,2602
2.65,2601
2.65,2600
2.66,2599
2.66,2598
2.66,2597
2.67,2596
2.67,2595
2.67,2594
2.67,2593
2.67,2592
2.68,2591
2.68,2590
2.68,2589
2.68,2588
2.68,2587
2.69,2586
2.69,2585
2.69,2584
2.69,2583
2.69,2582
2.70,2581
2.70,2580
2.70,2579
2.70,2578
2.70,2577
2.71,2576
2.71,2575
2.71,2574
2.71,2573
2.71,2572
2.71,2571
2.72,2570
2.72,2569
2.72,2568
2.72,2567
2.72,2566
2.73,2565
2.73,2564
2.73,2563
2.73,2562
2.73,2561
2.74,2560
2.74,2559
2.74,2558
2.74,2557
2.74,2556
2.75,2555
2.75,2554
2.75,2553
2.75,2552
2.75,2551
2.76,2550
2.76,2549
2.76,2548
2.76,2547
2.76,2546
2.77,2545
2.77,2544
2.77,2543
2.77,2542
2.77,2541
2.77,2540
2.78,2539
2.78,2538
2.78,2537
2.78,2536
2.78,2535
2.79,2534
2.79,2533
2.79,2532
2.79,2531
2.79,2530
2.80,2529
2.80,2528
2.80,2527
2.80,2526
2.80,2525
2.81,2524
2.81,2523
2.81,2522
2.81,2521
2.81,2520
2.82,2519
2.82,2518
2.82,2517
2.82,2516
2.82,2515
2.83,2514
2.83,2513
2.83,2512
2.83,2511
2.83,2510
2.84,2509
2.84,2508
2.84,2507
2.84,2506
2.84,2505
2.84,2504
2.85,2503
2.85,2502
2.85,2501
2.85,2500
2.85,2499
2.86,2498
2.86,2497
2.86,2496
2.86,2495
2.86,2494
2.87,2493
2.87,2492
2.87,2491
2.87,2490
2.87,2489
2.88,2488
2.88,2487
2.88,2486
2.88,2485
2.88,2484
2.89,2483
2.89,2482
2.89,2481
2.89,2480
2.89,2479
2.90,2478
2.90,2477
2.90,2476
2.90,2475
2.90,2474
2.90,2473
2.91,2472
2.91,2471
2.91,2470
2.91,2469
2.91,2468
2.92,2467
2.92,2466
2.92,2465
2.92,2464
2.92,2463
2.93,2462
2.93,2461
2.93,2460
2.93,2459
2.93,2458
2.94,2457
2.94,2456
2.94,2455
2.94,2454
2.94,2453
2.94,2452
2.95,2451
2.95,2450
2.95,2449
2.95,2448
2.95,2447
2.96,2446
2.96,2445
2.96,2444
2.96,2443
2.96,2442
2.97,2441
2.97,2440
2.97,2439
2.97,2438
2.97,2437
2.98,2436
2.98,2435
2.98,2434
2.98,2433
2.98,2432
2.99,2431
2.99,2430
2.99,2429
2.99,2428
2.99,2427
2.99,2426
3.00,2425
3.00,2424
3.00,2423
3.00,2422
3.00,2421
3.01,2420
3.01,2419
3.01,2418
3.01,2417
3.01,2416
3.02,2415
3.02,2414
3.02,2413
3.02,2412
3.02,2411
3.03,2410
3.03,2409
3.03,2408
3.03,2407
3.03,2406
3.04,2405
3.04,2404
3.04,2403
3.04,2402
3.04,2401
3.04,2400
3.05,2399
3.05,2398
3.05,2397
3.05,2396
3.05,2395
3.06,2394
3.06,2393
3.06,2392
3.06,2391
3.06,2390
3.07,2389
3.07,2388
3.07,2387
3.07,2386
3.07,2385
