0.10,3656
0.17,3655
0.18,3654
0.18,3653
0.19,3652
0.20,3651
0.21,3650
0.22,3649
0.22,3648
0.23,3647
0.24,3646
0.24,3645
0.25,3644
0.25,3643
0.26,3642
0.26,3641
0.27,3640
0.28,3639
0.28,3638
0.29,3637
0.29,3636
0.30,3635
0.31,3634
0.31,3633
0.32,3632
0.32,3631
0.33,3630
0.33,3629
0.34,3628
0.35,3627
0.35,3626
0.36,3625
0.36,3624
0.37,3623
0.37,3622
0.37,3621
0.38,3620
0.38,3619
0.39,3618
0.39,3617
0.39,3616
0.40,3615
0.40,3614
0.40,3613
0.41,3612
0.41,3611
0.42,3610
0.42,3609
0.42,3608
0.43,3607
0.43,3606
0.43,3605
0.43,3604
0.44,3603
0.44,3602
0.44,3601
0.45,3600
0.45,3599
0.45,3598
0.45,3597
0.46,3596
0.46,3595
0.46,3594
0.46,3593
0.47,3592
0.47,3591
0.47,3590
0.47,3589
0.48,3588
0.48,3587
0.48,3586
0.48,3585
0.49,3584
0.49,3583
0.49,3582
0.49,3581
0.50,3580
0.50,3579
0.50,3578
0.50,3577
0.50,3576
0.51,3575
0.51,3574
0.51,3573
0.51,3572
0.52,3571
0.52,3570
0.52,3569
0.52,3568
0.53,3567
0.53,3566
0.53,3565
0.53,3564
0.53,3563
0.54,3562
0.54,3561
0.54,3560
0.54,3559
0.54,3558
0.55,3557
0.55,3556
0.55,3555
0.55,3554
0.56,3553
0.56,3552
0.56,3551
0.56,3550
0.57,3549
0.57,3548
0.57,3547
0.57,3546
0.57,3545
0.58,3544
0.58,3543
0.58,3542
0.58,3541
0.59,3540
0.59,3539
0.59,3538
0.59,3537
0.59,3536
0.60,3535
0.60,3534
0.60,3533
0.60,3532
0.61,3531
0.61,3530
0.61,3529
0.62,3528
0.62,3527
0.62,3526
0.62,3525
0.63,3524
0.63,3523
0.63,3522
0.63,3521
0.63,3520
0.64,3519
0.64,3518
0.64,3517
0.64,3516
0.64,3515
0.65,3514
0.65,3513
0.65,3512
0.65,3511
0.66,3510
0.66,3509
0.66,3508
0.66,3507
0.66,3506
0.67,3505
0.67,3504
0.67,3503
0.67,3502
0.67,3501
0.68,3500
0.68,3499
0.68,3498
0.68,3497
0.69,3496
0.69,3495
0.69,3494
0.69,3493
0.69,3492
0.70,3491
0.70,3490
0.70,3489
0.70,3488
0.71,3487
0.71,3486
0.71,3485
0.71,3484
0.71,3483
0.72,3482
0.72,3481
0.72,3480
0.72,3479
0.73,3478
0.73,3477
0.73,3476
0.73,3475
0.73,3474
0.74,3473
0.74,3472
0.74,3471
0.74,3470
0.75,3469
0.75,3468
0.75,3467
0.75,3466
0.76,3465
0.76,3464
0.76,3463
0.76,3462
0.76,3461
0.77,3460
0.77,3459
0.77,3458
0.77,3457
0.77,3456
0.78,3455
0.78,3454
0.78,3453
0.78,3452
0.79,3451
0.79,3450
0.79,3449
0.79,3448
0.79,3447
0.80,3446
0.80,3445
0.80,3444
0.80,3443
0.81,3442
0.81,3441
0.81,3440
0.81,3439
0.82,3438
0.82,3437
0.82,3436
0.82,3435
0.82,3434
0.83,3433
0.83,3432
0.83,3431
0.83,3430
0.83,3429
0.84,3428
0.84,3427
0.84,3426
0.84,3425
0.85,3424
0.85,3423
0.85,3422
0.85,3421
0.85,3420
0.86,3419
0.86,3418
0.86,3417
0.86,3416
0.86,3415
0.87,3414
0.87,3413
0.87,3412
0.87,3411
0.88,3410
0.88,3409
0.88,3408
0.88,3407
0.89,3406
0.89,3405
0.89,3404
0.89,3403
0.89,3402
0.90,3401
0.90,3400
0.90,3399
0.90,3398
0.90,3397
0.91,3396
0.91,3395
0.91,3394
0.91,3393
0.92,3392
0.92,3391
0.92,3390
0.92,3389
0.92,3388
0.93,3387
0.93,3386
0.93,3385
0.93,3384
0.94,3383
0.94,3382
0.94,3381
0.94,3380
0.94,3379
0.95,3378
0.95,3377
0.95,3376
0.95,3375
0.96,3374
0.96,3373
0.96,3372
0.96,3371
0.96,3370
0.97,3369
0.97,3368
0.97,3367
0.97,3366
0.97,3365
0.98,3364
0.98,3363
0.98,3362
0.98,3361
0.99,3360
0.99,3359
0.99,3358
0.99,3357
1.00,3356
1.00,3355
1.00,3354
1.00,3353
1.01,3352
1.01,3351
1.01,3350
1.01,3349
1.01,3348
1.02,3347
1.02,3346
1.02,3345
1.02,3344
1.02,3343
1.03,3342
1.03,3341
1.03,3340
1.03,3339
1.03,3338
1.04,3337
1.04,3336
1.04,3335
1.04,3334
1.05,3333
1.05,3332
1.05,3331
1.05,3330
1.05,3329
1.06,3328
1.06,3327
1.06,3326
1.06,3325
1.06,3324
1.07,3323
1.07,3322
1.07,3321
1.07,3320
1.07,3319
1.08,3318
1.08,3317
1.08,3316
1.08,3315
1.08,3314
1.09,3313
1.09,3312
1.09,3311
1.09,3310
1.10,3309
1.10,3308
1.10,3307
1.10,3306
1.10,3305
1.11,3304
1.11,3303
1.11,3302
1.11,3301
1.11,3300
1.12,3299
1.12,3298
1.12,3297
1.12,3296
1.12,3295
1.13,3294
1.13,3293
1.13,3292
1.13,3291
1.13,3290
1.14,3289
1.14,3288
1.14,3287
1.14,3286
1.14,3285
1.15,3284
1.15,3283
1.15,3282
1.15,3281
1.16,3280
1.16,3279
1.16,3278
1.16,3277
1.16,3276
1.17,3275
1.17,3274
1.17,3273
1.17,3272
1.17,3271
1.18,3270
1.18,3269
1.18,3268
1.18,3267
1.19,3266
1.19,3265
1.19,3264
1.19,3263
1.20,3262
1.20,3261
1.20,3260
1.20,3259
1.21,3258
1.21,3257
1.21,3256
1.21,3255
1.21,3254
1.22,3253
1.22,3252
1.22,3251
1.22,3250
1.23,3249
1.23,3248
1.23,3247
1.23,3246
1.24,3245
1.24,3244
1.24,3243
1.24,3242
1.25,3241
1.25,3240
1.25,3239
1.25,3238
1.26,3237
1.26,3236
1.26,3235
1.27,3234
1.27,3233
1.27,3232
1.27,3231
1.28,3230
1.28,3229
1.28,3228
1.28,3227
1.29,3226
1.29,3225
1.29,3224
1.29,3223
1.30,3222
1.30,3221
1.30,3220
1.30,3219
1.31,3218
1.31,3217
1.31,3216
1.31,3215
1.32,3214
1.32,3213
1.32,3212
1.32,3211
1.33,3210
1.33,3209
1.33,3208
1.33,3207
1.34,3206
1.34,3205
1.34,3204
1.34,3203
1.35,3202
1.35,3201
1.35,3200
1.35,3199
1.36,3198
1.36,3197
1.36,3196
1.36,3195
1.37,3194
1.37,3193
1.37,3192
1.38,3191
1.38,3190
1.38,3189
1.38,3188
1.38,3187
1.39,3186
1.39,3185
1.39,3184
1.39,3183
1.39,3182
1.40,3181
1.40,3180
1.40,3179
1.40,3178
1.40,3177
1.41,3176
1.41,3175
1.41,3174
1.41,3173
1.42,3172
1.42,3171
1.42,3170
1.42,3169
1.42,3168
1.43,3167
1.43,3166
1.43,3165
1.43,3164
1.43,3163
1.44,3162
1.44,3161
1.44,3160
1.44,3159
1.45,3158
1.45,3157
1.45,3156
1.45,3155
1.45,3154
1.46,3153
1.46,3152
1.46,3151
1.46,3150
1.46,3149
1.47,3148
1.47,3147
1.47,3146
1.47,3145
1.47,3144
1.48,3143
1.48,3142
1.48,3141
1.48,3140
1.48,3139
1.49,3138
1.49,3137
1.49,3136
1.49,3135
1.49,3134
1.50,3133
1.50,3132
1.50,3131
1.50,3130
1.51,3129
1.51,3128
1.51,3127
1.51,3126
1.51,3125
1.52,3124
1.52,3123
1.52,3122
1.52,3121
1.52,3120
1.53,3119
1.53,3118
1.53,3117
1.53,3116
1.54,3115
1.54,3114
1.54,3113
1.54,3112
1.54,3111
1.55,3110
1.55,3109
1.55,3108
1.55,3107
1.55,3106
1.56,3105
1.56,3104
1.56,3103
1.56,3102
1.57,3101
1.57,3100
1.57,3099
1.57,3098
1.57,3097
1.58,3096
1.58,3095
1.58,3094
1.58,3093
1.58,3092
1.59,3091
1.59,3090
1.59,3089
1.59,3088
1.59,3087
1.60,3086
1.60,3085
1.60,3084
1.60,3083
1.60,3082
1.61,3081
1.61,3080
1.61,3079
1.61,3078
1.62,3077
1.62,3076
1.62,3075
1.62,3074
1.62,3073
1.63,3072
1.63,3071
1.63,3070
1.63,3069
1.64,3068
1.64,3067
1.64,3066
1.64,3065
1.64,3064
1.65,3063
1.65,3062
1.65,3061
1.65,3060
1.65,3059
1.66,3058
1.66,3057
1.66,3056
1.66,3055
1.66,3054
1.67,3053
1.67,3052
1.67,3051
1.67,3050
1.67,3049
1.68,3048
1.68,3047
1.68,3046
1.68,3045
1.68,3044
1.69,3043
1.69,3042
1.69,3041
1.69,3040
1.69,3039
1.70,3038
1.70,3037
1.70,3036
1.70,3035
1.71,3034
1.71,3033
1.71,3032
1.71,3031
1.71,3030
1.72,3029
1.72,3028
1.72,3027
1.72,3026
1.72,3025
1.73,3024
1.73,3023
1.73,3022
1.73,3021
1.73,3020
1.74,3019
1.74,3018
1.74,3017
1.75,3016
1.75,3015
1.75,3014
1.75,3013
1.75,3012
1.76,3011
1.76,3010
1.76,3009
1.76,3008
1.76,3007
1.77,3006
1.77,3005
1.77,3004
1.77,3003
1.77,3002
1.78,3001
1.78,3000
1.78,2999
1.78,2998
1.78,2997
1.79,2996
1.79,2995
1.79,2994
1.79,2993
1.79,2992
1.80,2991
1.80,2990
1.80,2989
1.80,2988
1.81,2987
1.81,2986
1.81,2985
1.81,2984
1.81,2983
1.82,2982
1.82,2981
1.82,2980
1.82,2979
1.82,2978
1.83,2977
1.83,2976
1.83,2975
1.83,2974
1.83,2973
1.84,2972
1.84,2971
1.84,2970
1.84,2969
1.84,2968
1.85,2967
1.85,2966
1.85,2965
1.85,2964
1.85,2963
1.86,2962
1.86,2961
1.86,2960
1.86,2959
1.87,2958
1.87,2957
1.87,2956
1.87,2955
1.87,2954
1.88,2953
1.88,2952
1.88,2951
1.88,2950
1.88,2949
1.89,2948
1.89,2947
1.89,2946
1.89,2945
1.89,2944
1.90,2943
1.90,2942
1.90,2941
1.90,2940
1.90,2939
1.91,2938
1.91,2937
1.91,2936
1.91,2935
1.91,2934
1.92,2933
1.92,2932
1.92,2931
1.92,2930
1.92,2929
1.93,2928
1.93,2927
1.93,2926
1.93,2925
1.93,2924
1.94,2923
1.94,2922
1.94,2921
1.94,2920
1.95,2919
1.95,2918
1.95,2917
1.95,2916
1.95,2915
1.96,2914
1.96,2913
1.96,2912
1.96,2911
1.96,2910
1.97,2909
1.97,2908
1.97,2907
1.97,2906
1.97,2905
1.98,2904
1.98,2903
1.98,2902
1.98,2901
1.98,2900
1.99,2899
1.99,2898
1.99,2897
1.99,2896
1.99,2895
2.00,2894
2.00,2893
2.00,2892
2.00,2891
2.00,2890
2.01,2889
2.01,2888
2.01,2887
2.01,2886
2.01,2885
2.02,2884
2.02,2883
2.02,2882
2.02,2881
2.02,2880
2.03,2879
2.03,2878
2.03,2877
2.03,2876
2.03,2875
2.04,2874
2.04,2873
2.04,2872
2.04,2871
2.04,2870
2.05,2869
2.05,2868
2.05,2867
2.05,2866
2.06,2865
2.06,2864
2.06,2863
2.06,2862
2.06,2861
2.07,2860
2.07,2859
2.07,2858
2.07,2857
2.07,2856
2.08,2855
2.08,2854
2.08,2853
2.08,2852
2.08,2851
2.09,2850
2.09,2849
2.09,2848
2.09,2847
2.09,2846
2.10,2845
2.10,2844
2.10,2843
2.10,2842
2.10,2841
2.11,2840
2.11,2839
2.11,2838
2.12,2837
2.12,2836
2.12,2835
2.12,2834
2.12,2833
2.13,2832
2.13,2831
2.13,2830
2.13,2829
2.13,2828
2.14,2827
2.14,2826
2.14,2825
2.14,2824
2.14,2823
2.15,2822
2.15,2821
2.15,2820
2.15,2819
2.15,2818
2.16,2817
2.16,2816
2.16,2815
2.16,2814
2.16,2813
2.17,2812
2.17,2811
2.17,2810
2.17,2809
2.17,2808
2.17,2807
2.18,2806
2.18,2805
2.18,2804
2.18,2803
2.18,2802
2.19,2801
2.19,2800
2.19,2799
2.19,2798
2.19,2797
2.20,2796
2.20,2795
2.20,2794
2.20,2793
2.20,2792
2.21,2791
2.21,2790
2.21,2789
2.21,2788
2.21,2787
2.22,2786
2.22,2785
2.22,2784
2.22,2783
2.22,2782
2.23,2781
2.23,2780
2.23,2779
2.23,2778
2.23,2777
2.24,2776
2.24,2775
2.24,2774
2.24,2773
2.24,2772
2.25,2771
2.25,2770
2.25,2769
2.25,2768
2.25,2767
2.25,2766
2.26,2765
2.26,2764
2.26,2763
2.26,2762
2.26,2761
2.27,2760
2.27,2759
2.27,2758
2.27,2757
2.27,2756
2.28,2755
2.28,2754
2.28,2753
2.28,2752
2.28,2751
2.29,2750
2.29,2749
2.29,2748
2.29,2747
2.29,2746
2.30,2745
2.30,2744
2.30,2743
2.30,2742
2.30,2741
2.31,2740
2.31,2739
2.31,2738
2.31,2737
2.31,2736
2.32,2735
2.32,2734
2.32,2733
2.32,2732
2.32,2731
2.33,2730
2.33,2729
2.33,2728
2.33,2727
2.33,2726
2.34,2725
2.34,2724
2.34,2723
2.34,2722
2.34,2721
2.34,2720
2.35,2719
2.35,2718
2.35,2717
2.35,2716
2.35,2715
2.36,2714
2.36,2713
2.36,2712
2.36,2711
2.36,2710
2.37,2709
2.37,2708
2.37,2707
2.37,2706
2.37,2705
2.38,2704
2.38,2703
2.38,2702
2.38,2701
2.38,2700
2.39,2699
2.39,2698
2.39,2697
2.39,2696
2.39,2695
2.40,2694
2.40,2693
2.40,2692
2.40,2691
2.40,2690
2.41,2689
2.41,2688
2.41,2687
2.41,2686
2.41,2685
2.41,2684
2.42,2683
2.42,2682
2.42,2681
2.42,2680
2.42,2679
2.43,2678
2.43,2677
2.43,2676
2.43,2675
2.43,2674
2.44,2673
2.44,2672
2.44,2671
2.44,2670
2.44,2669
2.45,2668
2.45,2667
2.45,2666
2.45,2665
2.45,2664
2.46,2663
2.46,2662
2.46,2661
2.46,2660
2.46,2659
2.47,2658
2.47,2657
2.47,2656
2.47,2655
2.47,2654
2.47,2653
2.48,2652
2.48,2651
2.48,2650
2.48,2649
2.49,2648
2.49,2647
2.49,2646
2.49,2645
2.49,2644
2.49,2643
2.50,2642
2.50,2641
2.50,2640
2.50,2639
2.50,2638
2.51,2637
2.51,2636
2.51,2635
2.51,2634
2.51,2633
2.52,2632
2.52,2631
2.52,2630
2.52,2629
2.52,2628
2.53,2627
2.53,2626
2.53,2625
2.53,2624
2.53,2623
2.54,2622
2.54,2621
2.54,2620
2.54,2619
2.54,2618
2.55,2617
2.55,2616
2.55,2615
2.55,2614
2.55,2613
2.55,2612
2.56,2611
2.56,2610
2.56,2609
2.56,2608
2.56,2607
2.57,2606
2.57,2605
2.57,2604
2.57,2603
2.57,2602
2.58,2601
2.58,2600
2.58,2599
2.58,2598
2.58,2597
2.59,2596
2.59,2595
2.59,2594
2.59,2593
2.59,2592
2.59,2591
2.60,2590
2.60,2589
2.60,2588
2.60,2587
2.60,2586
2.61,2585
2.61,2584
2.61,2583
2.61,2582
2.61,2581
2.62,2580
2.62,2579
2.62,2578
2.62,2577
2.62,2576
2.63,2575
2.63,2574
2.63,2573
2.63,2572
2.63,2571
2.64,2570
2.64,2569
2.64,2568
2.64,2567
2.64,2566
2.65,2565
2.65,2564
2.65,2563
2.65,2562
2.65,2561
2.66,2560
2.66,2559
2.66,2558
2.66,2557
2.66,2556
2.67,2555
2.67,2554
2.67,2553
2.67,2552
2.67,2551
2.67,2550
2.68,2549
2.68,2548
2.68,2547
2.68,2546
2.68,2545
2.69,2544
2.69,2543
2.69,2542
2.69,2541
2.69,2540
2.70,2539
2.70,2538
2.70,2537
2.70,2536
2.70,2535
2.70,2534
2.71,2533
2.71,2532
2.71,2531
2.71,2530
2.71,2529
2.72,2528
2.72,2527
2.72,2526
2.72,2525
2.72,2524
2.73,2523
2.73,2522
2.73,2521
2.73,2520
2.73,2519
2.74,2518
2.74,2517
2.74,2516
2.74,2515
2.74,2514
2.75,2513
2.75,2512
2.75,2511
2.75,2510
2.75,2509
2.75,2508
2.76,2507
2.76,2506
2.76,2505
2.76,2504
2.76,2503
2.77,2502
2.77,2501
2.77,2500
2.77,2499
2.77,2498
2.78,2497
2.78,2496
2.78,2495
2.78,2494
2.78,2493
2.79,2492
2.79,2491
2.79,2490
2.79,2489
2.79,2488
2.80,2487
2.80,2486
2.80,2485
2.80,2484
2.80,2483
2.80,2482
2.81,2481
2.81,2480
2.81,2479
2.81,2478
2.81,2477
2.82,2476
2.82,2475
2.82,2474
2.82,2473
2.82,2472
2.82,2471
2.83,2470
2.83,2469
2.83,2468
2.83,2467
2.83,2466
2.84,2465
2.84,2464
2.84,2463
2.84,2462
2.84,2461
2.85,2460
2.85,2459
2.85,2458
2.85,2457
2.85,2456
2.86,2455
2.86,2454
2.86,2453
2.86,2452
2.86,2451
2.86,2450
2.87,2449
2.87,2448
2.87,2447
2.87,2446
2.87,2445
2.88,2444
2.88,2443
2.88,2442
2.88,2441
2.88,2440
2.89,2439
2.89,2438
2.89,2437
2.89,2436
2.89,2435
2.90,2434
2.90,2433
2.90,2432
2.90,2431
2.90,2430
2.90,2429
2.91,2428
2.91,2427
2.91,2426
2.91,2425
2.91,2424
2.92,2423
2.92,2422
2.92,2421
2.92,2420
2.92,2419
2.93,2418
2.93,2417
2.93,2416
2.93,2415
2.93,2414
2.93,2413
2.94,2412
2.94,2411
2.94,2410
2.94,2409
2.94,2408
2.95,2407
2.95,2406
2.95,2405
2.95,2404
2.96,2403
2.96,2402
2.96,2401
2.96,2400
2.96,2399
2.97,2398
2.97,2397
2.97,2396
2.97,2395
2.97,2394
2.98,2393
2.98,2392
2.98,2391
2.98,2390
2.98,2389
2.98,2388
2.99,2387
2.99,2386
2.99,2385
2.99,2384
2.99,2383
3.00,2382
3.00,2381
3.00,2380
3.00,2379
3.00,2378
3.01,2377
