0.10,3648
0.17,3647
0.18,3646
0.18,3645
0.19,3644
0.20,3643
0.21,3642
0.22,3641
0.22,3640
0.23,3639
0.24,3638
0.24,3637
0.25,3636
0.25,3635
0.26,3634
0.27,3633
0.27,3632
0.28,3631
0.28,3630
0.29,3629
0.29,3628
0.30,3627
0.30,3626
0.31,3625
0.31,3624
0.32,3623
0.32,3622
0.33,3621
0.33,3620
0.34,3619
0.35,3618
0.35,3617
0.36,3616
0.36,3615
0.37,3614
0.37,3613
0.38,3612
0.38,3611
0.39,3610
0.39,3609
0.40,3608
0.40,3607
0.40,3606
0.41,3605
0.41,3604
0.41,3603
0.42,3602
0.42,3601
0.43,3600
0.43,3599
0.43,3598
0.43,3597
0.44,3596
0.44,3595
0.44,3594
0.44,3593
0.44,3592
0.45,3591
0.45,3590
0.45,3589
0.45,3588
0.45,3587
0.46,3586
0.46,3585
0.46,3584
0.46,3583
0.46,3582
0.47,3581
0.47,3580
0.47,3579
0.47,3578
0.47,3577
0.48,3576
0.48,3575
0.48,3574
0.48,3573
0.48,3572
0.49,3571
0.49,3570
0.49,3569
0.49,3568
0.49,3567
0.50,3566
0.50,3565
0.50,3564
0.50,3563
0.51,3562
0.51,3561
0.51,3560
0.51,3559
0.51,3558
0.52,3557
0.52,3556
0.52,3555
0.52,3554
0.52,3553
0.53,3552
0.53,3551
0.53,3550
0.53,3549
0.54,3548
0.54,3547
0.54,3546
0.54,3545
0.54,3544
0.55,3543
0.55,3542
0.55,3541
0.55,3540
0.55,3539
0.56,3538
0.56,3537
0.56,3536
0.56,3535
0.57,3534
0.57,3533
0.57,3532
0.57,3531
0.57,3530
0.58,3529
0.58,3528
0.58,3527
0.58,3526
0.58,3525
0.59,3524
0.59,3523
0.59,3522
0.59,3521
0.60,3520
0.60,3519
0.60,3518
0.60,3517
0.61,3516
0.61,3515
0.61,3514
0.61,3513
0.61,3512
0.62,3511
0.62,3510
0.62,3509
0.62,3508
0.62,3507
0.63,3506
0.63,3505
0.63,3504
0.63,3503
0.63,3502
0.64,3501
0.64,3500
0.64,3499
0.64,3498
0.64,3497
0.64,3496
0.65,3495
0.65,3494
0.65,3493
0.65,3492
0.65,3491
0.66,3490
0.66,3489
0.66,3488
0.66,3487
0.67,3486
0.67,3485
0.67,3484
0.67,3483
0.67,3482
0.68,3481
0.68,3480
0.68,3479
0.68,3478
0.69,3477
0.69,3476
0.69,3475
0.69,3474
0.69,3473
0.70,3472
0.70,3471
0.70,3470
0.70,3469
0.71,3468
0.71,3467
0.71,3466
0.71,3465
0.71,3464
0.72,3463
0.72,3462
0.72,3461
0.72,3460
0.72,3459
0.72,3458
0.73,3457
0.73,3456
0.73,3455
0.73,3454
0.73,3453
0.74,3452
0.74,3451
0.74,3450
0.74,3449
0.74,3448
0.75,3447
0.75,3446
0.75,3445
0.75,3444
0.75,3443
0.76,3442
0.76,3441
0.76,3440
0.76,3439
0.76,3438
0.77,3437
0.77,3436
0.77,3435
0.77,3434
0.78,3433
0.78,3432
0.78,3431
0.78,3430
0.78,3429
0.79,3428
0.79,3427
0.79,3426
0.79,3425
0.79,3424
0.80,3423
0.80,3422
0.80,3421
0.80,3420
0.80,3419
0.81,3418
0.81,3417
0.81,3416
0.81,3415
0.82,3414
0.82,3413
0.82,3412
0.82,3411
0.82,3410
0.83,3409
0.83,3408
0.83,3407
0.83,3406
0.83,3405
0.84,3404
0.84,3403
0.84,3402
0.84,3401
0.84,3400
0.85,3399
0.85,3398
0.85,3397
0.85,3396
0.85,3395
0.86,3394
0.86,3393
0.86,3392
0.86,3391
0.87,3390
0.87,3389
0.87,3388
0.87,3387
0.87,3386
0.88,3385
0.88,3384
0.88,3383
0.88,3382
0.88,3381
0.89,3380
0.89,3379
0.89,3378
0.89,3377
0.89,3376
0.90,3375
0.90,3374
0.90,3373
0.90,3372
0.91,3371
0.91,3370
0.91,3369
0.91,3368
0.91,3367
0.92,3366
0.92,3365
0.92,3364
0.92,3363
0.93,3362
0.93,3361
0.93,3360
0.93,3359
0.93,3358
0.94,3357
0.94,3356
0.94,3355
0.94,3354
0.94,3353
0.94,3352
0.95,3351
0.95,3350
0.95,3349
0.96,3348
0.96,3347
0.96,3346
0.96,3345
0.96,3344
0.97,3343
0.97,3342
0.97,3341
0.97,3340
0.97,3339
0.98,3338
0.98,3337
0.98,3336
0.98,3335
0.98,3334
0.99,3333
0.99,3332
0.99,3331
0.99,3330
0.99,3329
1.00,3328
1.00,3327
1.00,3326
1.00,3325
1.00,3324
1.01,3323
1.01,3322
1.01,3321
1.01,3320
1.01,3319
1.02,3318
1.02,3317
1.02,3316
1.02,3315
1.02,3314
1.03,3313
1.03,3312
1.03,3311
1.03,3310
1.03,3309
1.04,3308
1.04,3307
1.04,3306
1.04,3305
1.04,3304
1.05,3303
1.05,3302
1.05,3301
1.05,3300
1.05,3299
1.06,3298
1.06,3297
1.06,3296
1.06,3295
1.06,3294
1.06,3293
1.07,3292
1.07,3291
1.07,3290
1.07,3289
1.07,3288
1.08,3287
1.08,3286
1.08,3285
1.08,3284
1.09,3283
1.09,3282
1.09,3281
1.09,3280
1.09,3279
1.09,3278
1.10,3277
1.10,3276
1.10,3275
1.10,3274
1.10,3273
1.11,3272
1.11,3271
1.11,3270
1.11,3269
1.11,3268
1.12,3267
1.12,3266
1.12,3265
1.12,3264
1.12,3263
1.13,3262
1.13,3261
1.13,3260
1.13,3259
1.14,3258
1.14,3257
1.14,3256
1.14,3255
1.15,3254
1.15,3253
1.15,3252
1.15,3251
1.15,3250
1.16,3249
1.16,3248
1.16,3247
1.16,3246
1.17,3245
1.17,3244
1.17,3243
1.17,3242
1.18,3241
1.18,3240
1.18,3239
1.18,3238
1.19,3237
1.19,3236
1.19,3235
1.19,3234
1.19,3233
1.20,3232
1.20,3231
1.20,3230
1.20,3229
1.21,3228
1.21,3227
1.21,3226
1.21,3225
1.22,3224
1.22,3223
1.22,3222
1.22,3221
1.23,3220
1.23,3219
1.23,3218
1.23,3217
1.24,3216
1.24,3215
1.24,3214
1.24,3213
1.25,3212
1.25,3211
1.25,3210
1.25,3209
1.25,3208
1.26,3207
1.26,3206
1.26,3205
1.26,3204
1.27,3203
1.27,3202
1.27,3201
1.27,3200
1.28,3199
1.28,3198
1.28,3197
1.28,3196
1.29,3195
1.29,3194
1.29,3193
1.29,3192
1.30,3191
1.30,3190
1.30,3189
1.30,3188
1.31,3187
1.31,3186
1.31,3185
1.31,3184
1.32,3183
1.32,3182
1.32,3181
1.33,3180
1.33,3179
1.33,3178
1.33,3177
1.33,3176
1.34,3175
1.34,3174
1.34,3173
1.34,3172
1.34,3171
1.35,3170
1.35,3169
1.35,3168
1.35,3167
1.35,3166
1.35,3165
1.36,3164
1.36,3163
1.36,3162
1.36,3161
1.36,3160
1.37,3159
1.37,3158
1.37,3157
1.37,3156
1.37,3155
1.38,3154
1.38,3153
1.38,3152
1.38,3151
1.38,3150
1.39,3149
1.39,3148
1.39,3147
1.39,3146
1.39,3145
1.40,3144
1.40,3143
1.40,3142
1.40,3141
1.40,3140
1.41,3139
1.41,3138
1.41,3137
1.41,3136
1.41,3135
1.42,3134
1.42,3133
1.42,3132
1.42,3131
1.42,3130
1.43,3129
1.43,3128
1.43,3127
1.43,3126
1.43,3125
1.44,3124
1.44,3123
1.44,3122
1.44,3121
1.44,3120
1.45,3119
1.45,3118
1.45,3117
1.45,3116
1.45,3115
1.46,3114
1.46,3113
1.46,3112
1.46,3111
1.46,3110
1.47,3109
1.47,3108
1.47,3107
1.47,3106
1.47,3105
1.48,3104
1.48,3103
1.48,3102
1.48,3101
1.48,3100
1.49,3099
1.49,3098
1.49,3097
1.49,3096
1.49,3095
1.50,3094
1.50,3093
1.50,3092
1.50,3091
1.50,3090
1.51,3089
1.51,3088
1.51,3087
1.51,3086
1.51,3085
1.52,3084
1.52,3083
1.52,3082
1.52,3081
1.52,3080
1.53,3079
1.53,3078
1.53,3077
1.53,3076
1.53,3075
1.54,3074
1.54,3073
1.54,3072
1.54,3071
1.54,3070
1.54,3069
1.55,3068
1.55,3067
1.55,3066
1.55,3065
1.55,3064
1.56,3063
1.56,3062
1.56,3061
1.56,3060
1.57,3059
1.57,3058
1.57,3057
1.57,3056
1.57,3055
1.57,3054
1.58,3053
1.58,3052
1.58,3051
1.58,3050
1.58,3049
1.59,3048
1.59,3047
1.59,3046
1.59,3045
1.59,3044
1.60,3043
1.60,3042
1.60,3041
1.60,3040
1.60,3039
1.60,3038
1.61,3037
1.61,3036
1.61,3035
1.61,3034
1.61,3033
1.62,3032
1.62,3031
1.62,3030
1.62,3029
1.62,3028
1.63,3027
1.63,3026
1.63,3025
1.63,3024
1.63,3023
1.64,3022
1.64,3021
1.64,3020
1.64,3019
1.64,3018
1.64,3017
1.65,3016
1.65,3015
1.65,3014
1.65,3013
1.65,3012
1.66,3011
1.66,3010
1.66,3009
1.67,3008
1.67,3007
1.67,3006
1.67,3005
1.67,3004
1.67,3003
1.68,3002
1.68,3001
1.68,3000
1.68,2999
1.68,2998
1.69,2997
1.69,2996
1.69,2995
1.69,2994
1.69,2993
1.69,2992
1.70,2991
1.70,2990
1.70,2989
1.70,2988
1.70,2987
1.71,2986
1.71,2985
1.71,2984
1.71,2983
1.71,2982
1.71,2981
1.72,2980
1.72,2979
1.72,2978
1.72,2977
1.72,2976
1.73,2975
1.73,2974
1.73,2973
1.73,2972
1.73,2971
1.74,2970
1.74,2969
1.74,2968
1.74,2967
1.74,2966
1.74,2965
1.75,2964
1.75,2963
1.75,2962
1.75,2961
1.75,2960
1.76,2959
1.76,2958
1.76,2957
1.76,2956
1.76,2955
1.76,2954
1.77,2953
1.77,2952
1.77,2951
1.77,2950
1.77,2949
1.78,2948
1.78,2947
1.78,2946
1.78,2945
1.78,2944
1.79,2943
1.79,2942
1.79,2941
1.79,2940
1.79,2939
1.79,2938
1.80,2937
1.80,2936
1.80,2935
1.80,2934
1.80,2933
1.81,2932
1.81,2931
1.81,2930
1.81,2929
1.81,2928
1.82,2927
1.82,2926
1.82,2925
1.82,2924
1.82,2923
1.82,2922
1.83,2921
1.83,2920
1.83,2919
1.83,2918
1.83,2917
1.84,2916
1.84,2915
1.84,2914
1.84,2913
1.84,2912
1.85,2911
1.85,2910
1.85,2909
1.85,2908
1.85,2907
1.86,2906
1.86,2905
1.86,2904
1.86,2903
1.86,2902
1.86,2901
1.87,2900
1.87,2899
1.87,2898
1.87,2897
1.87,2896
1.88,2895
1.88,2894
1.88,2893
1.88,2892
1.88,2891
1.88,2890
1.89,2889
1.89,2888
1.89,2887
1.89,2886
1.89,2885
1.90,2884
1.90,2883
1.90,2882
1.90,2881
1.90,2880
1.90,2879
1.91,2878
1.91,2877
1.91,2876
1.91,2875
1.91,2874
1.92,2873
1.92,2872
1.92,2871
1.92,2870
1.92,2869
1.93,2868
1.93,2867
1.93,2866
1.93,2865
1.93,2864
1.93,2863
1.94,2862
1.94,2861
1.94,2860
1.94,2859
1.94,2858
1.95,2857
1.95,2856
1.95,2855
1.95,2854
1.95,2853
1.95,2852
1.96,2851
1.96,2850
1.96,2849
1.96,2848
1.96,2847
1.97,2846
1.97,2845
1.97,2844
1.97,2843
1.97,2842
1.98,2841
1.98,2840
1.98,2839
1.98,2838
1.98,2837
1.98,2836
1.99,2835
1.99,2834
1.99,2833
1.99,2832
1.99,2831
2.00,2830
2.00,2829
2.00,2828
2.00,2827
2.00,2826
2.00,2825
2.01,2824
2.01,2823
2.01,2822
2.01,2821
2.01,2820
2.02,2819
2.02,2818
2.02,2817
2.02,2816
2.03,2815
2.03,2814
2.03,2813
2.03,2812
2.03,2811
2.04,2810
2.04,2809
2.04,2808
2.04,2807
2.04,2806
2.05,2805
2.05,2804
2.05,2803
2.05,2802
2.06,2801
2.06,2800
2.06,2799
2.06,2798
2.06,2797
2.07,2796
2.07,2795
2.07,2794
2.07,2793
2.08,2792
2.08,2791
2.08,2790
2.08,2789
2.09,2788
2.09,2787
2.09,2786
2.09,2785
2.09,2784
2.10,2783
2.10,2782
2.10,2781
2.10,2780
2.11,2779
2.11,2778
2.11,2777
2.11,2776
2.12,2775
2.12,2774
2.12,2773
2.12,2772
2.12,2771
2.13,2770
2.13,2769
2.13,2768
2.13,2767
2.14,2766
2.14,2765
2.14,2764
2.14,2763
2.14,2762
2.15,2761
2.15,2760
2.15,2759
2.15,2758
2.16,2757
2.16,2756
2.16,2755
2.16,2754
2.17,2753
2.17,2752
2.17,2751
2.17,2750
2.17,2749
2.18,2748
2.18,2747
2.18,2746
2.18,2745
2.18,2744
2.19,2743
2.19,2742
2.19,2741
2.19,2740
2.20,2739
2.20,2738
2.20,2737
2.20,2736
2.20,2735
2.21,2734
2.21,2733
2.21,2732
2.21,2731
2.22,2730
2.22,2729
2.22,2728
2.22,2727
2.22,2726
2.23,2725
2.23,2724
2.23,2723
2.23,2722
2.24,2721
2.24,2720
2.24,2719
2.24,2718
2.24,2717
2.25,2716
2.25,2715
2.25,2714
2.25,2713
2.26,2712
2.26,2711
2.26,2710
2.26,2709
2.26,2708
2.27,2707
2.27,2706
2.27,2705
2.27,2704
2.28,2703
2.28,2702
2.28,2701
2.28,2700
2.29,2699
2.29,2698
2.29,2697
2.29,2696
2.29,2695
2.30,2694
2.30,2693
2.30,2692
2.30,2691
2.30,2690
2.31,2689
2.31,2688
2.31,2687
2.31,2686
2.32,2685
2.32,2684
2.32,2683
2.32,2682
2.32,2681
2.33,2680
2.33,2679
2.33,2678
2.33,2677
2.34,2676
2.34,2675
2.34,2674
2.34,2673
2.34,2672
2.35,2671
2.35,2670
2.35,2669
2.35,2668
2.36,2667
2.36,2666
2.36,2665
2.36,2664
2.36,2663
2.37,2662
2.37,2661
2.37,2660
2.37,2659
2.38,2658
2.38,2657
2.38,2656
2.38,2655
2.38,2654
2.39,2653
2.39,2652
2.39,2651
2.39,2650
2.40,2649
2.40,2648
2.40,2647
2.40,2646
2.40,2645
2.41,2644
2.41,2643
2.41,2642
2.41,2641
2.41,2640
2.42,2639
2.42,2638
2.43,2637
2.43,2636
2.43,2635
2.43,2634
2.43,2633
2.43,2632
2.44,2631
2.44,2630
2.44,2629
2.44,2628
2.44,2627
2.45,2626
2.45,2625
2.45,2624
2.45,2623
2.45,2622
2.46,2621
2.46,2620
2.46,2619
2.46,2618
2.46,2617
2.47,2616
2.47,2615
2.47,2614
2.47,2613
2.47,2612
2.47,2611
2.48,2610
2.48,2609
2.48,2608
2.48,2607
2.48,2606
2.49,2605
2.49,2604
2.49,2603
2.49,2602
2.49,2601
2.50,2600
2.50,2599
2.50,2598
2.50,2597
2.50,2596
2.50,2595
2.51,2594
2.51,2593
2.51,2592
2.51,2591
2.51,2590
2.52,2589
2.52,2588
2.52,2587
2.52,2586
2.52,2585
2.53,2584
2.53,2583
2.53,2582
2.53,2581
2.53,2580
2.54,2579
2.54,2578
2.54,2577
2.54,2576
2.54,2575
2.54,2574
2.55,2573
2.55,2572
2.55,2571
2.55,2570
2.55,2569
2.56,2568
2.56,2567
2.56,2566
2.56,2565
2.56,2564
2.57,2563
2.57,2562
2.57,2561
2.57,2560
2.57,2559
2.57,2558
2.58,2557
2.58,2556
2.58,2555
2.58,2554
2.58,2553
2.59,2552
2.59,2551
2.59,2550
2.59,2549
2.59,2548
2.60,2547
2.60,2546
2.60,2545
2.60,2544
2.60,2543
2.60,2542
2.61,2541
2.61,2540
2.61,2539
2.61,2538
2.61,2537
2.62,2536
2.62,2535
2.62,2534
2.62,2533
2.62,2532
2.63,2531
2.63,2530
2.63,2529
2.63,2528
2.63,2527
2.63,2526
2.64,2525
2.64,2524
2.64,2523
2.64,2522
2.64,2521
2.65,2520
2.65,2519
2.65,2518
2.65,2517
2.65,2516
2.66,2515
2.66,2514
2.66,2513
2.66,2512
2.66,2511
2.66,2510
2.67,2509
2.67,2508
2.67,2507
2.67,2506
2.67,2505
2.68,2504
2.68,2503
2.68,2502
2.68,2501
2.68,2500
2.68,2499
2.69,2498
2.69,2497
2.69,2496
2.69,2495
2.69,2494
2.70,2493
2.70,2492
2.70,2491
2.70,2490
2.70,2489
2.70,2488
2.71,2487
2.71,2486
2.71,2485
2.71,2484
2.71,2483
2.72,2482
2.72,2481
2.72,2480
2.72,2479
2.72,2478
2.73,2477
2.73,2476
2.73,2475
2.73,2474
2.73,2473
2.73,2472
2.74,2471
2.74,2470
2.74,2469
2.74,2468
2.74,2467
2.75,2466
2.75,2465
2.75,2464
2.75,2463
2.75,2462
2.76,2461
2.76,2460
2.76,2459
2.76,2458
2.76,2457
2.76,2456
2.77,2455
2.77,2454
2.77,2453
2.77,2452
2.77,2451
2.78,2450
2.78,2449
2.78,2448
2.78,2447
2.78,2446
2.78,2445
2.79,2444
2.79,2443
2.79,2442
2.79,2441
2.79,2440
2.80,2439
2.80,2438
2.80,2437
2.80,2436
2.80,2435
2.81,2434
2.81,2433
2.81,2432
2.81,2431
2.81,2430
2.81,2429
2.82,2428
2.82,2427
2.82,2426
2.82,2425
2.82,2424
2.83,2423
2.83,2422
2.83,2421
2.83,2420
2.83,2419
2.83,2418
2.84,2417
2.84,2416
2.84,2415
2.84,2414
2.84,2413
2.85,2412
2.85,2411
2.85,2410
2.85,2409
2.85,2408
2.85,2407
2.86,2406
2.86,2405
2.86,2404
2.86,2403
2.86,2402
2.87,2401
2.87,2400
2.87,2399
2.87,2398
2.87,2397
2.87,2396
2.88,2395
2.88,2394
2.88,2393
2.88,2392
2.88,2391
2.89,2390
2.89,2389
2.89,2388
2.89,2387
2.89,2386
2.90,2385
2.90,2384
2.90,2383
2.90,2382
2.90,2381
2.90,2380
2.91,2379
2.91,2378
2.91,2377
2.91,2376
2.91,2375
2.92,2374
2.92,2373
2.92,2372
2.92,2371
2.92,2370
2.92,2369
2.93,2368
2.93,2367
2.93,2366
2.93,2365
2.93,2364
2.94,2363
2.94,2362
2.94,2361
2.94,2360
