0.10,3630
0.16,3629
0.17,3628
0.18,3627
0.19,3626
0.20,3625
0.21,3624
0.21,3623
0.22,3622
0.23,3621
0.23,3620
0.24,3619
0.24,3618
0.25,3617
0.25,3616
0.26,3615
0.26,3614
0.27,3613
0.27,3612
0.28,3611
0.29,3610
0.29,3609
0.30,3608
0.30,3607
0.31,3606
0.31,3605
0.32,3604
0.32,3603
0.33,3602
0.33,3601
0.34,3600
0.34,3599
0.35,3598
0.35,3597
0.36,3596
0.36,3595
0.37,3594
0.37,3593
0.38,3592
0.38,3591
0.39,3590
0.39,3589
0.39,3588
0.40,3587
0.40,3586
0.41,3585
0.41,3584
0.41,3583
0.42,3582
0.42,3581
0.42,3580
0.43,3579
0.43,3578
0.43,3577
0.43,3576
0.44,3575
0.44,3574
0.44,3573
0.44,3572
0.45,3571
0.45,3570
0.45,3569
0.45,3568
0.45,3567
0.46,3566
0.46,3565
0.46,3564
0.46,3563
0.47,3562
0.47,3561
0.47,3560
0.47,3559
0.47,3558
0.48,3557
0.48,3556
0.48,3555
0.48,3554
0.48,3553
0.49,3552
0.49,3551
0.49,3550
0.49,3549
0.50,3548
0.50,3547
0.50,3546
0.50,3545
0.50,3544
0.51,3543
0.51,3542
0.51,3541
0.51,3540
0.51,3539
0.52,3538
0.52,3537
0.52,3536
0.52,3535
0.53,3534
0.53,3533
0.53,3532
0.53,3531
0.53,3530
0.54,3529
0.54,3528
0.54,3527
0.54,3526
0.54,3525
0.55,3524
0.55,3523
0.55,3522
0.55,3521
0.55,3520
0.56,3519
0.56,3518
0.56,3517
0.56,3516
0.57,3515
0.57,3514
0.57,3513
0.57,3512
0.58,3511
0.58,3510
0.58,3509
0.58,3508
0.59,3507
0.59,3506
0.59,3505
0.59,3504
0.59,3503
0.60,3502
0.60,3501
0.60,3500
0.61,3499
0.61,3498
0.61,3497
0.61,3496
0.62,3495
0.62,3494
0.62,3493
0.62,3492
0.62,3491
0.63,3490
0.63,3489
0.63,3488
0.63,3487
0.63,3486
0.64,3485
0.64,3484
0.64,3483
0.64,3482
0.64,3481
0.65,3480
0.65,3479
0.65,3478
0.65,3477
0.65,3476
0.66,3475
0.66,3474
0.66,3473
0.66,3472
0.66,3471
0.67,3470
0.67,3469
0.67,3468
0.67,3467
0.67,3466
0.68,3465
0.68,3464
0.68,3463
0.68,3462
0.68,3461
0.69,3460
0.69,3459
0.69,3458
0.69,3457
0.70,3456
0.70,3455
0.70,3454
0.70,3453
0.70,3452
0.71,3451
0.71,3450
0.71,3449
0.71,3448
0.71,3447
0.72,3446
0.72,3445
0.72,3444
0.72,3443
0.72,3442
0.73,3441
0.73,3440
0.73,3439
0.73,3438
0.74,3437
0.74,3436
0.74,3435
0.74,3434
0.74,3433
0.75,3432
0.75,3431
0.75,3430
0.75,3429
0.76,3428
0.76,3427
0.76,3426
0.76,3425
0.76,3424
0.77,3423
0.77,3422
0.77,3421
0.77,3420
0.78,3419
0.78,3418
0.78,3417
0.78,3416
0.79,3415
0.79,3414
0.79,3413
0.79,3412
0.79,3411
0.80,3410
0.80,3409
0.80,3408
0.80,3407
0.80,3406
0.81,3405
0.81,3404
0.81,3403
0.81,3402
0.81,3401
0.82,3400
0.82,3399
0.82,3398
0.82,3397
0.82,3396
0.83,3395
0.83,3394
0.83,3393
0.83,3392
0.83,3391
0.84,3390
0.84,3389
0.84,3388
0.84,3387
0.84,3386
0.85,3385
0.85,3384
0.85,3383
0.85,3382
0.85,3381
0.86,3380
0.86,3379
0.86,3378
0.86,3377
0.86,3376
0.87,3375
0.87,3374
0.87,3373
0.87,3372
0.87,3371
0.88,3370
0.88,3369
0.88,3368
0.88,3367
0.88,3366
0.89,3365
0.89,3364
0.89,3363
0.89,3362
0.89,3361
0.90,3360
0.90,3359
0.90,3358
0.90,3357
0.90,3356
0.91,3355
0.91,3354
0.91,3353
0.91,3352
0.91,3351
0.92,3350
0.92,3349
0.92,3348
0.92,3347
0.92,3346
0.93,3345
0.93,3344
0.93,3343
0.93,3342
0.93,3341
0.93,3340
0.94,3339
0.94,3338
0.94,3337
0.94,3336
0.95,3335
0.95,3334
0.95,3333
0.95,3332
0.96,3331
0.96,3330
0.96,3329
0.96,3328
0.96,3327
0.97,3326
0.97,3325
0.97,3324
0.97,3323
0.97,3322
0.98,3321
0.98,3320
0.98,3319
0.98,3318
0.99,3317
0.99,3316
0.99,3315
0.99,3314
0.99,3313
0.99,3312
1.00,3311
1.00,3310
1.00,3309
1.00,3308
1.01,3307
1.01,3306
1.01,3305
1.01,3304
1.01,3303
1.01,3302
1.02,3301
1.02,3300
1.02,3299
1.02,3298
1.02,3297
1.03,3296
1.03,3295
1.03,3294
1.03,3293
1.03,3292
1.04,3291
1.04,3290
1.04,3289
1.04,3288
1.04,3287
1.05,3286
1.05,3285
1.05,3284
1.05,3283
1.06,3282
1.06,3281
1.06,3280
1.06,3279
1.06,3278
1.07,3277
1.07,3276
1.07,3275
1.07,3274
1.07,3273
1.08,3272
1.08,3271
1.08,3270
1.08,3269
1.08,3268
1.08,3267
1.09,3266
1.09,3265
1.09,3264
1.09,3263
1.10,3262
1.10,3261
1.10,3260
1.10,3259
1.10,3258
1.10,3257
1.11,3256
1.11,3255
1.11,3254
1.11,3253
1.12,3252
1.12,3251
1.12,3250
1.12,3249
1.12,3248
1.13,3247
1.13,3246
1.13,3245
1.13,3244
1.14,3243
1.14,3242
1.14,3241
1.14,3240
1.15,3239
1.15,3238
1.15,3237
1.15,3236
1.15,3235
1.16,3234
1.16,3233
1.16,3232
1.16,3231
1.17,3230
1.17,3229
1.17,3228
1.17,3227
1.18,3226
1.18,3225
1.18,3224
1.18,3223
1.19,3222
1.19,3221
1.19,3220
1.19,3219
1.20,3218
1.20,3217
1.20,3216
1.20,3215
1.20,3214
1.21,3213
1.21,3212
1.21,3211
1.21,3210
1.22,3209
1.22,3208
1.22,3207
1.22,3206
1.23,3205
1.23,3204
1.23,3203
1.23,3202
1.24,3201
1.24,3200
1.24,3199
1.24,3198
1.25,3197
1.25,3196
1.25,3195
1.25,3194
1.26,3193
1.26,3192
1.26,3191
1.26,3190
1.27,3189
1.27,3188
1.27,3187
1.27,3186
1.27,3185
1.28,3184
1.28,3183
1.28,3182
1.28,3181
1.29,3180
1.29,3179
1.29,3178
1.29,3177
1.30,3176
1.30,3175
1.30,3174
1.30,3173
1.31,3172
1.31,3171
1.31,3170
1.31,3169
1.32,3168
1.32,3167
1.32,3166
1.33,3165
1.33,3164
1.33,3163
1.33,3162
1.33,3161
1.33,3160
1.34,3159
1.34,3158
1.34,3157
1.34,3156
1.34,3155
1.35,3154
1.35,3153
1.35,3152
1.35,3151
1.35,3150
1.36,3149
1.36,3148
1.36,3147
1.36,3146
1.36,3145
1.37,3144
1.37,3143
1.37,3142
1.37,3141
1.37,3140
1.38,3139
1.38,3138
1.38,3137
1.38,3136
1.38,3135
1.38,3134
1.39,3133
1.39,3132
1.39,3131
1.39,3130
1.39,3129
1.40,3128
1.40,3127
1.40,3126
1.40,3125
1.40,3124
1.41,3123
1.41,3122
1.41,3121
1.41,3120
1.41,3119
1.42,3118
1.42,3117
1.42,3116
1.42,3115
1.42,3114
1.43,3113
1.43,3112
1.43,3111
1.43,3110
1.43,3109
1.43,3108
1.44,3107
1.44,3106
1.44,3105
1.44,3104
1.44,3103
1.45,3102
1.45,3101
1.45,3100
1.45,3099
1.45,3098
1.46,3097
1.46,3096
1.46,3095
1.46,3094
1.46,3093
1.46,3092
1.47,3091
1.47,3090
1.47,3089
1.47,3088
1.47,3087
1.48,3086
1.48,3085
1.48,3084
1.48,3083
1.48,3082
1.49,3081
1.49,3080
1.49,3079
1.49,3078
1.49,3077
1.50,3076
1.50,3075
1.50,3074
1.50,3073
1.50,3072
1.51,3071
1.51,3070
1.51,3069
1.51,3068
1.51,3067
1.51,3066
1.52,3065
1.52,3064
1.52,3063
1.52,3062
1.52,3061
1.53,3060
1.53,3059
1.53,3058
1.53,3057
1.53,3056
1.54,3055
1.54,3054
1.54,3053
1.54,3052
1.54,3051
1.54,3050
1.55,3049
1.55,3048
1.55,3047
1.55,3046
1.55,3045
1.56,3044
1.56,3043
1.56,3042
1.56,3041
1.56,3040
1.57,3039
1.57,3038
1.57,3037
1.57,3036
1.57,3035
1.58,3034
1.58,3033
1.58,3032
1.58,3031
1.58,3030
1.59,3029
1.59,3028
1.59,3027
1.59,3026
1.59,3025
1.60,3024
1.60,3023
1.60,3022
1.60,3021
1.60,3020
1.60,3019
1.61,3018
1.61,3017
1.61,3016
1.61,3015
1.61,3014
1.62,3013
1.62,3012
1.62,3011
1.62,3010
1.62,3009
1.63,3008
1.63,3007
1.63,3006
1.63,3005
1.63,3004
1.63,3003
1.64,3002
1.64,3001
1.64,3000
1.64,2999
1.64,2998
1.64,2997
1.65,2996
1.65,2995
1.65,2994
1.65,2993
1.65,2992
1.66,2991
1.66,2990
1.66,2989
1.66,2988
1.67,2987
1.67,2986
1.67,2985
1.67,2984
1.67,2983
1.68,2982
1.68,2981
1.68,2980
1.68,2979
1.68,2978
1.69,2977
1.69,2976
1.69,2975
1.69,2974
1.69,2973
1.70,2972
1.70,2971
1.70,2970
1.70,2969
1.70,2968
1.70,2967
1.71,2966
1.71,2965
1.71,2964
1.71,2963
1.72,2962
1.72,2961
1.72,2960
1.72,2959
1.72,2958
1.73,2957
1.73,2956
1.73,2955
1.73,2954
1.73,2953
1.74,2952
1.74,2951
1.74,2950
1.74,2949
1.74,2948
1.75,2947
1.75,2946
1.75,2945
1.75,2944
1.75,2943
1.75,2942
1.76,2941
1.76,2940
1.76,2939
1.76,2938
1.76,2937
1.77,2936
1.77,2935
1.77,2934
1.77,2933
1.77,2932
1.78,2931
1.78,2930
1.78,2929
1.78,2928
1.78,2927
1.79,2926
1.79,2925
1.79,2924
1.79,2923
1.79,2922
1.80,2921
1.80,2920
1.80,2919
1.80,2918
1.80,2917
1.80,2916
1.81,2915
1.81,2914
1.81,2913
1.81,2912
1.81,2911
1.82,2910
1.82,2909
1.82,2908
1.82,2907
1.82,2906
1.83,2905
1.83,2904
1.83,2903
1.83,2902
1.83,2901
1.83,2900
1.84,2899
1.84,2898
1.84,2897
1.84,2896
1.84,2895
1.85,2894
1.85,2893
1.85,2892
1.85,2891
1.85,2890
1.86,2889
1.86,2888
1.86,2887
1.86,2886
1.86,2885
1.87,2884
1.87,2883
1.87,2882
1.87,2881
1.87,2880
1.88,2879
1.88,2878
1.88,2877
1.88,2876
1.88,2875
1.89,2874
1.89,2873
1.89,2872
1.89,2871
1.89,2870
1.90,2869
1.90,2868
1.90,2867
1.90,2866
1.90,2865
1.90,2864
1.91,2863
1.91,2862
1.91,2861
1.91,2860
1.91,2859
1.92,2858
1.92,2857
1.92,2856
1.92,2855
1.92,2854
1.93,2853
1.93,2852
1.93,2851
1.93,2850
1.93,2849
1.94,2848
1.94,2847
1.94,2846
1.94,2845
1.94,2844
1.94,2843
1.95,2842
1.95,2841
1.95,2840
1.95,2839
1.95,2838
1.96,2837
1.96,2836
1.96,2835
1.96,2834
1.96,2833
1.97,2832
1.97,2831
1.97,2830
1.97,2829
1.97,2828
1.98,2827
1.98,2826
1.98,2825
1.98,2824
1.98,2823
1.98,2822
1.99,2821
1.99,2820
1.99,2819
1.99,2818
1.99,2817
2.00,2816
2.00,2815
2.00,2814
2.00,2813
2.00,2812
2.00,2811
2.01,2810
2.01,2809
2.01,2808
2.01,2807
2.01,2806
2.02,2805
2.02,2804
2.02,2803
2.02,2802
2.02,2801
2.03,2800
2.03,2799
2.03,2798
2.03,2797
2.04,2796
2.04,2795
2.04,2794
2.04,2793
2.04,2792
2.05,2791
2.05,2790
2.05,2789
2.05,2788
2.06,2787
2.06,2786
2.06,2785
2.06,2784
2.07,2783
2.07,2782
2.07,2781
2.07,2780
2.07,2779
2.08,2778
2.08,2777
2.08,2776
2.08,2775
2.09,2774
2.09,2773
2.09,2772
2.09,2771
2.10,2770
2.10,2769
2.10,2768
2.10,2767
2.10,2766
2.11,2765
2.11,2764
2.11,2763
2.11,2762
2.12,2761
2.12,2760
2.12,2759
2.12,2758
2.13,2757
2.13,2756
2.13,2755
2.13,2754
2.13,2753
2.14,2752
2.14,2751
2.14,2750
2.14,2749
2.15,2748
2.15,2747
2.15,2746
2.15,2745
2.15,2744
2.16,2743
2.16,2742
2.16,2741
2.16,2740
2.17,2739
2.17,2738
2.17,2737
2.17,2736
2.18,2735
2.18,2734
2.18,2733
2.18,2732
2.18,2731
2.19,2730
2.19,2729
2.19,2728
2.19,2727
2.20,2726
2.20,2725
2.20,2724
2.20,2723
2.20,2722
2.21,2721
2.21,2720
2.21,2719
2.21,2718
2.22,2717
2.22,2716
2.22,2715
2.22,2714
2.23,2713
2.23,2712
2.23,2711
2.23,2710
2.23,2709
2.24,2708
2.24,2707
2.24,2706
2.24,2705
2.25,2704
2.25,2703
2.25,2702
2.25,2701
2.25,2700
2.26,2699
2.26,2698
2.26,2697
2.26,2696
2.27,2695
2.27,2694
2.27,2693
2.27,2692
2.28,2691
2.28,2690
2.28,2689
2.28,2688
2.28,2687
2.29,2686
2.29,2685
2.29,2684
2.29,2683
2.30,2682
2.30,2681
2.30,2680
2.30,2679
2.30,2678
2.31,2677
2.31,2676
2.31,2675
2.31,2674
2.32,2673
2.32,2672
2.32,2671
2.32,2670
2.32,2669
2.33,2668
2.33,2667
2.33,2666
2.33,2665
2.34,2664
2.34,2663
2.34,2662
2.34,2661
2.34,2660
2.35,2659
2.35,2658
2.35,2657
2.35,2656
2.36,2655
2.36,2654
2.36,2653
2.36,2652
2.36,2651
2.37,2650
2.37,2649
2.37,2648
2.37,2647
2.38,2646
2.38,2645
2.38,2644
2.38,2643
2.38,2642
2.39,2641
2.39,2640
2.39,2639
2.39,2638
2.40,2637
2.40,2636
2.40,2635
2.40,2634
2.40,2633
2.41,2632
2.41,2631
2.41,2630
2.41,2629
2.42,2628
2.42,2627
2.42,2626
2.42,2625
2.42,2624
2.43,2623
2.43,2622
2.43,2621
2.44,2620
2.44,2619
2.44,2618
2.44,2617
2.44,2616
2.45,2615
2.45,2614
2.45,2613
2.45,2612
2.45,2611
2.45,2610
2.46,2609
2.46,2608
2.46,2607
2.46,2606
2.46,2605
2.47,2604
2.47,2603
2.47,2602
2.47,2601
2.47,2600
2.48,2599
2.48,2598
2.48,2597
2.48,2596
2.48,2595
2.48,2594
2.49,2593
2.49,2592
2.49,2591
2.49,2590
2.49,2589
2.50,2588
2.50,2587
2.50,2586
2.50,2585
2.50,2584
2.50,2583
2.51,2582
2.51,2581
2.51,2580
2.51,2579
2.51,2578
2.52,2577
2.52,2576
2.52,2575
2.52,2574
2.52,2573
2.52,2572
2.53,2571
2.53,2570
2.53,2569
2.53,2568
2.53,2567
2.54,2566
2.54,2565
2.54,2564
2.54,2563
2.54,2562
2.54,2561
2.55,2560
2.55,2559
2.55,2558
2.55,2557
2.55,2556
2.55,2555
2.56,2554
2.56,2553
2.56,2552
2.56,2551
2.56,2550
2.57,2549
2.57,2548
2.57,2547
2.57,2546
2.57,2545
2.57,2544
2.58,2543
2.58,2542
2.58,2541
2.58,2540
2.58,2539
2.59,2538
2.59,2537
2.59,2536
2.59,2535
2.59,2534
2.59,2533
2.60,2532
2.60,2531
2.60,2530
2.60,2529
2.60,2528
2.61,2527
2.61,2526
2.61,2525
2.61,2524
2.61,2523
2.61,2522
2.62,2521
2.62,2520
2.62,2519
2.62,2518
2.62,2517
2.62,2516
2.63,2515
2.63,2514
2.63,2513
2.63,2512
2.63,2511
2.64,2510
2.64,2509
2.64,2508
2.64,2507
2.64,2506
2.64,2505
2.65,2504
2.65,2503
2.65,2502
2.65,2501
2.65,2500
2.66,2499
2.66,2498
2.66,2497
2.66,2496
2.66,2495
2.66,2494
2.67,2493
2.67,2492
2.67,2491
2.67,2490
2.67,2489
2.67,2488
2.68,2487
2.68,2486
2.68,2485
2.68,2484
2.68,2483
2.69,2482
2.69,2481
2.69,2480
2.69,2479
2.69,2478
2.70,2477
2.70,2476
2.70,2475
2.70,2474
2.70,2473
2.70,2472
2.71,2471
2.71,2470
2.71,2469
2.71,2468
2.71,2467
2.72,2466
2.72,2465
2.72,2464
2.72,2463
2.72,2462
2.72,2461
2.73,2460
2.73,2459
2.73,2458
2.73,2457
2.73,2456
2.73,2455
2.74,2454
2.74,2453
2.74,2452
2.74,2451
2.74,2450
2.75,2449
2.75,2448
2.75,2447
2.75,2446
2.75,2445
2.75,2444
2.76,2443
2.76,2442
2.76,2441
2.76,2440
2.76,2439
2.76,2438
2.77,2437
2.77,2436
2.77,2435
2.77,2434
2.77,2433
2.78,2432
2.78,2431
2.78,2430
2.78,2429
2.78,2428
2.78,2427
2.79,2426
2.79,2425
2.79,2424
2.79,2423
2.79,2422
2.79,2421
2.80,2420
2.80,2419
2.80,2418
2.80,2417
2.80,2416
2.80,2415
2.81,2414
2.81,2413
2.81,2412
2.81,2411
2.81,2410
2.82,2409
2.82,2408
2.82,2407
2.82,2406
2.82,2405
2.82,2404
2.83,2403
2.83,2402
2.83,2401
2.83,2400
2.83,2399
2.83,2398
2.84,2397
2.84,2396
2.84,2395
2.84,2394
2.84,2393
2.85,2392
2.85,2391
2.85,2390
2.85,2389
2.85,2388
2.85,2387
2.86,2386
2.86,2385
2.86,2384
2.86,2383
2.86,2382
2.87,2381
2.87,2380
2.87,2379
