0.10,3652
0.17,3651
0.18,3650
0.19,3649
0.20,3648
0.21,3647
0.22,3646
0.23,3645
0.24,3644
0.25,3643
0.26,3642
0.26,3641
0.27,3640
0.27,3639
0.28,3638
0.28,3637
0.29,3636
0.30,3635
0.30,3634
0.31,3633
0.31,3632
0.32,3631
0.32,3630
0.33,3629
0.34,3628
0.34,3627
0.35,3626
0.35,3625
0.36,3624
0.36,3623
0.37,3622
0.37,3621
0.38,3620
0.38,3619
0.39,3618
0.39,3617
0.40,3616
0.40,3615
0.41,3614
0.41,3613
0.41,3612
0.42,3611
0.42,3610
0.42,3609
0.43,3608
0.43,3607
0.44,3606
0.44,3605
0.44,3604
0.44,3603
0.45,3602
0.45,3601
0.45,3600
0.45,3599
0.46,3598
0.46,3597
0.46,3596
0.46,3595
0.47,3594
0.47,3593
0.47,3592
0.47,3591
0.48,3590
0.48,3589
0.48,3588
0.48,3587
0.49,3586
0.49,3585
0.49,3584
0.49,3583
0.50,3582
0.50,3581
0.50,3580
0.50,3579
0.50,3578
0.51,3577
0.51,3576
0.51,3575
0.51,3574
0.51,3573
0.52,3572
0.52,3571
0.52,3570
0.52,3569
0.53,3568
0.53,3567
0.53,3566
0.53,3565
0.54,3564
0.54,3563
0.54,3562
0.54,3561
0.54,3560
0.55,3559
0.55,3558
0.55,3557
0.55,3556
0.56,3555
0.56,3554
0.56,3553
0.56,3552
0.57,3551
0.57,3550
0.57,3549
0.57,3548
0.57,3547
0.58,3546
0.58,3545
0.58,3544
0.58,3543
0.59,3542
0.59,3541
0.59,3540
0.59,3539
0.60,3538
0.60,3537
0.60,3536
0.60,3535
0.60,3534
0.61,3533
0.61,3532
0.61,3531
0.61,3530
0.62,3529
0.62,3528
0.62,3527
0.62,3526
0.63,3525
0.63,3524
0.63,3523
0.64,3522
0.64,3521
0.64,3520
0.64,3519
0.64,3518
0.65,3517
0.65,3516
0.65,3515
0.65,3514
0.65,3513
0.66,3512
0.66,3511
0.66,3510
0.66,3509
0.67,3508
0.67,3507
0.67,3506
0.67,3505
0.67,3504
0.68,3503
0.68,3502
0.68,3501
0.68,3500
0.69,3499
0.69,3498
0.69,3497
0.69,3496
0.69,3495
0.70,3494
0.70,3493
0.70,3492
0.70,3491
0.70,3490
0.71,3489
0.71,3488
0.71,3487
0.71,3486
0.72,3485
0.72,3484
0.72,3483
0.72,3482
0.72,3481
0.73,3480
0.73,3479
0.73,3478
0.73,3477
0.74,3476
0.74,3475
0.74,3474
0.74,3473
0.74,3472
0.75,3471
0.75,3470
0.75,3469
0.75,3468
0.75,3467
0.76,3466
0.76,3465
0.76,3464
0.76,3463
0.77,3462
0.77,3461
0.77,3460
0.77,3459
0.77,3458
0.78,3457
0.78,3456
0.78,3455
0.78,3454
0.79,3453
0.79,3452
0.79,3451
0.79,3450
0.79,3449
0.80,3448
0.80,3447
0.80,3446
0.80,3445
0.80,3444
0.81,3443
0.81,3442
0.81,3441
0.82,3440
0.82,3439
0.82,3438
0.82,3437
0.83,3436
0.83,3435
0.83,3434
0.83,3433
0.83,3432
0.84,3431
0.84,3430
0.84,3429
0.84,3428
0.85,3427
0.85,3426
0.85,3425
0.85,3424
0.86,3423
0.86,3422
0.86,3421
0.86,3420
0.86,3419
0.87,3418
0.87,3417
0.87,3416
0.87,3415
0.88,3414
0.88,3413
0.88,3412
0.88,3411
0.88,3410
0.89,3409
0.89,3408
0.89,3407
0.89,3406
0.90,3405
0.90,3404
0.90,3403
0.90,3402
0.91,3401
0.91,3400
0.91,3399
0.91,3398
0.91,3397
0.92,3396
0.92,3395
0.92,3394
0.92,3393
0.93,3392
0.93,3391
0.93,3390
0.93,3389
0.93,3388
0.94,3387
0.94,3386
0.94,3385
0.94,3384
0.94,3383
0.95,3382
0.95,3381
0.95,3380
0.95,3379
0.96,3378
0.96,3377
0.96,3376
0.96,3375
0.96,3374
0.97,3373
0.97,3372
0.97,3371
0.97,3370
0.97,3369
0.98,3368
0.98,3367
0.98,3366
0.98,3365
0.99,3364
0.99,3363
0.99,3362
0.99,3361
0.99,3360
1.00,3359
1.00,3358
1.00,3357
1.01,3356
1.01,3355
1.01,3354
1.01,3353
1.01,3352
1.02,3351
1.02,3350
1.02,3349
1.02,3348
1.02,3347
1.03,3346
1.03,3345
1.03,3344
1.03,3343
1.03,3342
1.04,3341
1.04,3340
1.04,3339
1.04,3338
1.05,3337
1.05,3336
1.05,3335
1.05,3334
1.05,3333
1.06,3332
1.06,3331
1.06,3330
1.06,3329
1.06,3328
1.07,3327
1.07,3326
1.07,3325
1.07,3324
1.07,3323
1.08,3322
1.08,3321
1.08,3320
1.08,3319
1.08,3318
1.09,3317
1.09,3316
1.09,3315
1.09,3314
1.09,3313
1.10,3312
1.10,3311
1.10,3310
1.10,3309
1.11,3308
1.11,3307
1.11,3306
1.11,3305
1.11,3304
1.12,3303
1.12,3302
1.12,3301
1.12,3300
1.12,3299
1.13,3298
1.13,3297
1.13,3296
1.13,3295
1.13,3294
1.14,3293
1.14,3292
1.14,3291
1.14,3290
1.14,3289
1.15,3288
1.15,3287
1.15,3286
1.15,3285
1.15,3284
1.16,3283
1.16,3282
1.16,3281
1.16,3280
1.16,3279
1.17,3278
1.17,3277
1.17,3276
1.17,3275
1.17,3274
1.18,3273
1.18,3272
1.18,3271
1.18,3270
1.18,3269
1.19,3268
1.19,3267
1.19,3266
1.19,3265
1.20,3264
1.20,3263
1.20,3262
1.20,3261
1.21,3260
1.21,3259
1.21,3258
1.21,3257
1.21,3256
1.22,3255
1.22,3254
1.22,3253
1.22,3252
1.23,3251
1.23,3250
1.23,3249
1.23,3248
1.24,3247
1.24,3246
1.24,3245
1.24,3244
1.25,3243
1.25,3242
1.25,3241
1.25,3240
1.26,3239
1.26,3238
1.26,3237
1.26,3236
1.27,3235
1.27,3234
1.27,3233
1.27,3232
1.28,3231
1.28,3230
1.28,3229
1.28,3228
1.29,3227
1.29,3226
1.29,3225
1.29,3224
1.29,3223
1.30,3222
1.30,3221
1.30,3220
1.30,3219
1.31,3218
1.31,3217
1.31,3216
1.31,3215
1.32,3214
1.32,3213
1.32,3212
1.32,3211
1.33,3210
1.33,3209
1.33,3208
1.33,3207
1.34,3206
1.34,3205
1.34,3204
1.34,3203
1.35,3202
1.35,3201
1.35,3200
1.36,3199
1.36,3198
1.36,3197
1.36,3196
1.37,3195
1.37,3194
1.37,3193
1.37,3192
1.38,3191
1.38,3190
1.38,3189
1.39,3188
1.39,3187
1.39,3186
1.39,3185
1.40,3184
1.40,3183
1.40,3182
1.40,3181
1.41,3180
1.41,3179
1.41,3178
1.41,3177
1.41,3176
1.42,3175
1.42,3174
1.42,3173
1.42,3172
1.42,3171
1.43,3170
1.43,3169
1.43,3168
1.43,3167
1.43,3166
1.44,3165
1.44,3164
1.44,3163
1.44,3162
1.44,3161
1.45,3160
1.45,3159
1.45,3158
1.45,3157
1.46,3156
1.46,3155
1.46,3154
1.46,3153
1.46,3152
1.47,3151
1.47,3150
1.47,3149
1.47,3148
1.47,3147
1.48,3146
1.48,3145
1.48,3144
1.48,3143
1.49,3142
1.49,3141
1.49,3140
1.49,3139
1.49,3138
1.50,3137
1.50,3136
1.50,3135
1.50,3134
1.51,3133
1.51,3132
1.51,3131
1.51,3130
1.51,3129
1.52,3128
1.52,3127
1.52,3126
1.52,3125
1.52,3124
1.53,3123
1.53,3122
1.53,3121
1.53,3120
1.53,3119
1.54,3118
1.54,3117
1.54,3116
1.54,3115
1.54,3114
1.55,3113
1.55,3112
1.55,3111
1.55,3110
1.55,3109
1.56,3108
1.56,3107
1.56,3106
1.56,3105
1.56,3104
1.57,3103
1.57,3102
1.57,3101
1.57,3100
1.57,3099
1.58,3098
1.58,3097
1.58,3096
1.58,3095
1.59,3094
1.59,3093
1.59,3092
1.59,3091
1.59,3090
1.60,3089
1.60,3088
1.60,3087
1.60,3086
1.60,3085
1.61,3084
1.61,3083
1.61,3082
1.61,3081
1.61,3080
1.62,3079
1.62,3078
1.62,3077
1.62,3076
1.62,3075
1.63,3074
1.63,3073
1.63,3072
1.63,3071
1.63,3070
1.64,3069
1.64,3068
1.64,3067
1.64,3066
1.65,3065
1.65,3064
1.65,3063
1.65,3062
1.65,3061
1.66,3060
1.66,3059
1.66,3058
1.66,3057
1.67,3056
1.67,3055
1.67,3054
1.67,3053
1.67,3052
1.68,3051
1.68,3050
1.68,3049
1.68,3048
1.68,3047
1.69,3046
1.69,3045
1.69,3044
1.69,3043
1.69,3042
1.70,3041
1.70,3040
1.70,3039
1.70,3038
1.70,3037
1.71,3036
1.71,3035
1.71,3034
1.71,3033
1.71,3032
1.72,3031
1.72,3030
1.72,3029
1.72,3028
1.72,3027
1.73,3026
1.73,3025
1.73,3024
1.73,3023
1.73,3022
1.74,3021
1.74,3020
1.74,3019
1.74,3018
1.74,3017
1.75,3016
1.75,3015
1.75,3014
1.76,3013
1.76,3012
1.76,3011
1.76,3010
1.76,3009
1.77,3008
1.77,3007
1.77,3006
1.77,3005
1.77,3004
1.78,3003
1.78,3002
1.78,3001
1.78,3000
1.78,2999
1.79,2998
1.79,2997
1.79,2996
1.79,2995
1.79,2994
1.80,2993
1.80,2992
1.80,2991
1.80,2990
1.80,2989
1.81,2988
1.81,2987
1.81,2986
1.81,2985
1.81,2984
1.82,2983
1.82,2982
1.82,2981
1.82,2980
1.82,2979
1.83,2978
1.83,2977
1.83,2976
1.83,2975
1.83,2974
1.84,2973
1.84,2972
1.84,2971
1.84,2970
1.84,2969
1.85,2968
1.85,2967
1.85,2966
1.85,2965
1.85,2964
1.86,2963
1.86,2962
1.86,2961
1.86,2960
1.86,2959
1.87,2958
1.87,2957
1.87,2956
1.87,2955
1.87,2954
1.88,2953
1.88,2952
1.88,2951
1.88,2950
1.88,2949
1.89,2948
1.89,2947
1.89,2946
1.89,2945
1.89,2944
1.90,2943
1.90,2942
1.90,2941
1.90,2940
1.90,2939
1.91,2938
1.91,2937
1.91,2936
1.91,2935
1.91,2934
1.92,2933
1.92,2932
1.92,2931
1.92,2930
1.92,2929
1.93,2928
1.93,2927
1.93,2926
1.93,2925
1.93,2924
1.94,2923
1.94,2922
1.94,2921
1.94,2920
1.94,2919
1.95,2918
1.95,2917
1.95,2916
1.95,2915
1.95,2914
1.95,2913
1.96,2912
1.96,2911
1.96,2910
1.96,2909
1.96,2908
1.97,2907
1.97,2906
1.97,2905
1.97,2904
1.97,2903
1.98,2902
1.98,2901
1.98,2900
1.98,2899
1.98,2898
1.99,2897
1.99,2896
1.99,2895
1.99,2894
1.99,2893
2.00,2892
2.00,2891
2.00,2890
2.00,2889
2.00,2888
2.01,2887
2.01,2886
2.01,2885
2.01,2884
2.01,2883
2.02,2882
2.02,2881
2.02,2880
2.02,2879
2.02,2878
2.03,2877
2.03,2876
2.03,2875
2.03,2874
2.03,2873
2.04,2872
2.04,2871
2.04,2870
2.04,2869
2.04,2868
2.05,2867
2.05,2866
2.05,2865
2.05,2864
2.05,2863
2.06,2862
2.06,2861
2.06,2860
2.06,2859
2.06,2858
2.07,2857
2.07,2856
2.07,2855
2.07,2854
2.07,2853
2.08,2852
2.08,2851
2.08,2850
2.08,2849
2.08,2848
2.09,2847
2.09,2846
2.09,2845
2.09,2844
2.09,2843
2.09,2842
2.10,2841
2.10,2840
2.10,2839
2.10,2838
2.10,2837
2.11,2836
2.11,2835
2.11,2834
2.11,2833
2.11,2832
2.12,2831
2.12,2830
2.12,2829
2.12,2828
2.12,2827
2.13,2826
2.13,2825
2.13,2824
2.13,2823
2.14,2822
2.14,2821
2.14,2820
2.14,2819
2.15,2818
2.15,2817
2.15,2816
2.15,2815
2.15,2814
2.16,2813
2.16,2812
2.16,2811
2.16,2810
2.16,2809
2.17,2808
2.17,2807
2.17,2806
2.17,2805
2.18,2804
2.18,2803
2.18,2802
2.18,2801
2.18,2800
2.19,2799
2.19,2798
2.19,2797
2.19,2796
2.20,2795
2.20,2794
2.20,2793
2.20,2792
2.21,2791
2.21,2790
2.21,2789
2.21,2788
2.21,2787
2.22,2786
2.22,2785
2.22,2784
2.22,2783
2.23,2782
2.23,2781
2.23,2780
2.23,2779
2.24,2778
2.24,2777
2.24,2776
2.24,2775
2.24,2774
2.25,2773
2.25,2772
2.25,2771
2.25,2770
2.26,2769
2.26,2768
2.26,2767
2.26,2766
2.27,2765
2.27,2764
2.27,2763
2.27,2762
2.27,2761
2.28,2760
2.28,2759
2.28,2758
2.28,2757
2.29,2756
2.29,2755
2.29,2754
2.29,2753
2.30,2752
2.30,2751
2.30,2750
2.30,2749
2.31,2748
2.31,2747
2.31,2746
2.31,2745
2.32,2744
2.32,2743
2.32,2742
2.32,2741
2.32,2740
2.33,2739
2.33,2738
2.33,2737
2.33,2736
2.34,2735
2.34,2734
2.34,2733
2.34,2732
2.35,2731
2.35,2730
2.35,2729
2.35,2728
2.35,2727
2.36,2726
2.36,2725
2.36,2724
2.36,2723
2.37,2722
2.37,2721
2.37,2720
2.37,2719
2.38,2718
2.38,2717
2.38,2716
2.38,2715
2.39,2714
2.39,2713
2.39,2712
2.39,2711
2.40,2710
2.40,2709
2.40,2708
2.40,2707
2.40,2706
2.41,2705
2.41,2704
2.41,2703
2.41,2702
2.42,2701
2.42,2700
2.42,2699
2.42,2698
2.43,2697
2.43,2696
2.43,2695
2.43,2694
2.44,2693
2.44,2692
2.44,2691
2.44,2690
2.44,2689
2.45,2688
2.45,2687
2.45,2686
2.45,2685
2.46,2684
2.46,2683
2.46,2682
2.46,2681
2.47,2680
2.47,2679
2.47,2678
2.47,2677
2.48,2676
2.48,2675
2.48,2674
2.48,2673
2.48,2672
2.49,2671
2.49,2670
2.49,2669
2.49,2668
2.50,2667
2.50,2666
2.50,2665
2.50,2664
2.50,2663
2.51,2662
2.51,2661
2.51,2660
2.51,2659
2.52,2658
2.52,2657
2.52,2656
2.52,2655
2.53,2654
2.53,2653
2.53,2652
2.53,2651
2.53,2650
2.54,2649
2.54,2648
2.54,2647
2.54,2646
2.55,2645
2.55,2644
2.55,2643
2.56,2642
2.56,2641
2.56,2640
2.56,2639
2.56,2638
2.57,2637
2.57,2636
2.57,2635
2.57,2634
2.57,2633
2.58,2632
2.58,2631
2.58,2630
2.58,2629
2.58,2628
2.59,2627
2.59,2626
2.59,2625
2.59,2624
2.59,2623
2.60,2622
2.60,2621
2.60,2620
2.60,2619
2.60,2618
2.60,2617
2.61,2616
2.61,2615
2.61,2614
2.61,2613
2.61,2612
2.62,2611
2.62,2610
2.62,2609
2.62,2608
2.62,2607
2.63,2606
2.63,2605
2.63,2604
2.63,2603
2.63,2602
2.64,2601
2.64,2600
2.64,2599
2.64,2598
2.64,2597
2.65,2596
2.65,2595
2.65,2594
2.65,2593
2.65,2592
2.66,2591
2.66,2590
2.66,2589
2.66,2588
2.66,2587
2.67,2586
2.67,2585
2.67,2584
2.67,2583
2.67,2582
2.67,2581
2.68,2580
2.68,2579
2.68,2578
2.68,2577
2.68,2576
2.69,2575
2.69,2574
2.69,2573
2.69,2572
2.69,2571
2.70,2570
2.70,2569
2.70,2568
2.70,2567
2.70,2566
2.71,2565
2.71,2564
2.71,2563
2.71,2562
2.71,2561
2.72,2560
2.72,2559
2.72,2558
2.72,2557
2.72,2556
2.73,2555
2.73,2554
2.73,2553
2.73,2552
2.73,2551
2.74,2550
2.74,2549
2.74,2548
2.74,2547
2.74,2546
2.75,2545
2.75,2544
2.75,2543
2.75,2542
2.75,2541
2.75,2540
2.76,2539
2.76,2538
2.76,2537
2.76,2536
2.76,2535
2.77,2534
2.77,2533
2.77,2532
2.77,2531
2.77,2530
2.78,2529
2.78,2528
2.78,2527
2.78,2526
2.78,2525
2.79,2524
2.79,2523
2.79,2522
2.79,2521
2.79,2520
2.80,2519
2.80,2518
2.80,2517
2.80,2516
2.80,2515
2.81,2514
2.81,2513
2.81,2512
2.81,2511
2.81,2510
2.81,2509
2.82,2508
2.82,2507
2.82,2506
2.82,2505
2.82,2504
2.83,2503
2.83,2502
2.83,2501
2.83,2500
2.83,2499
2.84,2498
2.84,2497
2.84,2496
2.84,2495
2.84,2494
2.85,2493
2.85,2492
2.85,2491
2.85,2490
2.85,2489
2.86,2488
2.86,2487
2.86,2486
2.86,2485
2.86,2484
2.87,2483
2.87,2482
2.87,2481
2.87,2480
2.87,2479
2.88,2478
2.88,2477
2.88,2476
2.88,2475
2.88,2474
2.89,2473
2.89,2472
2.89,2471
2.89,2470
2.89,2469
2.90,2468
2.90,2467
2.90,2466
2.90,2465
2.90,2464
2.91,2463
2.91,2462
2.91,2461
2.91,2460
2.91,2459
2.92,2458
2.92,2457
2.92,2456
2.92,2455
2.92,2454
2.93,2453
2.93,2452
2.93,2451
2.93,2450
2.93,2449
2.94,2448
2.94,2447
2.94,2446
2.94,2445
2.94,2444
2.95,2443
2.95,2442
2.95,2441
2.95,2440
2.95,2439
2.95,2438
2.96,2437
2.96,2436
2.96,2435
2.96,2434
2.97,2433
2.97,2432
2.97,2431
2.97,2430
2.97,2429
2.98,2428
2.98,2427
2.98,2426
2.98,2425
2.98,2424
2.99,2423
2.99,2422
2.99,2421
2.99,2420
2.99,2419
3.00,2418
3.00,2417
3.00,2416
3.00,2415
3.00,2414
3.01,2413
3.01,2412
3.01,2411
3.01,2410
3.01,2409
3.02,2408
3.02,2407
3.02,2406
3.02,2405
3.02,2404
3.03,2403
3.03,2402
3.03,2401
3.03,2400
3.03,2399
3.04,2398
3.04,2397
3.04,2396
3.04,2395
3.04,2394
3.04,2393
3.05,2392
3.05,2391
3.05,2390
3.05,2389
3.06,2388
3.06,2387
3.06,2386
3.06,2385
3.06,2384
3.06,2383
3.07,2382
3.07,2381
3.07,2380
3.07,2379
3.07,2378
3.08,2377
3.08,2376
