0.10,3594
0.16,3593
0.18,3592
0.18,3591
0.19,3590
0.20,3589
0.21,3588
0.22,3587
0.22,3586
0.23,3585
0.23,3584
0.24,3583
0.25,3582
0.25,3581
0.26,3580
0.26,3579
0.27,3578
0.28,3577
0.28,3576
0.29,3575
0.29,3574
0.30,3573
0.31,3572
0.31,3571
0.32,3570
0.32,3569
0.33,3568
0.33,3567
0.34,3566
0.35,3565
0.35,3564
0.36,3563
0.36,3562
0.37,3561
0.37,3560
0.38,3559
0.38,3558
0.39,3557
0.39,3556
0.39,3555
0.40,3554
0.41,3553
0.41,3552
0.41,3551
0.42,3550
0.42,3549
0.43,3548
0.43,3547
0.43,3546
0.44,3545
0.44,3544
0.44,3543
0.45,3542
0.45,3541
0.45,3540
0.45,3539
0.46,3538
0.46,3537
0.46,3536
0.46,3535
0.47,3534
0.47,3533
0.47,3532
0.48,3531
0.48,3530
0.48,3529
0.48,3528
0.48,3527
0.49,3526
0.49,3525
0.49,3524
0.50,3523
0.50,3522
0.50,3521
0.50,3520
0.51,3519
0.51,3518
0.51,3517
0.51,3516
0.52,3515
0.52,3514
0.52,3513
0.52,3512
0.53,3511
0.53,3510
0.53,3509
0.53,3508
0.53,3507
0.54,3506
0.54,3505
0.54,3504
0.55,3503
0.55,3502
0.55,3501
0.55,3500
0.56,3499
0.56,3498
0.56,3497
0.56,3496
0.56,3495
0.57,3494
0.57,3493
0.57,3492
0.57,3491
0.58,3490
0.58,3489
0.58,3488
0.58,3487
0.59,3486
0.59,3485
0.59,3484
0.59,3483
0.60,3482
0.60,3481
0.60,3480
0.60,3479
0.61,3478
0.61,3477
0.61,3476
0.61,3475
0.61,3474
0.62,3473
0.62,3472
0.62,3471
0.62,3470
0.63,3469
0.63,3468
0.63,3467
0.63,3466
0.64,3465
0.64,3464
0.64,3463
0.64,3462
0.65,3461
0.65,3460
0.65,3459
0.65,3458
0.66,3457
0.66,3456
0.66,3455
0.66,3454
0.66,3453
0.67,3452
0.67,3451
0.67,3450
0.67,3449
0.68,3448
0.68,3447
0.68,3446
0.68,3445
0.69,3444
0.69,3443
0.69,3442
0.69,3441
0.70,3440
0.70,3439
0.70,3438
0.70,3437
0.70,3436
0.71,3435
0.71,3434
0.71,3433
0.71,3432
0.72,3431
0.72,3430
0.72,3429
0.72,3428
0.72,3427
0.73,3426
0.73,3425
0.73,3424
0.73,3423
0.74,3422
0.74,3421
0.74,3420
0.74,3419
0.74,3418
0.75,3417
0.75,3416
0.75,3415
0.75,3414
0.76,3413
0.76,3412
0.76,3411
0.76,3410
0.77,3409
0.77,3408
0.77,3407
0.77,3406
0.78,3405
0.78,3404
0.78,3403
0.78,3402
0.78,3401
0.79,3400
0.79,3399
0.79,3398
0.79,3397
0.80,3396
0.80,3395
0.80,3394
0.80,3393
0.80,3392
0.81,3391
0.81,3390
0.81,3389
0.81,3388
0.82,3387
0.82,3386
0.82,3385
0.82,3384
0.83,3383
0.83,3382
0.83,3381
0.84,3380
0.84,3379
0.84,3378
0.84,3377
0.84,3376
0.85,3375
0.85,3374
0.85,3373
0.85,3372
0.85,3371
0.86,3370
0.86,3369
0.86,3368
0.86,3367
0.86,3366
0.87,3365
0.87,3364
0.87,3363
0.87,3362
0.88,3361
0.88,3360
0.88,3359
0.88,3358
0.89,3357
0.89,3356
0.89,3355
0.89,3354
0.89,3353
0.90,3352
0.90,3351
0.90,3350
0.90,3349
0.91,3348
0.91,3347
0.91,3346
0.91,3345
0.92,3344
0.92,3343
0.92,3342
0.92,3341
0.92,3340
0.93,3339
0.93,3338
0.93,3337
0.93,3336
0.93,3335
0.94,3334
0.94,3333
0.94,3332
0.94,3331
0.95,3330
0.95,3329
0.95,3328
0.95,3327
0.95,3326
0.96,3325
0.96,3324
0.96,3323
0.96,3322
0.97,3321
0.97,3320
0.97,3319
0.97,3318
0.97,3317
0.98,3316
0.98,3315
0.98,3314
0.98,3313
0.99,3312
0.99,3311
0.99,3310
0.99,3309
0.99,3308
1.00,3307
1.00,3306
1.00,3305
1.00,3304
1.01,3303
1.01,3302
1.01,3301
1.01,3300
1.02,3299
1.02,3298
1.02,3297
1.02,3296
1.03,3295
1.03,3294
1.03,3293
1.03,3292
1.04,3291
1.04,3290
1.04,3289
1.04,3288
1.05,3287
1.05,3286
1.05,3285
1.05,3284
1.05,3283
1.06,3282
1.06,3281
1.06,3280
1.06,3279
1.07,3278
1.07,3277
1.07,3276
1.07,3275
1.08,3274
1.08,3273
1.08,3272
1.08,3271
1.08,3270
1.09,3269
1.09,3268
1.09,3267
1.09,3266
1.10,3265
1.10,3264
1.10,3263
1.10,3262
1.10,3261
1.11,3260
1.11,3259
1.11,3258
1.11,3257
1.12,3256
1.12,3255
1.12,3254
1.12,3253
1.13,3252
1.13,3251
1.13,3250
1.13,3249
1.13,3248
1.14,3247
1.14,3246
1.14,3245
1.14,3244
1.15,3243
1.15,3242
1.15,3241
1.15,3240
1.16,3239
1.16,3238
1.16,3237
1.16,3236
1.17,3235
1.17,3234
1.17,3233
1.17,3232
1.17,3231
1.18,3230
1.18,3229
1.18,3228
1.18,3227
1.18,3226
1.19,3225
1.19,3224
1.19,3223
1.19,3222
1.20,3221
1.20,3220
1.20,3219
1.20,3218
1.21,3217
1.21,3216
1.21,3215
1.21,3214
1.22,3213
1.22,3212
1.22,3211
1.22,3210
1.23,3209
1.23,3208
1.23,3207
1.23,3206
1.23,3205
1.24,3204
1.24,3203
1.24,3202
1.24,3201
1.24,3200
1.25,3199
1.25,3198
1.25,3197
1.25,3196
1.25,3195
1.26,3194
1.26,3193
1.26,3192
1.26,3191
1.26,3190
1.27,3189
1.27,3188
1.27,3187
1.27,3186
1.27,3185
1.28,3184
1.28,3183
1.28,3182
1.28,3181
1.29,3180
1.29,3179
1.29,3178
1.29,3177
1.29,3176
1.30,3175
1.30,3174
1.30,3173
1.30,3172
1.30,3171
1.31,3170
1.31,3169
1.31,3168
1.31,3167
1.31,3166
1.32,3165
1.32,3164
1.32,3163
1.32,3162
1.32,3161
1.33,3160
1.33,3159
1.33,3158
1.33,3157
1.34,3156
1.34,3155
1.34,3154
1.34,3153
1.34,3152
1.35,3151
1.35,3150
1.35,3149
1.35,3148
1.35,3147
1.36,3146
1.36,3145
1.36,3144
1.36,3143
1.37,3142
1.37,3141
1.37,3140
1.37,3139
1.37,3138
1.38,3137
1.38,3136
1.38,3135
1.38,3134
1.38,3133
1.39,3132
1.39,3131
1.39,3130
1.40,3129
1.40,3128
1.40,3127
1.40,3126
1.40,3125
1.41,3124
1.41,3123
1.41,3122
1.41,3121
1.41,3120
1.42,3119
1.42,3118
1.42,3117
1.42,3116
1.42,3115
1.43,3114
1.43,3113
1.43,3112
1.43,3111
1.43,3110
1.44,3109
1.44,3108
1.44,3107
1.44,3106
1.45,3105
1.45,3104
1.45,3103
1.45,3102
1.45,3101
1.46,3100
1.46,3099
1.46,3098
1.46,3097
1.46,3096
1.47,3095
1.47,3094
1.47,3093
1.47,3092
1.48,3091
1.48,3090
1.48,3089
1.48,3088
1.48,3087
1.49,3086
1.49,3085
1.49,3084
1.49,3083
1.49,3082
1.50,3081
1.50,3080
1.50,3079
1.50,3078
1.50,3077
1.51,3076
1.51,3075
1.51,3074
1.51,3073
1.51,3072
1.52,3071
1.52,3070
1.52,3069
1.52,3068
1.52,3067
1.53,3066
1.53,3065
1.53,3064
1.53,3063
1.53,3062
1.54,3061
1.54,3060
1.54,3059
1.54,3058
1.55,3057
1.55,3056
1.55,3055
1.55,3054
1.55,3053
1.56,3052
1.56,3051
1.56,3050
1.56,3049
1.56,3048
1.57,3047
1.57,3046
1.57,3045
1.57,3044
1.57,3043
1.58,3042
1.58,3041
1.58,3040
1.58,3039
1.59,3038
1.59,3037
1.59,3036
1.59,3035
1.60,3034
1.60,3033
1.60,3032
1.60,3031
1.61,3030
1.61,3029
1.61,3028
1.61,3027
1.61,3026
1.62,3025
1.62,3024
1.62,3023
1.62,3022
1.63,3021
1.63,3020
1.63,3019
1.63,3018
1.64,3017
1.64,3016
1.64,3015
1.64,3014
1.65,3013
1.65,3012
1.65,3011
1.65,3010
1.66,3009
1.66,3008
1.66,3007
1.66,3006
1.67,3005
1.67,3004
1.67,3003
1.67,3002
1.68,3001
1.68,3000
1.68,2999
1.68,2998
1.69,2997
1.69,2996
1.69,2995
1.69,2994
1.70,2993
1.70,2992
1.70,2991
1.71,2990
1.71,2989
1.71,2988
1.71,2987
1.72,2986
1.72,2985
1.72,2984
1.72,2983
1.73,2982
1.73,2981
1.73,2980
1.73,2979
1.74,2978
1.74,2977
1.74,2976
1.74,2975
1.75,2974
1.75,2973
1.75,2972
1.75,2971
1.76,2970
1.76,2969
1.76,2968
1.76,2967
1.77,2966
1.77,2965
1.77,2964
1.77,2963
1.78,2962
1.78,2961
1.78,2960
1.78,2959
1.79,2958
1.79,2957
1.79,2956
1.79,2955
1.80,2954
1.80,2953
1.81,2952
1.81,2951
1.81,2950
1.81,2949
1.81,2948
1.82,2947
1.82,2946
1.82,2945
1.82,2944
1.82,2943
1.83,2942
1.83,2941
1.83,2940
1.83,2939
1.83,2938
1.84,2937
1.84,2936
1.84,2935
1.84,2934
1.85,2933
1.85,2932
1.85,2931
1.85,2930
1.85,2929
1.86,2928
1.86,2927
1.86,2926
1.86,2925
1.86,2924
1.87,2923
1.87,2922
1.87,2921
1.87,2920
1.87,2919
1.88,2918
1.88,2917
1.88,2916
1.88,2915
1.88,2914
1.89,2913
1.89,2912
1.89,2911
1.89,2910
1.90,2909
1.90,2908
1.90,2907
1.90,2906
1.91,2905
1.91,2904
1.91,2903
1.91,2902
1.91,2901
1.92,2900
1.92,2899
1.92,2898
1.92,2897
1.93,2896
1.93,2895
1.93,2894
1.93,2893
1.93,2892
1.94,2891
1.94,2890
1.94,2889
1.94,2888
1.94,2887
1.95,2886
1.95,2885
1.95,2884
1.95,2883
1.95,2882
1.96,2881
1.96,2880
1.96,2879
1.96,2878
1.96,2877
1.97,2876
1.97,2875
1.97,2874
1.97,2873
1.97,2872
1.98,2871
1.98,2870
1.98,2869
1.98,2868
1.99,2867
1.99,2866
1.99,2865
1.99,2864
1.99,2863
2.00,2862
2.00,2861
2.00,2860
2.00,2859
2.00,2858
2.01,2857
2.01,2856
2.01,2855
2.01,2854
2.01,2853
2.02,2852
2.02,2851
2.02,2850
2.02,2849
2.03,2848
2.03,2847
2.03,2846
2.03,2845
2.03,2844
2.04,2843
2.04,2842
2.04,2841
2.04,2840
2.04,2839
2.05,2838
2.05,2837
2.05,2836
2.05,2835
2.05,2834
2.06,2833
2.06,2832
2.06,2831
2.06,2830
2.07,2829
2.07,2828
2.07,2827
2.07,2826
2.07,2825
2.08,2824
2.08,2823
2.08,2822
2.08,2821
2.08,2820
2.09,2819
2.09,2818
2.09,2817
2.09,2816
2.09,2815
2.10,2814
2.10,2813
2.10,2812
2.10,2811
2.10,2810
2.11,2809
2.11,2808
2.11,2807
2.11,2806
2.11,2805
2.12,2804
2.12,2803
2.12,2802
2.12,2801
2.12,2800
2.13,2799
2.13,2798
2.13,2797
2.13,2796
2.13,2795
2.14,2794
2.14,2793
2.14,2792
2.14,2791
2.14,2790
2.15,2789
2.15,2788
2.15,2787
2.15,2786
2.15,2785
2.16,2784
2.16,2783
2.16,2782
2.16,2781
2.17,2780
2.17,2779
2.17,2778
2.17,2777
2.17,2776
2.18,2775
2.18,2774
2.18,2773
2.18,2772
2.18,2771
2.19,2770
2.19,2769
2.19,2768
2.19,2767
2.19,2766
2.20,2765
2.20,2764
2.20,2763
2.20,2762
2.20,2761
2.21,2760
2.21,2759
2.21,2758
2.21,2757
2.21,2756
2.22,2755
2.22,2754
2.22,2753
2.22,2752
2.23,2751
2.23,2750
2.23,2749
2.23,2748
2.23,2747
2.24,2746
2.24,2745
2.24,2744
2.24,2743
2.24,2742
2.25,2741
2.25,2740
2.25,2739
2.25,2738
2.25,2737
2.26,2736
2.26,2735
2.26,2734
2.26,2733
2.26,2732
2.27,2731
2.27,2730
2.27,2729
2.27,2728
2.28,2727
2.28,2726
2.28,2725
2.28,2724
2.28,2723
2.29,2722
2.29,2721
2.29,2720
2.29,2719
2.29,2718
2.30,2717
2.30,2716
2.30,2715
2.30,2714
2.30,2713
2.31,2712
2.31,2711
2.31,2710
2.31,2709
2.31,2708
2.32,2707
2.32,2706
2.32,2705
2.32,2704
2.32,2703
2.33,2702
2.33,2701
2.33,2700
2.33,2699
2.33,2698
2.34,2697
2.34,2696
2.34,2695
2.34,2694
2.34,2693
2.35,2692
2.35,2691
2.35,2690
2.35,2689
2.35,2688
2.36,2687
2.36,2686
2.36,2685
2.36,2684
2.36,2683
2.37,2682
2.37,2681
2.37,2680
2.37,2679
2.37,2678
2.38,2677
2.38,2676
2.38,2675
2.38,2674
2.39,2673
2.39,2672
2.39,2671
2.39,2670
2.39,2669
2.40,2668
2.40,2667
2.40,2666
2.40,2665
2.40,2664
2.40,2663
2.41,2662
2.41,2661
2.41,2660
2.41,2659
2.42,2658
2.42,2657
2.42,2656
2.42,2655
2.42,2654
2.43,2653
2.43,2652
2.43,2651
2.43,2650
2.43,2649
2.44,2648
2.44,2647
2.44,2646
2.44,2645
2.44,2644
2.45,2643
2.45,2642
2.45,2641
2.45,2640
2.45,2639
2.46,2638
2.46,2637
2.46,2636
2.46,2635
2.46,2634
2.47,2633
2.47,2632
2.47,2631
2.47,2630
2.47,2629
2.48,2628
2.48,2627
2.48,2626
2.48,2625
2.48,2624
2.48,2623
2.49,2622
2.49,2621
2.49,2620
2.49,2619
2.50,2618
2.50,2617
2.50,2616
2.50,2615
2.50,2614
2.51,2613
2.51,2612
2.51,2611
2.51,2610
2.51,2609
2.52,2608
2.52,2607
2.52,2606
2.52,2605
2.52,2604
2.53,2603
2.53,2602
2.53,2601
2.53,2600
2.53,2599
2.54,2598
2.54,2597
2.54,2596
2.54,2595
2.54,2594
2.55,2593
2.55,2592
2.55,2591
2.55,2590
2.55,2589
2.56,2588
2.56,2587
2.56,2586
2.56,2585
2.57,2584
2.57,2583
2.57,2582
2.57,2581
2.57,2580
2.58,2579
2.58,2578
2.58,2577
2.58,2576
2.58,2575
2.59,2574
2.59,2573
2.59,2572
2.59,2571
2.59,2570
2.60,2569
2.60,2568
2.60,2567
2.60,2566
2.60,2565
2.61,2564
2.61,2563
2.61,2562
2.61,2561
2.61,2560
2.62,2559
2.62,2558
2.62,2557
2.62,2556
2.62,2555
2.63,2554
2.63,2553
2.63,2552
2.63,2551
2.63,2550
2.64,2549
2.64,2548
2.64,2547
2.64,2546
2.64,2545
2.65,2544
2.65,2543
2.65,2542
2.65,2541
2.66,2540
2.66,2539
2.66,2538
2.66,2537
2.66,2536
2.67,2535
2.67,2534
2.67,2533
2.67,2532
2.67,2531
2.68,2530
2.68,2529
2.68,2528
2.68,2527
2.68,2526
2.69,2525
2.69,2524
2.69,2523
2.69,2522
2.69,2521
2.70,2520
2.70,2519
2.70,2518
2.70,2517
2.70,2516
2.71,2515
2.71,2514
2.71,2513
2.71,2512
2.71,2511
2.72,2510
2.72,2509
2.72,2508
2.72,2507
2.72,2506
2.73,2505
2.73,2504
2.73,2503
2.73,2502
2.73,2501
2.74,2500
2.74,2499
2.74,2498
2.74,2497
2.74,2496
2.75,2495
2.75,2494
2.75,2493
2.75,2492
2.75,2491
2.76,2490
2.76,2489
2.76,2488
2.76,2487
2.76,2486
2.77,2485
2.77,2484
2.77,2483
2.77,2482
2.77,2481
2.78,2480
2.78,2479
2.78,2478
2.78,2477
2.78,2476
2.79,2475
2.79,2474
2.79,2473
2.79,2472
2.79,2471
2.80,2470
2.80,2469
2.80,2468
2.80,2467
2.80,2466
2.81,2465
2.81,2464
2.81,2463
2.81,2462
2.81,2461
2.82,2460
2.82,2459
2.82,2458
2.82,2457
2.82,2456
2.83,2455
2.83,2454
2.83,2453
2.83,2452
2.83,2451
2.84,2450
2.84,2449
2.84,2448
2.84,2447
2.84,2446
2.85,2445
2.85,2444
2.85,2443
2.85,2442
2.85,2441
2.86,2440
2.86,2439
2.86,2438
2.86,2437
2.86,2436
2.87,2435
2.87,2434
2.87,2433
2.87,2432
2.87,2431
2.88,2430
2.88,2429
2.88,2428
2.88,2427
2.88,2426
2.89,2425
2.89,2424
2.89,2423
2.89,2422
2.89,2421
2.90,2420
2.90,2419
2.90,2418
2.90,2417
2.90,2416
2.91,2415
2.91,2414
2.91,2413
2.91,2412
2.91,2411
2.92,2410
2.92,2409
2.92,2408
2.92,2407
2.92,2406
2.93,2405
2.93,2404
2.93,2403
2.93,2402
2.94,2401
2.94,2400
2.94,2399
2.94,2398
2.94,2397
2.95,2396
2.95,2395
2.95,2394
2.95,2393
2.95,2392
2.96,2391
2.96,2390
2.96,2389
2.96,2388
2.96,2387
2.96,2386
2.97,2385
2.97,2384
2.97,2383
2.97,2382
2.97,2381
2.98,2380
2.98,2379
2.98,2378
2.98,2377
2.98,2376
2.99,2375
3.00,2374
