0.10,3626
0.17,3625
0.18,3624
0.19,3623
0.20,3622
0.20,3621
0.21,3620
0.22,3619
0.23,3618
0.23,3617
0.24,3616
0.24,3615
0.25,3614
0.25,3613
0.26,3612
0.26,3611
0.27,3610
0.27,3609
0.28,3608
0.29,3607
0.29,3606
0.30,3605
0.30,3604
0.31,3603
0.31,3602
0.32,3601
0.32,3600
0.33,3599
0.33,3598
0.34,3597
0.34,3596
0.35,3595
0.35,3594
0.36,3593
0.36,3592
0.37,3591
0.38,3590
0.38,3589
0.39,3588
0.39,3587
0.39,3586
0.40,3585
0.40,3584
0.40,3583
0.41,3582
0.41,3581
0.42,3580
0.42,3579
0.42,3578
0.42,3577
0.43,3576
0.43,3575
0.43,3574
0.43,3573
0.44,3572
0.44,3571
0.44,3570
0.44,3569
0.45,3568
0.45,3567
0.45,3566
0.45,3565
0.45,3564
0.46,3563
0.46,3562
0.46,3561
0.46,3560
0.46,3559
0.47,3558
0.47,3557
0.47,3556
0.47,3555
0.47,3554
0.48,3553
0.48,3552
0.48,3551
0.48,3550
0.48,3549
0.49,3548
0.49,3547
0.49,3546
0.49,3545
0.50,3544
0.50,3543
0.50,3542
0.50,3541
0.50,3540
0.51,3539
0.51,3538
0.51,3537
0.51,3536
0.51,3535
0.52,3534
0.52,3533
0.52,3532
0.52,3531
0.53,3530
0.53,3529
0.53,3528
0.53,3527
0.53,3526
0.54,3525
0.54,3524
0.54,3523
0.54,3522
0.54,3521
0.55,3520
0.55,3519
0.55,3518
0.55,3517
0.55,3516
0.56,3515
0.56,3514
0.56,3513
0.56,3512
0.57,3511
0.57,3510
0.57,3509
0.57,3508
0.57,3507
0.58,3506
0.58,3505
0.58,3504
0.58,3503
0.58,3502
0.59,3501
0.59,3500
0.59,3499
0.60,3498
0.60,3497
0.60,3496
0.60,3495
0.60,3494
0.61,3493
0.61,3492
0.61,3491
0.61,3490
0.61,3489
0.62,3488
0.62,3487
0.62,3486
0.62,3485
0.62,3484
0.63,3483
0.63,3482
0.63,3481
0.63,3480
0.63,3479
0.64,3478
0.64,3477
0.64,3476
0.64,3475
0.64,3474
0.65,3473
0.65,3472
0.65,3471
0.65,3470
0.65,3469
0.66,3468
0.66,3467
0.66,3466
0.66,3465
0.66,3464
0.67,3463
0.67,3462
0.67,3461
0.67,3460
0.67,3459
0.68,3458
0.68,3457
0.68,3456
0.68,3455
0.68,3454
0.69,3453
0.69,3452
0.69,3451
0.69,3450
0.69,3449
0.70,3448
0.70,3447
0.70,3446
0.70,3445
0.70,3444
0.71,3443
0.71,3442
0.71,3441
0.71,3440
0.71,3439
0.72,3438
0.72,3437
0.72,3436
0.72,3435
0.73,3434
0.73,3433
0.73,3432
0.73,3431
0.73,3430
0.74,3429
0.74,3428
0.74,3427
0.74,3426
0.74,3425
0.75,3424
0.75,3423
0.75,3422
0.75,3421
0.75,3420
0.76,3419
0.76,3418
0.76,3417
0.76,3416
0.77,3415
0.77,3414
0.77,3413
0.77,3412
0.78,3411
0.78,3410
0.78,3409
0.78,3408
0.78,3407
0.79,3406
0.79,3405
0.79,3404
0.79,3403
0.79,3402
0.80,3401
0.80,3400
0.80,3399
0.80,3398
0.80,3397
0.81,3396
0.81,3395
0.81,3394
0.81,3393
0.81,3392
0.82,3391
0.82,3390
0.82,3389
0.82,3388
0.83,3387
0.83,3386
0.83,3385
0.83,3384
0.83,3383
0.84,3382
0.84,3381
0.84,3380
0.84,3379
0.84,3378
0.85,3377
0.85,3376
0.85,3375
0.85,3374
0.86,3373
0.86,3372
0.86,3371
0.86,3370
0.87,3369
0.87,3368
0.87,3367
0.87,3366
0.87,3365
0.88,3364
0.88,3363
0.88,3362
0.88,3361
0.88,3360
0.89,3359
0.89,3358
0.89,3357
0.89,3356
0.89,3355
0.90,3354
0.90,3353
0.90,3352
0.90,3351
0.90,3350
0.91,3349
0.91,3348
0.91,3347
0.91,3346
0.91,3345
0.92,3344
0.92,3343
0.92,3342
0.92,3341
0.92,3340
0.93,3339
0.93,3338
0.93,3337
0.93,3336
0.93,3335
0.94,3334
0.94,3333
0.94,3332
0.95,3331
0.95,3330
0.95,3329
0.95,3328
0.95,3327
0.96,3326
0.96,3325
0.96,3324
0.96,3323
0.96,3322
0.96,3321
0.97,3320
0.97,3319
0.97,3318
0.97,3317
0.98,3316
0.98,3315
0.98,3314
0.98,3313
0.98,3312
0.99,3311
0.99,3310
0.99,3309
0.99,3308
0.99,3307
1.00,3306
1.00,3305
1.00,3304
1.00,3303
1.00,3302
1.01,3301
1.01,3300
1.01,3299
1.01,3298
1.01,3297
1.01,3296
1.02,3295
1.02,3294
1.02,3293
1.02,3292
1.02,3291
1.03,3290
1.03,3289
1.03,3288
1.03,3287
1.03,3286
1.04,3285
1.04,3284
1.04,3283
1.04,3282
1.04,3281
1.04,3280
1.05,3279
1.05,3278
1.05,3277
1.05,3276
1.05,3275
1.06,3274
1.06,3273
1.06,3272
1.06,3271
1.06,3270
1.07,3269
1.07,3268
1.07,3267
1.07,3266
1.07,3265
1.08,3264
1.08,3263
1.08,3262
1.08,3261
1.08,3260
1.08,3259
1.09,3258
1.09,3257
1.09,3256
1.09,3255
1.09,3254
1.10,3253
1.10,3252
1.10,3251
1.10,3250
1.10,3249
1.11,3248
1.11,3247
1.11,3246
1.11,3245
1.11,3244
1.12,3243
1.12,3242
1.12,3241
1.12,3240
1.13,3239
1.13,3238
1.13,3237
1.13,3236
1.14,3235
1.14,3234
1.14,3233
1.14,3232
1.14,3231
1.15,3230
1.15,3229
1.15,3228
1.15,3227
1.15,3226
1.16,3225
1.16,3224
1.16,3223
1.16,3222
1.17,3221
1.17,3220
1.17,3219
1.17,3218
1.18,3217
1.18,3216
1.18,3215
1.18,3214
1.18,3213
1.19,3212
1.19,3211
1.19,3210
1.19,3209
1.20,3208
1.20,3207
1.20,3206
1.20,3205
1.21,3204
1.21,3203
1.21,3202
1.21,3201
1.22,3200
1.22,3199
1.22,3198
1.22,3197
1.23,3196
1.23,3195
1.23,3194
1.23,3193
1.24,3192
1.24,3191
1.24,3190
1.24,3189
1.24,3188
1.25,3187
1.25,3186
1.25,3185
1.25,3184
1.26,3183
1.26,3182
1.26,3181
1.26,3180
1.27,3179
1.27,3178
1.27,3177
1.27,3176
1.28,3175
1.28,3174
1.28,3173
1.28,3172
1.29,3171
1.29,3170
1.29,3169
1.29,3168
1.30,3167
1.30,3166
1.30,3165
1.30,3164
1.31,3163
1.31,3162
1.31,3161
1.31,3160
1.32,3159
1.32,3158
1.32,3157
1.32,3156
1.32,3155
1.33,3154
1.33,3153
1.33,3152
1.33,3151
1.33,3150
1.33,3149
1.34,3148
1.34,3147
1.34,3146
1.34,3145
1.34,3144
1.35,3143
1.35,3142
1.35,3141
1.35,3140
1.35,3139
1.36,3138
1.36,3137
1.36,3136
1.36,3135
1.36,3134
1.37,3133
1.37,3132
1.37,3131
1.37,3130
1.37,3129
1.38,3128
1.38,3127
1.38,3126
1.38,3125
1.38,3124
1.38,3123
1.39,3122
1.39,3121
1.39,3120
1.39,3119
1.39,3118
1.40,3117
1.40,3116
1.40,3115
1.40,3114
1.40,3113
1.41,3112
1.41,3111
1.41,3110
1.41,3109
1.41,3108
1.41,3107
1.42,3106
1.42,3105
1.42,3104
1.42,3103
1.42,3102
1.43,3101
1.43,3100
1.43,3099
1.43,3098
1.43,3097
1.43,3096
1.44,3095
1.44,3094
1.44,3093
1.44,3092
1.44,3091
1.45,3090
1.45,3089
1.45,3088
1.45,3087
1.45,3086
1.46,3085
1.46,3084
1.46,3083
1.46,3082
1.46,3081
1.47,3080
1.47,3079
1.47,3078
1.47,3077
1.47,3076
1.48,3075
1.48,3074
1.48,3073
1.48,3072
1.48,3071
1.49,3070
1.49,3069
1.49,3068
1.49,3067
1.49,3066
1.49,3065
1.50,3064
1.50,3063
1.50,3062
1.50,3061
1.50,3060
1.51,3059
1.51,3058
1.51,3057
1.51,3056
1.51,3055
1.52,3054
1.52,3053
1.52,3052
1.52,3051
1.52,3050
1.53,3049
1.53,3048
1.53,3047
1.53,3046
1.53,3045
1.53,3044
1.54,3043
1.54,3042
1.54,3041
1.54,3040
1.54,3039
1.55,3038
1.55,3037
1.55,3036
1.55,3035
1.55,3034
1.56,3033
1.56,3032
1.56,3031
1.56,3030
1.56,3029
1.57,3028
1.57,3027
1.57,3026
1.57,3025
1.57,3024
1.58,3023
1.58,3022
1.58,3021
1.58,3020
1.58,3019
1.59,3018
1.59,3017
1.59,3016
1.59,3015
1.59,3014
1.60,3013
1.60,3012
1.60,3011
1.60,3010
1.60,3009
1.61,3008
1.61,3007
1.61,3006
1.61,3005
1.61,3004
1.61,3003
1.62,3002
1.62,3001
1.62,3000
1.62,2999
1.62,2998
1.63,2997
1.63,2996
1.63,2995
1.63,2994
1.63,2993
1.64,2992
1.64,2991
1.64,2990
1.64,2989
1.65,2988
1.65,2987
1.65,2986
1.65,2985
1.65,2984
1.66,2983
1.66,2982
1.66,2981
1.66,2980
1.66,2979
1.67,2978
1.67,2977
1.67,2976
1.67,2975
1.67,2974
1.68,2973
1.68,2972
1.68,2971
1.68,2970
1.68,2969
1.68,2968
1.69,2967
1.69,2966
1.69,2965
1.69,2964
1.69,2963
1.70,2962
1.70,2961
1.70,2960
1.70,2959
1.70,2958
1.71,2957
1.71,2956
1.71,2955
1.71,2954
1.71,2953
1.71,2952
1.72,2951
1.72,2950
1.72,2949
1.72,2948
1.72,2947
1.73,2946
1.73,2945
1.73,2944
1.73,2943
1.73,2942
1.73,2941
1.74,2940
1.74,2939
1.74,2938
1.74,2937
1.74,2936
1.75,2935
1.75,2934
1.75,2933
1.75,2932
1.75,2931
1.75,2930
1.76,2929
1.76,2928
1.76,2927
1.76,2926
1.76,2925
1.77,2924
1.77,2923
1.77,2922
1.77,2921
1.77,2920
1.77,2919
1.78,2918
1.78,2917
1.78,2916
1.78,2915
1.78,2914
1.79,2913
1.79,2912
1.79,2911
1.79,2910
1.79,2909
1.79,2908
1.80,2907
1.80,2906
1.80,2905
1.80,2904
1.80,2903
1.81,2902
1.81,2901
1.81,2900
1.81,2899
1.81,2898
1.82,2897
1.82,2896
1.82,2895
1.82,2894
1.82,2893
1.82,2892
1.83,2891
1.83,2890
1.83,2889
1.83,2888
1.83,2887
1.84,2886
1.84,2885
1.84,2884
1.84,2883
1.84,2882
1.84,2881
1.85,2880
1.85,2879
1.85,2878
1.85,2877
1.85,2876
1.86,2875
1.86,2874
1.86,2873
1.86,2872
1.86,2871
1.87,2870
1.87,2869
1.87,2868
1.87,2867
1.87,2866
1.87,2865
1.88,2864
1.88,2863
1.88,2862
1.88,2861
1.88,2860
1.89,2859
1.89,2858
1.89,2857
1.89,2856
1.89,2855
1.90,2854
1.90,2853
1.90,2852
1.90,2851
1.90,2850
1.90,2849
1.91,2848
1.91,2847
1.91,2846
1.91,2845
1.91,2844
1.92,2843
1.92,2842
1.92,2841
1.92,2840
1.92,2839
1.92,2838
1.93,2837
1.93,2836
1.93,2835
1.93,2834
1.93,2833
1.94,2832
1.94,2831
1.94,2830
1.94,2829
1.94,2828
1.94,2827
1.95,2826
1.95,2825
1.95,2824
1.95,2823
1.95,2822
1.96,2821
1.96,2820
1.96,2819
1.96,2818
1.96,2817
1.97,2816
1.97,2815
1.97,2814
1.97,2813
1.97,2812
1.97,2811
1.98,2810
1.98,2809
1.98,2808
1.98,2807
1.98,2806
1.99,2805
1.99,2804
1.99,2803
1.99,2802
1.99,2801
2.00,2800
2.00,2799
2.00,2798
2.00,2797
2.00,2796
2.01,2795
2.01,2794
2.01,2793
2.01,2792
2.02,2791
2.02,2790
2.02,2789
2.02,2788
2.02,2787
2.02,2786
2.03,2785
2.03,2784
2.03,2783
2.03,2782
2.04,2781
2.04,2780
2.04,2779
2.04,2778
2.04,2777
2.05,2776
2.05,2775
2.05,2774
2.05,2773
2.06,2772
2.06,2771
2.06,2770
2.06,2769
2.06,2768
2.07,2767
2.07,2766
2.07,2765
2.07,2764
2.08,2763
2.08,2762
2.08,2761
2.08,2760
2.08,2759
2.09,2758
2.09,2757
2.09,2756
2.09,2755
2.10,2754
2.10,2753
2.10,2752
2.10,2751
2.10,2750
2.11,2749
2.11,2748
2.11,2747
2.11,2746
2.12,2745
2.12,2744
2.12,2743
2.12,2742
2.12,2741
2.13,2740
2.13,2739
2.13,2738
2.13,2737
2.13,2736
2.14,2735
2.14,2734
2.14,2733
2.14,2732
2.15,2731
2.15,2730
2.15,2729
2.15,2728
2.15,2727
2.16,2726
2.16,2725
2.16,2724
2.16,2723
2.16,2722
2.17,2721
2.17,2720
2.17,2719
2.17,2718
2.18,2717
2.18,2716
2.18,2715
2.18,2714
2.19,2713
2.19,2712
2.19,2711
2.19,2710
2.19,2709
2.20,2708
2.20,2707
2.20,2706
2.20,2705
2.21,2704
2.21,2703
2.21,2702
2.21,2701
2.21,2700
2.22,2699
2.22,2698
2.22,2697
2.22,2696
2.22,2695
2.23,2694
2.23,2693
2.23,2692
2.23,2691
2.24,2690
2.24,2689
2.24,2688
2.24,2687
2.24,2686
2.25,2685
2.25,2684
2.25,2683
2.25,2682
2.26,2681
2.26,2680
2.26,2679
2.26,2678
2.26,2677
2.27,2676
2.27,2675
2.27,2674
2.27,2673
2.28,2672
2.28,2671
2.28,2670
2.28,2669
2.28,2668
2.29,2667
2.29,2666
2.29,2665
2.29,2664
2.29,2663
2.30,2662
2.30,2661
2.30,2660
2.30,2659
2.31,2658
2.31,2657
2.31,2656
2.31,2655
2.31,2654
2.32,2653
2.32,2652
2.32,2651
2.32,2650
2.33,2649
2.33,2648
2.33,2647
2.33,2646
2.33,2645
2.34,2644
2.34,2643
2.34,2642
2.34,2641
2.35,2640
2.35,2639
2.35,2638
2.35,2637
2.35,2636
2.36,2635
2.36,2634
2.36,2633
2.36,2632
2.36,2631
2.37,2630
2.37,2629
2.37,2628
2.37,2627
2.38,2626
2.38,2625
2.38,2624
2.38,2623
2.38,2622
2.39,2621
2.39,2620
2.39,2619
2.40,2618
2.40,2617
2.40,2616
2.40,2615
2.40,2614
2.41,2613
2.41,2612
2.41,2611
2.41,2610
2.41,2609
2.42,2608
2.42,2607
2.42,2606
2.42,2605
2.42,2604
2.42,2603
2.43,2602
2.43,2601
2.43,2600
2.43,2599
2.43,2598
2.44,2597
2.44,2596
2.44,2595
2.44,2594
2.44,2593
2.45,2592
2.45,2591
2.45,2590
2.45,2589
2.45,2588
2.45,2587
2.46,2586
2.46,2585
2.46,2584
2.46,2583
2.46,2582
2.47,2581
2.47,2580
2.47,2579
2.47,2578
2.47,2577
2.48,2576
2.48,2575
2.48,2574
2.48,2573
2.48,2572
2.49,2571
2.49,2570
2.49,2569
2.49,2568
2.49,2567
2.49,2566
2.50,2565
2.50,2564
2.50,2563
2.50,2562
2.50,2561
2.51,2560
2.51,2559
2.51,2558
2.51,2557
2.51,2556
2.52,2555
2.52,2554
2.52,2553
2.52,2552
2.52,2551
2.53,2550
2.53,2549
2.53,2548
2.53,2547
2.53,2546
2.53,2545
2.54,2544
2.54,2543
2.54,2542
2.54,2541
2.54,2540
2.55,2539
2.55,2538
2.55,2537
2.55,2536
2.55,2535
2.56,2534
2.56,2533
2.56,2532
2.56,2531
2.56,2530
2.56,2529
2.57,2528
2.57,2527
2.57,2526
2.57,2525
2.57,2524
2.58,2523
2.58,2522
2.58,2521
2.58,2520
2.58,2519
2.59,2518
2.59,2517
2.59,2516
2.59,2515
2.59,2514
2.59,2513
2.60,2512
2.60,2511
2.60,2510
2.60,2509
2.60,2508
2.61,2507
2.61,2506
2.61,2505
2.61,2504
2.61,2503
2.61,2502
2.62,2501
2.62,2500
2.62,2499
2.62,2498
2.63,2497
2.63,2496
2.63,2495
2.63,2494
2.63,2493
2.63,2492
2.64,2491
2.64,2490
2.64,2489
2.64,2488
2.64,2487
2.65,2486
2.65,2485
2.65,2484
2.65,2483
2.65,2482
2.65,2481
2.66,2480
2.66,2479
2.66,2478
2.66,2477
2.66,2476
2.67,2475
2.67,2474
2.67,2473
2.67,2472
2.67,2471
2.68,2470
2.68,2469
2.68,2468
2.68,2467
2.68,2466
2.68,2465
2.69,2464
2.69,2463
2.69,2462
2.69,2461
2.69,2460
2.70,2459
2.70,2458
2.70,2457
2.70,2456
2.70,2455
2.70,2454
2.71,2453
2.71,2452
2.71,2451
2.71,2450
2.71,2449
2.72,2448
2.72,2447
2.72,2446
2.72,2445
2.72,2444
2.73,2443
2.73,2442
2.73,2441
2.73,2440
2.73,2439
2.73,2438
2.74,2437
2.74,2436
2.74,2435
2.74,2434
2.74,2433
2.75,2432
2.75,2431
2.75,2430
2.75,2429
2.75,2428
2.75,2427
2.76,2426
2.76,2425
2.76,2424
2.76,2423
2.76,2422
2.77,2421
2.77,2420
2.77,2419
2.77,2418
2.77,2417
2.77,2416
2.78,2415
2.78,2414
2.78,2413
2.78,2412
2.78,2411
2.79,2410
2.79,2409
2.79,2408
2.79,2407
2.79,2406
2.80,2405
2.80,2404
2.80,2403
2.80,2402
2.80,2401
2.80,2400
2.81,2399
2.81,2398
2.81,2397
2.81,2396
2.81,2395
2.82,2394
2.82,2393
2.82,2392
2.82,2391
2.82,2390
2.83,2389
2.83,2388
2.83,2387
2.83,2386
2.83,2385
2.83,2384
2.84,2383
2.84,2382
2.84,2381
2.84,2380
2.84,2379
2.85,2378
2.85,2377
2.85,2376
2.85,2375
2.85,2374
2.86,2373
2.87,2372
