0.10,3646
0.17,3645
0.18,3644
0.19,3643
0.20,3642
0.20,3641
0.21,3640
0.22,3639
0.23,3638
0.23,3637
0.24,3636
0.24,3635
0.25,3634
0.25,3633
0.26,3632
0.26,3631
0.27,3630
0.28,3629
0.28,3628
0.29,3627
0.30,3626
0.30,3625
0.31,3624
0.31,3623
0.32,3622
0.32,3621
0.33,3620
0.33,3619
0.34,3618
0.35,3617
0.35,3616
0.36,3615
0.36,3614
0.37,3613
0.37,3612
0.38,3611
0.38,3610
0.39,3609
0.39,3608
0.39,3607
0.40,3606
0.40,3605
0.41,3604
0.41,3603
0.42,3602
0.42,3601
0.43,3600
0.43,3599
0.43,3598
0.43,3597
0.44,3596
0.44,3595
0.44,3594
0.44,3593
0.45,3592
0.45,3591
0.45,3590
0.45,3589
0.45,3588
0.46,3587
0.46,3586
0.46,3585
0.46,3584
0.47,3583
0.47,3582
0.47,3581
0.47,3580
0.48,3579
0.48,3578
0.48,3577
0.48,3576
0.49,3575
0.49,3574
0.49,3573
0.49,3572
0.49,3571
0.50,3570
0.50,3569
0.50,3568
0.50,3567
0.51,3566
0.51,3565
0.51,3564
0.51,3563
0.51,3562
0.52,3561
0.52,3560
0.52,3559
0.52,3558
0.53,3557
0.53,3556
0.53,3555
0.54,3554
0.54,3553
0.54,3552
0.54,3551
0.55,3550
0.55,3549
0.55,3548
0.55,3547
0.56,3546
0.56,3545
0.56,3544
0.56,3543
0.57,3542
0.57,3541
0.57,3540
0.58,3539
0.58,3538
0.58,3537
0.58,3536
0.58,3535
0.59,3534
0.59,3533
0.59,3532
0.59,3531
0.60,3530
0.60,3529
0.60,3528
0.60,3527
0.61,3526
0.61,3525
0.61,3524
0.61,3523
0.61,3522
0.62,3521
0.62,3520
0.62,3519
0.63,3518
0.63,3517
0.63,3516
0.63,3515
0.64,3514
0.64,3513
0.64,3512
0.64,3511
0.64,3510
0.65,3509
0.65,3508
0.65,3507
0.65,3506
0.66,3505
0.66,3504
0.66,3503
0.66,3502
0.67,3501
0.67,3500
0.67,3499
0.67,3498
0.68,3497
0.68,3496
0.68,3495
0.68,3494
0.68,3493
0.69,3492
0.69,3491
0.69,3490
0.69,3489
0.70,3488
0.70,3487
0.70,3486
0.70,3485
0.70,3484
0.71,3483
0.71,3482
0.71,3481
0.71,3480
0.72,3479
0.72,3478
0.72,3477
0.72,3476
0.73,3475
0.73,3474
0.73,3473
0.73,3472
0.73,3471
0.74,3470
0.74,3469
0.74,3468
0.74,3467
0.75,3466
0.75,3465
0.75,3464
0.75,3463
0.76,3462
0.76,3461
0.76,3460
0.76,3459
0.76,3458
0.77,3457
0.77,3456
0.77,3455
0.77,3454
0.78,3453
0.78,3452
0.78,3451
0.78,3450
0.78,3449
0.79,3448
0.79,3447
0.79,3446
0.79,3445
0.80,3444
0.80,3443
0.80,3442
0.80,3441
0.80,3440
0.81,3439
0.81,3438
0.81,3437
0.81,3436
0.82,3435
0.82,3434
0.82,3433
0.83,3432
0.83,3431
0.83,3430
0.83,3429
0.84,3428
0.84,3427
0.84,3426
0.84,3425
0.85,3424
0.85,3423
0.85,3422
0.85,3421
0.85,3420
0.86,3419
0.86,3418
0.86,3417
0.86,3416
0.87,3415
0.87,3414
0.87,3413
0.87,3412
0.87,3411
0.88,3410
0.88,3409
0.88,3408
0.88,3407
0.89,3406
0.89,3405
0.89,3404
0.90,3403
0.90,3402
0.90,3401
0.90,3400
0.91,3399
0.91,3398
0.91,3397
0.91,3396
0.92,3395
0.92,3394
0.92,3393
0.92,3392
0.93,3391
0.93,3390
0.93,3389
0.93,3388
0.93,3387
0.94,3386
0.94,3385
0.94,3384
0.94,3383
0.95,3382
0.95,3381
0.95,3380
0.95,3379
0.95,3378
0.96,3377
0.96,3376
0.96,3375
0.96,3374
0.97,3373
0.97,3372
0.97,3371
0.97,3370
0.97,3369
0.98,3368
0.98,3367
0.98,3366
0.98,3365
0.99,3364
0.99,3363
0.99,3362
0.99,3361
0.99,3360
1.00,3359
1.00,3358
1.00,3357
1.00,3356
1.01,3355
1.01,3354
1.01,3353
1.01,3352
1.02,3351
1.02,3350
1.02,3349
1.02,3348
1.03,3347
1.03,3346
1.03,3345
1.03,3344
1.03,3343
1.04,3342
1.04,3341
1.04,3340
1.04,3339
1.05,3338
1.05,3337
1.05,3336
1.05,3335
1.05,3334
1.06,3333
1.06,3332
1.06,3331
1.06,3330
1.07,3329
1.07,3328
1.07,3327
1.07,3326
1.07,3325
1.08,3324
1.08,3323
1.08,3322
1.08,3321
1.09,3320
1.09,3319
1.09,3318
1.09,3317
1.09,3316
1.10,3315
1.10,3314
1.10,3313
1.10,3312
1.10,3311
1.11,3310
1.11,3309
1.11,3308
1.11,3307
1.12,3306
1.12,3305
1.12,3304
1.12,3303
1.12,3302
1.13,3301
1.13,3300
1.13,3299
1.13,3298
1.13,3297
1.14,3296
1.14,3295
1.14,3294
1.14,3293
1.14,3292
1.15,3291
1.15,3290
1.15,3289
1.15,3288
1.16,3287
1.16,3286
1.16,3285
1.16,3284
1.16,3283
1.17,3282
1.17,3281
1.17,3280
1.17,3279
1.18,3278
1.18,3277
1.18,3276
1.18,3275
1.18,3274
1.19,3273
1.19,3272
1.19,3271
1.19,3270
1.19,3269
1.20,3268
1.20,3267
1.20,3266
1.20,3265
1.21,3264
1.21,3263
1.21,3262
1.21,3261
1.22,3260
1.22,3259
1.22,3258
1.22,3257
1.23,3256
1.23,3255
1.23,3254
1.23,3253
1.23,3252
1.24,3251
1.24,3250
1.24,3249
1.24,3248
1.25,3247
1.25,3246
1.25,3245
1.25,3244
1.26,3243
1.26,3242
1.26,3241
1.26,3240
1.27,3239
1.27,3238
1.27,3237
1.27,3236
1.28,3235
1.28,3234
1.28,3233
1.28,3232
1.29,3231
1.29,3230
1.29,3229
1.29,3228
1.30,3227
1.30,3226
1.30,3225
1.31,3224
1.31,3223
1.31,3222
1.31,3221
1.32,3220
1.32,3219
1.32,3218
1.32,3217
1.33,3216
1.33,3215
1.33,3214
1.33,3213
1.34,3212
1.34,3211
1.34,3210
1.34,3209
1.35,3208
1.35,3207
1.35,3206
1.35,3205
1.36,3204
1.36,3203
1.36,3202
1.36,3201
1.37,3200
1.37,3199
1.37,3198
1.37,3197
1.38,3196
1.38,3195
1.38,3194
1.38,3193
1.39,3192
1.39,3191
1.39,3190
1.39,3189
1.40,3188
1.40,3187
1.40,3186
1.40,3185
1.41,3184
1.41,3183
1.42,3182
1.42,3181
1.42,3180
1.42,3179
1.42,3178
1.43,3177
1.43,3176
1.43,3175
1.43,3174
1.43,3173
1.44,3172
1.44,3171
1.44,3170
1.44,3169
1.44,3168
1.45,3167
1.45,3166
1.45,3165
1.45,3164
1.45,3163
1.46,3162
1.46,3161
1.46,3160
1.46,3159
1.47,3158
1.47,3157
1.47,3156
1.47,3155
1.47,3154
1.48,3153
1.48,3152
1.48,3151
1.48,3150
1.48,3149
1.49,3148
1.49,3147
1.49,3146
1.49,3145
1.50,3144
1.50,3143
1.50,3142
1.50,3141
1.50,3140
1.51,3139
1.51,3138
1.51,3137
1.51,3136
1.51,3135
1.52,3134
1.52,3133
1.52,3132
1.52,3131
1.52,3130
1.53,3129
1.53,3128
1.53,3127
1.53,3126
1.54,3125
1.54,3124
1.54,3123
1.54,3122
1.54,3121
1.55,3120
1.55,3119
1.55,3118
1.55,3117
1.55,3116
1.56,3115
1.56,3114
1.56,3113
1.56,3112
1.56,3111
1.57,3110
1.57,3109
1.57,3108
1.57,3107
1.57,3106
1.58,3105
1.58,3104
1.58,3103
1.58,3102
1.59,3101
1.59,3100
1.59,3099
1.59,3098
1.59,3097
1.60,3096
1.60,3095
1.60,3094
1.60,3093
1.61,3092
1.61,3091
1.61,3090
1.61,3089
1.61,3088
1.62,3087
1.62,3086
1.62,3085
1.62,3084
1.62,3083
1.63,3082
1.63,3081
1.63,3080
1.63,3079
1.63,3078
1.64,3077
1.64,3076
1.64,3075
1.64,3074
1.65,3073
1.65,3072
1.65,3071
1.65,3070
1.65,3069
1.66,3068
1.66,3067
1.66,3066
1.66,3065
1.66,3064
1.67,3063
1.67,3062
1.67,3061
1.67,3060
1.67,3059
1.68,3058
1.68,3057
1.68,3056
1.68,3055
1.69,3054
1.69,3053
1.69,3052
1.69,3051
1.69,3050
1.70,3049
1.70,3048
1.70,3047
1.70,3046
1.70,3045
1.71,3044
1.71,3043
1.71,3042
1.71,3041
1.72,3040
1.72,3039
1.72,3038
1.72,3037
1.72,3036
1.73,3035
1.73,3034
1.73,3033
1.73,3032
1.73,3031
1.74,3030
1.74,3029
1.74,3028
1.74,3027
1.74,3026
1.75,3025
1.75,3024
1.75,3023
1.75,3022
1.75,3021
1.76,3020
1.76,3019
1.76,3018
1.76,3017
1.76,3016
1.77,3015
1.77,3014
1.77,3013
1.77,3012
1.78,3011
1.78,3010
1.78,3009
1.79,3008
1.79,3007
1.79,3006
1.79,3005
1.79,3004
1.80,3003
1.80,3002
1.80,3001
1.80,3000
1.80,2999
1.81,2998
1.81,2997
1.81,2996
1.81,2995
1.81,2994
1.82,2993
1.82,2992
1.82,2991
1.82,2990
1.82,2989
1.83,2988
1.83,2987
1.83,2986
1.83,2985
1.84,2984
1.84,2983
1.84,2982
1.84,2981
1.84,2980
1.85,2979
1.85,2978
1.85,2977
1.85,2976
1.85,2975
1.86,2974
1.86,2973
1.86,2972
1.86,2971
1.86,2970
1.87,2969
1.87,2968
1.87,2967
1.87,2966
1.87,2965
1.88,2964
1.88,2963
1.88,2962
1.88,2961
1.89,2960
1.89,2959
1.89,2958
1.89,2957
1.89,2956
1.90,2955
1.90,2954
1.90,2953
1.90,2952
1.91,2951
1.91,2950
1.91,2949
1.91,2948
1.91,2947
1.92,2946
1.92,2945
1.92,2944
1.92,2943
1.92,2942
1.93,2941
1.93,2940
1.93,2939
1.93,2938
1.94,2937
1.94,2936
1.94,2935
1.94,2934
1.94,2933
1.95,2932
1.95,2931
1.95,2930
1.95,2929
1.95,2928
1.96,2927
1.96,2926
1.96,2925
1.96,2924
1.96,2923
1.97,2922
1.97,2921
1.97,2920
1.97,2919
1.98,2918
1.98,2917
1.98,2916
1.98,2915
1.98,2914
1.99,2913
1.99,2912
1.99,2911
1.99,2910
1.99,2909
2.00,2908
2.00,2907
2.00,2906
2.00,2905
2.01,2904
2.01,2903
2.01,2902
2.01,2901
2.01,2900
2.02,2899
2.02,2898
2.02,2897
2.02,2896
2.02,2895
2.03,2894
2.03,2893
2.03,2892
2.03,2891
2.04,2890
2.04,2889
2.04,2888
2.04,2887
2.04,2886
2.05,2885
2.05,2884
2.05,2883
2.05,2882
2.05,2881
2.06,2880
2.06,2879
2.06,2878
2.06,2877
2.07,2876
2.07,2875
2.07,2874
2.07,2873
2.07,2872
2.08,2871
2.08,2870
2.08,2869
2.08,2868
2.08,2867
2.09,2866
2.09,2865
2.09,2864
2.09,2863
2.09,2862
2.10,2861
2.10,2860
2.10,2859
2.10,2858
2.10,2857
2.11,2856
2.11,2855
2.11,2854
2.11,2853
2.12,2852
2.12,2851
2.12,2850
2.12,2849
2.12,2848
2.13,2847
2.13,2846
2.13,2845
2.13,2844
2.13,2843
2.14,2842
2.14,2841
2.14,2840
2.14,2839
2.15,2838
2.15,2837
2.15,2836
2.15,2835
2.16,2834
2.16,2833
2.16,2832
2.16,2831
2.16,2830
2.17,2829
2.17,2828
2.17,2827
2.17,2826
2.17,2825
2.18,2824
2.18,2823
2.18,2822
2.18,2821
2.19,2820
2.19,2819
2.19,2818
2.19,2817
2.20,2816
2.20,2815
2.20,2814
2.20,2813
2.21,2812
2.21,2811
2.21,2810
2.21,2809
2.21,2808
2.22,2807
2.22,2806
2.22,2805
2.22,2804
2.23,2803
2.23,2802
2.23,2801
2.23,2800
2.24,2799
2.24,2798
2.24,2797
2.24,2796
2.25,2795
2.25,2794
2.25,2793
2.25,2792
2.26,2791
2.26,2790
2.26,2789
2.26,2788
2.27,2787
2.27,2786
2.27,2785
2.27,2784
2.28,2783
2.28,2782
2.28,2781
2.28,2780
2.29,2779
2.29,2778
2.29,2777
2.29,2776
2.30,2775
2.30,2774
2.30,2773
2.31,2772
2.31,2771
2.31,2770
2.31,2769
2.32,2768
2.32,2767
2.32,2766
2.32,2765
2.33,2764
2.33,2763
2.33,2762
2.33,2761
2.34,2760
2.34,2759
2.34,2758
2.34,2757
2.35,2756
2.35,2755
2.35,2754
2.35,2753
2.36,2752
2.36,2751
2.36,2750
2.36,2749
2.37,2748
2.37,2747
2.37,2746
2.37,2745
2.38,2744
2.38,2743
2.38,2742
2.38,2741
2.39,2740
2.39,2739
2.39,2738
2.39,2737
2.40,2736
2.40,2735
2.40,2734
2.40,2733
2.41,2732
2.41,2731
2.41,2730
2.41,2729
2.42,2728
2.42,2727
2.42,2726
2.42,2725
2.43,2724
2.43,2723
2.43,2722
2.43,2721
2.44,2720
2.44,2719
2.44,2718
2.44,2717
2.45,2716
2.45,2715
2.45,2714
2.45,2713
2.46,2712
2.46,2711
2.46,2710
2.46,2709
2.47,2708
2.47,2707
2.47,2706
2.47,2705
2.48,2704
2.48,2703
2.48,2702
2.48,2701
2.49,2700
2.49,2699
2.49,2698
2.49,2697
2.50,2696
2.50,2695
2.50,2694
2.50,2693
2.51,2692
2.51,2691
2.51,2690
2.51,2689
2.52,2688
2.52,2687
2.52,2686
2.52,2685
2.53,2684
2.53,2683
2.53,2682
2.53,2681
2.54,2680
2.54,2679
2.54,2678
2.54,2677
2.55,2676
2.55,2675
2.55,2674
2.55,2673
2.56,2672
2.56,2671
2.56,2670
2.56,2669
2.57,2668
2.57,2667
2.57,2666
2.57,2665
2.58,2664
2.58,2663
2.58,2662
2.58,2661
2.59,2660
2.59,2659
2.59,2658
2.59,2657
2.60,2656
2.60,2655
2.60,2654
2.60,2653
2.60,2652
2.61,2651
2.61,2650
2.61,2649
2.61,2648
2.62,2647
2.62,2646
2.62,2645
2.62,2644
2.63,2643
2.63,2642
2.63,2641
2.63,2640
2.64,2639
2.64,2638
2.64,2637
2.65,2636
2.65,2635
2.65,2634
2.65,2633
2.65,2632
2.66,2631
2.66,2630
2.66,2629
2.66,2628
2.66,2627
2.67,2626
2.67,2625
2.67,2624
2.67,2623
2.67,2622
2.68,2621
2.68,2620
2.68,2619
2.68,2618
2.68,2617
2.69,2616
2.69,2615
2.69,2614
2.69,2613
2.69,2612
2.70,2611
2.70,2610
2.70,2609
2.70,2608
2.70,2607
2.71,2606
2.71,2605
2.71,2604
2.71,2603
2.71,2602
2.72,2601
2.72,2600
2.72,2599
2.72,2598
2.73,2597
2.73,2596
2.73,2595
2.73,2594
2.73,2593
2.73,2592
2.74,2591
2.74,2590
2.74,2589
2.74,2588
2.75,2587
2.75,2586
2.75,2585
2.75,2584
2.75,2583
2.76,2582
2.76,2581
2.76,2580
2.76,2579
2.76,2578
2.76,2577
2.77,2576
2.77,2575
2.77,2574
2.77,2573
2.77,2572
2.78,2571
2.78,2570
2.78,2569
2.78,2568
2.78,2567
2.79,2566
2.79,2565
2.79,2564
2.79,2563
2.80,2562
2.80,2561
2.80,2560
2.80,2559
2.80,2558
2.80,2557
2.81,2556
2.81,2555
2.81,2554
2.81,2553
2.81,2552
2.82,2551
2.82,2550
2.82,2549
2.82,2548
2.82,2547
2.83,2546
2.83,2545
2.83,2544
2.83,2543
2.83,2542
2.84,2541
2.84,2540
2.84,2539
2.84,2538
2.84,2537
2.85,2536
2.85,2535
2.85,2534
2.85,2533
2.85,2532
2.86,2531
2.86,2530
2.86,2529
2.86,2528
2.86,2527
2.87,2526
2.87,2525
2.87,2524
2.87,2523
2.87,2522
2.88,2521
2.88,2520
2.88,2519
2.88,2518
2.88,2517
2.89,2516
2.89,2515
2.89,2514
2.89,2513
2.89,2512
2.90,2511
2.90,2510
2.90,2509
2.90,2508
2.90,2507
2.91,2506
2.91,2505
2.91,2504
2.91,2503
2.91,2502
2.92,2501
2.92,2500
2.92,2499
2.92,2498
2.92,2497
2.93,2496
2.93,2495
2.93,2494
2.93,2493
2.93,2492
2.94,2491
2.94,2490
2.94,2489
2.94,2488
2.94,2487
2.95,2486
2.95,2485
2.95,2484
2.95,2483
2.95,2482
2.96,2481
2.96,2480
2.96,2479
2.96,2478
2.96,2477
2.97,2476
2.97,2475
2.97,2474
2.97,2473
2.97,2472
2.98,2471
2.98,2470
2.98,2469
2.98,2468
2.98,2467
2.99,2466
2.99,2465
2.99,2464
2.99,2463
2.99,2462
3.00,2461
3.00,2460
3.00,2459
3.00,2458
3.00,2457
3.01,2456
3.01,2455
3.01,2454
3.01,2453
3.01,2452
3.02,2451
3.02,2450
3.02,2449
3.02,2448
3.02,2447
3.03,2446
3.03,2445
3.03,2444
3.03,2443
3.03,2442
3.04,2441
3.04,2440
3.04,2439
3.04,2438
3.04,2437
3.05,2436
3.05,2435
3.05,2434
3.05,2433
3.05,2432
3.06,2431
3.06,2430
3.06,2429
3.06,2428
3.06,2427
3.07,2426
3.07,2425
3.07,2424
3.07,2423
3.07,2422
3.08,2421
3.08,2420
3.08,2419
3.08,2418
3.08,2417
3.09,2416
3.09,2415
3.09,2414
3.09,2413
3.09,2412
3.10,2411
3.10,2410
3.10,2409
3.10,2408
3.10,2407
3.11,2406
3.11,2405
3.11,2404
3.11,2403
3.11,2402
3.12,2401
3.12,2400
3.12,2399
3.12,2398
3.12,2397
3.13,2396
3.13,2395
3.13,2394
3.13,2393
3.13,2392
3.14,2391
3.14,2390
3.14,2389
3.14,2388
3.14,2387
3.15,2386
3.15,2385
3.17,2384
