0.10,3632
0.16,3631
0.17,3630
0.18,3629
0.19,3628
0.20,3627
0.21,3626
0.22,3625
0.22,3624
0.23,3623
0.23,3622
0.24,3621
0.24,3620
0.25,3619
0.26,3618
0.26,3617
0.27,3616
0.27,3615
0.28,3614
0.28,3613
0.29,3612
0.30,3611
0.30,3610
0.31,3609
0.31,3608
0.32,3607
0.32,3606
0.33,3605
0.33,3604
0.34,3603
0.34,3602
0.35,3601
0.36,3600
0.36,3599
0.37,3598
0.37,3597
0.38,3596
0.38,3595
0.39,3594
0.39,3593
0.39,3592
0.40,3591
0.40,3590
0.41,3589
0.41,3588
0.41,3587
0.42,3586
0.42,3585
0.42,3584
0.43,3583
0.43,3582
0.43,3581
0.43,3580
0.44,3579
0.44,3578
0.44,3577
0.44,3576
0.45,3575
0.45,3574
0.45,3573
0.45,3572
0.46,3571
0.46,3570
0.46,3569
0.46,3568
0.47,3567
0.47,3566
0.47,3565
0.47,3564
0.48,3563
0.48,3562
0.48,3561
0.48,3560
0.49,3559
0.49,3558
0.49,3557
0.49,3556
0.50,3555
0.50,3554
0.50,3553
0.50,3552
0.50,3551
0.51,3550
0.51,3549
0.51,3548
0.51,3547
0.52,3546
0.52,3545
0.52,3544
0.52,3543
0.52,3542
0.53,3541
0.53,3540
0.53,3539
0.53,3538
0.54,3537
0.54,3536
0.54,3535
0.54,3534
0.55,3533
0.55,3532
0.55,3531
0.55,3530
0.55,3529
0.56,3528
0.56,3527
0.56,3526
0.56,3525
0.57,3524
0.57,3523
0.57,3522
0.57,3521
0.57,3520
0.58,3519
0.58,3518
0.58,3517
0.58,3516
0.59,3515
0.59,3514
0.59,3513
0.59,3512
0.60,3511
0.60,3510
0.60,3509
0.60,3508
0.60,3507
0.61,3506
0.61,3505
0.61,3504
0.61,3503
0.62,3502
0.62,3501
0.62,3500
0.63,3499
0.63,3498
0.63,3497
0.63,3496
0.63,3495
0.64,3494
0.64,3493
0.64,3492
0.64,3491
0.65,3490
0.65,3489
0.65,3488
0.65,3487
0.65,3486
0.66,3485
0.66,3484
0.66,3483
0.66,3482
0.67,3481
0.67,3480
0.67,3479
0.67,3478
0.67,3477
0.68,3476
0.68,3475
0.68,3474
0.68,3473
0.69,3472
0.69,3471
0.69,3470
0.69,3469
0.69,3468
0.70,3467
0.70,3466
0.70,3465
0.70,3464
0.70,3463
0.71,3462
0.71,3461
0.71,3460
0.71,3459
0.72,3458
0.72,3457
0.72,3456
0.72,3455
0.72,3454
0.73,3453
0.73,3452
0.73,3451
0.73,3450
0.74,3449
0.74,3448
0.74,3447
0.74,3446
0.74,3445
0.75,3444
0.75,3443
0.75,3442
0.75,3441
0.76,3440
0.76,3439
0.76,3438
0.76,3437
0.76,3436
0.77,3435
0.77,3434
0.77,3433
0.77,3432
0.78,3431
0.78,3430
0.78,3429
0.78,3428
0.78,3427
0.79,3426
0.79,3425
0.79,3424
0.79,3423
0.80,3422
0.80,3421
0.80,3420
0.80,3419
0.81,3418
0.81,3417
0.81,3416
0.81,3415
0.82,3414
0.82,3413
0.82,3412
0.82,3411
0.83,3410
0.83,3409
0.83,3408
0.83,3407
0.83,3406
0.84,3405
0.84,3404
0.84,3403
0.84,3402
0.84,3401
0.85,3400
0.85,3399
0.85,3398
0.85,3397
0.86,3396
0.86,3395
0.86,3394
0.86,3393
0.86,3392
0.87,3391
0.87,3390
0.87,3389
0.87,3388
0.88,3387
0.88,3386
0.88,3385
0.88,3384
0.89,3383
0.89,3382
0.89,3381
0.89,3380
0.89,3379
0.90,3378
0.90,3377
0.90,3376
0.90,3375
0.91,3374
0.91,3373
0.91,3372
0.91,3371
0.92,3370
0.92,3369
0.92,3368
0.92,3367
0.92,3366
0.93,3365
0.93,3364
0.93,3363
0.93,3362
0.94,3361
0.94,3360
0.94,3359
0.94,3358
0.94,3357
0.95,3356
0.95,3355
0.95,3354
0.95,3353
0.96,3352
0.96,3351
0.96,3350
0.96,3349
0.97,3348
0.97,3347
0.97,3346
0.97,3345
0.98,3344
0.98,3343
0.98,3342
0.98,3341
0.98,3340
0.99,3339
0.99,3338
0.99,3337
0.99,3336
1.00,3335
1.00,3334
1.00,3333
1.01,3332
1.01,3331
1.01,3330
1.01,3329
1.01,3328
1.02,3327
1.02,3326
1.02,3325
1.02,3324
1.03,3323
1.03,3322
1.03,3321
1.03,3320
1.03,3319
1.04,3318
1.04,3317
1.04,3316
1.04,3315
1.04,3314
1.05,3313
1.05,3312
1.05,3311
1.05,3310
1.06,3309
1.06,3308
1.06,3307
1.06,3306
1.06,3305
1.07,3304
1.07,3303
1.07,3302
1.07,3301
1.08,3300
1.08,3299
1.08,3298
1.08,3297
1.08,3296
1.09,3295
1.09,3294
1.09,3293
1.09,3292
1.10,3291
1.10,3290
1.10,3289
1.10,3288
1.10,3287
1.11,3286
1.11,3285
1.11,3284
1.11,3283
1.12,3282
1.12,3281
1.12,3280
1.12,3279
1.13,3278
1.13,3277
1.13,3276
1.13,3275
1.13,3274
1.14,3273
1.14,3272
1.14,3271
1.14,3270
1.14,3269
1.15,3268
1.15,3267
1.15,3266
1.15,3265
1.16,3264
1.16,3263
1.16,3262
1.16,3261
1.16,3260
1.17,3259
1.17,3258
1.17,3257
1.17,3256
1.18,3255
1.18,3254
1.18,3253
1.18,3252
1.18,3251
1.19,3250
1.19,3249
1.19,3248
1.19,3247
1.20,3246
1.20,3245
1.20,3244
1.20,3243
1.21,3242
1.21,3241
1.21,3240
1.21,3239
1.22,3238
1.22,3237
1.22,3236
1.22,3235
1.23,3234
1.23,3233
1.23,3232
1.23,3231
1.23,3230
1.24,3229
1.24,3228
1.24,3227
1.25,3226
1.25,3225
1.25,3224
1.25,3223
1.26,3222
1.26,3221
1.26,3220
1.27,3219
1.27,3218
1.27,3217
1.27,3216
1.28,3215
1.28,3214
1.28,3213
1.28,3212
1.29,3211
1.29,3210
1.29,3209
1.29,3208
1.30,3207
1.30,3206
1.30,3205
1.30,3204
1.31,3203
1.31,3202
1.31,3201
1.31,3200
1.32,3199
1.32,3198
1.32,3197
1.33,3196
1.33,3195
1.33,3194
1.33,3193
1.34,3192
1.34,3191
1.34,3190
1.34,3189
1.35,3188
1.35,3187
1.35,3186
1.35,3185
1.36,3184
1.36,3183
1.36,3182
1.36,3181
1.37,3180
1.37,3179
1.37,3178
1.38,3177
1.38,3176
1.38,3175
1.38,3174
1.39,3173
1.39,3172
1.39,3171
1.39,3170
1.40,3169
1.40,3168
1.40,3167
1.40,3166
1.41,3165
1.41,3164
1.41,3163
1.42,3162
1.42,3161
1.42,3160
1.42,3159
1.43,3158
1.43,3157
1.43,3156
1.43,3155
1.43,3154
1.44,3153
1.44,3152
1.44,3151
1.44,3150
1.45,3149
1.45,3148
1.45,3147
1.45,3146
1.45,3145
1.46,3144
1.46,3143
1.46,3142
1.46,3141
1.47,3140
1.47,3139
1.47,3138
1.47,3137
1.48,3136
1.48,3135
1.48,3134
1.48,3133
1.48,3132
1.49,3131
1.49,3130
1.49,3129
1.49,3128
1.50,3127
1.50,3126
1.50,3125
1.50,3124
1.51,3123
1.51,3122
1.51,3121
1.51,3120
1.51,3119
1.52,3118
1.52,3117
1.52,3116
1.52,3115
1.53,3114
1.53,3113
1.53,3112
1.53,3111
1.53,3110
1.54,3109
1.54,3108
1.54,3107
1.54,3106
1.55,3105
1.55,3104
1.55,3103
1.55,3102
1.56,3101
1.56,3100
1.56,3099
1.56,3098
1.56,3097
1.57,3096
1.57,3095
1.57,3094
1.57,3093
1.58,3092
1.58,3091
1.58,3090
1.58,3089
1.58,3088
1.59,3087
1.59,3086
1.59,3085
1.59,3084
1.60,3083
1.60,3082
1.60,3081
1.60,3080
1.60,3079
1.61,3078
1.61,3077
1.61,3076
1.61,3075
1.62,3074
1.62,3073
1.62,3072
1.62,3071
1.62,3070
1.63,3069
1.63,3068
1.63,3067
1.63,3066
1.63,3065
1.64,3064
1.64,3063
1.64,3062
1.64,3061
1.65,3060
1.65,3059
1.65,3058
1.65,3057
1.66,3056
1.66,3055
1.66,3054
1.66,3053
1.66,3052
1.67,3051
1.67,3050
1.67,3049
1.67,3048
1.68,3047
1.68,3046
1.68,3045
1.68,3044
1.68,3043
1.69,3042
1.69,3041
1.69,3040
1.69,3039
1.70,3038
1.70,3037
1.70,3036
1.70,3035
1.70,3034
1.71,3033
1.71,3032
1.71,3031
1.71,3030
1.72,3029
1.72,3028
1.72,3027
1.72,3026
1.72,3025
1.73,3024
1.73,3023
1.73,3022
1.73,3021
1.74,3020
1.74,3019
1.74,3018
1.74,3017
1.74,3016
1.75,3015
1.75,3014
1.75,3013
1.75,3012
1.76,3011
1.76,3010
1.76,3009
1.76,3008
1.76,3007
1.77,3006
1.77,3005
1.77,3004
1.77,3003
1.78,3002
1.78,3001
1.78,3000
1.78,2999
1.78,2998
1.79,2997
1.79,2996
1.79,2995
1.79,2994
1.80,2993
1.80,2992
1.80,2991
1.80,2990
1.81,2989
1.81,2988
1.81,2987
1.81,2986
1.82,2985
1.82,2984
1.82,2983
1.82,2982
1.82,2981
1.83,2980
1.83,2979
1.83,2978
1.83,2977
1.83,2976
1.84,2975
1.84,2974
1.84,2973
1.84,2972
1.85,2971
1.85,2970
1.85,2969
1.85,2968
1.85,2967
1.86,2966
1.86,2965
1.86,2964
1.86,2963
1.86,2962
1.87,2961
1.87,2960
1.87,2959
1.87,2958
1.87,2957
1.88,2956
1.88,2955
1.88,2954
1.88,2953
1.89,2952
1.89,2951
1.89,2950
1.89,2949
1.89,2948
1.90,2947
1.90,2946
1.90,2945
1.90,2944
1.90,2943
1.91,2942
1.91,2941
1.91,2940
1.91,2939
1.91,2938
1.92,2937
1.92,2936
1.92,2935
1.92,2934
1.93,2933
1.93,2932
1.93,2931
1.93,2930
1.93,2929
1.94,2928
1.94,2927
1.94,2926
1.94,2925
1.94,2924
1.95,2923
1.95,2922
1.95,2921
1.95,2920
1.95,2919
1.96,2918
1.96,2917
1.96,2916
1.96,2915
1.97,2914
1.97,2913
1.97,2912
1.97,2911
1.97,2910
1.98,2909
1.98,2908
1.98,2907
1.98,2906
1.98,2905
1.99,2904
1.99,2903
1.99,2902
1.99,2901
1.99,2900
2.00,2899
2.00,2898
2.00,2897
2.00,2896
2.01,2895
2.01,2894
2.01,2893
2.01,2892
2.01,2891
2.02,2890
2.02,2889
2.02,2888
2.02,2887
2.02,2886
2.03,2885
2.03,2884
2.03,2883
2.03,2882
2.03,2881
2.04,2880
2.04,2879
2.04,2878
2.04,2877
2.05,2876
2.05,2875
2.05,2874
2.05,2873
2.05,2872
2.06,2871
2.06,2870
2.06,2869
2.06,2868
2.06,2867
2.07,2866
2.07,2865
2.07,2864
2.07,2863
2.07,2862
2.08,2861
2.08,2860
2.08,2859
2.08,2858
2.08,2857
2.09,2856
2.09,2855
2.09,2854
2.09,2853
2.10,2852
2.10,2851
2.10,2850
2.10,2849
2.10,2848
2.11,2847
2.11,2846
2.11,2845
2.11,2844
2.11,2843
2.12,2842
2.12,2841
2.12,2840
2.12,2839
2.12,2838
2.13,2837
2.13,2836
2.13,2835
2.13,2834
2.13,2833
2.14,2832
2.14,2831
2.14,2830
2.14,2829
2.14,2828
2.15,2827
2.15,2826
2.15,2825
2.15,2824
2.16,2823
2.16,2822
2.16,2821
2.16,2820
2.16,2819
2.17,2818
2.17,2817
2.17,2816
2.17,2815
2.17,2814
2.18,2813
2.18,2812
2.18,2811
2.19,2810
2.19,2809
2.19,2808
2.19,2807
2.20,2806
2.20,2805
2.20,2804
2.20,2803
2.20,2802
2.21,2801
2.21,2800
2.21,2799
2.21,2798
2.21,2797
2.22,2796
2.22,2795
2.22,2794
2.22,2793
2.22,2792
2.23,2791
2.23,2790
2.23,2789
2.23,2788
2.23,2787
2.24,2786
2.24,2785
2.24,2784
2.24,2783
2.24,2782
2.25,2781
2.25,2780
2.25,2779
2.25,2778
2.26,2777
2.26,2776
2.26,2775
2.26,2774
2.26,2773
2.27,2772
2.27,2771
2.27,2770
2.27,2769
2.27,2768
2.28,2767
2.28,2766
2.28,2765
2.28,2764
2.28,2763
2.29,2762
2.29,2761
2.29,2760
2.29,2759
2.29,2758
2.30,2757
2.30,2756
2.30,2755
2.30,2754
2.30,2753
2.31,2752
2.31,2751
2.31,2750
2.31,2749
2.31,2748
2.32,2747
2.32,2746
2.32,2745
2.32,2744
2.32,2743
2.33,2742
2.33,2741
2.33,2740
2.33,2739
2.34,2738
2.34,2737
2.34,2736
2.34,2735
2.34,2734
2.35,2733
2.35,2732
2.35,2731
2.35,2730
2.35,2729
2.36,2728
2.36,2727
2.36,2726
2.36,2725
2.36,2724
2.37,2723
2.37,2722
2.37,2721
2.37,2720
2.37,2719
2.38,2718
2.38,2717
2.38,2716
2.38,2715
2.38,2714
2.39,2713
2.39,2712
2.39,2711
2.39,2710
2.39,2709
2.40,2708
2.40,2707
2.40,2706
2.40,2705
2.40,2704
2.41,2703
2.41,2702
2.41,2701
2.41,2700
2.42,2699
2.42,2698
2.42,2697
2.42,2696
2.42,2695
2.43,2694
2.43,2693
2.43,2692
2.43,2691
2.43,2690
2.44,2689
2.44,2688
2.44,2687
2.44,2686
2.44,2685
2.45,2684
2.45,2683
2.45,2682
2.45,2681
2.45,2680
2.46,2679
2.46,2678
2.46,2677
2.46,2676
2.46,2675
2.47,2674
2.47,2673
2.47,2672
2.47,2671
2.47,2670
2.48,2669
2.48,2668
2.48,2667
2.48,2666
2.48,2665
2.49,2664
2.49,2663
2.49,2662
2.49,2661
2.49,2660
2.50,2659
2.50,2658
2.50,2657
2.50,2656
2.50,2655
2.51,2654
2.51,2653
2.51,2652
2.51,2651
2.51,2650
2.52,2649
2.52,2648
2.52,2647
2.52,2646
2.52,2645
2.53,2644
2.53,2643
2.53,2642
2.53,2641
2.53,2640
2.54,2639
2.54,2638
2.54,2637
2.54,2636
2.54,2635
2.55,2634
2.55,2633
2.55,2632
2.55,2631
2.55,2630
2.56,2629
2.56,2628
2.56,2627
2.56,2626
2.57,2625
2.57,2624
2.57,2623
2.57,2622
2.57,2621
2.58,2620
2.58,2619
2.58,2618
2.58,2617
2.58,2616
2.59,2615
2.59,2614
2.59,2613
2.59,2612
2.59,2611
2.60,2610
2.60,2609
2.60,2608
2.60,2607
2.60,2606
2.61,2605
2.61,2604
2.61,2603
2.61,2602
2.61,2601
2.61,2600
2.62,2599
2.62,2598
2.62,2597
2.62,2596
2.63,2595
2.63,2594
2.63,2593
2.63,2592
2.63,2591
2.64,2590
2.64,2589
2.64,2588
2.64,2587
2.64,2586
2.65,2585
2.65,2584
2.65,2583
2.65,2582
2.65,2581
2.66,2580
2.66,2579
2.66,2578
2.66,2577
2.66,2576
2.67,2575
2.67,2574
2.67,2573
2.67,2572
2.67,2571
2.68,2570
2.68,2569
2.68,2568
2.68,2567
2.68,2566
2.69,2565
2.69,2564
2.69,2563
2.69,2562
2.69,2561
2.70,2560
2.70,2559
2.70,2558
2.70,2557
2.70,2556
2.71,2555
2.71,2554
2.71,2553
2.71,2552
2.71,2551
2.72,2550
2.72,2549
2.72,2548
2.72,2547
2.72,2546
2.73,2545
2.73,2544
2.73,2543
2.73,2542
2.73,2541
2.73,2540
2.74,2539
2.74,2538
2.74,2537
2.74,2536
2.74,2535
2.75,2534
2.75,2533
2.75,2532
2.75,2531
2.75,2530
2.76,2529
2.76,2528
2.76,2527
2.76,2526
2.77,2525
2.77,2524
2.77,2523
2.77,2522
2.77,2521
2.78,2520
2.78,2519
2.78,2518
2.78,2517
2.78,2516
2.79,2515
2.79,2514
2.79,2513
2.79,2512
2.79,2511
2.80,2510
2.80,2509
2.80,2508
2.80,2507
2.80,2506
2.81,2505
2.81,2504
2.81,2503
2.81,2502
2.81,2501
2.82,2500
2.82,2499
2.82,2498
2.82,2497
2.82,2496
2.83,2495
2.83,2494
2.83,2493
2.83,2492
2.83,2491
2.84,2490
2.84,2489
2.84,2488
2.84,2487
2.84,2486
2.85,2485
2.85,2484
2.85,2483
2.85,2482
2.85,2481
2.85,2480
2.86,2479
2.86,2478
2.86,2477
2.86,2476
2.86,2475
2.87,2474
2.87,2473
2.87,2472
2.87,2471
2.87,2470
2.88,2469
2.88,2468
2.88,2467
2.88,2466
2.88,2465
2.89,2464
2.89,2463
2.89,2462
2.89,2461
2.89,2460
2.90,2459
2.90,2458
2.90,2457
2.90,2456
2.90,2455
2.91,2454
2.91,2453
2.91,2452
2.91,2451
2.91,2450
2.92,2449
2.92,2448
2.92,2447
2.92,2446
2.92,2445
2.93,2444
2.93,2443
2.93,2442
2.93,2441
2.93,2440
2.94,2439
2.94,2438
2.94,2437
2.94,2436
2.94,2435
2.95,2434
2.95,2433
2.95,2432
2.95,2431
2.95,2430
2.96,2429
2.96,2428
2.96,2427
2.96,2426
2.96,2425
2.97,2424
2.97,2423
2.97,2422
2.97,2421
2.97,2420
2.98,2419
2.98,2418
2.98,2417
2.98,2416
2.98,2415
2.99,2414
2.99,2413
2.99,2412
2.99,2411
2.99,2410
3.00,2409
3.00,2408
3.00,2407
3.00,2406
3.00,2405
3.01,2404
3.01,2403
3.01,2402
3.01,2401
3.01,2400
3.02,2399
3.02,2398
3.02,2397
3.02,2396
3.02,2395
3.02,2394
3.03,2393
3.03,2392
3.03,2391
3.03,2390
3.04,2389
3.04,2388
3.04,2387
3.04,2386
3.04,2385
3.05,2384
