0.10,3608
0.16,3607
0.18,3606
0.18,3605
0.19,3604
0.20,3603
0.21,3602
0.22,3601
0.22,3600
0.23,3599
0.24,3598
0.24,3597
0.25,3596
0.25,3595
0.26,3594
0.26,3593
0.27,3592
0.28,3591
0.28,3590
0.29,3589
0.29,3588
0.30,3587
0.31,3586
0.31,3585
0.32,3584
0.32,3583
0.33,3582
0.33,3581
0.34,3580
0.35,3579
0.35,3578
0.36,3577
0.36,3576
0.37,3575
0.37,3574
0.37,3573
0.38,3572
0.38,3571
0.39,3570
0.39,3569
0.40,3568
0.40,3567
0.41,3566
0.41,3565
0.41,3564
0.42,3563
0.43,3562
0.43,3561
0.43,3560
0.43,3559
0.44,3558
0.44,3557
0.44,3556
0.44,3555
0.44,3554
0.45,3553
0.45,3552
0.45,3551
0.45,3550
0.46,3549
0.46,3548
0.46,3547
0.46,3546
0.47,3545
0.47,3544
0.47,3543
0.47,3542
0.47,3541
0.48,3540
0.48,3539
0.48,3538
0.48,3537
0.49,3536
0.49,3535
0.49,3534
0.49,3533
0.49,3532
0.50,3531
0.50,3530
0.50,3529
0.50,3528
0.51,3527
0.51,3526
0.51,3525
0.51,3524
0.51,3523
0.52,3522
0.52,3521
0.52,3520
0.52,3519
0.53,3518
0.53,3517
0.53,3516
0.53,3515
0.54,3514
0.54,3513
0.54,3512
0.54,3511
0.55,3510
0.55,3509
0.55,3508
0.55,3507
0.56,3506
0.56,3505
0.56,3504
0.56,3503
0.57,3502
0.57,3501
0.57,3500
0.57,3499
0.58,3498
0.58,3497
0.58,3496
0.58,3495
0.58,3494
0.59,3493
0.59,3492
0.59,3491
0.59,3490
0.60,3489
0.60,3488
0.60,3487
0.60,3486
0.61,3485
0.61,3484
0.61,3483
0.61,3482
0.61,3481
0.62,3480
0.62,3479
0.63,3478
0.63,3477
0.63,3476
0.64,3475
0.64,3474
0.64,3473
0.64,3472
0.64,3471
0.65,3470
0.65,3469
0.65,3468
0.65,3467
0.66,3466
0.66,3465
0.66,3464
0.66,3463
0.66,3462
0.67,3461
0.67,3460
0.67,3459
0.67,3458
0.67,3457
0.68,3456
0.68,3455
0.68,3454
0.68,3453
0.69,3452
0.69,3451
0.69,3450
0.69,3449
0.70,3448
0.70,3447
0.70,3446
0.70,3445
0.70,3444
0.71,3443
0.71,3442
0.71,3441
0.71,3440
0.72,3439
0.72,3438
0.72,3437
0.72,3436
0.72,3435
0.73,3434
0.73,3433
0.73,3432
0.73,3431
0.74,3430
0.74,3429
0.74,3428
0.74,3427
0.74,3426
0.75,3425
0.75,3424
0.75,3423
0.75,3422
0.76,3421
0.76,3420
0.76,3419
0.76,3418
0.77,3417
0.77,3416
0.77,3415
0.77,3414
0.78,3413
0.78,3412
0.78,3411
0.78,3410
0.78,3409
0.79,3408
0.79,3407
0.79,3406
0.79,3405
0.79,3404
0.80,3403
0.80,3402
0.80,3401
0.80,3400
0.81,3399
0.81,3398
0.81,3397
0.81,3396
0.82,3395
0.82,3394
0.82,3393
0.82,3392
0.83,3391
0.83,3390
0.83,3389
0.83,3388
0.83,3387
0.84,3386
0.84,3385
0.84,3384
0.84,3383
0.85,3382
0.85,3381
0.85,3380
0.85,3379
0.85,3378
0.86,3377
0.86,3376
0.86,3375
0.86,3374
0.87,3373
0.87,3372
0.87,3371
0.87,3370
0.87,3369
0.88,3368
0.88,3367
0.88,3366
0.88,3365
0.89,3364
0.89,3363
0.89,3362
0.89,3361
0.89,3360
0.90,3359
0.90,3358
0.90,3357
0.90,3356
0.91,3355
0.91,3354
0.91,3353
0.91,3352
0.92,3351
0.92,3350
0.92,3349
0.92,3348
0.92,3347
0.93,3346
0.93,3345
0.93,3344
0.93,3343
0.94,3342
0.94,3341
0.94,3340
0.94,3339
0.95,3338
0.95,3337
0.95,3336
0.95,3335
0.95,3334
0.96,3333
0.96,3332
0.96,3331
0.96,3330
0.97,3329
0.97,3328
0.97,3327
0.97,3326
0.98,3325
0.98,3324
0.98,3323
0.98,3322
0.98,3321
0.99,3320
0.99,3319
0.99,3318
0.99,3317
1.00,3316
1.00,3315
1.00,3314
1.00,3313
1.01,3312
1.01,3311
1.01,3310
1.01,3309
1.02,3308
1.02,3307
1.02,3306
1.02,3305
1.03,3304
1.03,3303
1.03,3302
1.03,3301
1.03,3300
1.04,3299
1.04,3298
1.04,3297
1.04,3296
1.04,3295
1.05,3294
1.05,3293
1.05,3292
1.05,3291
1.06,3290
1.06,3289
1.06,3288
1.06,3287
1.06,3286
1.07,3285
1.07,3284
1.07,3283
1.07,3282
1.07,3281
1.08,3280
1.08,3279
1.08,3278
1.08,3277
1.09,3276
1.09,3275
1.09,3274
1.09,3273
1.09,3272
1.10,3271
1.10,3270
1.10,3269
1.10,3268
1.10,3267
1.11,3266
1.11,3265
1.11,3264
1.11,3263
1.12,3262
1.12,3261
1.12,3260
1.12,3259
1.12,3258
1.13,3257
1.13,3256
1.13,3255
1.13,3254
1.13,3253
1.14,3252
1.14,3251
1.14,3250
1.14,3249
1.15,3248
1.15,3247
1.15,3246
1.15,3245
1.15,3244
1.16,3243
1.16,3242
1.16,3241
1.16,3240
1.16,3239
1.17,3238
1.17,3237
1.17,3236
1.17,3235
1.17,3234
1.18,3233
1.18,3232
1.18,3231
1.18,3230
1.19,3229
1.19,3228
1.19,3227
1.19,3226
1.19,3225
1.20,3224
1.20,3223
1.20,3222
1.20,3221
1.21,3220
1.21,3219
1.21,3218
1.21,3217
1.22,3216
1.22,3215
1.22,3214
1.22,3213
1.23,3212
1.23,3211
1.23,3210
1.23,3209
1.24,3208
1.24,3207
1.24,3206
1.24,3205
1.25,3204
1.25,3203
1.25,3202
1.25,3201
1.26,3200
1.26,3199
1.26,3198
1.26,3197
1.27,3196
1.27,3195
1.27,3194
1.27,3193
1.28,3192
1.28,3191
1.28,3190
1.28,3189
1.29,3188
1.29,3187
1.29,3186
1.29,3185
1.30,3184
1.30,3183
1.30,3182
1.30,3181
1.31,3180
1.31,3179
1.31,3178
1.31,3177
1.32,3176
1.32,3175
1.32,3174
1.32,3173
1.33,3172
1.33,3171
1.33,3170
1.33,3169
1.34,3168
1.34,3167
1.34,3166
1.34,3165
1.35,3164
1.35,3163
1.35,3162
1.35,3161
1.36,3160
1.36,3159
1.36,3158
1.37,3157
1.37,3156
1.37,3155
1.37,3154
1.38,3153
1.38,3152
1.38,3151
1.38,3150
1.39,3149
1.39,3148
1.39,3147
1.39,3146
1.40,3145
1.40,3144
1.40,3143
1.41,3142
1.41,3141
1.41,3140
1.41,3139
1.41,3138
1.42,3137
1.42,3136
1.42,3135
1.42,3134
1.43,3133
1.43,3132
1.43,3131
1.43,3130
1.43,3129
1.44,3128
1.44,3127
1.44,3126
1.44,3125
1.44,3124
1.45,3123
1.45,3122
1.45,3121
1.45,3120
1.45,3119
1.46,3118
1.46,3117
1.46,3116
1.46,3115
1.46,3114
1.47,3113
1.47,3112
1.47,3111
1.47,3110
1.47,3109
1.48,3108
1.48,3107
1.48,3106
1.48,3105
1.49,3104
1.49,3103
1.49,3102
1.49,3101
1.49,3100
1.50,3099
1.50,3098
1.50,3097
1.50,3096
1.50,3095
1.51,3094
1.51,3093
1.51,3092
1.51,3091
1.51,3090
1.52,3089
1.52,3088
1.52,3087
1.52,3086
1.53,3085
1.53,3084
1.53,3083
1.53,3082
1.53,3081
1.54,3080
1.54,3079
1.54,3078
1.54,3077
1.54,3076
1.55,3075
1.55,3074
1.55,3073
1.55,3072
1.55,3071
1.56,3070
1.56,3069
1.56,3068
1.56,3067
1.56,3066
1.57,3065
1.57,3064
1.57,3063
1.57,3062
1.57,3061
1.58,3060
1.58,3059
1.58,3058
1.58,3057
1.58,3056
1.59,3055
1.59,3054
1.59,3053
1.59,3052
1.59,3051
1.60,3050
1.60,3049
1.60,3048
1.60,3047
1.60,3046
1.61,3045
1.61,3044
1.61,3043
1.61,3042
1.61,3041
1.62,3040
1.62,3039
1.62,3038
1.62,3037
1.62,3036
1.63,3035
1.63,3034
1.63,3033
1.63,3032
1.63,3031
1.64,3030
1.64,3029
1.64,3028
1.64,3027
1.65,3026
1.65,3025
1.65,3024
1.65,3023
1.66,3022
1.66,3021
1.66,3020
1.66,3019
1.66,3018
1.67,3017
1.67,3016
1.67,3015
1.67,3014
1.67,3013
1.68,3012
1.68,3011
1.68,3010
1.68,3009
1.68,3008
1.69,3007
1.69,3006
1.69,3005
1.69,3004
1.69,3003
1.70,3002
1.70,3001
1.70,3000
1.70,2999
1.71,2998
1.71,2997
1.71,2996
1.71,2995
1.71,2994
1.72,2993
1.72,2992
1.72,2991
1.72,2990
1.72,2989
1.73,2988
1.73,2987
1.73,2986
1.73,2985
1.73,2984
1.74,2983
1.74,2982
1.74,2981
1.74,2980
1.74,2979
1.75,2978
1.75,2977
1.75,2976
1.75,2975
1.75,2974
1.76,2973
1.76,2972
1.76,2971
1.76,2970
1.77,2969
1.77,2968
1.77,2967
1.77,2966
1.78,2965
1.78,2964
1.78,2963
1.78,2962
1.79,2961
1.79,2960
1.79,2959
1.79,2958
1.79,2957
1.80,2956
1.80,2955
1.80,2954
1.80,2953
1.80,2952
1.81,2951
1.81,2950
1.81,2949
1.81,2948
1.81,2947
1.82,2946
1.82,2945
1.82,2944
1.82,2943
1.82,2942
1.83,2941
1.83,2940
1.83,2939
1.83,2938
1.83,2937
1.84,2936
1.84,2935
1.84,2934
1.84,2933
1.84,2932
1.85,2931
1.85,2930
1.85,2929
1.85,2928
1.85,2927
1.86,2926
1.86,2925
1.86,2924
1.86,2923
1.87,2922
1.87,2921
1.87,2920
1.87,2919
1.87,2918
1.88,2917
1.88,2916
1.88,2915
1.88,2914
1.88,2913
1.89,2912
1.89,2911
1.89,2910
1.89,2909
1.89,2908
1.90,2907
1.90,2906
1.90,2905
1.90,2904
1.90,2903
1.91,2902
1.91,2901
1.91,2900
1.91,2899
1.91,2898
1.92,2897
1.92,2896
1.92,2895
1.92,2894
1.93,2893
1.93,2892
1.93,2891
1.93,2890
1.93,2889
1.94,2888
1.94,2887
1.94,2886
1.94,2885
1.94,2884
1.95,2883
1.95,2882
1.95,2881
1.95,2880
1.95,2879
1.96,2878
1.96,2877
1.96,2876
1.96,2875
1.96,2874
1.97,2873
1.97,2872
1.97,2871
1.97,2870
1.97,2869
1.98,2868
1.98,2867
1.98,2866
1.98,2865
1.99,2864
1.99,2863
1.99,2862
1.99,2861
1.99,2860
2.00,2859
2.00,2858
2.00,2857
2.00,2856
2.00,2855
2.01,2854
2.01,2853
2.01,2852
2.01,2851
2.01,2850
2.02,2849
2.02,2848
2.02,2847
2.02,2846
2.03,2845
2.03,2844
2.03,2843
2.03,2842
2.03,2841
2.04,2840
2.04,2839
2.04,2838
2.04,2837
2.04,2836
2.05,2835
2.05,2834
2.05,2833
2.05,2832
2.05,2831
2.06,2830
2.06,2829
2.06,2828
2.06,2827
2.06,2826
2.07,2825
2.07,2824
2.07,2823
2.07,2822
2.07,2821
2.08,2820
2.08,2819
2.08,2818
2.08,2817
2.09,2816
2.09,2815
2.09,2814
2.09,2813
2.09,2812
2.10,2811
2.10,2810
2.10,2809
2.10,2808
2.11,2807
2.11,2806
2.11,2805
2.11,2804
2.11,2803
2.12,2802
2.12,2801
2.12,2800
2.12,2799
2.12,2798
2.13,2797
2.13,2796
2.13,2795
2.13,2794
2.13,2793
2.14,2792
2.14,2791
2.14,2790
2.14,2789
2.15,2788
2.15,2787
2.15,2786
2.15,2785
2.16,2784
2.16,2783
2.16,2782
2.16,2781
2.16,2780
2.17,2779
2.17,2778
2.17,2777
2.17,2776
2.17,2775
2.18,2774
2.18,2773
2.18,2772
2.18,2771
2.19,2770
2.19,2769
2.19,2768
2.19,2767
2.19,2766
2.20,2765
2.20,2764
2.20,2763
2.20,2762
2.20,2761
2.21,2760
2.21,2759
2.21,2758
2.21,2757
2.21,2756
2.22,2755
2.22,2754
2.22,2753
2.22,2752
2.22,2751
2.23,2750
2.23,2749
2.23,2748
2.23,2747
2.23,2746
2.24,2745
2.24,2744
2.24,2743
2.24,2742
2.24,2741
2.25,2740
2.25,2739
2.25,2738
2.25,2737
2.25,2736
2.26,2735
2.26,2734
2.26,2733
2.26,2732
2.26,2731
2.27,2730
2.27,2729
2.27,2728
2.27,2727
2.28,2726
2.28,2725
2.28,2724
2.28,2723
2.28,2722
2.29,2721
2.29,2720
2.29,2719
2.29,2718
2.29,2717
2.30,2716
2.30,2715
2.30,2714
2.30,2713
2.30,2712
2.31,2711
2.31,2710
2.31,2709
2.31,2708
2.31,2707
2.32,2706
2.32,2705
2.32,2704
2.32,2703
2.32,2702
2.33,2701
2.33,2700
2.33,2699
2.33,2698
2.33,2697
2.34,2696
2.34,2695
2.34,2694
2.34,2693
2.34,2692
2.35,2691
2.35,2690
2.35,2689
2.35,2688
2.35,2687
2.36,2686
2.36,2685
2.36,2684
2.36,2683
2.36,2682
2.37,2681
2.37,2680
2.37,2679
2.37,2678
2.37,2677
2.38,2676
2.38,2675
2.38,2674
2.38,2673
2.38,2672
2.39,2671
2.39,2670
2.39,2669
2.39,2668
2.39,2667
2.40,2666
2.40,2665
2.40,2664
2.40,2663
2.40,2662
2.41,2661
2.41,2660
2.41,2659
2.41,2658
2.41,2657
2.42,2656
2.42,2655
2.42,2654
2.42,2653
2.42,2652
2.43,2651
2.43,2650
2.43,2649
2.43,2648
2.43,2647
2.44,2646
2.44,2645
2.44,2644
2.44,2643
2.44,2642
2.45,2641
2.45,2640
2.45,2639
2.45,2638
2.46,2637
2.46,2636
2.46,2635
2.46,2634
2.46,2633
2.47,2632
2.47,2631
2.47,2630
2.47,2629
2.47,2628
2.48,2627
2.48,2626
2.48,2625
2.48,2624
2.48,2623
2.49,2622
2.49,2621
2.49,2620
2.49,2619
2.49,2618
2.50,2617
2.50,2616
2.50,2615
2.50,2614
2.50,2613
2.51,2612
2.51,2611
2.51,2610
2.51,2609
2.51,2608
2.52,2607
2.52,2606
2.52,2605
2.52,2604
2.52,2603
2.53,2602
2.53,2601
2.53,2600
2.53,2599
2.54,2598
2.54,2597
2.54,2596
2.54,2595
2.54,2594
2.54,2593
2.55,2592
2.55,2591
2.55,2590
2.55,2589
2.55,2588
2.56,2587
2.56,2586
2.56,2585
2.56,2584
2.56,2583
2.57,2582
2.57,2581
2.57,2580
2.57,2579
2.57,2578
2.58,2577
2.58,2576
2.58,2575
2.58,2574
2.58,2573
2.59,2572
2.59,2571
2.59,2570
2.59,2569
2.60,2568
2.60,2567
2.60,2566
2.60,2565
2.60,2564
2.60,2563
2.61,2562
2.61,2561
2.61,2560
2.61,2559
2.61,2558
2.62,2557
2.62,2556
2.62,2555
2.62,2554
2.62,2553
2.63,2552
2.63,2551
2.63,2550
2.63,2549
2.63,2548
2.64,2547
2.64,2546
2.64,2545
2.64,2544
2.64,2543
2.65,2542
2.65,2541
2.65,2540
2.65,2539
2.65,2538
2.66,2537
2.66,2536
2.66,2535
2.66,2534
2.66,2533
2.67,2532
2.67,2531
2.67,2530
2.67,2529
2.67,2528
2.68,2527
2.68,2526
2.68,2525
2.68,2524
2.68,2523
2.69,2522
2.69,2521
2.69,2520
2.69,2519
2.69,2518
2.70,2517
2.70,2516
2.70,2515
2.70,2514
2.70,2513
2.71,2512
2.71,2511
2.71,2510
2.71,2509
2.71,2508
2.72,2507
2.72,2506
2.72,2505
2.72,2504
2.72,2503
2.73,2502
2.73,2501
2.73,2500
2.73,2499
2.73,2498
2.73,2497
2.74,2496
2.74,2495
2.74,2494
2.74,2493
2.74,2492
2.75,2491
2.75,2490
2.75,2489
2.75,2488
2.75,2487
2.76,2486
2.76,2485
2.76,2484
2.76,2483
2.76,2482
2.77,2481
2.77,2480
2.77,2479
2.77,2478
2.77,2477
2.77,2476
2.78,2475
2.78,2474
2.78,2473
2.78,2472
2.78,2471
2.79,2470
2.79,2469
2.79,2468
2.79,2467
2.79,2466
2.80,2465
2.80,2464
2.80,2463
2.80,2462
2.80,2461
2.81,2460
2.81,2459
2.81,2458
2.81,2457
2.81,2456
2.82,2455
2.82,2454
2.82,2453
2.82,2452
2.82,2451
2.82,2450
2.83,2449
2.83,2448
2.83,2447
2.83,2446
2.83,2445
2.84,2444
2.84,2443
2.84,2442
2.84,2441
2.84,2440
2.85,2439
2.85,2438
2.85,2437
2.85,2436
2.85,2435
2.86,2434
2.86,2433
2.86,2432
2.86,2431
2.86,2430
2.87,2429
2.87,2428
2.87,2427
2.87,2426
2.87,2425
2.88,2424
2.88,2423
2.88,2422
2.88,2421
2.88,2420
2.89,2419
2.89,2418
2.89,2417
2.89,2416
2.89,2415
2.90,2414
2.90,2413
2.90,2412
2.90,2411
2.90,2410
2.91,2409
2.91,2408
2.91,2407
2.91,2406
2.91,2405
2.91,2404
2.92,2403
2.92,2402
2.92,2401
2.92,2400
2.92,2399
2.93,2398
2.93,2397
2.93,2396
2.93,2395
2.93,2394
2.94,2393
2.94,2392
2.94,2391
2.94,2390
2.94,2389
2.95,2388
2.95,2387
2.95,2386
2.95,2385
2.95,2384
2.95,2383
2.96,2382
2.96,2381
2.96,2380
2.96,2379
2.96,2378
2.97,2377
2.97,2376
2.97,2375
2.97,2374
2.97,2373
2.98,2372
2.98,2371
2.98,2370
2.98,2369
2.98,2368
2.99,2367
2.99,2366
2.99,2365
2.99,2364
2.99,2363
3.00,2362
3.00,2361
