0.10,3658
0.17,3657
0.18,3656
0.19,3655
0.19,3654
0.20,3653
0.21,3652
0.22,3651
0.22,3650
0.23,3649
0.23,3648
0.24,3647
0.25,3646
0.25,3645
0.26,3644
0.26,3643
0.27,3642
0.27,3641
0.28,3640
0.29,3639
0.29,3638
0.30,3637
0.30,3636
0.31,3635
0.31,3634
0.32,3633
0.32,3632
0.33,3631
0.34,3630
0.35,3629
0.35,3628
0.36,3627
0.36,3626
0.37,3625
0.37,3624
0.38,3623
0.38,3622
0.39,3621
0.39,3620
0.39,3619
0.40,3618
0.40,3617
0.41,3616
0.41,3615
0.41,3614
0.42,3613
0.42,3612
0.43,3611
0.43,3610
0.43,3609
0.43,3608
0.43,3607
0.44,3606
0.44,3605
0.44,3604
0.44,3603
0.45,3602
0.45,3601
0.45,3600
0.45,3599
0.45,3598
0.46,3597
0.46,3596
0.46,3595
0.46,3594
0.46,3593
0.47,3592
0.47,3591
0.47,3590
0.47,3589
0.48,3588
0.48,3587
0.48,3586
0.48,3585
0.48,3584
0.49,3583
0.49,3582
0.49,3581
0.49,3580
0.49,3579
0.50,3578
0.50,3577
0.50,3576
0.50,3575
0.50,3574
0.51,3573
0.51,3572
0.51,3571
0.51,3570
0.51,3569
0.52,3568
0.52,3567
0.52,3566
0.52,3565
0.52,3564
0.53,3563
0.53,3562
0.53,3561
0.53,3560
0.54,3559
0.54,3558
0.54,3557
0.54,3556
0.54,3555
0.55,3554
0.55,3553
0.55,3552
0.55,3551
0.56,3550
0.56,3549
0.56,3548
0.56,3547
0.56,3546
0.57,3545
0.57,3544
0.57,3543
0.57,3542
0.57,3541
0.58,3540
0.58,3539
0.58,3538
0.58,3537
0.58,3536
0.59,3535
0.59,3534
0.59,3533
0.59,3532
0.60,3531
0.60,3530
0.60,3529
0.61,3528
0.61,3527
0.61,3526
0.61,3525
0.61,3524
0.62,3523
0.62,3522
0.62,3521
0.62,3520
0.62,3519
0.63,3518
0.63,3517
0.63,3516
0.63,3515
0.63,3514
0.64,3513
0.64,3512
0.64,3511
0.64,3510
0.64,3509
0.65,3508
0.65,3507
0.65,3506
0.65,3505
0.65,3504
0.66,3503
0.66,3502
0.66,3501
0.66,3500
0.67,3499
0.67,3498
0.67,3497
0.67,3496
0.67,3495
0.68,3494
0.68,3493
0.68,3492
0.68,3491
0.68,3490
0.69,3489
0.69,3488
0.69,3487
0.69,3486
0.69,3485
0.70,3484
0.70,3483
0.70,3482
0.70,3481
0.71,3480
0.71,3479
0.71,3478
0.71,3477
0.72,3476
0.72,3475
0.72,3474
0.72,3473
0.72,3472
0.73,3471
0.73,3470
0.73,3469
0.73,3468
0.73,3467
0.74,3466
0.74,3465
0.74,3464
0.74,3463
0.74,3462
0.75,3461
0.75,3460
0.75,3459
0.75,3458
0.75,3457
0.76,3456
0.76,3455
0.76,3454
0.76,3453
0.77,3452
0.77,3451
0.77,3450
0.77,3449
0.78,3448
0.78,3447
0.78,3446
0.78,3445
0.78,3444
0.79,3443
0.79,3442
0.79,3441
0.79,3440
0.80,3439
0.80,3438
0.80,3437
0.80,3436
0.81,3435
0.81,3434
0.81,3433
0.81,3432
0.81,3431
0.82,3430
0.82,3429
0.82,3428
0.82,3427
0.82,3426
0.83,3425
0.83,3424
0.83,3423
0.83,3422
0.83,3421
0.84,3420
0.84,3419
0.84,3418
0.84,3417
0.85,3416
0.85,3415
0.85,3414
0.85,3413
0.85,3412
0.86,3411
0.86,3410
0.86,3409
0.86,3408
0.87,3407
0.87,3406
0.87,3405
0.87,3404
0.87,3403
0.88,3402
0.88,3401
0.88,3400
0.88,3399
0.89,3398
0.89,3397
0.89,3396
0.89,3395
0.89,3394
0.90,3393
0.90,3392
0.90,3391
0.90,3390
0.90,3389
0.91,3388
0.91,3387
0.91,3386
0.91,3385
0.91,3384
0.92,3383
0.92,3382
0.92,3381
0.92,3380
0.93,3379
0.93,3378
0.93,3377
0.93,3376
0.94,3375
0.94,3374
0.94,3373
0.94,3372
0.94,3371
0.95,3370
0.95,3369
0.95,3368
0.95,3367
0.95,3366
0.96,3365
0.96,3364
0.96,3363
0.97,3362
0.97,3361
0.97,3360
0.97,3359
0.97,3358
0.98,3357
0.98,3356
0.98,3355
0.98,3354
0.98,3353
0.99,3352
0.99,3351
0.99,3350
0.99,3349
0.99,3348
1.00,3347
1.00,3346
1.00,3345
1.00,3344
1.00,3343
1.01,3342
1.01,3341
1.01,3340
1.01,3339
1.01,3338
1.02,3337
1.02,3336
1.02,3335
1.02,3334
1.03,3333
1.03,3332
1.03,3331
1.03,3330
1.03,3329
1.04,3328
1.04,3327
1.04,3326
1.04,3325
1.04,3324
1.05,3323
1.05,3322
1.05,3321
1.05,3320
1.05,3319
1.06,3318
1.06,3317
1.06,3316
1.06,3315
1.06,3314
1.07,3313
1.07,3312
1.07,3311
1.07,3310
1.07,3309
1.08,3308
1.08,3307
1.08,3306
1.08,3305
1.08,3304
1.09,3303
1.09,3302
1.09,3301
1.09,3300
1.09,3299
1.10,3298
1.10,3297
1.10,3296
1.10,3295
1.10,3294
1.11,3293
1.11,3292
1.11,3291
1.11,3290
1.11,3289
1.12,3288
1.12,3287
1.12,3286
1.12,3285
1.12,3284
1.13,3283
1.13,3282
1.13,3281
1.13,3280
1.13,3279
1.14,3278
1.14,3277
1.14,3276
1.14,3275
1.15,3274
1.15,3273
1.15,3272
1.15,3271
1.16,3270
1.16,3269
1.16,3268
1.16,3267
1.17,3266
1.17,3265
1.17,3264
1.17,3263
1.17,3262
1.18,3261
1.18,3260
1.18,3259
1.18,3258
1.19,3257
1.19,3256
1.19,3255
1.19,3254
1.20,3253
1.20,3252
1.20,3251
1.20,3250
1.21,3249
1.21,3248
1.21,3247
1.21,3246
1.21,3245
1.22,3244
1.22,3243
1.22,3242
1.22,3241
1.23,3240
1.23,3239
1.23,3238
1.23,3237
1.24,3236
1.24,3235
1.24,3234
1.24,3233
1.25,3232
1.25,3231
1.25,3230
1.25,3229
1.26,3228
1.26,3227
1.26,3226
1.26,3225
1.27,3224
1.27,3223
1.27,3222
1.27,3221
1.28,3220
1.28,3219
1.28,3218
1.28,3217
1.29,3216
1.29,3215
1.29,3214
1.29,3213
1.30,3212
1.30,3211
1.30,3210
1.30,3209
1.31,3208
1.31,3207
1.31,3206
1.31,3205
1.32,3204
1.32,3203
1.32,3202
1.32,3201
1.33,3200
1.33,3199
1.33,3198
1.34,3197
1.34,3196
1.34,3195
1.34,3194
1.34,3193
1.35,3192
1.35,3191
1.35,3190
1.35,3189
1.35,3188
1.35,3187
1.36,3186
1.36,3185
1.36,3184
1.36,3183
1.36,3182
1.37,3181
1.37,3180
1.37,3179
1.37,3178
1.37,3177
1.38,3176
1.38,3175
1.38,3174
1.38,3173
1.38,3172
1.39,3171
1.39,3170
1.39,3169
1.39,3168
1.39,3167
1.40,3166
1.40,3165
1.40,3164
1.40,3163
1.40,3162
1.41,3161
1.41,3160
1.41,3159
1.41,3158
1.41,3157
1.42,3156
1.42,3155
1.42,3154
1.42,3153
1.42,3152
1.43,3151
1.43,3150
1.43,3149
1.43,3148
1.43,3147
1.44,3146
1.44,3145
1.44,3144
1.44,3143
1.44,3142
1.44,3141
1.45,3140
1.45,3139
1.45,3138
1.45,3137
1.45,3136
1.46,3135
1.46,3134
1.46,3133
1.46,3132
1.46,3131
1.47,3130
1.47,3129
1.47,3128
1.47,3127
1.47,3126
1.48,3125
1.48,3124
1.48,3123
1.48,3122
1.48,3121
1.49,3120
1.49,3119
1.49,3118
1.49,3117
1.49,3116
1.50,3115
1.50,3114
1.50,3113
1.50,3112
1.50,3111
1.50,3110
1.51,3109
1.51,3108
1.51,3107
1.51,3106
1.51,3105
1.52,3104
1.52,3103
1.52,3102
1.52,3101
1.52,3100
1.53,3099
1.53,3098
1.53,3097
1.53,3096
1.53,3095
1.54,3094
1.54,3093
1.54,3092
1.54,3091
1.54,3090
1.55,3089
1.55,3088
1.55,3087
1.55,3086
1.55,3085
1.56,3084
1.56,3083
1.56,3082
1.56,3081
1.56,3080
1.57,3079
1.57,3078
1.57,3077
1.57,3076
1.57,3075
1.58,3074
1.58,3073
1.58,3072
1.58,3071
1.58,3070
1.59,3069
1.59,3068
1.59,3067
1.59,3066
1.59,3065
1.60,3064
1.60,3063
1.60,3062
1.60,3061
1.60,3060
1.61,3059
1.61,3058
1.61,3057
1.61,3056
1.61,3055
1.62,3054
1.62,3053
1.62,3052
1.62,3051
1.62,3050
1.63,3049
1.63,3048
1.63,3047
1.63,3046
1.63,3045
1.64,3044
1.64,3043
1.64,3042
1.64,3041
1.64,3040
1.65,3039
1.65,3038
1.65,3037
1.65,3036
1.65,3035
1.65,3034
1.66,3033
1.66,3032
1.66,3031
1.66,3030
1.66,3029
1.67,3028
1.67,3027
1.67,3026
1.67,3025
1.68,3024
1.68,3023
1.68,3022
1.68,3021
1.69,3020
1.69,3019
1.69,3018
1.69,3017
1.69,3016
1.70,3015
1.70,3014
1.70,3013
1.70,3012
1.70,3011
1.71,3010
1.71,3009
1.71,3008
1.71,3007
1.71,3006
1.71,3005
1.72,3004
1.72,3003
1.72,3002
1.72,3001
1.72,3000
1.73,2999
1.73,2998
1.73,2997
1.73,2996
1.73,2995
1.74,2994
1.74,2993
1.74,2992
1.74,2991
1.74,2990
1.75,2989
1.75,2988
1.75,2987
1.75,2986
1.75,2985
1.76,2984
1.76,2983
1.76,2982
1.76,2981
1.76,2980
1.77,2979
1.77,2978
1.77,2977
1.77,2976
1.77,2975
1.78,2974
1.78,2973
1.78,2972
1.78,2971
1.78,2970
1.79,2969
1.79,2968
1.79,2967
1.79,2966
1.79,2965
1.80,2964
1.80,2963
1.80,2962
1.80,2961
1.80,2960
1.81,2959
1.81,2958
1.81,2957
1.81,2956
1.81,2955
1.82,2954
1.82,2953
1.82,2952
1.82,2951
1.82,2950
1.83,2949
1.83,2948
1.83,2947
1.83,2946
1.83,2945
1.84,2944
1.84,2943
1.84,2942
1.84,2941
1.84,2940
1.84,2939
1.85,2938
1.85,2937
1.85,2936
1.85,2935
1.85,2934
1.86,2933
1.86,2932
1.86,2931
1.86,2930
1.86,2929
1.87,2928
1.87,2927
1.87,2926
1.87,2925
1.87,2924
1.88,2923
1.88,2922
1.88,2921
1.88,2920
1.88,2919
1.89,2918
1.89,2917
1.89,2916
1.89,2915
1.89,2914
1.89,2913
1.90,2912
1.90,2911
1.90,2910
1.90,2909
1.90,2908
1.91,2907
1.91,2906
1.91,2905
1.91,2904
1.91,2903
1.92,2902
1.92,2901
1.92,2900
1.92,2899
1.92,2898
1.93,2897
1.93,2896
1.93,2895
1.93,2894
1.93,2893
1.94,2892
1.94,2891
1.94,2890
1.94,2889
1.94,2888
1.95,2887
1.95,2886
1.95,2885
1.95,2884
1.95,2883
1.96,2882
1.96,2881
1.96,2880
1.96,2879
1.96,2878
1.97,2877
1.97,2876
1.97,2875
1.97,2874
1.97,2873
1.98,2872
1.98,2871
1.98,2870
1.98,2869
1.98,2868
1.99,2867
1.99,2866
1.99,2865
1.99,2864
1.99,2863
1.99,2862
2.00,2861
2.00,2860
2.00,2859
2.00,2858
2.00,2857
2.01,2856
2.01,2855
2.01,2854
2.01,2853
2.01,2852
2.02,2851
2.02,2850
2.02,2849
2.02,2848
2.02,2847
2.03,2846
2.03,2845
2.03,2844
2.03,2843
2.03,2842
2.04,2841
2.04,2840
2.04,2839
2.04,2838
2.04,2837
2.05,2836
2.05,2835
2.05,2834
2.05,2833
2.06,2832
2.06,2831
2.06,2830
2.06,2829
2.06,2828
2.07,2827
2.07,2826
2.07,2825
2.07,2824
2.08,2823
2.08,2822
2.08,2821
2.08,2820
2.08,2819
2.09,2818
2.09,2817
2.09,2816
2.09,2815
2.10,2814
2.10,2813
2.10,2812
2.10,2811
2.10,2810
2.11,2809
2.11,2808
2.11,2807
2.11,2806
2.12,2805
2.12,2804
2.12,2803
2.12,2802
2.13,2801
2.13,2800
2.13,2799
2.13,2798
2.14,2797
2.14,2796
2.14,2795
2.14,2794
2.14,2793
2.15,2792
2.15,2791
2.15,2790
2.15,2789
2.16,2788
2.16,2787
2.16,2786
2.16,2785
2.17,2784
2.17,2783
2.17,2782
2.17,2781
2.17,2780
2.18,2779
2.18,2778
2.18,2777
2.18,2776
2.19,2775
2.19,2774
2.19,2773
2.19,2772
2.20,2771
2.20,2770
2.20,2769
2.20,2768
2.20,2767
2.21,2766
2.21,2765
2.21,2764
2.21,2763
2.22,2762
2.22,2761
2.22,2760
2.22,2759
2.23,2758
2.23,2757
2.23,2756
2.23,2755
2.23,2754
2.24,2753
2.24,2752
2.24,2751
2.24,2750
2.25,2749
2.25,2748
2.25,2747
2.25,2746
2.26,2745
2.26,2744
2.26,2743
2.26,2742
2.26,2741
2.27,2740
2.27,2739
2.27,2738
2.27,2737
2.28,2736
2.28,2735
2.28,2734
2.28,2733
2.29,2732
2.29,2731
2.29,2730
2.29,2729
2.29,2728
2.30,2727
2.30,2726
2.30,2725
2.30,2724
2.31,2723
2.31,2722
2.31,2721
2.31,2720
2.32,2719
2.32,2718
2.32,2717
2.32,2716
2.33,2715
2.33,2714
2.33,2713
2.33,2712
2.33,2711
2.34,2710
2.34,2709
2.34,2708
2.34,2707
2.35,2706
2.35,2705
2.35,2704
2.35,2703
2.36,2702
2.36,2701
2.36,2700
2.36,2699
2.37,2698
2.37,2697
2.37,2696
2.37,2695
2.37,2694
2.38,2693
2.38,2692
2.38,2691
2.38,2690
2.39,2689
2.39,2688
2.39,2687
2.39,2686
2.40,2685
2.40,2684
2.40,2683
2.40,2682
2.41,2681
2.41,2680
2.41,2679
2.41,2678
2.41,2677
2.42,2676
2.42,2675
2.42,2674
2.42,2673
2.43,2672
2.43,2671
2.43,2670
2.43,2669
2.44,2668
2.44,2667
2.44,2666
2.44,2665
2.44,2664
2.45,2663
2.45,2662
2.45,2661
2.45,2660
2.46,2659
2.46,2658
2.46,2657
2.46,2656
2.47,2655
2.47,2654
2.47,2653
2.47,2652
2.47,2651
2.48,2650
2.48,2649
2.48,2648
2.48,2647
2.48,2646
2.49,2645
2.49,2644
2.49,2643
2.49,2642
2.49,2641
2.49,2640
2.50,2639
2.50,2638
2.50,2637
2.50,2636
2.50,2635
2.51,2634
2.51,2633
2.51,2632
2.51,2631
2.51,2630
2.51,2629
2.52,2628
2.52,2627
2.52,2626
2.52,2625
2.52,2624
2.53,2623
2.53,2622
2.53,2621
2.53,2620
2.53,2619
2.53,2618
2.54,2617
2.54,2616
2.54,2615
2.54,2614
2.54,2613
2.55,2612
2.55,2611
2.55,2610
2.55,2609
2.55,2608
2.55,2607
2.56,2606
2.56,2605
2.56,2604
2.56,2603
2.56,2602
2.57,2601
2.57,2600
2.57,2599
2.57,2598
2.57,2597
2.57,2596
2.58,2595
2.58,2594
2.58,2593
2.58,2592
2.58,2591
2.58,2590
2.59,2589
2.59,2588
2.59,2587
2.59,2586
2.59,2585
2.60,2584
2.60,2583
2.60,2582
2.60,2581
2.60,2580
2.60,2579
2.61,2578
2.61,2577
2.61,2576
2.61,2575
2.61,2574
2.62,2573
2.62,2572
2.62,2571
2.62,2570
2.62,2569
2.62,2568
2.63,2567
2.63,2566
2.63,2565
2.63,2564
2.63,2563
2.63,2562
2.64,2561
2.64,2560
2.64,2559
2.64,2558
2.64,2557
2.65,2556
2.65,2555
2.65,2554
2.65,2553
2.65,2552
2.66,2551
2.66,2550
2.66,2549
2.66,2548
2.66,2547
2.66,2546
2.67,2545
2.67,2544
2.67,2543
2.67,2542
2.67,2541
2.68,2540
2.68,2539
2.68,2538
2.68,2537
2.68,2536
2.68,2535
2.69,2534
2.69,2533
2.69,2532
2.69,2531
2.69,2530
2.70,2529
2.70,2528
2.70,2527
2.70,2526
2.70,2525
2.70,2524
2.71,2523
2.71,2522
2.71,2521
2.71,2520
2.71,2519
2.72,2518
2.72,2517
2.72,2516
2.72,2515
2.72,2514
2.72,2513
2.73,2512
2.73,2511
2.73,2510
2.73,2509
2.73,2508
2.73,2507
2.74,2506
2.74,2505
2.74,2504
2.74,2503
2.74,2502
2.75,2501
2.75,2500
2.75,2499
2.75,2498
2.75,2497
2.75,2496
2.76,2495
2.76,2494
2.76,2493
2.76,2492
2.76,2491
2.77,2490
2.77,2489
2.77,2488
2.77,2487
2.77,2486
2.77,2485
2.78,2484
2.78,2483
2.78,2482
2.78,2481
2.78,2480
2.79,2479
2.79,2478
2.79,2477
2.79,2476
2.79,2475
2.79,2474
2.80,2473
2.80,2472
2.80,2471
2.80,2470
2.80,2469
2.80,2468
2.81,2467
2.81,2466
2.81,2465
2.81,2464
2.81,2463
2.82,2462
2.82,2461
2.82,2460
2.82,2459
2.82,2458
2.82,2457
2.83,2456
2.83,2455
2.83,2454
2.83,2453
2.83,2452
2.84,2451
2.84,2450
2.84,2449
2.84,2448
2.84,2447
2.84,2446
2.85,2445
2.85,2444
2.85,2443
2.85,2442
2.85,2441
2.85,2440
2.86,2439
2.86,2438
2.86,2437
2.86,2436
2.86,2435
2.87,2434
2.87,2433
2.87,2432
2.87,2431
2.87,2430
2.87,2429
2.88,2428
2.88,2427
2.88,2426
2.88,2425
2.88,2424
2.88,2423
2.89,2422
2.89,2421
2.89,2420
2.89,2419
2.89,2418
2.90,2417
2.90,2416
2.90,2415
2.90,2414
2.90,2413
2.90,2412
2.91,2411
2.91,2410
2.91,2409
2.91,2408
2.91,2407
2.91,2406
2.92,2405
2.92,2404
2.92,2403
2.92,2402
2.92,2401
2.93,2400
2.93,2399
2.93,2398
2.93,2397
2.93,2396
2.93,2395
2.94,2394
2.94,2393
2.94,2392
2.94,2391
2.94,2390
2.94,2389
2.95,2388
2.95,2387
2.95,2386
