0.10,3628
0.16,3627
0.18,3626
0.18,3625
0.19,3624
0.20,3623
0.21,3622
0.21,3621
0.22,3620
0.23,3619
0.23,3618
0.24,3617
0.24,3616
0.25,3615
0.26,3614
0.26,3613
0.27,3612
0.27,3611
0.28,3610
0.29,3609
0.29,3608
0.30,3607
0.30,3606
0.31,3605
0.31,3604
0.32,3603
0.32,3602
0.33,3601
0.33,3600
0.34,3599
0.35,3598
0.35,3597
0.36,3596
0.36,3595
0.37,3594
0.37,3593
0.38,3592
0.38,3591
0.39,3590
0.39,3589
0.40,3588
0.40,3587
0.41,3586
0.41,3585
0.41,3584
0.42,3583
0.42,3582
0.43,3581
0.43,3580
0.43,3579
0.44,3578
0.44,3577
0.44,3576
0.44,3575
0.45,3574
0.45,3573
0.45,3572
0.45,3571
0.45,3570
0.46,3569
0.46,3568
0.46,3567
0.46,3566
0.47,3565
0.47,3564
0.47,3563
0.47,3562
0.47,3561
0.48,3560
0.48,3559
0.48,3558
0.48,3557
0.48,3556
0.49,3555
0.49,3554
0.49,3553
0.49,3552
0.50,3551
0.50,3550
0.50,3549
0.50,3548
0.50,3547
0.51,3546
0.51,3545
0.51,3544
0.51,3543
0.52,3542
0.52,3541
0.52,3540
0.52,3539
0.52,3538
0.53,3537
0.53,3536
0.53,3535
0.53,3534
0.54,3533
0.54,3532
0.54,3531
0.54,3530
0.54,3529
0.55,3528
0.55,3527
0.55,3526
0.55,3525
0.56,3524
0.56,3523
0.56,3522
0.56,3521
0.57,3520
0.57,3519
0.57,3518
0.57,3517
0.57,3516
0.58,3515
0.58,3514
0.58,3513
0.58,3512
0.58,3511
0.59,3510
0.59,3509
0.59,3508
0.59,3507
0.60,3506
0.60,3505
0.60,3504
0.60,3503
0.61,3502
0.61,3501
0.61,3500
0.61,3499
0.62,3498
0.62,3497
0.63,3496
0.63,3495
0.63,3494
0.63,3493
0.64,3492
0.64,3491
0.64,3490
0.64,3489
0.65,3488
0.65,3487
0.65,3486
0.65,3485
0.66,3484
0.66,3483
0.66,3482
0.66,3481
0.67,3480
0.67,3479
0.67,3478
0.67,3477
0.67,3476
0.68,3475
0.68,3474
0.68,3473
0.68,3472
0.69,3471
0.69,3470
0.69,3469
0.69,3468
0.69,3467
0.70,3466
0.70,3465
0.70,3464
0.70,3463
0.71,3462
0.71,3461
0.71,3460
0.71,3459
0.72,3458
0.72,3457
0.72,3456
0.72,3455
0.72,3454
0.73,3453
0.73,3452
0.73,3451
0.73,3450
0.74,3449
0.74,3448
0.74,3447
0.74,3446
0.74,3445
0.75,3444
0.75,3443
0.75,3442
0.75,3441
0.76,3440
0.76,3439
0.76,3438
0.76,3437
0.76,3436
0.77,3435
0.77,3434
0.77,3433
0.77,3432
0.78,3431
0.78,3430
0.78,3429
0.78,3428
0.78,3427
0.79,3426
0.79,3425
0.79,3424
0.79,3423
0.80,3422
0.80,3421
0.80,3420
0.80,3419
0.80,3418
0.81,3417
0.81,3416
0.81,3415
0.82,3414
0.82,3413
0.82,3412
0.82,3411
0.82,3410
0.83,3409
0.83,3408
0.83,3407
0.83,3406
0.84,3405
0.84,3404
0.84,3403
0.84,3402
0.85,3401
0.85,3400
0.85,3399
0.85,3398
0.86,3397
0.86,3396
0.86,3395
0.86,3394
0.86,3393
0.87,3392
0.87,3391
0.87,3390
0.87,3389
0.88,3388
0.88,3387
0.88,3386
0.88,3385
0.89,3384
0.89,3383
0.89,3382
0.89,3381
0.89,3380
0.90,3379
0.90,3378
0.90,3377
0.90,3376
0.91,3375
0.91,3374
0.91,3373
0.91,3372
0.92,3371
0.92,3370
0.92,3369
0.92,3368
0.93,3367
0.93,3366
0.93,3365
0.93,3364
0.93,3363
0.94,3362
0.94,3361
0.94,3360
0.94,3359
0.95,3358
0.95,3357
0.95,3356
0.95,3355
0.96,3354
0.96,3353
0.96,3352
0.96,3351
0.96,3350
0.97,3349
0.97,3348
0.97,3347
0.97,3346
0.98,3345
0.98,3344
0.98,3343
0.98,3342
0.99,3341
0.99,3340
0.99,3339
0.99,3338
1.00,3337
1.00,3336
1.00,3335
1.00,3334
1.00,3333
1.01,3332
1.01,3331
1.01,3330
1.02,3329
1.02,3328
1.02,3327
1.02,3326
1.03,3325
1.03,3324
1.03,3323
1.03,3322
1.03,3321
1.04,3320
1.04,3319
1.04,3318
1.04,3317
1.04,3316
1.05,3315
1.05,3314
1.05,3313
1.05,3312
1.06,3311
1.06,3310
1.06,3309
1.06,3308
1.06,3307
1.07,3306
1.07,3305
1.07,3304
1.07,3303
1.07,3302
1.08,3301
1.08,3300
1.08,3299
1.08,3298
1.09,3297
1.09,3296
1.09,3295
1.09,3294
1.09,3293
1.10,3292
1.10,3291
1.10,3290
1.10,3289
1.11,3288
1.11,3287
1.11,3286
1.11,3285
1.11,3284
1.12,3283
1.12,3282
1.12,3281
1.12,3280
1.12,3279
1.13,3278
1.13,3277
1.13,3276
1.13,3275
1.14,3274
1.14,3273
1.14,3272
1.14,3271
1.14,3270
1.15,3269
1.15,3268
1.15,3267
1.15,3266
1.15,3265
1.16,3264
1.16,3263
1.16,3262
1.16,3261
1.16,3260
1.17,3259
1.17,3258
1.17,3257
1.17,3256
1.17,3255
1.18,3254
1.18,3253
1.18,3252
1.18,3251
1.18,3250
1.19,3249
1.19,3248
1.19,3247
1.19,3246
1.19,3245
1.20,3244
1.20,3243
1.20,3242
1.20,3241
1.21,3240
1.21,3239
1.21,3238
1.21,3237
1.22,3236
1.22,3235
1.22,3234
1.22,3233
1.23,3232
1.23,3231
1.23,3230
1.23,3229
1.23,3228
1.24,3227
1.24,3226
1.24,3225
1.24,3224
1.25,3223
1.25,3222
1.25,3221
1.25,3220
1.26,3219
1.26,3218
1.26,3217
1.27,3216
1.27,3215
1.27,3214
1.27,3213
1.27,3212
1.28,3211
1.28,3210
1.28,3209
1.28,3208
1.29,3207
1.29,3206
1.29,3205
1.29,3204
1.30,3203
1.30,3202
1.30,3201
1.30,3200
1.31,3199
1.31,3198
1.31,3197
1.31,3196
1.32,3195
1.32,3194
1.32,3193
1.32,3192
1.33,3191
1.33,3190
1.33,3189
1.33,3188
1.34,3187
1.34,3186
1.34,3185
1.34,3184
1.35,3183
1.35,3182
1.35,3181
1.35,3180
1.36,3179
1.36,3178
1.36,3177
1.36,3176
1.37,3175
1.37,3174
1.37,3173
1.37,3172
1.38,3171
1.38,3170
1.38,3169
1.38,3168
1.39,3167
1.39,3166
1.39,3165
1.40,3164
1.40,3163
1.40,3162
1.41,3161
1.41,3160
1.41,3159
1.41,3158
1.42,3157
1.42,3156
1.42,3155
1.42,3154
1.42,3153
1.43,3152
1.43,3151
1.43,3150
1.43,3149
1.44,3148
1.44,3147
1.44,3146
1.44,3145
1.44,3144
1.45,3143
1.45,3142
1.45,3141
1.45,3140
1.46,3139
1.46,3138
1.46,3137
1.46,3136
1.46,3135
1.47,3134
1.47,3133
1.47,3132
1.47,3131
1.48,3130
1.48,3129
1.48,3128
1.48,3127
1.48,3126
1.49,3125
1.49,3124
1.49,3123
1.49,3122
1.50,3121
1.50,3120
1.50,3119
1.50,3118
1.50,3117
1.51,3116
1.51,3115
1.51,3114
1.51,3113
1.51,3112
1.52,3111
1.52,3110
1.52,3109
1.52,3108
1.53,3107
1.53,3106
1.53,3105
1.53,3104
1.53,3103
1.54,3102
1.54,3101
1.54,3100
1.54,3099
1.54,3098
1.55,3097
1.55,3096
1.55,3095
1.55,3094
1.56,3093
1.56,3092
1.56,3091
1.56,3090
1.56,3089
1.57,3088
1.57,3087
1.57,3086
1.57,3085
1.58,3084
1.58,3083
1.58,3082
1.58,3081
1.58,3080
1.59,3079
1.59,3078
1.59,3077
1.59,3076
1.59,3075
1.60,3074
1.60,3073
1.60,3072
1.60,3071
1.60,3070
1.61,3069
1.61,3068
1.61,3067
1.61,3066
1.62,3065
1.62,3064
1.62,3063
1.62,3062
1.62,3061
1.63,3060
1.63,3059
1.63,3058
1.63,3057
1.63,3056
1.64,3055
1.64,3054
1.64,3053
1.64,3052
1.65,3051
1.65,3050
1.65,3049
1.65,3048
1.65,3047
1.66,3046
1.66,3045
1.66,3044
1.66,3043
1.67,3042
1.67,3041
1.67,3040
1.67,3039
1.67,3038
1.68,3037
1.68,3036
1.68,3035
1.68,3034
1.69,3033
1.69,3032
1.69,3031
1.69,3030
1.69,3029
1.70,3028
1.70,3027
1.70,3026
1.70,3025
1.70,3024
1.71,3023
1.71,3022
1.71,3021
1.71,3020
1.72,3019
1.72,3018
1.72,3017
1.72,3016
1.72,3015
1.73,3014
1.73,3013
1.73,3012
1.73,3011
1.73,3010
1.74,3009
1.74,3008
1.74,3007
1.74,3006
1.74,3005
1.75,3004
1.75,3003
1.75,3002
1.75,3001
1.75,3000
1.76,2999
1.76,2998
1.76,2997
1.76,2996
1.76,2995
1.77,2994
1.77,2993
1.77,2992
1.77,2991
1.78,2990
1.78,2989
1.78,2988
1.78,2987
1.78,2986
1.79,2985
1.79,2984
1.79,2983
1.80,2982
1.80,2981
1.80,2980
1.80,2979
1.81,2978
1.81,2977
1.81,2976
1.81,2975
1.81,2974
1.82,2973
1.82,2972
1.82,2971
1.82,2970
1.83,2969
1.83,2968
1.83,2967
1.83,2966
1.83,2965
1.84,2964
1.84,2963
1.84,2962
1.84,2961
1.84,2960
1.85,2959
1.85,2958
1.85,2957
1.85,2956
1.85,2955
1.86,2954
1.86,2953
1.86,2952
1.86,2951
1.87,2950
1.87,2949
1.87,2948
1.87,2947
1.88,2946
1.88,2945
1.88,2944
1.88,2943
1.88,2942
1.89,2941
1.89,2940
1.89,2939
1.89,2938
1.89,2937
1.90,2936
1.90,2935
1.90,2934
1.90,2933
1.91,2932
1.91,2931
1.91,2930
1.91,2929
1.91,2928
1.92,2927
1.92,2926
1.92,2925
1.92,2924
1.93,2923
1.93,2922
1.93,2921
1.93,2920
1.93,2919
1.94,2918
1.94,2917
1.94,2916
1.94,2915
1.94,2914
1.95,2913
1.95,2912
1.95,2911
1.95,2910
1.96,2909
1.96,2908
1.96,2907
1.96,2906
1.96,2905
1.97,2904
1.97,2903
1.97,2902
1.97,2901
1.97,2900
1.98,2899
1.98,2898
1.98,2897
1.98,2896
1.98,2895
1.99,2894
1.99,2893
1.99,2892
1.99,2891
2.00,2890
2.00,2889
2.00,2888
2.00,2887
2.00,2886
2.01,2885
2.01,2884
2.01,2883
2.01,2882
2.01,2881
2.02,2880
2.02,2879
2.02,2878
2.02,2877
2.03,2876
2.03,2875
2.03,2874
2.03,2873
2.03,2872
2.04,2871
2.04,2870
2.04,2869
2.04,2868
2.04,2867
2.05,2866
2.05,2865
2.05,2864
2.05,2863
2.06,2862
2.06,2861
2.06,2860
2.06,2859
2.06,2858
2.07,2857
2.07,2856
2.07,2855
2.07,2854
2.07,2853
2.08,2852
2.08,2851
2.08,2850
2.08,2849
2.09,2848
2.09,2847
2.09,2846
2.09,2845
2.09,2844
2.10,2843
2.10,2842
2.10,2841
2.10,2840
2.10,2839
2.11,2838
2.11,2837
2.11,2836
2.11,2835
2.11,2834
2.12,2833
2.12,2832
2.12,2831
2.12,2830
2.13,2829
2.13,2828
2.13,2827
2.13,2826
2.13,2825
2.14,2824
2.14,2823
2.14,2822
2.14,2821
2.14,2820
2.15,2819
2.15,2818
2.15,2817
2.15,2816
2.16,2815
2.16,2814
2.16,2813
2.16,2812
2.17,2811
2.17,2810
2.17,2809
2.17,2808
2.17,2807
2.18,2806
2.18,2805
2.18,2804
2.18,2803
2.18,2802
2.19,2801
2.19,2800
2.19,2799
2.19,2798
2.20,2797
2.20,2796
2.20,2795
2.20,2794
2.20,2793
2.21,2792
2.21,2791
2.21,2790
2.22,2789
2.22,2788
2.22,2787
2.22,2786
2.23,2785
2.23,2784
2.23,2783
2.23,2782
2.23,2781
2.24,2780
2.24,2779
2.24,2778
2.25,2777
2.25,2776
2.25,2775
2.25,2774
2.26,2773
2.26,2772
2.26,2771
2.26,2770
2.27,2769
2.27,2768
2.27,2767
2.27,2766
2.28,2765
2.28,2764
2.28,2763
2.28,2762
2.29,2761
2.29,2760
2.29,2759
2.29,2758
2.30,2757
2.30,2756
2.30,2755
2.30,2754
2.31,2753
2.31,2752
2.31,2751
2.31,2750
2.32,2749
2.32,2748
2.32,2747
2.32,2746
2.33,2745
2.33,2744
2.33,2743
2.33,2742
2.34,2741
2.34,2740
2.34,2739
2.34,2738
2.35,2737
2.35,2736
2.35,2735
2.35,2734
2.36,2733
2.36,2732
2.36,2731
2.36,2730
2.37,2729
2.37,2728
2.37,2727
2.37,2726
2.38,2725
2.38,2724
2.38,2723
2.38,2722
2.39,2721
2.39,2720
2.39,2719
2.39,2718
2.40,2717
2.40,2716
2.40,2715
2.40,2714
2.41,2713
2.41,2712
2.41,2711
2.41,2710
2.42,2709
2.42,2708
2.42,2707
2.42,2706
2.43,2705
2.43,2704
2.43,2703
2.43,2702
2.44,2701
2.44,2700
2.44,2699
2.44,2698
2.45,2697
2.45,2696
2.45,2695
2.45,2694
2.46,2693
2.46,2692
2.46,2691
2.46,2690
2.47,2689
2.47,2688
2.47,2687
2.47,2686
2.48,2685
2.48,2684
2.48,2683
2.48,2682
2.49,2681
2.49,2680
2.49,2679
2.49,2678
2.50,2677
2.50,2676
2.50,2675
2.50,2674
2.51,2673
2.51,2672
2.51,2671
2.51,2670
2.52,2669
2.52,2668
2.52,2667
2.53,2666
2.53,2665
2.53,2664
2.53,2663
2.54,2662
2.54,2661
2.54,2660
2.54,2659
2.55,2658
2.55,2657
2.55,2656
2.55,2655
2.56,2654
2.56,2653
2.56,2652
2.56,2651
2.57,2650
2.57,2649
2.57,2648
2.57,2647
2.58,2646
2.58,2645
2.58,2644
2.58,2643
2.59,2642
2.59,2641
2.59,2640
2.59,2639
2.60,2638
2.60,2637
2.60,2636
2.60,2635
2.60,2634
2.61,2633
2.61,2632
2.61,2631
2.61,2630
2.62,2629
2.62,2628
2.62,2627
2.62,2626
2.63,2625
2.63,2624
2.63,2623
2.63,2622
2.64,2621
2.64,2620
2.64,2619
2.64,2618
2.65,2617
2.65,2616
2.65,2615
2.65,2614
2.66,2613
2.66,2612
2.66,2611
2.67,2610
2.67,2609
2.67,2608
2.67,2607
2.67,2606
2.68,2605
2.68,2604
2.68,2603
2.68,2602
2.68,2601
2.69,2600
2.69,2599
2.69,2598
2.69,2597
2.70,2596
2.70,2595
2.70,2594
2.70,2593
2.70,2592
2.71,2591
2.71,2590
2.71,2589
2.71,2588
2.71,2587
2.72,2586
2.72,2585
2.72,2584
2.72,2583
2.72,2582
2.73,2581
2.73,2580
2.73,2579
2.73,2578
2.73,2577
2.74,2576
2.74,2575
2.74,2574
2.74,2573
2.75,2572
2.75,2571
2.75,2570
2.75,2569
2.75,2568
2.76,2567
2.76,2566
2.76,2565
2.76,2564
2.76,2563
2.77,2562
2.77,2561
2.77,2560
2.77,2559
2.77,2558
2.78,2557
2.78,2556
2.78,2555
2.78,2554
2.78,2553
2.79,2552
2.79,2551
2.79,2550
2.79,2549
2.79,2548
2.80,2547
2.80,2546
2.80,2545
2.80,2544
2.81,2543
2.81,2542
2.81,2541
2.81,2540
2.81,2539
2.82,2538
2.82,2537
2.82,2536
2.82,2535
2.82,2534
2.83,2533
2.83,2532
2.83,2531
2.83,2530
2.83,2529
2.84,2528
2.84,2527
2.84,2526
2.84,2525
2.84,2524
2.85,2523
2.85,2522
2.85,2521
2.85,2520
2.85,2519
2.86,2518
2.86,2517
2.86,2516
2.86,2515
2.86,2514
2.87,2513
2.87,2512
2.87,2511
2.87,2510
2.87,2509
2.88,2508
2.88,2507
2.88,2506
2.88,2505
2.89,2504
2.89,2503
2.89,2502
2.89,2501
2.89,2500
2.90,2499
2.90,2498
2.90,2497
2.90,2496
2.90,2495
2.91,2494
2.91,2493
2.91,2492
2.91,2491
2.91,2490
2.92,2489
2.92,2488
2.92,2487
2.92,2486
2.92,2485
2.93,2484
2.93,2483
2.93,2482
2.93,2481
2.93,2480
2.94,2479
2.94,2478
2.94,2477
2.94,2476
2.94,2475
2.95,2474
2.95,2473
2.95,2472
2.95,2471
2.96,2470
2.96,2469
2.96,2468
2.96,2467
2.96,2466
2.96,2465
2.97,2464
2.97,2463
2.97,2462
2.97,2461
2.98,2460
2.98,2459
2.98,2458
2.98,2457
2.98,2456
2.99,2455
2.99,2454
2.99,2453
2.99,2452
2.99,2451
3.00,2450
3.00,2449
3.00,2448
3.00,2447
3.00,2446
3.01,2445
3.01,2444
3.01,2443
3.01,2442
3.01,2441
3.02,2440
3.02,2439
3.02,2438
3.02,2437
3.02,2436
3.03,2435
3.03,2434
3.03,2433
3.03,2432
3.03,2431
3.04,2430
3.04,2429
3.04,2428
3.04,2427
3.04,2426
3.05,2425
3.05,2424
3.05,2423
3.05,2422
3.05,2421
3.06,2420
3.06,2419
3.06,2418
3.06,2417
3.06,2416
3.07,2415
3.07,2414
3.07,2413
3.07,2412
3.07,2411
3.08,2410
3.08,2409
3.08,2408
3.08,2407
3.08,2406
3.09,2405
3.09,2404
3.09,2403
3.09,2402
3.09,2401
3.10,2400
3.10,2399
3.10,2398
3.10,2397
3.10,2396
3.11,2395
3.11,2394
3.11,2393
3.11,2392
3.11,2391
3.12,2390
3.12,2389
3.12,2388
3.12,2387
3.12,2386
3.13,2385
3.13,2384
3.13,2383
3.13,2382
3.13,2381
3.14,2380
3.14,2379
3.14,2378
3.14,2377
3.14,2376
3.15,2375
3.15,2374
3.15,2373
3.15,2372
3.16,2371
3.16,2370
3.16,2369
3.16,2368
3.16,2367
3.17,2366
3.17,2365
3.17,2364
3.17,2363
