0.10,3618
0.17,3617
0.18,3616
0.19,3615
0.19,3614
0.20,3613
0.21,3612
0.22,3611
0.22,3610
0.23,3609
0.24,3608
0.24,3607
0.25,3606
0.26,3605
0.26,3604
0.27,3603
0.27,3602
0.28,3601
0.28,3600
0.29,3599
0.29,3598
0.30,3597
0.31,3596
0.31,3595
0.32,3594
0.32,3593
0.33,3592
0.33,3591
0.34,3590
0.35,3589
0.35,3588
0.36,3587
0.36,3586
0.37,3585
0.37,3584
0.38,3583
0.38,3582
0.38,3581
0.39,3580
0.39,3579
0.39,3578
0.40,3577
0.40,3576
0.41,3575
0.41,3574
0.41,3573
0.42,3572
0.42,3571
0.42,3570
0.43,3569
0.43,3568
0.43,3567
0.43,3566
0.44,3565
0.44,3564
0.44,3563
0.44,3562
0.45,3561
0.45,3560
0.45,3559
0.45,3558
0.45,3557
0.46,3556
0.46,3555
0.46,3554
0.46,3553
0.47,3552
0.47,3551
0.47,3550
0.47,3549
0.47,3548
0.48,3547
0.48,3546
0.48,3545
0.48,3544
0.49,3543
0.49,3542
0.49,3541
0.49,3540
0.50,3539
0.50,3538
0.50,3537
0.50,3536
0.50,3535
0.51,3534
0.51,3533
0.51,3532
0.51,3531
0.52,3530
0.52,3529
0.52,3528
0.52,3527
0.52,3526
0.53,3525
0.53,3524
0.53,3523
0.53,3522
0.54,3521
0.54,3520
0.54,3519
0.54,3518
0.54,3517
0.55,3516
0.55,3515
0.55,3514
0.55,3513
0.55,3512
0.56,3511
0.56,3510
0.56,3509
0.56,3508
0.57,3507
0.57,3506
0.57,3505
0.57,3504
0.57,3503
0.58,3502
0.58,3501
0.58,3500
0.58,3499
0.58,3498
0.59,3497
0.59,3496
0.59,3495
0.59,3494
0.60,3493
0.60,3492
0.60,3491
0.60,3490
0.60,3489
0.61,3488
0.61,3487
0.61,3486
0.62,3485
0.62,3484
0.62,3483
0.62,3482
0.62,3481
0.63,3480
0.63,3479
0.63,3478
0.63,3477
0.63,3476
0.64,3475
0.64,3474
0.64,3473
0.64,3472
0.64,3471
0.65,3470
0.65,3469
0.65,3468
0.65,3467
0.66,3466
0.66,3465
0.66,3464
0.66,3463
0.66,3462
0.67,3461
0.67,3460
0.67,3459
0.67,3458
0.67,3457
0.68,3456
0.68,3455
0.68,3454
0.68,3453
0.68,3452
0.69,3451
0.69,3450
0.69,3449
0.69,3448
0.69,3447
0.70,3446
0.70,3445
0.70,3444
0.70,3443
0.71,3442
0.71,3441
0.71,3440
0.71,3439
0.71,3438
0.72,3437
0.72,3436
0.72,3435
0.72,3434
0.72,3433
0.73,3432
0.73,3431
0.73,3430
0.73,3429
0.74,3428
0.74,3427
0.74,3426
0.74,3425
0.74,3424
0.75,3423
0.75,3422
0.75,3421
0.75,3420
0.76,3419
0.76,3418
0.76,3417
0.76,3416
0.76,3415
0.77,3414
0.77,3413
0.77,3412
0.77,3411
0.77,3410
0.78,3409
0.78,3408
0.78,3407
0.78,3406
0.78,3405
0.79,3404
0.79,3403
0.79,3402
0.80,3401
0.80,3400
0.80,3399
0.80,3398
0.80,3397
0.81,3396
0.81,3395
0.81,3394
0.81,3393
0.81,3392
0.82,3391
0.82,3390
0.82,3389
0.82,3388
0.83,3387
0.83,3386
0.83,3385
0.83,3384
0.83,3383
0.84,3382
0.84,3381
0.84,3380
0.84,3379
0.84,3378
0.85,3377
0.85,3376
0.85,3375
0.85,3374
0.86,3373
0.86,3372
0.86,3371
0.86,3370
0.86,3369
0.87,3368
0.87,3367
0.87,3366
0.87,3365
0.88,3364
0.88,3363
0.88,3362
0.88,3361
0.88,3360
0.89,3359
0.89,3358
0.89,3357
0.89,3356
0.89,3355
0.90,3354
0.90,3353
0.90,3352
0.90,3351
0.90,3350
0.91,3349
0.91,3348
0.91,3347
0.91,3346
0.91,3345
0.92,3344
0.92,3343
0.92,3342
0.92,3341
0.93,3340
0.93,3339
0.93,3338
0.93,3337
0.93,3336
0.94,3335
0.94,3334
0.94,3333
0.94,3332
0.95,3331
0.95,3330
0.95,3329
0.95,3328
0.95,3327
0.96,3326
0.96,3325
0.96,3324
0.96,3323
0.96,3322
0.97,3321
0.97,3320
0.97,3319
0.98,3318
0.98,3317
0.98,3316
0.98,3315
0.98,3314
0.99,3313
0.99,3312
0.99,3311
0.99,3310
0.99,3309
1.00,3308
1.00,3307
1.00,3306
1.00,3305
1.00,3304
1.01,3303
1.01,3302
1.01,3301
1.01,3300
1.01,3299
1.02,3298
1.02,3297
1.02,3296
1.02,3295
1.03,3294
1.03,3293
1.03,3292
1.03,3291
1.04,3290
1.04,3289
1.04,3288
1.04,3287
1.05,3286
1.05,3285
1.05,3284
1.05,3283
1.05,3282
1.06,3281
1.06,3280
1.06,3279
1.06,3278
1.07,3277
1.07,3276
1.07,3275
1.07,3274
1.08,3273
1.08,3272
1.08,3271
1.08,3270
1.08,3269
1.09,3268
1.09,3267
1.09,3266
1.09,3265
1.09,3264
1.10,3263
1.10,3262
1.10,3261
1.10,3260
1.10,3259
1.11,3258
1.11,3257
1.11,3256
1.11,3255
1.11,3254
1.12,3253
1.12,3252
1.12,3251
1.12,3250
1.12,3249
1.13,3248
1.13,3247
1.13,3246
1.13,3245
1.13,3244
1.14,3243
1.14,3242
1.14,3241
1.14,3240
1.14,3239
1.15,3238
1.15,3237
1.15,3236
1.15,3235
1.15,3234
1.16,3233
1.16,3232
1.16,3231
1.16,3230
1.17,3229
1.17,3228
1.17,3227
1.17,3226
1.18,3225
1.18,3224
1.18,3223
1.18,3222
1.18,3221
1.19,3220
1.19,3219
1.19,3218
1.19,3217
1.20,3216
1.20,3215
1.20,3214
1.20,3213
1.21,3212
1.21,3211
1.21,3210
1.21,3209
1.21,3208
1.22,3207
1.22,3206
1.22,3205
1.22,3204
1.23,3203
1.23,3202
1.23,3201
1.23,3200
1.24,3199
1.24,3198
1.24,3197
1.24,3196
1.25,3195
1.25,3194
1.25,3193
1.25,3192
1.26,3191
1.26,3190
1.26,3189
1.26,3188
1.27,3187
1.27,3186
1.27,3185
1.27,3184
1.28,3183
1.28,3182
1.28,3181
1.28,3180
1.29,3179
1.29,3178
1.29,3177
1.29,3176
1.30,3175
1.30,3174
1.30,3173
1.30,3172
1.31,3171
1.31,3170
1.31,3169
1.31,3168
1.32,3167
1.32,3166
1.32,3165
1.32,3164
1.33,3163
1.33,3162
1.33,3161
1.33,3160
1.34,3159
1.34,3158
1.34,3157
1.34,3156
1.35,3155
1.35,3154
1.35,3153
1.35,3152
1.36,3151
1.36,3150
1.36,3149
1.37,3148
1.37,3147
1.37,3146
1.37,3145
1.37,3144
1.38,3143
1.38,3142
1.38,3141
1.38,3140
1.38,3139
1.39,3138
1.39,3137
1.39,3136
1.39,3135
1.39,3134
1.40,3133
1.40,3132
1.40,3131
1.40,3130
1.40,3129
1.41,3128
1.41,3127
1.41,3126
1.41,3125
1.41,3124
1.42,3123
1.42,3122
1.42,3121
1.42,3120
1.42,3119
1.43,3118
1.43,3117
1.43,3116
1.43,3115
1.43,3114
1.43,3113
1.44,3112
1.44,3111
1.44,3110
1.44,3109
1.44,3108
1.45,3107
1.45,3106
1.45,3105
1.45,3104
1.46,3103
1.46,3102
1.46,3101
1.46,3100
1.46,3099
1.47,3098
1.47,3097
1.47,3096
1.47,3095
1.47,3094
1.48,3093
1.48,3092
1.48,3091
1.48,3090
1.48,3089
1.49,3088
1.49,3087
1.49,3086
1.49,3085
1.49,3084
1.50,3083
1.50,3082
1.50,3081
1.50,3080
1.50,3079
1.50,3078
1.51,3077
1.51,3076
1.51,3075
1.51,3074
1.51,3073
1.52,3072
1.52,3071
1.52,3070
1.52,3069
1.52,3068
1.53,3067
1.53,3066
1.53,3065
1.53,3064
1.53,3063
1.54,3062
1.54,3061
1.54,3060
1.54,3059
1.54,3058
1.55,3057
1.55,3056
1.55,3055
1.55,3054
1.55,3053
1.56,3052
1.56,3051
1.56,3050
1.56,3049
1.56,3048
1.56,3047
1.57,3046
1.57,3045
1.57,3044
1.57,3043
1.57,3042
1.58,3041
1.58,3040
1.58,3039
1.58,3038
1.58,3037
1.59,3036
1.59,3035
1.59,3034
1.59,3033
1.59,3032
1.60,3031
1.60,3030
1.60,3029
1.60,3028
1.61,3027
1.61,3026
1.61,3025
1.61,3024
1.61,3023
1.62,3022
1.62,3021
1.62,3020
1.62,3019
1.62,3018
1.62,3017
1.63,3016
1.63,3015
1.63,3014
1.63,3013
1.64,3012
1.64,3011
1.64,3010
1.64,3009
1.64,3008
1.65,3007
1.65,3006
1.65,3005
1.65,3004
1.65,3003
1.66,3002
1.66,3001
1.66,3000
1.66,2999
1.66,2998
1.67,2997
1.67,2996
1.67,2995
1.67,2994
1.67,2993
1.68,2992
1.68,2991
1.68,2990
1.68,2989
1.68,2988
1.68,2987
1.69,2986
1.69,2985
1.69,2984
1.69,2983
1.69,2982
1.70,2981
1.70,2980
1.70,2979
1.70,2978
1.70,2977
1.71,2976
1.71,2975
1.71,2974
1.72,2973
1.72,2972
1.72,2971
1.72,2970
1.72,2969
1.73,2968
1.73,2967
1.73,2966
1.73,2965
1.73,2964
1.74,2963
1.74,2962
1.74,2961
1.74,2960
1.74,2959
1.75,2958
1.75,2957
1.75,2956
1.75,2955
1.75,2954
1.76,2953
1.76,2952
1.76,2951
1.76,2950
1.76,2949
1.77,2948
1.77,2947
1.77,2946
1.77,2945
1.77,2944
1.78,2943
1.78,2942
1.78,2941
1.78,2940
1.78,2939
1.78,2938
1.79,2937
1.79,2936
1.79,2935
1.79,2934
1.79,2933
1.80,2932
1.80,2931
1.80,2930
1.80,2929
1.80,2928
1.81,2927
1.81,2926
1.81,2925
1.81,2924
1.81,2923
1.82,2922
1.82,2921
1.82,2920
1.82,2919
1.82,2918
1.83,2917
1.83,2916
1.83,2915
1.83,2914
1.83,2913
1.84,2912
1.84,2911
1.84,2910
1.84,2909
1.84,2908
1.84,2907
1.85,2906
1.85,2905
1.85,2904
1.85,2903
1.85,2902
1.86,2901
1.86,2900
1.86,2899
1.86,2898
1.86,2897
1.87,2896
1.87,2895
1.87,2894
1.87,2893
1.87,2892
1.88,2891
1.88,2890
1.88,2889
1.88,2888
1.88,2887
1.89,2886
1.89,2885
1.89,2884
1.89,2883
1.89,2882
1.90,2881
1.90,2880
1.90,2879
1.90,2878
1.90,2877
1.91,2876
1.91,2875
1.91,2874
1.91,2873
1.91,2872
1.92,2871
1.92,2870
1.92,2869
1.92,2868
1.92,2867
1.92,2866
1.93,2865
1.93,2864
1.93,2863
1.93,2862
1.93,2861
1.94,2860
1.94,2859
1.94,2858
1.94,2857
1.94,2856
1.95,2855
1.95,2854
1.95,2853
1.95,2852
1.95,2851
1.96,2850
1.96,2849
1.96,2848
1.96,2847
1.96,2846
1.97,2845
1.97,2844
1.97,2843
1.97,2842
1.97,2841
1.98,2840
1.98,2839
1.98,2838
1.98,2837
1.98,2836
1.99,2835
1.99,2834
1.99,2833
1.99,2832
1.99,2831
1.99,2830
2.00,2829
2.00,2828
2.00,2827
2.00,2826
2.00,2825
2.01,2824
2.01,2823
2.01,2822
2.01,2821
2.01,2820
2.02,2819
2.02,2818
2.02,2817
2.02,2816
2.02,2815
2.03,2814
2.03,2813
2.03,2812
2.03,2811
2.03,2810
2.04,2809
2.04,2808
2.04,2807
2.04,2806
2.04,2805
2.04,2804
2.05,2803
2.05,2802
2.05,2801
2.05,2800
2.05,2799
2.06,2798
2.06,2797
2.06,2796
2.06,2795
2.06,2794
2.07,2793
2.07,2792
2.07,2791
2.07,2790
2.07,2789
2.08,2788
2.08,2787
2.08,2786
2.08,2785
2.08,2784
2.09,2783
2.09,2782
2.09,2781
2.09,2780
2.09,2779
2.10,2778
2.10,2777
2.10,2776
2.10,2775
2.11,2774
2.11,2773
2.11,2772
2.11,2771
2.11,2770
2.12,2769
2.12,2768
2.12,2767
2.12,2766
2.12,2765
2.13,2764
2.13,2763
2.13,2762
2.13,2761
2.14,2760
2.14,2759
2.14,2758
2.14,2757
2.15,2756
2.15,2755
2.15,2754
2.15,2753
2.16,2752
2.16,2751
2.16,2750
2.16,2749
2.16,2748
2.17,2747
2.17,2746
2.17,2745
2.17,2744
2.18,2743
2.18,2742
2.18,2741
2.18,2740
2.18,2739
2.19,2738
2.19,2737
2.19,2736
2.19,2735
2.20,2734
2.20,2733
2.20,2732
2.20,2731
2.20,2730
2.21,2729
2.21,2728
2.21,2727
2.21,2726
2.22,2725
2.22,2724
2.22,2723
2.22,2722
2.22,2721
2.23,2720
2.23,2719
2.23,2718
2.23,2717
2.24,2716
2.24,2715
2.24,2714
2.24,2713
2.24,2712
2.25,2711
2.25,2710
2.25,2709
2.25,2708
2.26,2707
2.26,2706
2.26,2705
2.26,2704
2.26,2703
2.27,2702
2.27,2701
2.27,2700
2.27,2699
2.28,2698
2.28,2697
2.28,2696
2.28,2695
2.29,2694
2.29,2693
2.29,2692
2.29,2691
2.29,2690
2.30,2689
2.30,2688
2.30,2687
2.30,2686
2.31,2685
2.31,2684
2.31,2683
2.31,2682
2.31,2681
2.32,2680
2.32,2679
2.32,2678
2.32,2677
2.33,2676
2.33,2675
2.33,2674
2.33,2673
2.33,2672
2.34,2671
2.34,2670
2.34,2669
2.34,2668
2.35,2667
2.35,2666
2.35,2665
2.35,2664
2.35,2663
2.36,2662
2.36,2661
2.36,2660
2.36,2659
2.37,2658
2.37,2657
2.37,2656
2.37,2655
2.38,2654
2.38,2653
2.38,2652
2.38,2651
2.38,2650
2.39,2649
2.39,2648
2.39,2647
2.39,2646
2.39,2645
2.40,2644
2.40,2643
2.40,2642
2.40,2641
2.41,2640
2.41,2639
2.41,2638
2.41,2637
2.42,2636
2.42,2635
2.42,2634
2.42,2633
2.43,2632
2.43,2631
2.43,2630
2.43,2629
2.43,2628
2.44,2627
2.44,2626
2.44,2625
2.44,2624
2.45,2623
2.45,2622
2.45,2621
2.45,2620
2.46,2619
2.46,2618
2.46,2617
2.46,2616
2.46,2615
2.47,2614
2.47,2613
2.47,2612
2.47,2611
2.48,2610
2.48,2609
2.48,2608
2.48,2607
2.49,2606
2.49,2605
2.49,2604
2.49,2603
2.50,2602
2.50,2601
2.50,2600
2.51,2599
2.51,2598
2.51,2597
2.51,2596
2.51,2595
2.51,2594
2.52,2593
2.52,2592
2.52,2591
2.52,2590
2.52,2589
2.53,2588
2.53,2587
2.53,2586
2.53,2585
2.53,2584
2.54,2583
2.54,2582
2.54,2581
2.54,2580
2.54,2579
2.54,2578
2.55,2577
2.55,2576
2.55,2575
2.55,2574
2.55,2573
2.56,2572
2.56,2571
2.56,2570
2.56,2569
2.56,2568
2.57,2567
2.57,2566
2.57,2565
2.57,2564
2.57,2563
2.58,2562
2.58,2561
2.58,2560
2.58,2559
2.58,2558
2.58,2557
2.59,2556
2.59,2555
2.59,2554
2.59,2553
2.59,2552
2.60,2551
2.60,2550
2.60,2549
2.60,2548
2.60,2547
2.60,2546
2.61,2545
2.61,2544
2.61,2543
2.61,2542
2.61,2541
2.62,2540
2.62,2539
2.62,2538
2.62,2537
2.62,2536
2.63,2535
2.63,2534
2.63,2533
2.63,2532
2.63,2531
2.63,2530
2.64,2529
2.64,2528
2.64,2527
2.64,2526
2.64,2525
2.65,2524
2.65,2523
2.65,2522
2.65,2521
2.65,2520
2.65,2519
2.66,2518
2.66,2517
2.66,2516
2.66,2515
2.66,2514
2.67,2513
2.67,2512
2.67,2511
2.67,2510
2.67,2509
2.68,2508
2.68,2507
2.68,2506
2.68,2505
2.68,2504
2.68,2503
2.69,2502
2.69,2501
2.69,2500
2.69,2499
2.69,2498
2.70,2497
2.70,2496
2.70,2495
2.70,2494
2.70,2493
2.70,2492
2.71,2491
2.71,2490
2.71,2489
2.71,2488
2.71,2487
2.72,2486
2.72,2485
2.72,2484
2.72,2483
2.72,2482
2.73,2481
2.73,2480
2.73,2479
2.73,2478
2.73,2477
2.73,2476
2.74,2475
2.74,2474
2.74,2473
2.74,2472
2.74,2471
2.75,2470
2.75,2469
2.75,2468
2.75,2467
2.75,2466
2.76,2465
2.76,2464
2.76,2463
2.76,2462
2.76,2461
2.76,2460
2.77,2459
2.77,2458
2.77,2457
2.77,2456
2.77,2455
2.78,2454
2.78,2453
2.78,2452
2.78,2451
2.78,2450
2.78,2449
2.79,2448
2.79,2447
2.79,2446
2.79,2445
2.79,2444
2.80,2443
2.80,2442
2.80,2441
2.80,2440
2.80,2439
2.81,2438
2.81,2437
2.81,2436
2.81,2435
2.81,2434
2.81,2433
2.82,2432
2.82,2431
2.82,2430
2.82,2429
2.82,2428
2.83,2427
2.83,2426
2.83,2425
2.83,2424
2.83,2423
2.84,2422
2.84,2421
2.84,2420
2.84,2419
2.84,2418
2.85,2417
2.85,2416
2.85,2415
2.85,2414
2.85,2413
2.85,2412
2.86,2411
2.86,2410
2.86,2409
2.86,2408
2.86,2407
2.87,2406
2.87,2405
2.87,2404
2.87,2403
2.87,2402
2.88,2401
2.88,2400
2.88,2399
2.88,2398
2.88,2397
2.88,2396
2.89,2395
2.89,2394
2.89,2393
2.89,2392
2.89,2391
2.90,2390
2.90,2389
2.90,2388
2.90,2387
2.90,2386
2.90,2385
2.91,2384
2.91,2383
2.91,2382
2.91,2381
2.91,2380
2.92,2379
2.92,2378
2.92,2377
2.92,2376
2.92,2375
2.93,2374
2.93,2373
2.93,2372
2.93,2371
2.93,2370
2.93,2369
2.94,2368
2.94,2367
2.94,2366
2.94,2365
2.94,2364
2.95,2363
2.95,2362
2.95,2361
2.95,2360
2.95,2359
2.95,2358
