0.10,3604
0.16,3603
0.17,3602
0.18,3601
0.19,3600
0.20,3599
0.20,3598
0.21,3597
0.22,3596
0.22,3595
0.23,3594
0.23,3593
0.24,3592
0.24,3591
0.25,3590
0.25,3589
0.26,3588
0.26,3587
0.27,3586
0.27,3585
0.28,3584
0.29,3583
0.29,3582
0.30,3581
0.30,3580
0.31,3579
0.31,3578
0.32,3577
0.32,3576
0.33,3575
0.33,3574
0.34,3573
0.34,3572
0.35,3571
0.35,3570
0.36,3569
0.36,3568
0.37,3567
0.37,3566
0.38,3565
0.38,3564
0.39,3563
0.39,3562
0.40,3561
0.40,3560
0.40,3559
0.41,3558
0.41,3557
0.42,3556
0.42,3555
0.42,3554
0.42,3553
0.43,3552
0.43,3551
0.43,3550
0.43,3549
0.44,3548
0.44,3547
0.44,3546
0.44,3545
0.45,3544
0.45,3543
0.45,3542
0.45,3541
0.46,3540
0.46,3539
0.46,3538
0.46,3537
0.46,3536
0.47,3535
0.47,3534
0.47,3533
0.47,3532
0.47,3531
0.48,3530
0.48,3529
0.48,3528
0.48,3527
0.49,3526
0.49,3525
0.49,3524
0.49,3523
0.49,3522
0.50,3521
0.50,3520
0.50,3519
0.50,3518
0.50,3517
0.51,3516
0.51,3515
0.51,3514
0.51,3513
0.51,3512
0.52,3511
0.52,3510
0.52,3509
0.52,3508
0.53,3507
0.53,3506
0.53,3505
0.53,3504
0.53,3503
0.54,3502
0.54,3501
0.54,3500
0.54,3499
0.54,3498
0.55,3497
0.55,3496
0.55,3495
0.55,3494
0.56,3493
0.56,3492
0.56,3491
0.56,3490
0.56,3489
0.57,3488
0.57,3487
0.57,3486
0.57,3485
0.57,3484
0.58,3483
0.58,3482
0.58,3481
0.58,3480
0.59,3479
0.59,3478
0.59,3477
0.59,3476
0.59,3475
0.60,3474
0.60,3473
0.60,3472
0.61,3471
0.61,3470
0.61,3469
0.61,3468
0.61,3467
0.62,3466
0.62,3465
0.62,3464
0.62,3463
0.62,3462
0.63,3461
0.63,3460
0.63,3459
0.63,3458
0.63,3457
0.64,3456
0.64,3455
0.64,3454
0.64,3453
0.64,3452
0.65,3451
0.65,3450
0.65,3449
0.65,3448
0.65,3447
0.66,3446
0.66,3445
0.66,3444
0.66,3443
0.66,3442
0.67,3441
0.67,3440
0.67,3439
0.67,3438
0.67,3437
0.68,3436
0.68,3435
0.68,3434
0.68,3433
0.68,3432
0.69,3431
0.69,3430
0.69,3429
0.69,3428
0.69,3427
0.70,3426
0.70,3425
0.70,3424
0.70,3423
0.71,3422
0.71,3421
0.71,3420
0.71,3419
0.71,3418
0.72,3417
0.72,3416
0.72,3415
0.72,3414
0.72,3413
0.73,3412
0.73,3411
0.73,3410
0.73,3409
0.74,3408
0.74,3407
0.74,3406
0.74,3405
0.74,3404
0.75,3403
0.75,3402
0.75,3401
0.75,3400
0.75,3399
0.75,3398
0.76,3397
0.76,3396
0.76,3395
0.76,3394
0.77,3393
0.77,3392
0.77,3391
0.77,3390
0.78,3389
0.78,3388
0.78,3387
0.78,3386
0.78,3385
0.79,3384
0.79,3383
0.79,3382
0.79,3381
0.79,3380
0.80,3379
0.80,3378
0.80,3377
0.80,3376
0.80,3375
0.81,3374
0.81,3373
0.81,3372
0.81,3371
0.81,3370
0.81,3369
0.82,3368
0.82,3367
0.82,3366
0.82,3365
0.83,3364
0.83,3363
0.83,3362
0.83,3361
0.83,3360
0.84,3359
0.84,3358
0.84,3357
0.84,3356
0.84,3355
0.85,3354
0.85,3353
0.85,3352
0.85,3351
0.85,3350
0.86,3349
0.86,3348
0.86,3347
0.86,3346
0.86,3345
0.87,3344
0.87,3343
0.87,3342
0.87,3341
0.87,3340
0.87,3339
0.88,3338
0.88,3337
0.88,3336
0.88,3335
0.88,3334
0.89,3333
0.89,3332
0.89,3331
0.89,3330
0.89,3329
0.90,3328
0.90,3327
0.90,3326
0.90,3325
0.90,3324
0.91,3323
0.91,3322
0.91,3321
0.91,3320
0.91,3319
0.91,3318
0.92,3317
0.92,3316
0.92,3315
0.92,3314
0.92,3313
0.93,3312
0.93,3311
0.93,3310
0.93,3309
0.93,3308
0.94,3307
0.94,3306
0.94,3305
0.95,3304
0.95,3303
0.95,3302
0.95,3301
0.95,3300
0.96,3299
0.96,3298
0.96,3297
0.96,3296
0.96,3295
0.97,3294
0.97,3293
0.97,3292
0.97,3291
0.97,3290
0.98,3289
0.98,3288
0.98,3287
0.98,3286
0.98,3285
0.99,3284
0.99,3283
0.99,3282
0.99,3281
0.99,3280
1.00,3279
1.00,3278
1.00,3277
1.00,3276
1.00,3275
1.01,3274
1.01,3273
1.01,3272
1.01,3271
1.01,3270
1.02,3269
1.02,3268
1.02,3267
1.02,3266
1.02,3265
1.03,3264
1.03,3263
1.03,3262
1.03,3261
1.03,3260
1.04,3259
1.04,3258
1.04,3257
1.04,3256
1.04,3255
1.05,3254
1.05,3253
1.05,3252
1.05,3251
1.05,3250
1.06,3249
1.06,3248
1.06,3247
1.06,3246
1.06,3245
1.06,3244
1.07,3243
1.07,3242
1.07,3241
1.07,3240
1.07,3239
1.08,3238
1.08,3237
1.08,3236
1.08,3235
1.08,3234
1.09,3233
1.09,3232
1.09,3231
1.09,3230
1.09,3229
1.10,3228
1.10,3227
1.10,3226
1.10,3225
1.10,3224
1.11,3223
1.11,3222
1.11,3221
1.11,3220
1.11,3219
1.12,3218
1.12,3217
1.12,3216
1.12,3215
1.13,3214
1.13,3213
1.13,3212
1.13,3211
1.13,3210
1.14,3209
1.14,3208
1.14,3207
1.14,3206
1.15,3205
1.15,3204
1.15,3203
1.15,3202
1.15,3201
1.16,3200
1.16,3199
1.16,3198
1.16,3197
1.17,3196
1.17,3195
1.17,3194
1.17,3193
1.18,3192
1.18,3191
1.18,3190
1.18,3189
1.19,3188
1.19,3187
1.19,3186
1.19,3185
1.20,3184
1.20,3183
1.20,3182
1.20,3181
1.20,3180
1.21,3179
1.21,3178
1.21,3177
1.21,3176
1.22,3175
1.22,3174
1.22,3173
1.22,3172
1.23,3171
1.23,3170
1.23,3169
1.23,3168
1.24,3167
1.24,3166
1.24,3165
1.24,3164
1.25,3163
1.25,3162
1.25,3161
1.25,3160
1.26,3159
1.26,3158
1.26,3157
1.26,3156
1.27,3155
1.27,3154
1.27,3153
1.27,3152
1.27,3151
1.28,3150
1.28,3149
1.28,3148
1.28,3147
1.29,3146
1.29,3145
1.29,3144
1.29,3143
1.30,3142
1.30,3141
1.30,3140
1.30,3139
1.31,3138
1.31,3137
1.31,3136
1.32,3135
1.32,3134
1.32,3133
1.32,3132
1.32,3131
1.33,3130
1.33,3129
1.33,3128
1.33,3127
1.33,3126
1.34,3125
1.34,3124
1.34,3123
1.34,3122
1.34,3121
1.34,3120
1.35,3119
1.35,3118
1.35,3117
1.35,3116
1.35,3115
1.36,3114
1.36,3113
1.36,3112
1.36,3111
1.36,3110
1.37,3109
1.37,3108
1.37,3107
1.37,3106
1.37,3105
1.38,3104
1.38,3103
1.38,3102
1.38,3101
1.39,3100
1.39,3099
1.39,3098
1.39,3097
1.39,3096
1.40,3095
1.40,3094
1.40,3093
1.40,3092
1.40,3091
1.41,3090
1.41,3089
1.41,3088
1.41,3087
1.41,3086
1.42,3085
1.42,3084
1.42,3083
1.42,3082
1.42,3081
1.43,3080
1.43,3079
1.43,3078
1.43,3077
1.43,3076
1.44,3075
1.44,3074
1.44,3073
1.44,3072
1.44,3071
1.45,3070
1.45,3069
1.45,3068
1.45,3067
1.45,3066
1.46,3065
1.46,3064
1.46,3063
1.46,3062
1.46,3061
1.47,3060
1.47,3059
1.47,3058
1.47,3057
1.47,3056
1.47,3055
1.48,3054
1.48,3053
1.48,3052
1.48,3051
1.48,3050
1.49,3049
1.49,3048
1.49,3047
1.49,3046
1.49,3045
1.50,3044
1.50,3043
1.50,3042
1.50,3041
1.50,3040
1.51,3039
1.51,3038
1.51,3037
1.51,3036
1.52,3035
1.52,3034
1.52,3033
1.52,3032
1.52,3031
1.52,3030
1.53,3029
1.53,3028
1.53,3027
1.53,3026
1.53,3025
1.54,3024
1.54,3023
1.54,3022
1.54,3021
1.54,3020
1.55,3019
1.55,3018
1.55,3017
1.55,3016
1.55,3015
1.56,3014
1.56,3013
1.56,3012
1.56,3011
1.57,3010
1.57,3009
1.57,3008
1.57,3007
1.57,3006
1.58,3005
1.58,3004
1.58,3003
1.58,3002
1.59,3001
1.59,3000
1.59,2999
1.59,2998
1.59,2997
1.60,2996
1.60,2995
1.60,2994
1.60,2993
1.60,2992
1.61,2991
1.61,2990
1.61,2989
1.61,2988
1.61,2987
1.62,2986
1.62,2985
1.62,2984
1.62,2983
1.62,2982
1.63,2981
1.63,2980
1.63,2979
1.63,2978
1.63,2977
1.63,2976
1.64,2975
1.64,2974
1.64,2973
1.64,2972
1.64,2971
1.65,2970
1.65,2969
1.65,2968
1.65,2967
1.65,2966
1.66,2965
1.66,2964
1.66,2963
1.66,2962
1.67,2961
1.67,2960
1.67,2959
1.67,2958
1.67,2957
1.68,2956
1.68,2955
1.68,2954
1.68,2953
1.68,2952
1.69,2951
1.69,2950
1.69,2949
1.69,2948
1.69,2947
1.69,2946
1.70,2945
1.70,2944
1.70,2943
1.70,2942
1.70,2941
1.71,2940
1.71,2939
1.71,2938
1.71,2937
1.71,2936
1.71,2935
1.72,2934
1.72,2933
1.72,2932
1.72,2931
1.72,2930
1.73,2929
1.73,2928
1.73,2927
1.73,2926
1.73,2925
1.74,2924
1.74,2923
1.74,2922
1.74,2921
1.74,2920
1.75,2919
1.75,2918
1.75,2917
1.75,2916
1.75,2915
1.75,2914
1.76,2913
1.76,2912
1.76,2911
1.76,2910
1.76,2909
1.76,2908
1.77,2907
1.77,2906
1.77,2905
1.77,2904
1.77,2903
1.78,2902
1.78,2901
1.78,2900
1.78,2899
1.78,2898
1.79,2897
1.79,2896
1.79,2895
1.79,2894
1.79,2893
1.80,2892
1.80,2891
1.80,2890
1.80,2889
1.80,2888
1.80,2887
1.81,2886
1.81,2885
1.81,2884
1.81,2883
1.81,2882
1.82,2881
1.82,2880
1.82,2879
1.82,2878
1.82,2877
1.83,2876
1.83,2875
1.83,2874
1.83,2873
1.83,2872
1.83,2871
1.84,2870
1.84,2869
1.84,2868
1.84,2867
1.84,2866
1.85,2865
1.85,2864
1.85,2863
1.85,2862
1.85,2861
1.85,2860
1.86,2859
1.86,2858
1.86,2857
1.86,2856
1.86,2855
1.87,2854
1.87,2853
1.87,2852
1.87,2851
1.87,2850
1.88,2849
1.88,2848
1.88,2847
1.88,2846
1.88,2845
1.88,2844
1.89,2843
1.89,2842
1.89,2841
1.89,2840
1.89,2839
1.90,2838
1.90,2837
1.90,2836
1.90,2835
1.90,2834
1.91,2833
1.91,2832
1.91,2831
1.91,2830
1.91,2829
1.91,2828
1.92,2827
1.92,2826
1.92,2825
1.92,2824
1.92,2823
1.93,2822
1.93,2821
1.93,2820
1.93,2819
1.93,2818
1.93,2817
1.94,2816
1.94,2815
1.94,2814
1.94,2813
1.94,2812
1.95,2811
1.95,2810
1.95,2809
1.95,2808
1.95,2807
1.96,2806
1.96,2805
1.96,2804
1.96,2803
1.96,2802
1.96,2801
1.97,2800
1.97,2799
1.97,2798
1.97,2797
1.97,2796
1.98,2795
1.98,2794
1.98,2793
1.98,2792
1.98,2791
1.99,2790
1.99,2789
1.99,2788
1.99,2787
1.99,2786
1.99,2785
2.00,2784
2.00,2783
2.00,2782
2.00,2781
2.00,2780
2.01,2779
2.01,2778
2.01,2777
2.01,2776
2.01,2775
2.01,2774
2.02,2773
2.02,2772
2.02,2771
2.02,2770
2.03,2769
2.03,2768
2.03,2767
2.03,2766
2.03,2765
2.04,2764
2.04,2763
2.04,2762
2.04,2761
2.05,2760
2.05,2759
2.05,2758
2.05,2757
2.05,2756
2.06,2755
2.06,2754
2.06,2753
2.06,2752
2.07,2751
2.07,2750
2.07,2749
2.07,2748
2.07,2747
2.08,2746
2.08,2745
2.08,2744
2.08,2743
2.09,2742
2.09,2741
2.09,2740
2.09,2739
2.09,2738
2.10,2737
2.10,2736
2.10,2735
2.10,2734
2.11,2733
2.11,2732
2.11,2731
2.11,2730
2.11,2729
2.12,2728
2.12,2727
2.12,2726
2.12,2725
2.13,2724
2.13,2723
2.13,2722
2.13,2721
2.13,2720
2.14,2719
2.14,2718
2.14,2717
2.14,2716
2.15,2715
2.15,2714
2.15,2713
2.15,2712
2.16,2711
2.16,2710
2.16,2709
2.16,2708
2.16,2707
2.17,2706
2.17,2705
2.17,2704
2.17,2703
2.18,2702
2.18,2701
2.18,2700
2.18,2699
2.18,2698
2.19,2697
2.19,2696
2.19,2695
2.19,2694
2.20,2693
2.20,2692
2.20,2691
2.20,2690
2.20,2689
2.21,2688
2.21,2687
2.21,2686
2.21,2685
2.22,2684
2.22,2683
2.22,2682
2.22,2681
2.22,2680
2.23,2679
2.23,2678
2.23,2677
2.23,2676
2.24,2675
2.24,2674
2.24,2673
2.24,2672
2.25,2671
2.25,2670
2.25,2669
2.25,2668
2.26,2667
2.26,2666
2.26,2665
2.26,2664
2.26,2663
2.27,2662
2.27,2661
2.27,2660
2.27,2659
2.28,2658
2.28,2657
2.28,2656
2.28,2655
2.29,2654
2.29,2653
2.29,2652
2.29,2651
2.29,2650
2.30,2649
2.30,2648
2.30,2647
2.30,2646
2.31,2645
2.31,2644
2.31,2643
2.31,2642
2.32,2641
2.32,2640
2.32,2639
2.32,2638
2.33,2637
2.33,2636
2.33,2635
2.33,2634
2.34,2633
2.34,2632
2.34,2631
2.34,2630
2.35,2629
2.35,2628
2.35,2627
2.35,2626
2.36,2625
2.36,2624
2.36,2623
2.36,2622
2.36,2621
2.37,2620
2.37,2619
2.37,2618
2.38,2617
2.38,2616
2.38,2615
2.38,2614
2.39,2613
2.39,2612
2.39,2611
2.39,2610
2.40,2609
2.40,2608
2.40,2607
2.40,2606
2.41,2605
2.41,2604
2.41,2603
2.41,2602
2.42,2601
2.42,2600
2.42,2599
2.42,2598
2.43,2597
2.43,2596
2.43,2595
2.43,2594
2.43,2593
2.44,2592
2.44,2591
2.44,2590
2.44,2589
2.45,2588
2.45,2587
2.45,2586
2.46,2585
2.46,2584
2.46,2583
2.46,2582
2.46,2581
2.46,2580
2.47,2579
2.47,2578
2.47,2577
2.47,2576
2.47,2575
2.48,2574
2.48,2573
2.48,2572
2.48,2571
2.48,2570
2.48,2569
2.49,2568
2.49,2567
2.49,2566
2.49,2565
2.49,2564
2.50,2563
2.50,2562
2.50,2561
2.50,2560
2.50,2559
2.50,2558
2.51,2557
2.51,2556
2.51,2555
2.51,2554
2.51,2553
2.52,2552
2.52,2551
2.52,2550
2.52,2549
2.52,2548
2.53,2547
2.53,2546
2.53,2545
2.53,2544
2.54,2543
2.54,2542
2.54,2541
2.54,2540
2.55,2539
2.55,2538
2.55,2537
2.55,2536
2.56,2535
2.56,2534
2.56,2533
2.56,2532
2.56,2531
2.56,2530
2.57,2529
2.57,2528
2.57,2527
2.57,2526
2.57,2525
2.58,2524
2.58,2523
2.58,2522
2.58,2521
2.58,2520
2.59,2519
2.59,2518
2.59,2517
2.59,2516
2.59,2515
2.60,2514
2.60,2513
2.60,2512
2.60,2511
2.60,2510
2.61,2509
2.61,2508
2.61,2507
2.61,2506
2.61,2505
2.61,2504
2.62,2503
2.62,2502
2.62,2501
2.62,2500
2.62,2499
2.63,2498
2.63,2497
2.63,2496
2.63,2495
2.63,2494
2.64,2493
2.64,2492
2.64,2491
2.64,2490
2.64,2489
2.65,2488
2.65,2487
2.65,2486
2.65,2485
2.65,2484
2.65,2483
2.66,2482
2.66,2481
2.66,2480
2.66,2479
2.66,2478
2.67,2477
2.67,2476
2.67,2475
2.67,2474
2.67,2473
2.68,2472
2.68,2471
2.68,2470
2.68,2469
2.68,2468
2.69,2467
2.69,2466
2.69,2465
2.69,2464
2.69,2463
2.69,2462
2.70,2461
2.70,2460
2.70,2459
2.70,2458
2.70,2457
2.71,2456
2.71,2455
2.71,2454
2.71,2453
2.71,2452
2.72,2451
2.72,2450
2.72,2449
2.72,2448
2.72,2447
2.72,2446
2.73,2445
2.73,2444
2.73,2443
2.73,2442
2.73,2441
2.74,2440
2.74,2439
2.74,2438
2.74,2437
2.74,2436
2.74,2435
2.75,2434
2.75,2433
2.75,2432
2.75,2431
2.76,2430
2.76,2429
2.76,2428
2.76,2427
2.76,2426
2.77,2425
2.77,2424
2.77,2423
2.77,2422
2.78,2421
2.78,2420
2.78,2419
2.78,2418
2.79,2417
2.79,2416
2.79,2415
2.79,2414
2.80,2413
2.80,2412
2.80,2411
2.80,2410
2.81,2409
2.81,2408
2.81,2407
2.81,2406
2.82,2405
2.82,2404
2.82,2403
2.82,2402
2.83,2401
2.83,2400
2.83,2399
2.83,2398
2.83,2397
2.84,2396
2.84,2395
2.84,2394
2.84,2393
2.84,2392
2.85,2391
2.85,2390
2.85,2389
2.85,2388
2.85,2387
2.86,2386
2.86,2385
2.86,2384
