0.10,3634
0.17,3633
0.18,3632
0.19,3631
0.20,3630
0.20,3629
0.21,3628
0.22,3627
0.23,3626
0.23,3625
0.24,3624
0.24,3623
0.25,3622
0.25,3621
0.26,3620
0.27,3619
0.27,3618
0.28,3617
0.29,3616
0.29,3615
0.30,3614
0.30,3613
0.31,3612
0.31,3611
0.32,3610
0.33,3609
0.33,3608
0.34,3607
0.34,3606
0.35,3605
0.35,3604
0.36,3603
0.36,3602
0.37,3601
0.37,3600
0.38,3599
0.38,3598
0.39,3597
0.39,3596
0.40,3595
0.40,3594
0.41,3593
0.41,3592
0.42,3591
0.42,3590
0.43,3589
0.43,3588
0.44,3587
0.44,3586
0.44,3585
0.45,3584
0.45,3583
0.45,3582
0.45,3581
0.45,3580
0.46,3579
0.46,3578
0.46,3577
0.46,3576
0.47,3575
0.47,3574
0.47,3573
0.47,3572
0.47,3571
0.48,3570
0.48,3569
0.48,3568
0.48,3567
0.49,3566
0.49,3565
0.49,3564
0.49,3563
0.49,3562
0.50,3561
0.50,3560
0.50,3559
0.50,3558
0.51,3557
0.51,3556
0.51,3555
0.51,3554
0.51,3553
0.52,3552
0.52,3551
0.52,3550
0.52,3549
0.53,3548
0.53,3547
0.53,3546
0.53,3545
0.54,3544
0.54,3543
0.54,3542
0.54,3541
0.54,3540
0.55,3539
0.55,3538
0.55,3537
0.55,3536
0.56,3535
0.56,3534
0.56,3533
0.56,3532
0.57,3531
0.57,3530
0.57,3529
0.57,3528
0.57,3527
0.58,3526
0.58,3525
0.58,3524
0.58,3523
0.59,3522
0.59,3521
0.59,3520
0.59,3519
0.59,3518
0.60,3517
0.60,3516
0.60,3515
0.60,3514
0.61,3513
0.61,3512
0.61,3511
0.61,3510
0.62,3509
0.62,3508
0.62,3507
0.62,3506
0.63,3505
0.63,3504
0.63,3503
0.63,3502
0.64,3501
0.64,3500
0.64,3499
0.64,3498
0.64,3497
0.65,3496
0.65,3495
0.65,3494
0.65,3493
0.66,3492
0.66,3491
0.66,3490
0.66,3489
0.67,3488
0.67,3487
0.67,3486
0.67,3485
0.67,3484
0.68,3483
0.68,3482
0.68,3481
0.68,3480
0.69,3479
0.69,3478
0.69,3477
0.69,3476
0.69,3475
0.70,3474
0.70,3473
0.70,3472
0.70,3471
0.71,3470
0.71,3469
0.71,3468
0.71,3467
0.71,3466
0.72,3465
0.72,3464
0.72,3463
0.72,3462
0.73,3461
0.73,3460
0.73,3459
0.73,3458
0.73,3457
0.74,3456
0.74,3455
0.74,3454
0.74,3453
0.74,3452
0.75,3451
0.75,3450
0.75,3449
0.76,3448
0.76,3447
0.76,3446
0.76,3445
0.76,3444
0.77,3443
0.77,3442
0.77,3441
0.77,3440
0.78,3439
0.78,3438
0.78,3437
0.78,3436
0.79,3435
0.79,3434
0.79,3433
0.79,3432
0.79,3431
0.80,3430
0.80,3429
0.80,3428
0.80,3427
0.81,3426
0.81,3425
0.81,3424
0.81,3423
0.81,3422
0.82,3421
0.82,3420
0.82,3419
0.82,3418
0.83,3417
0.83,3416
0.83,3415
0.83,3414
0.84,3413
0.84,3412
0.84,3411
0.84,3410
0.85,3409
0.85,3408
0.85,3407
0.85,3406
0.85,3405
0.86,3404
0.86,3403
0.86,3402
0.86,3401
0.87,3400
0.87,3399
0.87,3398
0.87,3397
0.87,3396
0.88,3395
0.88,3394
0.88,3393
0.89,3392
0.89,3391
0.89,3390
0.89,3389
0.89,3388
0.90,3387
0.90,3386
0.90,3385
0.90,3384
0.91,3383
0.91,3382
0.91,3381
0.91,3380
0.92,3379
0.92,3378
0.92,3377
0.92,3376
0.92,3375
0.93,3374
0.93,3373
0.93,3372
0.93,3371
0.93,3370
0.94,3369
0.94,3368
0.94,3367
0.94,3366
0.95,3365
0.95,3364
0.95,3363
0.95,3362
0.95,3361
0.96,3360
0.96,3359
0.96,3358
0.96,3357
0.97,3356
0.97,3355
0.97,3354
0.97,3353
0.97,3352
0.98,3351
0.98,3350
0.98,3349
0.98,3348
0.99,3347
0.99,3346
0.99,3345
0.99,3344
0.99,3343
1.00,3342
1.00,3341
1.00,3340
1.00,3339
1.01,3338
1.01,3337
1.01,3336
1.02,3335
1.02,3334
1.02,3333
1.02,3332
1.02,3331
1.03,3330
1.03,3329
1.03,3328
1.03,3327
1.03,3326
1.04,3325
1.04,3324
1.04,3323
1.04,3322
1.04,3321
1.05,3320
1.05,3319
1.05,3318
1.05,3317
1.06,3316
1.06,3315
1.06,3314
1.06,3313
1.06,3312
1.07,3311
1.07,3310
1.07,3309
1.07,3308
1.08,3307
1.08,3306
1.08,3305
1.08,3304
1.08,3303
1.09,3302
1.09,3301
1.09,3300
1.09,3299
1.09,3298
1.10,3297
1.10,3296
1.10,3295
1.10,3294
1.10,3293
1.11,3292
1.11,3291
1.11,3290
1.11,3289
1.12,3288
1.12,3287
1.12,3286
1.12,3285
1.12,3284
1.13,3283
1.13,3282
1.13,3281
1.13,3280
1.13,3279
1.14,3278
1.14,3277
1.14,3276
1.14,3275
1.14,3274
1.15,3273
1.15,3272
1.15,3271
1.15,3270
1.16,3269
1.16,3268
1.16,3267
1.16,3266
1.16,3265
1.17,3264
1.17,3263
1.17,3262
1.17,3261
1.17,3260
1.18,3259
1.18,3258
1.18,3257
1.18,3256
1.19,3255
1.19,3254
1.19,3253
1.19,3252
1.19,3251
1.20,3250
1.20,3249
1.20,3248
1.20,3247
1.21,3246
1.21,3245
1.21,3244
1.21,3243
1.22,3242
1.22,3241
1.22,3240
1.22,3239
1.23,3238
1.23,3237
1.23,3236
1.23,3235
1.23,3234
1.24,3233
1.24,3232
1.24,3231
1.24,3230
1.25,3229
1.25,3228
1.25,3227
1.26,3226
1.26,3225
1.26,3224
1.26,3223
1.27,3222
1.27,3221
1.27,3220
1.27,3219
1.28,3218
1.28,3217
1.28,3216
1.29,3215
1.29,3214
1.29,3213
1.29,3212
1.29,3211
1.30,3210
1.30,3209
1.30,3208
1.31,3207
1.31,3206
1.31,3205
1.31,3204
1.32,3203
1.32,3202
1.32,3201
1.32,3200
1.33,3199
1.33,3198
1.33,3197
1.33,3196
1.34,3195
1.34,3194
1.34,3193
1.34,3192
1.35,3191
1.35,3190
1.35,3189
1.35,3188
1.36,3187
1.36,3186
1.36,3185
1.36,3184
1.37,3183
1.37,3182
1.37,3181
1.37,3180
1.38,3179
1.38,3178
1.38,3177
1.38,3176
1.39,3175
1.39,3174
1.39,3173
1.39,3172
1.40,3171
1.40,3170
1.40,3169
1.41,3168
1.41,3167
1.41,3166
1.41,3165
1.42,3164
1.42,3163
1.42,3162
1.42,3161
1.42,3160
1.43,3159
1.43,3158
1.43,3157
1.43,3156
1.43,3155
1.44,3154
1.44,3153
1.44,3152
1.44,3151
1.44,3150
1.45,3149
1.45,3148
1.45,3147
1.45,3146
1.45,3145
1.46,3144
1.46,3143
1.46,3142
1.46,3141
1.46,3140
1.47,3139
1.47,3138
1.47,3137
1.47,3136
1.48,3135
1.48,3134
1.48,3133
1.48,3132
1.48,3131
1.49,3130
1.49,3129
1.49,3128
1.49,3127
1.49,3126
1.50,3125
1.50,3124
1.50,3123
1.50,3122
1.50,3121
1.51,3120
1.51,3119
1.51,3118
1.51,3117
1.51,3116
1.52,3115
1.52,3114
1.52,3113
1.52,3112
1.52,3111
1.53,3110
1.53,3109
1.53,3108
1.53,3107
1.54,3106
1.54,3105
1.54,3104
1.54,3103
1.54,3102
1.55,3101
1.55,3100
1.55,3099
1.55,3098
1.55,3097
1.56,3096
1.56,3095
1.56,3094
1.56,3093
1.56,3092
1.57,3091
1.57,3090
1.57,3089
1.57,3088
1.58,3087
1.58,3086
1.58,3085
1.58,3084
1.58,3083
1.59,3082
1.59,3081
1.59,3080
1.59,3079
1.59,3078
1.60,3077
1.60,3076
1.60,3075
1.60,3074
1.61,3073
1.61,3072
1.61,3071
1.61,3070
1.61,3069
1.62,3068
1.62,3067
1.62,3066
1.62,3065
1.62,3064
1.63,3063
1.63,3062
1.63,3061
1.63,3060
1.64,3059
1.64,3058
1.64,3057
1.64,3056
1.64,3055
1.65,3054
1.65,3053
1.65,3052
1.65,3051
1.65,3050
1.66,3049
1.66,3048
1.66,3047
1.66,3046
1.66,3045
1.67,3044
1.67,3043
1.67,3042
1.67,3041
1.68,3040
1.68,3039
1.68,3038
1.68,3037
1.68,3036
1.69,3035
1.69,3034
1.69,3033
1.69,3032
1.69,3031
1.70,3030
1.70,3029
1.70,3028
1.70,3027
1.70,3026
1.71,3025
1.71,3024
1.71,3023
1.71,3022
1.72,3021
1.72,3020
1.72,3019
1.72,3018
1.72,3017
1.73,3016
1.73,3015
1.73,3014
1.73,3013
1.73,3012
1.74,3011
1.74,3010
1.74,3009
1.74,3008
1.74,3007
1.75,3006
1.75,3005
1.75,3004
1.75,3003
1.75,3002
1.76,3001
1.76,3000
1.76,2999
1.76,2998
1.76,2997
1.77,2996
1.77,2995
1.77,2994
1.77,2993
1.77,2992
1.78,2991
1.78,2990
1.78,2989
1.79,2988
1.79,2987
1.79,2986
1.79,2985
1.79,2984
1.80,2983
1.80,2982
1.80,2981
1.80,2980
1.80,2979
1.81,2978
1.81,2977
1.81,2976
1.81,2975
1.82,2974
1.82,2973
1.82,2972
1.82,2971
1.82,2970
1.83,2969
1.83,2968
1.83,2967
1.83,2966
1.83,2965
1.84,2964
1.84,2963
1.84,2962
1.84,2961
1.84,2960
1.85,2959
1.85,2958
1.85,2957
1.85,2956
1.85,2955
1.86,2954
1.86,2953
1.86,2952
1.86,2951
1.87,2950
1.87,2949
1.87,2948
1.87,2947
1.87,2946
1.88,2945
1.88,2944
1.88,2943
1.88,2942
1.88,2941
1.89,2940
1.89,2939
1.89,2938
1.89,2937
1.89,2936
1.90,2935
1.90,2934
1.90,2933
1.90,2932
1.90,2931
1.91,2930
1.91,2929
1.91,2928
1.91,2927
1.92,2926
1.92,2925
1.92,2924
1.92,2923
1.92,2922
1.93,2921
1.93,2920
1.93,2919
1.93,2918
1.93,2917
1.94,2916
1.94,2915
1.94,2914
1.94,2913
1.94,2912
1.95,2911
1.95,2910
1.95,2909
1.95,2908
1.95,2907
1.96,2906
1.96,2905
1.96,2904
1.96,2903
1.96,2902
1.97,2901
1.97,2900
1.97,2899
1.97,2898
1.97,2897
1.98,2896
1.98,2895
1.98,2894
1.98,2893
1.98,2892
1.99,2891
1.99,2890
1.99,2889
1.99,2888
2.00,2887
2.00,2886
2.00,2885
2.00,2884
2.00,2883
2.01,2882
2.01,2881
2.01,2880
2.01,2879
2.01,2878
2.02,2877
2.02,2876
2.02,2875
2.02,2874
2.02,2873
2.03,2872
2.03,2871
2.03,2870
2.03,2869
2.03,2868
2.04,2867
2.04,2866
2.04,2865
2.04,2864
2.04,2863
2.05,2862
2.05,2861
2.05,2860
2.05,2859
2.06,2858
2.06,2857
2.06,2856
2.06,2855
2.06,2854
2.07,2853
2.07,2852
2.07,2851
2.07,2850
2.07,2849
2.08,2848
2.08,2847
2.08,2846
2.08,2845
2.08,2844
2.09,2843
2.09,2842
2.09,2841
2.09,2840
2.09,2839
2.10,2838
2.10,2837
2.10,2836
2.10,2835
2.10,2834
2.11,2833
2.11,2832
2.11,2831
2.11,2830
2.11,2829
2.12,2828
2.12,2827
2.12,2826
2.12,2825
2.12,2824
2.13,2823
2.13,2822
2.13,2821
2.13,2820
2.13,2819
2.14,2818
2.14,2817
2.14,2816
2.14,2815
2.15,2814
2.15,2813
2.15,2812
2.15,2811
2.16,2810
2.16,2809
2.16,2808
2.16,2807
2.16,2806
2.17,2805
2.17,2804
2.17,2803
2.17,2802
2.17,2801
2.18,2800
2.18,2799
2.18,2798
2.18,2797
2.19,2796
2.19,2795
2.19,2794
2.19,2793
2.19,2792
2.20,2791
2.20,2790
2.20,2789
2.20,2788
2.20,2787
2.21,2786
2.21,2785
2.21,2784
2.21,2783
2.21,2782
2.22,2781
2.22,2780
2.22,2779
2.22,2778
2.22,2777
2.23,2776
2.23,2775
2.23,2774
2.23,2773
2.23,2772
2.24,2771
2.24,2770
2.24,2769
2.24,2768
2.25,2767
2.25,2766
2.25,2765
2.25,2764
2.25,2763
2.26,2762
2.26,2761
2.26,2760
2.26,2759
2.26,2758
2.27,2757
2.27,2756
2.27,2755
2.27,2754
2.27,2753
2.28,2752
2.28,2751
2.28,2750
2.28,2749
2.28,2748
2.29,2747
2.29,2746
2.29,2745
2.29,2744
2.29,2743
2.30,2742
2.30,2741
2.30,2740
2.30,2739
2.30,2738
2.31,2737
2.31,2736
2.31,2735
2.31,2734
2.32,2733
2.32,2732
2.32,2731
2.32,2730
2.32,2729
2.33,2728
2.33,2727
2.33,2726
2.33,2725
2.33,2724
2.34,2723
2.34,2722
2.34,2721
2.34,2720
2.34,2719
2.35,2718
2.35,2717
2.35,2716
2.35,2715
2.35,2714
2.36,2713
2.36,2712
2.36,2711
2.36,2710
2.36,2709
2.37,2708
2.37,2707
2.37,2706
2.37,2705
2.37,2704
2.38,2703
2.38,2702
2.38,2701
2.38,2700
2.38,2699
2.39,2698
2.39,2697
2.39,2696
2.39,2695
2.40,2694
2.40,2693
2.40,2692
2.40,2691
2.40,2690
2.41,2689
2.41,2688
2.41,2687
2.41,2686
2.41,2685
2.42,2684
2.42,2683
2.42,2682
2.42,2681
2.42,2680
2.43,2679
2.43,2678
2.43,2677
2.43,2676
2.44,2675
2.44,2674
2.44,2673
2.44,2672
2.44,2671
2.45,2670
2.45,2669
2.45,2668
2.45,2667
2.45,2666
2.46,2665
2.46,2664
2.46,2663
2.46,2662
2.46,2661
2.47,2660
2.47,2659
2.47,2658
2.47,2657
2.47,2656
2.48,2655
2.48,2654
2.48,2653
2.48,2652
2.48,2651
2.49,2650
2.49,2649
2.49,2648
2.49,2647
2.50,2646
2.50,2645
2.50,2644
2.50,2643
2.50,2642
2.50,2641
2.51,2640
2.51,2639
2.51,2638
2.51,2637
2.52,2636
2.52,2635
2.52,2634
2.52,2633
2.52,2632
2.53,2631
2.53,2630
2.53,2629
2.53,2628
2.54,2627
2.54,2626
2.54,2625
2.54,2624
2.54,2623
2.55,2622
2.55,2621
2.55,2620
2.55,2619
2.55,2618
2.56,2617
2.56,2616
2.56,2615
2.56,2614
2.56,2613
2.57,2612
2.57,2611
2.57,2610
2.57,2609
2.57,2608
2.58,2607
2.58,2606
2.58,2605
2.58,2604
2.58,2603
2.59,2602
2.59,2601
2.59,2600
2.59,2599
2.59,2598
2.60,2597
2.60,2596
2.60,2595
2.60,2594
2.60,2593
2.61,2592
2.61,2591
2.61,2590
2.61,2589
2.61,2588
2.62,2587
2.62,2586
2.62,2585
2.62,2584
2.63,2583
2.63,2582
2.63,2581
2.63,2580
2.63,2579
2.64,2578
2.64,2577
2.64,2576
2.64,2575
2.64,2574
2.65,2573
2.65,2572
2.65,2571
2.65,2570
2.65,2569
2.66,2568
2.66,2567
2.66,2566
2.66,2565
2.66,2564
2.67,2563
2.67,2562
2.67,2561
2.67,2560
2.67,2559
2.67,2558
2.68,2557
2.68,2556
2.68,2555
2.68,2554
2.69,2553
2.69,2552
2.69,2551
2.69,2550
2.69,2549
2.70,2548
2.70,2547
2.70,2546
2.70,2545
2.70,2544
2.71,2543
2.71,2542
2.71,2541
2.71,2540
2.71,2539
2.72,2538
2.72,2537
2.72,2536
2.72,2535
2.72,2534
2.73,2533
2.73,2532
2.73,2531
2.73,2530
2.73,2529
2.74,2528
2.74,2527
2.74,2526
2.74,2525
2.74,2524
2.75,2523
2.75,2522
2.75,2521
2.75,2520
2.75,2519
2.76,2518
2.76,2517
2.76,2516
2.76,2515
2.76,2514
2.77,2513
2.77,2512
2.77,2511
2.77,2510
2.77,2509
2.78,2508
2.78,2507
2.78,2506
2.78,2505
2.78,2504
2.79,2503
2.79,2502
2.79,2501
2.79,2500
2.79,2499
2.80,2498
2.80,2497
2.80,2496
2.80,2495
2.80,2494
2.81,2493
2.81,2492
2.81,2491
2.81,2490
2.81,2489
2.82,2488
2.82,2487
2.82,2486
2.82,2485
2.82,2484
2.83,2483
2.83,2482
2.83,2481
2.83,2480
2.83,2479
2.84,2478
2.84,2477
2.84,2476
2.84,2475
2.84,2474
2.85,2473
2.85,2472
2.85,2471
2.85,2470
2.85,2469
2.86,2468
2.86,2467
2.86,2466
2.86,2465
2.87,2464
2.87,2463
2.87,2462
2.87,2461
2.87,2460
2.88,2459
2.88,2458
2.88,2457
2.88,2456
2.88,2455
2.89,2454
2.89,2453
2.89,2452
2.89,2451
2.89,2450
2.90,2449
2.90,2448
2.90,2447
2.90,2446
2.91,2445
2.91,2444
2.91,2443
2.91,2442
2.91,2441
2.91,2440
2.92,2439
2.92,2438
2.92,2437
2.92,2436
2.92,2435
2.93,2434
2.93,2433
2.93,2432
2.93,2431
2.93,2430
2.94,2429
2.94,2428
2.94,2427
2.94,2426
2.94,2425
2.95,2424
2.95,2423
2.95,2422
2.95,2421
2.95,2420
2.96,2419
2.96,2418
2.96,2417
2.96,2416
2.96,2415
2.97,2414
2.97,2413
2.97,2412
2.97,2411
2.98,2410
2.98,2409
2.98,2408
2.98,2407
2.98,2406
2.99,2405
2.99,2404
2.99,2403
2.99,2402
2.99,2401
3.00,2400
3.00,2399
3.00,2398
3.00,2397
3.00,2396
3.01,2395
3.01,2394
3.01,2393
3.01,2392
3.01,2391
3.02,2390
3.02,2389
3.02,2388
3.02,2387
3.02,2386
3.03,2385
3.03,2384
3.03,2383
3.03,2382
3.03,2381
3.04,2380
3.04,2379
3.04,2378
3.04,2377
3.06,2376
