0.10,3600
0.16,3599
0.17,3598
0.18,3597
0.19,3596
0.20,3595
0.21,3594
0.22,3593
0.22,3592
0.23,3591
0.24,3590
0.24,3589
0.25,3588
0.25,3587
0.26,3586
0.27,3585
0.27,3584
0.28,3583
0.28,3582
0.29,3581
0.29,3580
0.30,3579
0.31,3578
0.32,3577
0.32,3576
0.33,3575
0.33,3574
0.34,3573
0.34,3572
0.35,3571
0.35,3570
0.36,3569
0.36,3568
0.37,3567
0.37,3566
0.38,3565
0.38,3564
0.39,3563
0.39,3562
0.40,3561
0.40,3560
0.41,3559
0.41,3558
0.41,3557
0.42,3556
0.42,3555
0.43,3554
0.43,3553
0.43,3552
0.44,3551
0.44,3550
0.44,3549
0.44,3548
0.45,3547
0.45,3546
0.45,3545
0.45,3544
0.45,3543
0.46,3542
0.46,3541
0.46,3540
0.46,3539
0.46,3538
0.47,3537
0.47,3536
0.47,3535
0.47,3534
0.48,3533
0.48,3532
0.48,3531
0.48,3530
0.48,3529
0.49,3528
0.49,3527
0.49,3526
0.49,3525
0.50,3524
0.50,3523
0.50,3522
0.50,3521
0.50,3520
0.51,3519
0.51,3518
0.51,3517
0.51,3516
0.52,3515
0.52,3514
0.52,3513
0.52,3512
0.52,3511
0.53,3510
0.53,3509
0.53,3508
0.53,3507
0.53,3506
0.54,3505
0.54,3504
0.54,3503
0.54,3502
0.55,3501
0.55,3500
0.55,3499
0.55,3498
0.55,3497
0.56,3496
0.56,3495
0.56,3494
0.56,3493
0.56,3492
0.57,3491
0.57,3490
0.57,3489
0.57,3488
0.57,3487
0.58,3486
0.58,3485
0.58,3484
0.58,3483
0.59,3482
0.59,3481
0.59,3480
0.59,3479
0.59,3478
0.60,3477
0.60,3476
0.60,3475
0.60,3474
0.60,3473
0.61,3472
0.61,3471
0.61,3470
0.61,3469
0.62,3468
0.62,3467
0.62,3466
0.62,3465
0.63,3464
0.63,3463
0.63,3462
0.63,3461
0.63,3460
0.63,3459
0.64,3458
0.64,3457
0.64,3456
0.64,3455
0.64,3454
0.65,3453
0.65,3452
0.65,3451
0.65,3450
0.65,3449
0.66,3448
0.66,3447
0.66,3446
0.66,3445
0.66,3444
0.67,3443
0.67,3442
0.67,3441
0.67,3440
0.67,3439
0.68,3438
0.68,3437
0.68,3436
0.68,3435
0.68,3434
0.69,3433
0.69,3432
0.69,3431
0.69,3430
0.69,3429
0.70,3428
0.70,3427
0.70,3426
0.70,3425
0.70,3424
0.71,3423
0.71,3422
0.71,3421
0.71,3420
0.71,3419
0.72,3418
0.72,3417
0.72,3416
0.72,3415
0.72,3414
0.73,3413
0.73,3412
0.73,3411
0.73,3410
0.73,3409
0.74,3408
0.74,3407
0.74,3406
0.74,3405
0.74,3404
0.75,3403
0.75,3402
0.75,3401
0.75,3400
0.75,3399
0.76,3398
0.76,3397
0.76,3396
0.76,3395
0.77,3394
0.77,3393
0.77,3392
0.77,3391
0.77,3390
0.78,3389
0.78,3388
0.78,3387
0.78,3386
0.79,3385
0.79,3384
0.79,3383
0.79,3382
0.79,3381
0.80,3380
0.80,3379
0.80,3378
0.80,3377
0.80,3376
0.81,3375
0.81,3374
0.81,3373
0.81,3372
0.81,3371
0.82,3370
0.82,3369
0.82,3368
0.82,3367
0.82,3366
0.83,3365
0.83,3364
0.83,3363
0.83,3362
0.83,3361
0.84,3360
0.84,3359
0.84,3358
0.84,3357
0.84,3356
0.85,3355
0.85,3354
0.85,3353
0.85,3352
0.85,3351
0.86,3350
0.86,3349
0.86,3348
0.86,3347
0.86,3346
0.87,3345
0.87,3344
0.87,3343
0.87,3342
0.88,3341
0.88,3340
0.88,3339
0.88,3338
0.88,3337
0.88,3336
0.89,3335
0.89,3334
0.89,3333
0.89,3332
0.90,3331
0.90,3330
0.90,3329
0.90,3328
0.90,3327
0.91,3326
0.91,3325
0.91,3324
0.91,3323
0.91,3322
0.92,3321
0.92,3320
0.92,3319
0.92,3318
0.92,3317
0.93,3316
0.93,3315
0.93,3314
0.93,3313
0.94,3312
0.94,3311
0.94,3310
0.94,3309
0.94,3308
0.95,3307
0.95,3306
0.95,3305
0.95,3304
0.96,3303
0.96,3302
0.96,3301
0.96,3300
0.97,3299
0.97,3298
0.97,3297
0.97,3296
0.97,3295
0.98,3294
0.98,3293
0.98,3292
0.98,3291
0.98,3290
0.99,3289
0.99,3288
0.99,3287
0.99,3286
0.99,3285
1.00,3284
1.00,3283
1.00,3282
1.00,3281
1.01,3280
1.01,3279
1.01,3278
1.01,3277
1.01,3276
1.02,3275
1.02,3274
1.02,3273
1.02,3272
1.02,3271
1.03,3270
1.03,3269
1.03,3268
1.03,3267
1.03,3266
1.04,3265
1.04,3264
1.04,3263
1.04,3262
1.04,3261
1.05,3260
1.05,3259
1.05,3258
1.05,3257
1.05,3256
1.06,3255
1.06,3254
1.06,3253
1.06,3252
1.07,3251
1.07,3250
1.07,3249
1.07,3248
1.07,3247
1.08,3246
1.08,3245
1.08,3244
1.08,3243
1.08,3242
1.09,3241
1.09,3240
1.09,3239
1.09,3238
1.09,3237
1.10,3236
1.10,3235
1.10,3234
1.10,3233
1.11,3232
1.11,3231
1.11,3230
1.11,3229
1.11,3228
1.12,3227
1.12,3226
1.12,3225
1.12,3224
1.12,3223
1.13,3222
1.13,3221
1.13,3220
1.13,3219
1.13,3218
1.14,3217
1.14,3216
1.14,3215
1.14,3214
1.15,3213
1.15,3212
1.15,3211
1.15,3210
1.16,3209
1.16,3208
1.16,3207
1.16,3206
1.17,3205
1.17,3204
1.17,3203
1.17,3202
1.17,3201
1.18,3200
1.18,3199
1.18,3198
1.18,3197
1.19,3196
1.19,3195
1.19,3194
1.19,3193
1.20,3192
1.20,3191
1.20,3190
1.20,3189
1.21,3188
1.21,3187
1.21,3186
1.21,3185
1.22,3184
1.22,3183
1.22,3182
1.22,3181
1.23,3180
1.23,3179
1.23,3178
1.23,3177
1.24,3176
1.24,3175
1.24,3174
1.24,3173
1.25,3172
1.25,3171
1.25,3170
1.25,3169
1.26,3168
1.26,3167
1.26,3166
1.26,3165
1.27,3164
1.27,3163
1.27,3162
1.27,3161
1.27,3160
1.28,3159
1.28,3158
1.28,3157
1.28,3156
1.29,3155
1.29,3154
1.29,3153
1.29,3152
1.30,3151
1.30,3150
1.30,3149
1.30,3148
1.31,3147
1.31,3146
1.31,3145
1.31,3144
1.31,3143
1.32,3142
1.32,3141
1.32,3140
1.32,3139
1.33,3138
1.33,3137
1.33,3136
1.33,3135
1.34,3134
1.34,3133
1.34,3132
1.35,3131
1.35,3130
1.35,3129
1.35,3128
1.35,3127
1.36,3126
1.36,3125
1.36,3124
1.36,3123
1.36,3122
1.37,3121
1.37,3120
1.37,3119
1.37,3118
1.37,3117
1.38,3116
1.38,3115
1.38,3114
1.38,3113
1.38,3112
1.39,3111
1.39,3110
1.39,3109
1.39,3108
1.39,3107
1.40,3106
1.40,3105
1.40,3104
1.40,3103
1.40,3102
1.41,3101
1.41,3100
1.41,3099
1.41,3098
1.41,3097
1.41,3096
1.42,3095
1.42,3094
1.42,3093
1.42,3092
1.42,3091
1.43,3090
1.43,3089
1.43,3088
1.43,3087
1.43,3086
1.44,3085
1.44,3084
1.44,3083
1.44,3082
1.45,3081
1.45,3080
1.45,3079
1.45,3078
1.45,3077
1.46,3076
1.46,3075
1.46,3074
1.46,3073
1.46,3072
1.47,3071
1.47,3070
1.47,3069
1.47,3068
1.47,3067
1.48,3066
1.48,3065
1.48,3064
1.48,3063
1.48,3062
1.49,3061
1.49,3060
1.49,3059
1.49,3058
1.49,3057
1.50,3056
1.50,3055
1.50,3054
1.50,3053
1.51,3052
1.51,3051
1.51,3050
1.51,3049
1.51,3048
1.52,3047
1.52,3046
1.52,3045
1.52,3044
1.52,3043
1.53,3042
1.53,3041
1.53,3040
1.53,3039
1.53,3038
1.53,3037
1.54,3036
1.54,3035
1.54,3034
1.54,3033
1.55,3032
1.55,3031
1.55,3030
1.55,3029
1.55,3028
1.56,3027
1.56,3026
1.56,3025
1.56,3024
1.56,3023
1.57,3022
1.57,3021
1.57,3020
1.57,3019
1.57,3018
1.58,3017
1.58,3016
1.58,3015
1.58,3014
1.58,3013
1.59,3012
1.59,3011
1.59,3010
1.59,3009
1.59,3008
1.60,3007
1.60,3006
1.60,3005
1.60,3004
1.60,3003
1.61,3002
1.61,3001
1.61,3000
1.61,2999
1.61,2998
1.62,2997
1.62,2996
1.62,2995
1.62,2994
1.62,2993
1.63,2992
1.63,2991
1.63,2990
1.63,2989
1.63,2988
1.64,2987
1.64,2986
1.64,2985
1.64,2984
1.64,2983
1.65,2982
1.65,2981
1.65,2980
1.65,2979
1.65,2978
1.66,2977
1.66,2976
1.66,2975
1.66,2974
1.66,2973
1.67,2972
1.67,2971
1.67,2970
1.67,2969
1.67,2968
1.68,2967
1.68,2966
1.68,2965
1.68,2964
1.68,2963
1.69,2962
1.69,2961
1.69,2960
1.69,2959
1.69,2958
1.69,2957
1.70,2956
1.70,2955
1.70,2954
1.71,2953
1.71,2952
1.71,2951
1.71,2950
1.71,2949
1.71,2948
1.72,2947
1.72,2946
1.72,2945
1.72,2944
1.73,2943
1.73,2942
1.73,2941
1.73,2940
1.73,2939
1.73,2938
1.74,2937
1.74,2936
1.74,2935
1.74,2934
1.74,2933
1.75,2932
1.75,2931
1.75,2930
1.75,2929
1.75,2928
1.76,2927
1.76,2926
1.76,2925
1.76,2924
1.76,2923
1.77,2922
1.77,2921
1.77,2920
1.77,2919
1.77,2918
1.77,2917
1.78,2916
1.78,2915
1.78,2914
1.78,2913
1.78,2912
1.79,2911
1.79,2910
1.79,2909
1.79,2908
1.79,2907
1.80,2906
1.80,2905
1.80,2904
1.80,2903
1.80,2902
1.81,2901
1.81,2900
1.81,2899
1.81,2898
1.81,2897
1.81,2896
1.82,2895
1.82,2894
1.82,2893
1.82,2892
1.82,2891
1.83,2890
1.83,2889
1.83,2888
1.83,2887
1.83,2886
1.83,2885
1.84,2884
1.84,2883
1.84,2882
1.84,2881
1.84,2880
1.85,2879
1.85,2878
1.85,2877
1.85,2876
1.85,2875
1.86,2874
1.86,2873
1.86,2872
1.86,2871
1.86,2870
1.87,2869
1.87,2868
1.87,2867
1.87,2866
1.87,2865
1.88,2864
1.88,2863
1.88,2862
1.88,2861
1.88,2860
1.89,2859
1.89,2858
1.89,2857
1.89,2856
1.89,2855
1.89,2854
1.90,2853
1.90,2852
1.90,2851
1.90,2850
1.90,2849
1.91,2848
1.91,2847
1.91,2846
1.91,2845
1.91,2844
1.92,2843
1.92,2842
1.92,2841
1.92,2840
1.92,2839
1.92,2838
1.93,2837
1.93,2836
1.93,2835
1.93,2834
1.93,2833
1.94,2832
1.94,2831
1.94,2830
1.94,2829
1.94,2828
1.95,2827
1.95,2826
1.95,2825
1.95,2824
1.95,2823
1.96,2822
1.96,2821
1.96,2820
1.96,2819
1.96,2818
1.97,2817
1.97,2816
1.97,2815
1.97,2814
1.97,2813
1.97,2812
1.98,2811
1.98,2810
1.98,2809
1.98,2808
1.98,2807
1.99,2806
1.99,2805
1.99,2804
1.99,2803
1.99,2802
1.99,2801
2.00,2800
2.00,2799
2.00,2798
2.00,2797
2.01,2796
2.01,2795
2.01,2794
2.01,2793
2.01,2792
2.01,2791
2.02,2790
2.02,2789
2.02,2788
2.02,2787
2.02,2786
2.03,2785
2.03,2784
2.03,2783
2.03,2782
2.03,2781
2.04,2780
2.04,2779
2.04,2778
2.04,2777
2.05,2776
2.05,2775
2.05,2774
2.05,2773
2.05,2772
2.06,2771
2.06,2770
2.06,2769
2.06,2768
2.06,2767
2.07,2766
2.07,2765
2.07,2764
2.07,2763
2.07,2762
2.07,2761
2.08,2760
2.08,2759
2.08,2758
2.08,2757
2.08,2756
2.09,2755
2.09,2754
2.09,2753
2.09,2752
2.09,2751
2.09,2750
2.10,2749
2.10,2748
2.10,2747
2.10,2746
2.10,2745
2.11,2744
2.11,2743
2.11,2742
2.11,2741
2.11,2740
2.11,2739
2.12,2738
2.12,2737
2.12,2736
2.12,2735
2.12,2734
2.13,2733
2.13,2732
2.13,2731
2.13,2730
2.13,2729
2.14,2728
2.14,2727
2.14,2726
2.14,2725
2.14,2724
2.15,2723
2.15,2722
2.15,2721
2.15,2720
2.15,2719
2.15,2718
2.16,2717
2.16,2716
2.16,2715
2.16,2714
2.16,2713
2.17,2712
2.17,2711
2.17,2710
2.17,2709
2.17,2708
2.18,2707
2.18,2706
2.18,2705
2.18,2704
2.18,2703
2.18,2702
2.19,2701
2.19,2700
2.19,2699
2.19,2698
2.19,2697
2.20,2696
2.20,2695
2.20,2694
2.20,2693
2.20,2692
2.21,2691
2.21,2690
2.21,2689
2.21,2688
2.21,2687
2.22,2686
2.22,2685
2.22,2684
2.22,2683
2.22,2682
2.23,2681
2.23,2680
2.23,2679
2.23,2678
2.23,2677
2.23,2676
2.24,2675
2.24,2674
2.24,2673
2.24,2672
2.24,2671
2.25,2670
2.25,2669
2.25,2668
2.25,2667
2.25,2666
2.26,2665
2.26,2664
2.26,2663
2.26,2662
2.26,2661
2.27,2660
2.27,2659
2.27,2658
2.27,2657
2.27,2656
2.28,2655
2.28,2654
2.28,2653
2.28,2652
2.28,2651
2.28,2650
2.29,2649
2.29,2648
2.29,2647
2.29,2646
2.29,2645
2.29,2644
2.30,2643
2.30,2642
2.30,2641
2.30,2640
2.30,2639
2.31,2638
2.31,2637
2.31,2636
2.31,2635
2.31,2634
2.32,2633
2.32,2632
2.32,2631
2.32,2630
2.32,2629
2.33,2628
2.33,2627
2.33,2626
2.33,2625
2.33,2624
2.33,2623
2.34,2622
2.34,2621
2.34,2620
2.34,2619
2.34,2618
2.35,2617
2.35,2616
2.35,2615
2.35,2614
2.35,2613
2.36,2612
2.36,2611
2.36,2610
2.36,2609
2.36,2608
2.36,2607
2.37,2606
2.37,2605
2.37,2604
2.37,2603
2.38,2602
2.38,2601
2.38,2600
2.38,2599
2.38,2598
2.38,2597
2.39,2596
2.39,2595
2.39,2594
2.39,2593
2.39,2592
2.40,2591
2.40,2590
2.40,2589
2.40,2588
2.40,2587
2.40,2586
2.41,2585
2.41,2584
2.41,2583
2.41,2582
2.41,2581
2.42,2580
2.42,2579
2.42,2578
2.42,2577
2.42,2576
2.43,2575
2.43,2574
2.43,2573
2.43,2572
2.43,2571
2.44,2570
2.44,2569
2.44,2568
2.44,2567
2.44,2566
2.44,2565
2.45,2564
2.45,2563
2.45,2562
2.45,2561
2.45,2560
2.46,2559
2.46,2558
2.46,2557
2.46,2556
2.46,2555
2.46,2554
2.47,2553
2.47,2552
2.47,2551
2.47,2550
2.47,2549
2.48,2548
2.48,2547
2.48,2546
2.48,2545
2.48,2544
2.48,2543
2.49,2542
2.49,2541
2.49,2540
2.49,2539
2.49,2538
2.50,2537
2.50,2536
2.50,2535
2.50,2534
2.50,2533
2.51,2532
2.51,2531
2.51,2530
2.51,2529
2.51,2528
2.51,2527
2.52,2526
2.52,2525
2.52,2524
2.52,2523
2.52,2522
2.53,2521
2.53,2520
2.53,2519
2.53,2518
2.53,2517
2.54,2516
2.54,2515
2.54,2514
2.54,2513
2.54,2512
2.55,2511
2.55,2510
2.55,2509
2.55,2508
2.55,2507
2.55,2506
2.56,2505
2.56,2504
2.56,2503
2.56,2502
2.56,2501
2.57,2500
2.57,2499
2.57,2498
2.57,2497
2.57,2496
2.58,2495
2.58,2494
2.58,2493
2.58,2492
2.58,2491
2.58,2490
2.59,2489
2.59,2488
2.59,2487
2.59,2486
2.59,2485
2.60,2484
2.60,2483
2.60,2482
2.60,2481
2.60,2480
2.60,2479
2.61,2478
2.61,2477
2.61,2476
2.61,2475
2.61,2474
2.62,2473
2.62,2472
2.62,2471
2.62,2470
2.62,2469
2.63,2468
2.63,2467
2.63,2466
2.63,2465
2.63,2464
2.63,2463
2.64,2462
2.64,2461
2.64,2460
2.64,2459
2.64,2458
2.65,2457
2.65,2456
2.65,2455
2.65,2454
2.65,2453
2.65,2452
2.66,2451
2.66,2450
2.66,2449
2.66,2448
2.66,2447
2.67,2446
2.67,2445
2.67,2444
2.67,2443
2.67,2442
2.68,2441
2.68,2440
2.68,2439
2.68,2438
2.68,2437
2.68,2436
2.69,2435
2.69,2434
2.69,2433
2.69,2432
2.69,2431
2.70,2430
2.70,2429
2.70,2428
2.70,2427
2.70,2426
2.71,2425
2.71,2424
2.71,2423
2.71,2422
2.71,2421
2.72,2420
2.72,2419
2.72,2418
2.72,2417
2.72,2416
2.73,2415
2.73,2414
2.73,2413
2.73,2412
2.73,2411
2.73,2410
2.74,2409
2.74,2408
2.74,2407
2.74,2406
2.74,2405
2.75,2404
2.75,2403
2.75,2402
2.75,2401
2.75,2400
2.75,2399
2.76,2398
2.76,2397
2.76,2396
2.76,2395
2.76,2394
2.77,2393
2.77,2392
2.77,2391
2.77,2390
2.77,2389
2.77,2388
2.78,2387
2.78,2386
2.78,2385
2.78,2384
2.78,2383
2.78,2382
2.79,2381
2.79,2380
2.79,2379
2.79,2378
