0.09,3598
0.16,3597
0.17,3596
0.18,3595
0.19,3594
0.20,3593
0.21,3592
0.21,3591
0.22,3590
0.23,3589
0.23,3588
0.24,3587
0.24,3586
0.25,3585
0.25,3584
0.26,3583
0.26,3582
0.27,3581
0.28,3580
0.28,3579
0.29,3578
0.29,3577
0.30,3576
0.31,3575
0.31,3574
0.32,3573
0.32,3572
0.33,3571
0.33,3570
0.34,3569
0.34,3568
0.35,3567
0.35,3566
0.36,3565
0.37,3564
0.37,3563
0.37,3562
0.38,3561
0.38,3560
0.39,3559
0.39,3558
0.39,3557
0.40,3556
0.40,3555
0.41,3554
0.41,3553
0.42,3552
0.42,3551
0.43,3550
0.43,3549
0.43,3548
0.43,3547
0.43,3546
0.44,3545
0.44,3544
0.44,3543
0.44,3542
0.45,3541
0.45,3540
0.45,3539
0.45,3538
0.45,3537
0.46,3536
0.46,3535
0.46,3534
0.46,3533
0.46,3532
0.47,3531
0.47,3530
0.47,3529
0.47,3528
0.48,3527
0.48,3526
0.48,3525
0.48,3524
0.48,3523
0.49,3522
0.49,3521
0.49,3520
0.49,3519
0.49,3518
0.50,3517
0.50,3516
0.50,3515
0.50,3514
0.50,3513
0.51,3512
0.51,3511
0.51,3510
0.51,3509
0.52,3508
0.52,3507
0.52,3506
0.52,3505
0.52,3504
0.53,3503
0.53,3502
0.53,3501
0.53,3500
0.54,3499
0.54,3498
0.54,3497
0.54,3496
0.54,3495
0.55,3494
0.55,3493
0.55,3492
0.55,3491
0.55,3490
0.56,3489
0.56,3488
0.56,3487
0.56,3486
0.56,3485
0.57,3484
0.57,3483
0.57,3482
0.57,3481
0.58,3480
0.58,3479
0.58,3478
0.58,3477
0.58,3476
0.59,3475
0.59,3474
0.59,3473
0.59,3472
0.59,3471
0.60,3470
0.60,3469
0.60,3468
0.61,3467
0.61,3466
0.61,3465
0.61,3464
0.61,3463
0.62,3462
0.62,3461
0.62,3460
0.62,3459
0.63,3458
0.63,3457
0.63,3456
0.63,3455
0.63,3454
0.64,3453
0.64,3452
0.64,3451
0.64,3450
0.64,3449
0.65,3448
0.65,3447
0.65,3446
0.65,3445
0.65,3444
0.66,3443
0.66,3442
0.66,3441
0.66,3440
0.67,3439
0.67,3438
0.67,3437
0.67,3436
0.67,3435
0.68,3434
0.68,3433
0.68,3432
0.68,3431
0.68,3430
0.69,3429
0.69,3428
0.69,3427
0.69,3426
0.70,3425
0.70,3424
0.70,3423
0.70,3422
0.70,3421
0.71,3420
0.71,3419
0.71,3418
0.71,3417
0.71,3416
0.72,3415
0.72,3414
0.72,3413
0.72,3412
0.73,3411
0.73,3410
0.73,3409
0.73,3408
0.73,3407
0.74,3406
0.74,3405
0.74,3404
0.74,3403
0.74,3402
0.75,3401
0.75,3400
0.75,3399
0.75,3398
0.76,3397
0.76,3396
0.76,3395
0.76,3394
0.76,3393
0.77,3392
0.77,3391
0.77,3390
0.77,3389
0.77,3388
0.78,3387
0.78,3386
0.78,3385
0.78,3384
0.78,3383
0.79,3382
0.79,3381
0.79,3380
0.80,3379
0.80,3378
0.80,3377
0.80,3376
0.80,3375
0.81,3374
0.81,3373
0.81,3372
0.81,3371
0.82,3370
0.82,3369
0.82,3368
0.82,3367
0.82,3366
0.83,3365
0.83,3364
0.83,3363
0.83,3362
0.83,3361
0.84,3360
0.84,3359
0.84,3358
0.84,3357
0.84,3356
0.85,3355
0.85,3354
0.85,3353
0.85,3352
0.85,3351
0.86,3350
0.86,3349
0.86,3348
0.86,3347
0.87,3346
0.87,3345
0.87,3344
0.87,3343
0.88,3342
0.88,3341
0.88,3340
0.88,3339
0.88,3338
0.89,3337
0.89,3336
0.89,3335
0.89,3334
0.90,3333
0.90,3332
0.90,3331
0.90,3330
0.90,3329
0.91,3328
0.91,3327
0.91,3326
0.91,3325
0.92,3324
0.92,3323
0.92,3322
0.92,3321
0.92,3320
0.93,3319
0.93,3318
0.93,3317
0.93,3316
0.94,3315
0.94,3314
0.94,3313
0.94,3312
0.95,3311
0.95,3310
0.95,3309
0.95,3308
0.95,3307
0.96,3306
0.96,3305
0.96,3304
0.96,3303
0.97,3302
0.97,3301
0.97,3300
0.97,3299
0.98,3298
0.98,3297
0.98,3296
0.98,3295
0.99,3294
0.99,3293
0.99,3292
0.99,3291
0.99,3290
1.00,3289
1.00,3288
1.00,3287
1.00,3286
1.00,3285
1.01,3284
1.01,3283
1.01,3282
1.01,3281
1.02,3280
1.02,3279
1.02,3278
1.02,3277
1.02,3276
1.03,3275
1.03,3274
1.03,3273
1.03,3272
1.03,3271
1.04,3270
1.04,3269
1.04,3268
1.04,3267
1.04,3266
1.05,3265
1.05,3264
1.05,3263
1.05,3262
1.06,3261
1.06,3260
1.06,3259
1.06,3258
1.06,3257
1.07,3256
1.07,3255
1.07,3254
1.07,3253
1.07,3252
1.08,3251
1.08,3250
1.08,3249
1.08,3248
1.09,3247
1.09,3246
1.09,3245
1.09,3244
1.09,3243
1.10,3242
1.10,3241
1.10,3240
1.10,3239
1.10,3238
1.11,3237
1.11,3236
1.11,3235
1.11,3234
1.11,3233
1.12,3232
1.12,3231
1.12,3230
1.12,3229
1.12,3228
1.13,3227
1.13,3226
1.13,3225
1.13,3224
1.14,3223
1.14,3222
1.14,3221
1.14,3220
1.14,3219
1.15,3218
1.15,3217
1.15,3216
1.15,3215
1.15,3214
1.16,3213
1.16,3212
1.16,3211
1.16,3210
1.16,3209
1.17,3208
1.17,3207
1.17,3206
1.17,3205
1.18,3204
1.18,3203
1.18,3202
1.18,3201
1.19,3200
1.19,3199
1.19,3198
1.19,3197
1.20,3196
1.20,3195
1.20,3194
1.20,3193
1.21,3192
1.21,3191
1.21,3190
1.21,3189
1.22,3188
1.22,3187
1.22,3186
1.22,3185
1.23,3184
1.23,3183
1.23,3182
1.23,3181
1.24,3180
1.24,3179
1.24,3178
1.24,3177
1.25,3176
1.25,3175
1.25,3174
1.25,3173
1.26,3172
1.26,3171
1.26,3170
1.26,3169
1.27,3168
1.27,3167
1.27,3166
1.27,3165
1.28,3164
1.28,3163
1.28,3162
1.28,3161
1.29,3160
1.29,3159
1.29,3158
1.29,3157
1.30,3156
1.30,3155
1.30,3154
1.30,3153
1.31,3152
1.31,3151
1.31,3150
1.31,3149
1.32,3148
1.32,3147
1.32,3146
1.32,3145
1.33,3144
1.33,3143
1.33,3142
1.33,3141
1.34,3140
1.34,3139
1.34,3138
1.34,3137
1.35,3136
1.35,3135
1.35,3134
1.35,3133
1.36,3132
1.36,3131
1.36,3130
1.37,3129
1.37,3128
1.37,3127
1.37,3126
1.37,3125
1.38,3124
1.38,3123
1.38,3122
1.38,3121
1.39,3120
1.39,3119
1.39,3118
1.39,3117
1.39,3116
1.40,3115
1.40,3114
1.40,3113
1.40,3112
1.40,3111
1.41,3110
1.41,3109
1.41,3108
1.41,3107
1.41,3106
1.42,3105
1.42,3104
1.42,3103
1.42,3102
1.43,3101
1.43,3100
1.43,3099
1.43,3098
1.43,3097
1.44,3096
1.44,3095
1.44,3094
1.44,3093
1.44,3092
1.45,3091
1.45,3090
1.45,3089
1.45,3088
1.45,3087
1.46,3086
1.46,3085
1.46,3084
1.46,3083
1.46,3082
1.47,3081
1.47,3080
1.47,3079
1.47,3078
1.47,3077
1.48,3076
1.48,3075
1.48,3074
1.48,3073
1.48,3072
1.49,3071
1.49,3070
1.49,3069
1.49,3068
1.49,3067
1.50,3066
1.50,3065
1.50,3064
1.50,3063
1.50,3062
1.51,3061
1.51,3060
1.51,3059
1.51,3058
1.51,3057
1.52,3056
1.52,3055
1.52,3054
1.52,3053
1.52,3052
1.53,3051
1.53,3050
1.53,3049
1.53,3048
1.53,3047
1.54,3046
1.54,3045
1.54,3044
1.54,3043
1.54,3042
1.55,3041
1.55,3040
1.55,3039
1.55,3038
1.56,3037
1.56,3036
1.56,3035
1.56,3034
1.56,3033
1.57,3032
1.57,3031
1.57,3030
1.57,3029
1.57,3028
1.58,3027
1.58,3026
1.58,3025
1.58,3024
1.58,3023
1.59,3022
1.59,3021
1.59,3020
1.59,3019
1.59,3018
1.60,3017
1.60,3016
1.60,3015
1.60,3014
1.60,3013
1.61,3012
1.61,3011
1.61,3010
1.61,3009
1.61,3008
1.62,3007
1.62,3006
1.62,3005
1.62,3004
1.62,3003
1.63,3002
1.63,3001
1.63,3000
1.63,2999
1.63,2998
1.64,2997
1.64,2996
1.64,2995
1.64,2994
1.65,2993
1.65,2992
1.65,2991
1.65,2990
1.65,2989
1.65,2988
1.66,2987
1.66,2986
1.66,2985
1.66,2984
1.67,2983
1.67,2982
1.67,2981
1.67,2980
1.67,2979
1.68,2978
1.68,2977
1.68,2976
1.68,2975
1.68,2974
1.69,2973
1.69,2972
1.69,2971
1.69,2970
1.69,2969
1.70,2968
1.70,2967
1.70,2966
1.70,2965
1.70,2964
1.71,2963
1.71,2962
1.71,2961
1.71,2960
1.71,2959
1.72,2958
1.72,2957
1.72,2956
1.72,2955
1.72,2954
1.73,2953
1.73,2952
1.73,2951
1.74,2950
1.74,2949
1.74,2948
1.74,2947
1.74,2946
1.75,2945
1.75,2944
1.75,2943
1.75,2942
1.75,2941
1.76,2940
1.76,2939
1.76,2938
1.76,2937
1.76,2936
1.77,2935
1.77,2934
1.77,2933
1.77,2932
1.77,2931
1.78,2930
1.78,2929
1.78,2928
1.78,2927
1.78,2926
1.79,2925
1.79,2924
1.79,2923
1.79,2922
1.79,2921
1.80,2920
1.80,2919
1.80,2918
1.80,2917
1.81,2916
1.81,2915
1.81,2914
1.81,2913
1.81,2912
1.82,2911
1.82,2910
1.82,2909
1.82,2908
1.82,2907
1.83,2906
1.83,2905
1.83,2904
1.83,2903
1.83,2902
1.84,2901
1.84,2900
1.84,2899
1.84,2898
1.84,2897
1.85,2896
1.85,2895
1.85,2894
1.85,2893
1.86,2892
1.86,2891
1.86,2890
1.86,2889
1.86,2888
1.87,2887
1.87,2886
1.87,2885
1.87,2884
1.87,2883
1.88,2882
1.88,2881
1.88,2880
1.88,2879
1.88,2878
1.89,2877
1.89,2876
1.89,2875
1.89,2874
1.89,2873
1.90,2872
1.90,2871
1.90,2870
1.90,2869
1.90,2868
1.91,2867
1.91,2866
1.91,2865
1.91,2864
1.91,2863
1.92,2862
1.92,2861
1.92,2860
1.92,2859
1.92,2858
1.93,2857
1.93,2856
1.93,2855
1.93,2854
1.93,2853
1.94,2852
1.94,2851
1.94,2850
1.94,2849
1.94,2848
1.95,2847
1.95,2846
1.95,2845
1.95,2844
1.95,2843
1.96,2842
1.96,2841
1.96,2840
1.96,2839
1.96,2838
1.97,2837
1.97,2836
1.97,2835
1.97,2834
1.97,2833
1.98,2832
1.98,2831
1.98,2830
1.98,2829
1.98,2828
1.99,2827
1.99,2826
1.99,2825
1.99,2824
1.99,2823
2.00,2822
2.00,2821
2.00,2820
2.00,2819
2.00,2818
2.01,2817
2.01,2816
2.01,2815
2.01,2814
2.01,2813
2.02,2812
2.02,2811
2.02,2810
2.02,2809
2.02,2808
2.03,2807
2.03,2806
2.03,2805
2.03,2804
2.03,2803
2.04,2802
2.04,2801
2.04,2800
2.04,2799
2.04,2798
2.05,2797
2.05,2796
2.05,2795
2.05,2794
2.05,2793
2.06,2792
2.06,2791
2.06,2790
2.06,2789
2.06,2788
2.07,2787
2.07,2786
2.07,2785
2.07,2784
2.07,2783
2.08,2782
2.08,2781
2.08,2780
2.08,2779
2.08,2778
2.09,2777
2.09,2776
2.09,2775
2.09,2774
2.09,2773
2.10,2772
2.10,2771
2.10,2770
2.11,2769
2.11,2768
2.11,2767
2.11,2766
2.11,2765
2.12,2764
2.12,2763
2.12,2762
2.12,2761
2.12,2760
2.12,2759
2.13,2758
2.13,2757
2.13,2756
2.13,2755
2.13,2754
2.14,2753
2.14,2752
2.14,2751
2.14,2750
2.14,2749
2.15,2748
2.15,2747
2.15,2746
2.15,2745
2.15,2744
2.16,2743
2.16,2742
2.16,2741
2.16,2740
2.16,2739
2.17,2738
2.17,2737
2.17,2736
2.17,2735
2.17,2734
2.18,2733
2.18,2732
2.18,2731
2.18,2730
2.18,2729
2.19,2728
2.19,2727
2.19,2726
2.19,2725
2.19,2724
2.20,2723
2.20,2722
2.20,2721
2.20,2720
2.20,2719
2.21,2718
2.21,2717
2.21,2716
2.21,2715
2.21,2714
2.22,2713
2.22,2712
2.22,2711
2.22,2710
2.22,2709
2.23,2708
2.23,2707
2.23,2706
2.23,2705
2.23,2704
2.24,2703
2.24,2702
2.24,2701
2.24,2700
2.24,2699
2.25,2698
2.25,2697
2.25,2696
2.25,2695
2.25,2694
2.26,2693
2.26,2692
2.26,2691
2.26,2690
2.26,2689
2.27,2688
2.27,2687
2.27,2686
2.27,2685
2.27,2684
2.28,2683
2.28,2682
2.28,2681
2.28,2680
2.28,2679
2.29,2678
2.29,2677
2.29,2676
2.29,2675
2.29,2674
2.29,2673
2.30,2672
2.30,2671
2.30,2670
2.30,2669
2.30,2668
2.31,2667
2.31,2666
2.31,2665
2.31,2664
2.31,2663
2.32,2662
2.32,2661
2.32,2660
2.32,2659
2.32,2658
2.33,2657
2.33,2656
2.33,2655
2.33,2654
2.33,2653
2.34,2652
2.34,2651
2.34,2650
2.34,2649
2.34,2648
2.35,2647
2.35,2646
2.35,2645
2.35,2644
2.35,2643
2.36,2642
2.36,2641
2.36,2640
2.36,2639
2.36,2638
2.37,2637
2.37,2636
2.37,2635
2.37,2634
2.37,2633
2.38,2632
2.38,2631
2.38,2630
2.38,2629
2.38,2628
2.39,2627
2.39,2626
2.39,2625
2.39,2624
2.39,2623
2.40,2622
2.40,2621
2.40,2620
2.40,2619
2.40,2618
2.41,2617
2.41,2616
2.41,2615
2.41,2614
2.41,2613
2.42,2612
2.42,2611
2.42,2610
2.42,2609
2.42,2608
2.43,2607
2.43,2606
2.43,2605
2.43,2604
2.43,2603
2.43,2602
2.44,2601
2.44,2600
2.44,2599
2.44,2598
2.44,2597
2.45,2596
2.45,2595
2.45,2594
2.45,2593
2.46,2592
2.46,2591
2.46,2590
2.46,2589
2.46,2588
2.46,2587
2.47,2586
2.47,2585
2.47,2584
2.47,2583
2.47,2582
2.48,2581
2.48,2580
2.48,2579
2.48,2578
2.48,2577
2.49,2576
2.49,2575
2.49,2574
2.49,2573
2.49,2572
2.50,2571
2.50,2570
2.50,2569
2.50,2568
2.50,2567
2.50,2566
2.51,2565
2.51,2564
2.51,2563
2.51,2562
2.51,2561
2.52,2560
2.52,2559
2.52,2558
2.52,2557
2.52,2556
2.53,2555
2.53,2554
2.53,2553
2.53,2552
2.53,2551
2.54,2550
2.54,2549
2.54,2548
2.54,2547
2.54,2546
2.55,2545
2.55,2544
2.55,2543
2.55,2542
2.55,2541
2.56,2540
2.56,2539
2.56,2538
2.56,2537
2.56,2536
2.57,2535
2.57,2534
2.57,2533
2.57,2532
2.57,2531
2.58,2530
2.58,2529
2.58,2528
2.58,2527
2.58,2526
2.58,2525
2.59,2524
2.59,2523
2.59,2522
2.59,2521
2.59,2520
2.60,2519
2.60,2518
2.60,2517
2.60,2516
2.60,2515
2.61,2514
2.61,2513
2.61,2512
2.61,2511
2.61,2510
2.62,2509
2.62,2508
2.62,2507
2.62,2506
2.62,2505
2.63,2504
2.63,2503
2.63,2502
2.63,2501
2.63,2500
2.64,2499
2.64,2498
2.64,2497
2.64,2496
2.64,2495
2.65,2494
2.65,2493
2.65,2492
2.65,2491
2.65,2490
2.66,2489
2.66,2488
2.66,2487
2.66,2486
2.66,2485
2.66,2484
2.67,2483
2.67,2482
2.67,2481
2.67,2480
2.67,2479
2.68,2478
2.68,2477
2.68,2476
2.68,2475
2.68,2474
2.69,2473
2.69,2472
2.69,2471
2.69,2470
2.69,2469
2.70,2468
2.70,2467
2.70,2466
2.70,2465
2.70,2464
2.71,2463
2.71,2462
2.71,2461
2.71,2460
2.71,2459
2.72,2458
2.72,2457
2.72,2456
2.72,2455
2.72,2454
2.73,2453
2.73,2452
2.73,2451
2.73,2450
2.73,2449
2.73,2448
2.74,2447
2.74,2446
2.74,2445
2.74,2444
2.74,2443
2.75,2442
2.75,2441
2.75,2440
2.75,2439
2.75,2438
2.76,2437
2.76,2436
2.76,2435
2.76,2434
2.76,2433
2.77,2432
2.77,2431
2.77,2430
2.77,2429
2.77,2428
2.78,2427
2.78,2426
2.78,2425
2.78,2424
2.78,2423
2.79,2422
2.79,2421
2.79,2420
2.79,2419
2.79,2418
2.80,2417
2.80,2416
2.80,2415
2.80,2414
2.80,2413
2.80,2412
2.81,2411
2.81,2410
2.81,2409
2.81,2408
2.81,2407
2.82,2406
2.82,2405
2.82,2404
2.82,2403
2.82,2402
2.83,2401
2.83,2400
2.83,2399
2.83,2398
2.83,2397
2.84,2396
2.84,2395
2.84,2394
2.84,2393
2.84,2392
2.84,2391
2.85,2390
2.85,2389
2.85,2388
2.85,2387
2.85,2386
2.86,2385
2.86,2384
2.86,2383
2.86,2382
2.86,2381
2.87,2380
2.87,2379
2.87,2378
2.87,2377
2.87,2376
2.87,2375
