0.10,3662
0.16,3661
0.18,3660
0.18,3659
0.19,3658
0.20,3657
0.21,3656
0.22,3655
0.22,3654
0.23,3653
0.23,3652
0.24,3651
0.24,3650
0.25,3649
0.25,3648
0.26,3647
0.27,3646
0.27,3645
0.28,3644
0.28,3643
0.29,3642
0.30,3641
0.30,3640
0.31,3639
0.31,3638
0.32,3637
0.32,3636
0.33,3635
0.33,3634
0.34,3633
0.34,3632
0.35,3631
0.35,3630
0.36,3629
0.36,3628
0.37,3627
0.37,3626
0.38,3625
0.38,3624
0.39,3623
0.39,3622
0.39,3621
0.40,3620
0.40,3619
0.41,3618
0.41,3617
0.42,3616
0.42,3615
0.42,3614
0.42,3613
0.43,3612
0.43,3611
0.43,3610
0.43,3609
0.43,3608
0.44,3607
0.44,3606
0.44,3605
0.44,3604
0.44,3603
0.45,3602
0.45,3601
0.45,3600
0.45,3599
0.46,3598
0.46,3597
0.46,3596
0.46,3595
0.47,3594
0.47,3593
0.47,3592
0.47,3591
0.48,3590
0.48,3589
0.48,3588
0.48,3587
0.48,3586
0.49,3585
0.49,3584
0.49,3583
0.49,3582
0.50,3581
0.50,3580
0.50,3579
0.50,3578
0.51,3577
0.51,3576
0.51,3575
0.51,3574
0.51,3573
0.52,3572
0.52,3571
0.52,3570
0.52,3569
0.52,3568
0.53,3567
0.53,3566
0.53,3565
0.53,3564
0.54,3563
0.54,3562
0.54,3561
0.54,3560
0.55,3559
0.55,3558
0.55,3557
0.55,3556
0.55,3555
0.56,3554
0.56,3553
0.56,3552
0.56,3551
0.56,3550
0.57,3549
0.57,3548
0.57,3547
0.57,3546
0.57,3545
0.58,3544
0.58,3543
0.58,3542
0.58,3541
0.59,3540
0.59,3539
0.59,3538
0.59,3537
0.60,3536
0.60,3535
0.60,3534
0.61,3533
0.61,3532
0.61,3531
0.61,3530
0.61,3529
0.62,3528
0.62,3527
0.62,3526
0.62,3525
0.62,3524
0.63,3523
0.63,3522
0.63,3521
0.63,3520
0.63,3519
0.64,3518
0.64,3517
0.64,3516
0.64,3515
0.64,3514
0.65,3513
0.65,3512
0.65,3511
0.65,3510
0.65,3509
0.66,3508
0.66,3507
0.66,3506
0.66,3505
0.66,3504
0.67,3503
0.67,3502
0.67,3501
0.67,3500
0.68,3499
0.68,3498
0.68,3497
0.68,3496
0.68,3495
0.69,3494
0.69,3493
0.69,3492
0.69,3491
0.69,3490
0.70,3489
0.70,3488
0.70,3487
0.70,3486
0.71,3485
0.71,3484
0.71,3483
0.71,3482
0.71,3481
0.72,3480
0.72,3479
0.72,3478
0.72,3477
0.73,3476
0.73,3475
0.73,3474
0.73,3473
0.73,3472
0.74,3471
0.74,3470
0.74,3469
0.74,3468
0.75,3467
0.75,3466
0.75,3465
0.75,3464
0.75,3463
0.76,3462
0.76,3461
0.76,3460
0.76,3459
0.76,3458
0.77,3457
0.77,3456
0.77,3455
0.77,3454
0.77,3453
0.78,3452
0.78,3451
0.78,3450
0.79,3449
0.79,3448
0.79,3447
0.79,3446
0.79,3445
0.80,3444
0.80,3443
0.80,3442
0.80,3441
0.80,3440
0.81,3439
0.81,3438
0.81,3437
0.81,3436
0.81,3435
0.82,3434
0.82,3433
0.82,3432
0.82,3431
0.82,3430
0.83,3429
0.83,3428
0.83,3427
0.83,3426
0.83,3425
0.84,3424
0.84,3423
0.84,3422
0.84,3421
0.84,3420
0.84,3419
0.85,3418
0.85,3417
0.85,3416
0.85,3415
0.85,3414
0.86,3413
0.86,3412
0.86,3411
0.86,3410
0.86,3409
0.87,3408
0.87,3407
0.87,3406
0.87,3405
0.87,3404
0.88,3403
0.88,3402
0.88,3401
0.88,3400
0.88,3399
0.89,3398
0.89,3397
0.89,3396
0.89,3395
0.90,3394
0.90,3393
0.90,3392
0.90,3391
0.90,3390
0.91,3389
0.91,3388
0.91,3387
0.91,3386
0.91,3385
0.92,3384
0.92,3383
0.92,3382
0.92,3381
0.93,3380
0.93,3379
0.93,3378
0.93,3377
0.93,3376
0.94,3375
0.94,3374
0.94,3373
0.94,3372
0.94,3371
0.95,3370
0.95,3369
0.95,3368
0.95,3367
0.96,3366
0.96,3365
0.96,3364
0.96,3363
0.96,3362
0.97,3361
0.97,3360
0.97,3359
0.97,3358
0.97,3357
0.98,3356
0.98,3355
0.98,3354
0.98,3353
0.98,3352
0.99,3351
0.99,3350
0.99,3349
0.99,3348
1.00,3347
1.00,3346
1.00,3345
1.00,3344
1.00,3343
1.01,3342
1.01,3341
1.01,3340
1.01,3339
1.02,3338
1.02,3337
1.02,3336
1.02,3335
1.02,3334
1.03,3333
1.03,3332
1.03,3331
1.03,3330
1.03,3329
1.04,3328
1.04,3327
1.04,3326
1.04,3325
1.04,3324
1.05,3323
1.05,3322
1.05,3321
1.05,3320
1.05,3319
1.06,3318
1.06,3317
1.06,3316
1.06,3315
1.06,3314
1.07,3313
1.07,3312
1.07,3311
1.07,3310
1.07,3309
1.08,3308
1.08,3307
1.08,3306
1.08,3305
1.08,3304
1.09,3303
1.09,3302
1.09,3301
1.09,3300
1.09,3299
1.10,3298
1.10,3297
1.10,3296
1.10,3295
1.10,3294
1.10,3293
1.11,3292
1.11,3291
1.11,3290
1.11,3289
1.11,3288
1.12,3287
1.12,3286
1.12,3285
1.12,3284
1.12,3283
1.13,3282
1.13,3281
1.13,3280
1.13,3279
1.14,3278
1.14,3277
1.14,3276
1.14,3275
1.15,3274
1.15,3273
1.15,3272
1.15,3271
1.16,3270
1.16,3269
1.16,3268
1.16,3267
1.16,3266
1.17,3265
1.17,3264
1.17,3263
1.17,3262
1.18,3261
1.18,3260
1.18,3259
1.18,3258
1.19,3257
1.19,3256
1.19,3255
1.19,3254
1.20,3253
1.20,3252
1.20,3251
1.20,3250
1.21,3249
1.21,3248
1.21,3247
1.21,3246
1.22,3245
1.22,3244
1.22,3243
1.22,3242
1.23,3241
1.23,3240
1.23,3239
1.23,3238
1.23,3237
1.24,3236
1.24,3235
1.24,3234
1.25,3233
1.25,3232
1.25,3231
1.25,3230
1.25,3229
1.26,3228
1.26,3227
1.26,3226
1.26,3225
1.27,3224
1.27,3223
1.27,3222
1.27,3221
1.28,3220
1.28,3219
1.28,3218
1.28,3217
1.29,3216
1.29,3215
1.29,3214
1.29,3213
1.30,3212
1.30,3211
1.30,3210
1.30,3209
1.31,3208
1.31,3207
1.31,3206
1.31,3205
1.32,3204
1.32,3203
1.32,3202
1.32,3201
1.33,3200
1.33,3199
1.33,3198
1.33,3197
1.34,3196
1.34,3195
1.34,3194
1.34,3193
1.34,3192
1.35,3191
1.35,3190
1.35,3189
1.35,3188
1.35,3187
1.36,3186
1.36,3185
1.36,3184
1.36,3183
1.36,3182
1.37,3181
1.37,3180
1.37,3179
1.37,3178
1.37,3177
1.37,3176
1.38,3175
1.38,3174
1.38,3173
1.38,3172
1.38,3171
1.39,3170
1.39,3169
1.39,3168
1.39,3167
1.39,3166
1.40,3165
1.40,3164
1.40,3163
1.40,3162
1.40,3161
1.41,3160
1.41,3159
1.41,3158
1.41,3157
1.41,3156
1.41,3155
1.42,3154
1.42,3153
1.42,3152
1.42,3151
1.42,3150
1.43,3149
1.43,3148
1.43,3147
1.43,3146
1.43,3145
1.44,3144
1.44,3143
1.44,3142
1.44,3141
1.44,3140
1.45,3139
1.45,3138
1.45,3137
1.45,3136
1.45,3135
1.46,3134
1.46,3133
1.46,3132
1.46,3131
1.46,3130
1.46,3129
1.47,3128
1.47,3127
1.47,3126
1.47,3125
1.47,3124
1.48,3123
1.48,3122
1.48,3121
1.48,3120
1.48,3119
1.49,3118
1.49,3117
1.49,3116
1.49,3115
1.49,3114
1.50,3113
1.50,3112
1.50,3111
1.50,3110
1.50,3109
1.51,3108
1.51,3107
1.51,3106
1.51,3105
1.51,3104
1.51,3103
1.52,3102
1.52,3101
1.52,3100
1.52,3099
1.52,3098
1.53,3097
1.53,3096
1.53,3095
1.53,3094
1.53,3093
1.54,3092
1.54,3091
1.54,3090
1.54,3089
1.54,3088
1.55,3087
1.55,3086
1.55,3085
1.55,3084
1.55,3083
1.56,3082
1.56,3081
1.56,3080
1.56,3079
1.57,3078
1.57,3077
1.57,3076
1.57,3075
1.57,3074
1.58,3073
1.58,3072
1.58,3071
1.58,3070
1.58,3069
1.59,3068
1.59,3067
1.59,3066
1.59,3065
1.59,3064
1.59,3063
1.60,3062
1.60,3061
1.60,3060
1.60,3059
1.60,3058
1.61,3057
1.61,3056
1.61,3055
1.61,3054
1.61,3053
1.62,3052
1.62,3051
1.62,3050
1.62,3049
1.62,3048
1.63,3047
1.63,3046
1.63,3045
1.63,3044
1.63,3043
1.63,3042
1.64,3041
1.64,3040
1.64,3039
1.64,3038
1.64,3037
1.65,3036
1.65,3035
1.65,3034
1.65,3033
1.65,3032
1.65,3031
1.66,3030
1.66,3029
1.66,3028
1.67,3027
1.67,3026
1.67,3025
1.67,3024
1.67,3023
1.67,3022
1.68,3021
1.68,3020
1.68,3019
1.68,3018
1.68,3017
1.69,3016
1.69,3015
1.69,3014
1.69,3013
1.69,3012
1.70,3011
1.70,3010
1.70,3009
1.70,3008
1.70,3007
1.70,3006
1.71,3005
1.71,3004
1.71,3003
1.71,3002
1.71,3001
1.72,3000
1.72,2999
1.72,2998
1.72,2997
1.72,2996
1.73,2995
1.73,2994
1.73,2993
1.73,2992
1.73,2991
1.73,2990
1.74,2989
1.74,2988
1.74,2987
1.74,2986
1.74,2985
1.75,2984
1.75,2983
1.75,2982
1.75,2981
1.75,2980
1.76,2979
1.76,2978
1.76,2977
1.76,2976
1.76,2975
1.76,2974
1.77,2973
1.77,2972
1.77,2971
1.77,2970
1.77,2969
1.78,2968
1.78,2967
1.78,2966
1.78,2965
1.78,2964
1.78,2963
1.79,2962
1.79,2961
1.79,2960
1.79,2959
1.79,2958
1.80,2957
1.80,2956
1.80,2955
1.80,2954
1.80,2953
1.81,2952
1.81,2951
1.81,2950
1.81,2949
1.81,2948
1.82,2947
1.82,2946
1.82,2945
1.82,2944
1.82,2943
1.82,2942
1.83,2941
1.83,2940
1.83,2939
1.83,2938
1.83,2937
1.84,2936
1.84,2935
1.84,2934
1.84,2933
1.84,2932
1.85,2931
1.85,2930
1.85,2929
1.85,2928
1.85,2927
1.85,2926
1.86,2925
1.86,2924
1.86,2923
1.86,2922
1.86,2921
1.87,2920
1.87,2919
1.87,2918
1.87,2917
1.87,2916
1.88,2915
1.88,2914
1.88,2913
1.88,2912
1.88,2911
1.88,2910
1.89,2909
1.89,2908
1.89,2907
1.89,2906
1.89,2905
1.90,2904
1.90,2903
1.90,2902
1.90,2901
1.90,2900
1.91,2899
1.91,2898
1.91,2897
1.91,2896
1.91,2895
1.91,2894
1.92,2893
1.92,2892
1.92,2891
1.92,2890
1.92,2889
1.93,2888
1.93,2887
1.93,2886
1.93,2885
1.93,2884
1.94,2883
1.94,2882
1.94,2881
1.94,2880
1.94,2879
1.94,2878
1.95,2877
1.95,2876
1.95,2875
1.95,2874
1.95,2873
1.96,2872
1.96,2871
1.96,2870
1.96,2869
1.96,2868
1.97,2867
1.97,2866
1.97,2865
1.97,2864
1.97,2863
1.97,2862
1.98,2861
1.98,2860
1.98,2859
1.98,2858
1.98,2857
1.99,2856
1.99,2855
1.99,2854
1.99,2853
1.99,2852
1.99,2851
2.00,2850
2.00,2849
2.00,2848
2.00,2847
2.00,2846
2.01,2845
2.01,2844
2.01,2843
2.01,2842
2.01,2841
2.02,2840
2.02,2839
2.02,2838
2.02,2837
2.02,2836
2.03,2835
2.03,2834
2.03,2833
2.03,2832
2.04,2831
2.04,2830
2.04,2829
2.04,2828
2.04,2827
2.05,2826
2.05,2825
2.05,2824
2.05,2823
2.05,2822
2.06,2821
2.06,2820
2.06,2819
2.06,2818
2.07,2817
2.07,2816
2.07,2815
2.07,2814
2.07,2813
2.08,2812
2.08,2811
2.08,2810
2.08,2809
2.09,2808
2.09,2807
2.09,2806
2.09,2805
2.09,2804
2.10,2803
2.10,2802
2.10,2801
2.10,2800
2.11,2799
2.11,2798
2.11,2797
2.11,2796
2.11,2795
2.12,2794
2.12,2793
2.12,2792
2.12,2791
2.13,2790
2.13,2789
2.13,2788
2.13,2787
2.14,2786
2.14,2785
2.14,2784
2.14,2783
2.14,2782
2.15,2781
2.15,2780
2.15,2779
2.15,2778
2.16,2777
2.16,2776
2.16,2775
2.16,2774
2.16,2773
2.17,2772
2.17,2771
2.17,2770
2.17,2769
2.18,2768
2.18,2767
2.18,2766
2.18,2765
2.18,2764
2.19,2763
2.19,2762
2.19,2761
2.19,2760
2.20,2759
2.20,2758
2.20,2757
2.20,2756
2.20,2755
2.21,2754
2.21,2753
2.21,2752
2.21,2751
2.22,2750
2.22,2749
2.22,2748
2.22,2747
2.22,2746
2.23,2745
2.23,2744
2.23,2743
2.23,2742
2.24,2741
2.24,2740
2.24,2739
2.24,2738
2.24,2737
2.25,2736
2.25,2735
2.25,2734
2.25,2733
2.26,2732
2.26,2731
2.26,2730
2.26,2729
2.26,2728
2.27,2727
2.27,2726
2.27,2725
2.27,2724
2.28,2723
2.28,2722
2.28,2721
2.28,2720
2.28,2719
2.29,2718
2.29,2717
2.29,2716
2.29,2715
2.30,2714
2.30,2713
2.30,2712
2.30,2711
2.30,2710
2.31,2709
2.31,2708
2.31,2707
2.31,2706
2.31,2705
2.32,2704
2.32,2703
2.32,2702
2.32,2701
2.33,2700
2.33,2699
2.33,2698
2.33,2697
2.33,2696
2.34,2695
2.34,2694
2.34,2693
2.34,2692
2.35,2691
2.35,2690
2.35,2689
2.35,2688
2.35,2687
2.36,2686
2.36,2685
2.36,2684
2.36,2683
2.37,2682
2.37,2681
2.37,2680
2.37,2679
2.37,2678
2.38,2677
2.38,2676
2.38,2675
2.38,2674
2.39,2673
2.39,2672
2.39,2671
2.39,2670
2.39,2669
2.40,2668
2.40,2667
2.40,2666
2.40,2665
2.41,2664
2.41,2663
2.41,2662
2.41,2661
2.42,2660
2.42,2659
2.42,2658
2.43,2657
2.43,2656
2.43,2655
2.43,2654
2.43,2653
2.43,2652
2.44,2651
2.44,2650
2.44,2649
2.44,2648
2.44,2647
2.45,2646
2.45,2645
2.45,2644
2.45,2643
2.45,2642
2.45,2641
2.46,2640
2.46,2639
2.46,2638
2.46,2637
2.46,2636
2.47,2635
2.47,2634
2.47,2633
2.47,2632
2.47,2631
2.47,2630
2.48,2629
2.48,2628
2.48,2627
2.48,2626
2.48,2625
2.49,2624
2.49,2623
2.49,2622
2.49,2621
2.49,2620
2.49,2619
2.50,2618
2.50,2617
2.50,2616
2.50,2615
2.50,2614
2.51,2613
2.51,2612
2.51,2611
2.51,2610
2.51,2609
2.51,2608
2.52,2607
2.52,2606
2.52,2605
2.52,2604
2.52,2603
2.53,2602
2.53,2601
2.53,2600
2.53,2599
2.53,2598
2.54,2597
2.54,2596
2.54,2595
2.54,2594
2.54,2593
2.54,2592
2.55,2591
2.55,2590
2.55,2589
2.55,2588
2.55,2587
2.56,2586
2.56,2585
2.56,2584
2.56,2583
2.56,2582
2.56,2581
2.57,2580
2.57,2579
2.57,2578
2.57,2577
2.57,2576
2.57,2575
2.58,2574
2.58,2573
2.58,2572
2.58,2571
2.58,2570
2.59,2569
2.59,2568
2.59,2567
2.59,2566
2.59,2565
2.59,2564
2.60,2563
2.60,2562
2.60,2561
2.60,2560
2.60,2559
2.61,2558
2.61,2557
2.61,2556
2.61,2555
2.61,2554
2.61,2553
2.62,2552
2.62,2551
2.62,2550
2.62,2549
2.62,2548
2.63,2547
2.63,2546
2.63,2545
2.63,2544
2.63,2543
2.63,2542
2.64,2541
2.64,2540
2.64,2539
2.64,2538
2.64,2537
2.65,2536
2.65,2535
2.65,2534
2.65,2533
2.65,2532
2.65,2531
2.66,2530
2.66,2529
2.66,2528
2.66,2527
2.66,2526
2.67,2525
2.67,2524
2.67,2523
2.67,2522
2.67,2521
2.68,2520
2.68,2519
2.68,2518
2.68,2517
2.68,2516
2.68,2515
2.69,2514
2.69,2513
2.69,2512
2.69,2511
2.69,2510
2.70,2509
2.70,2508
2.70,2507
2.70,2506
2.70,2505
2.70,2504
2.71,2503
2.71,2502
2.71,2501
2.71,2500
2.71,2499
2.71,2498
2.72,2497
2.72,2496
2.72,2495
2.72,2494
2.72,2493
2.73,2492
2.73,2491
2.73,2490
2.73,2489
2.73,2488
2.73,2487
2.74,2486
2.74,2485
2.74,2484
2.74,2483
2.74,2482
2.75,2481
2.75,2480
2.75,2479
2.75,2478
2.75,2477
2.75,2476
2.76,2475
2.76,2474
2.76,2473
2.76,2472
2.76,2471
2.76,2470
2.77,2469
2.77,2468
2.77,2467
2.77,2466
2.77,2465
2.78,2464
2.78,2463
2.78,2462
2.78,2461
2.78,2460
2.78,2459
2.79,2458
2.79,2457
2.79,2456
2.79,2455
2.79,2454
2.80,2453
2.80,2452
2.80,2451
2.80,2450
2.80,2449
2.80,2448
2.81,2447
2.81,2446
2.81,2445
2.81,2444
2.81,2443
2.82,2442
2.82,2441
2.82,2440
2.82,2439
2.82,2438
2.82,2437
2.83,2436
2.83,2435
2.83,2434
2.83,2433
2.83,2432
2.84,2431
2.84,2430
2.84,2429
2.84,2428
2.84,2427
2.84,2426
2.85,2425
2.85,2424
2.85,2423
2.85,2422
2.85,2421
2.85,2420
2.86,2419
2.86,2418
2.86,2417
2.86,2416
2.86,2415
2.87,2414
2.87,2413
2.87,2412
2.87,2411
2.87,2410
2.87,2409
2.88,2408
2.88,2407
2.88,2406
2.88,2405
2.88,2404
2.89,2403
2.89,2402
2.89,2401
2.89,2400
2.89,2399
2.89,2398
2.90,2397
2.90,2396
2.90,2395
2.90,2394
2.90,2393
2.90,2392
2.91,2391
2.91,2390
2.91,2389
2.91,2388
2.91,2387
2.92,2386
2.92,2385
2.92,2384
2.93,2383
