0.10,3672
0.17,3671
0.18,3670
0.19,3669
0.19,3668
0.20,3667
0.21,3666
0.22,3665
0.23,3664
0.23,3663
0.24,3662
0.24,3661
0.25,3660
0.26,3659
0.26,3658
0.27,3657
0.28,3656
0.28,3655
0.29,3654
0.30,3653
0.30,3652
0.31,3651
0.31,3650
0.32,3649
0.33,3648
0.33,3647
0.34,3646
0.34,3645
0.35,3644
0.36,3643
0.36,3642
0.37,3641
0.37,3640
0.38,3639
0.38,3638
0.38,3637
0.39,3636
0.39,3635
0.40,3634
0.40,3633
0.41,3632
0.41,3631
0.41,3630
0.42,3629
0.42,3628
0.43,3627
0.43,3626
0.43,3625
0.43,3624
0.44,3623
0.44,3622
0.44,3621
0.44,3620
0.45,3619
0.45,3618
0.45,3617
0.45,3616
0.46,3615
0.46,3614
0.46,3613
0.46,3612
0.47,3611
0.47,3610
0.47,3609
0.47,3608
0.47,3607
0.48,3606
0.48,3605
0.48,3604
0.48,3603
0.49,3602
0.49,3601
0.49,3600
0.49,3599
0.50,3598
0.50,3597
0.50,3596
0.50,3595
0.51,3594
0.51,3593
0.51,3592
0.51,3591
0.51,3590
0.52,3589
0.52,3588
0.52,3587
0.52,3586
0.53,3585
0.53,3584
0.53,3583
0.53,3582
0.54,3581
0.54,3580
0.54,3579
0.54,3578
0.55,3577
0.55,3576
0.55,3575
0.55,3574
0.55,3573
0.56,3572
0.56,3571
0.56,3570
0.56,3569
0.57,3568
0.57,3567
0.57,3566
0.57,3565
0.58,3564
0.58,3563
0.58,3562
0.58,3561
0.58,3560
0.59,3559
0.59,3558
0.59,3557
0.59,3556
0.60,3555
0.60,3554
0.60,3553
0.60,3552
0.61,3551
0.61,3550
0.61,3549
0.61,3548
0.62,3547
0.62,3546
0.62,3545
0.63,3544
0.63,3543
0.63,3542
0.63,3541
0.63,3540
0.64,3539
0.64,3538
0.64,3537
0.64,3536
0.65,3535
0.65,3534
0.65,3533
0.65,3532
0.65,3531
0.66,3530
0.66,3529
0.66,3528
0.66,3527
0.66,3526
0.67,3525
0.67,3524
0.67,3523
0.67,3522
0.68,3521
0.68,3520
0.68,3519
0.68,3518
0.68,3517
0.69,3516
0.69,3515
0.69,3514
0.69,3513
0.70,3512
0.70,3511
0.70,3510
0.70,3509
0.70,3508
0.71,3507
0.71,3506
0.71,3505
0.71,3504
0.71,3503
0.72,3502
0.72,3501
0.72,3500
0.72,3499
0.72,3498
0.73,3497
0.73,3496
0.73,3495
0.73,3494
0.74,3493
0.74,3492
0.74,3491
0.74,3490
0.74,3489
0.75,3488
0.75,3487
0.75,3486
0.75,3485
0.76,3484
0.76,3483
0.76,3482
0.76,3481
0.76,3480
0.77,3479
0.77,3478
0.77,3477
0.77,3476
0.77,3475
0.78,3474
0.78,3473
0.78,3472
0.78,3471
0.79,3470
0.79,3469
0.79,3468
0.79,3467
0.80,3466
0.80,3465
0.80,3464
0.80,3463
0.80,3462
0.81,3461
0.81,3460
0.81,3459
0.82,3458
0.82,3457
0.82,3456
0.82,3455
0.83,3454
0.83,3453
0.83,3452
0.83,3451
0.83,3450
0.84,3449
0.84,3448
0.84,3447
0.84,3446
0.85,3445
0.85,3444
0.85,3443
0.85,3442
0.85,3441
0.86,3440
0.86,3439
0.86,3438
0.86,3437
0.87,3436
0.87,3435
0.87,3434
0.87,3433
0.87,3432
0.88,3431
0.88,3430
0.88,3429
0.88,3428
0.89,3427
0.89,3426
0.89,3425
0.89,3424
0.89,3423
0.90,3422
0.90,3421
0.90,3420
0.90,3419
0.91,3418
0.91,3417
0.91,3416
0.91,3415
0.92,3414
0.92,3413
0.92,3412
0.92,3411
0.92,3410
0.93,3409
0.93,3408
0.93,3407
0.93,3406
0.94,3405
0.94,3404
0.94,3403
0.94,3402
0.94,3401
0.95,3400
0.95,3399
0.95,3398
0.95,3397
0.96,3396
0.96,3395
0.96,3394
0.96,3393
0.96,3392
0.97,3391
0.97,3390
0.97,3389
0.97,3388
0.98,3387
0.98,3386
0.98,3385
0.98,3384
0.99,3383
0.99,3382
0.99,3381
0.99,3380
0.99,3379
1.00,3378
1.00,3377
1.00,3376
1.01,3375
1.01,3374
1.01,3373
1.01,3372
1.01,3371
1.02,3370
1.02,3369
1.02,3368
1.02,3367
1.03,3366
1.03,3365
1.03,3364
1.03,3363
1.04,3362
1.04,3361
1.04,3360
1.04,3359
1.04,3358
1.05,3357
1.05,3356
1.05,3355
1.05,3354
1.06,3353
1.06,3352
1.06,3351
1.06,3350
1.06,3349
1.07,3348
1.07,3347
1.07,3346
1.07,3345
1.07,3344
1.08,3343
1.08,3342
1.08,3341
1.08,3340
1.09,3339
1.09,3338
1.09,3337
1.09,3336
1.09,3335
1.10,3334
1.10,3333
1.10,3332
1.10,3331
1.11,3330
1.11,3329
1.11,3328
1.11,3327
1.11,3326
1.12,3325
1.12,3324
1.12,3323
1.12,3322
1.12,3321
1.13,3320
1.13,3319
1.13,3318
1.13,3317
1.14,3316
1.14,3315
1.14,3314
1.14,3313
1.14,3312
1.15,3311
1.15,3310
1.15,3309
1.15,3308
1.15,3307
1.16,3306
1.16,3305
1.16,3304
1.16,3303
1.17,3302
1.17,3301
1.17,3300
1.17,3299
1.17,3298
1.18,3297
1.18,3296
1.18,3295
1.18,3294
1.18,3293
1.19,3292
1.19,3291
1.19,3290
1.19,3289
1.20,3288
1.20,3287
1.20,3286
1.20,3285
1.21,3284
1.21,3283
1.21,3282
1.21,3281
1.22,3280
1.22,3279
1.22,3278
1.22,3277
1.23,3276
1.23,3275
1.23,3274
1.23,3273
1.24,3272
1.24,3271
1.24,3270
1.25,3269
1.25,3268
1.25,3267
1.25,3266
1.26,3265
1.26,3264
1.26,3263
1.26,3262
1.27,3261
1.27,3260
1.27,3259
1.27,3258
1.28,3257
1.28,3256
1.28,3255
1.28,3254
1.29,3253
1.29,3252
1.29,3251
1.30,3250
1.30,3249
1.30,3248
1.30,3247
1.31,3246
1.31,3245
1.31,3244
1.31,3243
1.32,3242
1.32,3241
1.32,3240
1.32,3239
1.33,3238
1.33,3237
1.33,3236
1.33,3235
1.34,3234
1.34,3233
1.34,3232
1.35,3231
1.35,3230
1.35,3229
1.35,3228
1.36,3227
1.36,3226
1.36,3225
1.36,3224
1.37,3223
1.37,3222
1.37,3221
1.37,3220
1.38,3219
1.38,3218
1.38,3217
1.38,3216
1.39,3215
1.39,3214
1.39,3213
1.39,3212
1.40,3211
1.40,3210
1.41,3209
1.41,3208
1.41,3207
1.41,3206
1.41,3205
1.42,3204
1.42,3203
1.42,3202
1.42,3201
1.42,3200
1.43,3199
1.43,3198
1.43,3197
1.43,3196
1.44,3195
1.44,3194
1.44,3193
1.44,3192
1.44,3191
1.45,3190
1.45,3189
1.45,3188
1.45,3187
1.45,3186
1.46,3185
1.46,3184
1.46,3183
1.46,3182
1.46,3181
1.47,3180
1.47,3179
1.47,3178
1.47,3177
1.48,3176
1.48,3175
1.48,3174
1.48,3173
1.49,3172
1.49,3171
1.49,3170
1.49,3169
1.49,3168
1.50,3167
1.50,3166
1.50,3165
1.50,3164
1.50,3163
1.51,3162
1.51,3161
1.51,3160
1.51,3159
1.51,3158
1.52,3157
1.52,3156
1.52,3155
1.52,3154
1.53,3153
1.53,3152
1.53,3151
1.53,3150
1.53,3149
1.54,3148
1.54,3147
1.54,3146
1.54,3145
1.54,3144
1.55,3143
1.55,3142
1.55,3141
1.55,3140
1.56,3139
1.56,3138
1.56,3137
1.56,3136
1.56,3135
1.57,3134
1.57,3133
1.57,3132
1.57,3131
1.57,3130
1.58,3129
1.58,3128
1.58,3127
1.58,3126
1.59,3125
1.59,3124
1.59,3123
1.59,3122
1.59,3121
1.60,3120
1.60,3119
1.60,3118
1.60,3117
1.60,3116
1.61,3115
1.61,3114
1.61,3113
1.61,3112
1.61,3111
1.62,3110
1.62,3109
1.62,3108
1.62,3107
1.62,3106
1.63,3105
1.63,3104
1.63,3103
1.63,3102
1.64,3101
1.64,3100
1.64,3099
1.64,3098
1.64,3097
1.65,3096
1.65,3095
1.65,3094
1.65,3093
1.66,3092
1.66,3091
1.66,3090
1.66,3089
1.66,3088
1.67,3087
1.67,3086
1.67,3085
1.67,3084
1.67,3083
1.68,3082
1.68,3081
1.68,3080
1.68,3079
1.69,3078
1.69,3077
1.69,3076
1.69,3075
1.69,3074
1.70,3073
1.70,3072
1.70,3071
1.70,3070
1.70,3069
1.71,3068
1.71,3067
1.71,3066
1.71,3065
1.71,3064
1.72,3063
1.72,3062
1.72,3061
1.72,3060
1.72,3059
1.73,3058
1.73,3057
1.73,3056
1.73,3055
1.74,3054
1.74,3053
1.74,3052
1.74,3051
1.74,3050
1.74,3049
1.75,3048
1.75,3047
1.75,3046
1.76,3045
1.76,3044
1.76,3043
1.76,3042
1.76,3041
1.77,3040
1.77,3039
1.77,3038
1.77,3037
1.78,3036
1.78,3035
1.78,3034
1.78,3033
1.78,3032
1.79,3031
1.79,3030
1.79,3029
1.79,3028
1.79,3027
1.80,3026
1.80,3025
1.80,3024
1.80,3023
1.80,3022
1.81,3021
1.81,3020
1.81,3019
1.81,3018
1.82,3017
1.82,3016
1.82,3015
1.82,3014
1.82,3013
1.83,3012
1.83,3011
1.83,3010
1.83,3009
1.83,3008
1.84,3007
1.84,3006
1.84,3005
1.84,3004
1.84,3003
1.85,3002
1.85,3001
1.85,3000
1.85,2999
1.85,2998
1.86,2997
1.86,2996
1.86,2995
1.86,2994
1.86,2993
1.87,2992
1.87,2991
1.87,2990
1.87,2989
1.87,2988
1.88,2987
1.88,2986
1.88,2985
1.88,2984
1.88,2983
1.89,2982
1.89,2981
1.89,2980
1.89,2979
1.89,2978
1.90,2977
1.90,2976
1.90,2975
1.90,2974
1.90,2973
1.91,2972
1.91,2971
1.91,2970
1.91,2969
1.91,2968
1.92,2967
1.92,2966
1.92,2965
1.92,2964
1.92,2963
1.93,2962
1.93,2961
1.93,2960
1.93,2959
1.93,2958
1.94,2957
1.94,2956
1.94,2955
1.94,2954
1.94,2953
1.95,2952
1.95,2951
1.95,2950
1.95,2949
1.95,2948
1.96,2947
1.96,2946
1.96,2945
1.96,2944
1.96,2943
1.97,2942
1.97,2941
1.97,2940
1.97,2939
1.97,2938
1.98,2937
1.98,2936
1.98,2935
1.98,2934
1.98,2933
1.99,2932
1.99,2931
1.99,2930
1.99,2929
1.99,2928
2.00,2927
2.00,2926
2.00,2925
2.00,2924
2.00,2923
2.01,2922
2.01,2921
2.01,2920
2.01,2919
2.01,2918
2.02,2917
2.02,2916
2.02,2915
2.02,2914
2.02,2913
2.03,2912
2.03,2911
2.03,2910
2.03,2909
2.03,2908
2.04,2907
2.04,2906
2.04,2905
2.04,2904
2.04,2903
2.05,2902
2.05,2901
2.05,2900
2.05,2899
2.05,2898
2.06,2897
2.06,2896
2.06,2895
2.06,2894
2.06,2893
2.07,2892
2.07,2891
2.07,2890
2.07,2889
2.07,2888
2.08,2887
2.08,2886
2.08,2885
2.08,2884
2.08,2883
2.09,2882
2.09,2881
2.09,2880
2.09,2879
2.09,2878
2.10,2877
2.10,2876
2.10,2875
2.10,2874
2.10,2873
2.11,2872
2.11,2871
2.11,2870
2.11,2869
2.11,2868
2.12,2867
2.12,2866
2.12,2865
2.12,2864
2.12,2863
2.13,2862
2.13,2861
2.13,2860
2.14,2859
2.14,2858
2.14,2857
2.14,2856
2.14,2855
2.15,2854
2.15,2853
2.15,2852
2.15,2851
2.16,2850
2.16,2849
2.16,2848
2.16,2847
2.16,2846
2.17,2845
2.17,2844
2.17,2843
2.17,2842
2.17,2841
2.18,2840
2.18,2839
2.18,2838
2.18,2837
2.18,2836
2.19,2835
2.19,2834
2.19,2833
2.19,2832
2.19,2831
2.20,2830
2.20,2829
2.20,2828
2.20,2827
2.20,2826
2.21,2825
2.21,2824
2.21,2823
2.21,2822
2.21,2821
2.22,2820
2.22,2819
2.22,2818
2.22,2817
2.23,2816
2.23,2815
2.23,2814
2.23,2813
2.23,2812
2.24,2811
2.24,2810
2.24,2809
2.24,2808
2.24,2807
2.25,2806
2.25,2805
2.25,2804
2.25,2803
2.25,2802
2.26,2801
2.26,2800
2.26,2799
2.26,2798
2.26,2797
2.27,2796
2.27,2795
2.27,2794
2.27,2793
2.27,2792
2.28,2791
2.28,2790
2.28,2789
2.28,2788
2.28,2787
2.29,2786
2.29,2785
2.29,2784
2.29,2783
2.29,2782
2.30,2781
2.30,2780
2.30,2779
2.30,2778
2.30,2777
2.31,2776
2.31,2775
2.31,2774
2.31,2773
2.32,2772
2.32,2771
2.32,2770
2.32,2769
2.32,2768
2.33,2767
2.33,2766
2.33,2765
2.33,2764
2.33,2763
2.34,2762
2.34,2761
2.34,2760
2.34,2759
2.34,2758
2.35,2757
2.35,2756
2.35,2755
2.35,2754
2.35,2753
2.36,2752
2.36,2751
2.36,2750
2.36,2749
2.36,2748
2.37,2747
2.37,2746
2.37,2745
2.37,2744
2.38,2743
2.38,2742
2.38,2741
2.38,2740
2.38,2739
2.39,2738
2.39,2737
2.39,2736
2.39,2735
2.39,2734
2.40,2733
2.40,2732
2.40,2731
2.40,2730
2.41,2729
2.41,2728
2.41,2727
2.41,2726
2.41,2725
2.42,2724
2.42,2723
2.42,2722
2.42,2721
2.42,2720
2.43,2719
2.43,2718
2.43,2717
2.43,2716
2.44,2715
2.44,2714
2.44,2713
2.44,2712
2.44,2711
2.45,2710
2.45,2709
2.45,2708
2.45,2707
2.45,2706
2.46,2705
2.46,2704
2.46,2703
2.46,2702
2.46,2701
2.46,2700
2.47,2699
2.47,2698
2.47,2697
2.47,2696
2.48,2695
2.48,2694
2.48,2693
2.48,2692
2.48,2691
2.49,2690
2.49,2689
2.49,2688
2.49,2687
2.49,2686
2.50,2685
2.50,2684
2.50,2683
2.50,2682
2.51,2681
2.51,2680
2.51,2679
2.51,2678
2.51,2677
2.52,2676
2.52,2675
2.52,2674
2.52,2673
2.52,2672
2.53,2671
2.53,2670
2.53,2669
2.53,2668
2.53,2667
2.54,2666
2.54,2665
2.54,2664
2.54,2663
2.54,2662
2.55,2661
2.55,2660
2.55,2659
2.55,2658
2.55,2657
2.56,2656
2.56,2655
2.56,2654
2.56,2653
2.56,2652
2.57,2651
2.57,2650
2.57,2649
2.57,2648
2.57,2647
2.58,2646
2.58,2645
2.58,2644
2.58,2643
2.58,2642
2.59,2641
2.59,2640
2.59,2639
2.59,2638
2.59,2637
2.60,2636
2.60,2635
2.60,2634
2.60,2633
2.60,2632
2.61,2631
2.61,2630
2.61,2629
2.61,2628
2.61,2627
2.62,2626
2.62,2625
2.62,2624
2.62,2623
2.63,2622
2.63,2621
2.63,2620
2.63,2619
2.63,2618
2.64,2617
2.64,2616
2.64,2615
2.64,2614
2.64,2613
2.65,2612
2.65,2611
2.65,2610
2.65,2609
2.65,2608
2.66,2607
2.66,2606
2.66,2605
2.66,2604
2.66,2603
2.67,2602
2.67,2601
2.67,2600
2.67,2599
2.67,2598
2.68,2597
2.68,2596
2.68,2595
2.68,2594
2.68,2593
2.69,2592
2.69,2591
2.69,2590
2.69,2589
2.69,2588
2.70,2587
2.70,2586
2.70,2585
2.70,2584
2.70,2583
2.71,2582
2.71,2581
2.71,2580
2.71,2579
2.71,2578
2.72,2577
2.72,2576
2.72,2575
2.72,2574
2.72,2573
2.73,2572
2.73,2571
2.73,2570
2.73,2569
2.73,2568
2.74,2567
2.74,2566
2.74,2565
2.74,2564
2.74,2563
2.75,2562
2.75,2561
2.75,2560
2.75,2559
2.75,2558
2.76,2557
2.76,2556
2.76,2555
2.76,2554
2.76,2553
2.77,2552
2.77,2551
2.77,2550
2.77,2549
2.77,2548
2.78,2547
2.78,2546
2.78,2545
2.78,2544
2.78,2543
2.79,2542
2.79,2541
2.79,2540
2.79,2539
2.79,2538
2.80,2537
2.80,2536
2.80,2535
2.80,2534
2.80,2533
2.81,2532
2.81,2531
2.81,2530
2.81,2529
2.81,2528
2.82,2527
2.82,2526
2.82,2525
2.82,2524
2.82,2523
2.83,2522
2.83,2521
2.83,2520
2.83,2519
2.83,2518
2.84,2517
2.84,2516
2.84,2515
2.84,2514
2.84,2513
2.85,2512
2.85,2511
2.85,2510
2.85,2509
2.85,2508
2.86,2507
2.86,2506
2.86,2505
2.86,2504
2.86,2503
2.87,2502
2.87,2501
2.87,2500
2.87,2499
2.88,2498
2.88,2497
2.88,2496
2.88,2495
2.88,2494
2.89,2493
2.89,2492
2.89,2491
2.89,2490
2.89,2489
2.90,2488
2.90,2487
2.90,2486
2.90,2485
2.90,2484
2.91,2483
2.91,2482
2.91,2481
2.91,2480
2.91,2479
2.92,2478
2.92,2477
2.92,2476
2.92,2475
2.92,2474
2.93,2473
2.93,2472
2.93,2471
2.93,2470
2.93,2469
2.94,2468
2.94,2467
2.94,2466
2.94,2465
2.94,2464
2.95,2463
2.95,2462
2.95,2461
2.95,2460
2.95,2459
2.96,2458
2.96,2457
2.96,2456
2.96,2455
2.96,2454
2.96,2453
2.97,2452
2.97,2451
2.97,2450
2.97,2449
2.97,2448
2.98,2447
2.98,2446
2.98,2445
2.98,2444
2.98,2443
2.99,2442
2.99,2441
2.99,2440
2.99,2439
2.99,2438
3.00,2437
3.00,2436
3.00,2435
3.00,2434
3.00,2433
3.01,2432
3.01,2431
3.01,2430
3.01,2429
3.01,2428
3.02,2427
3.02,2426
3.02,2425
3.02,2424
3.02,2423
3.03,2422
3.03,2421
3.03,2420
3.03,2419
3.03,2418
3.04,2417
3.04,2416
3.04,2415
3.04,2414
3.04,2413
3.04,2412
3.05,2411
3.05,2410
3.05,2409
3.05,2408
3.05,2407
3.06,2406
3.06,2405
3.06,2404
3.06,2403
3.06,2402
3.07,2401
3.07,2400
3.07,2399
3.07,2398
3.07,2397
3.08,2396
3.08,2395
3.08,2394
3.08,2393
3.08,2392
3.09,2391
3.09,2390
3.09,2389
3.09,2388
3.09,2387
3.10,2386
3.10,2385
