0.10,3618
0.17,3617
0.18,3616
0.19,3615
0.20,3614
0.21,3613
0.21,3612
0.22,3611
0.23,3610
0.23,3609
0.24,3608
0.24,3607
0.25,3606
0.25,3605
0.26,3604
0.27,3603
0.27,3602
0.28,3601
0.29,3600
0.29,3599
0.30,3598
0.30,3597
0.31,3596
0.31,3595
0.32,3594
0.33,3593
0.33,3592
0.34,3591
0.34,3590
0.35,3589
0.35,3588
0.36,3587
0.36,3586
0.37,3585
0.37,3584
0.38,3583
0.38,3582
0.38,3581
0.39,3580
0.39,3579
0.40,3578
0.40,3577
0.41,3576
0.41,3575
0.41,3574
0.42,3573
0.43,3572
0.43,3571
0.43,3570
0.43,3569
0.44,3568
0.44,3567
0.44,3566
0.44,3565
0.45,3564
0.45,3563
0.45,3562
0.45,3561
0.45,3560
0.46,3559
0.46,3558
0.46,3557
0.46,3556
0.47,3555
0.47,3554
0.47,3553
0.47,3552
0.48,3551
0.48,3550
0.48,3549
0.48,3548
0.48,3547
0.49,3546
0.49,3545
0.49,3544
0.49,3543
0.50,3542
0.50,3541
0.50,3540
0.50,3539
0.50,3538
0.51,3537
0.51,3536
0.51,3535
0.51,3534
0.52,3533
0.52,3532
0.52,3531
0.52,3530
0.52,3529
0.53,3528
0.53,3527
0.53,3526
0.53,3525
0.54,3524
0.54,3523
0.54,3522
0.54,3521
0.54,3520
0.55,3519
0.55,3518
0.55,3517
0.55,3516
0.56,3515
0.56,3514
0.56,3513
0.56,3512
0.56,3511
0.57,3510
0.57,3509
0.57,3508
0.57,3507
0.58,3506
0.58,3505
0.58,3504
0.58,3503
0.59,3502
0.59,3501
0.59,3500
0.59,3499
0.60,3498
0.60,3497
0.60,3496
0.60,3495
0.61,3494
0.61,3493
0.61,3492
0.61,3491
0.62,3490
0.62,3489
0.63,3488
0.63,3487
0.63,3486
0.63,3485
0.64,3484
0.64,3483
0.64,3482
0.64,3481
0.64,3480
0.65,3479
0.65,3478
0.65,3477
0.65,3476
0.65,3475
0.66,3474
0.66,3473
0.66,3472
0.66,3471
0.67,3470
0.67,3469
0.67,3468
0.67,3467
0.67,3466
0.68,3465
0.68,3464
0.68,3463
0.68,3462
0.68,3461
0.69,3460
0.69,3459
0.69,3458
0.69,3457
0.70,3456
0.70,3455
0.70,3454
0.70,3453
0.70,3452
0.71,3451
0.71,3450
0.71,3449
0.71,3448
0.72,3447
0.72,3446
0.72,3445
0.72,3444
0.72,3443
0.73,3442
0.73,3441
0.73,3440
0.73,3439
0.74,3438
0.74,3437
0.74,3436
0.74,3435
0.74,3434
0.75,3433
0.75,3432
0.75,3431
0.75,3430
0.76,3429
0.76,3428
0.76,3427
0.76,3426
0.76,3425
0.77,3424
0.77,3423
0.77,3422
0.77,3421
0.78,3420
0.78,3419
0.78,3418
0.78,3417
0.78,3416
0.79,3415
0.79,3414
0.79,3413
0.79,3412
0.80,3411
0.80,3410
0.80,3409
0.80,3408
0.80,3407
0.81,3406
0.81,3405
0.81,3404
0.82,3403
0.82,3402
0.82,3401
0.82,3400
0.83,3399
0.83,3398
0.83,3397
0.83,3396
0.83,3395
0.84,3394
0.84,3393
0.84,3392
0.84,3391
0.85,3390
0.85,3389
0.85,3388
0.85,3387
0.85,3386
0.86,3385
0.86,3384
0.86,3383
0.86,3382
0.86,3381
0.87,3380
0.87,3379
0.87,3378
0.87,3377
0.88,3376
0.88,3375
0.88,3374
0.88,3373
0.88,3372
0.89,3371
0.89,3370
0.89,3369
0.89,3368
0.90,3367
0.90,3366
0.90,3365
0.90,3364
0.90,3363
0.91,3362
0.91,3361
0.91,3360
0.91,3359
0.92,3358
0.92,3357
0.92,3356
0.92,3355
0.92,3354
0.93,3353
0.93,3352
0.93,3351
0.93,3350
0.93,3349
0.94,3348
0.94,3347
0.94,3346
0.94,3345
0.95,3344
0.95,3343
0.95,3342
0.95,3341
0.95,3340
0.96,3339
0.96,3338
0.96,3337
0.96,3336
0.97,3335
0.97,3334
0.97,3333
0.97,3332
0.98,3331
0.98,3330
0.98,3329
0.98,3328
0.98,3327
0.99,3326
0.99,3325
0.99,3324
0.99,3323
0.99,3322
1.00,3321
1.00,3320
1.00,3319
1.01,3318
1.01,3317
1.01,3316
1.01,3315
1.01,3314
1.02,3313
1.02,3312
1.02,3311
1.02,3310
1.03,3309
1.03,3308
1.03,3307
1.03,3306
1.03,3305
1.04,3304
1.04,3303
1.04,3302
1.04,3301
1.05,3300
1.05,3299
1.05,3298
1.05,3297
1.05,3296
1.06,3295
1.06,3294
1.06,3293
1.06,3292
1.06,3291
1.07,3290
1.07,3289
1.07,3288
1.07,3287
1.08,3286
1.08,3285
1.08,3284
1.08,3283
1.08,3282
1.09,3281
1.09,3280
1.09,3279
1.09,3278
1.10,3277
1.10,3276
1.10,3275
1.10,3274
1.10,3273
1.11,3272
1.11,3271
1.11,3270
1.11,3269
1.12,3268
1.12,3267
1.12,3266
1.12,3265
1.12,3264
1.13,3263
1.13,3262
1.13,3261
1.13,3260
1.14,3259
1.14,3258
1.14,3257
1.14,3256
1.14,3255
1.15,3254
1.15,3253
1.15,3252
1.15,3251
1.16,3250
1.16,3249
1.16,3248
1.16,3247
1.16,3246
1.17,3245
1.17,3244
1.17,3243
1.17,3242
1.17,3241
1.18,3240
1.18,3239
1.18,3238
1.18,3237
1.18,3236
1.19,3235
1.19,3234
1.19,3233
1.19,3232
1.20,3231
1.20,3230
1.20,3229
1.20,3228
1.21,3227
1.21,3226
1.21,3225
1.21,3224
1.22,3223
1.22,3222
1.22,3221
1.22,3220
1.23,3219
1.23,3218
1.23,3217
1.23,3216
1.24,3215
1.24,3214
1.24,3213
1.24,3212
1.25,3211
1.25,3210
1.25,3209
1.25,3208
1.26,3207
1.26,3206
1.26,3205
1.26,3204
1.27,3203
1.27,3202
1.27,3201
1.27,3200
1.28,3199
1.28,3198
1.28,3197
1.28,3196
1.29,3195
1.29,3194
1.29,3193
1.30,3192
1.30,3191
1.30,3190
1.30,3189
1.31,3188
1.31,3187
1.31,3186
1.31,3185
1.32,3184
1.32,3183
1.32,3182
1.32,3181
1.33,3180
1.33,3179
1.33,3178
1.33,3177
1.34,3176
1.34,3175
1.34,3174
1.34,3173
1.35,3172
1.35,3171
1.35,3170
1.35,3169
1.36,3168
1.36,3167
1.36,3166
1.36,3165
1.37,3164
1.37,3163
1.37,3162
1.37,3161
1.38,3160
1.38,3159
1.38,3158
1.38,3157
1.39,3156
1.39,3155
1.39,3154
1.39,3153
1.40,3152
1.40,3151
1.40,3150
1.41,3149
1.41,3148
1.41,3147
1.41,3146
1.41,3145
1.42,3144
1.42,3143
1.42,3142
1.42,3141
1.43,3140
1.43,3139
1.43,3138
1.43,3137
1.43,3136
1.44,3135
1.44,3134
1.44,3133
1.44,3132
1.44,3131
1.45,3130
1.45,3129
1.45,3128
1.45,3127
1.45,3126
1.46,3125
1.46,3124
1.46,3123
1.46,3122
1.47,3121
1.47,3120
1.47,3119
1.47,3118
1.47,3117
1.48,3116
1.48,3115
1.48,3114
1.48,3113
1.48,3112
1.49,3111
1.49,3110
1.49,3109
1.49,3108
1.49,3107
1.50,3106
1.50,3105
1.50,3104
1.50,3103
1.51,3102
1.51,3101
1.51,3100
1.51,3099
1.51,3098
1.52,3097
1.52,3096
1.52,3095
1.52,3094
1.52,3093
1.53,3092
1.53,3091
1.53,3090
1.53,3089
1.54,3088
1.54,3087
1.54,3086
1.54,3085
1.54,3084
1.55,3083
1.55,3082
1.55,3081
1.55,3080
1.55,3079
1.56,3078
1.56,3077
1.56,3076
1.56,3075
1.56,3074
1.57,3073
1.57,3072
1.57,3071
1.57,3070
1.58,3069
1.58,3068
1.58,3067
1.58,3066
1.58,3065
1.59,3064
1.59,3063
1.59,3062
1.59,3061
1.59,3060
1.60,3059
1.60,3058
1.60,3057
1.60,3056
1.60,3055
1.61,3054
1.61,3053
1.61,3052
1.61,3051
1.61,3050
1.62,3049
1.62,3048
1.62,3047
1.62,3046
1.63,3045
1.63,3044
1.63,3043
1.63,3042
1.63,3041
1.64,3040
1.64,3039
1.64,3038
1.64,3037
1.64,3036
1.65,3035
1.65,3034
1.65,3033
1.65,3032
1.65,3031
1.66,3030
1.66,3029
1.66,3028
1.66,3027
1.66,3026
1.67,3025
1.67,3024
1.67,3023
1.67,3022
1.68,3021
1.68,3020
1.68,3019
1.68,3018
1.68,3017
1.69,3016
1.69,3015
1.69,3014
1.69,3013
1.69,3012
1.70,3011
1.70,3010
1.70,3009
1.70,3008
1.70,3007
1.71,3006
1.71,3005
1.71,3004
1.71,3003
1.72,3002
1.72,3001
1.72,3000
1.72,2999
1.72,2998
1.73,2997
1.73,2996
1.73,2995
1.73,2994
1.73,2993
1.74,2992
1.74,2991
1.74,2990
1.74,2989
1.74,2988
1.75,2987
1.75,2986
1.75,2985
1.75,2984
1.75,2983
1.76,2982
1.76,2981
1.76,2980
1.76,2979
1.76,2978
1.77,2977
1.77,2976
1.77,2975
1.78,2974
1.78,2973
1.78,2972
1.78,2971
1.78,2970
1.79,2969
1.79,2968
1.79,2967
1.79,2966
1.79,2965
1.80,2964
1.80,2963
1.80,2962
1.80,2961
1.80,2960
1.81,2959
1.81,2958
1.81,2957
1.81,2956
1.81,2955
1.82,2954
1.82,2953
1.82,2952
1.82,2951
1.82,2950
1.83,2949
1.83,2948
1.83,2947
1.83,2946
1.83,2945
1.84,2944
1.84,2943
1.84,2942
1.84,2941
1.84,2940
1.85,2939
1.85,2938
1.85,2937
1.85,2936
1.85,2935
1.86,2934
1.86,2933
1.86,2932
1.86,2931
1.86,2930
1.87,2929
1.87,2928
1.87,2927
1.87,2926
1.87,2925
1.88,2924
1.88,2923
1.88,2922
1.88,2921
1.88,2920
1.89,2919
1.89,2918
1.89,2917
1.89,2916
1.89,2915
1.90,2914
1.90,2913
1.90,2912
1.90,2911
1.90,2910
1.91,2909
1.91,2908
1.91,2907
1.91,2906
1.91,2905
1.92,2904
1.92,2903
1.92,2902
1.92,2901
1.92,2900
1.93,2899
1.93,2898
1.93,2897
1.93,2896
1.93,2895
1.94,2894
1.94,2893
1.94,2892
1.94,2891
1.94,2890
1.95,2889
1.95,2888
1.95,2887
1.95,2886
1.95,2885
1.96,2884
1.96,2883
1.96,2882
1.96,2881
1.96,2880
1.97,2879
1.97,2878
1.97,2877
1.97,2876
1.98,2875
1.98,2874
1.98,2873
1.98,2872
1.98,2871
1.99,2870
1.99,2869
1.99,2868
1.99,2867
1.99,2866
2.00,2865
2.00,2864
2.00,2863
2.00,2862
2.00,2861
2.01,2860
2.01,2859
2.01,2858
2.01,2857
2.02,2856
2.02,2855
2.02,2854
2.02,2853
2.02,2852
2.03,2851
2.03,2850
2.03,2849
2.03,2848
2.03,2847
2.04,2846
2.04,2845
2.04,2844
2.04,2843
2.04,2842
2.05,2841
2.05,2840
2.05,2839
2.05,2838
2.05,2837
2.06,2836
2.06,2835
2.06,2834
2.06,2833
2.06,2832
2.07,2831
2.07,2830
2.07,2829
2.07,2828
2.07,2827
2.08,2826
2.08,2825
2.08,2824
2.08,2823
2.08,2822
2.09,2821
2.09,2820
2.09,2819
2.09,2818
2.09,2817
2.10,2816
2.10,2815
2.10,2814
2.10,2813
2.10,2812
2.11,2811
2.11,2810
2.11,2809
2.11,2808
2.12,2807
2.12,2806
2.12,2805
2.12,2804
2.12,2803
2.13,2802
2.13,2801
2.13,2800
2.13,2799
2.13,2798
2.14,2797
2.14,2796
2.14,2795
2.14,2794
2.14,2793
2.15,2792
2.15,2791
2.15,2790
2.15,2789
2.15,2788
2.16,2787
2.16,2786
2.16,2785
2.16,2784
2.17,2783
2.17,2782
2.17,2781
2.17,2780
2.18,2779
2.18,2778
2.18,2777
2.18,2776
2.19,2775
2.19,2774
2.19,2773
2.19,2772
2.19,2771
2.20,2770
2.20,2769
2.20,2768
2.20,2767
2.21,2766
2.21,2765
2.21,2764
2.21,2763
2.22,2762
2.22,2761
2.22,2760
2.22,2759
2.23,2758
2.23,2757
2.23,2756
2.23,2755
2.24,2754
2.24,2753
2.24,2752
2.24,2751
2.25,2750
2.25,2749
2.25,2748
2.25,2747
2.26,2746
2.26,2745
2.26,2744
2.26,2743
2.26,2742
2.27,2741
2.27,2740
2.27,2739
2.27,2738
2.28,2737
2.28,2736
2.28,2735
2.28,2734
2.29,2733
2.29,2732
2.29,2731
2.29,2730
2.30,2729
2.30,2728
2.30,2727
2.30,2726
2.31,2725
2.31,2724
2.31,2723
2.31,2722
2.32,2721
2.32,2720
2.32,2719
2.32,2718
2.33,2717
2.33,2716
2.33,2715
2.33,2714
2.33,2713
2.34,2712
2.34,2711
2.34,2710
2.34,2709
2.35,2708
2.35,2707
2.35,2706
2.35,2705
2.36,2704
2.36,2703
2.36,2702
2.36,2701
2.37,2700
2.37,2699
2.37,2698
2.37,2697
2.38,2696
2.38,2695
2.38,2694
2.38,2693
2.39,2692
2.39,2691
2.39,2690
2.39,2689
2.39,2688
2.40,2687
2.40,2686
2.40,2685
2.40,2684
2.41,2683
2.41,2682
2.41,2681
2.41,2680
2.42,2679
2.42,2678
2.42,2677
2.42,2676
2.43,2675
2.43,2674
2.43,2673
2.43,2672
2.44,2671
2.44,2670
2.44,2669
2.44,2668
2.45,2667
2.45,2666
2.45,2665
2.45,2664
2.45,2663
2.46,2662
2.46,2661
2.46,2660
2.46,2659
2.47,2658
2.47,2657
2.47,2656
2.47,2655
2.48,2654
2.48,2653
2.48,2652
2.48,2651
2.49,2650
2.49,2649
2.49,2648
2.49,2647
2.49,2646
2.50,2645
2.50,2644
2.50,2643
2.50,2642
2.51,2641
2.51,2640
2.51,2639
2.51,2638
2.52,2637
2.52,2636
2.52,2635
2.52,2634
2.53,2633
2.53,2632
2.53,2631
2.53,2630
2.54,2629
2.54,2628
2.54,2627
2.54,2626
2.55,2625
2.55,2624
2.55,2623
2.55,2622
2.55,2621
2.56,2620
2.56,2619
2.56,2618
2.56,2617
2.57,2616
2.57,2615
2.57,2614
2.57,2613
2.58,2612
2.58,2611
2.58,2610
2.58,2609
2.59,2608
2.59,2607
2.59,2606
2.59,2605
2.60,2604
2.60,2603
2.60,2602
2.61,2601
2.61,2600
2.61,2599
2.61,2598
2.61,2597
2.62,2596
2.62,2595
2.62,2594
2.62,2593
2.62,2592
2.63,2591
2.63,2590
2.63,2589
2.63,2588
2.63,2587
2.64,2586
2.64,2585
2.64,2584
2.64,2583
2.64,2582
2.65,2581
2.65,2580
2.65,2579
2.65,2578
2.65,2577
2.66,2576
2.66,2575
2.66,2574
2.66,2573
2.66,2572
2.67,2571
2.67,2570
2.67,2569
2.67,2568
2.67,2567
2.68,2566
2.68,2565
2.68,2564
2.68,2563
2.68,2562
2.69,2561
2.69,2560
2.69,2559
2.69,2558
2.69,2557
2.70,2556
2.70,2555
2.70,2554
2.70,2553
2.70,2552
2.70,2551
2.71,2550
2.71,2549
2.71,2548
2.71,2547
2.71,2546
2.72,2545
2.72,2544
2.72,2543
2.72,2542
2.72,2541
2.73,2540
2.73,2539
2.73,2538
2.73,2537
2.73,2536
2.74,2535
2.74,2534
2.74,2533
2.74,2532
2.74,2531
2.75,2530
2.75,2529
2.75,2528
2.75,2527
2.75,2526
2.76,2525
2.76,2524
2.76,2523
2.76,2522
2.76,2521
2.77,2520
2.77,2519
2.77,2518
2.77,2517
2.77,2516
2.78,2515
2.78,2514
2.78,2513
2.78,2512
2.78,2511
2.79,2510
2.79,2509
2.79,2508
2.79,2507
2.79,2506
2.80,2505
2.80,2504
2.80,2503
2.80,2502
2.80,2501
2.81,2500
2.81,2499
2.81,2498
2.81,2497
2.81,2496
2.82,2495
2.82,2494
2.82,2493
2.82,2492
2.82,2491
2.83,2490
2.83,2489
2.83,2488
2.83,2487
2.83,2486
2.84,2485
2.84,2484
2.84,2483
2.84,2482
2.84,2481
2.85,2480
2.85,2479
2.85,2478
2.85,2477
2.85,2476
2.85,2475
2.86,2474
2.86,2473
2.86,2472
2.86,2471
2.86,2470
2.87,2469
2.87,2468
2.87,2467
2.87,2466
2.87,2465
2.88,2464
2.88,2463
2.88,2462
2.88,2461
2.88,2460
2.89,2459
2.89,2458
2.89,2457
2.89,2456
2.89,2455
2.90,2454
2.90,2453
2.90,2452
2.90,2451
2.90,2450
2.91,2449
2.91,2448
2.91,2447
2.91,2446
2.91,2445
2.91,2444
2.92,2443
2.92,2442
2.92,2441
2.92,2440
2.92,2439
2.93,2438
2.93,2437
2.93,2436
2.93,2435
2.93,2434
2.94,2433
2.94,2432
2.94,2431
2.94,2430
2.94,2429
2.94,2428
2.95,2427
2.95,2426
2.95,2425
2.95,2424
2.95,2423
2.96,2422
2.96,2421
2.96,2420
2.96,2419
2.96,2418
2.97,2417
2.97,2416
2.97,2415
2.97,2414
2.97,2413
2.97,2412
2.98,2411
2.98,2410
2.98,2409
2.98,2408
2.98,2407
2.99,2406
2.99,2405
2.99,2404
2.99,2403
2.99,2402
3.00,2401
3.00,2400
3.00,2399
3.00,2398
3.00,2397
3.01,2396
3.01,2395
3.01,2394
3.01,2393
3.01,2392
3.01,2391
3.02,2390
3.02,2389
3.02,2388
3.02,2387
3.02,2386
3.03,2385
3.03,2384
3.03,2383
3.03,2382
3.03,2381
3.04,2380
3.04,2379
3.04,2378
3.04,2377
3.04,2376
3.04,2375
3.05,2374
3.05,2373
3.05,2372
3.05,2371
3.05,2370
3.06,2369
3.06,2368
3.06,2367
3.06,2366
3.06,2365
3.07,2364
3.07,2363
