0.10,3656
0.17,3655
0.18,3654
0.18,3653
0.19,3652
0.20,3651
0.21,3650
0.22,3649
0.22,3648
0.23,3647
0.24,3646
0.24,3645
0.25,3644
0.25,3643
0.26,3642
0.26,3641
0.27,3640
0.28,3639
0.28,3638
0.29,3637
0.29,3636
0.30,3635
0.30,3634
0.31,3633
0.31,3632
0.32,3631
0.32,3630
0.34,3629
0.34,3628
0.35,3627
0.35,3626
0.36,3625
0.36,3624
0.37,3623
0.37,3622
0.38,3621
0.38,3620
0.39,3619
0.39,3618
0.40,3617
0.41,3616
0.41,3615
0.42,3614
0.42,3613
0.43,3612
0.43,3611
0.44,3610
0.44,3609
0.44,3608
0.44,3607
0.45,3606
0.45,3605
0.45,3604
0.45,3603
0.46,3602
0.46,3601
0.46,3600
0.46,3599
0.46,3598
0.47,3597
0.47,3596
0.47,3595
0.47,3594
0.47,3593
0.48,3592
0.48,3591
0.48,3590
0.48,3589
0.48,3588
0.49,3587
0.49,3586
0.49,3585
0.49,3584
0.50,3583
0.50,3582
0.50,3581
0.50,3580
0.50,3579
0.51,3578
0.51,3577
0.51,3576
0.51,3575
0.51,3574
0.52,3573
0.52,3572
0.52,3571
0.52,3570
0.52,3569
0.53,3568
0.53,3567
0.53,3566
0.53,3565
0.54,3564
0.54,3563
0.54,3562
0.54,3561
0.54,3560
0.55,3559
0.55,3558
0.55,3557
0.55,3556
0.55,3555
0.56,3554
0.56,3553
0.56,3552
0.56,3551
0.57,3550
0.57,3549
0.57,3548
0.57,3547
0.57,3546
0.58,3545
0.58,3544
0.58,3543
0.58,3542
0.59,3541
0.59,3540
0.59,3539
0.59,3538
0.60,3537
0.60,3536
0.60,3535
0.60,3534
0.60,3533
0.61,3532
0.61,3531
0.61,3530
0.62,3529
0.62,3528
0.62,3527
0.62,3526
0.63,3525
0.63,3524
0.63,3523
0.63,3522
0.63,3521
0.64,3520
0.64,3519
0.64,3518
0.64,3517
0.64,3516
0.65,3515
0.65,3514
0.65,3513
0.65,3512
0.65,3511
0.66,3510
0.66,3509
0.66,3508
0.66,3507
0.66,3506
0.67,3505
0.67,3504
0.67,3503
0.67,3502
0.67,3501
0.68,3500
0.68,3499
0.68,3498
0.68,3497
0.68,3496
0.69,3495
0.69,3494
0.69,3493
0.69,3492
0.69,3491
0.70,3490
0.70,3489
0.70,3488
0.70,3487
0.70,3486
0.71,3485
0.71,3484
0.71,3483
0.71,3482
0.71,3481
0.72,3480
0.72,3479
0.72,3478
0.72,3477
0.72,3476
0.73,3475
0.73,3474
0.73,3473
0.73,3472
0.73,3471
0.74,3470
0.74,3469
0.74,3468
0.74,3467
0.74,3466
0.75,3465
0.75,3464
0.75,3463
0.75,3462
0.76,3461
0.76,3460
0.76,3459
0.76,3458
0.76,3457
0.76,3456
0.77,3455
0.77,3454
0.77,3453
0.77,3452
0.77,3451
0.78,3450
0.78,3449
0.78,3448
0.78,3447
0.78,3446
0.79,3445
0.79,3444
0.79,3443
0.80,3442
0.80,3441
0.80,3440
0.80,3439
0.80,3438
0.81,3437
0.81,3436
0.81,3435
0.81,3434
0.82,3433
0.82,3432
0.82,3431
0.82,3430
0.82,3429
0.83,3428
0.83,3427
0.83,3426
0.83,3425
0.83,3424
0.84,3423
0.84,3422
0.84,3421
0.84,3420
0.84,3419
0.85,3418
0.85,3417
0.85,3416
0.85,3415
0.85,3414
0.86,3413
0.86,3412
0.86,3411
0.86,3410
0.87,3409
0.87,3408
0.87,3407
0.87,3406
0.87,3405
0.88,3404
0.88,3403
0.88,3402
0.88,3401
0.89,3400
0.89,3399
0.89,3398
0.89,3397
0.89,3396
0.90,3395
0.90,3394
0.90,3393
0.90,3392
0.90,3391
0.91,3390
0.91,3389
0.91,3388
0.91,3387
0.91,3386
0.92,3385
0.92,3384
0.92,3383
0.92,3382
0.92,3381
0.93,3380
0.93,3379
0.93,3378
0.93,3377
0.94,3376
0.94,3375
0.94,3374
0.94,3373
0.95,3372
0.95,3371
0.95,3370
0.95,3369
0.95,3368
0.96,3367
0.96,3366
0.96,3365
0.96,3364
0.97,3363
0.97,3362
0.98,3361
0.98,3360
0.98,3359
0.98,3358
0.98,3357
0.99,3356
0.99,3355
0.99,3354
0.99,3353
0.99,3352
1.00,3351
1.00,3350
1.00,3349
1.00,3348
1.00,3347
1.01,3346
1.01,3345
1.01,3344
1.01,3343
1.02,3342
1.02,3341
1.02,3340
1.02,3339
1.02,3338
1.03,3337
1.03,3336
1.03,3335
1.03,3334
1.03,3333
1.04,3332
1.04,3331
1.04,3330
1.04,3329
1.05,3328
1.05,3327
1.05,3326
1.05,3325
1.05,3324
1.06,3323
1.06,3322
1.06,3321
1.06,3320
1.06,3319
1.07,3318
1.07,3317
1.07,3316
1.07,3315
1.08,3314
1.08,3313
1.08,3312
1.08,3311
1.08,3310
1.09,3309
1.09,3308
1.09,3307
1.09,3306
1.09,3305
1.10,3304
1.10,3303
1.10,3302
1.10,3301
1.10,3300
1.11,3299
1.11,3298
1.11,3297
1.11,3296
1.12,3295
1.12,3294
1.12,3293
1.12,3292
1.12,3291
1.13,3290
1.13,3289
1.13,3288
1.13,3287
1.13,3286
1.14,3285
1.14,3284
1.14,3283
1.14,3282
1.15,3281
1.15,3280
1.15,3279
1.15,3278
1.15,3277
1.16,3276
1.16,3275
1.16,3274
1.16,3273
1.17,3272
1.17,3271
1.17,3270
1.17,3269
1.18,3268
1.18,3267
1.18,3266
1.18,3265
1.19,3264
1.19,3263
1.19,3262
1.19,3261
1.20,3260
1.20,3259
1.20,3258
1.20,3257
1.21,3256
1.21,3255
1.21,3254
1.21,3253
1.22,3252
1.22,3251
1.22,3250
1.22,3249
1.23,3248
1.23,3247
1.23,3246
1.23,3245
1.24,3244
1.24,3243
1.24,3242
1.24,3241
1.25,3240
1.25,3239
1.25,3238
1.26,3237
1.26,3236
1.26,3235
1.26,3234
1.27,3233
1.27,3232
1.27,3231
1.27,3230
1.28,3229
1.28,3228
1.28,3227
1.28,3226
1.29,3225
1.29,3224
1.29,3223
1.29,3222
1.30,3221
1.30,3220
1.30,3219
1.30,3218
1.31,3217
1.31,3216
1.31,3215
1.31,3214
1.32,3213
1.32,3212
1.32,3211
1.32,3210
1.33,3209
1.33,3208
1.33,3207
1.33,3206
1.34,3205
1.34,3204
1.34,3203
1.35,3202
1.35,3201
1.35,3200
1.35,3199
1.36,3198
1.36,3197
1.36,3196
1.36,3195
1.37,3194
1.37,3193
1.37,3192
1.38,3191
1.38,3190
1.38,3189
1.38,3188
1.38,3187
1.39,3186
1.39,3185
1.39,3184
1.39,3183
1.39,3182
1.40,3181
1.40,3180
1.40,3179
1.40,3178
1.40,3177
1.41,3176
1.41,3175
1.41,3174
1.41,3173
1.41,3172
1.42,3171
1.42,3170
1.42,3169
1.42,3168
1.42,3167
1.43,3166
1.43,3165
1.43,3164
1.43,3163
1.43,3162
1.44,3161
1.44,3160
1.44,3159
1.44,3158
1.44,3157
1.44,3156
1.45,3155
1.45,3154
1.45,3153
1.45,3152
1.45,3151
1.46,3150
1.46,3149
1.46,3148
1.46,3147
1.46,3146
1.47,3145
1.47,3144
1.47,3143
1.47,3142
1.47,3141
1.48,3140
1.48,3139
1.48,3138
1.48,3137
1.48,3136
1.49,3135
1.49,3134
1.49,3133
1.49,3132
1.49,3131
1.50,3130
1.50,3129
1.50,3128
1.50,3127
1.50,3126
1.51,3125
1.51,3124
1.51,3123
1.51,3122
1.51,3121
1.52,3120
1.52,3119
1.52,3118
1.52,3117
1.52,3116
1.53,3115
1.53,3114
1.53,3113
1.53,3112
1.53,3111
1.54,3110
1.54,3109
1.54,3108
1.54,3107
1.54,3106
1.55,3105
1.55,3104
1.55,3103
1.55,3102
1.55,3101
1.56,3100
1.56,3099
1.56,3098
1.56,3097
1.56,3096
1.56,3095
1.57,3094
1.57,3093
1.57,3092
1.57,3091
1.57,3090
1.58,3089
1.58,3088
1.58,3087
1.58,3086
1.58,3085
1.59,3084
1.59,3083
1.59,3082
1.59,3081
1.59,3080
1.60,3079
1.60,3078
1.60,3077
1.60,3076
1.60,3075
1.61,3074
1.61,3073
1.61,3072
1.61,3071
1.61,3070
1.62,3069
1.62,3068
1.62,3067
1.62,3066
1.62,3065
1.63,3064
1.63,3063
1.63,3062
1.63,3061
1.63,3060
1.64,3059
1.64,3058
1.64,3057
1.64,3056
1.64,3055
1.65,3054
1.65,3053
1.65,3052
1.65,3051
1.65,3050
1.66,3049
1.66,3048
1.66,3047
1.66,3046
1.66,3045
1.67,3044
1.67,3043
1.67,3042
1.67,3041
1.67,3040
1.68,3039
1.68,3038
1.68,3037
1.68,3036
1.68,3035
1.68,3034
1.69,3033
1.69,3032
1.69,3031
1.69,3030
1.69,3029
1.70,3028
1.70,3027
1.70,3026
1.70,3025
1.70,3024
1.71,3023
1.71,3022
1.71,3021
1.71,3020
1.71,3019
1.72,3018
1.72,3017
1.72,3016
1.72,3015
1.73,3014
1.73,3013
1.73,3012
1.73,3011
1.73,3010
1.74,3009
1.74,3008
1.74,3007
1.74,3006
1.74,3005
1.75,3004
1.75,3003
1.75,3002
1.75,3001
1.75,3000
1.76,2999
1.76,2998
1.76,2997
1.76,2996
1.76,2995
1.77,2994
1.77,2993
1.77,2992
1.77,2991
1.77,2990
1.78,2989
1.78,2988
1.78,2987
1.78,2986
1.78,2985
1.78,2984
1.79,2983
1.79,2982
1.79,2981
1.79,2980
1.79,2979
1.80,2978
1.80,2977
1.80,2976
1.80,2975
1.80,2974
1.81,2973
1.81,2972
1.81,2971
1.81,2970
1.81,2969
1.82,2968
1.82,2967
1.82,2966
1.82,2965
1.82,2964
1.82,2963
1.83,2962
1.83,2961
1.83,2960
1.83,2959
1.83,2958
1.84,2957
1.84,2956
1.84,2955
1.84,2954
1.84,2953
1.85,2952
1.85,2951
1.85,2950
1.85,2949
1.85,2948
1.86,2947
1.86,2946
1.86,2945
1.86,2944
1.86,2943
1.86,2942
1.87,2941
1.87,2940
1.87,2939
1.87,2938
1.87,2937
1.88,2936
1.88,2935
1.88,2934
1.88,2933
1.88,2932
1.89,2931
1.89,2930
1.89,2929
1.89,2928
1.89,2927
1.90,2926
1.90,2925
1.90,2924
1.90,2923
1.90,2922
1.90,2921
1.91,2920
1.91,2919
1.91,2918
1.91,2917
1.91,2916
1.92,2915
1.92,2914
1.92,2913
1.92,2912
1.92,2911
1.93,2910
1.93,2909
1.93,2908
1.93,2907
1.93,2906
1.94,2905
1.94,2904
1.94,2903
1.94,2902
1.94,2901
1.95,2900
1.95,2899
1.95,2898
1.95,2897
1.95,2896
1.95,2895
1.96,2894
1.96,2893
1.96,2892
1.96,2891
1.96,2890
1.97,2889
1.97,2888
1.97,2887
1.97,2886
1.97,2885
1.98,2884
1.98,2883
1.98,2882
1.98,2881
1.98,2880
1.99,2879
1.99,2878
1.99,2877
1.99,2876
1.99,2875
2.00,2874
2.00,2873
2.00,2872
2.00,2871
2.00,2870
2.00,2869
2.01,2868
2.01,2867
2.01,2866
2.01,2865
2.01,2864
2.02,2863
2.02,2862
2.02,2861
2.02,2860
2.02,2859
2.03,2858
2.03,2857
2.03,2856
2.03,2855
2.03,2854
2.03,2853
2.04,2852
2.04,2851
2.04,2850
2.04,2849
2.04,2848
2.05,2847
2.05,2846
2.05,2845
2.05,2844
2.05,2843
2.06,2842
2.06,2841
2.06,2840
2.06,2839
2.06,2838
2.06,2837
2.07,2836
2.07,2835
2.07,2834
2.07,2833
2.07,2832
2.08,2831
2.08,2830
2.08,2829
2.08,2828
2.09,2827
2.09,2826
2.09,2825
2.09,2824
2.09,2823
2.10,2822
2.10,2821
2.10,2820
2.10,2819
2.10,2818
2.11,2817
2.11,2816
2.11,2815
2.11,2814
2.11,2813
2.12,2812
2.12,2811
2.12,2810
2.12,2809
2.13,2808
2.13,2807
2.13,2806
2.13,2805
2.14,2804
2.14,2803
2.14,2802
2.14,2801
2.15,2800
2.15,2799
2.15,2798
2.15,2797
2.15,2796
2.16,2795
2.16,2794
2.16,2793
2.16,2792
2.17,2791
2.17,2790
2.17,2789
2.17,2788
2.18,2787
2.18,2786
2.18,2785
2.18,2784
2.18,2783
2.19,2782
2.19,2781
2.19,2780
2.19,2779
2.20,2778
2.20,2777
2.20,2776
2.20,2775
2.20,2774
2.21,2773
2.21,2772
2.21,2771
2.21,2770
2.22,2769
2.22,2768
2.22,2767
2.22,2766
2.22,2765
2.23,2764
2.23,2763
2.23,2762
2.23,2761
2.24,2760
2.24,2759
2.24,2758
2.24,2757
2.24,2756
2.25,2755
2.25,2754
2.25,2753
2.25,2752
2.26,2751
2.26,2750
2.26,2749
2.26,2748
2.27,2747
2.27,2746
2.27,2745
2.27,2744
2.27,2743
2.28,2742
2.28,2741
2.28,2740
2.28,2739
2.29,2738
2.29,2737
2.29,2736
2.29,2735
2.30,2734
2.30,2733
2.30,2732
2.30,2731
2.30,2730
2.31,2729
2.31,2728
2.31,2727
2.31,2726
2.32,2725
2.32,2724
2.32,2723
2.32,2722
2.33,2721
2.33,2720
2.33,2719
2.33,2718
2.34,2717
2.34,2716
2.34,2715
2.34,2714
2.34,2713
2.35,2712
2.35,2711
2.35,2710
2.35,2709
2.35,2708
2.36,2707
2.36,2706
2.36,2705
2.36,2704
2.37,2703
2.37,2702
2.37,2701
2.37,2700
2.38,2699
2.38,2698
2.38,2697
2.38,2696
2.38,2695
2.39,2694
2.39,2693
2.39,2692
2.39,2691
2.40,2690
2.40,2689
2.40,2688
2.40,2687
2.41,2686
2.41,2685
2.41,2684
2.41,2683
2.41,2682
2.42,2681
2.42,2680
2.42,2679
2.42,2678
2.43,2677
2.43,2676
2.43,2675
2.43,2674
2.44,2673
2.44,2672
2.44,2671
2.44,2670
2.44,2669
2.45,2668
2.45,2667
2.45,2666
2.45,2665
2.46,2664
2.46,2663
2.46,2662
2.46,2661
2.46,2660
2.47,2659
2.47,2658
2.47,2657
2.47,2656
2.48,2655
2.48,2654
2.48,2653
2.48,2652
2.49,2651
2.49,2650
2.49,2649
2.49,2648
2.50,2647
2.50,2646
2.50,2645
2.51,2644
2.51,2643
2.51,2642
2.51,2641
2.51,2640
2.51,2639
2.52,2638
2.52,2637
2.52,2636
2.52,2635
2.52,2634
2.53,2633
2.53,2632
2.53,2631
2.53,2630
2.53,2629
2.54,2628
2.54,2627
2.54,2626
2.54,2625
2.54,2624
2.54,2623
2.55,2622
2.55,2621
2.55,2620
2.55,2619
2.55,2618
2.56,2617
2.56,2616
2.56,2615
2.56,2614
2.56,2613
2.57,2612
2.57,2611
2.57,2610
2.57,2609
2.57,2608
2.58,2607
2.58,2606
2.58,2605
2.58,2604
2.58,2603
2.59,2602
2.59,2601
2.59,2600
2.59,2599
2.59,2598
2.60,2597
2.60,2596
2.60,2595
2.60,2594
2.60,2593
2.60,2592
2.61,2591
2.61,2590
2.61,2589
2.61,2588
2.61,2587
2.62,2586
2.62,2585
2.62,2584
2.62,2583
2.62,2582
2.63,2581
2.63,2580
2.63,2579
2.63,2578
2.63,2577
2.64,2576
2.64,2575
2.64,2574
2.64,2573
2.64,2572
2.64,2571
2.65,2570
2.65,2569
2.65,2568
2.65,2567
2.65,2566
2.66,2565
2.66,2564
2.66,2563
2.66,2562
2.66,2561
2.67,2560
2.67,2559
2.67,2558
2.67,2557
2.67,2556
2.67,2555
2.68,2554
2.68,2553
2.68,2552
2.68,2551
2.68,2550
2.69,2549
2.69,2548
2.69,2547
2.69,2546
2.69,2545
2.70,2544
2.70,2543
2.70,2542
2.70,2541
2.70,2540
2.70,2539
2.71,2538
2.71,2537
2.71,2536
2.71,2535
2.71,2534
2.72,2533
2.72,2532
2.72,2531
2.72,2530
2.72,2529
2.73,2528
2.73,2527
2.73,2526
2.73,2525
2.73,2524
2.74,2523
2.74,2522
2.74,2521
2.74,2520
2.74,2519
2.74,2518
2.75,2517
2.75,2516
2.75,2515
2.75,2514
2.75,2513
2.76,2512
2.76,2511
2.76,2510
2.76,2509
2.76,2508
2.76,2507
2.77,2506
2.77,2505
2.77,2504
2.77,2503
2.77,2502
2.78,2501
2.78,2500
2.78,2499
2.78,2498
2.78,2497
2.78,2496
2.79,2495
2.79,2494
2.79,2493
2.79,2492
2.79,2491
2.80,2490
2.80,2489
2.80,2488
2.80,2487
2.80,2486
2.80,2485
2.81,2484
2.81,2483
2.81,2482
2.81,2481
2.81,2480
2.82,2479
2.82,2478
2.82,2477
2.82,2476
2.82,2475
2.83,2474
2.83,2473
2.83,2472
2.83,2471
2.83,2470
2.83,2469
2.84,2468
2.84,2467
2.84,2466
2.84,2465
2.84,2464
2.84,2463
2.85,2462
2.85,2461
2.85,2460
2.85,2459
2.85,2458
2.86,2457
2.86,2456
2.86,2455
2.86,2454
2.86,2453
2.87,2452
2.87,2451
2.87,2450
2.87,2449
2.87,2448
2.87,2447
2.88,2446
2.88,2445
2.88,2444
2.88,2443
2.88,2442
2.88,2441
2.89,2440
2.89,2439
2.89,2438
2.89,2437
2.89,2436
2.90,2435
2.90,2434
2.90,2433
2.90,2432
2.90,2431
2.90,2430
2.91,2429
2.91,2428
2.91,2427
2.91,2426
2.91,2425
2.92,2424
2.92,2423
2.92,2422
2.92,2421
2.92,2420
2.93,2419
2.93,2418
2.93,2417
2.93,2416
2.93,2415
2.93,2414
2.94,2413
2.94,2412
2.94,2411
2.94,2410
2.94,2409
2.95,2408
2.95,2407
2.95,2406
2.95,2405
2.95,2404
2.95,2403
2.96,2402
2.96,2401
2.96,2400
2.96,2399
2.96,2398
2.97,2397
2.97,2396
2.97,2395
2.97,2394
2.97,2393
2.97,2392
2.98,2391
2.98,2390
2.98,2389
2.98,2388
2.98,2387
2.98,2386
2.99,2385
2.99,2384
2.99,2383
2.99,2382
3.00,2381
3.01,2380
3.05,2379
