0.10,3618
0.17,3617
0.18,3616
0.19,3615
0.20,3614
0.21,3613
0.21,3612
0.22,3611
0.23,3610
0.23,3609
0.24,3608
0.24,3607
0.25,3606
0.25,3605
0.26,3604
0.27,3603
0.27,3602
0.28,3601
0.29,3600
0.29,3599
0.30,3598
0.30,3597
0.31,3596
0.31,3595
0.32,3594
0.33,3593
0.33,3592
0.34,3591
0.34,3590
0.35,3589
0.35,3588
0.36,3587
0.36,3586
0.37,3585
0.37,3584
0.38,3583
0.39,3582
0.39,3581
0.39,3580
0.40,3579
0.40,3578
0.41,3577
0.41,3576
0.41,3575
0.42,3574
0.42,3573
0.43,3572
0.43,3571
0.43,3570
0.44,3569
0.44,3568
0.44,3567
0.44,3566
0.45,3565
0.45,3564
0.45,3563
0.45,3562
0.45,3561
0.46,3560
0.46,3559
0.46,3558
0.46,3557
0.47,3556
0.47,3555
0.47,3554
0.47,3553
0.47,3552
0.48,3551
0.48,3550
0.48,3549
0.48,3548
0.49,3547
0.49,3546
0.49,3545
0.49,3544
0.49,3543
0.50,3542
0.50,3541
0.50,3540
0.51,3539
0.51,3538
0.51,3537
0.51,3536
0.52,3535
0.52,3534
0.52,3533
0.52,3532
0.53,3531
0.53,3530
0.53,3529
0.53,3528
0.53,3527
0.54,3526
0.54,3525
0.54,3524
0.54,3523
0.55,3522
0.55,3521
0.55,3520
0.55,3519
0.55,3518
0.56,3517
0.56,3516
0.56,3515
0.56,3514
0.57,3513
0.57,3512
0.57,3511
0.57,3510
0.57,3509
0.58,3508
0.58,3507
0.58,3506
0.58,3505
0.59,3504
0.59,3503
0.59,3502
0.59,3501
0.59,3500
0.60,3499
0.60,3498
0.60,3497
0.60,3496
0.61,3495
0.61,3494
0.61,3493
0.61,3492
0.61,3491
0.62,3490
0.62,3489
0.62,3488
0.63,3487
0.63,3486
0.63,3485
0.63,3484
0.64,3483
0.64,3482
0.64,3481
0.64,3480
0.64,3479
0.65,3478
0.65,3477
0.65,3476
0.65,3475
0.66,3474
0.66,3473
0.66,3472
0.66,3471
0.66,3470
0.67,3469
0.67,3468
0.67,3467
0.67,3466
0.68,3465
0.68,3464
0.68,3463
0.68,3462
0.68,3461
0.69,3460
0.69,3459
0.69,3458
0.69,3457
0.70,3456
0.70,3455
0.70,3454
0.70,3453
0.71,3452
0.71,3451
0.71,3450
0.71,3449
0.71,3448
0.72,3447
0.72,3446
0.72,3445
0.72,3444
0.73,3443
0.73,3442
0.73,3441
0.73,3440
0.73,3439
0.74,3438
0.74,3437
0.74,3436
0.74,3435
0.75,3434
0.75,3433
0.75,3432
0.75,3431
0.76,3430
0.76,3429
0.76,3428
0.76,3427
0.76,3426
0.77,3425
0.77,3424
0.77,3423
0.77,3422
0.78,3421
0.78,3420
0.78,3419
0.78,3418
0.79,3417
0.79,3416
0.79,3415
0.79,3414
0.79,3413
0.80,3412
0.80,3411
0.80,3410
0.80,3409
0.81,3408
0.81,3407
0.81,3406
0.81,3405
0.82,3404
0.82,3403
0.82,3402
0.82,3401
0.83,3400
0.83,3399
0.83,3398
0.83,3397
0.83,3396
0.84,3395
0.84,3394
0.84,3393
0.84,3392
0.84,3391
0.85,3390
0.85,3389
0.85,3388
0.85,3387
0.86,3386
0.86,3385
0.86,3384
0.86,3383
0.86,3382
0.87,3381
0.87,3380
0.87,3379
0.87,3378
0.88,3377
0.88,3376
0.88,3375
0.88,3374
0.88,3373
0.89,3372
0.89,3371
0.89,3370
0.89,3369
0.90,3368
0.90,3367
0.90,3366
0.90,3365
0.90,3364
0.91,3363
0.91,3362
0.91,3361
0.91,3360
0.92,3359
0.92,3358
0.92,3357
0.92,3356
0.92,3355
0.93,3354
0.93,3353
0.93,3352
0.93,3351
0.94,3350
0.94,3349
0.94,3348
0.94,3347
0.94,3346
0.95,3345
0.95,3344
0.95,3343
0.95,3342
0.95,3341
0.96,3340
0.96,3339
0.96,3338
0.96,3337
0.97,3336
0.97,3335
0.97,3334
0.97,3333
0.97,3332
0.98,3331
0.98,3330
0.98,3329
0.98,3328
0.98,3327
0.99,3326
0.99,3325
1.00,3324
1.00,3323
1.00,3322
1.00,3321
1.00,3320
1.01,3319
1.01,3318
1.01,3317
1.01,3316
1.01,3315
1.02,3314
1.02,3313
1.02,3312
1.02,3311
1.03,3310
1.03,3309
1.03,3308
1.03,3307
1.03,3306
1.04,3305
1.04,3304
1.04,3303
1.04,3302
1.04,3301
1.05,3300
1.05,3299
1.05,3298
1.05,3297
1.06,3296
1.06,3295
1.06,3294
1.06,3293
1.06,3292
1.07,3291
1.07,3290
1.07,3289
1.07,3288
1.07,3287
1.08,3286
1.08,3285
1.08,3284
1.08,3283
1.08,3282
1.09,3281
1.09,3280
1.09,3279
1.09,3278
1.09,3277
1.10,3276
1.10,3275
1.10,3274
1.10,3273
1.10,3272
1.11,3271
1.11,3270
1.11,3269
1.11,3268
1.12,3267
1.12,3266
1.12,3265
1.12,3264
1.12,3263
1.13,3262
1.13,3261
1.13,3260
1.13,3259
1.13,3258
1.14,3257
1.14,3256
1.14,3255
1.14,3254
1.14,3253
1.15,3252
1.15,3251
1.15,3250
1.15,3249
1.16,3248
1.16,3247
1.16,3246
1.16,3245
1.16,3244
1.17,3243
1.17,3242
1.17,3241
1.17,3240
1.17,3239
1.18,3238
1.18,3237
1.18,3236
1.18,3235
1.19,3234
1.19,3233
1.19,3232
1.19,3231
1.19,3230
1.20,3229
1.20,3228
1.20,3227
1.20,3226
1.21,3225
1.21,3224
1.21,3223
1.21,3222
1.22,3221
1.22,3220
1.22,3219
1.22,3218
1.23,3217
1.23,3216
1.23,3215
1.23,3214
1.24,3213
1.24,3212
1.24,3211
1.24,3210
1.25,3209
1.25,3208
1.25,3207
1.25,3206
1.26,3205
1.26,3204
1.26,3203
1.26,3202
1.27,3201
1.27,3200
1.27,3199
1.27,3198
1.28,3197
1.28,3196
1.28,3195
1.28,3194
1.28,3193
1.29,3192
1.29,3191
1.29,3190
1.30,3189
1.30,3188
1.30,3187
1.30,3186
1.31,3185
1.31,3184
1.31,3183
1.31,3182
1.32,3181
1.32,3180
1.32,3179
1.32,3178
1.33,3177
1.33,3176
1.33,3175
1.33,3174
1.34,3173
1.34,3172
1.34,3171
1.34,3170
1.34,3169
1.35,3168
1.35,3167
1.35,3166
1.35,3165
1.36,3164
1.36,3163
1.36,3162
1.36,3161
1.37,3160
1.37,3159
1.37,3158
1.37,3157
1.38,3156
1.38,3155
1.38,3154
1.39,3153
1.39,3152
1.39,3151
1.39,3150
1.39,3149
1.40,3148
1.40,3147
1.40,3146
1.40,3145
1.40,3144
1.41,3143
1.41,3142
1.41,3141
1.41,3140
1.42,3139
1.42,3138
1.42,3137
1.42,3136
1.42,3135
1.43,3134
1.43,3133
1.43,3132
1.43,3131
1.43,3130
1.44,3129
1.44,3128
1.44,3127
1.44,3126
1.45,3125
1.45,3124
1.45,3123
1.45,3122
1.45,3121
1.46,3120
1.46,3119
1.46,3118
1.46,3117
1.47,3116
1.47,3115
1.47,3114
1.47,3113
1.47,3112
1.48,3111
1.48,3110
1.48,3109
1.48,3108
1.49,3107
1.49,3106
1.49,3105
1.49,3104
1.49,3103
1.50,3102
1.50,3101
1.50,3100
1.50,3099
1.50,3098
1.51,3097
1.51,3096
1.51,3095
1.51,3094
1.51,3093
1.52,3092
1.52,3091
1.52,3090
1.52,3089
1.52,3088
1.53,3087
1.53,3086
1.53,3085
1.53,3084
1.54,3083
1.54,3082
1.54,3081
1.54,3080
1.54,3079
1.55,3078
1.55,3077
1.55,3076
1.55,3075
1.56,3074
1.56,3073
1.56,3072
1.56,3071
1.56,3070
1.57,3069
1.57,3068
1.57,3067
1.57,3066
1.57,3065
1.58,3064
1.58,3063
1.58,3062
1.58,3061
1.59,3060
1.59,3059
1.59,3058
1.59,3057
1.59,3056
1.60,3055
1.60,3054
1.60,3053
1.60,3052
1.60,3051
1.61,3050
1.61,3049
1.61,3048
1.61,3047
1.61,3046
1.62,3045
1.62,3044
1.62,3043
1.62,3042
1.63,3041
1.63,3040
1.63,3039
1.63,3038
1.63,3037
1.64,3036
1.64,3035
1.64,3034
1.64,3033
1.64,3032
1.65,3031
1.65,3030
1.65,3029
1.65,3028
1.65,3027
1.66,3026
1.66,3025
1.66,3024
1.66,3023
1.67,3022
1.67,3021
1.67,3020
1.67,3019
1.67,3018
1.68,3017
1.68,3016
1.68,3015
1.68,3014
1.68,3013
1.69,3012
1.69,3011
1.69,3010
1.69,3009
1.70,3008
1.70,3007
1.70,3006
1.70,3005
1.70,3004
1.71,3003
1.71,3002
1.71,3001
1.71,3000
1.71,2999
1.72,2998
1.72,2997
1.72,2996
1.72,2995
1.72,2994
1.73,2993
1.73,2992
1.73,2991
1.73,2990
1.74,2989
1.74,2988
1.74,2987
1.74,2986
1.74,2985
1.75,2984
1.75,2983
1.75,2982
1.76,2981
1.76,2980
1.76,2979
1.76,2978
1.76,2977
1.77,2976
1.77,2975
1.77,2974
1.77,2973
1.77,2972
1.78,2971
1.78,2970
1.78,2969
1.78,2968
1.78,2967
1.79,2966
1.79,2965
1.79,2964
1.79,2963
1.79,2962
1.80,2961
1.80,2960
1.80,2959
1.80,2958
1.81,2957
1.81,2956
1.81,2955
1.81,2954
1.81,2953
1.82,2952
1.82,2951
1.82,2950
1.82,2949
1.82,2948
1.83,2947
1.83,2946
1.83,2945
1.83,2944
1.83,2943
1.84,2942
1.84,2941
1.84,2940
1.84,2939
1.84,2938
1.85,2937
1.85,2936
1.85,2935
1.85,2934
1.85,2933
1.86,2932
1.86,2931
1.86,2930
1.86,2929
1.87,2928
1.87,2927
1.87,2926
1.87,2925
1.87,2924
1.88,2923
1.88,2922
1.88,2921
1.88,2920
1.88,2919
1.89,2918
1.89,2917
1.89,2916
1.89,2915
1.89,2914
1.90,2913
1.90,2912
1.90,2911
1.90,2910
1.91,2909
1.91,2908
1.91,2907
1.91,2906
1.91,2905
1.92,2904
1.92,2903
1.92,2902
1.92,2901
1.92,2900
1.93,2899
1.93,2898
1.93,2897
1.93,2896
1.93,2895
1.94,2894
1.94,2893
1.94,2892
1.94,2891
1.94,2890
1.95,2889
1.95,2888
1.95,2887
1.95,2886
1.95,2885
1.96,2884
1.96,2883
1.96,2882
1.96,2881
1.97,2880
1.97,2879
1.97,2878
1.97,2877
1.98,2876
1.98,2875
1.98,2874
1.98,2873
1.98,2872
1.99,2871
1.99,2870
1.99,2869
1.99,2868
1.99,2867
2.00,2866
2.00,2865
2.00,2864
2.00,2863
2.00,2862
2.01,2861
2.01,2860
2.01,2859
2.01,2858
2.01,2857
2.02,2856
2.02,2855
2.02,2854
2.02,2853
2.03,2852
2.03,2851
2.03,2850
2.03,2849
2.03,2848
2.04,2847
2.04,2846
2.04,2845
2.04,2844
2.04,2843
2.05,2842
2.05,2841
2.05,2840
2.05,2839
2.05,2838
2.06,2837
2.06,2836
2.06,2835
2.06,2834
2.06,2833
2.07,2832
2.07,2831
2.07,2830
2.07,2829
2.07,2828
2.08,2827
2.08,2826
2.08,2825
2.08,2824
2.08,2823
2.09,2822
2.09,2821
2.09,2820
2.09,2819
2.10,2818
2.10,2817
2.10,2816
2.10,2815
2.10,2814
2.11,2813
2.11,2812
2.11,2811
2.11,2810
2.11,2809
2.12,2808
2.12,2807
2.12,2806
2.13,2805
2.13,2804
2.13,2803
2.13,2802
2.13,2801
2.14,2800
2.14,2799
2.14,2798
2.14,2797
2.14,2796
2.15,2795
2.15,2794
2.15,2793
2.15,2792
2.16,2791
2.16,2790
2.16,2789
2.16,2788
2.16,2787
2.17,2786
2.17,2785
2.17,2784
2.17,2783
2.17,2782
2.18,2781
2.18,2780
2.18,2779
2.18,2778
2.18,2777
2.19,2776
2.19,2775
2.19,2774
2.19,2773
2.19,2772
2.20,2771
2.20,2770
2.20,2769
2.20,2768
2.20,2767
2.21,2766
2.21,2765
2.21,2764
2.21,2763
2.21,2762
2.22,2761
2.22,2760
2.22,2759
2.22,2758
2.22,2757
2.23,2756
2.23,2755
2.23,2754
2.23,2753
2.23,2752
2.24,2751
2.24,2750
2.24,2749
2.24,2748
2.24,2747
2.25,2746
2.25,2745
2.25,2744
2.25,2743
2.25,2742
2.26,2741
2.26,2740
2.26,2739
2.26,2738
2.26,2737
2.27,2736
2.27,2735
2.27,2734
2.27,2733
2.28,2732
2.28,2731
2.28,2730
2.28,2729
2.28,2728
2.29,2727
2.29,2726
2.29,2725
2.29,2724
2.29,2723
2.30,2722
2.30,2721
2.30,2720
2.30,2719
2.30,2718
2.31,2717
2.31,2716
2.31,2715
2.31,2714
2.31,2713
2.32,2712
2.32,2711
2.32,2710
2.32,2709
2.32,2708
2.33,2707
2.33,2706
2.33,2705
2.33,2704
2.33,2703
2.34,2702
2.34,2701
2.34,2700
2.34,2699
2.34,2698
2.35,2697
2.35,2696
2.35,2695
2.35,2694
2.35,2693
2.36,2692
2.36,2691
2.36,2690
2.36,2689
2.36,2688
2.37,2687
2.37,2686
2.37,2685
2.37,2684
2.37,2683
2.38,2682
2.38,2681
2.38,2680
2.38,2679
2.38,2678
2.39,2677
2.39,2676
2.39,2675
2.39,2674
2.39,2673
2.40,2672
2.40,2671
2.40,2670
2.40,2669
2.40,2668
2.41,2667
2.41,2666
2.41,2665
2.41,2664
2.41,2663
2.42,2662
2.42,2661
2.42,2660
2.42,2659
2.42,2658
2.43,2657
2.43,2656
2.43,2655
2.43,2654
2.43,2653
2.44,2652
2.44,2651
2.44,2650
2.44,2649
2.44,2648
2.45,2647
2.45,2646
2.45,2645
2.45,2644
2.45,2643
2.46,2642
2.46,2641
2.46,2640
2.46,2639
2.46,2638
2.47,2637
2.47,2636
2.47,2635
2.47,2634
2.47,2633
2.48,2632
2.48,2631
2.48,2630
2.48,2629
2.48,2628
2.49,2627
2.49,2626
2.49,2625
2.49,2624
2.49,2623
2.50,2622
2.50,2621
2.50,2620
2.50,2619
2.50,2618
2.51,2617
2.51,2616
2.51,2615
2.51,2614
2.51,2613
2.52,2612
2.52,2611
2.52,2610
2.52,2609
2.52,2608
2.53,2607
2.53,2606
2.53,2605
2.53,2604
2.53,2603
2.54,2602
2.54,2601
2.54,2600
2.54,2599
2.54,2598
2.55,2597
2.55,2596
2.55,2595
2.55,2594
2.55,2593
2.56,2592
2.56,2591
2.56,2590
2.56,2589
2.56,2588
2.57,2587
2.57,2586
2.57,2585
2.57,2584
2.57,2583
2.58,2582
2.58,2581
2.58,2580
2.58,2579
2.58,2578
2.59,2577
2.59,2576
2.59,2575
2.59,2574
2.59,2573
2.60,2572
2.60,2571
2.60,2570
2.60,2569
2.60,2568
2.61,2567
2.61,2566
2.61,2565
2.61,2564
2.61,2563
2.62,2562
2.62,2561
2.62,2560
2.62,2559
2.62,2558
2.63,2557
2.63,2556
2.63,2555
2.63,2554
2.63,2553
2.64,2552
2.64,2551
2.64,2550
2.64,2549
2.64,2548
2.65,2547
2.65,2546
2.65,2545
2.65,2544
2.65,2543
2.66,2542
2.66,2541
2.66,2540
2.66,2539
2.66,2538
2.67,2537
2.67,2536
2.67,2535
2.67,2534
2.67,2533
2.68,2532
2.68,2531
2.68,2530
2.68,2529
2.68,2528
2.69,2527
2.69,2526
2.69,2525
2.69,2524
2.69,2523
2.70,2522
2.70,2521
2.70,2520
2.70,2519
2.70,2518
2.71,2517
2.71,2516
2.71,2515
2.71,2514
2.71,2513
2.72,2512
2.72,2511
2.72,2510
2.72,2509
2.72,2508
2.73,2507
2.73,2506
2.73,2505
2.73,2504
2.73,2503
2.74,2502
2.74,2501
2.74,2500
2.74,2499
2.74,2498
2.74,2497
2.75,2496
2.75,2495
2.75,2494
2.75,2493
2.75,2492
2.76,2491
2.76,2490
2.76,2489
2.76,2488
2.76,2487
2.77,2486
2.77,2485
2.77,2484
2.77,2483
2.77,2482
2.78,2481
2.78,2480
2.78,2479
2.78,2478
2.78,2477
2.79,2476
2.79,2475
2.79,2474
2.79,2473
2.79,2472
2.80,2471
2.80,2470
2.80,2469
2.80,2468
2.80,2467
2.81,2466
2.81,2465
2.81,2464
2.81,2463
2.81,2462
2.82,2461
2.82,2460
2.82,2459
2.82,2458
2.82,2457
2.83,2456
2.83,2455
2.83,2454
2.83,2453
2.83,2452
2.84,2451
2.84,2450
2.84,2449
2.84,2448
2.84,2447
2.85,2446
2.85,2445
2.85,2444
2.85,2443
2.85,2442
2.86,2441
2.86,2440
2.86,2439
2.86,2438
2.86,2437
2.87,2436
2.87,2435
2.87,2434
2.87,2433
2.87,2432
2.87,2431
2.88,2430
2.88,2429
2.88,2428
2.88,2427
2.88,2426
2.89,2425
2.89,2424
2.89,2423
2.89,2422
2.89,2421
2.90,2420
2.90,2419
2.90,2418
2.90,2417
2.90,2416
2.91,2415
2.91,2414
2.91,2413
2.91,2412
2.91,2411
2.92,2410
2.92,2409
2.92,2408
2.92,2407
2.92,2406
2.93,2405
2.93,2404
2.93,2403
2.93,2402
2.93,2401
2.94,2400
2.94,2399
2.94,2398
2.94,2397
2.94,2396
2.94,2395
2.95,2394
2.95,2393
2.95,2392
2.95,2391
2.95,2390
2.96,2389
2.96,2388
2.96,2387
2.96,2386
2.96,2385
2.97,2384
2.97,2383
2.97,2382
2.97,2381
2.97,2380
2.98,2379
2.98,2378
2.98,2377
2.98,2376
2.98,2375
2.99,2374
2.99,2373
2.99,2372
2.99,2371
2.99,2370
3.02,2369
3.02,2368
