0.10,3612
0.17,3611
0.18,3610
0.19,3609
0.19,3608
0.20,3607
0.21,3606
0.22,3605
0.22,3604
0.23,3603
0.24,3602
0.24,3601
0.25,3600
0.25,3599
0.26,3598
0.26,3597
0.27,3596
0.28,3595
0.28,3594
0.29,3593
0.30,3592
0.30,3591
0.31,3590
0.31,3589
0.32,3588
0.33,3587
0.33,3586
0.34,3585
0.34,3584
0.35,3583
0.35,3582
0.36,3581
0.36,3580
0.37,3579
0.37,3578
0.38,3577
0.38,3576
0.38,3575
0.39,3574
0.39,3573
0.40,3572
0.40,3571
0.41,3570
0.41,3569
0.41,3568
0.42,3567
0.42,3566
0.43,3565
0.43,3564
0.43,3563
0.43,3562
0.44,3561
0.44,3560
0.44,3559
0.44,3558
0.45,3557
0.45,3556
0.45,3555
0.45,3554
0.45,3553
0.46,3552
0.46,3551
0.46,3550
0.46,3549
0.47,3548
0.47,3547
0.47,3546
0.47,3545
0.47,3544
0.48,3543
0.48,3542
0.48,3541
0.48,3540
0.48,3539
0.49,3538
0.49,3537
0.49,3536
0.49,3535
0.50,3534
0.50,3533
0.50,3532
0.50,3531
0.50,3530
0.51,3529
0.51,3528
0.51,3527
0.51,3526
0.51,3525
0.52,3524
0.52,3523
0.52,3522
0.52,3521
0.53,3520
0.53,3519
0.53,3518
0.53,3517
0.53,3516
0.54,3515
0.54,3514
0.54,3513
0.54,3512
0.54,3511
0.55,3510
0.55,3509
0.55,3508
0.55,3507
0.55,3506
0.56,3505
0.56,3504
0.56,3503
0.56,3502
0.56,3501
0.57,3500
0.57,3499
0.57,3498
0.57,3497
0.58,3496
0.58,3495
0.58,3494
0.58,3493
0.58,3492
0.59,3491
0.59,3490
0.59,3489
0.59,3488
0.59,3487
0.60,3486
0.60,3485
0.60,3484
0.61,3483
0.61,3482
0.61,3481
0.61,3480
0.61,3479
0.62,3478
0.62,3477
0.62,3476
0.62,3475
0.62,3474
0.63,3473
0.63,3472
0.63,3471
0.63,3470
0.63,3469
0.64,3468
0.64,3467
0.64,3466
0.64,3465
0.64,3464
0.65,3463
0.65,3462
0.65,3461
0.65,3460
0.65,3459
0.66,3458
0.66,3457
0.66,3456
0.66,3455
0.66,3454
0.67,3453
0.67,3452
0.67,3451
0.67,3450
0.67,3449
0.68,3448
0.68,3447
0.68,3446
0.68,3445
0.68,3444
0.69,3443
0.69,3442
0.69,3441
0.69,3440
0.69,3439
0.70,3438
0.70,3437
0.70,3436
0.70,3435
0.70,3434
0.71,3433
0.71,3432
0.71,3431
0.71,3430
0.71,3429
0.72,3428
0.72,3427
0.72,3426
0.72,3425
0.73,3424
0.73,3423
0.73,3422
0.73,3421
0.73,3420
0.74,3419
0.74,3418
0.74,3417
0.74,3416
0.74,3415
0.75,3414
0.75,3413
0.75,3412
0.75,3411
0.75,3410
0.76,3409
0.76,3408
0.76,3407
0.76,3406
0.76,3405
0.77,3404
0.77,3403
0.77,3402
0.77,3401
0.77,3400
0.78,3399
0.78,3398
0.78,3397
0.79,3396
0.79,3395
0.79,3394
0.79,3393
0.79,3392
0.80,3391
0.80,3390
0.80,3389
0.80,3388
0.80,3387
0.81,3386
0.81,3385
0.81,3384
0.81,3383
0.82,3382
0.82,3381
0.82,3380
0.82,3379
0.82,3378
0.83,3377
0.83,3376
0.83,3375
0.83,3374
0.83,3373
0.84,3372
0.84,3371
0.84,3370
0.84,3369
0.84,3368
0.85,3367
0.85,3366
0.85,3365
0.85,3364
0.85,3363
0.86,3362
0.86,3361
0.86,3360
0.86,3359
0.86,3358
0.87,3357
0.87,3356
0.87,3355
0.87,3354
0.87,3353
0.88,3352
0.88,3351
0.88,3350
0.88,3349
0.88,3348
0.89,3347
0.89,3346
0.89,3345
0.89,3344
0.89,3343
0.90,3342
0.90,3341
0.90,3340
0.90,3339
0.90,3338
0.91,3337
0.91,3336
0.91,3335
0.91,3334
0.91,3333
0.92,3332
0.92,3331
0.92,3330
0.92,3329
0.92,3328
0.93,3327
0.93,3326
0.93,3325
0.93,3324
0.93,3323
0.94,3322
0.94,3321
0.94,3320
0.94,3319
0.94,3318
0.95,3317
0.95,3316
0.95,3315
0.96,3314
0.96,3313
0.96,3312
0.96,3311
0.96,3310
0.97,3309
0.97,3308
0.97,3307
0.97,3306
0.97,3305
0.98,3304
0.98,3303
0.98,3302
0.98,3301
0.99,3300
0.99,3299
0.99,3298
0.99,3297
0.99,3296
1.00,3295
1.00,3294
1.00,3293
1.00,3292
1.01,3291
1.01,3290
1.01,3289
1.01,3288
1.01,3287
1.02,3286
1.02,3285
1.02,3284
1.02,3283
1.02,3282
1.03,3281
1.03,3280
1.03,3279
1.03,3278
1.03,3277
1.04,3276
1.04,3275
1.04,3274
1.04,3273
1.04,3272
1.05,3271
1.05,3270
1.05,3269
1.05,3268
1.05,3267
1.06,3266
1.06,3265
1.06,3264
1.06,3263
1.06,3262
1.07,3261
1.07,3260
1.07,3259
1.07,3258
1.07,3257
1.08,3256
1.08,3255
1.08,3254
1.08,3253
1.08,3252
1.09,3251
1.09,3250
1.09,3249
1.09,3248
1.09,3247
1.10,3246
1.10,3245
1.10,3244
1.10,3243
1.10,3242
1.11,3241
1.11,3240
1.11,3239
1.11,3238
1.11,3237
1.12,3236
1.12,3235
1.12,3234
1.12,3233
1.12,3232
1.13,3231
1.13,3230
1.13,3229
1.13,3228
1.13,3227
1.14,3226
1.14,3225
1.14,3224
1.14,3223
1.15,3222
1.15,3221
1.15,3220
1.15,3219
1.16,3218
1.16,3217
1.16,3216
1.16,3215
1.16,3214
1.17,3213
1.17,3212
1.17,3211
1.17,3210
1.18,3209
1.18,3208
1.18,3207
1.18,3206
1.19,3205
1.19,3204
1.19,3203
1.19,3202
1.19,3201
1.20,3200
1.20,3199
1.20,3198
1.20,3197
1.21,3196
1.21,3195
1.21,3194
1.21,3193
1.22,3192
1.22,3191
1.22,3190
1.22,3189
1.23,3188
1.23,3187
1.23,3186
1.23,3185
1.24,3184
1.24,3183
1.24,3182
1.24,3181
1.25,3180
1.25,3179
1.25,3178
1.25,3177
1.26,3176
1.26,3175
1.26,3174
1.26,3173
1.26,3172
1.27,3171
1.27,3170
1.27,3169
1.27,3168
1.28,3167
1.28,3166
1.28,3165
1.28,3164
1.29,3163
1.29,3162
1.29,3161
1.29,3160
1.30,3159
1.30,3158
1.30,3157
1.30,3156
1.31,3155
1.31,3154
1.31,3153
1.31,3152
1.32,3151
1.32,3150
1.32,3149
1.32,3148
1.32,3147
1.33,3146
1.33,3145
1.34,3144
1.34,3143
1.34,3142
1.34,3141
1.34,3140
1.35,3139
1.35,3138
1.35,3137
1.35,3136
1.35,3135
1.35,3134
1.36,3133
1.36,3132
1.36,3131
1.36,3130
1.36,3129
1.37,3128
1.37,3127
1.37,3126
1.37,3125
1.37,3124
1.38,3123
1.38,3122
1.38,3121
1.38,3120
1.38,3119
1.39,3118
1.39,3117
1.39,3116
1.39,3115
1.39,3114
1.40,3113
1.40,3112
1.40,3111
1.40,3110
1.40,3109
1.41,3108
1.41,3107
1.41,3106
1.41,3105
1.41,3104
1.42,3103
1.42,3102
1.42,3101
1.42,3100
1.42,3099
1.43,3098
1.43,3097
1.43,3096
1.43,3095
1.43,3094
1.43,3093
1.44,3092
1.44,3091
1.44,3090
1.44,3089
1.44,3088
1.45,3087
1.45,3086
1.45,3085
1.45,3084
1.45,3083
1.46,3082
1.46,3081
1.46,3080
1.46,3079
1.46,3078
1.47,3077
1.47,3076
1.47,3075
1.47,3074
1.47,3073
1.48,3072
1.48,3071
1.48,3070
1.48,3069
1.48,3068
1.49,3067
1.49,3066
1.49,3065
1.49,3064
1.49,3063
1.50,3062
1.50,3061
1.50,3060
1.50,3059
1.50,3058
1.51,3057
1.51,3056
1.51,3055
1.51,3054
1.51,3053
1.52,3052
1.52,3051
1.52,3050
1.52,3049
1.52,3048
1.53,3047
1.53,3046
1.53,3045
1.53,3044
1.53,3043
1.54,3042
1.54,3041
1.54,3040
1.54,3039
1.54,3038
1.55,3037
1.55,3036
1.55,3035
1.55,3034
1.55,3033
1.56,3032
1.56,3031
1.56,3030
1.56,3029
1.56,3028
1.57,3027
1.57,3026
1.57,3025
1.57,3024
1.57,3023
1.58,3022
1.58,3021
1.58,3020
1.58,3019
1.58,3018
1.59,3017
1.59,3016
1.59,3015
1.59,3014
1.59,3013
1.60,3012
1.60,3011
1.60,3010
1.60,3009
1.60,3008
1.61,3007
1.61,3006
1.61,3005
1.61,3004
1.61,3003
1.62,3002
1.62,3001
1.62,3000
1.62,2999
1.62,2998
1.63,2997
1.63,2996
1.63,2995
1.63,2994
1.63,2993
1.63,2992
1.64,2991
1.64,2990
1.64,2989
1.64,2988
1.64,2987
1.65,2986
1.65,2985
1.65,2984
1.65,2983
1.65,2982
1.66,2981
1.66,2980
1.66,2979
1.66,2978
1.66,2977
1.67,2976
1.67,2975
1.67,2974
1.67,2973
1.67,2972
1.67,2971
1.68,2970
1.68,2969
1.68,2968
1.69,2967
1.69,2966
1.69,2965
1.69,2964
1.69,2963
1.70,2962
1.70,2961
1.70,2960
1.70,2959
1.70,2958
1.71,2957
1.71,2956
1.71,2955
1.71,2954
1.71,2953
1.72,2952
1.72,2951
1.72,2950
1.72,2949
1.72,2948
1.73,2947
1.73,2946
1.73,2945
1.73,2944
1.73,2943
1.73,2942
1.74,2941
1.74,2940
1.74,2939
1.74,2938
1.74,2937
1.75,2936
1.75,2935
1.75,2934
1.75,2933
1.75,2932
1.76,2931
1.76,2930
1.76,2929
1.76,2928
1.76,2927
1.77,2926
1.77,2925
1.77,2924
1.77,2923
1.77,2922
1.78,2921
1.78,2920
1.78,2919
1.78,2918
1.78,2917
1.79,2916
1.79,2915
1.79,2914
1.79,2913
1.79,2912
1.80,2911
1.80,2910
1.80,2909
1.80,2908
1.80,2907
1.81,2906
1.81,2905
1.81,2904
1.81,2903
1.81,2902
1.82,2901
1.82,2900
1.82,2899
1.82,2898
1.82,2897
1.83,2896
1.83,2895
1.83,2894
1.83,2893
1.83,2892
1.84,2891
1.84,2890
1.84,2889
1.84,2888
1.85,2887
1.85,2886
1.85,2885
1.85,2884
1.85,2883
1.86,2882
1.86,2881
1.86,2880
1.86,2879
1.86,2878
1.87,2877
1.87,2876
1.87,2875
1.87,2874
1.87,2873
1.88,2872
1.88,2871
1.88,2870
1.88,2869
1.88,2868
1.89,2867
1.89,2866
1.89,2865
1.89,2864
1.89,2863
1.90,2862
1.90,2861
1.90,2860
1.90,2859
1.90,2858
1.91,2857
1.91,2856
1.91,2855
1.91,2854
1.91,2853
1.92,2852
1.92,2851
1.92,2850
1.92,2849
1.92,2848
1.93,2847
1.93,2846
1.93,2845
1.93,2844
1.93,2843
1.94,2842
1.94,2841
1.94,2840
1.94,2839
1.94,2838
1.95,2837
1.95,2836
1.95,2835
1.95,2834
1.95,2833
1.96,2832
1.96,2831
1.96,2830
1.96,2829
1.96,2828
1.97,2827
1.97,2826
1.97,2825
1.97,2824
1.97,2823
1.98,2822
1.98,2821
1.98,2820
1.98,2819
1.98,2818
1.99,2817
1.99,2816
1.99,2815
1.99,2814
1.99,2813
2.00,2812
2.00,2811
2.00,2810
2.00,2809
2.00,2808
2.01,2807
2.01,2806
2.01,2805
2.01,2804
2.01,2803
2.02,2802
2.02,2801
2.02,2800
2.02,2799
2.02,2798
2.03,2797
2.03,2796
2.03,2795
2.03,2794
2.03,2793
2.04,2792
2.04,2791
2.04,2790
2.04,2789
2.04,2788
2.05,2787
2.05,2786
2.05,2785
2.05,2784
2.05,2783
2.06,2782
2.06,2781
2.06,2780
2.06,2779
2.06,2778
2.07,2777
2.07,2776
2.07,2775
2.07,2774
2.08,2773
2.08,2772
2.08,2771
2.08,2770
2.09,2769
2.09,2768
2.09,2767
2.09,2766
2.09,2765
2.10,2764
2.10,2763
2.10,2762
2.10,2761
2.10,2760
2.11,2759
2.11,2758
2.11,2757
2.11,2756
2.12,2755
2.12,2754
2.12,2753
2.12,2752
2.13,2751
2.13,2750
2.13,2749
2.13,2748
2.14,2747
2.14,2746
2.14,2745
2.14,2744
2.15,2743
2.15,2742
2.15,2741
2.15,2740
2.15,2739
2.16,2738
2.16,2737
2.16,2736
2.16,2735
2.17,2734
2.17,2733
2.17,2732
2.17,2731
2.18,2730
2.18,2729
2.18,2728
2.18,2727
2.19,2726
2.19,2725
2.19,2724
2.19,2723
2.20,2722
2.20,2721
2.20,2720
2.20,2719
2.20,2718
2.21,2717
2.21,2716
2.21,2715
2.21,2714
2.22,2713
2.22,2712
2.22,2711
2.22,2710
2.23,2709
2.23,2708
2.23,2707
2.23,2706
2.24,2705
2.24,2704
2.24,2703
2.24,2702
2.25,2701
2.25,2700
2.25,2699
2.25,2698
2.26,2697
2.26,2696
2.26,2695
2.26,2694
2.27,2693
2.27,2692
2.27,2691
2.27,2690
2.27,2689
2.28,2688
2.28,2687
2.28,2686
2.28,2685
2.29,2684
2.29,2683
2.29,2682
2.29,2681
2.30,2680
2.30,2679
2.30,2678
2.30,2677
2.31,2676
2.31,2675
2.31,2674
2.31,2673
2.32,2672
2.32,2671
2.32,2670
2.32,2669
2.33,2668
2.33,2667
2.33,2666
2.33,2665
2.34,2664
2.34,2663
2.34,2662
2.34,2661
2.34,2660
2.35,2659
2.35,2658
2.35,2657
2.35,2656
2.36,2655
2.36,2654
2.36,2653
2.36,2652
2.37,2651
2.37,2650
2.37,2649
2.37,2648
2.38,2647
2.38,2646
2.38,2645
2.38,2644
2.38,2643
2.39,2642
2.39,2641
2.39,2640
2.39,2639
2.40,2638
2.40,2637
2.40,2636
2.40,2635
2.41,2634
2.41,2633
2.41,2632
2.41,2631
2.42,2630
2.42,2629
2.42,2628
2.42,2627
2.42,2626
2.43,2625
2.43,2624
2.43,2623
2.43,2622
2.44,2621
2.44,2620
2.44,2619
2.44,2618
2.45,2617
2.45,2616
2.45,2615
2.45,2614
2.46,2613
2.46,2612
2.46,2611
2.46,2610
2.46,2609
2.47,2608
2.47,2607
2.47,2606
2.47,2605
2.48,2604
2.48,2603
2.48,2602
2.48,2601
2.49,2600
2.49,2599
2.49,2598
2.49,2597
2.49,2596
2.50,2595
2.50,2594
2.50,2593
2.51,2592
2.51,2591
2.51,2590
2.51,2589
2.51,2588
2.52,2587
2.52,2586
2.52,2585
2.52,2584
2.52,2583
2.52,2582
2.53,2581
2.53,2580
2.53,2579
2.53,2578
2.53,2577
2.54,2576
2.54,2575
2.54,2574
2.54,2573
2.54,2572
2.54,2571
2.55,2570
2.55,2569
2.55,2568
2.55,2567
2.55,2566
2.56,2565
2.56,2564
2.56,2563
2.56,2562
2.56,2561
2.56,2560
2.57,2559
2.57,2558
2.57,2557
2.57,2556
2.57,2555
2.58,2554
2.58,2553
2.58,2552
2.58,2551
2.58,2550
2.58,2549
2.59,2548
2.59,2547
2.59,2546
2.59,2545
2.59,2544
2.60,2543
2.60,2542
2.60,2541
2.60,2540
2.60,2539
2.60,2538
2.61,2537
2.61,2536
2.61,2535
2.61,2534
2.61,2533
2.62,2532
2.62,2531
2.62,2530
2.62,2529
2.62,2528
2.63,2527
2.63,2526
2.63,2525
2.63,2524
2.63,2523
2.63,2522
2.64,2521
2.64,2520
2.64,2519
2.64,2518
2.64,2517
2.65,2516
2.65,2515
2.65,2514
2.65,2513
2.65,2512
2.65,2511
2.66,2510
2.66,2509
2.66,2508
2.66,2507
2.66,2506
2.67,2505
2.67,2504
2.67,2503
2.67,2502
2.67,2501
2.67,2500
2.68,2499
2.68,2498
2.68,2497
2.68,2496
2.68,2495
2.69,2494
2.69,2493
2.69,2492
2.69,2491
2.69,2490
2.69,2489
2.70,2488
2.70,2487
2.70,2486
2.70,2485
2.70,2484
2.71,2483
2.71,2482
2.71,2481
2.71,2480
2.71,2479
2.71,2478
2.72,2477
2.72,2476
2.72,2475
2.72,2474
2.72,2473
2.73,2472
2.73,2471
2.73,2470
2.73,2469
2.73,2468
2.73,2467
2.74,2466
2.74,2465
2.74,2464
2.74,2463
2.74,2462
2.75,2461
2.75,2460
2.75,2459
2.75,2458
2.75,2457
2.76,2456
2.76,2455
2.76,2454
2.76,2453
2.76,2452
2.76,2451
2.77,2450
2.77,2449
2.77,2448
2.77,2447
2.77,2446
2.78,2445
2.78,2444
2.78,2443
2.78,2442
2.78,2441
2.78,2440
2.79,2439
2.79,2438
2.79,2437
2.79,2436
2.79,2435
2.80,2434
2.80,2433
2.80,2432
2.80,2431
2.80,2430
2.81,2429
2.81,2428
2.81,2427
2.81,2426
2.81,2425
2.81,2424
2.82,2423
2.82,2422
2.82,2421
2.82,2420
2.82,2419
2.83,2418
2.83,2417
2.83,2416
2.83,2415
2.83,2414
2.83,2413
2.84,2412
2.84,2411
2.84,2410
2.84,2409
2.84,2408
2.85,2407
2.85,2406
2.85,2405
2.85,2404
2.85,2403
2.86,2402
2.86,2401
2.86,2400
2.86,2399
2.86,2398
2.86,2397
2.87,2396
2.87,2395
2.87,2394
2.87,2393
2.87,2392
2.88,2391
2.88,2390
2.88,2389
2.88,2388
2.88,2387
2.88,2386
2.89,2385
2.89,2384
2.89,2383
2.89,2382
2.89,2381
2.90,2380
2.90,2379
2.90,2378
2.90,2377
2.90,2376
2.90,2375
2.91,2374
2.91,2373
2.91,2372
2.91,2371
2.91,2370
2.91,2369
2.92,2368
2.92,2367
2.92,2366
2.92,2365
2.92,2364
2.93,2363
2.93,2362
2.93,2361
2.93,2360
2.93,2359
2.93,2358
2.94,2357
2.94,2356
2.94,2355
2.95,2354
