1.07,6876
1.19,6875
1.22,6874
1.24,6873
1.27,6872
1.29,6871
1.31,6870
1.34,6869
1.36,6868
1.37,6867
1.39,6866
1.41,6865
1.42,6864
1.44,6863
1.45,6862
1.47,6861
1.48,6860
1.50,6859
1.51,6858
1.53,6857
1.54,6856
1.56,6855
1.57,6854
1.59,6853
1.60,6852
1.62,6851
1.63,6850
1.65,6849
1.67,6848
1.68,6847
1.70,6846
1.71,6845
1.73,6844
1.74,6843
1.76,6842
1.77,6841
1.79,6840
1.80,6839
1.82,6838
1.83,6837
1.85,6836
1.86,6835
1.88,6834
1.89,6833
1.91,6832
1.93,6831
1.94,6830
1.96,6829
1.98,6828
2.00,6827
2.02,6826
2.03,6825
2.05,6824
2.06,6823
2.08,6822
2.09,6821
2.11,6820
2.12,6819
2.14,6818
2.15,6817
2.17,6816
2.19,6815
2.20,6814
2.22,6813
2.23,6812
2.25,6811
2.27,6810
2.28,6809
2.30,6808
2.31,6807
2.33,6806
2.34,6805
2.36,6804
2.37,6803
2.39,6802
2.40,6801
2.42,6800
2.44,6799
2.45,6798
2.47,6797
2.48,6796
2.50,6795
2.51,6794
2.53,6793
2.55,6792
2.56,6791
2.58,6790
2.59,6789
2.61,6788
2.62,6787
2.64,6786
2.65,6785
2.67,6784
2.68,6783
2.70,6782
2.71,6781
2.73,6780
2.75,6779
2.76,6778
2.78,6777
2.80,6776
2.82,6775
2.83,6774
2.85,6773
2.87,6772
2.89,6771
2.90,6770
2.92,6769
2.94,6768
2.95,6767
2.97,6766
3.01,6765
3.03,6764
3.04,6763
3.06,6762
3.08,6761
3.10,6760
3.11,6759
3.13,6758
3.15,6757
3.16,6756
3.18,6755
3.20,6754
3.21,6753
3.23,6752
3.25,6751
3.27,6750
3.28,6749
3.31,6748
3.33,6747
3.34,6746
3.36,6745
3.37,6744
3.39,6743
3.40,6742
3.42,6741
3.44,6740
3.45,6739
3.47,6738
3.48,6737
3.50,6736
3.51,6735
3.53,6734
3.54,6733
3.56,6732
3.57,6731
3.59,6730
3.60,6729
3.62,6728
3.64,6727
3.65,6726
3.67,6725
3.68,6724
3.70,6723
3.71,6722
3.73,6721
3.74,6720
3.76,6719
3.77,6718
3.79,6717
3.80,6716
3.82,6715
3.83,6714
3.85,6713
3.86,6712
3.88,6711
3.89,6710
3.91,6709
3.92,6708
3.94,6707
3.96,6706
3.97,6705
3.99,6704
4.00,6703
4.02,6702
4.03,6701
4.05,6700
4.06,6699
4.08,6698
4.09,6697
4.11,6696
4.12,6695
4.13,6694
4.15,6693
4.16,6692
4.18,6691
4.19,6690
4.21,6689
4.22,6688
4.24,6687
4.25,6686
4.27,6685
4.28,6684
4.30,6683
4.31,6682
4.33,6681
4.34,6680
4.36,6679
4.37,6678
4.39,6677
4.40,6676
4.42,6675
4.43,6674
4.45,6673
4.46,6672
4.48,6671
4.49,6670
4.51,6669
4.52,6668
4.55,6667
4.56,6666
4.58,6665
4.59,6664
4.61,6663
4.62,6662
4.64,6661
4.65,6660
4.67,6659
4.68,6658
4.71,6657
4.72,6656
4.74,6655
4.75,6654
4.77,6653
4.78,6652
4.80,6651
4.81,6650
4.83,6649
4.84,6648
4.85,6647
4.87,6646
4.88,6645
4.90,6644
4.91,6643
4.93,6642
4.94,6641
4.96,6640
4.97,6639
4.99,6638
5.00,6637
5.01,6636
5.03,6635
5.04,6634
5.06,6633
5.07,6632
5.09,6631
5.10,6630
5.13,6629
5.14,6628
5.15,6627
5.17,6626
5.18,6625
5.20,6624
5.21,6623
5.23,6622
5.24,6621
5.26,6620
5.30,6619
5.31,6618
5.33,6617
5.34,6616
5.36,6615
5.37,6614
5.39,6613
5.41,6612
5.42,6611
5.46,6610
5.47,6609
5.52,6608
5.53,6607
5.55,6606
5.56,6605
5.57,6604
5.59,6603
5.60,6602
5.62,6601
5.63,6600
5.65,6599
5.66,6598
5.68,6597
5.69,6596
5.70,6595
5.72,6594
5.73,6593
5.75,6592
5.77,6591
5.78,6590
5.80,6589
5.82,6588
5.83,6587
5.85,6586
5.86,6585
5.88,6584
5.89,6583
5.91,6582
5.93,6581
5.94,6580
5.96,6579
5.99,6578
6.00,6577
6.02,6576
6.03,6575
6.05,6574
6.07,6573
6.08,6572
6.10,6571
6.11,6570
6.13,6569
6.15,6568
6.16,6567
6.18,6566
6.20,6565
6.21,6564
6.23,6563
6.25,6562
6.32,6561
6.34,6560
6.36,6559
6.38,6558
6.39,6557
6.41,6556
6.42,6555
6.44,6554
6.46,6553
6.47,6552
6.49,6551
6.50,6550
6.52,6549
6.54,6548
6.55,6547
6.57,6546
6.59,6545
6.61,6544
6.63,6543
6.64,6542
6.68,6541
6.69,6540
6.71,6539
6.73,6538
6.74,6537
6.76,6536
6.77,6535
6.79,6534
6.82,6533
6.85,6532
6.86,6531
6.88,6530
6.90,6529
6.91,6528
6.93,6527
6.94,6526
6.96,6525
6.98,6524
6.99,6523
7.01,6522
7.03,6521
7.04,6520
7.06,6519
7.08,6518
7.10,6517
7.11,6516
7.13,6515
7.18,6514
7.21,6513
7.22,6512
7.24,6511
7.25,6510
7.29,6509
7.30,6508
7.32,6507
7.33,6506
7.35,6505
7.36,6504
7.38,6503
7.42,6502
7.44,6501
7.45,6500
7.47,6499
7.50,6498
7.52,6497
7.54,6496
7.56,6495
7.58,6494
7.59,6493
7.61,6492
7.62,6491
7.64,6490
7.65,6489
7.67,6488
7.68,6487
7.70,6486
7.71,6485
7.73,6484
7.78,6483
7.80,6482
7.83,6481
7.84,6480
7.86,6479
7.87,6478
7.89,6477
7.92,6476
7.93,6475
7.95,6474
7.96,6473
8.00,6472
8.01,6471
8.03,6470
8.13,6469
8.15,6468
8.16,6467
8.17,6466
8.19,6465
8.20,6464
8.23,6463
8.24,6462
8.26,6461
8.27,6460
8.29,6459
8.30,6458
8.32,6457
8.33,6456
8.35,6455
8.36,6454
8.38,6453
8.39,6452
8.41,6451
8.42,6450
8.44,6449
8.45,6448
8.47,6447
8.48,6446
8.50,6445
8.51,6444
8.53,6443
8.54,6442
8.56,6441
8.57,6440
8.59,6439
8.60,6438
8.62,6437
8.63,6436
8.65,6435
8.66,6434
8.68,6433
8.69,6432
8.71,6431
8.72,6430
8.74,6429
8.75,6428
8.77,6427
8.79,6426
8.81,6425
8.82,6424
8.84,6423
8.85,6422
8.87,6421
8.88,6420
8.90,6419
8.91,6418
8.93,6417
8.94,6416
8.96,6415
8.97,6414
8.99,6413
9.00,6412
9.02,6411
9.03,6410
9.05,6409
9.06,6408
9.08,6407
9.10,6406
9.11,6405
9.13,6404
9.14,6403
9.16,6402
9.17,6401
9.19,6400
9.21,6399
9.22,6398
9.24,6397
9.25,6396
9.27,6395
9.28,6394
9.30,6393
9.31,6392
9.33,6391
9.35,6390
9.36,6389
9.38,6388
9.39,6387
9.41,6386
9.43,6385
9.44,6384
9.46,6383
9.47,6382
9.50,6381
9.51,6380
9.53,6379
9.55,6378
9.56,6377
9.58,6376
9.59,6375
9.61,6374
9.64,6373
9.66,6372
9.67,6371
9.69,6370
9.70,6369
9.72,6368
9.73,6367
9.75,6366
9.77,6365
9.78,6364
9.80,6363
9.82,6362
9.84,6361
9.85,6360
9.87,6359
9.89,6358
9.90,6357
9.92,6356
9.93,6355
9.95,6354
9.97,6353
9.98,6352
10.00,6351
10.01,6350
10.03,6349
10.04,6348
10.06,6347
10.07,6346
10.09,6345
10.11,6344
10.12,6343
10.14,6342
10.15,6341
10.17,6340
10.18,6339
10.20,6338
10.22,6337
10.23,6336
10.25,6335
10.26,6334
10.28,6333
10.29,6332
10.31,6331
10.32,6330
10.34,6329
10.35,6328
10.37,6327
10.39,6326
10.40,6325
10.42,6324
10.43,6323
10.45,6322
10.47,6321
10.48,6320
10.50,6319
10.51,6318
10.53,6317
10.55,6316
10.56,6315
10.58,6314
10.59,6313
10.61,6312
10.62,6311
10.64,6310
10.66,6309
10.67,6308
10.69,6307
10.70,6306
10.72,6305
10.74,6304
10.75,6303
10.77,6302
10.78,6301
10.80,6300
10.82,6299
10.83,6298
10.85,6297
10.86,6296
10.88,6295
10.90,6294
10.91,6293
10.93,6292
10.94,6291
10.96,6290
10.98,6289
11.01,6288
11.02,6287
11.04,6286
11.05,6285
11.07,6284
11.08,6283
11.10,6282
11.12,6281
11.13,6280
11.15,6279
11.16,6278
11.18,6277
11.20,6276
11.21,6275
11.23,6274
11.24,6273
11.26,6272
11.28,6271
11.29,6270
11.31,6269
11.32,6268
11.34,6267
11.35,6266
11.37,6265
11.38,6264
11.40,6263
11.41,6262
11.45,6261
11.47,6260
11.49,6259
11.50,6258
11.52,6257
11.53,6256
11.55,6255
11.56,6254
11.58,6253
11.59,6252
11.61,6251
11.63,6250
11.64,6249
11.66,6248
11.67,6247
11.69,6246
11.70,6245
11.72,6244
11.74,6243
11.75,6242
11.77,6241
11.78,6240
11.80,6239
11.82,6238
11.83,6237
11.85,6236
11.86,6235
11.88,6234
11.89,6233
11.91,6232
11.93,6231
11.94,6230
11.96,6229
11.97,6228
11.99,6227
12.01,6226
12.02,6225
12.04,6224
12.05,6223
12.07,6222
12.09,6221
12.10,6220
12.12,6219
12.13,6218
12.15,6217
12.16,6216
12.18,6215
12.19,6214
12.22,6213
12.23,6212
12.25,6211
12.26,6210
12.28,6209
12.30,6208
12.31,6207
12.33,6206
12.35,6205
12.36,6204
12.38,6203
12.40,6202
12.42,6201
12.43,6200
12.45,6199
12.46,6198
12.48,6197
12.50,6196
12.51,6195
12.53,6194
12.54,6193
12.56,6192
12.57,6191
12.59,6190
12.60,6189
12.62,6188
12.64,6187
12.66,6186
12.67,6185
12.69,6184
12.71,6183
12.73,6182
12.75,6181
12.76,6180
12.78,6179
12.79,6178
12.81,6177
12.83,6176
12.84,6175
12.86,6174
12.88,6173
12.90,6172
12.91,6171
12.93,6170
12.95,6169
12.97,6168
12.98,6167
13.00,6166
13.02,6165
13.03,6164
13.05,6163
13.07,6162
13.09,6161
13.10,6160
13.12,6159
13.14,6158
13.16,6157
13.17,6156
13.19,6155
13.21,6154
13.23,6153
13.24,6152
13.26,6151
13.28,6150
13.29,6149
13.31,6148
13.33,6147
13.34,6146
13.36,6145
13.38,6144
13.40,6143
13.42,6142
13.43,6141
13.45,6140
13.47,6139
13.49,6138
13.50,6137
13.52,6136
13.54,6135
13.56,6134
13.57,6133
13.59,6132
13.61,6131
13.63,6130
13.64,6129
13.66,6128
13.68,6127
13.70,6126
13.71,6125
13.73,6124
13.75,6123
13.77,6122
13.79,6121
13.80,6120
13.82,6119
13.84,6118
13.85,6117
13.87,6116
13.89,6115
13.90,6114
13.92,6113
13.94,6112
13.95,6111
13.97,6110
13.99,6109
14.00,6108
14.02,6107
14.04,6106
14.05,6105
14.07,6104
14.09,6103
14.10,6102
14.12,6101
14.14,6100
14.15,6099
14.17,6098
14.19,6097
14.20,6096
14.22,6095
14.24,6094
14.25,6093
14.27,6092
14.29,6091
14.30,6090
14.32,6089
14.34,6088
14.35,6087
14.37,6086
14.39,6085
14.42,6084
14.43,6083
14.45,6082
14.47,6081
14.49,6080
14.50,6079
14.52,6078
14.54,6077
14.55,6076
14.57,6075
14.59,6074
14.60,6073
14.62,6072
14.64,6071
14.66,6070
14.68,6069
14.69,6068
14.71,6067
14.73,6066
14.75,6065
14.76,6064
14.78,6063
14.80,6062
14.82,6061
14.83,6060
14.85,6059
14.87,6058
14.88,6057
14.90,6056
14.92,6055
14.94,6054
14.95,6053
14.97,6052
14.99,6051
15.01,6050
15.02,6049
15.04,6048
15.06,6047
15.08,6046
15.09,6045
15.11,6044
15.13,6043
15.15,6042
15.17,6041
15.18,6040
15.20,6039
15.22,6038
15.24,6037
15.25,6036
15.27,6035
15.29,6034
15.30,6033
15.32,6032
15.34,6031
15.36,6030
15.38,6029
15.39,6028
15.41,6027
15.43,6026
15.45,6025
15.46,6024
15.48,6023
15.50,6022
15.52,6021
15.53,6020
15.55,6019
15.57,6018
15.58,6017
15.60,6016
15.62,6015
15.64,6014
15.65,6013
15.67,6012
15.68,6011
15.70,6010
15.71,6009
15.73,6008
15.75,6007
15.76,6006
15.78,6005
15.79,6004
15.81,6003
15.82,6002
15.84,6001
15.86,6000
15.87,5999
15.89,5998
15.90,5997
15.92,5996
15.93,5995
15.95,5994
15.97,5993
15.98,5992
16.00,5991
16.01,5990
16.03,5989
16.04,5988
16.06,5987
16.07,5986
16.09,5985
16.10,5984
16.12,5983
16.14,5982
16.15,5981
16.17,5980
16.18,5979
16.20,5978
16.21,5977
16.23,5976
16.24,5975
16.26,5974
16.27,5973
16.29,5972
16.30,5971
16.32,5970
16.34,5969
16.35,5968
16.37,5967
16.38,5966
16.40,5965
16.41,5964
16.43,5963
16.44,5962
16.46,5961
16.48,5960
16.49,5959
16.51,5958
16.52,5957
16.54,5956
16.55,5955
16.57,5954
16.58,5953
16.60,5952
16.62,5951
16.63,5950
16.65,5949
16.67,5948
16.69,5947
16.70,5946
16.71,5945
16.73,5944
16.74,5943
16.76,5942
16.78,5941
16.79,5940
16.81,5939
16.82,5938
16.84,5937
16.85,5936
16.87,5935
16.88,5934
16.90,5933
16.91,5932
16.93,5931
16.95,5930
16.96,5929
16.98,5928
16.99,5927
17.01,5926
17.02,5925
17.04,5924
17.06,5923
17.07,5922
17.09,5921
17.10,5920
17.12,5919
17.14,5918
17.15,5917
17.17,5916
17.18,5915
17.20,5914
17.21,5913
17.23,5912
17.24,5911
17.26,5910
17.28,5909
17.29,5908
17.31,5907
17.32,5906
17.34,5905
17.35,5904
17.37,5903
17.39,5902
17.40,5901
17.42,5900
17.43,5899
17.45,5898
17.46,5897
17.48,5896
17.49,5895
17.51,5894
17.53,5893
17.54,5892
17.56,5891
17.57,5890
17.59,5889
17.60,5888
17.62,5887
17.64,5886
17.65,5885
17.67,5884
17.68,5883
17.70,5882
17.72,5881
17.73,5880
17.75,5879
17.76,5878
17.78,5877
17.79,5876
17.81,5875
17.83,5874
17.84,5873
17.86,5872
17.87,5871
17.89,5870
17.90,5869
17.92,5868
17.94,5867
17.95,5866
17.97,5865
17.98,5864
18.00,5863
18.02,5862
18.03,5861
18.05,5860
18.06,5859
18.08,5858
18.09,5857
18.11,5856
18.12,5855
18.14,5854
18.15,5853
18.17,5852
18.18,5851
18.20,5850
18.22,5849
18.23,5848
18.24,5847
18.26,5846
18.28,5845
18.30,5844
18.31,5843
18.33,5842
18.35,5841
18.36,5840
18.38,5839
18.39,5838
18.41,5837
18.42,5836
18.44,5835
18.45,5834
18.47,5833
18.49,5832
18.50,5831
18.52,5830
18.54,5829
18.55,5828
18.57,5827
18.58,5826
18.60,5825
18.62,5824
18.63,5823
18.65,5822
18.66,5821
18.68,5820
18.70,5819
18.71,5818
18.73,5817
18.74,5816
18.76,5815
18.77,5814
18.79,5813
18.80,5812
18.82,5811
18.83,5810
18.85,5809
18.87,5808
18.88,5807
18.90,5806
18.91,5805
18.93,5804
18.94,5803
18.96,5802
18.98,5801
18.99,5800
19.01,5799
19.02,5798
19.04,5797
19.05,5796
19.07,5795
19.08,5794
19.10,5793
19.12,5792
19.13,5791
19.15,5790
19.16,5789
19.18,5788
19.20,5787
19.21,5786
19.23,5785
19.25,5784
19.26,5783
19.28,5782
19.29,5781
19.31,5780
19.33,5779
19.34,5778
19.36,5777
19.37,5776
19.39,5775
19.40,5774
19.42,5773
19.44,5772
19.45,5771
19.47,5770
19.48,5769
19.50,5768
19.52,5767
19.53,5766
19.55,5765
19.56,5764
19.58,5763
19.60,5762
19.61,5761
19.63,5760
19.64,5759
19.66,5758
19.68,5757
19.69,5756
19.71,5755
19.72,5754
19.74,5753
19.75,5752
19.77,5751
19.79,5750
19.80,5749
19.82,5748
19.84,5747
19.85,5746
19.87,5745
19.89,5744
19.90,5743
19.92,5742
19.93,5741
19.95,5740
19.96,5739
19.98,5738
20.00,5737
20.01,5736
20.03,5735
20.05,5734
20.06,5733
20.08,5732
20.09,5731
20.11,5730
20.12,5729
20.14,5728
20.15,5727
20.17,5726
20.19,5725
20.20,5724
20.22,5723
20.23,5722
20.25,5721
20.26,5720
20.28,5719
20.30,5718
20.31,5717
20.33,5716
20.34,5715
20.36,5714
20.38,5713
20.39,5712
20.41,5711
20.42,5710
20.44,5709
20.45,5708
20.47,5707
20.49,5706
20.50,5705
20.52,5704
20.53,5703
20.55,5702
20.57,5701
20.58,5700
20.60,5699
20.61,5698
20.63,5697
20.64,5696
20.66,5695
20.68,5694
20.69,5693
20.71,5692
20.72,5691
20.74,5690
20.75,5689
20.77,5688
20.78,5687
20.80,5686
20.82,5685
20.83,5684
20.85,5683
20.86,5682
20.88,5681
20.90,5680
20.91,5679
20.93,5678
20.94,5677
20.96,5676
20.97,5675
20.99,5674
21.00,5673
21.02,5672
21.04,5671
21.05,5670
21.07,5669
21.08,5668
21.10,5667
21.11,5666
21.13,5665
21.15,5664
21.16,5663
21.18,5662
21.19,5661
21.21,5660
21.23,5659
21.24,5658
21.26,5657
21.27,5656
21.29,5655
21.30,5654
21.32,5653
21.33,5652
21.35,5651
21.37,5650
21.38,5649
21.40,5648
21.41,5647
21.43,5646
21.44,5645
21.46,5644
21.47,5643
21.49,5642
21.50,5641
21.52,5640
21.54,5639
21.55,5638
21.57,5637
21.58,5636
21.60,5635
21.61,5634
21.63,5633
21.64,5632
21.66,5631
21.68,5630
21.69,5629
21.71,5628
21.72,5627
21.74,5626
21.75,5625
21.77,5624
21.78,5623
21.80,5622
21.81,5621
21.83,5620
21.84,5619
21.86,5618
21.88,5617
21.89,5616
21.91,5615
21.92,5614
21.94,5613
21.95,5612
21.97,5611
21.98,5610
22.00,5609
22.01,5608
22.03,5607
22.05,5606
22.06,5605
22.08,5604
22.09,5603
22.11,5602
22.12,5601
22.14,5600
22.15,5599
22.17,5598
22.19,5597
22.20,5596
22.22,5595
22.23,5594
22.25,5593
22.26,5592
22.28,5591
22.29,5590
22.31,5589
22.32,5588
22.34,5587
22.36,5586
22.37,5585
22.39,5584
22.40,5583
22.42,5582
22.43,5581
22.45,5580
22.46,5579
22.48,5578
22.49,5577
22.51,5576
22.53,5575
22.54,5574
22.56,5573
22.57,5572
22.59,5571
22.60,5570
22.62,5569
22.63,5568
22.65,5567
22.67,5566
22.68,5565
22.70,5564
22.71,5563
22.73,5562
22.74,5561
22.76,5560
22.77,5559
22.79,5558
22.80,5557
22.82,5556
22.84,5555
22.85,5554
22.87,5553
22.88,5552
22.90,5551
22.91,5550
22.93,5549
22.94,5548
22.96,5547
22.97,5546
22.99,5545
23.00,5544
23.02,5543
23.03,5542
23.05,5541
23.07,5540
23.08,5539
23.10,5538
23.11,5537
23.13,5536
23.14,5535
23.16,5534
23.17,5533
23.19,5532
23.20,5531
23.22,5530
23.24,5529
23.25,5528
23.27,5527
23.28,5526
23.30,5525
23.31,5524
23.33,5523
23.34,5522
23.36,5521
23.37,5520
23.39,5519
23.40,5518
23.42,5517
23.43,5516
23.45,5515
23.46,5514
23.48,5513
23.50,5512
23.51,5511
23.53,5510
23.54,5509
23.56,5508
23.57,5507
23.59,5506
23.60,5505
23.62,5504
23.63,5503
23.65,5502
23.66,5501
23.68,5500
23.69,5499
23.71,5498
23.72,5497
23.74,5496
23.75,5495
23.77,5494
23.78,5493
23.80,5492
23.81,5491
23.83,5490
23.84,5489
23.86,5488
23.87,5487
23.89,5486
23.90,5485
23.92,5484
23.93,5483
23.94,5482
23.96,5481
23.97,5480
23.99,5479
24.00,5478
24.02,5477
24.03,5476
24.05,5475
24.06,5474
24.08,5473
24.09,5472
24.11,5471
24.12,5470
24.14,5469
24.15,5468
24.17,5467
24.18,5466
24.19,5465
24.21,5464
24.22,5463
24.24,5462
24.25,5461
24.27,5460
24.28,5459
24.30,5458
24.31,5457
24.33,5456
24.34,5455
24.36,5454
24.37,5453
24.39,5452
24.40,5451
24.42,5450
24.43,5449
24.45,5448
24.46,5447
24.48,5446
24.50,5445
24.51,5444
24.53,5443
24.54,5442
24.56,5441
24.57,5440
24.59,5439
24.60,5438
24.62,5437
24.63,5436
24.65,5435
24.66,5434
24.68,5433
24.69,5432
24.71,5431
24.73,5430
24.74,5429
24.75,5428
24.77,5427
24.79,5426
24.80,5425
24.82,5424
24.83,5423
24.85,5422
24.86,5421
24.88,5420
24.89,5419
24.91,5418
24.92,5417
24.94,5416
24.95,5415
24.97,5414
24.98,5413
25.00,5412
25.01,5411
25.03,5410
25.04,5409
25.06,5408
25.07,5407
25.09,5406
25.10,5405
25.12,5404
25.13,5403
25.15,5402
25.16,5401
25.18,5400
25.19,5399
25.21,5398
25.22,5397
25.24,5396
25.25,5395
25.27,5394
25.28,5393
25.30,5392
25.31,5391
25.33,5390
25.34,5389
25.36,5388
25.37,5387
25.39,5386
25.40,5385
25.42,5384
25.43,5383
25.45,5382
25.46,5381
25.48,5380
25.49,5379
25.51,5378
25.52,5377
25.54,5376
25.55,5375
25.57,5374
25.58,5373
25.60,5372
25.61,5371
25.63,5370
25.64,5369
25.66,5368
25.67,5367
25.69,5366
25.70,5365
25.72,5364
25.73,5363
25.75,5362
25.76,5361
25.78,5360
25.79,5359
25.81,5358
25.82,5357
25.84,5356
25.85,5355
25.87,5354
25.88,5353
25.90,5352
25.91,5351
25.93,5350
25.94,5349
25.96,5348
25.97,5347
25.99,5346
26.00,5345
26.02,5344
26.03,5343
26.05,5342
26.06,5341
26.08,5340
26.09,5339
26.11,5338
26.12,5337
26.14,5336
26.15,5335
26.17,5334
26.18,5333
26.20,5332
26.21,5331
26.23,5330
26.24,5329
26.26,5328
26.27,5327
26.29,5326
26.30,5325
26.32,5324
26.33,5323
26.35,5322
26.36,5321
26.38,5320
26.39,5319
26.41,5318
26.42,5317
26.44,5316
26.45,5315
26.47,5314
26.48,5313
26.50,5312
26.51,5311
26.53,5310
26.54,5309
26.56,5308
26.57,5307
26.59,5306
26.60,5305
26.62,5304
26.63,5303
26.65,5302
26.66,5301
26.68,5300
26.69,5299
26.71,5298
26.72,5297
26.74,5296
26.75,5295
26.77,5294
26.78,5293
26.80,5292
26.81,5291
26.83,5290
26.84,5289
26.86,5288
26.87,5287
26.89,5286
26.90,5285
26.92,5284
26.93,5283
26.95,5282
26.96,5281
26.98,5280
26.99,5279
27.00,5278
27.02,5277
27.03,5276
27.05,5275
27.06,5274
27.08,5273
27.09,5272
27.11,5271
27.12,5270
27.14,5269
27.15,5268
27.17,5267
27.18,5266
27.20,5265
27.21,5264
27.23,5263
27.24,5262
27.25,5261
27.27,5260
27.28,5259
27.30,5258
27.31,5257
27.33,5256
27.34,5255
27.36,5254
27.37,5253
27.39,5252
27.40,5251
27.42,5250
27.43,5249
27.45,5248
27.46,5247
27.48,5246
27.49,5245
27.50,5244
27.52,5243
27.53,5242
27.55,5241
27.56,5240
27.58,5239
27.59,5238
27.61,5237
27.62,5236
27.64,5235
27.65,5234
27.67,5233
27.68,5232
27.70,5231
27.71,5230
27.73,5229
27.74,5228
27.76,5227
27.77,5226
27.78,5225
27.80,5224
27.81,5223
27.83,5222
27.84,5221
27.86,5220
27.87,5219
27.89,5218
27.90,5217
27.92,5216
27.93,5215
27.95,5214
27.96,5213
27.98,5212
27.99,5211
28.01,5210
28.02,5209
28.04,5208
28.05,5207
28.07,5206
28.08,5205
28.10,5204
28.11,5203
28.13,5202
28.14,5201
28.16,5200
28.17,5199
28.19,5198
28.20,5197
28.22,5196
28.23,5195
28.25,5194
28.26,5193
28.28,5192
28.29,5191
28.31,5190
28.32,5189
28.33,5188
28.35,5187
28.36,5186
28.38,5185
28.39,5184
28.41,5183
28.42,5182
28.44,5181
28.45,5180
28.47,5179
28.48,5178
28.50,5177
28.51,5176
28.52,5175
28.54,5174
28.55,5173
28.57,5172
28.58,5171
28.60,5170
28.61,5169
28.63,5168
28.64,5167
28.66,5166
28.67,5165
28.69,5164
28.70,5163
28.72,5162
28.73,5161
28.75,5160
28.76,5159
28.78,5158
28.79,5157
28.80,5156
28.82,5155
28.83,5154
28.85,5153
28.86,5152
28.88,5151
28.89,5150
28.91,5149
28.92,5148
28.94,5147
28.95,5146
28.97,5145
28.98,5144
29.00,5143
29.01,5142
29.03,5141
29.04,5140
29.06,5139
29.07,5138
29.09,5137
29.10,5136
29.11,5135
29.13,5134
29.14,5133
29.16,5132
29.17,5131
29.19,5130
29.20,5129
29.22,5128
29.23,5127
29.25,5126
29.26,5125
29.28,5124
29.29,5123
29.31,5122
29.32,5121
29.34,5120
29.35,5119
29.36,5118
29.38,5117
29.39,5116
29.41,5115
29.42,5114
29.44,5113
29.45,5112
29.47,5111
29.48,5110
29.50,5109
29.51,5108
29.53,5107
29.54,5106
29.55,5105
29.57,5104
29.58,5103
29.60,5102
29.61,5101
29.63,5100
29.64,5099
29.66,5098
29.67,5097
29.68,5096
29.70,5095
29.71,5094
29.73,5093
29.74,5092
29.76,5091
29.77,5090
29.79,5089
29.80,5088
29.82,5087
29.83,5086
29.85,5085
29.86,5084
29.87,5083
29.89,5082
29.90,5081
29.92,5080
29.93,5079
29.95,5078
29.96,5077
29.98,5076
29.99,5075
30.01,5074
30.02,5073
30.04,5072
30.05,5071
30.07,5070
30.08,5069
30.10,5068
30.11,5067
30.12,5066
30.14,5065
30.15,5064
30.17,5063
30.18,5062
30.20,5061
30.21,5060
30.23,5059
30.24,5058
30.26,5057
30.27,5056
30.29,5055
30.30,5054
30.31,5053
30.33,5052
30.34,5051
30.36,5050
30.37,5049
30.39,5048
30.40,5047
30.42,5046
30.43,5045
30.45,5044
30.46,5043
30.48,5042
30.49,5041
30.50,5040
30.52,5039
30.53,5038
30.55,5037
30.56,5036
30.58,5035
30.59,5034
30.61,5033
30.62,5032
30.64,5031
30.65,5030
30.66,5029
30.68,5028
30.69,5027
30.71,5026
30.72,5025
30.74,5024
30.75,5023
30.77,5022
30.78,5021
30.80,5020
30.81,5019
30.82,5018
30.84,5017
30.85,5016
30.87,5015
30.88,5014
30.90,5013
30.91,5012
30.93,5011
30.94,5010
30.95,5009
30.97,5008
30.98,5007
31.00,5006
31.01,5005
31.03,5004
31.04,5003
31.06,5002
31.07,5001
31.09,5000
31.10,4999
31.11,4998
31.13,4997
31.14,4996
31.16,4995
31.17,4994
31.19,4993
31.20,4992
31.22,4991
31.23,4990
31.24,4989
31.26,4988
31.27,4987
31.29,4986
31.30,4985
31.32,4984
31.33,4983
31.35,4982
31.36,4981
31.38,4980
31.39,4979
31.40,4978
31.42,4977
31.43,4976
31.45,4975
31.46,4974
31.48,4973
31.49,4972
31.51,4971
31.52,4970
31.54,4969
31.55,4968
31.57,4967
31.58,4966
31.59,4965
31.61,4964
31.62,4963
31.64,4962
31.65,4961
31.67,4960
31.68,4959
31.70,4958
31.71,4957
31.72,4956
31.74,4955
31.75,4954
31.77,4953
31.78,4952
31.80,4951
31.81,4950
31.82,4949
31.84,4948
31.85,4947
31.87,4946
31.88,4945
31.90,4944
31.91,4943
31.92,4942
31.94,4941
31.95,4940
31.97,4939
31.98,4938
32.00,4937
32.01,4936
32.02,4935
32.04,4934
32.05,4933
32.07,4932
32.08,4931
32.10,4930
32.11,4929
32.12,4928
32.14,4927
32.15,4926
32.17,4925
32.18,4924
32.20,4923
32.21,4922
32.23,4921
32.24,4920
32.25,4919
32.27,4918
32.28,4917
32.30,4916
32.31,4915
32.33,4914
32.34,4913
32.35,4912
32.37,4911
32.38,4910
32.40,4909
32.41,4908
32.43,4907
32.44,4906
32.45,4905
32.61,4904
32.71,4903
32.76,4902
32.80,4901
32.92,4900
32.96,4899
33.31,4898
