1.01,6828
1.13,6827
1.16,6826
1.18,6825
1.21,6824
1.23,6823
1.25,6822
1.27,6821
1.30,6820
1.32,6819
1.34,6818
1.35,6817
1.37,6816
1.38,6815
1.40,6814
1.41,6813
1.43,6812
1.45,6811
1.46,6810
1.48,6809
1.49,6808
1.51,6807
1.52,6806
1.54,6805
1.55,6804
1.57,6803
1.59,6802
1.60,6801
1.62,6800
1.63,6799
1.65,6798
1.66,6797
1.68,6796
1.69,6795
1.71,6794
1.73,6793
1.74,6792
1.76,6791
1.77,6790
1.79,6789
1.80,6788
1.82,6787
1.83,6786
1.85,6785
1.86,6784
1.88,6783
1.90,6782
1.91,6781
1.93,6780
1.95,6779
1.97,6778
1.98,6777
2.00,6776
2.02,6775
2.03,6774
2.05,6773
2.06,6772
2.08,6771
2.09,6770
2.11,6769
2.12,6768
2.14,6767
2.16,6766
2.17,6765
2.19,6764
2.20,6763
2.22,6762
2.24,6761
2.25,6760
2.27,6759
2.28,6758
2.30,6757
2.32,6756
2.33,6755
2.35,6754
2.36,6753
2.38,6752
2.39,6751
2.41,6750
2.42,6749
2.44,6748
2.46,6747
2.47,6746
2.49,6745
2.50,6744
2.52,6743
2.53,6742
2.55,6741
2.56,6740
2.58,6739
2.59,6738
2.61,6737
2.63,6736
2.64,6735
2.66,6734
2.67,6733
2.69,6732
2.70,6731
2.72,6730
2.74,6729
2.75,6728
2.77,6727
2.79,6726
2.81,6725
2.82,6724
2.84,6723
2.86,6722
2.87,6721
2.89,6720
2.91,6719
2.93,6718
2.94,6717
2.96,6716
2.98,6715
2.99,6714
3.01,6713
3.03,6712
3.04,6711
3.06,6710
3.08,6709
3.10,6708
3.12,6707
3.13,6706
3.15,6705
3.17,6704
3.18,6703
3.20,6702
3.22,6701
3.24,6700
3.25,6699
3.28,6698
3.30,6697
3.31,6696
3.33,6695
3.34,6694
3.36,6693
3.37,6692
3.39,6691
3.40,6690
3.42,6689
3.43,6688
3.45,6687
3.47,6686
3.48,6685
3.50,6684
3.51,6683
3.53,6682
3.54,6681
3.56,6680
3.57,6679
3.59,6678
3.60,6677
3.62,6676
3.63,6675
3.65,6674
3.66,6673
3.68,6672
3.70,6671
3.71,6670
3.73,6669
3.74,6668
3.76,6667
3.77,6666
3.79,6665
3.80,6664
3.82,6663
3.83,6662
3.85,6661
3.87,6660
3.88,6659
3.90,6658
3.91,6657
3.93,6656
3.94,6655
3.96,6654
3.97,6653
3.99,6652
4.00,6651
4.02,6650
4.03,6649
4.05,6648
4.06,6647
4.08,6646
4.10,6645
4.11,6644
4.13,6643
4.14,6642
4.16,6641
4.17,6640
4.19,6639
4.21,6638
4.22,6637
4.24,6636
4.25,6635
4.27,6634
4.28,6633
4.30,6632
4.31,6631
4.33,6630
4.34,6629
4.36,6628
4.38,6627
4.39,6626
4.41,6625
4.42,6624
4.44,6623
4.45,6622
4.47,6621
4.48,6620
4.50,6619
4.51,6618
4.53,6617
4.56,6616
4.57,6615
4.59,6614
4.60,6613
4.62,6612
4.63,6611
4.65,6610
4.66,6609
4.68,6608
4.69,6607
4.71,6606
4.72,6605
4.74,6604
4.75,6603
4.77,6602
4.78,6601
4.80,6600
4.81,6599
4.83,6598
4.84,6597
4.86,6596
4.88,6595
4.90,6594
4.91,6593
4.93,6592
4.94,6591
4.96,6590
4.97,6589
4.99,6588
5.01,6587
5.02,6586
5.04,6585
5.05,6584
5.07,6583
5.08,6582
5.10,6581
5.12,6580
5.13,6579
5.15,6578
5.16,6577
5.18,6576
5.19,6575
5.21,6574
5.23,6573
5.24,6572
5.26,6571
5.27,6570
5.29,6569
5.30,6568
5.32,6567
5.34,6566
5.35,6565
5.37,6564
5.38,6563
5.40,6562
5.41,6561
5.43,6560
5.44,6559
5.46,6558
5.47,6557
5.49,6556
5.51,6555
5.52,6554
5.54,6553
5.55,6552
5.57,6551
5.58,6550
5.60,6549
5.62,6548
5.63,6547
5.64,6546
5.66,6545
5.68,6544
5.69,6543
5.70,6542
5.72,6541
5.74,6540
5.75,6539
5.77,6538
5.78,6537
5.80,6536
5.82,6535
5.84,6534
5.85,6533
5.88,6532
5.90,6531
5.91,6530
5.93,6529
5.94,6528
5.96,6527
5.98,6526
6.01,6525
6.02,6524
6.04,6523
6.06,6522
6.08,6521
6.09,6520
6.11,6519
6.13,6518
6.15,6517
6.16,6516
6.19,6515
6.20,6514
6.22,6513
6.25,6512
6.27,6511
6.29,6510
6.31,6509
6.32,6508
6.34,6507
6.35,6506
6.37,6505
6.39,6504
6.41,6503
6.42,6502
6.44,6501
6.46,6500
6.47,6499
6.49,6498
6.51,6497
6.52,6496
6.55,6495
6.57,6494
6.58,6493
6.60,6492
6.67,6491
6.69,6490
6.70,6489
6.73,6488
6.75,6487
6.77,6486
6.78,6485
6.80,6484
6.82,6483
6.84,6482
6.87,6481
6.89,6480
6.90,6479
6.92,6478
6.95,6477
6.96,6476
6.98,6475
7.00,6474
7.01,6473
7.03,6472
7.05,6471
7.07,6470
7.08,6469
7.10,6468
7.12,6467
7.13,6466
7.15,6465
7.17,6464
7.19,6463
7.20,6462
7.26,6461
7.28,6460
7.30,6459
7.31,6458
7.35,6457
7.42,6456
7.44,6455
7.45,6454
7.47,6453
7.49,6452
7.50,6451
7.52,6450
7.53,6449
7.56,6448
7.58,6447
7.60,6446
7.61,6445
7.68,6444
7.70,6443
7.71,6442
7.73,6441
7.75,6440
7.76,6439
7.78,6438
7.80,6437
7.81,6436
7.83,6435
7.84,6434
7.86,6433
7.87,6432
7.89,6431
7.91,6430
7.92,6429
7.95,6428
7.96,6427
7.98,6426
7.99,6425
8.04,6424
8.06,6423
8.09,6422
8.10,6421
8.12,6420
8.14,6419
8.18,6418
8.20,6417
8.24,6416
8.26,6415
8.28,6414
8.29,6413
8.31,6412
8.33,6411
8.34,6410
8.36,6409
8.37,6408
8.39,6407
8.41,6406
8.42,6405
8.44,6404
8.46,6403
8.48,6402
8.49,6401
8.51,6400
8.53,6399
8.54,6398
8.56,6397
8.57,6396
8.59,6395
8.61,6394
8.62,6393
8.65,6392
8.67,6391
8.69,6390
8.71,6389
8.72,6388
8.74,6387
8.76,6386
8.77,6385
8.79,6384
8.80,6383
8.82,6382
8.84,6381
8.85,6380
8.87,6379
8.89,6378
8.90,6377
8.92,6376
8.94,6375
8.95,6374
8.97,6373
8.98,6372
9.00,6371
9.01,6370
9.03,6369
9.05,6368
9.06,6367
9.08,6366
9.09,6365
9.11,6364
9.13,6363
9.14,6362
9.16,6361
9.18,6360
9.19,6359
9.21,6358
9.22,6357
9.24,6356
9.26,6355
9.27,6354
9.29,6353
9.31,6352
9.33,6351
9.34,6350
9.36,6349
9.38,6348
9.39,6347
9.41,6346
9.42,6345
9.44,6344
9.46,6343
9.47,6342
9.50,6341
9.51,6340
9.53,6339
9.55,6338
9.58,6337
9.60,6336
9.62,6335
9.63,6334
9.65,6333
9.66,6332
9.68,6331
9.70,6330
9.71,6329
9.73,6328
9.75,6327
9.76,6326
9.78,6325
9.79,6324
9.81,6323
9.83,6322
9.84,6321
9.86,6320
9.88,6319
9.89,6318
9.91,6317
9.92,6316
9.94,6315
9.96,6314
9.97,6313
9.99,6312
10.00,6311
10.02,6310
10.03,6309
10.05,6308
10.07,6307
10.08,6306
10.10,6305
10.12,6304
10.13,6303
10.15,6302
10.17,6301
10.19,6300
10.20,6299
10.22,6298
10.24,6297
10.26,6296
10.27,6295
10.29,6294
10.31,6293
10.32,6292
10.34,6291
10.36,6290
10.37,6289
10.39,6288
10.40,6287
10.42,6286
10.44,6285
10.45,6284
10.47,6283
10.48,6282
10.50,6281
10.52,6280
10.54,6279
10.56,6278
10.57,6277
10.59,6276
10.60,6275
10.62,6274
10.64,6273
10.65,6272
10.67,6271
10.69,6270
10.70,6269
10.72,6268
10.73,6267
10.75,6266
10.77,6265
10.78,6264
10.80,6263
10.81,6262
10.83,6261
10.85,6260
10.86,6259
10.88,6258
10.90,6257
10.91,6256
10.93,6255
10.95,6254
10.96,6253
10.98,6252
10.99,6251
11.01,6250
11.03,6249
11.04,6248
11.06,6247
11.08,6246
11.09,6245
11.12,6244
11.13,6243
11.15,6242
11.17,6241
11.18,6240
11.20,6239
11.21,6238
11.24,6237
11.26,6236
11.27,6235
11.29,6234
11.30,6233
11.32,6232
11.34,6231
11.35,6230
11.37,6229
11.38,6228
11.40,6227
11.42,6226
11.43,6225
11.45,6224
11.46,6223
11.48,6222
11.50,6221
11.51,6220
11.53,6219
11.54,6218
11.56,6217
11.58,6216
11.59,6215
11.61,6214
11.62,6213
11.64,6212
11.66,6211
11.67,6210
11.69,6209
11.71,6208
11.73,6207
11.75,6206
11.76,6205
11.78,6204
11.79,6203
11.81,6202
11.82,6201
11.84,6200
11.86,6199
11.87,6198
11.89,6197
11.91,6196
11.92,6195
11.94,6194
11.95,6193
11.97,6192
11.99,6191
12.00,6190
12.02,6189
12.04,6188
12.05,6187
12.07,6186
12.08,6185
12.10,6184
12.11,6183
12.13,6182
12.15,6181
12.16,6180
12.18,6179
12.20,6178
12.21,6177
12.23,6176
12.25,6175
12.26,6174
12.28,6173
12.29,6172
12.31,6171
12.33,6170
12.34,6169
12.36,6168
12.38,6167
12.39,6166
12.41,6165
12.43,6164
12.45,6163
12.46,6162
12.48,6161
12.50,6160
12.51,6159
12.53,6158
12.54,6157
12.56,6156
12.58,6155
12.59,6154
12.61,6153
12.62,6152
12.64,6151
12.66,6150
12.67,6149
12.69,6148
12.70,6147
12.72,6146
12.74,6145
12.75,6144
12.77,6143
12.79,6142
12.80,6141
12.82,6140
12.84,6139
12.85,6138
12.87,6137
12.89,6136
12.91,6135
12.92,6134
12.94,6133
12.96,6132
12.97,6131
12.99,6130
13.01,6129
13.03,6128
13.04,6127
13.06,6126
13.08,6125
13.10,6124
13.12,6123
13.13,6122
13.15,6121
13.16,6120
13.18,6119
13.20,6118
13.22,6117
13.23,6116
13.25,6115
13.27,6114
13.29,6113
13.31,6112
13.32,6111
13.34,6110
13.36,6109
13.38,6108
13.39,6107
13.41,6106
13.43,6105
13.45,6104
13.47,6103
13.48,6102
13.50,6101
13.52,6100
13.54,6099
13.56,6098
13.57,6097
13.59,6096
13.61,6095
13.63,6094
13.64,6093
13.66,6092
13.68,6091
13.70,6090
13.72,6089
13.73,6088
13.75,6087
13.77,6086
13.79,6085
13.81,6084
13.82,6083
13.84,6082
13.86,6081
13.88,6080
13.90,6079
13.92,6078
13.93,6077
13.95,6076
13.97,6075
13.99,6074
14.00,6073
14.02,6072
14.04,6071
14.06,6070
14.08,6069
14.09,6068
14.11,6067
14.13,6066
14.15,6065
14.17,6064
14.18,6063
14.20,6062
14.22,6061
14.23,6060
14.25,6059
14.27,6058
14.29,6057
14.31,6056
14.32,6055
14.34,6054
14.36,6053
14.38,6052
14.39,6051
14.42,6050
14.44,6049
14.46,6048
14.47,6047
14.49,6046
14.51,6045
14.53,6044
14.55,6043
14.56,6042
14.58,6041
14.60,6040
14.62,6039
14.63,6038
14.65,6037
14.67,6036
14.69,6035
14.71,6034
14.72,6033
14.75,6032
14.77,6031
14.79,6030
14.80,6029
14.82,6028
14.84,6027
14.86,6026
14.89,6025
14.91,6024
14.93,6023
14.95,6022
14.96,6021
14.98,6020
15.00,6019
15.02,6018
15.03,6017
15.05,6016
15.07,6015
15.09,6014
15.11,6013
15.12,6012
15.14,6011
15.16,6010
15.18,6009
15.20,6008
15.21,6007
15.23,6006
15.25,6005
15.27,6004
15.29,6003
15.30,6002
15.32,6001
15.34,6000
15.36,5999
15.38,5998
15.39,5997
15.41,5996
15.43,5995
15.45,5994
15.46,5993
15.48,5992
15.50,5991
15.52,5990
15.55,5989
15.57,5988
15.59,5987
15.61,5986
15.63,5985
15.64,5984
15.66,5983
15.68,5982
15.70,5981
15.72,5980
15.73,5979
15.75,5978
15.77,5977
15.78,5976
15.80,5975
15.82,5974
15.84,5973
15.85,5972
15.87,5971
15.89,5970
15.91,5969
15.92,5968
15.94,5967
15.96,5966
15.97,5965
15.99,5964
16.03,5963
16.04,5962
16.06,5961
16.08,5960
16.09,5959
16.11,5958
16.13,5957
16.15,5956
16.16,5955
16.18,5954
16.19,5953
16.21,5952
16.22,5951
16.24,5950
16.26,5949
16.27,5948
16.29,5947
16.30,5946
16.32,5945
16.33,5944
16.35,5943
16.36,5942
16.38,5941
16.39,5940
16.41,5939
16.43,5938
16.44,5937
16.46,5936
16.47,5935
16.49,5934
16.50,5933
16.52,5932
16.53,5931
16.55,5930
16.57,5929
16.58,5928
16.60,5927
16.61,5926
16.63,5925
16.64,5924
16.66,5923
16.68,5922
16.69,5921
16.71,5920
16.72,5919
16.74,5918
16.75,5917
16.77,5916
16.79,5915
16.80,5914
16.82,5913
16.83,5912
16.85,5911
16.87,5910
16.88,5909
16.90,5908
16.91,5907
16.93,5906
16.95,5905
16.96,5904
16.98,5903
16.99,5902
17.01,5901
17.03,5900
17.04,5899
17.06,5898
17.07,5897
17.09,5896
17.10,5895
17.12,5894
17.14,5893
17.15,5892
17.17,5891
17.18,5890
17.20,5889
17.21,5888
17.23,5887
17.25,5886
17.26,5885
17.28,5884
17.29,5883
17.31,5882
17.32,5881
17.34,5880
17.35,5879
17.37,5878
17.38,5877
17.40,5876
17.42,5875
17.43,5874
17.45,5873
17.46,5872
17.48,5871
17.49,5870
17.51,5869
17.53,5868
17.54,5867
17.56,5866
17.57,5865
17.59,5864
17.60,5863
17.62,5862
17.63,5861
17.65,5860
17.67,5859
17.68,5858
17.70,5857
17.71,5856
17.73,5855
17.74,5854
17.76,5853
17.78,5852
17.79,5851
17.81,5850
17.82,5849
17.84,5848
17.85,5847
17.87,5846
17.88,5845
17.90,5844
17.92,5843
17.93,5842
17.95,5841
17.96,5840
17.98,5839
17.99,5838
18.01,5837
18.03,5836
18.04,5835
18.06,5834
18.07,5833
18.09,5832
18.10,5831
18.12,5830
18.13,5829
18.15,5828
18.16,5827
18.18,5826
18.19,5825
18.21,5824
18.22,5823
18.24,5822
18.26,5821
18.27,5820
18.29,5819
18.30,5818
18.32,5817
18.33,5816
18.35,5815
18.36,5814
18.38,5813
18.39,5812
18.41,5811
18.43,5810
18.44,5809
18.46,5808
18.47,5807
18.49,5806
18.50,5805
18.53,5804
18.54,5803
18.56,5802
18.57,5801
18.59,5800
18.60,5799
18.62,5798
18.64,5797
18.65,5796
18.67,5795
18.68,5794
18.70,5793
18.71,5792
18.73,5791
18.74,5790
18.76,5789
18.78,5788
18.79,5787
18.81,5786
18.82,5785
18.84,5784
18.85,5783
18.87,5782
18.88,5781
18.90,5780
18.92,5779
18.93,5778
18.95,5777
18.96,5776
18.98,5775
18.99,5774
19.01,5773
19.03,5772
19.04,5771
19.06,5770
19.07,5769
19.09,5768
19.11,5767
19.12,5766
19.14,5765
19.15,5764
19.17,5763
19.18,5762
19.20,5761
19.22,5760
19.23,5759
19.25,5758
19.26,5757
19.28,5756
19.29,5755
19.31,5754
19.33,5753
19.34,5752
19.36,5751
19.37,5750
19.39,5749
19.40,5748
19.42,5747
19.44,5746
19.45,5745
19.47,5744
19.48,5743
19.50,5742
19.52,5741
19.53,5740
19.55,5739
19.56,5738
19.58,5737
19.59,5736
19.61,5735
19.63,5734
19.64,5733
19.66,5732
19.67,5731
19.69,5730
19.71,5729
19.72,5728
19.74,5727
19.75,5726
19.77,5725
19.79,5724
19.80,5723
19.82,5722
19.83,5721
19.85,5720
19.86,5719
19.88,5718
19.89,5717
19.91,5716
19.93,5715
19.94,5714
19.96,5713
19.97,5712
19.99,5711
20.01,5710
20.02,5709
20.04,5708
20.05,5707
20.07,5706
20.08,5705
20.10,5704
20.12,5703
20.13,5702
20.15,5701
20.16,5700
20.18,5699
20.20,5698
20.21,5697
20.23,5696
20.24,5695
20.26,5694
20.27,5693
20.29,5692
20.31,5691
20.32,5690
20.34,5689
20.35,5688
20.37,5687
20.39,5686
20.40,5685
20.42,5684
20.43,5683
20.45,5682
20.47,5681
20.48,5680
20.50,5679
20.51,5678
20.53,5677
20.55,5676
20.56,5675
20.58,5674
20.59,5673
20.61,5672
20.63,5671
20.64,5670
20.66,5669
20.67,5668
20.69,5667
20.71,5666
20.72,5665
20.74,5664
20.75,5663
20.77,5662
20.79,5661
20.80,5660
20.82,5659
20.84,5658
20.85,5657
20.87,5656
20.88,5655
20.90,5654
20.92,5653
20.93,5652
20.95,5651
20.96,5650
20.98,5649
21.00,5648
21.01,5647
21.03,5646
21.05,5645
21.06,5644
21.08,5643
21.09,5642
21.11,5641
21.13,5640
21.14,5639
21.16,5638
21.17,5637
21.19,5636
21.21,5635
21.22,5634
21.24,5633
21.25,5632
21.27,5631
21.29,5630
21.30,5629
21.32,5628
21.34,5627
21.35,5626
21.37,5625
21.38,5624
21.40,5623
21.42,5622
21.43,5621
21.45,5620
21.47,5619
21.48,5618
21.50,5617
21.51,5616
21.53,5615
21.55,5614
21.56,5613
21.58,5612
21.59,5611
21.61,5610
21.63,5609
21.64,5608
21.66,5607
21.67,5606
21.69,5605
21.71,5604
21.72,5603
21.74,5602
21.76,5601
21.77,5600
21.79,5599
21.80,5598
21.82,5597
21.84,5596
21.85,5595
21.87,5594
21.88,5593
21.90,5592
21.92,5591
21.93,5590
21.95,5589
21.96,5588
21.98,5587
22.00,5586
22.01,5585
22.03,5584
22.04,5583
22.06,5582
22.07,5581
22.09,5580
22.11,5579
22.12,5578
22.14,5577
22.15,5576
22.17,5575
22.19,5574
22.20,5573
22.22,5572
22.23,5571
22.25,5570
22.26,5569
22.28,5568
22.30,5567
22.31,5566
22.33,5565
22.34,5564
22.36,5563
22.38,5562
22.39,5561
22.41,5560
22.42,5559
22.44,5558
22.45,5557
22.47,5556
22.49,5555
22.50,5554
22.52,5553
22.53,5552
22.55,5551
22.56,5550
22.58,5549
22.60,5548
22.61,5547
22.63,5546
22.64,5545
22.66,5544
22.67,5543
22.69,5542
22.70,5541
22.72,5540
22.74,5539
22.75,5538
22.77,5537
22.78,5536
22.80,5535
22.81,5534
22.83,5533
22.85,5532
22.86,5531
22.88,5530
22.89,5529
22.91,5528
22.93,5527
22.94,5526
22.96,5525
22.97,5524
22.99,5523
23.00,5522
23.02,5521
23.04,5520
23.05,5519
23.07,5518
23.08,5517
23.10,5516
23.11,5515
23.13,5514
23.15,5513
23.16,5512
23.18,5511
23.19,5510
23.21,5509
23.22,5508
23.24,5507
23.26,5506
23.27,5505
23.29,5504
23.30,5503
23.32,5502
23.33,5501
23.35,5500
23.37,5499
23.38,5498
23.40,5497
23.41,5496
23.43,5495
23.45,5494
23.46,5493
23.48,5492
23.49,5491
23.51,5490
23.52,5489
23.54,5488
23.56,5487
23.57,5486
23.59,5485
23.60,5484
23.62,5483
23.63,5482
23.65,5481
23.67,5480
23.68,5479
23.70,5478
23.71,5477
23.73,5476
23.74,5475
23.76,5474
23.78,5473
23.79,5472
23.81,5471
23.82,5470
23.84,5469
23.85,5468
23.87,5467
23.89,5466
23.90,5465
23.92,5464
23.93,5463
23.95,5462
23.96,5461
23.98,5460
24.00,5459
24.01,5458
24.03,5457
24.04,5456
24.06,5455
24.07,5454
24.09,5453
24.11,5452
24.12,5451
24.14,5450
24.15,5449
24.17,5448
24.19,5447
24.20,5446
24.22,5445
24.23,5444
24.25,5443
24.26,5442
24.28,5441
24.29,5440
24.31,5439
24.33,5438
24.34,5437
24.36,5436
24.37,5435
24.39,5434
24.40,5433
24.42,5432
24.44,5431
24.45,5430
24.47,5429
24.48,5428
24.50,5427
24.51,5426
24.53,5425
24.54,5424
24.56,5423
24.58,5422
24.59,5421
24.61,5420
24.62,5419
24.64,5418
24.65,5417
24.67,5416
24.68,5415
24.70,5414
24.72,5413
24.73,5412
24.75,5411
24.76,5410
24.78,5409
24.79,5408
24.81,5407
24.82,5406
24.84,5405
24.86,5404
24.87,5403
24.89,5402
24.90,5401
24.92,5400
24.93,5399
24.95,5398
24.97,5397
24.98,5396
25.00,5395
25.01,5394
25.03,5393
25.04,5392
25.06,5391
25.08,5390
25.09,5389
25.11,5388
25.12,5387
25.14,5386
25.15,5385
25.17,5384
25.19,5383
25.20,5382
25.22,5381
25.23,5380
25.25,5379
25.26,5378
25.28,5377
25.29,5376
25.31,5375
25.33,5374
25.34,5373
25.36,5372
25.37,5371
25.39,5370
25.40,5369
25.42,5368
25.43,5367
25.45,5366
25.46,5365
25.48,5364
25.50,5363
25.51,5362
25.53,5361
25.54,5360
25.56,5359
25.57,5358
25.59,5357
25.61,5356
25.62,5355
25.64,5354
25.65,5353
25.67,5352
25.68,5351
25.70,5350
25.71,5349
25.73,5348
25.74,5347
25.76,5346
25.78,5345
25.79,5344
25.81,5343
25.82,5342
25.84,5341
25.85,5340
25.87,5339
25.88,5338
25.90,5337
25.92,5336
25.93,5335
25.95,5334
25.96,5333
25.98,5332
25.99,5331
26.01,5330
26.02,5329
26.04,5328
26.05,5327
26.07,5326
26.08,5325
26.10,5324
26.12,5323
26.13,5322
26.15,5321
26.16,5320
26.18,5319
26.19,5318
26.21,5317
26.22,5316
26.24,5315
26.26,5314
26.27,5313
26.29,5312
26.30,5311
26.32,5310
26.33,5309
26.35,5308
26.36,5307
26.38,5306
26.39,5305
26.41,5304
26.43,5303
26.44,5302
26.46,5301
26.47,5300
26.49,5299
26.50,5298
26.52,5297
26.53,5296
26.55,5295
26.56,5294
26.58,5293
26.59,5292
26.61,5291
26.63,5290
26.64,5289
26.66,5288
26.67,5287
26.69,5286
26.70,5285
26.72,5284
26.73,5283
26.75,5282
26.77,5281
26.78,5280
26.80,5279
26.81,5278
26.83,5277
26.85,5276
26.86,5275
26.88,5274
26.89,5273
26.91,5272
26.92,5271
26.94,5270
26.95,5269
26.97,5268
26.98,5267
27.00,5266
27.02,5265
27.03,5264
27.05,5263
27.06,5262
27.08,5261
27.09,5260
27.11,5259
27.12,5258
27.14,5257
27.15,5256
27.17,5255
27.18,5254
27.20,5253
27.22,5252
27.23,5251
27.25,5250
27.26,5249
27.28,5248
27.29,5247
27.31,5246
27.32,5245
27.34,5244
27.35,5243
27.37,5242
27.38,5241
27.40,5240
27.41,5239
27.43,5238
27.44,5237
27.46,5236
27.47,5235
27.49,5234
27.51,5233
27.52,5232
27.54,5231
27.55,5230
27.57,5229
27.58,5228
27.60,5227
27.61,5226
27.63,5225
27.64,5224
27.66,5223
27.67,5222
27.69,5221
27.70,5220
27.72,5219
27.73,5218
27.75,5217
27.76,5216
27.78,5215
27.79,5214
27.81,5213
27.82,5212
27.84,5211
27.85,5210
27.87,5209
27.88,5208
27.90,5207
27.92,5206
27.93,5205
27.95,5204
27.96,5203
27.98,5202
27.99,5201
28.01,5200
28.02,5199
28.04,5198
28.05,5197
28.07,5196
28.08,5195
28.10,5194
28.11,5193
28.13,5192
28.14,5191
28.16,5190
28.17,5189
28.19,5188
28.20,5187
28.22,5186
28.23,5185
28.25,5184
28.26,5183
28.28,5182
28.29,5181
28.31,5180
28.32,5179
28.34,5178
28.35,5177
28.37,5176
28.38,5175
28.40,5174
28.41,5173
28.43,5172
28.45,5171
28.46,5170
28.48,5169
28.49,5168
28.51,5167
28.52,5166
28.54,5165
28.55,5164
28.57,5163
28.58,5162
28.60,5161
28.61,5160
28.63,5159
28.64,5158
28.66,5157
28.67,5156
28.69,5155
28.70,5154
28.72,5153
28.73,5152
28.75,5151
28.76,5150
28.78,5149
28.79,5148
28.81,5147
28.82,5146
28.84,5145
28.85,5144
28.87,5143
28.88,5142
28.90,5141
28.91,5140
28.93,5139
28.94,5138
28.96,5137
28.97,5136
28.99,5135
29.00,5134
29.02,5133
29.03,5132
29.05,5131
29.06,5130
29.07,5129
29.09,5128
29.10,5127
29.12,5126
29.13,5125
29.15,5124
29.16,5123
29.18,5122
29.19,5121
29.21,5120
29.22,5119
29.24,5118
29.25,5117
29.27,5116
29.28,5115
29.30,5114
29.31,5113
29.33,5112
29.34,5111
29.35,5110
29.37,5109
29.38,5108
29.40,5107
29.41,5106
29.43,5105
29.44,5104
29.46,5103
29.47,5102
29.49,5101
29.50,5100
29.52,5099
29.53,5098
29.55,5097
29.56,5096
29.58,5095
29.59,5094
29.61,5093
29.62,5092
29.64,5091
29.65,5090
29.67,5089
29.68,5088
29.70,5087
29.71,5086
29.73,5085
29.74,5084
29.76,5083
29.77,5082
29.79,5081
29.80,5080
29.82,5079
29.83,5078
29.85,5077
29.86,5076
29.88,5075
29.89,5074
29.91,5073
29.92,5072
29.94,5071
29.95,5070
29.97,5069
29.98,5068
30.00,5067
30.01,5066
30.03,5065
30.04,5064
30.06,5063
30.07,5062
30.09,5061
30.10,5060
30.12,5059
30.13,5058
30.14,5057
30.16,5056
30.18,5055
30.19,5054
30.21,5053
30.22,5052
30.23,5051
30.25,5050
30.26,5049
30.28,5048
30.29,5047
30.31,5046
30.32,5045
30.34,5044
30.35,5043
30.37,5042
30.38,5041
30.40,5040
30.41,5039
30.43,5038
30.44,5037
30.46,5036
30.47,5035
30.49,5034
30.50,5033
30.52,5032
30.53,5031
30.55,5030
30.56,5029
30.58,5028
30.59,5027
30.61,5026
30.62,5025
30.64,5024
30.65,5023
30.67,5022
30.68,5021
30.70,5020
30.71,5019
30.73,5018
30.74,5017
30.76,5016
30.77,5015
30.79,5014
30.80,5013
30.82,5012
30.83,5011
30.85,5010
30.86,5009
30.88,5008
30.89,5007
30.91,5006
30.92,5005
30.93,5004
30.95,5003
30.96,5002
30.98,5001
30.99,5000
31.01,4999
31.02,4998
31.04,4997
31.05,4996
31.07,4995
31.08,4994
31.10,4993
31.11,4992
31.13,4991
31.14,4990
31.16,4989
31.17,4988
31.19,4987
31.20,4986
31.21,4985
31.23,4984
31.24,4983
31.26,4982
31.28,4981
31.29,4980
31.31,4979
31.32,4978
31.34,4977
31.35,4976
31.36,4975
31.38,4974
31.39,4973
31.41,4972
31.42,4971
31.44,4970
31.45,4969
31.47,4968
31.48,4967
31.50,4966
31.51,4965
31.53,4964
31.54,4963
31.56,4962
31.57,4961
31.59,4960
31.60,4959
31.62,4958
31.63,4957
31.65,4956
31.66,4955
31.68,4954
31.69,4953
31.71,4952
31.72,4951
31.73,4950
31.75,4949
31.76,4948
31.78,4947
31.79,4946
31.81,4945
31.82,4944
31.84,4943
31.85,4942
31.87,4941
31.88,4940
31.90,4939
31.91,4938
31.93,4937
31.94,4936
31.96,4935
31.97,4934
31.99,4933
32.00,4932
32.01,4931
32.03,4930
32.04,4929
32.06,4928
32.07,4927
32.09,4926
32.10,4925
32.12,4924
32.13,4923
32.15,4922
32.16,4921
32.18,4920
32.19,4919
32.21,4918
32.22,4917
32.24,4916
32.25,4915
32.26,4914
32.28,4913
32.29,4912
32.31,4911
32.32,4910
32.34,4909
32.35,4908
32.37,4907
32.38,4906
32.40,4905
32.41,4904
32.43,4903
32.44,4902
32.46,4901
32.47,4900
32.49,4899
32.50,4898
32.52,4897
32.53,4896
32.55,4895
32.56,4894
32.58,4893
32.59,4892
32.60,4891
32.62,4890
32.63,4889
32.65,4888
32.66,4887
32.68,4886
32.69,4885
32.71,4884
32.72,4883
32.74,4882
32.75,4881
32.76,4880
32.78,4879
32.79,4878
32.81,4877
32.91,4876
