1.61,10206
1.71,10205
1.74,10204
1.76,10203
1.78,10202
1.80,10201
1.82,10200
1.84,10199
1.85,10198
1.86,10197
1.88,10196
1.89,10195
1.91,10194
1.92,10193
1.93,10192
1.95,10191
1.96,10190
1.97,10189
1.99,10188
2.00,10187
2.01,10186
2.03,10185
2.04,10184
2.05,10183
2.07,10182
2.08,10181
2.09,10180
2.12,10179
2.13,10178
2.14,10177
2.15,10176
2.16,10175
2.17,10174
2.19,10173
2.20,10172
2.21,10171
2.22,10170
2.23,10169
2.25,10168
2.26,10167
2.27,10166
2.28,10165
2.29,10164
2.31,10163
2.32,10162
2.33,10161
2.34,10160
2.35,10159
2.36,10158
2.38,10157
2.39,10156
2.40,10155
2.41,10154
2.42,10153
2.43,10152
2.45,10151
2.46,10150
2.47,10149
2.48,10148
2.49,10147
2.50,10146
2.52,10145
2.53,10144
2.54,10143
2.56,10142
2.57,10141
2.59,10140
2.60,10139
2.61,10138
2.63,10137
2.64,10136
2.66,10135
2.67,10134
2.68,10133
2.70,10132
2.71,10131
2.72,10130
2.74,10129
2.75,10128
2.77,10127
2.78,10126
2.79,10125
2.81,10124
2.82,10123
2.84,10122
2.85,10121
2.87,10120
2.88,10119
2.90,10118
2.91,10117
2.92,10116
2.93,10115
2.94,10114
2.95,10113
2.97,10112
2.98,10111
2.99,10110
3.00,10109
3.01,10108
3.02,10107
3.04,10106
3.05,10105
3.06,10104
3.07,10103
3.08,10102
3.09,10101
3.10,10100
3.12,10099
3.13,10098
3.14,10097
3.15,10096
3.16,10095
3.17,10094
3.19,10093
3.20,10092
3.21,10091
3.22,10090
3.23,10089
3.24,10088
3.26,10087
3.27,10086
3.28,10085
3.29,10084
3.30,10083
3.31,10082
3.33,10081
3.34,10080
3.35,10079
3.36,10078
3.37,10077
3.38,10076
3.39,10075
3.41,10074
3.42,10073
3.43,10072
3.44,10071
3.45,10070
3.46,10069
3.48,10068
3.49,10067
3.50,10066
3.51,10065
3.52,10064
3.53,10063
3.55,10062
3.56,10061
3.58,10060
3.59,10059
3.60,10058
3.61,10057
3.63,10056
3.64,10055
3.65,10054
3.66,10053
3.67,10052
3.68,10051
3.70,10050
3.71,10049
3.72,10048
3.73,10047
3.74,10046
3.75,10045
3.76,10044
3.78,10043
3.79,10042
3.80,10041
3.81,10040
3.82,10039
3.83,10038
3.85,10037
3.86,10036
3.87,10035
3.88,10034
3.89,10033
3.90,10032
3.92,10031
3.93,10030
3.94,10029
3.95,10028
3.96,10027
3.97,10026
3.99,10025
4.00,10024
4.01,10023
4.02,10022
4.03,10021
4.04,10020
4.05,10019
4.07,10018
4.08,10017
4.09,10016
4.10,10015
4.11,10014
4.12,10013
4.14,10012
4.15,10011
4.16,10010
4.17,10009
4.18,10008
4.19,10007
4.20,10006
4.21,10005
4.23,10004
4.24,10003
4.25,10002
4.26,10001
4.27,10000
4.28,9999
4.29,9998
4.31,9997
4.32,9996
4.33,9995
4.35,9994
4.36,9993
4.37,9992
4.39,9991
4.40,9990
4.42,9989
4.43,9988
4.44,9987
4.46,9986
4.47,9985
4.49,9984
4.50,9983
4.51,9982
4.53,9981
4.54,9980
4.55,9979
4.57,9978
4.58,9977
4.60,9976
4.61,9975
4.62,9974
4.64,9973
4.65,9972
4.66,9971
4.68,9970
4.69,9969
4.71,9968
4.72,9967
4.73,9966
4.75,9965
4.76,9964
4.77,9963
4.79,9962
4.80,9961
4.82,9960
4.83,9959
4.84,9958
4.86,9957
4.87,9956
4.89,9955
4.90,9954
4.91,9953
4.93,9952
4.94,9951
4.95,9950
4.97,9949
4.98,9948
5.00,9947
5.01,9946
5.02,9945
5.04,9944
5.05,9943
5.08,9942
5.09,9941
5.10,9940
5.11,9939
5.12,9938
5.13,9937
5.15,9936
5.16,9935
5.17,9934
5.18,9933
5.19,9932
5.20,9931
5.22,9930
5.23,9929
5.24,9928
5.25,9927
5.26,9926
5.27,9925
5.29,9924
5.30,9923
5.31,9922
5.32,9921
5.33,9920
5.34,9919
5.35,9918
5.37,9917
5.38,9916
5.39,9915
5.40,9914
5.41,9913
5.42,9912
5.43,9911
5.44,9910
5.45,9909
5.47,9908
5.48,9907
5.49,9906
5.50,9905
5.51,9904
5.52,9903
5.53,9902
5.54,9901
5.55,9900
5.57,9899
5.58,9898
5.59,9897
5.60,9896
5.61,9895
5.62,9894
5.63,9893
5.64,9892
5.66,9891
5.67,9890
5.68,9889
5.69,9888
5.70,9887
5.71,9886
5.72,9885
5.73,9884
5.75,9883
5.76,9882
5.77,9881
5.78,9880
5.79,9879
5.80,9878
5.81,9877
5.82,9876
5.83,9875
5.85,9874
5.86,9873
5.87,9872
5.88,9871
5.89,9870
5.90,9869
5.91,9868
5.92,9867
5.93,9866
5.95,9865
5.96,9864
5.97,9863
5.98,9862
5.99,9861
6.00,9860
6.02,9859
6.03,9858
6.04,9857
6.05,9856
6.06,9855
6.07,9854
6.08,9853
6.10,9852
6.11,9851
6.12,9850
6.13,9849
6.14,9848
6.15,9847
6.16,9846
6.18,9845
6.19,9844
6.20,9843
6.21,9842
6.22,9841
6.23,9840
6.25,9839
6.26,9838
6.27,9837
6.28,9836
6.29,9835
6.30,9834
6.31,9833
6.32,9832
6.34,9831
6.35,9830
6.36,9829
6.37,9828
6.38,9827
6.39,9826
6.40,9825
6.41,9824
6.43,9823
6.44,9822
6.45,9821
6.46,9820
6.47,9819
6.48,9818
6.49,9817
6.51,9816
6.52,9815
6.53,9814
6.54,9813
6.55,9812
6.56,9811
6.57,9810
6.58,9809
6.60,9808
6.61,9807
6.62,9806
6.63,9805
6.64,9804
6.65,9803
6.66,9802
6.67,9801
6.69,9800
6.70,9799
6.71,9798
6.72,9797
6.73,9796
6.74,9795
6.75,9794
6.76,9793
6.77,9792
6.79,9791
6.80,9790
6.81,9789
6.82,9788
6.83,9787
6.84,9786
6.85,9785
6.87,9784
6.88,9783
6.89,9782
6.90,9781
6.91,9780
6.92,9779
6.93,9778
6.94,9777
6.96,9776
6.97,9775
6.98,9774
6.99,9773
7.00,9772
7.01,9771
7.02,9770
7.03,9769
7.05,9768
7.06,9767
7.07,9766
7.08,9765
7.09,9764
7.10,9763
7.11,9762
7.12,9761
7.14,9760
7.15,9759
7.16,9758
7.17,9757
7.18,9756
7.19,9755
7.20,9754
7.21,9753
7.23,9752
7.24,9751
7.25,9750
7.26,9749
7.27,9748
7.28,9747
7.29,9746
7.30,9745
7.32,9744
7.33,9743
7.34,9742
7.35,9741
7.36,9740
7.37,9739
7.38,9738
7.39,9737
7.41,9736
7.42,9735
7.43,9734
7.44,9733
7.45,9732
7.46,9731
7.47,9730
7.48,9729
7.49,9728
7.51,9727
7.52,9726
7.53,9725
7.54,9724
7.55,9723
7.56,9722
7.57,9721
7.58,9720
7.60,9719
7.61,9718
7.62,9717
7.63,9716
7.64,9715
7.65,9714
7.66,9713
7.67,9712
7.69,9711
7.70,9710
7.71,9709
7.72,9708
7.73,9707
7.74,9706
7.75,9705
7.77,9704
7.78,9703
7.79,9702
7.81,9701
7.82,9700
7.83,9699
7.84,9698
7.86,9697
7.87,9696
7.88,9695
7.90,9694
7.91,9693
7.92,9692
7.94,9691
7.95,9690
7.96,9689
7.98,9688
7.99,9687
8.00,9686
8.02,9685
8.03,9684
8.05,9683
8.06,9682
8.07,9681
8.09,9680
8.10,9679
8.11,9678
8.13,9677
8.14,9676
8.15,9675
8.17,9674
8.18,9673
8.19,9672
8.21,9671
8.22,9670
8.23,9669
8.25,9668
8.26,9667
8.27,9666
8.29,9665
8.30,9664
8.31,9663
8.33,9662
8.34,9661
8.35,9660
8.37,9659
8.38,9658
8.39,9657
8.41,9656
8.42,9655
8.43,9654
8.45,9653
8.46,9652
8.47,9651
8.49,9650
8.50,9649
8.51,9648
8.53,9647
8.54,9646
8.55,9645
8.57,9644
8.58,9643
8.59,9642
8.61,9641
8.62,9640
8.64,9639
8.65,9638
8.66,9637
8.68,9636
8.69,9635
8.70,9634
8.72,9633
8.73,9632
8.74,9631
8.76,9630
8.77,9629
8.78,9628
8.80,9627
8.81,9626
8.82,9625
8.84,9624
8.85,9623
8.86,9622
8.88,9621
8.89,9620
8.90,9619
8.92,9618
8.93,9617
8.94,9616
8.96,9615
8.97,9614
8.98,9613
9.00,9612
9.01,9611
9.02,9610
9.04,9609
9.05,9608
9.06,9607
9.08,9606
9.09,9605
9.11,9604
9.12,9603
9.13,9602
9.15,9601
9.16,9600
9.17,9599
9.19,9598
9.20,9597
9.21,9596
9.23,9595
9.24,9594
9.25,9593
9.27,9592
9.28,9591
9.29,9590
9.31,9589
9.32,9588
9.34,9587
9.35,9586
9.36,9585
9.37,9584
9.38,9583
9.39,9582
9.40,9581
9.41,9580
9.43,9579
9.44,9578
9.45,9577
9.46,9576
9.47,9575
9.48,9574
9.49,9573
9.50,9572
9.51,9571
9.53,9570
9.54,9569
9.55,9568
9.56,9567
9.57,9566
9.58,9565
9.59,9564
9.60,9563
9.62,9562
9.63,9561
9.64,9560
9.65,9559
9.66,9558
9.67,9557
9.68,9556
9.69,9555
9.71,9554
9.72,9553
9.73,9552
9.74,9551
9.75,9550
9.76,9549
9.77,9548
9.78,9547
9.79,9546
9.81,9545
9.82,9544
9.83,9543
9.84,9542
9.85,9541
9.86,9540
9.87,9539
9.88,9538
9.89,9537
9.91,9536
9.92,9535
9.93,9534
9.94,9533
9.95,9532
9.96,9531
9.97,9530
9.98,9529
9.99,9528
10.01,9527
10.02,9526
10.03,9525
10.04,9524
10.05,9523
10.06,9522
10.07,9521
10.08,9520
10.09,9519
10.11,9518
10.12,9517
10.13,9516
10.14,9515
10.15,9514
10.16,9513
10.17,9512
10.18,9511
10.19,9510
10.21,9509
10.22,9508
10.23,9507
10.24,9506
10.25,9505
10.26,9504
10.27,9503
10.28,9502
10.29,9501
10.31,9500
10.32,9499
10.33,9498
10.34,9497
10.35,9496
10.36,9495
10.37,9494
10.38,9493
10.39,9492
10.41,9491
10.42,9490
10.43,9489
10.44,9488
10.45,9487
10.46,9486
10.47,9485
10.48,9484
10.49,9483
10.51,9482
10.52,9481
10.53,9480
10.54,9479
10.55,9478
10.56,9477
10.57,9476
10.58,9475
10.60,9474
10.61,9473
10.62,9472
10.63,9471
10.64,9470
10.65,9469
10.66,9468
10.68,9467
10.69,9466
10.70,9465
10.71,9464
10.72,9463
10.73,9462
10.74,9461
10.75,9460
10.76,9459
10.78,9458
10.79,9457
10.80,9456
10.81,9455
10.82,9454
10.83,9453
10.84,9452
10.86,9451
10.87,9450
10.88,9449
10.89,9448
10.90,9447
10.91,9446
10.92,9445
10.94,9444
10.95,9443
10.96,9442
10.97,9441
10.98,9440
10.99,9439
11.01,9438
11.02,9437
11.03,9436
11.04,9435
11.05,9434
11.06,9433
11.07,9432
11.08,9431
11.10,9430
11.11,9429
11.12,9428
11.13,9427
11.14,9426
11.15,9425
11.17,9424
11.18,9423
11.19,9422
11.20,9421
11.21,9420
11.22,9419
11.23,9418
11.24,9417
11.26,9416
11.27,9415
11.28,9414
11.29,9413
11.30,9412
11.31,9411
11.32,9410
11.33,9409
11.35,9408
11.36,9407
11.37,9406
11.38,9405
11.39,9404
11.40,9403
11.41,9402
11.42,9401
11.43,9400
11.45,9399
11.46,9398
11.47,9397
11.48,9396
11.49,9395
11.50,9394
11.51,9393
11.52,9392
11.54,9391
11.55,9390
11.56,9389
11.57,9388
11.58,9387
11.59,9386
11.60,9385
11.61,9384
11.62,9383
11.64,9382
11.65,9381
11.66,9380
11.67,9379
11.68,9378
11.69,9377
11.70,9376
11.71,9375
11.72,9374
11.74,9373
11.75,9372
11.76,9371
11.77,9370
11.78,9369
11.79,9368
11.80,9367
11.81,9366
11.83,9365
11.84,9364
11.85,9363
11.86,9362
11.87,9361
11.88,9360
11.89,9359
11.91,9358
11.92,9357
11.93,9356
11.94,9355
11.95,9354
11.96,9353
11.97,9352
11.99,9351
12.00,9350
12.01,9349
12.02,9348
12.03,9347
12.04,9346
12.05,9345
12.07,9344
12.08,9343
12.09,9342
12.10,9341
12.11,9340
12.12,9339
12.13,9338
12.15,9337
12.16,9336
12.17,9335
12.18,9334
12.19,9333
12.20,9332
12.21,9331
12.22,9330
12.24,9329
12.25,9328
12.26,9327
12.27,9326
12.28,9325
12.29,9324
12.30,9323
12.32,9322
12.33,9321
12.34,9320
12.35,9319
12.36,9318
12.37,9317
12.38,9316
12.40,9315
12.41,9314
12.42,9313
12.43,9312
12.44,9311
12.45,9310
12.46,9309
12.48,9308
12.49,9307
12.50,9306
12.51,9305
12.52,9304
12.53,9303
12.55,9302
12.56,9301
12.57,9300
12.58,9299
12.59,9298
12.60,9297
12.62,9296
12.63,9295
12.64,9294
12.65,9293
12.66,9292
12.67,9291
12.68,9290
12.70,9289
12.71,9288
12.72,9287
12.73,9286
12.74,9285
12.75,9284
12.76,9283
12.77,9282
12.79,9281
12.80,9280
12.81,9279
12.82,9278
12.83,9277
12.84,9276
12.85,9275
12.87,9274
12.88,9273
12.89,9272
12.90,9271
12.91,9270
12.92,9269
12.93,9268
12.95,9267
12.96,9266
12.97,9265
12.98,9264
12.99,9263
13.00,9262
13.01,9261
13.03,9260
13.04,9259
13.05,9258
13.06,9257
13.07,9256
13.08,9255
13.09,9254
13.10,9253
13.12,9252
13.13,9251
13.14,9250
13.15,9249
13.16,9248
13.17,9247
13.18,9246
13.20,9245
13.21,9244
13.22,9243
13.23,9242
13.24,9241
13.25,9240
13.26,9239
13.28,9238
13.29,9237
13.30,9236
13.31,9235
13.32,9234
13.33,9233
13.34,9232
13.35,9231
13.37,9230
13.38,9229
13.39,9228
13.40,9227
13.41,9226
13.42,9225
13.43,9224
13.45,9223
13.46,9222
13.47,9221
13.48,9220
13.49,9219
13.50,9218
13.51,9217
13.53,9216
13.54,9215
13.55,9214
13.56,9213
13.57,9212
13.58,9211
13.59,9210
13.61,9209
13.62,9208
13.63,9207
13.64,9206
13.65,9205
13.66,9204
13.67,9203
13.68,9202
13.70,9201
13.71,9200
13.72,9199
13.73,9198
13.74,9197
13.75,9196
13.76,9195
13.78,9194
13.79,9193
13.80,9192
13.81,9191
13.82,9190
13.83,9189
13.84,9188
13.86,9187
13.87,9186
13.88,9185
13.89,9184
13.90,9183
13.91,9182
13.92,9181
13.93,9180
13.95,9179
13.96,9178
13.97,9177
13.98,9176
13.99,9175
14.00,9174
14.02,9173
14.03,9172
14.04,9171
14.05,9170
14.06,9169
14.07,9168
14.08,9167
14.09,9166
14.11,9165
14.12,9164
14.13,9163
14.14,9162
14.15,9161
14.16,9160
14.17,9159
14.19,9158
14.20,9157
14.21,9156
14.22,9155
14.23,9154
14.24,9153
14.25,9152
14.27,9151
14.28,9150
14.29,9149
14.30,9148
14.31,9147
14.32,9146
14.34,9145
14.35,9144
14.36,9143
14.37,9142
14.38,9141
14.39,9140
14.40,9139
14.42,9138
14.43,9137
14.44,9136
14.45,9135
14.46,9134
14.47,9133
14.48,9132
14.50,9131
14.51,9130
14.52,9129
14.53,9128
14.54,9127
14.55,9126
14.56,9125
14.58,9124
14.59,9123
14.60,9122
14.61,9121
14.62,9120
14.63,9119
14.64,9118
14.65,9117
14.67,9116
14.68,9115
14.69,9114
14.70,9113
14.71,9112
14.72,9111
14.73,9110
14.74,9109
14.76,9108
14.77,9107
14.78,9106
14.79,9105
14.80,9104
14.81,9103
14.82,9102
14.84,9101
14.85,9100
14.86,9099
14.87,9098
14.88,9097
14.89,9096
14.90,9095
14.91,9094
14.93,9093
14.94,9092
14.95,9091
14.96,9090
14.97,9089
14.98,9088
14.99,9087
15.00,9086
15.02,9085
15.03,9084
15.04,9083
15.05,9082
15.06,9081
15.07,9080
15.08,9079
15.10,9078
15.11,9077
15.12,9076
15.13,9075
15.14,9074
15.15,9073
15.16,9072
15.18,9071
15.19,9070
15.20,9069
15.21,9068
15.22,9067
15.23,9066
15.24,9065
15.26,9064
15.27,9063
15.28,9062
15.29,9061
15.30,9060
15.31,9059
15.32,9058
15.34,9057
15.35,9056
15.36,9055
15.37,9054
15.38,9053
15.39,9052
15.40,9051
15.42,9050
15.43,9049
15.44,9048
15.45,9047
15.46,9046
15.47,9045
15.48,9044
15.50,9043
15.51,9042
15.52,9041
15.53,9040
15.54,9039
15.55,9038
15.56,9037
15.57,9036
15.59,9035
15.60,9034
15.61,9033
15.62,9032
15.63,9031
15.65,9030
15.66,9029
15.67,9028
15.68,9027
15.69,9026
15.70,9025
15.71,9024
15.72,9023
15.74,9022
15.75,9021
15.76,9020
15.77,9019
15.78,9018
15.79,9017
15.80,9016
15.82,9015
15.83,9014
15.84,9013
15.85,9012
15.86,9011
15.87,9010
15.88,9009
15.89,9008
15.91,9007
15.92,9006
15.93,9005
15.94,9004
15.95,9003
15.96,9002
15.97,9001
15.99,9000
16.00,8999
16.01,8998
16.02,8997
16.03,8996
16.04,8995
16.05,8994
16.06,8993
16.08,8992
16.09,8991
16.10,8990
16.11,8989
16.12,8988
16.13,8987
16.14,8986
16.16,8985
16.17,8984
16.18,8983
16.19,8982
16.20,8981
16.21,8980
16.22,8979
16.23,8978
16.24,8977
16.26,8976
16.27,8975
16.28,8974
16.29,8973
16.30,8972
16.31,8971
16.32,8970
16.33,8969
16.34,8968
16.36,8967
16.37,8966
16.38,8965
16.39,8964
16.40,8963
16.41,8962
16.42,8961
16.43,8960
16.44,8959
16.45,8958
16.47,8957
16.48,8956
16.49,8955
16.50,8954
16.51,8953
16.52,8952
16.53,8951
16.54,8950
16.55,8949
16.57,8948
16.58,8947
16.59,8946
16.60,8945
16.61,8944
16.62,8943
16.63,8942
16.65,8941
16.66,8940
16.67,8939
16.68,8938
16.69,8937
16.70,8936
16.71,8935
16.72,8934
16.74,8933
16.75,8932
16.76,8931
16.77,8930
16.78,8929
16.79,8928
16.80,8927
16.82,8926
16.83,8925
16.84,8924
16.85,8923
16.86,8922
16.87,8921
16.88,8920
16.89,8919
16.90,8918
16.92,8917
16.93,8916
16.94,8915
16.95,8914
16.96,8913
16.97,8912
16.98,8911
17.00,8910
17.01,8909
17.02,8908
17.03,8907
17.04,8906
17.05,8905
17.06,8904
17.08,8903
17.09,8902
17.10,8901
17.11,8900
17.12,8899
17.13,8898
17.14,8897
17.15,8896
17.16,8895
17.18,8894
17.19,8893
17.20,8892
17.21,8891
17.22,8890
17.23,8889
17.24,8888
17.25,8887
17.27,8886
17.28,8885
17.29,8884
17.30,8883
17.31,8882
17.32,8881
17.33,8880
17.35,8879
17.36,8878
17.37,8877
17.38,8876
17.39,8875
17.40,8874
17.41,8873
17.42,8872
17.43,8871
17.45,8870
17.46,8869
17.47,8868
17.48,8867
17.49,8866
17.50,8865
17.51,8864
17.53,8863
17.54,8862
17.55,8861
17.56,8860
17.57,8859
17.58,8858
17.59,8857
17.60,8856
17.62,8855
17.63,8854
17.64,8853
17.65,8852
17.66,8851
17.67,8850
17.68,8849
17.69,8848
17.71,8847
17.72,8846
17.73,8845
17.74,8844
17.75,8843
17.76,8842
17.77,8841
17.78,8840
17.80,8839
17.81,8838
17.82,8837
17.83,8836
17.84,8835
17.85,8834
17.86,8833
17.88,8832
17.89,8831
17.90,8830
17.91,8829
17.92,8828
17.93,8827
17.94,8826
17.95,8825
17.96,8824
17.98,8823
17.99,8822
18.00,8821
18.01,8820
18.02,8819
18.03,8818
18.04,8817
18.05,8816
18.06,8815
18.07,8814
18.08,8813
18.10,8812
18.11,8811
18.12,8810
18.13,8809
18.14,8808
18.15,8807
18.16,8806
18.17,8805
18.18,8804
18.19,8803
18.20,8802
18.22,8801
18.23,8800
18.24,8799
18.25,8798
18.26,8797
18.27,8796
18.28,8795
18.29,8794
18.30,8793
18.31,8792
18.33,8791
18.34,8790
18.35,8789
18.36,8788
18.37,8787
18.38,8786
18.39,8785
18.40,8784
18.41,8783
18.43,8782
18.44,8781
18.45,8780
18.46,8779
18.47,8778
18.48,8777
18.49,8776
18.50,8775
18.52,8774
18.53,8773
18.54,8772
18.55,8771
18.56,8770
18.57,8769
18.58,8768
18.60,8767
18.61,8766
18.62,8765
18.63,8764
18.64,8763
18.65,8762
18.66,8761
18.67,8760
18.68,8759
18.70,8758
18.71,8757
18.72,8756
18.73,8755
18.74,8754
18.75,8753
18.76,8752
18.78,8751
18.79,8750
18.80,8749
18.81,8748
18.82,8747
18.83,8746
18.84,8745
18.86,8744
18.87,8743
18.88,8742
18.89,8741
18.90,8740
18.91,8739
18.92,8738
18.93,8737
18.95,8736
18.96,8735
18.97,8734
18.98,8733
18.99,8732
19.00,8731
19.01,8730
19.02,8729
19.04,8728
19.05,8727
19.06,8726
19.07,8725
19.08,8724
19.09,8723
19.10,8722
19.11,8721
19.13,8720
19.14,8719
19.15,8718
19.16,8717
19.17,8716
19.18,8715
19.19,8714
19.21,8713
19.22,8712
19.23,8711
19.24,8710
19.25,8709
19.26,8708
19.27,8707
19.29,8706
19.30,8705
19.31,8704
19.32,8703
19.33,8702
19.34,8701
19.35,8700
19.36,8699
19.37,8698
19.39,8697
19.40,8696
19.41,8695
19.42,8694
19.43,8693
19.44,8692
19.46,8691
19.47,8690
19.48,8689
19.49,8688
19.50,8687
19.51,8686
19.52,8685
19.53,8684
19.54,8683
19.56,8682
19.57,8681
19.58,8680
19.59,8679
19.60,8678
19.61,8677
19.62,8676
19.63,8675
19.64,8674
19.66,8673
19.67,8672
19.68,8671
19.69,8670
19.70,8669
19.71,8668
19.72,8667
19.73,8666
19.74,8665
19.76,8664
19.77,8663
19.78,8662
19.79,8661
19.80,8660
19.81,8659
19.82,8658
19.84,8657
19.85,8656
19.86,8655
19.87,8654
19.88,8653
19.89,8652
19.90,8651
19.91,8650
19.93,8649
19.94,8648
19.95,8647
19.96,8646
19.97,8645
19.98,8644
19.99,8643
20.00,8642
20.02,8641
20.03,8640
20.04,8639
20.05,8638
20.06,8637
20.07,8636
20.08,8635
20.09,8634
20.11,8633
20.12,8632
20.13,8631
20.14,8630
20.15,8629
20.16,8628
20.17,8627
20.18,8626
20.20,8625
20.21,8624
20.22,8623
20.23,8622
20.24,8621
20.25,8620
20.26,8619
20.27,8618
20.29,8617
20.30,8616
20.31,8615
20.32,8614
20.33,8613
20.34,8612
20.35,8611
20.37,8610
20.38,8609
20.39,8608
20.40,8607
20.41,8606
20.42,8605
20.43,8604
20.44,8603
20.46,8602
20.47,8601
20.48,8600
20.49,8599
20.50,8598
20.51,8597
20.52,8596
20.53,8595
20.54,8594
20.56,8593
20.57,8592
20.58,8591
20.59,8590
20.60,8589
20.61,8588
20.62,8587
20.64,8586
20.65,8585
20.66,8584
20.67,8583
20.68,8582
20.69,8581
20.70,8580
20.71,8579
20.72,8578
20.73,8577
20.75,8576
20.76,8575
20.77,8574
20.78,8573
20.79,8572
20.80,8571
20.81,8570
20.82,8569
20.83,8568
20.84,8567
20.85,8566
20.86,8565
20.88,8564
20.89,8563
20.90,8562
20.91,8561
20.92,8560
20.93,8559
20.94,8558
20.95,8557
20.96,8556
20.97,8555
20.99,8554
21.00,8553
21.01,8552
21.02,8551
21.03,8550
21.04,8549
21.05,8548
21.06,8547
21.07,8546
21.08,8545
21.09,8544
21.10,8543
21.12,8542
21.13,8541
21.14,8540
21.15,8539
21.16,8538
21.17,8537
21.18,8536
21.19,8535
21.20,8534
21.21,8533
21.22,8532
21.24,8531
21.25,8530
21.26,8529
21.27,8528
21.28,8527
21.29,8526
21.30,8525
21.31,8524
21.33,8523
21.34,8522
21.35,8521
21.36,8520
21.37,8519
21.38,8518
21.39,8517
21.40,8516
21.42,8515
21.43,8514
21.44,8513
21.45,8512
21.46,8511
21.47,8510
21.48,8509
21.49,8508
21.50,8507
21.52,8506
21.53,8505
21.54,8504
21.55,8503
21.56,8502
21.57,8501
21.58,8500
21.60,8499
21.61,8498
21.62,8497
21.63,8496
21.64,8495
21.65,8494
21.66,8493
21.67,8492
21.68,8491
21.69,8490
21.71,8489
21.72,8488
21.73,8487
21.74,8486
21.75,8485
21.76,8484
21.77,8483
21.78,8482
21.80,8481
21.81,8480
21.82,8479
21.83,8478
21.84,8477
21.85,8476
21.86,8475
21.87,8474
21.88,8473
21.90,8472
21.91,8471
21.92,8470
21.93,8469
21.94,8468
21.95,8467
21.96,8466
21.97,8465
21.98,8464
22.00,8463
22.01,8462
22.02,8461
22.03,8460
22.04,8459
22.05,8458
22.06,8457
22.07,8456
22.08,8455
22.09,8454
22.11,8453
22.12,8452
22.13,8451
22.14,8450
22.15,8449
22.16,8448
22.17,8447
22.18,8446
22.19,8445
22.21,8444
22.22,8443
22.23,8442
22.24,8441
22.25,8440
22.26,8439
22.27,8438
22.28,8437
22.29,8436
22.31,8435
22.32,8434
22.33,8433
22.34,8432
22.35,8431
22.36,8430
22.37,8429
22.39,8428
22.40,8427
22.41,8426
22.42,8425
22.43,8424
22.44,8423
22.45,8422
22.46,8421
22.47,8420
22.49,8419
22.50,8418
22.51,8417
22.52,8416
22.53,8415
22.54,8414
22.55,8413
22.56,8412
22.58,8411
22.59,8410
22.60,8409
22.61,8408
22.62,8407
22.63,8406
22.64,8405
22.65,8404
22.66,8403
22.68,8402
22.69,8401
22.70,8400
22.71,8399
22.72,8398
22.73,8397
22.74,8396
22.75,8395
22.76,8394
22.77,8393
22.79,8392
22.80,8391
22.81,8390
22.82,8389
22.83,8388
22.84,8387
22.85,8386
22.86,8385
22.88,8384
22.89,8383
22.90,8382
22.91,8381
22.92,8380
22.93,8379
22.94,8378
22.95,8377
22.96,8376
22.98,8375
22.99,8374
23.00,8373
23.01,8372
23.02,8371
23.03,8370
23.04,8369
23.05,8368
23.07,8367
23.08,8366
23.09,8365
23.10,8364
23.11,8363
23.12,8362
23.13,8361
23.14,8360
23.15,8359
23.17,8358
23.18,8357
23.19,8356
23.20,8355
23.21,8354
23.22,8353
23.23,8352
23.24,8351
23.25,8350
23.27,8349
23.28,8348
23.29,8347
23.30,8346
23.31,8345
23.32,8344
23.33,8343
23.34,8342
23.35,8341
23.37,8340
23.38,8339
23.39,8338
23.40,8337
23.41,8336
23.42,8335
23.43,8334
23.44,8333
23.46,8332
23.47,8331
23.48,8330
23.49,8329
23.50,8328
23.51,8327
23.52,8326
23.53,8325
23.55,8324
23.56,8323
23.57,8322
23.58,8321
23.59,8320
23.60,8319
23.61,8318
23.62,8317
23.63,8316
23.65,8315
23.66,8314
23.67,8313
23.68,8312
23.69,8311
23.70,8310
23.71,8309
23.72,8308
23.74,8307
23.75,8306
23.76,8305
23.77,8304
23.78,8303
23.79,8302
23.80,8301
23.81,8300
23.82,8299
23.83,8298
23.85,8297
23.86,8296
23.87,8295
23.88,8294
23.89,8293
23.90,8292
23.91,8291
23.92,8290
23.94,8289
23.95,8288
23.96,8287
23.97,8286
23.98,8285
23.99,8284
24.00,8283
24.01,8282
24.02,8281
24.04,8280
24.05,8279
24.06,8278
24.07,8277
24.08,8276
24.09,8275
24.10,8274
24.11,8273
24.13,8272
24.14,8271
24.15,8270
24.16,8269
24.17,8268
24.18,8267
24.19,8266
24.20,8265
24.21,8264
24.22,8263
24.24,8262
24.25,8261
24.26,8260
24.27,8259
24.28,8258
24.29,8257
24.30,8256
24.31,8255
24.32,8254
24.33,8253
24.35,8252
24.36,8251
24.37,8250
24.38,8249
24.39,8248
24.40,8247
24.41,8246
24.42,8245
24.43,8244
24.44,8243
24.45,8242
24.46,8241
24.48,8240
24.49,8239
24.50,8238
24.51,8237
24.52,8236
24.53,8235
24.54,8234
24.55,8233
24.56,8232
24.57,8231
24.58,8230
24.59,8229
24.60,8228
24.62,8227
24.63,8226
24.64,8225
24.65,8224
24.66,8223
24.67,8222
24.68,8221
24.69,8220
24.70,8219
24.71,8218
24.72,8217
24.73,8216
24.74,8215
24.76,8214
24.77,8213
24.78,8212
24.79,8211
24.80,8210
24.81,8209
24.82,8208
24.83,8207
24.85,8206
24.86,8205
24.87,8204
24.88,8203
24.89,8202
24.90,8201
24.91,8200
24.92,8199
24.93,8198
24.95,8197
24.96,8196
24.97,8195
24.98,8194
24.99,8193
25.00,8192
25.01,8191
25.02,8190
25.03,8189
25.05,8188
25.06,8187
25.07,8186
25.08,8185
25.09,8184
25.10,8183
25.11,8182
25.12,8181
25.13,8180
25.14,8179
25.16,8178
25.17,8177
25.18,8176
25.19,8175
25.20,8174
25.21,8173
25.22,8172
25.23,8171
25.25,8170
25.26,8169
25.27,8168
25.28,8167
25.29,8166
25.30,8165
25.31,8164
25.32,8163
25.33,8162
25.35,8161
25.36,8160
25.37,8159
25.38,8158
25.39,8157
25.40,8156
25.41,8155
25.42,8154
25.43,8153
25.45,8152
25.46,8151
25.47,8150
25.48,8149
25.49,8148
25.50,8147
25.51,8146
25.53,8145
25.54,8144
25.55,8143
25.56,8142
25.57,8141
25.59,8140
25.60,8139
25.61,8138
25.62,8137
25.64,8136
25.65,8135
25.66,8134
25.67,8133
25.68,8132
25.69,8131
25.70,8130
25.71,8129
25.73,8128
25.74,8127
25.75,8126
25.76,8125
25.77,8124
25.78,8123
25.79,8122
25.81,8121
25.82,8120
25.83,8119
25.84,8118
25.85,8117
25.86,8116
25.87,8115
25.88,8114
25.90,8113
25.91,8112
25.92,8111
25.93,8110
25.94,8109
25.95,8108
25.96,8107
25.98,8106
25.99,8105
26.00,8104
26.01,8103
26.02,8102
26.03,8101
26.04,8100
26.05,8099
26.07,8098
26.08,8097
26.09,8096
26.10,8095
26.11,8094
26.12,8093
26.13,8092
26.14,8091
26.16,8090
26.17,8089
26.18,8088
26.19,8087
26.20,8086
26.21,8085
26.22,8084
26.23,8083
26.25,8082
26.26,8081
26.27,8080
26.28,8079
26.29,8078
26.30,8077
26.31,8076
26.32,8075
26.33,8074
26.35,8073
26.36,8072
26.37,8071
26.38,8070
26.39,8069
26.40,8068
26.41,8067
26.42,8066
26.44,8065
26.45,8064
26.46,8063
26.47,8062
26.48,8061
26.49,8060
26.50,8059
26.51,8058
26.53,8057
26.54,8056
26.55,8055
26.56,8054
26.57,8053
26.58,8052
26.59,8051
26.60,8050
26.62,8049
26.63,8048
26.64,8047
26.65,8046
26.66,8045
26.67,8044
26.68,8043
26.70,8042
26.71,8041
26.72,8040
26.73,8039
26.74,8038
26.75,8037
26.76,8036
26.78,8035
26.79,8034
26.80,8033
26.81,8032
26.82,8031
26.83,8030
26.84,8029
26.85,8028
26.87,8027
26.88,8026
26.89,8025
26.90,8024
26.91,8023
26.92,8022
26.93,8021
26.94,8020
26.96,8019
26.97,8018
26.98,8017
26.99,8016
27.00,8015
27.01,8014
27.02,8013
27.04,8012
27.05,8011
27.06,8010
27.07,8009
27.08,8008
27.09,8007
27.10,8006
27.11,8005
27.13,8004
27.14,8003
27.15,8002
27.16,8001
27.17,8000
27.18,7999
27.19,7998
27.20,7997
27.22,7996
27.23,7995
27.24,7994
27.25,7993
27.26,7992
27.27,7991
27.28,7990
27.30,7989
27.31,7988
27.32,7987
27.33,7986
27.34,7985
27.35,7984
27.36,7983
27.37,7982
27.38,7981
27.40,7980
27.41,7979
27.42,7978
27.43,7977
27.44,7976
27.45,7975
27.46,7974
27.47,7973
27.48,7972
27.50,7971
27.51,7970
27.52,7969
27.53,7968
27.54,7967
27.55,7966
27.56,7965
27.58,7964
27.59,7963
27.60,7962
27.61,7961
27.62,7960
27.63,7959
27.64,7958
27.65,7957
27.67,7956
27.68,7955
27.69,7954
27.70,7953
27.71,7952
27.72,7951
27.73,7950
27.75,7949
27.76,7948
27.77,7947
27.78,7946
27.79,7945
27.80,7944
27.81,7943
27.82,7942
27.84,7941
27.85,7940
27.86,7939
27.87,7938
27.88,7937
27.89,7936
27.90,7935
27.92,7934
27.93,7933
27.94,7932
27.95,7931
27.96,7930
27.97,7929
27.98,7928
27.99,7927
28.01,7926
28.02,7925
28.03,7924
28.04,7923
28.05,7922
28.06,7921
28.07,7920
28.09,7919
28.10,7918
28.11,7917
28.12,7916
28.13,7915
28.14,7914
28.15,7913
28.17,7912
28.18,7911
28.19,7910
28.20,7909
28.21,7908
28.22,7907
28.23,7906
28.25,7905
28.26,7904
28.27,7903
28.28,7902
28.29,7901
28.30,7900
28.31,7899
28.32,7898
28.34,7897
28.35,7896
28.36,7895
28.37,7894
28.38,7893
28.39,7892
28.40,7891
28.42,7890
28.43,7889
28.44,7888
28.45,7887
28.46,7886
28.47,7885
28.48,7884
28.50,7883
28.51,7882
28.52,7881
28.53,7880
28.54,7879
28.55,7878
28.56,7877
28.57,7876
28.59,7875
28.60,7874
28.61,7873
28.62,7872
28.63,7871
28.64,7870
28.65,7869
28.67,7868
28.68,7867
28.69,7866
28.70,7865
28.71,7864
28.72,7863
28.73,7862
28.75,7861
28.76,7860
28.77,7859
28.78,7858
28.79,7857
28.80,7856
28.81,7855
28.82,7854
28.84,7853
28.85,7852
28.86,7851
28.87,7850
28.88,7849
28.89,7848
28.90,7847
28.92,7846
28.93,7845
28.94,7844
28.95,7843
28.96,7842
28.97,7841
28.98,7840
28.99,7839
29.00,7838
29.02,7837
29.03,7836
29.04,7835
29.05,7834
29.06,7833
29.07,7832
29.08,7831
29.09,7830
29.11,7829
29.12,7828
29.13,7827
29.14,7826
29.15,7825
29.16,7824
29.17,7823
29.19,7822
29.20,7821
29.21,7820
29.22,7819
29.23,7818
29.24,7817
29.25,7816
29.27,7815
29.28,7814
29.29,7813
29.30,7812
29.31,7811
29.32,7810
29.33,7809
29.34,7808
29.35,7807
29.37,7806
29.38,7805
29.39,7804
29.40,7803
29.41,7802
29.42,7801
29.43,7800
29.45,7799
29.46,7798
29.47,7797
29.48,7796
29.49,7795
29.50,7794
29.51,7793
29.53,7792
29.54,7791
29.55,7790
29.56,7789
29.57,7788
29.58,7787
29.59,7786
29.60,7785
29.61,7784
29.63,7783
29.64,7782
29.65,7781
29.66,7780
29.67,7779
29.68,7778
29.69,7777
29.70,7776
29.72,7775
29.73,7774
29.74,7773
29.75,7772
29.76,7771
29.77,7770
29.78,7769
29.79,7768
29.81,7767
29.82,7766
29.83,7765
29.84,7764
29.85,7763
29.86,7762
29.87,7761
29.88,7760
29.90,7759
29.91,7758
29.92,7757
29.93,7756
29.94,7755
29.95,7754
29.96,7753
29.97,7752
29.99,7751
30.00,7750
30.01,7749
30.02,7748
30.03,7747
30.04,7746
30.05,7745
30.06,7744
30.07,7743
30.09,7742
30.10,7741
30.11,7740
30.12,7739
30.13,7738
30.14,7737
30.15,7736
30.17,7735
30.18,7734
30.19,7733
30.20,7732
30.21,7731
30.22,7730
30.23,7729
30.25,7728
30.26,7727
30.27,7726
30.28,7725
30.29,7724
30.30,7723
30.31,7722
30.32,7721
30.34,7720
30.35,7719
30.36,7718
30.37,7717
30.38,7716
30.39,7715
30.40,7714
30.42,7713
30.43,7712
30.44,7711
30.45,7710
30.46,7709
30.47,7708
30.48,7707
30.49,7706
30.51,7705
30.52,7704
30.53,7703
30.54,7702
30.55,7701
30.56,7700
30.57,7699
30.58,7698
30.60,7697
30.61,7696
30.62,7695
30.63,7694
30.64,7693
30.65,7692
30.66,7691
30.67,7690
30.69,7689
30.70,7688
30.71,7687
30.72,7686
30.73,7685
30.74,7684
30.75,7683
30.77,7682
30.78,7681
30.79,7680
30.80,7679
30.81,7678
30.82,7677
30.83,7676
30.84,7675
30.86,7674
30.87,7673
30.88,7672
30.89,7671
30.90,7670
30.91,7669
30.92,7668
30.93,7667
30.95,7666
30.96,7665
30.97,7664
30.98,7663
30.99,7662
31.00,7661
31.01,7660
31.02,7659
31.03,7658
31.05,7657
31.06,7656
31.07,7655
31.08,7654
31.09,7653
31.10,7652
31.11,7651
31.12,7650
31.13,7649
31.15,7648
31.16,7647
31.17,7646
31.18,7645
31.19,7644
31.20,7643
31.21,7642
31.22,7641
31.23,7640
31.24,7639
31.25,7638
31.26,7637
31.28,7636
31.29,7635
31.30,7634
31.31,7633
31.32,7632
31.33,7631
31.34,7630
31.35,7629
31.36,7628
31.37,7627
31.39,7626
31.40,7625
31.41,7624
31.42,7623
31.43,7622
31.44,7621
31.45,7620
31.46,7619
31.47,7618
31.49,7617
31.50,7616
31.51,7615
31.52,7614
31.53,7613
31.54,7612
31.55,7611
31.56,7610
31.57,7609
31.58,7608
31.59,7607
31.61,7606
31.62,7605
31.63,7604
31.64,7603
31.65,7602
31.66,7601
31.67,7600
31.68,7599
31.69,7598
31.71,7597
31.72,7596
31.73,7595
31.74,7594
31.75,7593
31.76,7592
31.77,7591
31.78,7590
31.80,7589
31.81,7588
31.82,7587
31.83,7586
31.84,7585
31.85,7584
31.86,7583
31.88,7582
31.89,7581
31.90,7580
31.91,7579
31.92,7578
31.93,7577
31.94,7576
31.96,7575
31.97,7574
31.98,7573
31.99,7572
32.00,7571
32.01,7570
32.02,7569
32.03,7568
32.04,7567
32.05,7566
32.07,7565
32.08,7564
32.09,7563
32.10,7562
32.11,7561
32.12,7560
32.13,7559
32.14,7558
32.16,7557
32.17,7556
32.18,7555
32.19,7554
32.20,7553
32.21,7552
32.22,7551
32.24,7550
32.25,7549
32.26,7548
32.27,7547
32.28,7546
32.29,7545
32.30,7544
32.32,7543
32.33,7542
32.34,7541
32.35,7540
32.36,7539
32.37,7538
32.38,7537
32.39,7536
32.40,7535
32.42,7534
32.43,7533
32.44,7532
32.45,7531
32.46,7530
32.47,7529
32.48,7528
32.50,7527
32.51,7526
32.52,7525
32.53,7524
32.54,7523
32.55,7522
32.56,7521
32.57,7520
32.59,7519
32.60,7518
32.61,7517
32.62,7516
32.63,7515
32.64,7514
32.65,7513
32.66,7512
32.68,7511
32.69,7510
32.70,7509
32.71,7508
32.72,7507
32.73,7506
32.74,7505
32.75,7504
32.76,7503
32.78,7502
32.79,7501
32.80,7500
32.81,7499
32.82,7498
32.83,7497
32.84,7496
32.85,7495
32.87,7494
32.88,7493
32.89,7492
32.90,7491
32.91,7490
32.92,7489
32.93,7488
32.95,7487
32.96,7486
32.97,7485
32.98,7484
32.99,7483
33.00,7482
33.01,7481
33.02,7480
33.03,7479
33.05,7478
33.06,7477
33.07,7476
33.08,7475
33.09,7474
33.10,7473
33.12,7472
33.13,7471
33.14,7470
33.15,7469
33.16,7468
33.17,7467
33.18,7466
33.20,7465
33.21,7464
33.22,7463
33.23,7462
33.24,7461
33.25,7460
33.26,7459
33.27,7458
33.29,7457
33.30,7456
33.31,7455
33.32,7454
33.33,7453
33.34,7452
33.35,7451
33.36,7450
33.38,7449
33.39,7448
33.40,7447
33.41,7446
33.42,7445
33.43,7444
33.44,7443
33.45,7442
33.47,7441
33.48,7440
33.49,7439
33.50,7438
33.51,7437
33.52,7436
33.53,7435
33.54,7434
33.56,7433
33.57,7432
33.58,7431
33.59,7430
33.60,7429
33.61,7428
33.62,7427
33.64,7426
33.65,7425
33.66,7424
33.67,7423
33.68,7422
33.69,7421
33.70,7420
33.71,7419
33.73,7418
33.74,7417
33.75,7416
33.76,7415
33.77,7414
33.78,7413
33.79,7412
33.80,7411
33.81,7410
33.83,7409
33.84,7408
33.85,7407
33.86,7406
33.87,7405
33.88,7404
33.89,7403
33.90,7402
33.91,7401
33.93,7400
33.94,7399
33.95,7398
33.96,7397
33.97,7396
33.98,7395
33.99,7394
34.00,7393
34.02,7392
34.03,7391
34.04,7390
34.05,7389
34.06,7388
34.07,7387
34.08,7386
34.09,7385
34.11,7384
34.12,7383
34.13,7382
34.14,7381
34.15,7380
34.16,7379
34.17,7378
34.18,7377
34.20,7376
34.22,7375
34.23,7374
34.24,7373
34.25,7372
34.26,7371
34.28,7370
34.29,7369
34.30,7368
34.31,7367
34.32,7366
34.33,7365
34.34,7364
34.35,7363
34.37,7362
34.38,7361
34.39,7360
34.40,7359
34.41,7358
34.42,7357
34.43,7356
34.44,7355
34.46,7354
34.47,7353
34.48,7352
34.49,7351
34.50,7350
34.51,7349
34.53,7348
34.54,7347
34.55,7346
34.56,7345
34.57,7344
34.58,7343
34.59,7342
34.60,7341
34.61,7340
34.63,7339
34.64,7338
34.65,7337
34.66,7336
34.67,7335
34.68,7334
34.69,7333
34.71,7332
34.72,7331
34.73,7330
34.74,7329
34.75,7328
34.76,7327
34.77,7326
34.79,7325
34.80,7324
34.81,7323
34.82,7322
34.83,7321
34.84,7320
34.85,7319
34.86,7318
34.88,7317
34.89,7316
34.90,7315
34.91,7314
34.92,7313
34.93,7312
34.94,7311
34.95,7310
34.97,7309
34.98,7308
34.99,7307
35.00,7306
35.01,7305
35.02,7304
35.04,7303
35.05,7302
35.06,7301
35.08,7300
35.09,7299
35.10,7298
35.11,7297
35.12,7296
35.13,7295
35.14,7294
35.15,7293
35.17,7292
35.18,7291
35.19,7290
35.20,7289
35.21,7288
35.22,7287
35.23,7286
35.24,7285
35.25,7284
35.27,7283
35.28,7282
35.29,7281
35.30,7280
35.31,7279
35.32,7278
35.33,7277
35.34,7276
35.36,7275
35.37,7274
35.38,7273
35.39,7272
35.40,7271
35.41,7270
35.43,7269
35.44,7268
35.45,7267
35.46,7266
35.47,7265
35.48,7264
35.49,7263
35.50,7262
35.52,7261
35.53,7260
35.54,7259
35.55,7258
35.56,7257
35.57,7256
35.58,7255
35.60,7254
35.61,7253
35.62,7252
35.63,7251
35.64,7250
35.65,7249
35.66,7248
35.67,7247
35.69,7246
35.70,7245
35.71,7244
35.72,7243
35.73,7242
35.74,7241
35.75,7240
35.76,7239
35.78,7238
35.79,7237
35.80,7236
35.81,7235
35.82,7234
35.83,7233
35.84,7232
35.86,7231
35.87,7230
35.88,7229
35.89,7228
35.90,7227
35.91,7226
35.92,7225
35.93,7224
35.95,7223
35.96,7222
35.97,7221
35.98,7220
35.99,7219
36.00,7218
36.01,7217
36.03,7216
36.04,7215
36.05,7214
36.06,7213
36.07,7212
36.08,7211
36.09,7210
36.10,7209
36.12,7208
36.13,7207
36.14,7206
36.15,7205
36.16,7204
36.17,7203
36.18,7202
36.19,7201
36.21,7200
36.22,7199
36.23,7198
36.24,7197
36.25,7196
36.26,7195
36.27,7194
36.28,7193
36.29,7192
36.30,7191
36.31,7190
36.33,7189
36.34,7188
36.35,7187
36.36,7186
36.37,7185
36.38,7184
36.39,7183
36.40,7182
36.41,7181
36.42,7180
36.43,7179
36.45,7178
36.46,7177
36.47,7176
36.48,7175
36.49,7174
36.50,7173
36.51,7172
36.52,7171
36.54,7170
36.55,7169
36.56,7168
36.57,7167
36.58,7166
36.59,7165
36.60,7164
36.62,7163
36.63,7162
36.64,7161
36.65,7160
36.66,7159
36.67,7158
36.68,7157
36.69,7156
36.71,7155
36.72,7154
36.73,7153
36.74,7152
36.75,7151
36.76,7150
36.77,7149
36.79,7148
36.80,7147
36.81,7146
36.82,7145
36.83,7144
36.84,7143
36.86,7142
36.87,7141
36.88,7140
36.89,7139
36.90,7138
36.91,7137
36.92,7136
36.93,7135
36.95,7134
36.96,7133
36.97,7132
36.98,7131
36.99,7130
37.00,7129
37.02,7128
37.03,7127
37.04,7126
37.05,7125
37.06,7124
37.07,7123
37.08,7122
37.09,7121
37.11,7120
37.12,7119
37.13,7118
37.14,7117
37.15,7116
37.16,7115
37.17,7114
37.18,7113
37.20,7112
37.21,7111
37.22,7110
37.23,7109
37.24,7108
37.25,7107
37.26,7106
37.27,7105
37.29,7104
37.30,7103
37.31,7102
37.32,7101
37.33,7100
37.34,7099
37.35,7098
37.36,7097
37.38,7096
37.39,7095
37.40,7094
37.41,7093
37.42,7092
37.43,7091
37.44,7090
37.45,7089
37.46,7088
37.48,7087
37.49,7086
37.50,7085
37.51,7084
37.52,7083
37.53,7082
37.54,7081
37.55,7080
37.56,7079
37.57,7078
37.58,7077
37.59,7076
37.60,7075
37.61,7074
37.63,7073
37.64,7072
37.65,7071
37.66,7070
37.67,7069
37.68,7068
37.69,7067
37.70,7066
37.71,7065
37.72,7064
37.73,7063
37.74,7062
37.76,7061
37.77,7060
37.78,7059
37.79,7058
37.80,7057
37.81,7056
37.82,7055
37.83,7054
37.84,7053
37.85,7052
37.86,7051
37.87,7050
37.89,7049
37.90,7048
37.91,7047
37.92,7046
