1.14,6886
1.25,6885
1.28,6884
1.30,6883
1.32,6882
1.35,6881
1.36,6880
1.38,6879
1.41,6878
1.42,6877
1.44,6876
1.45,6875
1.46,6874
1.48,6873
1.49,6872
1.50,6871
1.51,6870
1.52,6869
1.54,6868
1.55,6867
1.56,6866
1.57,6865
1.59,6864
1.60,6863
1.61,6862
1.62,6861
1.64,6860
1.65,6859
1.66,6858
1.67,6857
1.69,6856
1.70,6855
1.71,6854
1.72,6853
1.73,6852
1.75,6851
1.76,6850
1.77,6849
1.78,6848
1.80,6847
1.81,6846
1.82,6845
1.83,6844
1.85,6843
1.86,6842
1.87,6841
1.89,6840
1.90,6839
1.91,6838
1.94,6837
1.95,6836
1.96,6835
1.97,6834
1.99,6833
2.00,6832
2.01,6831
2.02,6830
2.04,6829
2.05,6828
2.06,6827
2.07,6826
2.08,6825
2.10,6824
2.11,6823
2.12,6822
2.13,6821
2.15,6820
2.16,6819
2.17,6818
2.19,6817
2.20,6816
2.21,6815
2.22,6814
2.24,6813
2.25,6812
2.26,6811
2.27,6810
2.29,6809
2.30,6808
2.31,6807
2.32,6806
2.34,6805
2.35,6804
2.36,6803
2.38,6802
2.39,6801
2.40,6800
2.41,6799
2.42,6798
2.44,6797
2.45,6796
2.46,6795
2.47,6794
2.49,6793
2.50,6792
2.51,6791
2.52,6790
2.54,6789
2.55,6788
2.57,6787
2.58,6786
2.60,6785
2.61,6784
2.62,6783
2.64,6782
2.65,6781
2.67,6780
2.68,6779
2.69,6778
2.71,6777
2.72,6776
2.74,6775
2.75,6774
2.76,6773
2.78,6772
2.79,6771
2.81,6770
2.82,6769
2.83,6768
2.85,6767
2.86,6766
2.88,6765
2.89,6764
2.90,6763
2.92,6762
2.93,6761
2.95,6760
2.96,6759
2.98,6758
2.99,6757
3.02,6756
3.03,6755
3.04,6754
3.05,6753
3.07,6752
3.08,6751
3.09,6750
3.10,6749
3.11,6748
3.13,6747
3.14,6746
3.15,6745
3.16,6744
3.18,6743
3.19,6742
3.20,6741
3.21,6740
3.22,6739
3.24,6738
3.25,6737
3.26,6736
3.27,6735
3.29,6734
3.30,6733
3.31,6732
3.32,6731
3.34,6730
3.35,6729
3.36,6728
3.37,6727
3.39,6726
3.40,6725
3.41,6724
3.42,6723
3.44,6722
3.45,6721
3.46,6720
3.47,6719
3.49,6718
3.50,6717
3.51,6716
3.52,6715
3.54,6714
3.55,6713
3.56,6712
3.57,6711
3.59,6710
3.60,6709
3.61,6708
3.62,6707
3.64,6706
3.65,6705
3.66,6704
3.67,6703
3.69,6702
3.70,6701
3.71,6700
3.72,6699
3.73,6698
3.75,6697
3.76,6696
3.77,6695
3.79,6694
3.80,6693
3.81,6692
3.82,6691
3.83,6690
3.85,6689
3.86,6688
3.87,6687
3.88,6686
3.90,6685
3.91,6684
3.92,6683
3.93,6682
3.95,6681
3.96,6680
3.97,6679
3.98,6678
4.00,6677
4.01,6676
4.03,6675
4.04,6674
4.06,6673
4.07,6672
4.08,6671
4.09,6670
4.11,6669
4.12,6668
4.13,6667
4.14,6666
4.15,6665
4.17,6664
4.18,6663
4.19,6662
4.20,6661
4.22,6660
4.23,6659
4.24,6658
4.25,6657
4.26,6656
4.28,6655
4.29,6654
4.30,6653
4.31,6652
4.33,6651
4.34,6650
4.35,6649
4.37,6648
4.38,6647
4.39,6646
4.41,6645
4.42,6644
4.46,6643
4.47,6642
4.48,6641
4.49,6640
4.50,6639
4.52,6638
4.53,6637
4.54,6636
4.56,6635
4.57,6634
4.58,6633
4.59,6632
4.61,6631
4.62,6630
4.64,6629
4.65,6628
4.66,6627
4.68,6626
4.69,6625
4.70,6624
4.71,6623
4.72,6622
4.74,6621
4.75,6620
4.76,6619
4.77,6618
4.80,6617
4.81,6616
4.83,6615
4.84,6614
4.85,6613
4.86,6612
4.88,6611
4.89,6610
4.90,6609
4.91,6608
4.92,6607
4.94,6606
4.96,6605
4.97,6604
4.98,6603
5.00,6602
5.01,6601
5.03,6600
5.04,6599
5.06,6598
5.07,6597
5.08,6596
5.09,6595
5.11,6594
5.12,6593
5.13,6592
5.14,6591
5.16,6590
5.17,6589
5.20,6588
5.21,6587
5.22,6586
5.24,6585
5.25,6584
5.27,6583
5.28,6582
5.29,6581
5.31,6580
5.33,6579
5.35,6578
5.36,6577
5.37,6576
5.39,6575
5.40,6574
5.42,6573
5.43,6572
5.44,6571
5.46,6570
5.47,6569
5.48,6568
5.50,6567
5.51,6566
5.52,6565
5.54,6564
5.56,6563
5.58,6562
5.60,6561
5.62,6560
5.63,6559
5.65,6558
5.66,6557
5.68,6556
5.71,6555
5.72,6554
5.75,6553
5.77,6552
5.78,6551
5.79,6550
5.81,6549
5.86,6548
5.87,6547
5.88,6546
5.89,6545
5.91,6544
5.92,6543
5.94,6542
5.95,6541
5.96,6540
5.98,6539
6.02,6538
6.04,6537
6.08,6536
6.09,6535
6.13,6534
6.14,6533
6.16,6532
6.17,6531
6.19,6530
6.20,6529
6.21,6528
6.23,6527
6.24,6526
6.26,6525
6.28,6524
6.30,6523
6.34,6522
6.35,6521
6.37,6520
6.43,6519
6.44,6518
6.45,6517
6.46,6516
6.48,6515
6.50,6514
6.51,6513
6.52,6512
6.53,6511
6.55,6510
6.56,6509
6.58,6508
6.60,6507
6.61,6506
6.63,6505
6.66,6504
6.67,6503
6.68,6502
6.70,6501
6.71,6500
6.73,6499
6.74,6498
6.76,6497
6.77,6496
6.78,6495
6.79,6494
6.81,6493
6.82,6492
6.83,6491
6.84,6490
6.86,6489
6.90,6488
6.91,6487
6.93,6486
6.94,6485
6.95,6484
6.97,6483
6.98,6482
7.00,6481
7.01,6480
7.02,6479
7.04,6478
7.05,6477
7.06,6476
7.07,6475
7.09,6474
7.10,6473
7.11,6472
7.12,6471
7.14,6470
7.15,6469
7.17,6468
7.18,6467
7.19,6466
7.21,6465
7.22,6464
7.23,6463
7.24,6462
7.26,6461
7.27,6460
7.28,6459
7.29,6458
7.31,6457
7.32,6456
7.33,6455
7.35,6454
7.36,6453
7.37,6452
7.39,6451
7.40,6450
7.42,6449
7.43,6448
7.44,6447
7.45,6446
7.47,6445
7.48,6444
7.49,6443
7.51,6442
7.52,6441
7.53,6440
7.55,6439
7.56,6438
7.57,6437
7.58,6436
7.60,6435
7.61,6434
7.62,6433
7.64,6432
7.65,6431
7.66,6430
7.67,6429
7.69,6428
7.70,6427
7.71,6426
7.73,6425
7.74,6424
7.75,6423
7.76,6422
7.78,6421
7.79,6420
7.80,6419
7.82,6418
7.83,6417
7.84,6416
7.85,6415
7.87,6414
7.88,6413
7.89,6412
7.91,6411
7.92,6410
7.93,6409
7.94,6408
7.96,6407
7.97,6406
7.98,6405
8.00,6404
8.01,6403
8.02,6402
8.04,6401
8.05,6400
8.06,6399
8.08,6398
8.09,6397
8.10,6396
8.11,6395
8.13,6394
8.14,6393
8.15,6392
8.16,6391
8.18,6390
8.19,6389
8.20,6388
8.22,6387
8.23,6386
8.25,6385
8.27,6384
8.28,6383
8.29,6382
8.31,6381
8.32,6380
8.33,6379
8.35,6378
8.36,6377
8.37,6376
8.39,6375
8.40,6374
8.41,6373
8.42,6372
8.44,6371
8.45,6370
8.46,6369
8.48,6368
8.49,6367
8.50,6366
8.52,6365
8.53,6364
8.54,6363
8.55,6362
8.57,6361
8.59,6360
8.60,6359
8.61,6358
8.62,6357
8.64,6356
8.65,6355
8.66,6354
8.67,6353
8.69,6352
8.70,6351
8.71,6350
8.72,6349
8.74,6348
8.75,6347
8.76,6346
8.77,6345
8.79,6344
8.80,6343
8.81,6342
8.82,6341
8.84,6340
8.85,6339
8.86,6338
8.88,6337
8.89,6336
8.90,6335
8.91,6334
8.93,6333
8.94,6332
8.95,6331
8.97,6330
8.99,6329
9.00,6328
9.01,6327
9.02,6326
9.04,6325
9.05,6324
9.06,6323
9.08,6322
9.09,6321
9.10,6320
9.11,6319
9.13,6318
9.14,6317
9.15,6316
9.17,6315
9.18,6314
9.19,6313
9.20,6312
9.22,6311
9.23,6310
9.25,6309
9.26,6308
9.27,6307
9.28,6306
9.30,6305
9.31,6304
9.32,6303
9.34,6302
9.35,6301
9.36,6300
9.38,6299
9.39,6298
9.40,6297
9.42,6296
9.43,6295
9.44,6294
9.45,6293
9.47,6292
9.48,6291
9.49,6290
9.51,6289
9.52,6288
9.53,6287
9.55,6286
9.56,6285
9.58,6284
9.59,6283
9.60,6282
9.62,6281
9.63,6280
9.64,6279
9.65,6278
9.67,6277
9.68,6276
9.69,6275
9.71,6274
9.72,6273
9.73,6272
9.74,6271
9.76,6270
9.78,6269
9.79,6268
9.80,6267
9.81,6266
9.83,6265
9.84,6264
9.85,6263
9.87,6262
9.88,6261
9.89,6260
9.90,6259
9.92,6258
9.93,6257
9.94,6256
9.95,6255
9.97,6254
9.98,6253
9.99,6252
10.01,6251
10.02,6250
10.03,6249
10.05,6248
10.06,6247
10.07,6246
10.08,6245
10.10,6244
10.11,6243
10.12,6242
10.14,6241
10.15,6240
10.16,6239
10.17,6238
10.19,6237
10.20,6236
10.21,6235
10.23,6234
10.24,6233
10.25,6232
10.26,6231
10.28,6230
10.29,6229
10.30,6228
10.32,6227
10.33,6226
10.34,6225
10.35,6224
10.37,6223
10.38,6222
10.39,6221
10.41,6220
10.42,6219
10.43,6218
10.45,6217
10.46,6216
10.47,6215
10.49,6214
10.50,6213
10.51,6212
10.52,6211
10.54,6210
10.55,6209
10.56,6208
10.58,6207
10.59,6206
10.60,6205
10.62,6204
10.63,6203
10.64,6202
10.65,6201
10.67,6200
10.68,6199
10.69,6198
10.71,6197
10.72,6196
10.73,6195
10.75,6194
10.76,6193
10.78,6192
10.79,6191
10.81,6190
10.82,6189
10.83,6188
10.85,6187
10.86,6186
10.87,6185
10.89,6184
10.90,6183
10.91,6182
10.93,6181
10.94,6180
10.96,6179
10.97,6178
10.99,6177
11.00,6176
11.02,6175
11.03,6174
11.04,6173
11.06,6172
11.07,6171
11.09,6170
11.10,6169
11.12,6168
11.13,6167
11.15,6166
11.16,6165
11.18,6164
11.19,6163
11.21,6162
11.22,6161
11.23,6160
11.25,6159
11.26,6158
11.28,6157
11.29,6156
11.31,6155
11.33,6154
11.34,6153
11.36,6152
11.37,6151
11.39,6150
11.40,6149
11.41,6148
11.43,6147
11.44,6146
11.46,6145
11.47,6144
11.49,6143
11.50,6142
11.51,6141
11.53,6140
11.54,6139
11.56,6138
11.57,6137
11.59,6136
11.60,6135
11.62,6134
11.63,6133
11.64,6132
11.66,6131
11.67,6130
11.69,6129
11.70,6128
11.71,6127
11.73,6126
11.74,6125
11.76,6124
11.77,6123
11.78,6122
11.80,6121
11.81,6120
11.83,6119
11.84,6118
11.86,6117
11.87,6116
11.88,6115
11.90,6114
11.91,6113
11.93,6112
11.94,6111
11.96,6110
11.97,6109
11.99,6108
12.00,6107
12.01,6106
12.03,6105
12.04,6104
12.06,6103
12.07,6102
12.09,6101
12.10,6100
12.12,6099
12.13,6098
12.15,6097
12.16,6096
12.18,6095
12.19,6094
12.21,6093
12.22,6092
12.24,6091
12.25,6090
12.26,6089
12.28,6088
12.29,6087
12.31,6086
12.32,6085
12.34,6084
12.35,6083
12.37,6082
12.38,6081
12.40,6080
12.41,6079
12.42,6078
12.44,6077
12.45,6076
12.47,6075
12.48,6074
12.50,6073
12.51,6072
12.53,6071
12.55,6070
12.56,6069
12.58,6068
12.59,6067
12.61,6066
12.62,6065
12.63,6064
12.65,6063
12.66,6062
12.68,6061
12.69,6060
12.71,6059
12.72,6058
12.73,6057
12.75,6056
12.76,6055
12.78,6054
12.79,6053
12.81,6052
12.82,6051
12.84,6050
12.85,6049
12.86,6048
12.88,6047
12.89,6046
12.91,6045
12.92,6044
12.94,6043
12.95,6042
12.97,6041
12.98,6040
12.99,6039
13.01,6038
13.02,6037
13.04,6036
13.05,6035
13.07,6034
13.08,6033
13.10,6032
13.11,6031
13.12,6030
13.14,6029
13.15,6028
13.17,6027
13.18,6026
13.20,6025
13.21,6024
13.23,6023
13.24,6022
13.26,6021
13.27,6020
13.28,6019
13.29,6018
13.31,6017
13.32,6016
13.33,6015
13.34,6014
13.36,6013
13.37,6012
13.38,6011
13.40,6010
13.41,6009
13.42,6008
13.43,6007
13.45,6006
13.46,6005
13.47,6004
13.49,6003
13.50,6002
13.51,6001
13.52,6000
13.54,5999
13.55,5998
13.56,5997
13.57,5996
13.59,5995
13.60,5994
13.61,5993
13.63,5992
13.64,5991
13.65,5990
13.66,5989
13.68,5988
13.69,5987
13.70,5986
13.71,5985
13.73,5984
13.74,5983
13.75,5982
13.76,5981
13.78,5980
13.79,5979
13.80,5978
13.82,5977
13.83,5976
13.84,5975
13.85,5974
13.87,5973
13.88,5972
13.89,5971
13.90,5970
13.92,5969
13.93,5968
13.94,5967
13.95,5966
13.96,5965
13.98,5964
13.99,5963
14.00,5962
14.01,5961
14.03,5960
14.04,5959
14.05,5958
14.07,5957
14.08,5956
14.09,5955
14.10,5954
14.12,5953
14.13,5952
14.14,5951
14.15,5950
14.17,5949
14.18,5948
14.19,5947
14.20,5946
14.22,5945
14.23,5944
14.24,5943
14.26,5942
14.27,5941
14.28,5940
14.29,5939
14.31,5938
14.32,5937
14.33,5936
14.34,5935
14.36,5934
14.37,5933
14.38,5932
14.40,5931
14.41,5930
14.42,5929
14.44,5928
14.45,5927
14.46,5926
14.47,5925
14.49,5924
14.50,5923
14.51,5922
14.52,5921
14.54,5920
14.55,5919
14.56,5918
14.59,5917
14.60,5916
14.61,5915
14.63,5914
14.64,5913
14.65,5912
14.66,5911
14.68,5910
14.69,5909
14.70,5908
14.72,5907
14.73,5906
14.74,5905
14.76,5904
14.77,5903
14.79,5902
14.80,5901
14.81,5900
14.82,5899
14.84,5898
14.85,5897
14.86,5896
14.87,5895
14.89,5894
14.90,5893
14.91,5892
14.93,5891
14.94,5890
14.95,5889
14.96,5888
14.98,5887
14.99,5886
15.00,5885
15.01,5884
15.03,5883
15.04,5882
15.06,5881
15.07,5880
15.08,5879
15.09,5878
15.11,5877
15.12,5876
15.13,5875
15.14,5874
15.16,5873
15.17,5872
15.18,5871
15.20,5870
15.21,5869
15.22,5868
15.23,5867
15.25,5866
15.26,5865
15.27,5864
15.29,5863
15.30,5862
15.32,5861
15.33,5860
15.34,5859
15.35,5858
15.37,5857
15.38,5856
15.39,5855
15.41,5854
15.42,5853
15.43,5852
15.44,5851
15.45,5850
15.47,5849
15.48,5848
15.49,5847
15.51,5846
15.52,5845
15.53,5844
15.55,5843
15.56,5842
15.57,5841
15.58,5840
15.60,5839
15.61,5838
15.62,5837
15.64,5836
15.65,5835
15.66,5834
15.68,5833
15.69,5832
15.70,5831
15.71,5830
15.73,5829
15.74,5828
15.75,5827
15.77,5826
15.78,5825
15.79,5824
15.80,5823
15.82,5822
15.83,5821
15.84,5820
15.86,5819
15.87,5818
15.88,5817
15.89,5816
15.91,5815
15.92,5814
15.93,5813
15.95,5812
15.96,5811
15.97,5810
15.98,5809
16.00,5808
16.01,5807
16.02,5806
16.03,5805
16.05,5804
16.06,5803
16.07,5802
16.09,5801
16.10,5800
16.11,5799
16.12,5798
16.14,5797
16.15,5796
16.16,5795
16.18,5794
16.19,5793
16.20,5792
16.21,5791
16.23,5790
16.24,5789
16.25,5788
16.26,5787
16.28,5786
16.29,5785
16.30,5784
16.32,5783
16.33,5782
16.34,5781
16.36,5780
16.37,5779
16.38,5778
16.39,5777
16.41,5776
16.42,5775
16.43,5774
16.45,5773
16.46,5772
16.47,5771
16.48,5770
16.50,5769
16.51,5768
16.52,5767
16.54,5766
16.55,5765
16.56,5764
16.57,5763
16.59,5762
16.60,5761
16.61,5760
16.63,5759
16.64,5758
16.65,5757
16.67,5756
16.68,5755
16.69,5754
16.71,5753
16.72,5752
16.73,5751
16.74,5750
16.76,5749
16.77,5748
16.78,5747
16.80,5746
16.81,5745
16.82,5744
16.83,5743
16.85,5742
16.86,5741
16.87,5740
16.89,5739
16.90,5738
16.91,5737
16.93,5736
16.94,5735
16.95,5734
16.96,5733
16.98,5732
16.99,5731
17.00,5730
17.02,5729
17.03,5728
17.04,5727
17.06,5726
17.07,5725
17.08,5724
17.09,5723
17.11,5722
17.12,5721
17.13,5720
17.15,5719
17.16,5718
17.17,5717
17.19,5716
17.20,5715
17.21,5714
17.22,5713
17.24,5712
17.25,5711
17.26,5710
17.27,5709
17.29,5708
17.30,5707
17.31,5706
17.33,5705
17.34,5704
17.35,5703
17.37,5702
17.38,5701
17.39,5700
17.40,5699
17.42,5698
17.43,5697
17.44,5696
17.46,5695
17.47,5694
17.48,5693
17.50,5692
17.51,5691
17.52,5690
17.53,5689
17.55,5688
17.56,5687
17.57,5686
17.59,5685
17.60,5684
17.61,5683
17.62,5682
17.64,5681
17.65,5680
17.66,5679
17.68,5678
17.69,5677
17.70,5676
17.71,5675
17.73,5674
17.74,5673
17.75,5672
17.77,5671
17.78,5670
17.79,5669
17.81,5668
17.82,5667
17.83,5666
17.84,5665
17.86,5664
17.87,5663
17.88,5662
17.90,5661
17.91,5660
17.92,5659
17.93,5658
17.95,5657
17.96,5656
17.97,5655
17.98,5654
18.00,5653
18.01,5652
18.02,5651
18.04,5650
18.05,5649
18.06,5648
18.07,5647
18.09,5646
18.10,5645
18.11,5644
18.12,5643
18.14,5642
18.15,5641
18.16,5640
18.18,5639
18.19,5638
18.20,5637
18.21,5636
18.23,5635
18.24,5634
18.25,5633
18.26,5632
18.28,5631
18.29,5630
18.30,5629
18.32,5628
18.33,5627
18.34,5626
18.35,5625
18.37,5624
18.38,5623
18.39,5622
18.40,5621
18.42,5620
18.43,5619
18.44,5618
18.45,5617
18.47,5616
18.48,5615
18.49,5614
18.50,5613
18.52,5612
18.53,5611
18.54,5610
18.55,5609
18.57,5608
18.58,5607
18.59,5606
18.61,5605
18.62,5604
18.63,5603
18.64,5602
18.66,5601
18.67,5600
18.68,5599
18.69,5598
18.71,5597
18.72,5596
18.73,5595
18.75,5594
18.76,5593
18.77,5592
18.78,5591
18.80,5590
18.81,5589
18.82,5588
18.83,5587
18.85,5586
18.86,5585
18.87,5584
18.88,5583
18.90,5582
18.91,5581
18.92,5580
18.93,5579
18.95,5578
18.96,5577
18.97,5576
18.98,5575
19.00,5574
19.01,5573
19.02,5572
19.03,5571
19.05,5570
19.06,5569
19.07,5568
19.08,5567
19.10,5566
19.11,5565
19.12,5564
19.13,5563
19.15,5562
19.16,5561
19.17,5560
19.18,5559
19.20,5558
19.21,5557
19.22,5556
19.23,5555
19.25,5554
19.26,5553
19.27,5552
19.29,5551
19.30,5550
19.31,5549
19.32,5548
19.34,5547
19.35,5546
19.36,5545
19.37,5544
19.39,5543
19.40,5542
19.41,5541
19.42,5540
19.43,5539
19.45,5538
19.46,5537
19.47,5536
19.48,5535
19.50,5534
19.51,5533
19.52,5532
19.53,5531
19.55,5530
19.56,5529
19.57,5528
19.58,5527
19.60,5526
19.61,5525
19.62,5524
19.63,5523
19.65,5522
19.66,5521
19.67,5520
19.68,5519
19.70,5518
19.71,5517
19.72,5516
19.73,5515
19.75,5514
19.76,5513
19.77,5512
19.78,5511
19.80,5510
19.81,5509
19.82,5508
19.83,5507
19.85,5506
19.86,5505
19.87,5504
19.88,5503
19.90,5502
19.91,5501
19.92,5500
19.93,5499
19.95,5498
19.96,5497
19.97,5496
19.98,5495
20.00,5494
20.01,5493
20.02,5492
20.04,5491
20.05,5490
20.06,5489
20.07,5488
20.09,5487
20.10,5486
20.11,5485
20.12,5484
20.14,5483
20.15,5482
20.16,5481
20.17,5480
20.19,5479
20.20,5478
20.21,5477
20.22,5476
20.24,5475
20.25,5474
20.26,5473
20.27,5472
20.29,5471
20.30,5470
20.31,5469
20.32,5468
20.34,5467
20.35,5466
20.36,5465
20.37,5464
20.39,5463
20.40,5462
20.41,5461
20.42,5460
20.44,5459
20.45,5458
20.46,5457
20.47,5456
20.49,5455
20.50,5454
20.51,5453
20.52,5452
20.53,5451
20.55,5450
20.56,5449
20.57,5448
20.58,5447
20.60,5446
20.61,5445
20.62,5444
20.63,5443
20.65,5442
20.66,5441
20.67,5440
20.68,5439
20.70,5438
20.71,5437
20.72,5436
20.73,5435
20.75,5434
20.76,5433
20.77,5432
20.78,5431
20.80,5430
20.81,5429
20.82,5428
20.83,5427
20.84,5426
20.86,5425
20.87,5424
20.88,5423
20.89,5422
20.91,5421
20.92,5420
20.93,5419
20.94,5418
20.95,5417
20.97,5416
20.98,5415
20.99,5414
21.00,5413
21.02,5412
21.03,5411
21.04,5410
21.05,5409
21.07,5408
21.08,5407
21.09,5406
21.10,5405
21.11,5404
21.13,5403
21.14,5402
21.15,5401
21.16,5400
21.18,5399
21.19,5398
21.20,5397
21.21,5396
21.23,5395
21.24,5394
21.25,5393
21.26,5392
21.28,5391
21.29,5390
21.30,5389
21.32,5388
21.33,5387
21.34,5386
21.35,5385
21.36,5384
21.38,5383
21.39,5382
21.40,5381
21.41,5380
21.43,5379
21.44,5378
21.45,5377
21.46,5376
21.47,5375
21.49,5374
21.50,5373
21.51,5372
21.52,5371
21.53,5370
21.55,5369
21.56,5368
21.57,5367
21.58,5366
21.60,5365
21.61,5364
21.62,5363
21.63,5362
21.64,5361
21.66,5360
21.67,5359
21.68,5358
21.69,5357
21.71,5356
21.72,5355
21.73,5354
21.74,5353
21.76,5352
21.77,5351
21.78,5350
21.79,5349
21.81,5348
21.82,5347
21.83,5346
21.84,5345
21.86,5344
21.87,5343
21.88,5342
21.89,5341
21.91,5340
21.92,5339
21.93,5338
21.94,5337
21.95,5336
21.97,5335
21.98,5334
21.99,5333
22.00,5332
22.02,5331
22.03,5330
22.04,5329
22.05,5328
22.07,5327
22.08,5326
22.09,5325
22.10,5324
22.11,5323
22.13,5322
22.14,5321
22.15,5320
22.16,5319
22.18,5318
22.19,5317
22.20,5316
22.21,5315
22.22,5314
22.24,5313
22.25,5312
22.26,5311
22.27,5310
22.29,5309
22.30,5308
22.31,5307
22.32,5306
22.33,5305
22.35,5304
22.36,5303
22.37,5302
22.38,5301
22.40,5300
22.41,5299
22.42,5298
22.43,5297
22.44,5296
22.46,5295
22.47,5294
22.48,5293
22.49,5292
22.50,5291
22.52,5290
22.53,5289
22.54,5288
22.55,5287
22.57,5286
22.58,5285
22.59,5284
22.60,5283
22.61,5282
22.63,5281
22.64,5280
22.65,5279
22.66,5278
22.67,5277
22.69,5276
22.70,5275
22.71,5274
22.72,5273
22.73,5272
22.75,5271
22.76,5270
22.77,5269
22.78,5268
22.79,5267
22.81,5266
22.82,5265
22.83,5264
22.84,5263
22.86,5262
22.87,5261
22.88,5260
22.89,5259
22.90,5258
22.92,5257
22.93,5256
22.94,5255
22.95,5254
22.96,5253
22.98,5252
22.99,5251
23.00,5250
23.01,5249
23.02,5248
23.04,5247
23.05,5246
23.06,5245
23.07,5244
23.09,5243
23.10,5242
23.11,5241
23.12,5240
23.13,5239
23.15,5238
23.16,5237
23.17,5236
23.18,5235
23.19,5234
23.21,5233
23.22,5232
23.23,5231
23.24,5230
23.25,5229
23.27,5228
23.28,5227
23.29,5226
23.30,5225
23.32,5224
23.33,5223
23.34,5222
23.35,5221
23.37,5220
23.38,5219
23.39,5218
23.40,5217
23.41,5216
23.43,5215
23.44,5214
23.45,5213
23.46,5212
23.47,5211
23.49,5210
23.50,5209
23.51,5208
23.52,5207
23.53,5206
23.55,5205
23.56,5204
23.57,5203
23.58,5202
23.59,5201
23.61,5200
23.62,5199
23.63,5198
23.64,5197
23.65,5196
23.67,5195
23.68,5194
23.69,5193
23.70,5192
23.71,5191
23.73,5190
23.74,5189
23.75,5188
23.76,5187
23.77,5186
23.79,5185
23.80,5184
23.81,5183
23.82,5182
23.83,5181
23.85,5180
23.86,5179
23.87,5178
23.88,5177
23.89,5176
23.90,5175
23.92,5174
23.93,5173
23.94,5172
23.95,5171
23.96,5170
23.98,5169
23.99,5168
24.00,5167
24.01,5166
24.02,5165
24.04,5164
24.05,5163
24.06,5162
24.07,5161
24.08,5160
24.10,5159
24.11,5158
24.12,5157
24.13,5156
24.14,5155
24.16,5154
24.17,5153
24.18,5152
24.19,5151
24.20,5150
24.21,5149
24.23,5148
24.24,5147
24.25,5146
24.26,5145
24.27,5144
24.29,5143
24.30,5142
24.31,5141
24.32,5140
24.33,5139
24.35,5138
24.36,5137
24.37,5136
24.38,5135
24.39,5134
24.40,5133
24.42,5132
24.43,5131
24.44,5130
24.45,5129
24.46,5128
24.48,5127
24.49,5126
24.50,5125
24.51,5124
24.52,5123
24.54,5122
24.55,5121
24.56,5120
24.57,5119
24.58,5118
24.60,5117
24.61,5116
24.62,5115
24.63,5114
24.64,5113
24.65,5112
24.67,5111
24.68,5110
24.69,5109
24.70,5108
24.71,5107
24.73,5106
24.74,5105
24.75,5104
24.76,5103
24.77,5102
24.78,5101
24.80,5100
24.81,5099
24.82,5098
24.83,5097
24.84,5096
24.86,5095
24.87,5094
24.88,5093
24.89,5092
24.90,5091
24.92,5090
24.93,5089
24.94,5088
24.95,5087
24.96,5086
24.97,5085
24.99,5084
25.00,5083
25.01,5082
25.02,5081
25.03,5080
25.05,5079
25.06,5078
25.07,5077
25.08,5076
25.09,5075
25.10,5074
25.12,5073
25.13,5072
25.14,5071
25.15,5070
25.16,5069
25.18,5068
25.19,5067
25.20,5066
25.21,5065
25.22,5064
25.23,5063
25.25,5062
25.26,5061
25.27,5060
25.28,5059
25.29,5058
25.31,5057
25.32,5056
25.33,5055
25.34,5054
25.35,5053
25.36,5052
25.38,5051
25.39,5050
25.40,5049
25.41,5048
25.42,5047
25.43,5046
25.45,5045
25.46,5044
25.47,5043
25.48,5042
25.49,5041
25.50,5040
25.52,5039
25.53,5038
25.54,5037
25.55,5036
25.56,5035
25.58,5034
25.59,5033
25.60,5032
25.61,5031
25.62,5030
25.64,5029
25.65,5028
25.66,5027
25.67,5026
25.68,5025
25.69,5024
25.71,5023
25.72,5022
25.73,5021
25.74,5020
25.75,5019
25.76,5018
25.78,5017
25.79,5016
25.80,5015
25.81,5014
25.82,5013
25.83,5012
25.85,5011
25.86,5010
25.87,5009
25.88,5008
25.89,5007
25.90,5006
25.92,5005
25.93,5004
25.94,5003
25.95,5002
25.96,5001
25.97,5000
25.99,4999
26.00,4998
26.01,4997
26.02,4996
26.03,4995
26.04,4994
26.06,4993
26.07,4992
26.08,4991
26.09,4990
26.10,4989
26.11,4988
26.13,4987
26.14,4986
26.15,4985
26.16,4984
26.17,4983
26.19,4982
26.20,4981
26.21,4980
26.22,4979
26.23,4978
26.24,4977
26.25,4976
26.27,4975
26.28,4974
26.29,4973
26.30,4972
26.31,4971
26.32,4970
26.34,4969
26.35,4968
26.36,4967
26.37,4966
26.38,4965
26.39,4964
26.40,4963
26.42,4962
26.43,4961
26.44,4960
26.45,4959
26.46,4958
26.47,4957
26.48,4956
26.50,4955
26.51,4954
26.52,4953
26.53,4952
26.54,4951
26.55,4950
26.57,4949
26.58,4948
26.59,4947
26.60,4946
26.61,4945
26.62,4944
26.63,4943
26.65,4942
26.66,4941
26.67,4940
26.68,4939
26.69,4938
26.71,4937
26.72,4936
26.73,4935
26.74,4934
26.75,4933
26.76,4932
26.78,4931
26.79,4930
26.80,4929
26.81,4928
26.82,4927
26.83,4926
26.85,4925
26.86,4924
26.87,4923
26.88,4922
26.89,4921
26.90,4920
26.92,4919
26.93,4918
26.94,4917
26.95,4916
26.96,4915
26.97,4914
26.98,4913
27.00,4912
27.01,4911
27.02,4910
27.03,4909
27.04,4908
27.05,4907
27.06,4906
27.08,4905
27.09,4904
27.10,4903
27.11,4902
27.12,4901
27.13,4900
27.14,4899
27.16,4898
27.17,4897
27.18,4896
27.19,4895
27.20,4894
27.21,4893
27.22,4892
27.24,4891
27.25,4890
27.26,4889
27.27,4888
27.28,4887
27.29,4886
27.30,4885
27.31,4884
27.33,4883
27.34,4882
27.35,4881
27.36,4880
27.37,4879
27.39,4878
27.55,4877
27.56,4876
27.71,4875
27.78,4874
