1.02,6860
1.13,6859
1.16,6858
1.18,6857
1.21,6856
1.23,6855
1.25,6854
1.26,6853
1.28,6852
1.30,6851
1.33,6850
1.34,6849
1.36,6848
1.37,6847
1.38,6846
1.40,6845
1.41,6844
1.43,6843
1.44,6842
1.45,6841
1.47,6840
1.48,6839
1.49,6838
1.51,6837
1.52,6836
1.53,6835
1.55,6834
1.56,6833
1.57,6832
1.59,6831
1.60,6830
1.61,6829
1.63,6828
1.64,6827
1.65,6826
1.67,6825
1.68,6824
1.70,6823
1.71,6822
1.72,6821
1.74,6820
1.75,6819
1.77,6818
1.78,6817
1.79,6816
1.81,6815
1.82,6814
1.83,6813
1.85,6812
1.88,6811
1.89,6810
1.90,6809
1.92,6808
1.93,6807
1.94,6806
1.96,6805
1.97,6804
1.98,6803
2.00,6802
2.01,6801
2.02,6800
2.04,6799
2.05,6798
2.07,6797
2.08,6796
2.09,6795
2.11,6794
2.12,6793
2.13,6792
2.15,6791
2.16,6790
2.18,6789
2.19,6788
2.20,6787
2.22,6786
2.23,6785
2.25,6784
2.26,6783
2.27,6782
2.29,6781
2.30,6780
2.31,6779
2.33,6778
2.34,6777
2.35,6776
2.37,6775
2.38,6774
2.39,6773
2.41,6772
2.42,6771
2.43,6770
2.45,6769
2.46,6768
2.47,6767
2.49,6766
2.50,6765
2.52,6764
2.53,6763
2.55,6762
2.56,6761
2.58,6760
2.59,6759
2.61,6758
2.62,6757
2.64,6756
2.65,6755
2.67,6754
2.69,6753
2.70,6752
2.72,6751
2.73,6750
2.75,6749
2.76,6748
2.78,6747
2.79,6746
2.81,6745
2.82,6744
2.84,6743
2.85,6742
2.87,6741
2.88,6740
2.90,6739
2.92,6738
2.93,6737
2.95,6736
2.96,6735
2.98,6734
2.99,6733
3.02,6732
3.03,6731
3.05,6730
3.06,6729
3.07,6728
3.09,6727
3.10,6726
3.12,6725
3.13,6724
3.14,6723
3.16,6722
3.17,6721
3.18,6720
3.20,6719
3.21,6718
3.22,6717
3.24,6716
3.25,6715
3.26,6714
3.28,6713
3.29,6712
3.30,6711
3.32,6710
3.33,6709
3.34,6708
3.36,6707
3.37,6706
3.38,6705
3.40,6704
3.41,6703
3.43,6702
3.44,6701
3.45,6700
3.47,6699
3.48,6698
3.49,6697
3.51,6696
3.52,6695
3.53,6694
3.55,6693
3.56,6692
3.58,6691
3.59,6690
3.61,6689
3.62,6688
3.64,6687
3.65,6686
3.67,6685
3.68,6684
3.69,6683
3.71,6682
3.72,6681
3.73,6680
3.75,6679
3.76,6678
3.77,6677
3.79,6676
3.80,6675
3.81,6674
3.83,6673
3.84,6672
3.86,6671
3.87,6670
3.88,6669
3.90,6668
3.91,6667
3.93,6666
3.94,6665
3.95,6664
3.97,6663
3.98,6662
4.00,6661
4.01,6660
4.02,6659
4.04,6658
4.05,6657
4.06,6656
4.08,6655
4.10,6654
4.12,6653
4.13,6652
4.15,6651
4.16,6650
4.17,6649
4.18,6648
4.20,6647
4.21,6646
4.22,6645
4.24,6644
4.25,6643
4.26,6642
4.28,6641
4.29,6640
4.30,6639
4.32,6638
4.33,6637
4.34,6636
4.36,6635
4.37,6634
4.39,6633
4.40,6632
4.41,6631
4.43,6630
4.44,6629
4.46,6628
4.47,6627
4.49,6626
4.50,6625
4.51,6624
4.53,6623
4.54,6622
4.57,6621
4.58,6620
4.59,6619
4.61,6618
4.62,6617
4.63,6616
4.65,6615
4.66,6614
4.68,6613
4.69,6612
4.70,6611
4.72,6610
4.74,6609
4.76,6608
4.77,6607
4.81,6606
4.82,6605
4.83,6604
4.85,6603
4.86,6602
4.87,6601
4.89,6600
4.90,6599
4.91,6598
4.93,6597
4.94,6596
4.95,6595
4.97,6594
4.98,6593
5.00,6592
5.01,6591
5.02,6590
5.04,6589
5.05,6588
5.07,6587
5.09,6586
5.11,6585
5.12,6584
5.14,6583
5.15,6582
5.16,6581
5.18,6580
5.19,6579
5.21,6578
5.22,6577
5.23,6576
5.25,6575
5.26,6574
5.27,6573
5.29,6572
5.30,6571
5.32,6570
5.34,6569
5.36,6568
5.37,6567
5.39,6566
5.42,6565
5.44,6564
5.45,6563
5.47,6562
5.49,6561
5.50,6560
5.52,6559
5.57,6558
5.58,6557
5.60,6556
5.61,6555
5.63,6554
5.64,6553
5.66,6552
5.68,6551
5.69,6550
5.72,6549
5.74,6548
5.75,6547
5.77,6546
5.78,6545
5.80,6544
5.83,6543
5.84,6542
5.86,6541
5.87,6540
5.89,6539
5.90,6538
5.93,6537
5.94,6536
5.98,6535
5.99,6534
6.01,6533
6.08,6532
6.10,6531
6.12,6530
6.13,6529
6.16,6528
6.18,6527
6.19,6526
6.21,6525
6.22,6524
6.24,6523
6.25,6522
6.28,6521
6.32,6520
6.34,6519
6.35,6518
6.37,6517
6.38,6516
6.40,6515
6.41,6514
6.43,6513
6.44,6512
6.46,6511
6.48,6510
6.51,6509
6.53,6508
6.54,6507
6.56,6506
6.57,6505
6.58,6504
6.60,6503
6.62,6502
6.64,6501
6.65,6500
6.66,6499
6.68,6498
6.71,6497
6.73,6496
6.74,6495
6.76,6494
6.80,6493
6.82,6492
6.84,6491
6.87,6490
6.89,6489
6.93,6488
6.94,6487
6.96,6486
6.97,6485
6.98,6484
7.00,6483
7.01,6482
7.02,6481
7.04,6480
7.05,6479
7.07,6478
7.09,6477
7.12,6476
7.13,6475
7.15,6474
7.16,6473
7.20,6472
7.22,6471
7.23,6470
7.27,6469
7.29,6468
7.30,6467
7.32,6466
7.35,6465
7.37,6464
7.38,6463
7.39,6462
7.41,6461
7.42,6460
7.44,6459
7.46,6458
7.48,6457
7.49,6456
7.50,6455
7.52,6454
7.53,6453
7.54,6452
7.65,6451
7.66,6450
7.67,6449
7.69,6448
7.70,6447
7.71,6446
7.73,6445
7.74,6444
7.76,6443
7.77,6442
7.78,6441
7.80,6440
7.81,6439
7.83,6438
7.84,6437
7.85,6436
7.87,6435
7.88,6434
7.90,6433
7.91,6432
7.92,6431
7.94,6430
7.95,6429
7.96,6428
7.98,6427
7.99,6426
8.01,6425
8.02,6424
8.04,6423
8.05,6422
8.06,6421
8.08,6420
8.09,6419
8.10,6418
8.12,6417
8.13,6416
8.15,6415
8.16,6414
8.17,6413
8.19,6412
8.20,6411
8.21,6410
8.23,6409
8.24,6408
8.26,6407
8.27,6406
8.28,6405
8.30,6404
8.31,6403
8.33,6402
8.34,6401
8.35,6400
8.37,6399
8.38,6398
8.40,6397
8.41,6396
8.42,6395
8.44,6394
8.45,6393
8.46,6392
8.49,6391
8.50,6390
8.51,6389
8.53,6388
8.54,6387
8.56,6386
8.57,6385
8.58,6384
8.60,6383
8.61,6382
8.63,6381
8.64,6380
8.65,6379
8.67,6378
8.68,6377
8.70,6376
8.71,6375
8.72,6374
8.74,6373
8.75,6372
8.76,6371
8.78,6370
8.79,6369
8.81,6368
8.82,6367
8.83,6366
8.85,6365
8.86,6364
8.87,6363
8.89,6362
8.90,6361
8.92,6360
8.93,6359
8.95,6358
8.96,6357
8.99,6356
9.00,6355
9.02,6354
9.03,6353
9.04,6352
9.06,6351
9.07,6350
9.09,6349
9.10,6348
9.12,6347
9.13,6346
9.15,6345
9.16,6344
9.18,6343
9.19,6342
9.20,6341
9.22,6340
9.23,6339
9.25,6338
9.26,6337
9.27,6336
9.29,6335
9.30,6334
9.32,6333
9.34,6332
9.35,6331
9.36,6330
9.38,6329
9.39,6328
9.41,6327
9.42,6326
9.43,6325
9.45,6324
9.47,6323
9.48,6322
9.50,6321
9.51,6320
9.52,6319
9.54,6318
9.55,6317
9.57,6316
9.58,6315
9.59,6314
9.61,6313
9.62,6312
9.64,6311
9.65,6310
9.67,6309
9.68,6308
9.69,6307
9.71,6306
9.72,6305
9.73,6304
9.75,6303
9.76,6302
9.77,6301
9.79,6300
9.80,6299
9.82,6298
9.83,6297
9.85,6296
9.86,6295
9.87,6294
9.89,6293
9.90,6292
9.92,6291
9.93,6290
9.94,6289
9.96,6288
9.97,6287
9.99,6286
10.00,6285
10.01,6284
10.03,6283
10.04,6282
10.06,6281
10.07,6280
10.08,6279
10.10,6278
10.11,6277
10.13,6276
10.14,6275
10.15,6274
10.17,6273
10.18,6272
10.20,6271
10.21,6270
10.23,6269
10.24,6268
10.25,6267
10.27,6266
10.28,6265
10.29,6264
10.31,6263
10.32,6262
10.34,6261
10.35,6260
10.37,6259
10.38,6258
10.39,6257
10.41,6256
10.42,6255
10.44,6254
10.45,6253
10.46,6252
10.48,6251
10.49,6250
10.50,6249
10.52,6248
10.54,6247
10.55,6246
10.57,6245
10.59,6244
10.60,6243
10.62,6242
10.63,6241
10.64,6240
10.66,6239
10.67,6238
10.69,6237
10.70,6236
10.72,6235
10.73,6234
10.74,6233
10.76,6232
10.77,6231
10.78,6230
10.80,6229
10.82,6228
10.83,6227
10.85,6226
10.86,6225
10.87,6224
10.89,6223
10.90,6222
10.92,6221
10.93,6220
10.95,6219
10.96,6218
10.97,6217
10.99,6216
11.00,6215
11.02,6214
11.03,6213
11.04,6212
11.06,6211
11.07,6210
11.09,6209
11.10,6208
11.12,6207
11.13,6206
11.15,6205
11.16,6204
11.18,6203
11.19,6202
11.20,6201
11.22,6200
11.23,6199
11.25,6198
11.26,6197
11.28,6196
11.29,6195
11.31,6194
11.32,6193
11.34,6192
11.35,6191
11.37,6190
11.38,6189
11.40,6188
11.41,6187
11.43,6186
11.44,6185
11.46,6184
11.48,6183
11.49,6182
11.51,6181
11.52,6180
11.54,6179
11.55,6178
11.57,6177
11.59,6176
11.60,6175
11.62,6174
11.63,6173
11.65,6172
11.66,6171
11.68,6170
11.70,6169
11.71,6168
11.73,6167
11.74,6166
11.76,6165
11.77,6164
11.79,6163
11.81,6162
11.82,6161
11.84,6160
11.85,6159
11.87,6158
11.88,6157
11.90,6156
11.92,6155
11.93,6154
11.95,6153
11.96,6152
11.98,6151
12.00,6150
12.01,6149
12.03,6148
12.04,6147
12.06,6146
12.08,6145
12.09,6144
12.11,6143
12.12,6142
12.14,6141
12.15,6140
12.17,6139
12.19,6138
12.20,6137
12.22,6136
12.23,6135
12.25,6134
12.26,6133
12.29,6132
12.31,6131
12.32,6130
12.34,6129
12.36,6128
12.38,6127
12.39,6126
12.41,6125
12.43,6124
12.44,6123
12.46,6122
12.47,6121
12.49,6120
12.50,6119
12.52,6118
12.54,6117
12.55,6116
12.57,6115
12.58,6114
12.60,6113
12.61,6112
12.63,6111
12.65,6110
12.67,6109
12.68,6108
12.70,6107
12.72,6106
12.73,6105
12.75,6104
12.76,6103
12.78,6102
12.80,6101
12.81,6100
12.83,6099
12.84,6098
12.86,6097
12.88,6096
12.89,6095
12.91,6094
12.92,6093
12.94,6092
12.95,6091
12.97,6090
12.98,6089
13.00,6088
13.01,6087
13.03,6086
13.04,6085
13.06,6084
13.07,6083
13.10,6082
13.11,6081
13.13,6080
13.14,6079
13.16,6078
13.17,6077
13.19,6076
13.20,6075
13.22,6074
13.23,6073
13.25,6072
13.26,6071
13.28,6070
13.30,6069
13.31,6068
13.33,6067
13.34,6066
13.36,6065
13.37,6064
13.39,6063
13.40,6062
13.42,6061
13.43,6060
13.45,6059
13.47,6058
13.48,6057
13.50,6056
13.51,6055
13.53,6054
13.54,6053
13.56,6052
13.57,6051
13.59,6050
13.60,6049
13.62,6048
13.63,6047
13.65,6046
13.67,6045
13.68,6044
13.70,6043
13.71,6042
13.73,6041
13.74,6040
13.76,6039
13.78,6038
13.79,6037
13.81,6036
13.82,6035
13.84,6034
13.85,6033
13.87,6032
13.89,6031
13.90,6030
13.91,6029
13.93,6028
13.94,6027
13.95,6026
13.97,6025
13.98,6024
14.00,6023
14.01,6022
14.02,6021
14.04,6020
14.05,6019
14.07,6018
14.08,6017
14.09,6016
14.11,6015
14.12,6014
14.13,6013
14.15,6012
14.16,6011
14.18,6010
14.19,6009
14.20,6008
14.21,6007
14.23,6006
14.24,6005
14.26,6004
14.27,6003
14.28,6002
14.30,6001
14.31,6000
14.32,5999
14.34,5998
14.35,5997
14.36,5996
14.38,5995
14.39,5994
14.40,5993
14.42,5992
14.43,5991
14.44,5990
14.46,5989
14.47,5988
14.48,5987
14.50,5986
14.51,5985
14.52,5984
14.54,5983
14.55,5982
14.56,5981
14.58,5980
14.59,5979
14.61,5978
14.62,5977
14.63,5976
14.65,5975
14.66,5974
14.67,5973
14.69,5972
14.70,5971
14.71,5970
14.73,5969
14.74,5968
14.75,5967
14.77,5966
14.78,5965
14.79,5964
14.81,5963
14.82,5962
14.83,5961
14.85,5960
14.86,5959
14.87,5958
14.89,5957
14.90,5956
14.92,5955
14.93,5954
14.94,5953
14.96,5952
14.97,5951
14.99,5950
15.00,5949
15.01,5948
15.02,5947
15.04,5946
15.05,5945
15.07,5944
15.08,5943
15.09,5942
15.11,5941
15.12,5940
15.13,5939
15.15,5938
15.16,5937
15.18,5936
15.19,5935
15.20,5934
15.22,5933
15.23,5932
15.24,5931
15.26,5930
15.28,5929
15.29,5928
15.30,5927
15.32,5926
15.33,5925
15.34,5924
15.36,5923
15.37,5922
15.39,5921
15.40,5920
15.41,5919
15.43,5918
15.44,5917
15.45,5916
15.47,5915
15.48,5914
15.49,5913
15.51,5912
15.52,5911
15.53,5910
15.55,5909
15.56,5908
15.58,5907
15.59,5906
15.60,5905
15.62,5904
15.63,5903
15.64,5902
15.66,5901
15.67,5900
15.68,5899
15.70,5898
15.71,5897
15.73,5896
15.74,5895
15.75,5894
15.77,5893
15.78,5892
15.79,5891
15.81,5890
15.82,5889
15.83,5888
15.85,5887
15.86,5886
15.87,5885
15.88,5884
15.90,5883
15.91,5882
15.92,5881
15.94,5880
15.95,5879
15.96,5878
15.98,5877
15.99,5876
16.01,5875
16.02,5874
16.03,5873
16.04,5872
16.06,5871
16.07,5870
16.08,5869
16.10,5868
16.11,5867
16.12,5866
16.14,5865
16.15,5864
16.16,5863
16.18,5862
16.19,5861
16.20,5860
16.22,5859
16.23,5858
16.25,5857
16.26,5856
16.27,5855
16.29,5854
16.30,5853
16.31,5852
16.33,5851
16.34,5850
16.35,5849
16.37,5848
16.38,5847
16.39,5846
16.41,5845
16.42,5844
16.43,5843
16.45,5842
16.46,5841
16.47,5840
16.49,5839
16.50,5838
16.52,5837
16.53,5836
16.54,5835
16.56,5834
16.57,5833
16.58,5832
16.60,5831
16.61,5830
16.62,5829
16.64,5828
16.65,5827
16.66,5826
16.68,5825
16.69,5824
16.70,5823
16.72,5822
16.73,5821
16.74,5820
16.76,5819
16.77,5818
16.78,5817
16.80,5816
16.81,5815
16.82,5814
16.84,5813
16.85,5812
16.86,5811
16.88,5810
16.89,5809
16.90,5808
16.92,5807
16.96,5806
16.97,5805
16.98,5804
17.00,5803
17.01,5802
17.02,5801
17.04,5800
17.05,5799
17.06,5798
17.08,5797
17.09,5796
17.10,5795
17.12,5794
17.13,5793
17.14,5792
17.16,5791
17.17,5790
17.19,5789
17.20,5788
17.21,5787
17.23,5786
17.24,5785
17.25,5784
17.27,5783
17.28,5782
17.30,5781
17.31,5780
17.32,5779
17.34,5778
17.35,5777
17.36,5776
17.38,5775
17.39,5774
17.41,5773
17.42,5772
17.44,5771
17.45,5770
17.46,5769
17.48,5768
17.49,5767
17.50,5766
17.52,5765
17.53,5764
17.54,5763
17.56,5762
17.57,5761
17.58,5760
17.60,5759
17.61,5758
17.63,5757
17.64,5756
17.65,5755
17.67,5754
17.68,5753
17.69,5752
17.71,5751
17.72,5750
17.73,5749
17.75,5748
17.76,5747
17.78,5746
17.79,5745
17.80,5744
17.82,5743
17.83,5742
17.84,5741
17.86,5740
17.87,5739
17.89,5738
17.90,5737
17.91,5736
17.93,5735
17.94,5734
17.95,5733
17.97,5732
17.98,5731
17.99,5730
18.01,5729
18.02,5728
18.04,5727
18.05,5726
18.06,5725
18.08,5724
18.09,5723
18.10,5722
18.12,5721
18.13,5720
18.14,5719
18.16,5718
18.17,5717
18.19,5716
18.20,5715
18.21,5714
18.23,5713
18.24,5712
18.25,5711
18.27,5710
18.28,5709
18.29,5708
18.31,5707
18.32,5706
18.33,5705
18.35,5704
18.36,5703
18.38,5702
18.39,5701
18.40,5700
18.42,5699
18.43,5698
18.44,5697
18.46,5696
18.47,5695
18.48,5694
18.50,5693
18.51,5692
18.53,5691
18.54,5690
18.55,5689
18.57,5688
18.58,5687
18.60,5686
18.61,5685
18.62,5684
18.63,5683
18.65,5682
18.66,5681
18.67,5680
18.69,5679
18.70,5678
18.71,5677
18.73,5676
18.74,5675
18.75,5674
18.77,5673
18.78,5672
18.79,5671
18.81,5670
18.82,5669
18.84,5668
18.85,5667
18.86,5666
18.88,5665
18.89,5664
18.90,5663
18.92,5662
18.93,5661
18.95,5660
18.96,5659
18.97,5658
18.99,5657
19.00,5656
19.01,5655
19.03,5654
19.04,5653
19.06,5652
19.07,5651
19.08,5650
19.10,5649
19.11,5648
19.12,5647
19.14,5646
19.15,5645
19.17,5644
19.18,5643
19.19,5642
19.21,5641
19.22,5640
19.23,5639
19.25,5638
19.26,5637
19.27,5636
19.29,5635
19.30,5634
19.32,5633
19.33,5632
19.34,5631
19.36,5630
19.37,5629
19.39,5628
19.40,5627
19.41,5626
19.43,5625
19.44,5624
19.45,5623
19.47,5622
19.48,5621
19.49,5620
19.51,5619
19.52,5618
19.54,5617
19.55,5616
19.56,5615
19.58,5614
19.59,5613
19.60,5612
19.62,5611
19.63,5610
19.64,5609
19.66,5608
19.67,5607
19.69,5606
19.70,5605
19.71,5604
19.73,5603
19.74,5602
19.75,5601
19.77,5600
19.78,5599
19.79,5598
19.81,5597
19.82,5596
19.83,5595
19.85,5594
19.86,5593
19.87,5592
19.89,5591
19.90,5590
19.91,5589
19.93,5588
19.94,5587
19.95,5586
19.97,5585
19.98,5584
19.99,5583
20.01,5582
20.02,5581
20.03,5580
20.05,5579
20.06,5578
20.07,5577
20.09,5576
20.10,5575
20.11,5574
20.13,5573
20.14,5572
20.15,5571
20.17,5570
20.18,5569
20.19,5568
20.21,5567
20.22,5566
20.23,5565
20.25,5564
20.26,5563
20.28,5562
20.29,5561
20.30,5560
20.32,5559
20.33,5558
20.34,5557
20.36,5556
20.37,5555
20.38,5554
20.40,5553
20.41,5552
20.43,5551
20.44,5550
20.45,5549
20.47,5548
20.48,5547
20.49,5546
20.51,5545
20.52,5544
20.53,5543
20.55,5542
20.56,5541
20.58,5540
20.59,5539
20.60,5538
20.62,5537
20.63,5536
20.64,5535
20.66,5534
20.67,5533
20.68,5532
20.70,5531
20.71,5530
20.73,5529
20.74,5528
20.75,5527
20.77,5526
20.78,5525
20.79,5524
20.81,5523
20.82,5522
20.83,5521
20.85,5520
20.86,5519
20.88,5518
20.89,5517
20.90,5516
20.92,5515
20.93,5514
20.94,5513
20.96,5512
20.97,5511
20.98,5510
21.00,5509
21.01,5508
21.03,5507
21.04,5506
21.05,5505
21.07,5504
21.08,5503
21.09,5502
21.11,5501
21.12,5500
21.14,5499
21.15,5498
21.16,5497
21.18,5496
21.19,5495
21.20,5494
21.22,5493
21.23,5492
21.25,5491
21.26,5490
21.27,5489
21.29,5488
21.30,5487
21.31,5486
21.33,5485
21.34,5484
21.35,5483
21.37,5482
21.38,5481
21.39,5480
21.41,5479
21.42,5478
21.43,5477
21.45,5476
21.46,5475
21.47,5474
21.49,5473
21.50,5472
21.51,5471
21.53,5470
21.54,5469
21.55,5468
21.57,5467
21.58,5466
21.60,5465
21.61,5464
21.62,5463
21.64,5462
21.65,5461
21.66,5460
21.68,5459
21.69,5458
21.70,5457
21.72,5456
21.73,5455
21.74,5454
21.76,5453
21.77,5452
21.78,5451
21.80,5450
21.81,5449
21.82,5448
21.84,5447
21.85,5446
21.86,5445
21.88,5444
21.89,5443
21.90,5442
21.92,5441
21.93,5440
21.94,5439
21.96,5438
21.97,5437
21.98,5436
22.00,5435
22.01,5434
22.02,5433
22.04,5432
22.05,5431
22.07,5430
22.08,5429
22.09,5428
22.11,5427
22.12,5426
22.13,5425
22.15,5424
22.16,5423
22.17,5422
22.19,5421
22.20,5420
22.21,5419
22.23,5418
22.24,5417
22.25,5416
22.27,5415
22.28,5414
22.29,5413
22.31,5412
22.32,5411
22.33,5410
22.35,5409
22.36,5408
22.37,5407
22.39,5406
22.40,5405
22.41,5404
22.43,5403
22.44,5402
22.45,5401
22.47,5400
22.48,5399
22.49,5398
22.51,5397
22.52,5396
22.53,5395
22.55,5394
22.56,5393
22.57,5392
22.59,5391
22.60,5390
22.61,5389
22.62,5388
22.64,5387
22.65,5386
22.66,5385
22.68,5384
22.69,5383
22.70,5382
22.71,5381
22.73,5380
22.74,5379
22.75,5378
22.77,5377
22.78,5376
22.79,5375
22.80,5374
22.82,5373
22.83,5372
22.84,5371
22.86,5370
22.87,5369
22.88,5368
22.89,5367
22.91,5366
22.92,5365
22.93,5364
22.95,5363
22.96,5362
22.97,5361
22.98,5360
23.00,5359
23.01,5358
23.02,5357
23.04,5356
23.05,5355
23.06,5354
23.07,5353
23.09,5352
23.10,5351
23.11,5350
23.13,5349
23.14,5348
23.15,5347
23.16,5346
23.18,5345
23.19,5344
23.20,5343
23.22,5342
23.23,5341
23.24,5340
23.25,5339
23.27,5338
23.28,5337
23.29,5336
23.31,5335
23.32,5334
23.33,5333
23.34,5332
23.36,5331
23.37,5330
23.38,5329
23.39,5328
23.41,5327
23.42,5326
23.43,5325
23.45,5324
23.46,5323
23.48,5322
23.49,5321
23.51,5320
23.52,5319
23.53,5318
23.55,5317
23.56,5316
23.58,5315
23.59,5314
23.61,5313
23.62,5312
23.64,5311
23.65,5310
23.67,5309
23.68,5308
23.69,5307
23.71,5306
23.72,5305
23.74,5304
23.75,5303
23.77,5302
23.78,5301
23.80,5300
23.81,5299
23.83,5298
23.84,5297
23.86,5296
23.87,5295
23.89,5294
23.90,5293
23.92,5292
23.93,5291
23.95,5290
23.96,5289
23.98,5288
23.99,5287
24.01,5286
24.02,5285
24.04,5284
24.05,5283
24.06,5282
24.08,5281
24.09,5280
24.11,5279
24.12,5278
24.14,5277
24.15,5276
24.17,5275
24.18,5274
24.20,5273
24.21,5272
24.23,5271
24.24,5270
24.26,5269
24.27,5268
24.29,5267
24.30,5266
24.31,5265
24.33,5264
24.34,5263
24.36,5262
24.37,5261
24.39,5260
24.40,5259
24.42,5258
24.43,5257
24.45,5256
24.46,5255
24.48,5254
24.49,5253
24.51,5252
24.52,5251
24.54,5250
24.55,5249
24.57,5248
24.58,5247
24.60,5246
24.61,5245
24.63,5244
24.64,5243
24.66,5242
24.67,5241
24.69,5240
24.70,5239
24.71,5238
24.73,5237
24.74,5236
24.76,5235
24.77,5234
24.79,5233
24.80,5232
24.82,5231
24.83,5230
24.85,5229
24.86,5228
24.88,5227
24.89,5226
24.90,5225
24.92,5224
24.93,5223
24.95,5222
24.96,5221
24.98,5220
24.99,5219
25.00,5218
25.01,5217
25.03,5216
25.04,5215
25.05,5214
25.07,5213
25.08,5212
25.09,5211
25.11,5210
25.12,5209
25.13,5208
25.14,5207
25.16,5206
25.17,5205
25.18,5204
25.20,5203
25.21,5202
25.22,5201
25.24,5200
25.25,5199
25.26,5198
25.28,5197
25.29,5196
25.30,5195
25.31,5194
25.33,5193
25.34,5192
25.35,5191
25.37,5190
25.38,5189
25.39,5188
25.41,5187
25.42,5186
25.43,5185
25.45,5184
25.46,5183
25.47,5182
25.48,5181
25.50,5180
25.51,5179
25.52,5178
25.54,5177
25.55,5176
25.56,5175
25.57,5174
25.59,5173
25.60,5172
25.61,5171
25.63,5170
25.64,5169
25.65,5168
25.66,5167
25.68,5166
25.69,5165
25.70,5164
25.72,5163
25.73,5162
25.74,5161
25.75,5160
25.77,5159
25.78,5158
25.79,5157
25.81,5156
25.82,5155
25.83,5154
25.84,5153
25.86,5152
25.87,5151
25.88,5150
25.90,5149
25.91,5148
25.92,5147
25.93,5146
25.95,5145
25.96,5144
25.97,5143
25.99,5142
26.00,5141
26.01,5140
26.02,5139
26.04,5138
26.05,5137
26.06,5136
26.08,5135
26.09,5134
26.10,5133
26.12,5132
26.13,5131
26.14,5130
26.15,5129
26.17,5128
26.18,5127
26.19,5126
26.21,5125
26.22,5124
26.23,5123
26.25,5122
26.26,5121
26.27,5120
26.28,5119
26.30,5118
26.31,5117
26.32,5116
26.34,5115
26.35,5114
26.36,5113
26.38,5112
26.39,5111
26.40,5110
26.41,5109
26.43,5108
26.44,5107
26.45,5106
26.47,5105
26.48,5104
26.49,5103
26.51,5102
26.52,5101
26.53,5100
26.54,5099
26.56,5098
26.57,5097
26.58,5096
26.60,5095
26.61,5094
26.62,5093
26.63,5092
26.65,5091
26.66,5090
26.67,5089
26.69,5088
26.70,5087
26.71,5086
26.73,5085
26.74,5084
26.75,5083
26.76,5082
26.78,5081
26.79,5080
26.80,5079
26.81,5078
26.83,5077
26.84,5076
26.85,5075
26.87,5074
26.88,5073
26.89,5072
26.91,5071
26.92,5070
26.93,5069
26.94,5068
26.96,5067
26.97,5066
26.98,5065
26.99,5064
27.01,5063
27.02,5062
27.03,5061
27.05,5060
27.06,5059
27.07,5058
27.08,5057
27.10,5056
27.11,5055
27.12,5054
27.13,5053
27.15,5052
27.16,5051
27.17,5050
27.19,5049
27.20,5048
27.21,5047
27.22,5046
27.24,5045
27.25,5044
27.26,5043
27.27,5042
27.29,5041
27.30,5040
27.31,5039
27.32,5038
27.34,5037
27.35,5036
27.36,5035
27.37,5034
27.39,5033
27.40,5032
27.41,5031
27.43,5030
27.44,5029
27.45,5028
27.46,5027
27.48,5026
27.49,5025
27.50,5024
27.51,5023
27.53,5022
27.54,5021
27.55,5020
27.56,5019
27.58,5018
27.59,5017
27.60,5016
27.62,5015
27.63,5014
27.64,5013
27.65,5012
27.67,5011
27.68,5010
27.69,5009
27.70,5008
27.72,5007
27.73,5006
27.74,5005
27.75,5004
27.77,5003
27.78,5002
27.79,5001
27.81,5000
27.82,4999
27.83,4998
27.84,4997
27.86,4996
27.87,4995
27.88,4994
27.89,4993
27.91,4992
27.92,4991
27.93,4990
27.94,4989
27.96,4988
27.97,4987
27.98,4986
27.99,4985
28.01,4984
28.02,4983
28.03,4982
28.05,4981
28.06,4980
28.07,4979
28.08,4978
28.10,4977
28.11,4976
28.12,4975
28.13,4974
28.15,4973
28.16,4972
28.17,4971
28.19,4970
28.20,4969
28.21,4968
28.22,4967
28.24,4966
28.25,4965
28.26,4964
28.27,4963
28.29,4962
28.30,4961
28.31,4960
28.33,4959
28.34,4958
28.35,4957
28.37,4956
28.38,4955
28.39,4954
28.41,4953
28.42,4952
28.43,4951
28.44,4950
28.46,4949
28.47,4948
28.48,4947
28.49,4946
28.51,4945
28.52,4944
28.53,4943
28.54,4942
28.56,4941
28.57,4940
28.58,4939
28.59,4938
28.61,4937
28.62,4936
28.63,4935
28.64,4934
28.66,4933
28.67,4932
28.68,4931
28.69,4930
28.71,4929
28.72,4928
28.73,4927
28.74,4926
28.76,4925
28.77,4924
28.78,4923
28.80,4922
28.81,4921
28.82,4920
28.83,4919
28.85,4918
28.86,4917
28.87,4916
28.88,4915
28.90,4914
28.91,4913
28.92,4912
28.93,4911
28.95,4910
28.96,4909
28.97,4908
28.98,4907
29.00,4906
29.01,4905
29.02,4904
29.03,4903
29.05,4902
29.06,4901
29.08,4900
29.15,4899
29.17,4898
29.19,4897
29.56,4896
29.64,4895
29.67,4894
29.68,4893
29.71,4892
29.76,4891
29.88,4890
29.94,4889
29.96,4888
