1.17,6880
1.29,6879
1.32,6878
1.35,6877
1.37,6876
1.39,6875
1.41,6874
1.43,6873
1.46,6872
1.48,6871
1.49,6870
1.51,6869
1.52,6868
1.54,6867
1.55,6866
1.57,6865
1.58,6864
1.60,6863
1.61,6862
1.63,6861
1.64,6860
1.66,6859
1.67,6858
1.69,6857
1.70,6856
1.72,6855
1.73,6854
1.75,6853
1.76,6852
1.78,6851
1.79,6850
1.81,6849
1.82,6848
1.84,6847
1.85,6846
1.87,6845
1.88,6844
1.90,6843
1.91,6842
1.93,6841
1.94,6840
1.96,6839
1.97,6838
1.99,6837
2.00,6836
2.02,6835
2.03,6834
2.06,6833
2.08,6832
2.09,6831
2.11,6830
2.12,6829
2.13,6828
2.15,6827
2.16,6826
2.18,6825
2.19,6824
2.21,6823
2.22,6822
2.24,6821
2.25,6820
2.27,6819
2.28,6818
2.30,6817
2.31,6816
2.33,6815
2.34,6814
2.36,6813
2.37,6812
2.39,6811
2.40,6810
2.42,6809
2.43,6808
2.45,6807
2.46,6806
2.48,6805
2.49,6804
2.51,6803
2.52,6802
2.54,6801
2.55,6800
2.57,6799
2.58,6798
2.60,6797
2.61,6796
2.62,6795
2.64,6794
2.66,6793
2.67,6792
2.69,6791
2.70,6790
2.72,6789
2.73,6788
2.75,6787
2.76,6786
2.78,6785
2.80,6784
2.81,6783
2.83,6782
2.85,6781
2.86,6780
2.88,6779
2.90,6778
2.91,6777
2.93,6776
2.95,6775
2.96,6774
2.98,6773
3.00,6772
3.01,6771
3.03,6770
3.05,6769
3.06,6768
3.08,6767
3.10,6766
3.11,6765
3.13,6764
3.15,6763
3.16,6762
3.18,6761
3.19,6760
3.21,6759
3.23,6758
3.24,6757
3.26,6756
3.28,6755
3.31,6754
3.32,6753
3.34,6752
3.35,6751
3.36,6750
3.38,6749
3.39,6748
3.41,6747
3.42,6746
3.44,6745
3.45,6744
3.47,6743
3.48,6742
3.50,6741
3.51,6740
3.53,6739
3.54,6738
3.56,6737
3.57,6736
3.59,6735
3.60,6734
3.62,6733
3.63,6732
3.65,6731
3.66,6730
3.68,6729
3.69,6728
3.71,6727
3.72,6726
3.74,6725
3.75,6724
3.77,6723
3.78,6722
3.80,6721
3.81,6720
3.83,6719
3.84,6718
3.86,6717
3.87,6716
3.89,6715
3.90,6714
3.92,6713
3.93,6712
3.95,6711
3.96,6710
3.98,6709
3.99,6708
4.01,6707
4.02,6706
4.04,6705
4.05,6704
4.07,6703
4.08,6702
4.10,6701
4.11,6700
4.13,6699
4.14,6698
4.15,6697
4.17,6696
4.18,6695
4.20,6694
4.21,6693
4.23,6692
4.24,6691
4.26,6690
4.27,6689
4.29,6688
4.30,6687
4.32,6686
4.33,6685
4.34,6684
4.36,6683
4.37,6682
4.39,6681
4.40,6680
4.42,6679
4.43,6678
4.45,6677
4.46,6676
4.47,6675
4.50,6674
4.52,6673
4.53,6672
4.54,6671
4.56,6670
4.57,6669
4.59,6668
4.60,6667
4.62,6666
4.63,6665
4.65,6664
4.66,6663
4.68,6662
4.69,6661
4.71,6660
4.72,6659
4.74,6658
4.75,6657
4.77,6656
4.78,6655
4.80,6654
4.81,6653
4.83,6652
4.84,6651
4.85,6650
4.87,6649
4.88,6648
4.91,6647
4.92,6646
4.94,6645
4.95,6644
4.98,6643
4.99,6642
5.01,6641
5.02,6640
5.05,6639
5.06,6638
5.08,6637
5.09,6636
5.10,6635
5.12,6634
5.14,6633
5.16,6632
5.17,6631
5.19,6630
5.20,6629
5.21,6628
5.23,6627
5.24,6626
5.26,6625
5.27,6624
5.29,6623
5.30,6622
5.33,6621
5.34,6620
5.36,6619
5.37,6618
5.39,6617
5.40,6616
5.42,6615
5.43,6614
5.45,6613
5.47,6612
5.48,6611
5.50,6610
5.51,6609
5.52,6608
5.54,6607
5.55,6606
5.57,6605
5.58,6604
5.60,6603
5.62,6602
5.63,6601
5.65,6600
5.66,6599
5.68,6598
5.70,6597
5.72,6596
5.73,6595
5.75,6594
5.77,6593
5.78,6592
5.79,6591
5.81,6590
5.83,6589
5.84,6588
5.86,6587
5.88,6586
5.89,6585
5.91,6584
5.92,6583
5.94,6582
5.96,6581
5.97,6580
5.99,6579
6.01,6578
6.03,6577
6.05,6576
6.06,6575
6.08,6574
6.10,6573
6.12,6572
6.13,6571
6.15,6570
6.18,6569
6.21,6568
6.22,6567
6.24,6566
6.25,6565
6.27,6564
6.29,6563
6.31,6562
6.33,6561
6.35,6560
6.36,6559
6.38,6558
6.40,6557
6.42,6556
6.44,6555
6.47,6554
6.49,6553
6.51,6552
6.53,6551
6.54,6550
6.56,6549
6.57,6548
6.59,6547
6.61,6546
6.64,6545
6.66,6544
6.68,6543
6.70,6542
6.71,6541
6.74,6540
6.76,6539
6.77,6538
6.79,6537
6.81,6536
6.82,6535
6.84,6534
6.86,6533
6.87,6532
6.89,6531
6.91,6530
6.92,6529
6.95,6528
6.96,6527
6.98,6526
7.00,6525
7.02,6524
7.03,6523
7.05,6522
7.07,6521
7.09,6520
7.10,6519
7.13,6518
7.17,6517
7.18,6516
7.28,6515
7.29,6514
7.31,6513
7.32,6512
7.34,6511
7.37,6510
7.39,6509
7.40,6508
7.42,6507
7.44,6506
7.46,6505
7.48,6504
7.50,6503
7.51,6502
7.53,6501
7.55,6500
7.58,6499
7.61,6498
7.62,6497
7.64,6496
7.65,6495
7.67,6494
7.68,6493
7.70,6492
7.71,6491
7.73,6490
7.77,6489
7.79,6488
7.80,6487
7.82,6486
7.85,6485
7.86,6484
7.89,6483
7.90,6482
7.92,6481
7.93,6480
7.95,6479
7.96,6478
7.98,6477
7.99,6476
8.01,6475
8.02,6474
8.06,6473
8.08,6472
8.09,6471
8.11,6470
8.12,6469
8.14,6468
8.15,6467
8.17,6466
8.18,6465
8.20,6464
8.21,6463
8.23,6462
8.27,6461
8.29,6460
8.32,6459
8.33,6458
8.35,6457
8.36,6456
8.38,6455
8.39,6454
8.41,6453
8.42,6452
8.44,6451
8.45,6450
8.47,6449
8.48,6448
8.50,6447
8.51,6446
8.53,6445
8.54,6444
8.56,6443
8.57,6442
8.59,6441
8.60,6440
8.62,6439
8.65,6438
8.66,6437
8.68,6436
8.69,6435
8.71,6434
8.72,6433
8.74,6432
8.75,6431
8.77,6430
8.79,6429
8.80,6428
8.82,6427
8.83,6426
8.85,6425
8.86,6424
8.88,6423
8.89,6422
8.91,6421
8.92,6420
8.93,6419
8.95,6418
8.97,6417
8.98,6416
9.00,6415
9.01,6414
9.03,6413
9.04,6412
9.06,6411
9.07,6410
9.09,6409
9.10,6408
9.12,6407
9.13,6406
9.15,6405
9.16,6404
9.18,6403
9.19,6402
9.21,6401
9.22,6400
9.24,6399
9.25,6398
9.27,6397
9.28,6396
9.30,6395
9.32,6394
9.33,6393
9.35,6392
9.36,6391
9.38,6390
9.39,6389
9.41,6388
9.42,6387
9.44,6386
9.45,6385
9.47,6384
9.48,6383
9.50,6382
9.51,6381
9.53,6380
9.55,6379
9.56,6378
9.58,6377
9.59,6376
9.61,6375
9.62,6374
9.64,6373
9.65,6372
9.67,6371
9.68,6370
9.70,6369
9.71,6368
9.73,6367
9.75,6366
9.76,6365
9.78,6364
9.79,6363
9.81,6362
9.82,6361
9.84,6360
9.85,6359
9.87,6358
9.88,6357
9.90,6356
9.91,6355
9.93,6354
9.94,6353
9.96,6352
9.97,6351
9.99,6350
10.00,6349
10.02,6348
10.03,6347
10.05,6346
10.06,6345
10.08,6344
10.10,6343
10.11,6342
10.14,6341
10.15,6340
10.17,6339
10.18,6338
10.20,6337
10.21,6336
10.23,6335
10.24,6334
10.26,6333
10.27,6332
10.29,6331
10.30,6330
10.32,6329
10.33,6328
10.35,6327
10.36,6326
10.38,6325
10.39,6324
10.41,6323
10.43,6322
10.44,6321
10.46,6320
10.47,6319
10.49,6318
10.50,6317
10.52,6316
10.53,6315
10.55,6314
10.56,6313
10.58,6312
10.59,6311
10.61,6310
10.62,6309
10.64,6308
10.65,6307
10.67,6306
10.68,6305
10.70,6304
10.71,6303
10.73,6302
10.74,6301
10.76,6300
10.77,6299
10.79,6298
10.80,6297
10.82,6296
10.84,6295
10.85,6294
10.87,6293
10.88,6292
10.90,6291
10.91,6290
10.93,6289
10.94,6288
10.96,6287
10.97,6286
10.99,6285
11.00,6284
11.02,6283
11.04,6282
11.05,6281
11.07,6280
11.08,6279
11.10,6278
11.11,6277
11.13,6276
11.14,6275
11.16,6274
11.17,6273
11.19,6272
11.20,6271
11.22,6270
11.24,6269
11.25,6268
11.27,6267
11.28,6266
11.30,6265
11.32,6264
11.33,6263
11.35,6262
11.36,6261
11.38,6260
11.39,6259
11.41,6258
11.42,6257
11.44,6256
11.45,6255
11.47,6254
11.48,6253
11.51,6252
11.53,6251
11.54,6250
11.56,6249
11.57,6248
11.59,6247
11.60,6246
11.62,6245
11.63,6244
11.65,6243
11.66,6242
11.68,6241
11.69,6240
11.71,6239
11.72,6238
11.74,6237
11.76,6236
11.77,6235
11.79,6234
11.80,6233
11.82,6232
11.83,6231
11.85,6230
11.86,6229
11.88,6228
11.89,6227
11.90,6226
11.92,6225
11.94,6224
11.95,6223
11.97,6222
11.98,6221
12.00,6220
12.01,6219
12.03,6218
12.04,6217
12.06,6216
12.07,6215
12.09,6214
12.10,6213
12.12,6212
12.13,6211
12.15,6210
12.16,6209
12.18,6208
12.20,6207
12.21,6206
12.23,6205
12.25,6204
12.27,6203
12.28,6202
12.30,6201
12.31,6200
12.33,6199
12.35,6198
12.36,6197
12.38,6196
12.40,6195
12.41,6194
12.43,6193
12.46,6192
12.47,6191
12.49,6190
12.50,6189
12.52,6188
12.53,6187
12.55,6186
12.57,6185
12.59,6184
12.60,6183
12.62,6182
12.64,6181
12.65,6180
12.67,6179
12.69,6178
12.70,6177
12.72,6176
12.74,6175
12.75,6174
12.77,6173
12.79,6172
12.80,6171
12.82,6170
12.84,6169
12.85,6168
12.87,6167
12.89,6166
12.90,6165
12.92,6164
12.93,6163
12.95,6162
12.97,6161
12.98,6160
13.00,6159
13.02,6158
13.03,6157
13.05,6156
13.07,6155
13.09,6154
13.10,6153
13.12,6152
13.13,6151
13.15,6150
13.17,6149
13.19,6148
13.21,6147
13.22,6146
13.24,6145
13.26,6144
13.27,6143
13.29,6142
13.31,6141
13.32,6140
13.34,6139
13.36,6138
13.37,6137
13.39,6136
13.41,6135
13.42,6134
13.44,6133
13.45,6132
13.47,6131
13.49,6130
13.50,6129
13.52,6128
13.54,6127
13.55,6126
13.57,6125
13.59,6124
13.60,6123
13.62,6122
13.64,6121
13.65,6120
13.67,6119
13.69,6118
13.70,6117
13.72,6116
13.73,6115
13.75,6114
13.77,6113
13.78,6112
13.80,6111
13.82,6110
13.83,6109
13.85,6108
13.87,6107
13.88,6106
13.90,6105
13.92,6104
13.93,6103
13.95,6102
13.97,6101
13.98,6100
14.00,6099
14.01,6098
14.03,6097
14.05,6096
14.06,6095
14.08,6094
14.10,6093
14.11,6092
14.13,6091
14.15,6090
14.16,6089
14.18,6088
14.20,6087
14.21,6086
14.23,6085
14.24,6084
14.26,6083
14.28,6082
14.29,6081
14.31,6080
14.33,6079
14.34,6078
14.36,6077
14.38,6076
14.39,6075
14.41,6074
14.43,6073
14.44,6072
14.46,6071
14.48,6070
14.49,6069
14.51,6068
14.53,6067
14.54,6066
14.56,6065
14.57,6064
14.59,6063
14.61,6062
14.63,6061
14.64,6060
14.66,6059
14.67,6058
14.69,6057
14.71,6056
14.72,6055
14.74,6054
14.76,6053
14.78,6052
14.79,6051
14.81,6050
14.83,6049
14.84,6048
14.86,6047
14.88,6046
14.89,6045
14.91,6044
14.93,6043
14.94,6042
14.96,6041
14.98,6040
14.99,6039
15.01,6038
15.03,6037
15.04,6036
15.06,6035
15.08,6034
15.09,6033
15.11,6032
15.13,6031
15.14,6030
15.16,6029
15.17,6028
15.19,6027
15.20,6026
15.22,6025
15.23,6024
15.25,6023
15.26,6022
15.28,6021
15.29,6020
15.31,6019
15.32,6018
15.33,6017
15.35,6016
15.36,6015
15.38,6014
15.39,6013
15.41,6012
15.42,6011
15.44,6010
15.45,6009
15.47,6008
15.48,6007
15.49,6006
15.51,6005
15.52,6004
15.54,6003
15.55,6002
15.57,6001
15.58,6000
15.60,5999
15.61,5998
15.63,5997
15.64,5996
15.66,5995
15.67,5994
15.69,5993
15.70,5992
15.72,5991
15.73,5990
15.75,5989
15.76,5988
15.78,5987
15.79,5986
15.81,5985
15.82,5984
15.84,5983
15.85,5982
15.87,5981
15.88,5980
15.89,5979
15.91,5978
15.92,5977
15.94,5976
15.95,5975
15.97,5974
15.98,5973
16.00,5972
16.01,5971
16.03,5970
16.05,5969
16.06,5968
16.08,5967
16.09,5966
16.11,5965
16.12,5964
16.14,5963
16.15,5962
16.17,5961
16.18,5960
16.20,5959
16.21,5958
16.23,5957
16.24,5956
16.25,5955
16.27,5954
16.28,5953
16.30,5952
16.31,5951
16.33,5950
16.34,5949
16.36,5948
16.37,5947
16.39,5946
16.40,5945
16.42,5944
16.43,5943
16.45,5942
16.46,5941
16.48,5940
16.49,5939
16.51,5938
16.52,5937
16.54,5936
16.55,5935
16.57,5934
16.58,5933
16.60,5932
16.61,5931
16.63,5930
16.64,5929
16.66,5928
16.67,5927
16.68,5926
16.70,5925
16.72,5924
16.74,5923
16.75,5922
16.77,5921
16.78,5920
16.79,5919
16.81,5918
16.82,5917
16.84,5916
16.85,5915
16.87,5914
16.88,5913
16.90,5912
16.91,5911
16.93,5910
16.94,5909
16.96,5908
16.97,5907
16.99,5906
17.00,5905
17.02,5904
17.03,5903
17.05,5902
17.06,5901
17.08,5900
17.09,5899
17.11,5898
17.12,5897
17.14,5896
17.15,5895
17.17,5894
17.18,5893
17.20,5892
17.21,5891
17.23,5890
17.24,5889
17.26,5888
17.28,5887
17.29,5886
17.30,5885
17.32,5884
17.34,5883
17.35,5882
17.36,5881
17.38,5880
17.40,5879
17.41,5878
17.43,5877
17.44,5876
17.46,5875
17.48,5874
17.49,5873
17.51,5872
17.52,5871
17.54,5870
17.56,5869
17.57,5868
17.59,5867
17.61,5866
17.62,5865
17.64,5864
17.65,5863
17.67,5862
17.68,5861
17.70,5860
17.71,5859
17.73,5858
17.74,5857
17.76,5856
17.77,5855
17.79,5854
17.81,5853
17.82,5852
17.84,5851
17.85,5850
17.87,5849
17.88,5848
17.90,5847
17.91,5846
17.93,5845
17.94,5844
17.96,5843
17.97,5842
17.99,5841
18.00,5840
18.02,5839
18.03,5838
18.05,5837
18.06,5836
18.08,5835
18.09,5834
18.11,5833
18.12,5832
18.14,5831
18.15,5830
18.17,5829
18.18,5828
18.20,5827
18.21,5826
18.23,5825
18.24,5824
18.26,5823
18.28,5822
18.30,5821
18.31,5820
18.33,5819
18.34,5818
18.36,5817
18.37,5816
18.39,5815
18.41,5814
18.42,5813
18.44,5812
18.46,5811
18.47,5810
18.49,5809
18.50,5808
18.52,5807
18.53,5806
18.55,5805
18.56,5804
18.58,5803
18.59,5802
18.61,5801
18.62,5800
18.64,5799
18.65,5798
18.67,5797
18.68,5796
18.70,5795
18.71,5794
18.73,5793
18.74,5792
18.76,5791
18.77,5790
18.79,5789
18.80,5788
18.82,5787
18.83,5786
18.85,5785
18.87,5784
18.88,5783
18.90,5782
18.91,5781
18.93,5780
18.94,5779
18.96,5778
18.97,5777
18.99,5776
19.00,5775
19.02,5774
19.03,5773
19.05,5772
19.07,5771
19.08,5770
19.09,5769
19.11,5768
19.13,5767
19.14,5766
19.16,5765
19.17,5764
19.19,5763
19.20,5762
19.22,5761
19.23,5760
19.25,5759
19.26,5758
19.28,5757
19.29,5756
19.31,5755
19.33,5754
19.34,5753
19.36,5752
19.37,5751
19.39,5750
19.40,5749
19.42,5748
19.43,5747
19.45,5746
19.46,5745
19.48,5744
19.50,5743
19.51,5742
19.53,5741
19.54,5740
19.56,5739
19.57,5738
19.59,5737
19.60,5736
19.62,5735
19.63,5734
19.65,5733
19.66,5732
19.68,5731
19.70,5730
19.71,5729
19.72,5728
19.74,5727
19.76,5726
19.77,5725
19.79,5724
19.80,5723
19.82,5722
19.83,5721
19.85,5720
19.86,5719
19.88,5718
19.89,5717
19.91,5716
19.92,5715
19.94,5714
19.95,5713
19.97,5712
19.98,5711
20.00,5710
20.01,5709
20.03,5708
20.04,5707
20.06,5706
20.08,5705
20.09,5704
20.11,5703
20.12,5702
20.14,5701
20.15,5700
20.17,5699
20.18,5698
20.20,5697
20.21,5696
20.23,5695
20.24,5694
20.26,5693
20.27,5692
20.29,5691
20.30,5690
20.32,5689
20.33,5688
20.35,5687
20.37,5686
20.38,5685
20.40,5684
20.41,5683
20.43,5682
20.44,5681
20.46,5680
20.47,5679
20.49,5678
20.50,5677
20.52,5676
20.53,5675
20.55,5674
20.56,5673
20.58,5672
20.59,5671
20.61,5670
20.62,5669
20.64,5668
20.65,5667
20.67,5666
20.68,5665
20.70,5664
20.71,5663
20.73,5662
20.74,5661
20.76,5660
20.77,5659
20.79,5658
20.80,5657
20.82,5656
20.83,5655
20.85,5654
20.86,5653
20.88,5652
20.89,5651
20.91,5650
20.92,5649
20.94,5648
20.95,5647
20.97,5646
20.98,5645
21.00,5644
21.01,5643
21.03,5642
21.04,5641
21.06,5640
21.07,5639
21.09,5638
21.10,5637
21.12,5636
21.13,5635
21.15,5634
21.16,5633
21.18,5632
21.19,5631
21.21,5630
21.22,5629
21.24,5628
21.25,5627
21.27,5626
21.28,5625
21.30,5624
21.31,5623
21.33,5622
21.34,5621
21.36,5620
21.37,5619
21.39,5618
21.40,5617
21.42,5616
21.43,5615
21.45,5614
21.46,5613
21.48,5612
21.49,5611
21.51,5610
21.52,5609
21.54,5608
21.55,5607
21.57,5606
21.58,5605
21.60,5604
21.61,5603
21.63,5602
21.65,5601
21.66,5600
21.68,5599
21.69,5598
21.71,5597
21.72,5596
21.74,5595
21.75,5594
21.76,5593
21.78,5592
21.79,5591
21.81,5590
21.82,5589
21.84,5588
21.85,5587
21.87,5586
21.88,5585
21.90,5584
21.91,5583
21.93,5582
21.94,5581
21.96,5580
21.97,5579
21.99,5578
22.00,5577
22.02,5576
22.03,5575
22.05,5574
22.06,5573
22.08,5572
22.09,5571
22.11,5570
22.12,5569
22.14,5568
22.16,5567
22.17,5566
22.19,5565
22.20,5564
22.22,5563
22.23,5562
22.25,5561
22.26,5560
22.28,5559
22.29,5558
22.31,5557
22.32,5556
22.34,5555
22.35,5554
22.36,5553
22.38,5552
22.39,5551
22.41,5550
22.42,5549
22.44,5548
22.45,5547
22.47,5546
22.48,5545
22.50,5544
22.51,5543
22.53,5542
22.54,5541
22.56,5540
22.57,5539
22.59,5538
22.60,5537
22.62,5536
22.63,5535
22.65,5534
22.66,5533
22.68,5532
22.69,5531
22.71,5530
22.72,5529
22.74,5528
22.75,5527
22.77,5526
22.78,5525
22.80,5524
22.81,5523
22.83,5522
22.84,5521
22.85,5520
22.87,5519
22.88,5518
22.90,5517
22.91,5516
22.93,5515
22.94,5514
22.96,5513
22.97,5512
22.99,5511
23.00,5510
23.02,5509
23.03,5508
23.05,5507
23.06,5506
23.08,5505
23.09,5504
23.11,5503
23.12,5502
23.14,5501
23.15,5500
23.17,5499
23.18,5498
23.20,5497
23.21,5496
23.23,5495
23.24,5494
23.25,5493
23.27,5492
23.28,5491
23.30,5490
23.31,5489
23.33,5488
23.34,5487
23.36,5486
23.37,5485
23.39,5484
23.40,5483
23.42,5482
23.43,5481
23.45,5480
23.46,5479
23.48,5478
23.49,5477
23.51,5476
23.52,5475
23.54,5474
23.55,5473
23.57,5472
23.58,5471
23.60,5470
23.61,5469
23.63,5468
23.64,5467
23.66,5466
23.67,5465
23.69,5464
23.70,5463
23.71,5462
23.73,5461
23.74,5460
23.76,5459
23.77,5458
23.79,5457
23.80,5456
23.82,5455
23.83,5454
23.85,5453
23.86,5452
23.88,5451
23.89,5450
23.90,5449
23.92,5448
23.93,5447
23.95,5446
23.96,5445
23.98,5444
23.99,5443
24.00,5442
24.02,5441
24.03,5440
24.05,5439
24.06,5438
24.08,5437
24.09,5436
24.11,5435
24.12,5434
24.14,5433
24.15,5432
24.17,5431
24.18,5430
24.20,5429
24.21,5428
24.23,5427
24.24,5426
24.26,5425
24.27,5424
24.28,5423
24.30,5422
24.31,5421
24.33,5420
24.34,5419
24.36,5418
24.37,5417
24.39,5416
24.40,5415
24.42,5414
24.43,5413
24.45,5412
24.46,5411
24.48,5410
24.49,5409
24.51,5408
24.52,5407
24.54,5406
24.56,5405
24.57,5404
24.58,5403
24.60,5402
24.61,5401
24.63,5400
24.64,5399
24.66,5398
24.67,5397
24.69,5396
24.70,5395
24.72,5394
24.73,5393
24.75,5392
24.76,5391
24.78,5390
24.79,5389
24.81,5388
24.82,5387
24.83,5386
24.85,5385
24.86,5384
24.88,5383
24.89,5382
24.91,5381
24.92,5380
24.94,5379
24.95,5378
24.97,5377
24.98,5376
24.99,5375
25.01,5374
25.02,5373
25.04,5372
25.05,5371
25.07,5370
25.08,5369
25.10,5368
25.11,5367
25.13,5366
25.14,5365
25.16,5364
25.17,5363
25.19,5362
25.20,5361
25.21,5360
25.23,5359
25.24,5358
25.26,5357
25.27,5356
25.29,5355
25.30,5354
25.32,5353
25.33,5352
25.35,5351
25.36,5350
25.38,5349
25.39,5348
25.41,5347
25.42,5346
25.43,5345
25.45,5344
25.46,5343
25.48,5342
25.49,5341
25.51,5340
25.52,5339
25.54,5338
25.55,5337
25.57,5336
25.58,5335
25.60,5334
25.61,5333
25.63,5332
25.64,5331
25.65,5330
25.67,5329
25.68,5328
25.70,5327
25.71,5326
25.73,5325
25.74,5324
25.76,5323
25.77,5322
25.79,5321
25.80,5320
25.81,5319
25.83,5318
25.84,5317
25.86,5316
25.87,5315
25.89,5314
25.90,5313
25.92,5312
25.93,5311
25.94,5310
25.96,5309
25.97,5308
25.99,5307
26.00,5306
26.02,5305
26.03,5304
26.05,5303
26.06,5302
26.08,5301
26.09,5300
26.10,5299
26.12,5298
26.13,5297
26.15,5296
26.16,5295
26.18,5294
26.19,5293
26.21,5292
26.22,5291
26.23,5290
26.25,5289
26.26,5288
26.28,5287
26.29,5286
26.31,5285
26.32,5284
26.34,5283
26.35,5282
26.37,5281
26.38,5280
26.39,5279
26.41,5278
26.42,5277
26.44,5276
26.45,5275
26.47,5274
26.48,5273
26.50,5272
26.51,5271
26.52,5270
26.54,5269
26.55,5268
26.57,5267
26.58,5266
26.60,5265
26.61,5264
26.63,5263
26.64,5262
26.66,5261
26.67,5260
26.68,5259
26.70,5258
26.71,5257
26.73,5256
26.74,5255
26.76,5254
26.77,5253
26.79,5252
26.80,5251
26.82,5250
26.83,5249
26.84,5248
26.86,5247
26.87,5246
26.89,5245
26.90,5244
26.92,5243
26.93,5242
26.95,5241
26.96,5240
26.97,5239
26.99,5238
27.00,5237
27.02,5236
27.03,5235
27.05,5234
27.06,5233
27.08,5232
27.09,5231
27.10,5230
27.12,5229
27.13,5228
27.15,5227
27.16,5226
27.18,5225
27.19,5224
27.20,5223
27.22,5222
27.23,5221
27.25,5220
27.26,5219
27.28,5218
27.29,5217
27.31,5216
27.32,5215
27.33,5214
27.35,5213
27.36,5212
27.38,5211
27.39,5210
27.40,5209
27.42,5208
27.43,5207
27.45,5206
27.46,5205
27.48,5204
27.49,5203
27.50,5202
27.52,5201
27.53,5200
27.55,5199
27.56,5198
27.58,5197
27.59,5196
27.60,5195
27.62,5194
27.63,5193
27.65,5192
27.66,5191
27.68,5190
27.69,5189
27.70,5188
27.72,5187
27.73,5186
27.75,5185
27.76,5184
27.78,5183
27.79,5182
27.80,5181
27.82,5180
27.83,5179
27.85,5178
27.86,5177
27.88,5176
27.89,5175
27.91,5174
27.92,5173
27.93,5172
27.95,5171
27.96,5170
27.98,5169
27.99,5168
28.01,5167
28.02,5166
28.04,5165
28.05,5164
28.06,5163
28.08,5162
28.09,5161
28.11,5160
28.12,5159
28.14,5158
28.15,5157
28.16,5156
28.18,5155
28.19,5154
28.21,5153
28.22,5152
28.24,5151
28.25,5150
28.26,5149
28.28,5148
28.29,5147
28.31,5146
28.32,5145
28.34,5144
28.35,5143
28.36,5142
28.38,5141
28.39,5140
28.41,5139
28.42,5138
28.44,5137
28.45,5136
28.47,5135
28.48,5134
28.50,5133
28.51,5132
28.52,5131
28.54,5130
28.55,5129
28.57,5128
28.58,5127
28.60,5126
28.61,5125
28.62,5124
28.64,5123
28.65,5122
28.67,5121
28.68,5120
28.70,5119
28.71,5118
28.72,5117
28.74,5116
28.75,5115
28.77,5114
28.78,5113
28.80,5112
28.81,5111
28.82,5110
28.84,5109
28.85,5108
28.87,5107
28.88,5106
28.89,5105
28.91,5104
28.92,5103
28.94,5102
28.95,5101
28.97,5100
28.98,5099
28.99,5098
29.01,5097
29.02,5096
29.04,5095
29.05,5094
29.07,5093
29.08,5092
29.09,5091
29.11,5090
29.12,5089
29.14,5088
29.15,5087
29.17,5086
29.18,5085
29.20,5084
29.21,5083
29.22,5082
29.24,5081
29.25,5080
29.27,5079
29.28,5078
29.29,5077
29.31,5076
29.32,5075
29.34,5074
29.35,5073
29.37,5072
29.38,5071
29.39,5070
29.41,5069
29.42,5068
29.44,5067
29.45,5066
29.47,5065
29.48,5064
29.49,5063
29.51,5062
29.52,5061
29.54,5060
29.55,5059
29.56,5058
29.58,5057
29.59,5056
29.61,5055
29.62,5054
29.64,5053
29.65,5052
29.66,5051
29.68,5050
29.69,5049
29.71,5048
29.72,5047
29.73,5046
29.75,5045
29.76,5044
29.78,5043
29.79,5042
29.81,5041
29.82,5040
29.83,5039
29.85,5038
29.86,5037
29.88,5036
29.89,5035
29.90,5034
29.92,5033
29.93,5032
29.95,5031
29.96,5030
29.98,5029
29.99,5028
30.00,5027
30.02,5026
30.03,5025
30.05,5024
30.06,5023
30.07,5022
30.09,5021
30.10,5020
30.12,5019
30.13,5018
30.14,5017
30.16,5016
30.17,5015
30.19,5014
30.20,5013
30.22,5012
30.23,5011
30.24,5010
30.26,5009
30.27,5008
30.29,5007
30.30,5006
30.31,5005
30.33,5004
30.34,5003
30.36,5002
30.37,5001
30.38,5000
30.40,4999
30.41,4998
30.43,4997
30.44,4996
30.46,4995
30.47,4994
30.49,4993
30.50,4992
30.51,4991
30.53,4990
30.54,4989
30.55,4988
30.57,4987
30.58,4986
30.60,4985
30.61,4984
30.62,4983
30.64,4982
30.65,4981
30.67,4980
30.68,4979
30.70,4978
30.71,4977
30.72,4976
30.74,4975
30.75,4974
30.77,4973
30.78,4972
30.79,4971
30.81,4970
30.82,4969
30.84,4968
30.85,4967
30.86,4966
30.88,4965
30.89,4964
30.91,4963
30.92,4962
30.94,4961
30.95,4960
30.97,4959
30.98,4958
30.99,4957
31.01,4956
31.02,4955
31.04,4954
31.05,4953
31.06,4952
31.08,4951
31.09,4950
31.10,4949
31.12,4948
31.13,4947
31.15,4946
31.16,4945
31.17,4944
31.19,4943
31.20,4942
31.22,4941
31.23,4940
31.24,4939
31.26,4938
31.27,4937
31.29,4936
31.30,4935
31.31,4934
31.33,4933
31.34,4932
31.36,4931
31.37,4930
31.38,4929
31.40,4928
31.41,4927
31.43,4926
31.44,4925
31.45,4924
31.47,4923
31.48,4922
31.50,4921
31.51,4920
31.52,4919
31.54,4918
31.55,4917
31.57,4916
31.58,4915
31.59,4914
31.61,4913
31.62,4912
31.63,4911
31.65,4910
31.66,4909
31.68,4908
31.69,4907
31.70,4906
31.72,4905
31.73,4904
31.75,4903
31.76,4902
31.77,4901
31.79,4900
31.80,4899
31.81,4898
31.83,4897
31.84,4896
31.86,4895
31.87,4894
31.88,4893
31.90,4892
31.91,4891
31.93,4890
31.94,4889
31.95,4888
31.97,4887
31.98,4886
31.99,4885
32.01,4884
32.02,4883
32.04,4882
32.05,4881
32.06,4880
32.08,4879
32.09,4878
32.11,4877
32.12,4876
32.13,4875
32.15,4874
32.16,4873
32.18,4872
32.19,4871
32.20,4870
32.22,4869
32.23,4868
32.24,4867
32.26,4866
32.27,4865
32.29,4864
32.33,4863
32.40,4862
