1.65,10234
1.75,10233
1.77,10232
1.79,10231
1.81,10230
1.83,10229
1.85,10228
1.87,10227
1.88,10226
1.90,10225
1.91,10224
1.92,10223
1.94,10222
1.95,10221
1.96,10220
1.97,10219
1.99,10218
2.00,10217
2.01,10216
2.02,10215
2.03,10214
2.05,10213
2.06,10212
2.07,10211
2.08,10210
2.09,10209
2.11,10208
2.13,10207
2.14,10206
2.15,10205
2.16,10204
2.17,10203
2.18,10202
2.19,10201
2.20,10200
2.21,10199
2.23,10198
2.24,10197
2.25,10196
2.26,10195
2.27,10194
2.28,10193
2.29,10192
2.30,10191
2.31,10190
2.32,10189
2.33,10188
2.34,10187
2.35,10186
2.36,10185
2.38,10184
2.39,10183
2.40,10182
2.41,10181
2.42,10180
2.43,10179
2.44,10178
2.45,10177
2.46,10176
2.47,10175
2.49,10174
2.50,10173
2.51,10172
2.52,10171
2.54,10170
2.55,10169
2.56,10168
2.57,10167
2.59,10166
2.60,10165
2.61,10164
2.63,10163
2.64,10162
2.65,10161
2.67,10160
2.68,10159
2.69,10158
2.71,10157
2.72,10156
2.73,10155
2.75,10154
2.76,10153
2.77,10152
2.78,10151
2.80,10150
2.81,10149
2.84,10148
2.85,10147
2.86,10146
2.87,10145
2.88,10144
2.89,10143
2.90,10142
2.91,10141
2.92,10140
2.93,10139
2.94,10138
2.95,10137
2.97,10136
2.98,10135
2.99,10134
3.00,10133
3.01,10132
3.02,10131
3.03,10130
3.04,10129
3.05,10128
3.06,10127
3.07,10126
3.08,10125
3.10,10124
3.11,10123
3.12,10122
3.13,10121
3.14,10120
3.15,10119
3.16,10118
3.17,10117
3.18,10116
3.19,10115
3.20,10114
3.22,10113
3.23,10112
3.24,10111
3.25,10110
3.26,10109
3.27,10108
3.28,10107
3.29,10106
3.30,10105
3.31,10104
3.32,10103
3.34,10102
3.35,10101
3.36,10100
3.37,10099
3.38,10098
3.39,10097
3.40,10096
3.41,10095
3.42,10094
3.43,10093
3.44,10092
3.46,10091
3.47,10090
3.49,10089
3.50,10088
3.51,10087
3.52,10086
3.53,10085
3.54,10084
3.55,10083
3.56,10082
3.57,10081
3.58,10080
3.59,10079
3.60,10078
3.62,10077
3.63,10076
3.64,10075
3.65,10074
3.66,10073
3.67,10072
3.68,10071
3.69,10070
3.70,10069
3.71,10068
3.72,10067
3.73,10066
3.74,10065
3.75,10064
3.76,10063
3.78,10062
3.79,10061
3.80,10060
3.81,10059
3.82,10058
3.83,10057
3.84,10056
3.85,10055
3.86,10054
3.87,10053
3.88,10052
3.89,10051
3.90,10050
3.91,10049
3.92,10048
3.94,10047
3.95,10046
3.96,10045
3.97,10044
3.98,10043
3.99,10042
4.00,10041
4.01,10040
4.02,10039
4.03,10038
4.04,10037
4.05,10036
4.06,10035
4.07,10034
4.08,10033
4.10,10032
4.11,10031
4.12,10030
4.13,10029
4.14,10028
4.15,10027
4.16,10026
4.17,10025
4.18,10024
4.20,10023
4.21,10022
4.22,10021
4.24,10020
4.25,10019
4.26,10018
4.27,10017
4.29,10016
4.30,10015
4.31,10014
4.33,10013
4.34,10012
4.35,10011
4.36,10010
4.38,10009
4.39,10008
4.40,10007
4.41,10006
4.43,10005
4.44,10004
4.45,10003
4.46,10002
4.48,10001
4.49,10000
4.50,9999
4.52,9998
4.53,9997
4.54,9996
4.55,9995
4.57,9994
4.58,9993
4.59,9992
4.60,9991
4.62,9990
4.63,9989
4.64,9988
4.66,9987
4.67,9986
4.68,9985
4.70,9984
4.71,9983
4.72,9982
4.73,9981
4.75,9980
4.76,9979
4.77,9978
4.79,9977
4.80,9976
4.81,9975
4.82,9974
4.84,9973
4.85,9972
4.87,9971
4.89,9970
4.90,9969
4.91,9968
4.92,9967
4.93,9966
4.94,9965
4.95,9964
4.96,9963
4.97,9962
4.99,9961
5.00,9960
5.01,9959
5.02,9958
5.03,9957
5.04,9956
5.05,9955
5.07,9954
5.08,9953
5.09,9952
5.10,9951
5.11,9950
5.12,9949
5.13,9948
5.14,9947
5.15,9946
5.16,9945
5.18,9944
5.19,9943
5.20,9942
5.21,9941
5.22,9940
5.23,9939
5.24,9938
5.25,9937
5.27,9936
5.28,9935
5.29,9934
5.30,9933
5.31,9932
5.32,9931
5.33,9930
5.34,9929
5.36,9928
5.37,9927
5.38,9926
5.39,9925
5.40,9924
5.41,9923
5.42,9922
5.44,9921
5.45,9920
5.46,9919
5.47,9918
5.48,9917
5.49,9916
5.50,9915
5.51,9914
5.53,9913
5.54,9912
5.55,9911
5.56,9910
5.57,9909
5.58,9908
5.59,9907
5.60,9906
5.61,9905
5.63,9904
5.64,9903
5.65,9902
5.66,9901
5.67,9900
5.68,9899
5.69,9898
5.71,9897
5.72,9896
5.73,9895
5.74,9894
5.75,9893
5.76,9892
5.77,9891
5.78,9890
5.79,9889
5.81,9888
5.82,9887
5.83,9886
5.84,9885
5.85,9884
5.86,9883
5.87,9882
5.89,9881
5.90,9880
5.91,9879
5.92,9878
5.93,9877
5.94,9876
5.95,9875
5.96,9874
5.97,9873
5.99,9872
6.00,9871
6.01,9870
6.02,9869
6.03,9868
6.04,9867
6.05,9866
6.06,9865
6.08,9864
6.09,9863
6.10,9862
6.11,9861
6.12,9860
6.13,9859
6.14,9858
6.15,9857
6.17,9856
6.18,9855
6.19,9854
6.20,9853
6.21,9852
6.22,9851
6.23,9850
6.24,9849
6.26,9848
6.27,9847
6.28,9846
6.29,9845
6.30,9844
6.31,9843
6.32,9842
6.33,9841
6.35,9840
6.36,9839
6.37,9838
6.38,9837
6.39,9836
6.40,9835
6.41,9834
6.43,9833
6.44,9832
6.45,9831
6.46,9830
6.47,9829
6.48,9828
6.49,9827
6.50,9826
6.52,9825
6.53,9824
6.54,9823
6.55,9822
6.56,9821
6.57,9820
6.58,9819
6.59,9818
6.60,9817
6.62,9816
6.63,9815
6.64,9814
6.65,9813
6.66,9812
6.67,9811
6.68,9810
6.69,9809
6.70,9808
6.72,9807
6.73,9806
6.74,9805
6.75,9804
6.76,9803
6.77,9802
6.78,9801
6.79,9800
6.80,9799
6.82,9798
6.83,9797
6.84,9796
6.85,9795
6.86,9794
6.87,9793
6.88,9792
6.89,9791
6.91,9790
6.92,9789
6.93,9788
6.94,9787
6.95,9786
6.96,9785
6.97,9784
6.98,9783
7.00,9782
7.01,9781
7.02,9780
7.03,9779
7.04,9778
7.05,9777
7.06,9776
7.07,9775
7.08,9774
7.10,9773
7.11,9772
7.12,9771
7.13,9770
7.14,9769
7.15,9768
7.16,9767
7.17,9766
7.18,9765
7.20,9764
7.21,9763
7.22,9762
7.23,9761
7.24,9760
7.25,9759
7.26,9758
7.27,9757
7.28,9756
7.30,9755
7.31,9754
7.32,9753
7.33,9752
7.34,9751
7.35,9750
7.36,9749
7.37,9748
7.39,9747
7.40,9746
7.41,9745
7.42,9744
7.43,9743
7.44,9742
7.45,9741
7.46,9740
7.47,9739
7.49,9738
7.50,9737
7.51,9736
7.52,9735
7.53,9734
7.55,9733
7.56,9732
7.57,9731
7.58,9730
7.60,9729
7.61,9728
7.62,9727
7.63,9726
7.65,9725
7.66,9724
7.67,9723
7.69,9722
7.70,9721
7.72,9720
7.73,9719
7.74,9718
7.76,9717
7.77,9716
7.78,9715
7.80,9714
7.81,9713
7.82,9712
7.84,9711
7.85,9710
7.86,9709
7.88,9708
7.89,9707
7.90,9706
7.91,9705
7.93,9704
7.94,9703
7.95,9702
7.97,9701
7.98,9700
7.99,9699
8.00,9698
8.02,9697
8.03,9696
8.04,9695
8.06,9694
8.07,9693
8.08,9692
8.09,9691
8.11,9690
8.12,9689
8.13,9688
8.15,9687
8.16,9686
8.17,9685
8.18,9684
8.20,9683
8.21,9682
8.22,9681
8.24,9680
8.25,9679
8.26,9678
8.28,9677
8.29,9676
8.30,9675
8.32,9674
8.33,9673
8.34,9672
8.36,9671
8.37,9670
8.39,9669
8.40,9668
8.41,9667
8.43,9666
8.44,9665
8.45,9664
8.47,9663
8.48,9662
8.49,9661
8.51,9660
8.52,9659
8.53,9658
8.55,9657
8.56,9656
8.58,9655
8.59,9654
8.60,9653
8.62,9652
8.63,9651
8.64,9650
8.66,9649
8.67,9648
8.68,9647
8.70,9646
8.71,9645
8.72,9644
8.74,9643
8.75,9642
8.77,9641
8.78,9640
8.79,9639
8.80,9638
8.82,9637
8.83,9636
8.85,9635
8.86,9634
8.87,9633
8.88,9632
8.90,9631
8.91,9630
8.93,9629
8.94,9628
8.95,9627
8.97,9626
8.98,9625
8.99,9624
9.01,9623
9.02,9622
9.03,9621
9.05,9620
9.06,9619
9.07,9618
9.09,9617
9.10,9616
9.11,9615
9.12,9614
9.13,9613
9.14,9612
9.15,9611
9.16,9610
9.18,9609
9.19,9608
9.20,9607
9.21,9606
9.22,9605
9.23,9604
9.24,9603
9.25,9602
9.26,9601
9.28,9600
9.29,9599
9.30,9598
9.31,9597
9.32,9596
9.33,9595
9.34,9594
9.35,9593
9.36,9592
9.37,9591
9.38,9590
9.40,9589
9.41,9588
9.42,9587
9.43,9586
9.44,9585
9.45,9584
9.46,9583
9.47,9582
9.48,9581
9.49,9580
9.50,9579
9.51,9578
9.53,9577
9.54,9576
9.55,9575
9.56,9574
9.57,9573
9.58,9572
9.59,9571
9.60,9570
9.61,9569
9.62,9568
9.63,9567
9.65,9566
9.66,9565
9.67,9564
9.68,9563
9.69,9562
9.70,9561
9.71,9560
9.72,9559
9.73,9558
9.74,9557
9.76,9556
9.77,9555
9.78,9554
9.79,9553
9.80,9552
9.81,9551
9.82,9550
9.83,9549
9.85,9548
9.86,9547
9.87,9546
9.88,9545
9.89,9544
9.90,9543
9.91,9542
9.92,9541
9.93,9540
9.94,9539
9.96,9538
9.97,9537
9.98,9536
9.99,9535
10.00,9534
10.01,9533
10.02,9532
10.03,9531
10.04,9530
10.06,9529
10.07,9528
10.08,9527
10.09,9526
10.10,9525
10.11,9524
10.12,9523
10.13,9522
10.14,9521
10.15,9520
10.17,9519
10.18,9518
10.19,9517
10.20,9516
10.21,9515
10.22,9514
10.23,9513
10.24,9512
10.25,9511
10.27,9510
10.28,9509
10.29,9508
10.30,9507
10.31,9506
10.32,9505
10.33,9504
10.34,9503
10.35,9502
10.37,9501
10.38,9500
10.39,9499
10.40,9498
10.41,9497
10.42,9496
10.43,9495
10.44,9494
10.45,9493
10.47,9492
10.48,9491
10.49,9490
10.50,9489
10.51,9488
10.52,9487
10.53,9486
10.54,9485
10.55,9484
10.57,9483
10.58,9482
10.59,9481
10.60,9480
10.61,9479
10.62,9478
10.63,9477
10.64,9476
10.65,9475
10.66,9474
10.68,9473
10.69,9472
10.70,9471
10.71,9470
10.72,9469
10.73,9468
10.74,9467
10.75,9466
10.76,9465
10.78,9464
10.79,9463
10.80,9462
10.81,9461
10.82,9460
10.83,9459
10.84,9458
10.85,9457
10.86,9456
10.87,9455
10.89,9454
10.90,9453
10.91,9452
10.92,9451
10.93,9450
10.94,9449
10.95,9448
10.96,9447
10.97,9446
10.99,9445
11.00,9444
11.01,9443
11.02,9442
11.03,9441
11.04,9440
11.05,9439
11.06,9438
11.07,9437
11.08,9436
11.10,9435
11.11,9434
11.12,9433
11.13,9432
11.14,9431
11.15,9430
11.16,9429
11.17,9428
11.18,9427
11.20,9426
11.21,9425
11.22,9424
11.23,9423
11.24,9422
11.25,9421
11.26,9420
11.27,9419
11.28,9418
11.29,9417
11.31,9416
11.32,9415
11.33,9414
11.34,9413
11.35,9412
11.36,9411
11.37,9410
11.38,9409
11.39,9408
11.40,9407
11.42,9406
11.43,9405
11.44,9404
11.45,9403
11.46,9402
11.47,9401
11.48,9400
11.49,9399
11.50,9398
11.52,9397
11.53,9396
11.54,9395
11.55,9394
11.56,9393
11.57,9392
11.58,9391
11.59,9390
11.60,9389
11.61,9388
11.62,9387
11.64,9386
11.65,9385
11.66,9384
11.67,9383
11.68,9382
11.69,9381
11.70,9380
11.71,9379
11.72,9378
11.73,9377
11.75,9376
11.76,9375
11.77,9374
11.78,9373
11.79,9372
11.80,9371
11.81,9370
11.82,9369
11.83,9368
11.84,9367
11.86,9366
11.87,9365
11.88,9364
11.89,9363
11.90,9362
11.91,9361
11.92,9360
11.93,9359
11.94,9358
11.95,9357
11.97,9356
11.98,9355
11.99,9354
12.00,9353
12.01,9352
12.02,9351
12.03,9350
12.04,9349
12.05,9348
12.06,9347
12.07,9346
12.09,9345
12.10,9344
12.11,9343
12.12,9342
12.13,9341
12.14,9340
12.15,9339
12.16,9338
12.17,9337
12.18,9336
12.20,9335
12.21,9334
12.22,9333
12.23,9332
12.24,9331
12.25,9330
12.26,9329
12.27,9328
12.28,9327
12.29,9326
12.30,9325
12.32,9324
12.33,9323
12.34,9322
12.35,9321
12.36,9320
12.37,9319
12.38,9318
12.39,9317
12.40,9316
12.41,9315
12.42,9314
12.44,9313
12.45,9312
12.46,9311
12.47,9310
12.48,9309
12.49,9308
12.50,9307
12.51,9306
12.52,9305
12.53,9304
12.55,9303
12.56,9302
12.57,9301
12.58,9300
12.59,9299
12.60,9298
12.61,9297
12.62,9296
12.63,9295
12.64,9294
12.66,9293
12.67,9292
12.68,9291
12.69,9290
12.70,9289
12.71,9288
12.72,9287
12.73,9286
12.74,9285
12.75,9284
12.76,9283
12.78,9282
12.79,9281
12.80,9280
12.81,9279
12.82,9278
12.83,9277
12.84,9276
12.85,9275
12.86,9274
12.88,9273
12.89,9272
12.90,9271
12.91,9270
12.92,9269
12.93,9268
12.94,9267
12.95,9266
12.96,9265
12.97,9264
12.99,9263
13.00,9262
13.01,9261
13.02,9260
13.03,9259
13.04,9258
13.05,9257
13.06,9256
13.07,9255
13.08,9254
13.10,9253
13.11,9252
13.12,9251
13.13,9250
13.14,9249
13.15,9248
13.16,9247
13.17,9246
13.18,9245
13.20,9244
13.21,9243
13.22,9242
13.23,9241
13.24,9240
13.25,9239
13.26,9238
13.27,9237
13.28,9236
13.30,9235
13.31,9234
13.32,9233
13.33,9232
13.34,9231
13.35,9230
13.36,9229
13.37,9228
13.38,9227
13.39,9226
13.41,9225
13.42,9224
13.43,9223
13.44,9222
13.45,9221
13.46,9220
13.47,9219
13.48,9218
13.49,9217
13.50,9216
13.52,9215
13.53,9214
13.54,9213
13.55,9212
13.56,9211
13.57,9210
13.58,9209
13.59,9208
13.60,9207
13.61,9206
13.63,9205
13.64,9204
13.65,9203
13.66,9202
13.67,9201
13.68,9200
13.69,9199
13.70,9198
13.71,9197
13.72,9196
13.73,9195
13.75,9194
13.76,9193
13.77,9192
13.78,9191
13.79,9190
13.80,9189
13.81,9188
13.82,9187
13.83,9186
13.84,9185
13.85,9184
13.86,9183
13.87,9182
13.89,9181
13.90,9180
13.91,9179
13.92,9178
13.93,9177
13.94,9176
13.95,9175
13.96,9174
13.97,9173
13.98,9172
13.99,9171
14.01,9170
14.02,9169
14.03,9168
14.04,9167
14.05,9166
14.06,9165
14.07,9164
14.08,9163
14.09,9162
14.10,9161
14.12,9160
14.13,9159
14.14,9158
14.15,9157
14.16,9156
14.17,9155
14.18,9154
14.19,9153
14.20,9152
14.21,9151
14.23,9150
14.24,9149
14.25,9148
14.26,9147
14.27,9146
14.28,9145
14.29,9144
14.30,9143
14.31,9142
14.32,9141
14.33,9140
14.35,9139
14.36,9138
14.37,9137
14.38,9136
14.39,9135
14.40,9134
14.41,9133
14.43,9132
14.44,9131
14.45,9130
14.46,9129
14.47,9128
14.48,9127
14.50,9126
14.51,9125
14.52,9124
14.53,9123
14.54,9122
14.55,9121
14.56,9120
14.57,9119
14.58,9118
14.59,9117
14.60,9116
14.61,9115
14.63,9114
14.64,9113
14.65,9112
14.66,9111
14.67,9110
14.68,9109
14.69,9108
14.70,9107
14.71,9106
14.72,9105
14.73,9104
14.75,9103
14.76,9102
14.77,9101
14.78,9100
14.79,9099
14.80,9098
14.81,9097
14.82,9096
14.83,9095
14.84,9094
14.86,9093
14.87,9092
14.88,9091
14.89,9090
14.90,9089
14.91,9088
14.92,9087
14.93,9086
14.94,9085
14.95,9084
14.96,9083
14.97,9082
14.99,9081
15.00,9080
15.01,9079
15.02,9078
15.03,9077
15.04,9076
15.05,9075
15.06,9074
15.07,9073
15.08,9072
15.09,9071
15.11,9070
15.12,9069
15.13,9068
15.14,9067
15.15,9066
15.16,9065
15.17,9064
15.18,9063
15.19,9062
15.20,9061
15.21,9060
15.22,9059
15.23,9058
15.25,9057
15.26,9056
15.27,9055
15.28,9054
15.29,9053
15.30,9052
15.31,9051
15.32,9050
15.33,9049
15.34,9048
15.35,9047
15.37,9046
15.38,9045
15.39,9044
15.40,9043
15.41,9042
15.42,9041
15.43,9040
15.44,9039
15.45,9038
15.46,9037
15.47,9036
15.48,9035
15.49,9034
15.51,9033
15.52,9032
15.53,9031
15.54,9030
15.55,9029
15.56,9028
15.57,9027
15.58,9026
15.59,9025
15.60,9024
15.61,9023
15.62,9022
15.64,9021
15.65,9020
15.66,9019
15.67,9018
15.68,9017
15.69,9016
15.70,9015
15.71,9014
15.72,9013
15.73,9012
15.74,9011
15.76,9010
15.77,9009
15.78,9008
15.79,9007
15.80,9006
15.81,9005
15.82,9004
15.83,9003
15.84,9002
15.86,9001
15.87,9000
15.88,8999
15.89,8998
15.90,8997
15.91,8996
15.92,8995
15.93,8994
15.94,8993
15.95,8992
15.97,8991
15.98,8990
15.99,8989
16.00,8988
16.01,8987
16.02,8986
16.03,8985
16.04,8984
16.05,8983
16.07,8982
16.08,8981
16.09,8980
16.10,8979
16.11,8978
16.12,8977
16.13,8976
16.14,8975
16.15,8974
16.16,8973
16.18,8972
16.19,8971
16.20,8970
16.21,8969
16.22,8968
16.23,8967
16.24,8966
16.25,8965
16.26,8964
16.27,8963
16.29,8962
16.30,8961
16.31,8960
16.32,8959
16.33,8958
16.34,8957
16.35,8956
16.36,8955
16.37,8954
16.39,8953
16.40,8952
16.41,8951
16.42,8950
16.43,8949
16.44,8948
16.45,8947
16.46,8946
16.47,8945
16.48,8944
16.49,8943
16.50,8942
16.51,8941
16.53,8940
16.54,8939
16.55,8938
16.56,8937
16.57,8936
16.58,8935
16.59,8934
16.60,8933
16.61,8932
16.62,8931
16.63,8930
16.64,8929
16.65,8928
16.66,8927
16.67,8926
16.68,8925
16.69,8924
16.70,8923
16.71,8922
16.72,8921
16.73,8920
16.74,8919
16.76,8918
16.77,8917
16.78,8916
16.79,8915
16.80,8914
16.81,8913
16.82,8912
16.83,8911
16.84,8910
16.85,8909
16.86,8908
16.87,8907
16.88,8906
16.89,8905
16.90,8904
16.91,8903
16.92,8902
16.93,8901
16.94,8900
16.95,8899
16.97,8898
16.98,8897
16.99,8896
17.00,8895
17.01,8894
17.02,8893
17.03,8892
17.04,8891
17.05,8890
17.06,8889
17.07,8888
17.08,8887
17.10,8886
17.11,8885
17.12,8884
17.13,8883
17.14,8882
17.15,8881
17.16,8880
17.17,8879
17.18,8878
17.19,8877
17.20,8876
17.21,8875
17.23,8874
17.24,8873
17.25,8872
17.26,8871
17.27,8870
17.28,8869
17.29,8868
17.30,8867
17.31,8866
17.32,8865
17.34,8864
17.35,8863
17.36,8862
17.37,8861
17.38,8860
17.39,8859
17.40,8858
17.41,8857
17.42,8856
17.43,8855
17.44,8854
17.45,8853
17.47,8852
17.48,8851
17.49,8850
17.50,8849
17.51,8848
17.52,8847
17.53,8846
17.54,8845
17.55,8844
17.56,8843
17.57,8842
17.58,8841
17.60,8840
17.61,8839
17.62,8838
17.63,8837
17.64,8836
17.65,8835
17.66,8834
17.67,8833
17.68,8832
17.69,8831
17.71,8830
17.72,8829
17.73,8828
17.74,8827
17.75,8826
17.76,8825
17.77,8824
17.78,8823
17.79,8822
17.80,8821
17.81,8820
17.83,8819
17.84,8818
17.85,8817
17.86,8816
17.87,8815
17.88,8814
17.89,8813
17.90,8812
17.91,8811
17.92,8810
17.93,8809
17.95,8808
17.96,8807
17.97,8806
17.98,8805
17.99,8804
18.00,8803
18.01,8802
18.02,8801
18.03,8800
18.04,8799
18.06,8798
18.07,8797
18.08,8796
18.09,8795
18.10,8794
18.11,8793
18.12,8792
18.13,8791
18.14,8790
18.15,8789
18.16,8788
18.17,8787
18.19,8786
18.20,8785
18.21,8784
18.22,8783
18.23,8782
18.24,8781
18.25,8780
18.26,8779
18.27,8778
18.28,8777
18.29,8776
18.30,8775
18.32,8774
18.33,8773
18.34,8772
18.35,8771
18.36,8770
18.37,8769
18.38,8768
18.39,8767
18.40,8766
18.41,8765
18.42,8764
18.44,8763
18.45,8762
18.46,8761
18.47,8760
18.48,8759
18.49,8758
18.50,8757
18.51,8756
18.52,8755
18.53,8754
18.55,8753
18.56,8752
18.57,8751
18.58,8750
18.59,8749
18.60,8748
18.61,8747
18.62,8746
18.63,8745
18.64,8744
18.65,8743
18.66,8742
18.67,8741
18.69,8740
18.70,8739
18.71,8738
18.72,8737
18.73,8736
18.74,8735
18.75,8734
18.76,8733
18.77,8732
18.78,8731
18.79,8730
18.81,8729
18.82,8728
18.83,8727
18.84,8726
18.85,8725
18.86,8724
18.87,8723
18.88,8722
18.89,8721
18.90,8720
18.91,8719
18.93,8718
18.94,8717
18.95,8716
18.96,8715
18.97,8714
18.98,8713
18.99,8712
19.00,8711
19.01,8710
19.02,8709
19.03,8708
19.04,8707
19.06,8706
19.07,8705
19.08,8704
19.09,8703
19.10,8702
19.11,8701
19.12,8700
19.13,8699
19.14,8698
19.15,8697
19.16,8696
19.17,8695
19.19,8694
19.20,8693
19.21,8692
19.22,8691
19.23,8690
19.24,8689
19.25,8688
19.26,8687
19.27,8686
19.28,8685
19.29,8684
19.30,8683
19.32,8682
19.33,8681
19.34,8680
19.35,8679
19.36,8678
19.37,8677
19.38,8676
19.39,8675
19.40,8674
19.41,8673
19.42,8672
19.43,8671
19.44,8670
19.45,8669
19.46,8668
19.48,8667
19.49,8666
19.50,8665
19.51,8664
19.52,8663
19.53,8662
19.54,8661
19.55,8660
19.56,8659
19.57,8658
19.58,8657
19.59,8656
19.61,8655
19.62,8654
19.63,8653
19.64,8652
19.65,8651
19.66,8650
19.67,8649
19.68,8648
19.69,8647
19.70,8646
19.71,8645
19.72,8644
19.73,8643
19.75,8642
19.76,8641
19.77,8640
19.78,8639
19.79,8638
19.80,8637
19.81,8636
19.82,8635
19.83,8634
19.84,8633
19.85,8632
19.86,8631
19.87,8630
19.88,8629
19.90,8628
19.91,8627
19.92,8626
19.93,8625
19.94,8624
19.95,8623
19.96,8622
19.97,8621
19.98,8620
19.99,8619
20.00,8618
20.02,8617
20.03,8616
20.04,8615
20.05,8614
20.06,8613
20.07,8612
20.08,8611
20.09,8610
20.10,8609
20.11,8608
20.12,8607
20.14,8606
20.15,8605
20.16,8604
20.17,8603
20.18,8602
20.19,8601
20.20,8600
20.21,8599
20.22,8598
20.23,8597
20.24,8596
20.25,8595
20.27,8594
20.28,8593
20.29,8592
20.30,8591
20.31,8590
20.32,8589
20.33,8588
20.34,8587
20.35,8586
20.37,8585
20.38,8584
20.39,8583
20.40,8582
20.41,8581
20.42,8580
20.43,8579
20.44,8578
20.45,8577
20.46,8576
20.47,8575
20.48,8574
20.49,8573
20.51,8572
20.52,8571
20.53,8570
20.54,8569
20.55,8568
20.56,8567
20.57,8566
20.58,8565
20.59,8564
20.60,8563
20.61,8562
20.62,8561
20.64,8560
20.65,8559
20.66,8558
20.67,8557
20.68,8556
20.69,8555
20.70,8554
20.71,8553
20.72,8552
20.73,8551
20.74,8550
20.76,8549
20.77,8548
20.78,8547
20.79,8546
20.80,8545
20.81,8544
20.82,8543
20.83,8542
20.84,8541
20.85,8540
20.86,8539
20.87,8538
20.89,8537
20.90,8536
20.91,8535
20.92,8534
20.93,8533
20.94,8532
20.95,8531
20.96,8530
20.97,8529
20.98,8528
20.99,8527
21.01,8526
21.02,8525
21.03,8524
21.04,8523
21.05,8522
21.06,8521
21.07,8520
21.08,8519
21.09,8518
21.10,8517
21.11,8516
21.12,8515
21.14,8514
21.15,8513
21.16,8512
21.17,8511
21.18,8510
21.19,8509
21.20,8508
21.21,8507
21.22,8506
21.23,8505
21.25,8504
21.26,8503
21.27,8502
21.28,8501
21.29,8500
21.30,8499
21.31,8498
21.32,8497
21.33,8496
21.34,8495
21.36,8494
21.37,8493
21.38,8492
21.39,8491
21.40,8490
21.41,8489
21.42,8488
21.43,8487
21.44,8486
21.45,8485
21.46,8484
21.47,8483
21.49,8482
21.50,8481
21.51,8480
21.52,8479
21.53,8478
21.54,8477
21.55,8476
21.56,8475
21.57,8474
21.58,8473
21.59,8472
21.60,8471
21.61,8470
21.62,8469
21.63,8468
21.64,8467
21.65,8466
21.66,8465
21.67,8464
21.68,8463
21.70,8462
21.71,8461
21.72,8460
21.73,8459
21.74,8458
21.75,8457
21.76,8456
21.77,8455
21.78,8454
21.79,8453
21.80,8452
21.81,8451
21.82,8450
21.83,8449
21.84,8448
21.85,8447
21.86,8446
21.87,8445
21.89,8444
21.90,8443
21.91,8442
21.92,8441
21.93,8440
21.94,8439
21.95,8438
21.96,8437
21.97,8436
21.98,8435
21.99,8434
22.01,8433
22.02,8432
22.03,8431
22.04,8430
22.05,8429
22.06,8428
22.07,8427
22.08,8426
22.09,8425
22.10,8424
22.11,8423
22.12,8422
22.14,8421
22.15,8420
22.16,8419
22.17,8418
22.18,8417
22.19,8416
22.20,8415
22.21,8414
22.22,8413
22.23,8412
22.24,8411
22.25,8410
22.27,8409
22.28,8408
22.29,8407
22.30,8406
22.31,8405
22.32,8404
22.33,8403
22.34,8402
22.35,8401
22.36,8400
22.37,8399
22.38,8398
22.40,8397
22.41,8396
22.42,8395
22.43,8394
22.44,8393
22.45,8392
22.46,8391
22.47,8390
22.48,8389
22.49,8388
22.50,8387
22.51,8386
22.53,8385
22.54,8384
22.55,8383
22.56,8382
22.57,8381
22.58,8380
22.59,8379
22.60,8378
22.61,8377
22.62,8376
22.63,8375
22.65,8374
22.66,8373
22.67,8372
22.68,8371
22.69,8370
22.70,8369
22.71,8368
22.72,8367
22.73,8366
22.74,8365
22.75,8364
22.76,8363
22.77,8362
22.79,8361
22.80,8360
22.81,8359
22.82,8358
22.83,8357
22.84,8356
22.85,8355
22.86,8354
22.87,8353
22.88,8352
22.89,8351
22.91,8350
22.92,8349
22.93,8348
22.94,8347
22.95,8346
22.96,8345
22.97,8344
22.98,8343
22.99,8342
23.01,8341
23.02,8340
23.03,8339
23.04,8338
23.05,8337
23.06,8336
23.07,8335
23.08,8334
23.09,8333
23.10,8332
23.11,8331
23.12,8330
23.14,8329
23.15,8328
23.16,8327
23.17,8326
23.18,8325
23.19,8324
23.20,8323
23.21,8322
23.22,8321
23.23,8320
23.24,8319
23.25,8318
23.26,8317
23.28,8316
23.29,8315
23.30,8314
23.31,8313
23.32,8312
23.33,8311
23.34,8310
23.35,8309
23.36,8308
23.37,8307
23.38,8306
23.39,8305
23.41,8304
23.42,8303
23.43,8302
23.44,8301
23.45,8300
23.46,8299
23.47,8298
23.48,8297
23.49,8296
23.50,8295
23.51,8294
23.52,8293
23.54,8292
23.55,8291
23.56,8290
23.57,8289
23.58,8288
23.59,8287
23.60,8286
23.61,8285
23.62,8284
23.63,8283
23.64,8282
23.65,8281
23.66,8280
23.67,8279
23.69,8278
23.70,8277
23.71,8276
23.72,8275
23.73,8274
23.74,8273
23.75,8272
23.76,8271
23.77,8270
23.78,8269
23.79,8268
23.81,8267
23.82,8266
23.83,8265
23.84,8264
23.85,8263
23.86,8262
23.87,8261
23.88,8260
23.89,8259
23.90,8258
23.91,8257
23.92,8256
23.93,8255
23.95,8254
23.96,8253
23.97,8252
23.98,8251
23.99,8250
24.00,8249
24.01,8248
24.02,8247
24.03,8246
24.04,8245
24.05,8244
24.06,8243
24.08,8242
24.09,8241
24.10,8240
24.11,8239
24.12,8238
24.13,8237
24.14,8236
24.15,8235
24.16,8234
24.17,8233
24.18,8232
24.19,8231
24.20,8230
24.22,8229
24.23,8228
24.24,8227
24.25,8226
24.26,8225
24.27,8224
24.28,8223
24.29,8222
24.30,8221
24.31,8220
24.32,8219
24.33,8218
24.35,8217
24.36,8216
24.37,8215
24.38,8214
24.39,8213
24.40,8212
24.41,8211
24.42,8210
24.43,8209
24.44,8208
24.45,8207
24.46,8206
24.47,8205
24.49,8204
24.50,8203
24.51,8202
24.52,8201
24.53,8200
24.54,8199
24.55,8198
24.56,8197
24.57,8196
24.58,8195
24.59,8194
24.60,8193
24.61,8192
24.62,8191
24.64,8190
24.65,8189
24.66,8188
24.67,8187
24.68,8186
24.69,8185
24.71,8184
24.72,8183
24.73,8182
24.74,8181
24.75,8180
24.76,8179
24.77,8178
24.78,8177
24.79,8176
24.80,8175
24.81,8174
24.83,8173
24.84,8172
24.85,8171
24.86,8170
24.87,8169
24.88,8168
24.89,8167
24.90,8166
24.91,8165
24.92,8164
24.93,8163
24.94,8162
24.95,8161
24.97,8160
24.98,8159
24.99,8158
25.00,8157
25.01,8156
25.02,8155
25.03,8154
25.04,8153
25.05,8152
25.06,8151
25.07,8150
25.09,8149
25.10,8148
25.11,8147
25.12,8146
25.13,8145
25.14,8144
25.15,8143
25.16,8142
25.17,8141
25.18,8140
25.19,8139
25.20,8138
25.21,8137
25.23,8136
25.24,8135
25.25,8134
25.26,8133
25.27,8132
25.28,8131
25.29,8130
25.30,8129
25.31,8128
25.32,8127
25.33,8126
25.35,8125
25.36,8124
25.37,8123
25.38,8122
25.39,8121
25.40,8120
25.41,8119
25.42,8118
25.43,8117
25.44,8116
25.45,8115
25.46,8114
25.47,8113
25.48,8112
25.49,8111
25.51,8110
25.52,8109
25.53,8108
25.54,8107
25.55,8106
25.56,8105
25.57,8104
25.58,8103
25.59,8102
25.60,8101
25.61,8100
25.62,8099
25.64,8098
25.65,8097
25.66,8096
25.67,8095
25.68,8094
25.69,8093
25.70,8092
25.71,8091
25.72,8090
25.73,8089
25.74,8088
25.75,8087
25.76,8086
25.77,8085
25.78,8084
25.79,8083
25.81,8082
25.82,8081
25.83,8080
25.84,8079
25.85,8078
25.86,8077
25.87,8076
25.88,8075
25.89,8074
25.90,8073
25.91,8072
25.92,8071
25.93,8070
25.94,8069
25.95,8068
25.96,8067
25.97,8066
25.98,8065
25.99,8064
26.00,8063
26.01,8062
26.02,8061
26.03,8060
26.05,8059
26.06,8058
26.07,8057
26.08,8056
26.09,8055
26.10,8054
26.11,8053
26.12,8052
26.13,8051
26.14,8050
26.15,8049
26.16,8048
26.18,8047
26.19,8046
26.20,8045
26.21,8044
26.22,8043
26.23,8042
26.24,8041
26.25,8040
26.26,8039
26.27,8038
26.28,8037
26.30,8036
26.31,8035
26.32,8034
26.33,8033
26.34,8032
26.35,8031
26.36,8030
26.37,8029
26.38,8028
26.39,8027
26.40,8026
26.41,8025
26.43,8024
26.44,8023
26.45,8022
26.46,8021
26.47,8020
26.48,8019
26.49,8018
26.50,8017
26.51,8016
26.52,8015
26.53,8014
26.54,8013
26.56,8012
26.57,8011
26.58,8010
26.59,8009
26.60,8008
26.61,8007
26.62,8006
26.63,8005
26.64,8004
26.66,8003
26.67,8002
26.68,8001
26.69,8000
26.70,7999
26.71,7998
26.72,7997
26.73,7996
26.74,7995
26.75,7994
26.77,7993
26.78,7992
26.79,7991
26.80,7990
26.81,7989
26.82,7988
26.83,7987
26.84,7986
26.85,7985
26.86,7984
26.87,7983
26.89,7982
26.90,7981
26.91,7980
26.92,7979
26.93,7978
26.94,7977
26.95,7976
26.96,7975
26.97,7974
26.98,7973
26.99,7972
27.00,7971
27.01,7970
27.02,7969
27.04,7968
27.05,7967
27.06,7966
27.07,7965
27.08,7964
27.09,7963
27.10,7962
27.11,7961
27.12,7960
27.13,7959
27.14,7958
27.15,7957
27.16,7956
27.17,7955
27.19,7954
27.20,7953
27.21,7952
27.22,7951
27.23,7950
27.24,7949
27.25,7948
27.26,7947
27.27,7946
27.28,7945
27.29,7944
27.30,7943
27.32,7942
27.33,7941
27.34,7940
27.35,7939
27.36,7938
27.37,7937
27.38,7936
27.39,7935
27.40,7934
27.41,7933
27.42,7932
27.43,7931
27.44,7930
27.45,7929
27.46,7928
27.48,7927
27.49,7926
27.50,7925
27.51,7924
27.52,7923
27.53,7922
27.54,7921
27.55,7920
27.56,7919
27.57,7918
27.58,7917
27.59,7916
27.61,7915
27.62,7914
27.63,7913
27.64,7912
27.65,7911
27.66,7910
27.67,7909
27.68,7908
27.69,7907
27.70,7906
27.71,7905
27.73,7904
27.74,7903
27.75,7902
27.76,7901
27.77,7900
27.78,7899
27.79,7898
27.80,7897
27.81,7896
27.82,7895
27.83,7894
27.84,7893
27.86,7892
27.87,7891
27.88,7890
27.89,7889
27.90,7888
27.91,7887
27.92,7886
27.93,7885
27.94,7884
27.95,7883
27.97,7882
27.98,7881
27.99,7880
28.00,7879
28.01,7878
28.02,7877
28.03,7876
28.04,7875
28.05,7874
28.06,7873
28.08,7872
28.09,7871
28.10,7870
28.11,7869
28.12,7868
28.13,7867
28.14,7866
28.15,7865
28.16,7864
28.17,7863
28.18,7862
28.20,7861
28.21,7860
28.22,7859
28.23,7858
28.24,7857
28.25,7856
28.26,7855
28.27,7854
28.28,7853
28.29,7852
28.30,7851
28.32,7850
28.33,7849
28.34,7848
28.35,7847
28.36,7846
28.37,7845
28.38,7844
28.39,7843
28.40,7842
28.41,7841
28.42,7840
28.43,7839
28.45,7838
28.46,7837
28.47,7836
28.48,7835
28.49,7834
28.50,7833
28.51,7832
28.52,7831
28.53,7830
28.54,7829
28.55,7828
28.56,7827
28.58,7826
28.59,7825
28.60,7824
28.61,7823
28.62,7822
28.63,7821
28.64,7820
28.65,7819
28.66,7818
28.67,7817
28.68,7816
28.69,7815
28.70,7814
28.71,7813
28.72,7812
28.73,7811
28.75,7810
28.76,7809
28.77,7808
28.78,7807
28.79,7806
28.80,7805
28.81,7804
28.82,7803
28.83,7802
28.84,7801
28.85,7800
28.86,7799
28.87,7798
28.88,7797
28.89,7796
28.90,7795
28.91,7794
28.93,7793
28.94,7792
28.95,7791
28.96,7790
28.97,7789
28.98,7788
28.99,7787
29.00,7786
29.01,7785
29.02,7784
29.03,7783
29.04,7782
29.06,7781
29.07,7780
29.08,7779
29.09,7778
29.10,7777
29.11,7776
29.12,7775
29.13,7774
29.14,7773
29.15,7772
29.17,7771
29.18,7770
29.19,7769
29.20,7768
29.21,7767
29.22,7766
29.23,7765
29.24,7764
29.25,7763
29.26,7762
29.27,7761
29.28,7760
29.30,7759
29.31,7758
29.32,7757
29.33,7756
29.34,7755
29.35,7754
29.36,7753
29.37,7752
29.38,7751
29.39,7750
29.40,7749
29.42,7748
29.43,7747
29.44,7746
29.45,7745
29.46,7744
29.47,7743
29.48,7742
29.49,7741
29.50,7740
29.51,7739
29.52,7738
29.54,7737
29.55,7736
29.56,7735
29.57,7734
29.58,7733
29.59,7732
29.60,7731
29.61,7730
29.62,7729
29.63,7728
29.64,7727
29.65,7726
29.67,7725
29.68,7724
29.69,7723
29.70,7722
29.71,7721
29.72,7720
29.73,7719
29.74,7718
29.75,7717
29.76,7716
29.77,7715
29.78,7714
29.79,7713
29.81,7712
29.82,7711
29.83,7710
29.84,7709
29.85,7708
29.86,7707
29.87,7706
29.88,7705
29.89,7704
29.90,7703
29.91,7702
29.92,7701
29.94,7700
29.95,7699
29.96,7698
29.97,7697
29.98,7696
29.99,7695
30.00,7694
30.01,7693
30.02,7692
30.03,7691
30.04,7690
30.05,7689
30.06,7688
30.07,7687
30.09,7686
30.10,7685
30.11,7684
30.12,7683
30.13,7682
30.14,7681
30.15,7680
30.16,7679
30.17,7678
30.18,7677
30.19,7676
30.20,7675
30.21,7674
30.23,7673
30.24,7672
30.25,7671
30.26,7670
30.27,7669
30.28,7668
30.29,7667
30.30,7666
30.31,7665
30.32,7664
30.33,7663
30.34,7662
30.35,7661
30.36,7660
30.37,7659
30.38,7658
30.40,7657
30.41,7656
30.42,7655
30.43,7654
30.44,7653
30.45,7652
30.46,7651
30.47,7650
30.48,7649
30.49,7648
30.50,7647
30.52,7646
30.53,7645
30.54,7644
30.55,7643
30.56,7642
30.57,7641
30.58,7640
30.59,7639
30.60,7638
30.61,7637
30.62,7636
30.64,7635
30.65,7634
30.66,7633
30.67,7632
30.68,7631
30.69,7630
30.70,7629
30.71,7628
30.72,7627
30.73,7626
30.74,7625
30.75,7624
30.76,7623
30.77,7622
30.78,7621
30.80,7620
30.81,7619
30.82,7618
30.83,7617
30.84,7616
30.85,7615
30.86,7614
30.87,7613
30.88,7612
30.89,7611
30.90,7610
30.91,7609
30.92,7608
30.93,7607
30.95,7606
30.96,7605
30.97,7604
30.98,7603
30.99,7602
31.00,7601
31.01,7600
31.02,7599
31.03,7598
31.04,7597
31.05,7596
31.06,7595
31.10,7594
31.11,7593
31.12,7592
31.13,7591
31.14,7590
31.15,7589
31.16,7588
31.18,7587
31.19,7586
31.20,7585
31.21,7584
31.22,7583
31.23,7582
31.24,7581
31.25,7580
31.26,7579
31.28,7578
31.29,7577
31.30,7576
31.31,7575
31.32,7574
31.33,7573
31.34,7572
31.35,7571
31.37,7570
31.38,7569
31.39,7568
31.40,7567
31.41,7566
31.42,7565
31.43,7564
31.44,7563
31.45,7562
31.46,7561
31.48,7560
31.49,7559
31.50,7558
31.51,7557
31.52,7556
31.53,7555
31.54,7554
31.55,7553
31.56,7552
31.57,7551
31.59,7550
31.60,7549
31.61,7548
31.62,7547
31.63,7546
31.64,7545
31.65,7544
31.66,7543
31.68,7542
31.69,7541
31.70,7540
31.71,7539
31.72,7538
31.73,7537
31.74,7536
31.75,7535
31.76,7534
31.77,7533
31.78,7532
31.80,7531
31.81,7530
31.82,7529
31.83,7528
31.84,7527
31.85,7526
31.86,7525
31.87,7524
31.88,7523
31.89,7522
31.90,7521
31.92,7520
31.93,7519
31.94,7518
31.95,7517
31.96,7516
31.97,7515
31.98,7514
31.99,7513
32.00,7512
32.01,7511
32.02,7510
32.04,7509
32.05,7508
32.06,7507
32.07,7506
32.08,7505
32.09,7504
32.10,7503
32.11,7502
32.12,7501
32.14,7500
32.15,7499
32.16,7498
32.17,7497
32.18,7496
32.19,7495
32.20,7494
32.21,7493
32.22,7492
32.23,7491
32.24,7490
32.26,7489
32.27,7488
32.28,7487
32.29,7486
32.30,7485
32.31,7484
32.32,7483
32.33,7482
32.34,7481
32.35,7480
32.36,7479
32.38,7478
32.39,7477
32.40,7476
32.41,7475
32.42,7474
32.43,7473
32.44,7472
32.45,7471
32.46,7470
32.47,7469
32.49,7468
32.50,7467
32.51,7466
32.52,7465
32.53,7464
32.54,7463
32.55,7462
32.56,7461
32.57,7460
32.59,7459
32.60,7458
32.61,7457
32.62,7456
32.63,7455
32.64,7454
32.65,7453
32.66,7452
32.67,7451
32.69,7450
32.70,7449
32.71,7448
32.72,7447
32.73,7446
32.74,7445
32.75,7444
32.76,7443
32.77,7442
32.78,7441
32.80,7440
32.81,7439
32.82,7438
32.83,7437
32.84,7436
32.85,7435
32.86,7434
32.87,7433
32.88,7432
32.89,7431
32.90,7430
32.92,7429
32.93,7428
32.94,7427
32.95,7426
32.96,7425
32.97,7424
32.98,7423
32.99,7422
33.00,7421
33.02,7420
33.03,7419
33.04,7418
33.05,7417
33.06,7416
33.07,7415
33.08,7414
33.09,7413
33.10,7412
33.12,7411
33.13,7410
33.14,7409
33.15,7408
33.16,7407
33.17,7406
33.18,7405
33.19,7404
33.20,7403
33.21,7402
33.23,7401
33.24,7400
33.25,7399
33.26,7398
33.27,7397
33.28,7396
33.29,7395
33.30,7394
33.31,7393
33.33,7392
33.34,7391
33.35,7390
33.36,7389
33.37,7388
33.38,7387
33.39,7386
33.40,7385
33.41,7384
33.42,7383
33.44,7382
33.45,7381
33.46,7380
33.47,7379
33.48,7378
33.49,7377
33.50,7376
33.51,7375
33.52,7374
33.54,7373
33.55,7372
33.56,7371
33.57,7370
33.58,7369
33.59,7368
33.60,7367
33.61,7366
33.62,7365
33.63,7364
33.65,7363
33.66,7362
33.67,7361
33.68,7360
33.69,7359
33.70,7358
33.71,7357
33.72,7356
33.73,7355
33.74,7354
33.76,7353
33.77,7352
33.78,7351
33.79,7350
33.80,7349
33.81,7348
33.82,7347
33.83,7346
33.84,7345
33.86,7344
33.87,7343
33.88,7342
33.89,7341
33.90,7340
33.91,7339
33.92,7338
33.93,7337
33.94,7336
33.96,7335
33.97,7334
33.98,7333
33.99,7332
34.00,7331
34.01,7330
34.02,7329
34.03,7328
34.04,7327
34.06,7326
34.07,7325
34.08,7324
34.09,7323
34.10,7322
34.12,7321
34.13,7320
34.14,7319
34.15,7318
34.16,7317
34.17,7316
34.18,7315
34.19,7314
34.21,7313
34.22,7312
34.23,7311
34.24,7310
34.25,7309
34.26,7308
34.27,7307
34.28,7306
34.29,7305
34.31,7304
34.32,7303
34.33,7302
34.34,7301
34.35,7300
34.36,7299
34.37,7298
34.38,7297
34.39,7296
34.40,7295
34.42,7294
34.43,7293
34.44,7292
34.45,7291
34.46,7290
34.47,7289
34.48,7288
34.49,7287
34.50,7286
34.51,7285
34.52,7284
34.54,7283
34.55,7282
34.56,7281
34.57,7280
34.58,7279
34.59,7278
34.60,7277
34.61,7276
34.62,7275
34.63,7274
34.65,7273
34.66,7272
34.67,7271
34.68,7270
34.69,7269
34.70,7268
34.71,7267
34.72,7266
34.73,7265
34.75,7264
34.76,7263
34.77,7262
34.78,7261
34.79,7260
34.80,7259
34.81,7258
34.82,7257
34.83,7256
34.84,7255
34.86,7254
34.87,7253
34.88,7252
34.89,7251
34.90,7250
34.91,7249
34.92,7248
34.93,7247
34.94,7246
34.95,7245
34.96,7244
34.98,7243
34.99,7242
35.00,7241
35.01,7240
35.02,7239
35.03,7238
35.04,7237
35.05,7236
35.06,7235
35.07,7234
35.08,7233
35.10,7232
35.11,7231
35.12,7230
35.13,7229
35.14,7228
35.15,7227
35.16,7226
35.17,7225
35.18,7224
35.19,7223
35.21,7222
35.22,7221
35.23,7220
35.24,7219
35.25,7218
35.26,7217
35.27,7216
35.28,7215
35.29,7214
35.30,7213
35.32,7212
35.33,7211
35.34,7210
35.35,7209
35.36,7208
35.37,7207
35.38,7206
35.39,7205
35.40,7204
35.41,7203
35.42,7202
35.44,7201
35.45,7200
35.46,7199
35.47,7198
35.48,7197
35.49,7196
35.50,7195
35.51,7194
35.52,7193
35.53,7192
35.54,7191
35.55,7190
35.57,7189
35.58,7188
35.59,7187
35.60,7186
35.61,7185
35.62,7184
35.63,7183
35.64,7182
35.65,7181
35.66,7180
35.67,7179
35.69,7178
35.70,7177
35.71,7176
35.72,7175
35.73,7174
35.74,7173
35.75,7172
35.76,7171
35.77,7170
35.78,7169
35.79,7168
35.80,7167
35.82,7166
35.83,7165
35.84,7164
35.85,7163
35.86,7162
35.87,7161
35.88,7160
35.89,7159
35.90,7158
35.91,7157
35.92,7156
35.94,7155
35.95,7154
35.96,7153
35.97,7152
35.98,7151
35.99,7150
36.00,7149
36.01,7148
36.02,7147
36.03,7146
36.04,7145
36.05,7144
36.07,7143
36.08,7142
36.09,7141
36.10,7140
36.11,7139
36.12,7138
36.13,7137
36.14,7136
36.15,7135
36.16,7134
36.18,7133
36.19,7132
36.20,7131
36.21,7130
36.22,7129
36.23,7128
36.24,7127
36.25,7126
36.26,7125
36.27,7124
36.28,7123
36.29,7122
36.31,7121
36.32,7120
36.33,7119
36.34,7118
36.35,7117
36.36,7116
36.37,7115
36.38,7114
36.39,7113
36.40,7112
36.41,7111
36.43,7110
36.44,7109
36.45,7108
36.46,7107
36.47,7106
36.48,7105
36.49,7104
36.50,7103
36.51,7102
36.52,7101
36.53,7100
36.54,7099
36.56,7098
36.57,7097
36.58,7096
36.59,7095
36.60,7094
36.61,7093
36.62,7092
36.64,7091
36.65,7090
36.67,7089
36.69,7088
36.70,7087
36.71,7086
36.72,7085
36.73,7084
36.77,7083
36.78,7082
36.79,7081
36.80,7080
36.81,7079
36.82,7078
36.83,7077
36.84,7076
36.85,7075
36.87,7074
36.88,7073
36.89,7072
36.90,7071
36.91,7070
36.92,7069
36.93,7068
36.94,7067
36.95,7066
36.96,7065
36.97,7064
36.98,7063
36.99,7062
37.00,7061
37.02,7060
37.03,7059
37.04,7058
37.05,7057
37.06,7056
37.07,7055
37.08,7054
37.09,7053
37.11,7052
37.12,7051
37.13,7050
37.14,7049
37.16,7048
37.17,7047
37.18,7046
37.20,7045
37.21,7044
37.22,7043
37.23,7042
37.24,7041
37.28,7040
37.29,7039
37.31,7038
37.34,7037
37.35,7036
37.52,7035
37.56,7034
37.57,7033
