1.46,10228
1.56,10227
1.58,10226
1.60,10225
1.62,10224
1.64,10223
1.66,10222
1.68,10221
1.69,10220
1.71,10219
1.72,10218
1.73,10217
1.75,10216
1.76,10215
1.78,10214
1.79,10213
1.80,10212
1.81,10211
1.83,10210
1.84,10209
1.85,10208
1.87,10207
1.88,10206
1.89,10205
1.91,10204
1.92,10203
1.93,10202
1.96,10201
1.97,10200
1.98,10199
1.99,10198
2.01,10197
2.02,10196
2.03,10195
2.04,10194
2.05,10193
2.07,10192
2.08,10191
2.09,10190
2.10,10189
2.12,10188
2.13,10187
2.14,10186
2.15,10185
2.16,10184
2.18,10183
2.19,10182
2.20,10181
2.21,10180
2.22,10179
2.24,10178
2.25,10177
2.26,10176
2.27,10175
2.29,10174
2.30,10173
2.31,10172
2.32,10171
2.34,10170
2.35,10169
2.36,10168
2.37,10167
2.38,10166
2.40,10165
2.41,10164
2.43,10163
2.44,10162
2.45,10161
2.47,10160
2.48,10159
2.50,10158
2.51,10157
2.52,10156
2.54,10155
2.55,10154
2.57,10153
2.58,10152
2.59,10151
2.61,10150
2.62,10149
2.64,10148
2.65,10147
2.66,10146
2.68,10145
2.69,10144
2.71,10143
2.72,10142
2.74,10141
2.75,10140
2.77,10139
2.78,10138
2.79,10137
2.80,10136
2.81,10135
2.82,10134
2.83,10133
2.85,10132
2.86,10131
2.87,10130
2.88,10129
2.89,10128
2.91,10127
2.92,10126
2.93,10125
2.94,10124
2.95,10123
2.96,10122
2.98,10121
2.99,10120
3.00,10119
3.01,10118
3.02,10117
3.03,10116
3.05,10115
3.06,10114
3.07,10113
3.08,10112
3.09,10111
3.10,10110
3.12,10109
3.13,10108
3.14,10107
3.15,10106
3.16,10105
3.17,10104
3.19,10103
3.20,10102
3.21,10101
3.22,10100
3.23,10099
3.24,10098
3.26,10097
3.27,10096
3.28,10095
3.29,10094
3.30,10093
3.31,10092
3.33,10091
3.34,10090
3.35,10089
3.36,10088
3.37,10087
3.39,10086
3.40,10085
3.41,10084
3.42,10083
3.44,10082
3.45,10081
3.47,10080
3.48,10079
3.49,10078
3.50,10077
3.51,10076
3.52,10075
3.54,10074
3.55,10073
3.56,10072
3.57,10071
3.58,10070
3.59,10069
3.60,10068
3.62,10067
3.63,10066
3.64,10065
3.65,10064
3.66,10063
3.67,10062
3.68,10061
3.70,10060
3.71,10059
3.72,10058
3.73,10057
3.74,10056
3.75,10055
3.76,10054
3.78,10053
3.79,10052
3.80,10051
3.81,10050
3.82,10049
3.83,10048
3.85,10047
3.86,10046
3.87,10045
3.88,10044
3.89,10043
3.90,10042
3.92,10041
3.93,10040
3.94,10039
3.95,10038
3.96,10037
3.97,10036
3.99,10035
4.00,10034
4.01,10033
4.02,10032
4.03,10031
4.04,10030
4.06,10029
4.07,10028
4.08,10027
4.09,10026
4.10,10025
4.11,10024
4.12,10023
4.14,10022
4.15,10021
4.16,10020
4.17,10019
4.18,10018
4.20,10017
4.21,10016
4.22,10015
4.24,10014
4.25,10013
4.27,10012
4.28,10011
4.29,10010
4.31,10009
4.32,10008
4.34,10007
4.35,10006
4.36,10005
4.38,10004
4.39,10003
4.40,10002
4.42,10001
4.43,10000
4.44,9999
4.46,9998
4.47,9997
4.49,9996
4.50,9995
4.51,9994
4.53,9993
4.54,9992
4.55,9991
4.57,9990
4.58,9989
4.60,9988
4.61,9987
4.62,9986
4.64,9985
4.65,9984
4.66,9983
4.68,9982
4.69,9981
4.71,9980
4.72,9979
4.73,9978
4.75,9977
4.76,9976
4.78,9975
4.79,9974
4.80,9973
4.82,9972
4.83,9971
4.84,9970
4.86,9969
4.87,9968
4.89,9967
4.90,9966
4.92,9965
4.93,9964
4.95,9963
4.97,9962
4.98,9961
4.99,9960
5.00,9959
5.01,9958
5.03,9957
5.04,9956
5.05,9955
5.06,9954
5.07,9953
5.08,9952
5.10,9951
5.11,9950
5.12,9949
5.13,9948
5.14,9947
5.15,9946
5.17,9945
5.18,9944
5.19,9943
5.20,9942
5.21,9941
5.22,9940
5.24,9939
5.25,9938
5.26,9937
5.27,9936
5.29,9935
5.30,9934
5.31,9933
5.32,9932
5.33,9931
5.34,9930
5.36,9929
5.37,9928
5.38,9927
5.39,9926
5.40,9925
5.41,9924
5.43,9923
5.44,9922
5.45,9921
5.46,9920
5.47,9919
5.48,9918
5.50,9917
5.51,9916
5.52,9915
5.53,9914
5.54,9913
5.55,9912
5.57,9911
5.58,9910
5.59,9909
5.60,9908
5.61,9907
5.62,9906
5.64,9905
5.65,9904
5.66,9903
5.67,9902
5.68,9901
5.69,9900
5.71,9899
5.72,9898
5.73,9897
5.74,9896
5.75,9895
5.77,9894
5.78,9893
5.79,9892
5.80,9891
5.81,9890
5.82,9889
5.84,9888
5.85,9887
5.86,9886
5.87,9885
5.88,9884
5.89,9883
5.91,9882
5.92,9881
5.93,9880
5.94,9879
5.95,9878
5.96,9877
5.98,9876
5.99,9875
6.00,9874
6.01,9873
6.02,9872
6.03,9871
6.05,9870
6.06,9869
6.07,9868
6.08,9867
6.09,9866
6.10,9865
6.12,9864
6.13,9863
6.14,9862
6.15,9861
6.16,9860
6.17,9859
6.18,9858
6.20,9857
6.21,9856
6.22,9855
6.23,9854
6.24,9853
6.25,9852
6.27,9851
6.28,9850
6.29,9849
6.30,9848
6.31,9847
6.32,9846
6.34,9845
6.35,9844
6.36,9843
6.38,9842
6.39,9841
6.40,9840
6.41,9839
6.42,9838
6.44,9837
6.45,9836
6.46,9835
6.47,9834
6.48,9833
6.49,9832
6.51,9831
6.52,9830
6.53,9829
6.54,9828
6.55,9827
6.56,9826
6.58,9825
6.59,9824
6.60,9823
6.61,9822
6.62,9821
6.64,9820
6.65,9819
6.66,9818
6.67,9817
6.68,9816
6.70,9815
6.71,9814
6.72,9813
6.73,9812
6.75,9811
6.76,9810
6.77,9809
6.78,9808
6.79,9807
6.81,9806
6.82,9805
6.83,9804
6.84,9803
6.85,9802
6.86,9801
6.88,9800
6.89,9799
6.90,9798
6.91,9797
6.93,9796
6.94,9795
6.95,9794
6.97,9793
6.98,9792
6.99,9791
7.00,9790
7.01,9789
7.03,9788
7.04,9787
7.05,9786
7.06,9785
7.07,9784
7.09,9783
7.10,9782
7.11,9781
7.12,9780
7.13,9779
7.15,9778
7.16,9777
7.17,9776
7.18,9775
7.19,9774
7.21,9773
7.22,9772
7.23,9771
7.24,9770
7.25,9769
7.27,9768
7.28,9767
7.29,9766
7.30,9765
7.31,9764
7.33,9763
7.34,9762
7.35,9761
7.36,9760
7.38,9759
7.39,9758
7.40,9757
7.41,9756
7.42,9755
7.44,9754
7.45,9753
7.46,9752
7.47,9751
7.48,9750
7.50,9749
7.51,9748
7.52,9747
7.53,9746
7.54,9745
7.56,9744
7.57,9743
7.58,9742
7.59,9741
7.61,9740
7.62,9739
7.63,9738
7.64,9737
7.65,9736
7.67,9735
7.68,9734
7.69,9733
7.70,9732
7.72,9731
7.73,9730
7.74,9729
7.75,9728
7.76,9727
7.78,9726
7.79,9725
7.81,9724
7.82,9723
7.83,9722
7.84,9721
7.86,9720
7.87,9719
7.89,9718
7.90,9717
7.91,9716
7.93,9715
7.94,9714
7.96,9713
7.97,9712
7.98,9711
8.00,9710
8.01,9709
8.03,9708
8.04,9707
8.05,9706
8.07,9705
8.08,9704
8.09,9703
8.11,9702
8.12,9701
8.14,9700
8.15,9699
8.16,9698
8.18,9697
8.19,9696
8.21,9695
8.22,9694
8.23,9693
8.25,9692
8.26,9691
8.28,9690
8.29,9689
8.30,9688
8.32,9687
8.33,9686
8.35,9685
8.36,9684
8.38,9683
8.39,9682
8.41,9681
8.42,9680
8.43,9679
8.45,9678
8.46,9677
8.48,9676
8.49,9675
8.51,9674
8.52,9673
8.54,9672
8.55,9671
8.56,9670
8.58,9669
8.59,9668
8.61,9667
8.62,9666
8.64,9665
8.65,9664
8.66,9663
8.68,9662
8.69,9661
8.71,9660
8.72,9659
8.74,9658
8.75,9657
8.76,9656
8.78,9655
8.79,9654
8.81,9653
8.82,9652
8.84,9651
8.85,9650
8.86,9649
8.88,9648
8.89,9647
8.91,9646
8.92,9645
8.93,9644
8.95,9643
8.96,9642
8.98,9641
8.99,9640
9.01,9639
9.02,9638
9.04,9637
9.05,9636
9.06,9635
9.08,9634
9.09,9633
9.11,9632
9.12,9631
9.14,9630
9.15,9629
9.16,9628
9.18,9627
9.19,9626
9.21,9625
9.22,9624
9.24,9623
9.25,9622
9.26,9621
9.28,9620
9.29,9619
9.31,9618
9.32,9617
9.34,9616
9.35,9615
9.36,9614
9.38,9613
9.39,9612
9.41,9611
9.42,9610
9.44,9609
9.45,9608
9.46,9607
9.47,9606
9.49,9605
9.50,9604
9.51,9603
9.52,9602
9.53,9601
9.55,9600
9.56,9599
9.57,9598
9.58,9597
9.59,9596
9.61,9595
9.62,9594
9.63,9593
9.64,9592
9.65,9591
9.67,9590
9.68,9589
9.69,9588
9.70,9587
9.71,9586
9.73,9585
9.74,9584
9.75,9583
9.76,9582
9.77,9581
9.79,9580
9.80,9579
9.81,9578
9.82,9577
9.84,9576
9.85,9575
9.86,9574
9.87,9573
9.89,9572
9.90,9571
9.91,9570
9.92,9569
9.93,9568
9.95,9567
9.96,9566
9.97,9565
9.98,9564
9.99,9563
10.01,9562
10.02,9561
10.03,9560
10.04,9559
10.05,9558
10.07,9557
10.08,9556
10.09,9555
10.10,9554
10.11,9553
10.13,9552
10.14,9551
10.15,9550
10.16,9549
10.18,9548
10.19,9547
10.20,9546
10.21,9545
10.22,9544
10.24,9543
10.25,9542
10.26,9541
10.27,9540
10.28,9539
10.29,9538
10.31,9537
10.32,9536
10.33,9535
10.34,9534
10.35,9533
10.36,9532
10.38,9531
10.39,9530
10.40,9529
10.41,9528
10.42,9527
10.43,9526
10.45,9525
10.46,9524
10.47,9523
10.48,9522
10.49,9521
10.50,9520
10.52,9519
10.53,9518
10.54,9517
10.55,9516
10.56,9515
10.57,9514
10.58,9513
10.60,9512
10.61,9511
10.62,9510
10.63,9509
10.64,9508
10.65,9507
10.67,9506
10.68,9505
10.69,9504
10.70,9503
10.71,9502
10.72,9501
10.73,9500
10.75,9499
10.76,9498
10.77,9497
10.78,9496
10.79,9495
10.80,9494
10.82,9493
10.83,9492
10.84,9491
10.85,9490
10.86,9489
10.88,9488
10.89,9487
10.90,9486
10.91,9485
10.92,9484
10.94,9483
10.95,9482
10.96,9481
10.97,9480
10.98,9479
11.00,9478
11.01,9477
11.02,9476
11.03,9475
11.04,9474
11.06,9473
11.07,9472
11.08,9471
11.09,9470
11.10,9469
11.12,9468
11.13,9467
11.14,9466
11.15,9465
11.16,9464
11.18,9463
11.19,9462
11.20,9461
11.21,9460
11.22,9459
11.24,9458
11.25,9457
11.26,9456
11.27,9455
11.28,9454
11.30,9453
11.31,9452
11.32,9451
11.33,9450
11.34,9449
11.36,9448
11.37,9447
11.38,9446
11.39,9445
11.40,9444
11.42,9443
11.43,9442
11.44,9441
11.45,9440
11.46,9439
11.48,9438
11.49,9437
11.50,9436
11.51,9435
11.52,9434
11.54,9433
11.55,9432
11.56,9431
11.57,9430
11.58,9429
11.60,9428
11.61,9427
11.62,9426
11.63,9425
11.64,9424
11.66,9423
11.67,9422
11.68,9421
11.69,9420
11.70,9419
11.72,9418
11.73,9417
11.74,9416
11.75,9415
11.76,9414
11.78,9413
11.79,9412
11.80,9411
11.81,9410
11.82,9409
11.84,9408
11.85,9407
11.86,9406
11.87,9405
11.88,9404
11.90,9403
11.91,9402
11.92,9401
11.93,9400
11.94,9399
11.96,9398
11.97,9397
11.98,9396
11.99,9395
12.00,9394
12.02,9393
12.03,9392
12.04,9391
12.05,9390
12.06,9389
12.08,9388
12.09,9387
12.10,9386
12.11,9385
12.12,9384
12.13,9383
12.15,9382
12.16,9381
12.17,9380
12.18,9379
12.19,9378
12.21,9377
12.22,9376
12.23,9375
12.24,9374
12.26,9373
12.27,9372
12.28,9371
12.29,9370
12.30,9369
12.32,9368
12.33,9367
12.34,9366
12.35,9365
12.36,9364
12.38,9363
12.39,9362
12.40,9361
12.41,9360
12.42,9359
12.44,9358
12.45,9357
12.46,9356
12.47,9355
12.48,9354
12.49,9353
12.50,9352
12.52,9351
12.53,9350
12.54,9349
12.55,9348
12.56,9347
12.57,9346
12.58,9345
12.60,9344
12.61,9343
12.62,9342
12.63,9341
12.64,9340
12.65,9339
12.67,9338
12.68,9337
12.69,9336
12.70,9335
12.71,9334
12.72,9333
12.73,9332
12.75,9331
12.76,9330
12.77,9329
12.78,9328
12.79,9327
12.80,9326
12.82,9325
12.83,9324
12.84,9323
12.85,9322
12.86,9321
12.87,9320
12.88,9319
12.90,9318
12.91,9317
12.92,9316
12.93,9315
12.94,9314
12.95,9313
12.97,9312
12.98,9311
12.99,9310
13.00,9309
13.01,9308
13.03,9307
13.04,9306
13.05,9305
13.06,9304
13.07,9303
13.09,9302
13.10,9301
13.11,9300
13.12,9299
13.13,9298
13.14,9297
13.16,9296
13.17,9295
13.18,9294
13.19,9293
13.20,9292
13.22,9291
13.23,9290
13.24,9289
13.25,9288
13.26,9287
13.28,9286
13.29,9285
13.30,9284
13.31,9283
13.32,9282
13.34,9281
13.35,9280
13.36,9279
13.37,9278
13.38,9277
13.40,9276
13.41,9275
13.42,9274
13.43,9273
13.44,9272
13.45,9271
13.47,9270
13.48,9269
13.49,9268
13.50,9267
13.51,9266
13.53,9265
13.54,9264
13.55,9263
13.56,9262
13.57,9261
13.59,9260
13.60,9259
13.61,9258
13.62,9257
13.63,9256
13.65,9255
13.66,9254
13.67,9253
13.68,9252
13.69,9251
13.70,9250
13.72,9249
13.73,9248
13.74,9247
13.75,9246
13.76,9245
13.78,9244
13.79,9243
13.80,9242
13.81,9241
13.82,9240
13.83,9239
13.85,9238
13.86,9237
13.87,9236
13.88,9235
13.90,9234
13.91,9233
13.92,9232
13.93,9231
13.94,9230
13.96,9229
13.97,9228
13.98,9227
13.99,9226
14.00,9225
14.01,9224
14.03,9223
14.04,9222
14.05,9221
14.06,9220
14.07,9219
14.09,9218
14.10,9217
14.11,9216
14.12,9215
14.13,9214
14.15,9213
14.16,9212
14.17,9211
14.18,9210
14.19,9209
14.21,9208
14.22,9207
14.23,9206
14.24,9205
14.25,9204
14.27,9203
14.28,9202
14.29,9201
14.30,9200
14.31,9199
14.32,9198
14.34,9197
14.35,9196
14.36,9195
14.37,9194
14.38,9193
14.40,9192
14.41,9191
14.42,9190
14.43,9189
14.44,9188
14.46,9187
14.47,9186
14.48,9185
14.49,9184
14.50,9183
14.52,9182
14.53,9181
14.54,9180
14.55,9179
14.56,9178
14.57,9177
14.59,9176
14.60,9175
14.61,9174
14.62,9173
14.63,9172
14.64,9171
14.66,9170
14.67,9169
14.68,9168
14.69,9167
14.70,9166
14.72,9165
14.73,9164
14.74,9163
14.75,9162
14.76,9161
14.77,9160
14.79,9159
14.80,9158
14.81,9157
14.82,9156
14.83,9155
14.85,9154
14.86,9153
14.87,9152
14.88,9151
14.89,9150
14.90,9149
14.92,9148
14.93,9147
14.94,9146
14.95,9145
14.96,9144
14.98,9143
14.99,9142
15.00,9141
15.01,9140
15.02,9139
15.03,9138
15.05,9137
15.06,9136
15.07,9135
15.08,9134
15.09,9133
15.11,9132
15.12,9131
15.13,9130
15.14,9129
15.15,9128
15.17,9127
15.18,9126
15.19,9125
15.20,9124
15.21,9123
15.22,9122
15.24,9121
15.25,9120
15.26,9119
15.27,9118
15.28,9117
15.29,9116
15.31,9115
15.32,9114
15.33,9113
15.34,9112
15.35,9111
15.37,9110
15.38,9109
15.39,9108
15.40,9107
15.41,9106
15.43,9105
15.44,9104
15.45,9103
15.46,9102
15.47,9101
15.48,9100
15.50,9099
15.51,9098
15.52,9097
15.53,9096
15.54,9095
15.56,9094
15.57,9093
15.58,9092
15.59,9091
15.60,9090
15.61,9089
15.63,9088
15.64,9087
15.65,9086
15.66,9085
15.67,9084
15.68,9083
15.70,9082
15.71,9081
15.72,9080
15.73,9079
15.74,9078
15.75,9077
15.77,9076
15.78,9075
15.79,9074
15.80,9073
15.81,9072
15.83,9071
15.84,9070
15.85,9069
15.86,9068
15.87,9067
15.88,9066
15.90,9065
15.91,9064
15.92,9063
15.93,9062
15.94,9061
15.95,9060
15.97,9059
15.98,9058
15.99,9057
16.00,9056
16.01,9055
16.02,9054
16.04,9053
16.05,9052
16.06,9051
16.07,9050
16.08,9049
16.09,9048
16.11,9047
16.12,9046
16.13,9045
16.14,9044
16.15,9043
16.17,9042
16.18,9041
16.19,9040
16.20,9039
16.21,9038
16.22,9037
16.24,9036
16.25,9035
16.26,9034
16.27,9033
16.28,9032
16.30,9031
16.31,9030
16.32,9029
16.33,9028
16.34,9027
16.35,9026
16.37,9025
16.38,9024
16.39,9023
16.40,9022
16.41,9021
16.42,9020
16.44,9019
16.45,9018
16.46,9017
16.47,9016
16.48,9015
16.49,9014
16.50,9013
16.52,9012
16.53,9011
16.54,9010
16.55,9009
16.56,9008
16.57,9007
16.58,9006
16.59,9005
16.61,9004
16.62,9003
16.63,9002
16.64,9001
16.65,9000
16.66,8999
16.67,8998
16.69,8997
16.70,8996
16.71,8995
16.72,8994
16.73,8993
16.74,8992
16.75,8991
16.77,8990
16.78,8989
16.79,8988
16.80,8987
16.81,8986
16.82,8985
16.83,8984
16.84,8983
16.86,8982
16.87,8981
16.88,8980
16.89,8979
16.90,8978
16.91,8977
16.93,8976
16.94,8975
16.95,8974
16.96,8973
16.97,8972
16.99,8971
17.00,8970
17.01,8969
17.02,8968
17.03,8967
17.04,8966
17.06,8965
17.07,8964
17.08,8963
17.09,8962
17.10,8961
17.12,8960
17.13,8959
17.14,8958
17.15,8957
17.16,8956
17.17,8955
17.19,8954
17.20,8953
17.21,8952
17.22,8951
17.23,8950
17.25,8949
17.26,8948
17.27,8947
17.28,8946
17.29,8945
17.30,8944
17.32,8943
17.33,8942
17.34,8941
17.35,8940
17.36,8939
17.37,8938
17.39,8937
17.40,8936
17.41,8935
17.42,8934
17.43,8933
17.45,8932
17.46,8931
17.47,8930
17.48,8929
17.49,8928
17.51,8927
17.52,8926
17.53,8925
17.54,8924
17.55,8923
17.56,8922
17.58,8921
17.59,8920
17.60,8919
17.61,8918
17.62,8917
17.64,8916
17.65,8915
17.66,8914
17.67,8913
17.68,8912
17.69,8911
17.71,8910
17.72,8909
17.73,8908
17.74,8907
17.75,8906
17.77,8905
17.78,8904
17.79,8903
17.80,8902
17.81,8901
17.82,8900
17.84,8899
17.85,8898
17.86,8897
17.87,8896
17.88,8895
17.89,8894
17.91,8893
17.92,8892
17.93,8891
17.94,8890
17.95,8889
17.97,8888
17.98,8887
17.99,8886
18.00,8885
18.01,8884
18.02,8883
18.03,8882
18.05,8881
18.06,8880
18.07,8879
18.08,8878
18.09,8877
18.10,8876
18.12,8875
18.13,8874
18.14,8873
18.15,8872
18.16,8871
18.17,8870
18.19,8869
18.20,8868
18.21,8867
18.22,8866
18.23,8865
18.24,8864
18.26,8863
18.27,8862
18.28,8861
18.29,8860
18.30,8859
18.32,8858
18.33,8857
18.34,8856
18.35,8855
18.36,8854
18.37,8853
18.39,8852
18.40,8851
18.41,8850
18.42,8849
18.43,8848
18.45,8847
18.46,8846
18.47,8845
18.48,8844
18.49,8843
18.50,8842
18.52,8841
18.53,8840
18.54,8839
18.55,8838
18.56,8837
18.57,8836
18.59,8835
18.60,8834
18.61,8833
18.62,8832
18.63,8831
18.65,8830
18.66,8829
18.67,8828
18.68,8827
18.69,8826
18.70,8825
18.72,8824
18.73,8823
18.74,8822
18.75,8821
18.76,8820
18.78,8819
18.79,8818
18.80,8817
18.81,8816
18.82,8815
18.83,8814
18.85,8813
18.86,8812
18.87,8811
18.88,8810
18.89,8809
18.91,8808
18.92,8807
18.93,8806
18.94,8805
18.95,8804
18.96,8803
18.98,8802
18.99,8801
19.00,8800
19.01,8799
19.02,8798
19.04,8797
19.05,8796
19.06,8795
19.07,8794
19.08,8793
19.09,8792
19.11,8791
19.12,8790
19.13,8789
19.14,8788
19.15,8787
19.16,8786
19.18,8785
19.19,8784
19.20,8783
19.21,8782
19.22,8781
19.24,8780
19.25,8779
19.26,8778
19.27,8777
19.28,8776
19.29,8775
19.31,8774
19.32,8773
19.33,8772
19.34,8771
19.35,8770
19.36,8769
19.38,8768
19.39,8767
19.40,8766
19.41,8765
19.42,8764
19.43,8763
19.45,8762
19.46,8761
19.47,8760
19.48,8759
19.49,8758
19.50,8757
19.52,8756
19.53,8755
19.54,8754
19.55,8753
19.56,8752
19.58,8751
19.59,8750
19.60,8749
19.61,8748
19.62,8747
19.63,8746
19.65,8745
19.66,8744
19.67,8743
19.68,8742
19.69,8741
19.70,8740
19.72,8739
19.73,8738
19.74,8737
19.75,8736
19.76,8735
19.78,8734
19.79,8733
19.80,8732
19.81,8731
19.82,8730
19.84,8729
19.85,8728
19.86,8727
19.87,8726
19.88,8725
19.90,8724
19.91,8723
19.92,8722
19.93,8721
19.94,8720
19.95,8719
19.97,8718
19.98,8717
19.99,8716
20.00,8715
20.01,8714
20.02,8713
20.04,8712
20.05,8711
20.06,8710
20.07,8709
20.09,8708
20.10,8707
20.11,8706
20.12,8705
20.13,8704
20.14,8703
20.16,8702
20.17,8701
20.18,8700
20.19,8699
20.20,8698
20.21,8697
20.23,8696
20.24,8695
20.25,8694
20.26,8693
20.27,8692
20.29,8691
20.30,8690
20.31,8689
20.32,8688
20.33,8687
20.34,8686
20.36,8685
20.37,8684
20.38,8683
20.39,8682
20.40,8681
20.41,8680
20.43,8679
20.44,8678
20.45,8677
20.46,8676
20.47,8675
20.48,8674
20.50,8673
20.51,8672
20.52,8671
20.53,8670
20.54,8669
20.56,8668
20.57,8667
20.58,8666
20.59,8665
20.60,8664
20.61,8663
20.62,8662
20.64,8661
20.65,8660
20.66,8659
20.67,8658
20.68,8657
20.69,8656
20.71,8655
20.72,8654
20.73,8653
20.74,8652
20.75,8651
20.76,8650
20.78,8649
20.79,8648
20.80,8647
20.81,8646
20.82,8645
20.83,8644
20.85,8643
20.86,8642
20.87,8641
20.88,8640
20.89,8639
20.91,8638
20.92,8637
20.93,8636
20.94,8635
20.95,8634
20.96,8633
20.97,8632
20.99,8631
21.00,8630
21.01,8629
21.02,8628
21.03,8627
21.04,8626
21.06,8625
21.07,8624
21.08,8623
21.09,8622
21.10,8621
21.11,8620
21.13,8619
21.14,8618
21.15,8617
21.16,8616
21.17,8615
21.19,8614
21.20,8613
21.21,8612
21.22,8611
21.23,8610
21.24,8609
21.26,8608
21.27,8607
21.28,8606
21.29,8605
21.30,8604
21.31,8603
21.32,8602
21.34,8601
21.35,8600
21.36,8599
21.37,8598
21.38,8597
21.39,8596
21.40,8595
21.41,8594
21.43,8593
21.44,8592
21.45,8591
21.46,8590
21.47,8589
21.48,8588
21.49,8587
21.50,8586
21.52,8585
21.53,8584
21.54,8583
21.55,8582
21.56,8581
21.57,8580
21.58,8579
21.59,8578
21.61,8577
21.62,8576
21.63,8575
21.64,8574
21.65,8573
21.66,8572
21.68,8571
21.69,8570
21.70,8569
21.71,8568
21.72,8567
21.73,8566
21.75,8565
21.76,8564
21.77,8563
21.78,8562
21.79,8561
21.80,8560
21.82,8559
21.83,8558
21.84,8557
21.85,8556
21.86,8555
21.87,8554
21.89,8553
21.90,8552
21.91,8551
21.92,8550
21.93,8549
21.94,8548
21.96,8547
21.97,8546
21.98,8545
21.99,8544
22.00,8543
22.02,8542
22.03,8541
22.04,8540
22.05,8539
22.06,8538
22.07,8537
22.09,8536
22.10,8535
22.11,8534
22.12,8533
22.13,8532
22.14,8531
22.16,8530
22.17,8529
22.18,8528
22.19,8527
22.20,8526
22.21,8525
22.23,8524
22.24,8523
22.25,8522
22.26,8521
22.27,8520
22.28,8519
22.29,8518
22.31,8517
22.32,8516
22.33,8515
22.34,8514
22.35,8513
22.36,8512
22.37,8511
22.39,8510
22.40,8509
22.41,8508
22.42,8507
22.43,8506
22.44,8505
22.46,8504
22.47,8503
22.48,8502
22.49,8501
22.50,8500
22.51,8499
22.53,8498
22.54,8497
22.55,8496
22.56,8495
22.57,8494
22.58,8493
22.60,8492
22.61,8491
22.62,8490
22.63,8489
22.64,8488
22.65,8487
22.66,8486
22.68,8485
22.69,8484
22.70,8483
22.71,8482
22.72,8481
22.73,8480
22.75,8479
22.76,8478
22.77,8477
22.78,8476
22.79,8475
22.80,8474
22.82,8473
22.83,8472
22.84,8471
22.85,8470
22.86,8469
22.87,8468
22.89,8467
22.90,8466
22.91,8465
22.92,8464
22.93,8463
22.94,8462
22.96,8461
22.97,8460
22.98,8459
22.99,8458
23.00,8457
23.01,8456
23.03,8455
23.04,8454
23.05,8453
23.06,8452
23.07,8451
23.08,8450
23.09,8449
23.11,8448
23.12,8447
23.13,8446
23.14,8445
23.15,8444
23.16,8443
23.18,8442
23.19,8441
23.20,8440
23.21,8439
23.22,8438
23.24,8437
23.25,8436
23.26,8435
23.27,8434
23.28,8433
23.29,8432
23.30,8431
23.32,8430
23.33,8429
23.34,8428
23.35,8427
23.36,8426
23.37,8425
23.39,8424
23.40,8423
23.41,8422
23.42,8421
23.43,8420
23.44,8419
23.45,8418
23.47,8417
23.48,8416
23.49,8415
23.50,8414
23.51,8413
23.52,8412
23.54,8411
23.55,8410
23.56,8409
23.57,8408
23.58,8407
23.59,8406
23.61,8405
23.62,8404
23.63,8403
23.64,8402
23.65,8401
23.66,8400
23.67,8399
23.69,8398
23.70,8397
23.71,8396
23.72,8395
23.73,8394
23.75,8393
23.76,8392
23.77,8391
23.78,8390
23.79,8389
23.80,8388
23.81,8387
23.83,8386
23.84,8385
23.85,8384
23.86,8383
23.87,8382
23.88,8381
23.90,8380
23.91,8379
23.92,8378
23.93,8377
23.94,8376
23.95,8375
23.97,8374
23.98,8373
23.99,8372
24.00,8371
24.01,8370
24.02,8369
24.04,8368
24.05,8367
24.06,8366
24.07,8365
24.08,8364
24.09,8363
24.11,8362
24.12,8361
24.13,8360
24.14,8359
24.15,8358
24.16,8357
24.17,8356
24.19,8355
24.20,8354
24.21,8353
24.22,8352
24.23,8351
24.24,8350
24.26,8349
24.27,8348
24.28,8347
24.29,8346
24.30,8345
24.32,8344
24.33,8343
24.34,8342
24.35,8341
24.36,8340
24.37,8339
24.39,8338
24.40,8337
24.41,8336
24.42,8335
24.43,8334
24.44,8333
24.46,8332
24.47,8331
24.48,8330
24.49,8329
24.50,8328
24.51,8327
24.52,8326
24.54,8325
24.55,8324
24.56,8323
24.57,8322
24.58,8321
24.59,8320
24.60,8319
24.62,8318
24.63,8317
24.64,8316
24.65,8315
24.66,8314
24.67,8313
24.68,8312
24.70,8311
24.71,8310
24.72,8309
24.73,8308
24.74,8307
24.75,8306
24.77,8305
24.78,8304
24.79,8303
24.80,8302
24.81,8301
24.82,8300
24.83,8299
24.85,8298
24.86,8297
24.87,8296
24.88,8295
24.89,8294
24.90,8293
24.91,8292
24.92,8291
24.93,8290
24.95,8289
24.96,8288
24.97,8287
24.98,8286
24.99,8285
25.00,8284
25.01,8283
25.02,8282
25.04,8281
25.05,8280
25.06,8279
25.07,8278
25.08,8277
25.09,8276
25.10,8275
25.11,8274
25.12,8273
25.14,8272
25.15,8271
25.16,8270
25.17,8269
25.18,8268
25.19,8267
25.20,8266
25.22,8265
25.23,8264
25.24,8263
25.25,8262
25.26,8261
25.27,8260
25.28,8259
25.30,8258
25.31,8257
25.32,8256
25.33,8255
25.34,8254
25.35,8253
25.36,8252
25.38,8251
25.39,8250
25.40,8249
25.41,8248
25.42,8247
25.43,8246
25.45,8245
25.46,8244
25.47,8243
25.48,8242
25.49,8241
25.50,8240
25.51,8239
25.53,8238
25.54,8237
25.55,8236
25.56,8235
25.57,8234
25.58,8233
25.59,8232
25.61,8231
25.62,8230
25.63,8229
25.64,8228
25.65,8227
25.66,8226
25.67,8225
25.69,8224
25.70,8223
25.71,8222
25.72,8221
25.73,8220
25.75,8219
25.76,8218
25.77,8217
25.78,8216
25.79,8215
25.80,8214
25.81,8213
25.83,8212
25.84,8211
25.85,8210
25.86,8209
25.87,8208
25.88,8207
25.89,8206
25.91,8205
25.92,8204
25.93,8203
25.94,8202
25.95,8201
25.96,8200
25.97,8199
25.99,8198
26.00,8197
26.01,8196
26.02,8195
26.03,8194
26.04,8193
26.06,8192
26.07,8191
26.08,8190
26.09,8189
26.10,8188
26.11,8187
26.12,8186
26.14,8185
26.15,8184
26.16,8183
26.17,8182
26.18,8181
26.19,8180
26.21,8179
26.22,8178
26.23,8177
26.24,8176
26.25,8175
26.26,8174
26.27,8173
26.29,8172
26.30,8171
26.31,8170
26.32,8169
26.33,8168
26.34,8167
26.36,8166
26.37,8165
26.38,8164
26.39,8163
26.40,8162
26.41,8161
26.43,8160
26.44,8159
26.45,8158
26.46,8157
26.47,8156
26.48,8155
26.50,8154
26.51,8153
26.52,8152
26.54,8151
26.55,8150
26.56,8149
26.57,8148
26.58,8147
26.60,8146
26.61,8145
26.62,8144
26.63,8143
26.64,8142
26.65,8141
26.67,8140
26.68,8139
26.69,8138
26.70,8137
26.71,8136
26.72,8135
26.74,8134
26.75,8133
26.76,8132
26.77,8131
26.78,8130
26.80,8129
26.82,8128
26.83,8127
26.84,8126
26.85,8125
26.87,8124
26.88,8123
26.89,8122
26.90,8121
26.91,8120
26.93,8119
26.94,8118
26.95,8117
26.96,8116
26.97,8115
26.98,8114
27.00,8113
27.01,8112
27.02,8111
27.03,8110
27.04,8109
27.06,8108
27.07,8107
27.08,8106
27.09,8105
27.10,8104
27.11,8103
27.13,8102
27.14,8101
27.15,8100
27.16,8099
27.17,8098
27.19,8097
27.20,8096
27.21,8095
27.22,8094
27.23,8093
27.24,8092
27.26,8091
27.27,8090
27.28,8089
27.29,8088
27.30,8087
27.32,8086
27.33,8085
27.34,8084
27.35,8083
27.36,8082
27.38,8081
27.39,8080
27.40,8079
27.41,8078
27.42,8077
27.43,8076
27.45,8075
27.46,8074
27.47,8073
27.48,8072
27.49,8071
27.51,8070
27.52,8069
27.53,8068
27.54,8067
27.55,8066
27.57,8065
27.58,8064
27.59,8063
27.60,8062
27.61,8061
27.63,8060
27.64,8059
27.65,8058
27.66,8057
27.67,8056
27.69,8055
27.70,8054
27.71,8053
27.72,8052
27.73,8051
27.74,8050
27.76,8049
27.77,8048
27.78,8047
27.79,8046
27.80,8045
27.82,8044
27.83,8043
27.84,8042
27.85,8041
27.86,8040
27.87,8039
27.89,8038
27.90,8037
27.91,8036
27.92,8035
27.93,8034
27.95,8033
27.96,8032
27.97,8031
27.98,8030
27.99,8029
28.01,8028
28.02,8027
28.03,8026
28.04,8025
28.05,8024
28.07,8023
28.08,8022
28.09,8021
28.10,8020
28.11,8019
28.12,8018
28.14,8017
28.15,8016
28.16,8015
28.17,8014
28.18,8013
28.20,8012
28.21,8011
28.22,8010
28.23,8009
28.24,8008
28.25,8007
28.27,8006
28.28,8005
28.29,8004
28.30,8003
28.31,8002
28.33,8001
28.34,8000
28.35,7999
28.36,7998
28.37,7997
28.39,7996
28.40,7995
28.41,7994
28.42,7993
28.43,7992
28.45,7991
28.46,7990
28.47,7989
28.48,7988
28.49,7987
28.50,7986
28.52,7985
28.53,7984
28.54,7983
28.55,7982
28.56,7981
28.58,7980
28.59,7979
28.60,7978
28.61,7977
28.62,7976
28.64,7975
28.65,7974
28.66,7973
28.67,7972
28.68,7971
28.69,7970
28.71,7969
28.72,7968
28.73,7967
28.74,7966
28.75,7965
28.76,7964
28.78,7963
28.79,7962
28.80,7961
28.81,7960
28.82,7959
28.84,7958
28.85,7957
28.86,7956
28.87,7955
28.88,7954
28.89,7953
28.91,7952
28.92,7951
28.93,7950
28.94,7949
28.95,7948
28.96,7947
28.98,7946
28.99,7945
29.00,7944
29.01,7943
29.02,7942
29.03,7941
29.05,7940
29.06,7939
29.07,7938
29.08,7937
29.09,7936
29.10,7935
29.11,7934
29.13,7933
29.14,7932
29.15,7931
29.16,7930
29.17,7929
29.18,7928
29.19,7927
29.21,7926
29.22,7925
29.23,7924
29.24,7923
29.25,7922
29.26,7921
29.27,7920
29.29,7919
29.30,7918
29.31,7917
29.32,7916
29.33,7915
29.34,7914
29.36,7913
29.37,7912
29.38,7911
29.39,7910
29.40,7909
29.42,7908
29.43,7907
29.44,7906
29.45,7905
29.46,7904
29.47,7903
29.49,7902
29.50,7901
29.51,7900
29.52,7899
29.53,7898
29.55,7897
29.56,7896
29.57,7895
29.58,7894
29.59,7893
29.61,7892
29.62,7891
29.63,7890
29.64,7889
29.65,7888
29.66,7887
29.68,7886
29.69,7885
29.70,7884
29.71,7883
29.72,7882
29.74,7881
29.75,7880
29.76,7879
29.77,7878
29.78,7877
29.79,7876
29.81,7875
29.82,7874
29.83,7873
29.84,7872
29.86,7871
29.87,7870
29.88,7869
29.89,7868
29.90,7867
29.92,7866
29.93,7865
29.94,7864
29.95,7863
29.96,7862
29.97,7861
29.99,7860
30.00,7859
30.01,7858
30.02,7857
30.03,7856
30.05,7855
30.06,7854
30.07,7853
30.08,7852
30.09,7851
30.11,7850
30.12,7849
30.13,7848
30.14,7847
30.15,7846
30.17,7845
30.18,7844
30.19,7843
30.20,7842
30.21,7841
30.23,7840
30.24,7839
30.25,7838
30.26,7837
30.27,7836
30.29,7835
30.30,7834
30.31,7833
30.32,7832
30.33,7831
30.35,7830
30.36,7829
30.37,7828
30.38,7827
30.39,7826
30.40,7825
30.42,7824
30.43,7823
30.44,7822
30.45,7821
30.46,7820
30.47,7819
30.49,7818
30.50,7817
30.51,7816
30.52,7815
30.53,7814
30.54,7813
30.55,7812
30.57,7811
30.58,7810
30.59,7809
30.60,7808
30.61,7807
30.62,7806
30.64,7805
30.65,7804
30.66,7803
30.67,7802
30.68,7801
30.70,7800
30.71,7799
30.72,7798
30.73,7797
30.74,7796
30.75,7795
30.77,7794
30.78,7793
30.79,7792
30.80,7791
30.81,7790
30.83,7789
30.84,7788
30.85,7787
30.86,7786
30.87,7785
30.89,7784
30.90,7783
30.91,7782
30.92,7781
30.93,7780
30.95,7779
30.96,7778
30.97,7777
30.98,7776
30.99,7775
31.01,7774
31.02,7773
31.03,7772
31.04,7771
31.05,7770
31.06,7769
31.08,7768
31.09,7767
31.10,7766
31.11,7765
31.12,7764
31.13,7763
31.15,7762
31.16,7761
31.17,7760
31.18,7759
31.19,7758
31.21,7757
31.22,7756
31.23,7755
31.24,7754
31.25,7753
31.26,7752
31.28,7751
31.29,7750
31.30,7749
31.31,7748
31.32,7747
31.33,7746
31.34,7745
31.36,7744
31.37,7743
31.38,7742
31.39,7741
31.40,7740
31.41,7739
31.43,7738
31.44,7737
31.45,7736
31.46,7735
31.47,7734
31.48,7733
31.50,7732
31.51,7731
31.52,7730
31.53,7729
31.54,7728
31.55,7727
31.56,7726
31.58,7725
31.59,7724
31.60,7723
31.61,7722
31.62,7721
31.64,7720
31.65,7719
31.66,7718
31.67,7717
31.68,7716
31.70,7715
31.71,7714
31.72,7713
31.73,7712
31.74,7711
31.76,7710
31.77,7709
31.78,7708
31.79,7707
31.80,7706
31.82,7705
31.83,7704
31.84,7703
31.85,7702
31.86,7701
31.88,7700
31.89,7699
31.90,7698
31.91,7697
31.92,7696
31.93,7695
31.95,7694
31.96,7693
31.97,7692
31.98,7691
31.99,7690
32.01,7689
32.02,7688
32.03,7687
32.04,7686
32.05,7685
32.07,7684
32.08,7683
32.09,7682
32.10,7681
32.11,7680
32.12,7679
32.14,7678
32.15,7677
32.16,7676
32.17,7675
32.18,7674
32.20,7673
32.21,7672
32.22,7671
32.23,7670
32.24,7669
32.26,7668
32.27,7667
32.28,7666
32.29,7665
32.30,7664
32.31,7663
32.33,7662
32.34,7661
32.35,7660
32.36,7659
32.37,7658
32.39,7657
32.40,7656
32.41,7655
32.42,7654
32.44,7653
32.45,7652
32.46,7651
32.47,7650
32.49,7649
32.50,7648
32.51,7647
32.52,7646
32.53,7645
32.54,7644
32.56,7643
32.57,7642
32.58,7641
32.59,7640
32.60,7639
32.62,7638
32.63,7637
32.64,7636
32.65,7635
32.66,7634
32.68,7633
32.69,7632
32.70,7631
32.71,7630
32.72,7629
32.73,7628
32.75,7627
32.76,7626
32.77,7625
32.78,7624
32.79,7623
32.81,7622
32.82,7621
32.83,7620
32.84,7619
32.85,7618
32.87,7617
32.88,7616
32.89,7615
32.90,7614
32.91,7613
32.93,7612
32.94,7611
32.95,7610
32.96,7609
32.97,7608
32.98,7607
33.00,7606
33.01,7605
33.02,7604
33.03,7603
33.04,7602
33.06,7601
33.07,7600
33.08,7599
33.09,7598
33.10,7597
33.12,7596
33.13,7595
33.14,7594
33.15,7593
33.16,7592
33.18,7591
33.19,7590
33.20,7589
33.21,7588
33.22,7587
33.24,7586
33.25,7585
33.26,7584
33.27,7583
33.28,7582
33.29,7581
33.31,7580
33.32,7579
33.33,7578
33.34,7577
33.35,7576
33.37,7575
33.38,7574
33.39,7573
33.40,7572
33.41,7571
33.43,7570
33.44,7569
33.45,7568
33.46,7567
33.47,7566
33.49,7565
33.50,7564
33.51,7563
33.52,7562
33.53,7561
33.55,7560
33.56,7559
33.57,7558
33.58,7557
33.59,7556
33.60,7555
33.62,7554
33.63,7553
33.64,7552
33.65,7551
33.66,7550
33.68,7549
33.69,7548
33.70,7547
33.71,7546
33.72,7545
33.74,7544
33.75,7543
33.76,7542
33.77,7541
33.79,7540
33.80,7539
33.81,7538
33.82,7537
33.83,7536
33.84,7535
33.86,7534
33.87,7533
33.88,7532
33.89,7531
33.90,7530
33.92,7529
33.93,7528
33.94,7527
33.95,7526
33.96,7525
33.97,7524
33.99,7523
34.00,7522
34.01,7521
34.02,7520
34.03,7519
34.05,7518
34.06,7517
34.07,7516
34.08,7515
34.09,7514
34.10,7513
34.12,7512
34.13,7511
34.14,7510
34.15,7509
34.17,7508
34.18,7507
34.19,7506
34.20,7505
34.21,7504
34.23,7503
34.24,7502
34.25,7501
34.27,7500
34.28,7499
34.29,7498
34.30,7497
34.31,7496
34.33,7495
34.34,7494
34.35,7493
34.36,7492
34.37,7491
34.38,7490
34.40,7489
34.41,7488
34.42,7487
34.43,7486
34.44,7485
34.46,7484
34.47,7483
34.48,7482
34.49,7481
34.50,7480
34.52,7479
34.53,7478
34.54,7477
34.55,7476
34.56,7475
34.57,7474
34.59,7473
34.60,7472
34.61,7471
34.62,7470
34.63,7469
34.65,7468
34.66,7467
34.67,7466
34.68,7465
34.69,7464
34.71,7463
34.72,7462
34.73,7461
34.74,7460
34.75,7459
34.76,7458
34.78,7457
34.79,7456
34.80,7455
34.81,7454
34.82,7453
34.84,7452
34.85,7451
34.86,7450
34.87,7449
34.88,7448
34.90,7447
34.91,7446
34.92,7445
34.93,7444
34.94,7443
34.96,7442
34.97,7441
34.98,7440
34.99,7439
35.00,7438
35.02,7437
35.03,7436
35.04,7435
35.05,7434
35.06,7433
35.07,7432
35.09,7431
35.10,7430
35.11,7429
35.12,7428
35.13,7427
35.15,7426
35.16,7425
35.17,7424
35.18,7423
35.19,7422
35.21,7421
35.22,7420
35.23,7419
35.24,7418
35.25,7417
35.26,7416
35.28,7415
35.29,7414
35.30,7413
35.31,7412
35.32,7411
35.34,7410
35.35,7409
35.36,7408
35.37,7407
35.38,7406
35.40,7405
35.41,7404
35.42,7403
35.43,7402
35.44,7401
35.45,7400
35.47,7399
35.48,7398
35.49,7397
35.50,7396
35.51,7395
35.53,7394
35.54,7393
35.55,7392
35.56,7391
35.58,7390
35.59,7389
35.60,7388
35.61,7387
35.62,7386
35.64,7385
35.65,7384
35.66,7383
35.67,7382
35.69,7381
35.70,7380
35.71,7379
35.72,7378
35.74,7377
35.75,7376
35.76,7375
35.77,7374
35.79,7373
35.80,7372
35.81,7371
35.82,7370
35.83,7369
35.85,7368
35.86,7367
35.87,7366
35.88,7365
35.89,7364
35.91,7363
35.92,7362
35.93,7361
35.94,7360
35.95,7359
35.97,7358
35.98,7357
35.99,7356
36.00,7355
36.01,7354
36.03,7353
36.04,7352
36.05,7351
36.06,7350
36.07,7349
36.09,7348
36.10,7347
36.11,7346
36.12,7345
36.13,7344
36.14,7343
36.16,7342
36.17,7341
36.18,7340
36.19,7339
36.20,7338
36.22,7337
36.23,7336
36.24,7335
36.25,7334
36.26,7333
36.28,7332
36.29,7331
36.30,7330
36.31,7329
36.32,7328
36.34,7327
36.35,7326
36.36,7325
36.37,7324
36.39,7323
36.40,7322
36.41,7321
36.42,7320
36.43,7319
36.44,7318
36.46,7317
36.47,7316
36.48,7315
36.49,7314
36.50,7313
36.52,7312
36.53,7311
36.54,7310
36.55,7309
36.56,7308
36.58,7307
36.59,7306
36.60,7305
36.61,7304
36.62,7303
36.64,7302
36.65,7301
36.66,7300
36.67,7299
36.68,7298
36.69,7297
36.71,7296
36.72,7295
36.73,7294
36.74,7293
36.75,7292
36.77,7291
36.78,7290
36.79,7289
36.80,7288
36.81,7287
36.82,7286
36.84,7285
36.85,7284
36.86,7283
36.87,7282
36.88,7281
36.90,7280
36.91,7279
36.92,7278
36.93,7277
36.94,7276
36.96,7275
36.97,7274
36.98,7273
36.99,7272
37.00,7271
37.02,7270
37.03,7269
37.04,7268
37.05,7267
37.06,7266
37.08,7265
37.09,7264
37.10,7263
37.11,7262
37.12,7261
37.14,7260
37.15,7259
37.16,7258
37.17,7257
37.18,7256
37.20,7255
37.21,7254
37.22,7253
37.23,7252
37.24,7251
37.25,7250
37.27,7249
37.28,7248
37.29,7247
37.30,7246
37.31,7245
37.33,7244
37.34,7243
37.35,7242
37.36,7241
37.37,7240
37.39,7239
37.40,7238
37.41,7237
37.42,7236
37.43,7235
37.45,7234
37.46,7233
37.47,7232
37.48,7231
37.49,7230
37.51,7229
37.52,7228
37.53,7227
37.54,7226
37.55,7225
37.57,7224
37.58,7223
37.59,7222
37.60,7221
37.61,7220
37.63,7219
37.64,7218
37.65,7217
37.66,7216
37.67,7215
37.69,7214
37.70,7213
37.71,7212
37.72,7211
37.73,7210
37.75,7209
37.76,7208
37.77,7207
37.78,7206
37.79,7205
37.80,7204
37.82,7203
37.83,7202
37.84,7201
37.85,7200
37.86,7199
37.87,7198
37.89,7197
37.90,7196
37.91,7195
37.92,7194
37.93,7193
37.95,7192
37.96,7191
37.97,7190
37.98,7189
37.99,7188
38.01,7187
38.02,7186
38.03,7185
38.04,7184
38.05,7183
38.06,7182
38.08,7181
38.09,7180
38.10,7179
38.11,7178
38.12,7177
38.13,7176
38.14,7175
38.16,7174
38.17,7173
38.18,7172
38.19,7171
38.20,7170
38.21,7169
38.23,7168
38.24,7167
38.25,7166
38.26,7165
38.27,7164
38.28,7163
38.29,7162
38.31,7161
38.32,7160
38.33,7159
38.34,7158
38.35,7157
38.36,7156
38.38,7155
38.39,7154
38.40,7153
38.41,7152
38.42,7151
38.43,7150
38.45,7149
38.46,7148
38.47,7147
38.48,7146
38.49,7145
38.51,7144
38.52,7143
38.53,7142
38.54,7141
38.55,7140
38.57,7139
38.58,7138
38.59,7137
38.60,7136
38.61,7135
38.62,7134
38.64,7133
38.65,7132
38.66,7131
38.67,7130
38.68,7129
38.70,7128
38.71,7127
38.72,7126
38.73,7125
38.74,7124
38.75,7123
38.77,7122
38.78,7121
38.79,7120
38.80,7119
38.81,7118
38.82,7117
38.84,7116
38.85,7115
38.86,7114
38.87,7113
38.89,7112
38.90,7111
38.91,7110
38.92,7109
38.93,7108
38.94,7107
38.96,7106
38.97,7105
38.98,7104
38.99,7103
39.00,7102
39.02,7101
39.03,7100
39.04,7099
39.05,7098
39.06,7097
39.07,7096
39.09,7095
39.10,7094
39.11,7093
39.12,7092
39.13,7091
39.15,7090
39.16,7089
39.17,7088
39.18,7087
39.19,7086
39.21,7085
39.22,7084
39.23,7083
39.24,7082
39.25,7081
39.27,7080
39.28,7079
39.29,7078
39.30,7077
39.31,7076
39.33,7075
39.34,7074
39.35,7073
39.36,7072
39.37,7071
39.38,7070
39.40,7069
39.41,7068
39.42,7067
39.43,7066
39.45,7065
39.46,7064
39.48,7063
39.49,7062
39.50,7061
39.52,7060
39.53,7059
39.54,7058
39.55,7057
39.56,7056
39.57,7055
39.59,7054
39.60,7053
39.61,7052
39.62,7051
39.63,7050
39.65,7049
39.66,7048
39.67,7047
39.68,7046
39.69,7045
39.71,7044
39.72,7043
39.73,7042
39.74,7041
39.76,7040
39.77,7039
39.78,7038
39.79,7037
39.80,7036
39.82,7035
39.83,7034
39.84,7033
39.87,7032
39.89,7031
39.90,7030
39.91,7029
39.97,7028
39.98,7027
