1.15,6882
1.27,6881
1.30,6880
1.32,6879
1.34,6878
1.37,6877
1.38,6876
1.40,6875
1.43,6874
1.45,6873
1.46,6872
1.47,6871
1.49,6870
1.50,6869
1.52,6868
1.53,6867
1.54,6866
1.56,6865
1.57,6864
1.58,6863
1.60,6862
1.61,6861
1.62,6860
1.64,6859
1.65,6858
1.66,6857
1.68,6856
1.69,6855
1.70,6854
1.72,6853
1.73,6852
1.74,6851
1.76,6850
1.77,6849
1.78,6848
1.80,6847
1.81,6846
1.82,6845
1.84,6844
1.85,6843
1.86,6842
1.88,6841
1.89,6840
1.90,6839
1.92,6838
1.93,6837
1.94,6836
1.96,6835
1.97,6834
2.00,6833
2.01,6832
2.02,6831
2.04,6830
2.05,6829
2.06,6828
2.08,6827
2.09,6826
2.10,6825
2.12,6824
2.13,6823
2.14,6822
2.15,6821
2.17,6820
2.18,6819
2.20,6818
2.21,6817
2.22,6816
2.24,6815
2.25,6814
2.26,6813
2.28,6812
2.29,6811
2.30,6810
2.32,6809
2.33,6808
2.34,6807
2.35,6806
2.37,6805
2.38,6804
2.39,6803
2.41,6802
2.42,6801
2.43,6800
2.45,6799
2.46,6798
2.47,6797
2.49,6796
2.50,6795
2.51,6794
2.53,6793
2.54,6792
2.55,6791
2.56,6790
2.58,6789
2.59,6788
2.60,6787
2.62,6786
2.63,6785
2.65,6784
2.66,6783
2.68,6782
2.69,6781
2.71,6780
2.72,6779
2.74,6778
2.75,6777
2.77,6776
2.79,6775
2.80,6774
2.81,6773
2.83,6772
2.84,6771
2.86,6770
2.87,6769
2.89,6768
2.90,6767
2.92,6766
2.93,6765
2.95,6764
2.96,6763
2.98,6762
2.99,6761
3.01,6760
3.02,6759
3.04,6758
3.05,6757
3.07,6756
3.08,6755
3.10,6754
3.13,6753
3.14,6752
3.15,6751
3.17,6750
3.18,6749
3.19,6748
3.21,6747
3.22,6746
3.23,6745
3.25,6744
3.26,6743
3.27,6742
3.29,6741
3.30,6740
3.31,6739
3.33,6738
3.34,6737
3.35,6736
3.36,6735
3.38,6734
3.39,6733
3.41,6732
3.42,6731
3.43,6730
3.45,6729
3.46,6728
3.47,6727
3.48,6726
3.50,6725
3.51,6724
3.52,6723
3.54,6722
3.55,6721
3.56,6720
3.58,6719
3.59,6718
3.60,6717
3.62,6716
3.63,6715
3.64,6714
3.65,6713
3.67,6712
3.68,6711
3.70,6710
3.71,6709
3.72,6708
3.74,6707
3.75,6706
3.76,6705
3.78,6704
3.79,6703
3.80,6702
3.82,6701
3.83,6700
3.84,6699
3.85,6698
3.87,6697
3.88,6696
3.89,6695
3.91,6694
3.92,6693
3.93,6692
3.95,6691
3.96,6690
3.97,6689
3.99,6688
4.00,6687
4.02,6686
4.03,6685
4.05,6684
4.06,6683
4.08,6682
4.09,6681
4.10,6680
4.12,6679
4.13,6678
4.14,6677
4.16,6676
4.17,6675
4.19,6674
4.20,6673
4.21,6672
4.24,6671
4.25,6670
4.27,6669
4.28,6668
4.29,6667
4.31,6666
4.32,6665
4.34,6664
4.35,6663
4.36,6662
4.38,6661
4.39,6660
4.42,6659
4.44,6658
4.45,6657
4.47,6656
4.48,6655
4.49,6654
4.51,6653
4.53,6652
4.54,6651
4.56,6650
4.57,6649
4.58,6648
4.60,6647
4.61,6646
4.62,6645
4.64,6644
4.65,6643
4.67,6642
4.68,6641
4.69,6640
4.71,6639
4.72,6638
4.73,6637
4.75,6636
4.76,6635
4.77,6634
4.79,6633
4.80,6632
4.82,6631
4.84,6630
4.85,6629
4.86,6628
4.88,6627
4.89,6626
4.90,6625
4.92,6624
4.93,6623
4.95,6622
4.96,6621
4.97,6620
4.99,6619
5.00,6618
5.01,6617
5.03,6616
5.04,6615
5.06,6614
5.07,6613
5.09,6612
5.11,6611
5.12,6610
5.14,6609
5.16,6608
5.17,6607
5.18,6606
5.20,6605
5.21,6604
5.22,6603
5.24,6602
5.25,6601
5.27,6600
5.29,6599
5.30,6598
5.32,6597
5.33,6596
5.35,6595
5.36,6594
5.37,6593
5.39,6592
5.40,6591
5.42,6590
5.43,6589
5.44,6588
5.46,6587
5.47,6586
5.49,6585
5.50,6584
5.52,6583
5.53,6582
5.55,6581
5.56,6580
5.59,6579
5.61,6578
5.62,6577
5.64,6576
5.65,6575
5.67,6574
5.70,6573
5.72,6572
5.73,6571
5.75,6570
5.76,6569
5.81,6568
5.82,6567
5.84,6566
5.86,6565
5.88,6564
5.89,6563
5.91,6562
5.92,6561
5.94,6560
5.95,6559
5.97,6558
5.98,6557
6.00,6556
6.02,6555
6.03,6554
6.04,6553
6.06,6552
6.07,6551
6.09,6550
6.10,6549
6.12,6548
6.14,6547
6.16,6546
6.17,6545
6.19,6544
6.20,6543
6.22,6542
6.23,6541
6.25,6540
6.27,6539
6.28,6538
6.30,6537
6.33,6536
6.34,6535
6.36,6534
6.37,6533
6.39,6532
6.40,6531
6.42,6530
6.44,6529
6.46,6528
6.47,6527
6.49,6526
6.50,6525
6.54,6524
6.60,6523
6.61,6522
6.63,6521
6.67,6520
6.68,6519
6.70,6518
6.71,6517
6.74,6516
6.75,6515
6.77,6514
6.78,6513
6.80,6512
6.81,6511
6.83,6510
6.85,6509
6.87,6508
6.88,6507
6.89,6506
6.92,6505
6.95,6504
6.97,6503
6.98,6502
6.99,6501
7.01,6500
7.02,6499
7.04,6498
7.06,6497
7.11,6496
7.13,6495
7.15,6494
7.17,6493
7.18,6492
7.20,6491
7.22,6490
7.23,6489
7.25,6488
7.26,6487
7.28,6486
7.29,6485
7.31,6484
7.34,6483
7.35,6482
7.37,6481
7.39,6480
7.41,6479
7.42,6478
7.44,6477
7.46,6476
7.47,6475
7.51,6474
7.52,6473
7.53,6472
7.56,6471
7.58,6470
7.59,6469
7.60,6468
7.63,6467
7.65,6466
7.66,6465
7.69,6464
7.70,6463
7.72,6462
7.73,6461
7.74,6460
7.76,6459
7.77,6458
7.79,6457
7.80,6456
7.81,6455
7.83,6454
7.84,6453
7.86,6452
7.87,6451
7.89,6450
7.90,6449
7.91,6448
7.93,6447
7.94,6446
7.96,6445
7.97,6444
7.99,6443
8.00,6442
8.01,6441
8.03,6440
8.04,6439
8.06,6438
8.07,6437
8.08,6436
8.10,6435
8.11,6434
8.13,6433
8.14,6432
8.17,6431
8.18,6430
8.20,6429
8.21,6428
8.23,6427
8.24,6426
8.25,6425
8.27,6424
8.28,6423
8.30,6422
8.31,6421
8.33,6420
8.34,6419
8.35,6418
8.37,6417
8.38,6416
8.39,6415
8.41,6414
8.42,6413
8.44,6412
8.45,6411
8.47,6410
8.48,6409
8.49,6408
8.51,6407
8.52,6406
8.54,6405
8.55,6404
8.57,6403
8.58,6402
8.60,6401
8.61,6400
8.62,6399
8.64,6398
8.65,6397
8.67,6396
8.68,6395
8.69,6394
8.71,6393
8.72,6392
8.74,6391
8.75,6390
8.77,6389
8.78,6388
8.79,6387
8.81,6386
8.82,6385
8.84,6384
8.86,6383
8.87,6382
8.89,6381
8.90,6380
8.91,6379
8.93,6378
8.94,6377
8.96,6376
8.97,6375
8.98,6374
9.00,6373
9.01,6372
9.03,6371
9.04,6370
9.06,6369
9.07,6368
9.08,6367
9.10,6366
9.11,6365
9.13,6364
9.14,6363
9.15,6362
9.17,6361
9.18,6360
9.20,6359
9.21,6358
9.23,6357
9.24,6356
9.26,6355
9.27,6354
9.28,6353
9.30,6352
9.31,6351
9.33,6350
9.34,6349
9.35,6348
9.37,6347
9.38,6346
9.40,6345
9.41,6344
9.42,6343
9.44,6342
9.45,6341
9.47,6340
9.48,6339
9.50,6338
9.51,6337
9.52,6336
9.54,6335
9.55,6334
9.56,6333
9.58,6332
9.59,6331
9.61,6330
9.62,6329
9.64,6328
9.65,6327
9.66,6326
9.68,6325
9.69,6324
9.71,6323
9.72,6322
9.74,6321
9.75,6320
9.76,6319
9.78,6318
9.79,6317
9.81,6316
9.82,6315
9.83,6314
9.85,6313
9.86,6312
9.88,6311
9.89,6310
9.90,6309
9.92,6308
9.93,6307
9.95,6306
9.97,6305
9.98,6304
10.00,6303
10.01,6302
10.02,6301
10.04,6300
10.05,6299
10.07,6298
10.08,6297
10.09,6296
10.11,6295
10.12,6294
10.14,6293
10.15,6292
10.17,6291
10.19,6290
10.20,6289
10.21,6288
10.23,6287
10.24,6286
10.26,6285
10.27,6284
10.28,6283
10.30,6282
10.31,6281
10.32,6280
10.34,6279
10.35,6278
10.37,6277
10.38,6276
10.40,6275
10.41,6274
10.42,6273
10.44,6272
10.45,6271
10.47,6270
10.48,6269
10.50,6268
10.51,6267
10.52,6266
10.54,6265
10.55,6264
10.57,6263
10.58,6262
10.60,6261
10.61,6260
10.63,6259
10.64,6258
10.65,6257
10.67,6256
10.68,6255
10.70,6254
10.71,6253
10.73,6252
10.74,6251
10.75,6250
10.77,6249
10.78,6248
10.80,6247
10.81,6246
10.83,6245
10.85,6244
10.86,6243
10.88,6242
10.89,6241
10.90,6240
10.92,6239
10.93,6238
10.95,6237
10.96,6236
10.97,6235
10.99,6234
11.00,6233
11.02,6232
11.03,6231
11.04,6230
11.06,6229
11.07,6228
11.09,6227
11.10,6226
11.12,6225
11.13,6224
11.14,6223
11.16,6222
11.17,6221
11.19,6220
11.20,6219
11.22,6218
11.23,6217
11.25,6216
11.26,6215
11.28,6214
11.29,6213
11.30,6212
11.32,6211
11.33,6210
11.35,6209
11.36,6208
11.38,6207
11.39,6206
11.40,6205
11.42,6204
11.43,6203
11.45,6202
11.46,6201
11.47,6200
11.49,6199
11.50,6198
11.52,6197
11.53,6196
11.54,6195
11.56,6194
11.57,6193
11.59,6192
11.60,6191
11.62,6190
11.63,6189
11.64,6188
11.66,6187
11.67,6186
11.69,6185
11.70,6184
11.72,6183
11.74,6182
11.75,6181
11.77,6180
11.79,6179
11.80,6178
11.81,6177
11.83,6176
11.84,6175
11.86,6174
11.88,6173
11.89,6172
11.91,6171
11.92,6170
11.94,6169
11.96,6168
11.97,6167
11.99,6166
12.00,6165
12.02,6164
12.03,6163
12.05,6162
12.07,6161
12.08,6160
12.10,6159
12.11,6158
12.13,6157
12.15,6156
12.16,6155
12.18,6154
12.19,6153
12.21,6152
12.22,6151
12.24,6150
12.26,6149
12.27,6148
12.29,6147
12.30,6146
12.32,6145
12.34,6144
12.35,6143
12.37,6142
12.38,6141
12.40,6140
12.41,6139
12.43,6138
12.44,6137
12.46,6136
12.47,6135
12.49,6134
12.50,6133
12.52,6132
12.54,6131
12.55,6130
12.57,6129
12.58,6128
12.60,6127
12.61,6126
12.63,6125
12.64,6124
12.66,6123
12.68,6122
12.69,6121
12.71,6120
12.72,6119
12.74,6118
12.75,6117
12.77,6116
12.78,6115
12.80,6114
12.82,6113
12.83,6112
12.85,6111
12.86,6110
12.88,6109
12.90,6108
12.91,6107
12.93,6106
12.95,6105
12.97,6104
12.98,6103
13.00,6102
13.01,6101
13.03,6100
13.04,6099
13.06,6098
13.08,6097
13.09,6096
13.11,6095
13.12,6094
13.14,6093
13.15,6092
13.17,6091
13.19,6090
13.20,6089
13.22,6088
13.23,6087
13.25,6086
13.27,6085
13.28,6084
13.30,6083
13.31,6082
13.33,6081
13.35,6080
13.36,6079
13.38,6078
13.39,6077
13.41,6076
13.43,6075
13.44,6074
13.46,6073
13.47,6072
13.49,6071
13.50,6070
13.52,6069
13.54,6068
13.55,6067
13.57,6066
13.58,6065
13.60,6064
13.61,6063
13.63,6062
13.65,6061
13.66,6060
13.68,6059
13.69,6058
13.71,6057
13.73,6056
13.74,6055
13.76,6054
13.77,6053
13.79,6052
13.80,6051
13.82,6050
13.84,6049
13.85,6048
13.87,6047
13.88,6046
13.90,6045
13.91,6044
13.93,6043
13.95,6042
13.96,6041
13.98,6040
13.99,6039
14.01,6038
14.03,6037
14.04,6036
14.06,6035
14.07,6034
14.09,6033
14.10,6032
14.12,6031
14.14,6030
14.15,6029
14.17,6028
14.18,6027
14.20,6026
14.21,6025
14.24,6024
14.25,6023
14.27,6022
14.29,6021
14.30,6020
14.32,6019
14.33,6018
14.35,6017
14.37,6016
14.39,6015
14.40,6014
14.42,6013
14.44,6012
14.45,6011
14.46,6010
14.48,6009
14.49,6008
14.51,6007
14.52,6006
14.54,6005
14.55,6004
14.56,6003
14.58,6002
14.59,6001
14.61,6000
14.62,5999
14.63,5998
14.65,5997
14.66,5996
14.68,5995
14.69,5994
14.71,5993
14.72,5992
14.74,5991
14.75,5990
14.76,5989
14.78,5988
14.79,5987
14.81,5986
14.82,5985
14.83,5984
14.85,5983
14.86,5982
14.88,5981
14.89,5980
14.90,5979
14.92,5978
14.93,5977
14.95,5976
14.96,5975
14.97,5974
14.99,5973
15.00,5972
15.02,5971
15.03,5970
15.04,5969
15.06,5968
15.07,5967
15.09,5966
15.10,5965
15.11,5964
15.13,5963
15.14,5962
15.16,5961
15.17,5960
15.18,5959
15.20,5958
15.21,5957
15.23,5956
15.24,5955
15.26,5954
15.27,5953
15.28,5952
15.30,5951
15.31,5950
15.33,5949
15.34,5948
15.36,5947
15.37,5946
15.38,5945
15.40,5944
15.41,5943
15.43,5942
15.44,5941
15.46,5940
15.47,5939
15.49,5938
15.51,5937
15.52,5936
15.54,5935
15.55,5934
15.57,5933
15.58,5932
15.59,5931
15.61,5930
15.62,5929
15.64,5928
15.65,5927
15.67,5926
15.68,5925
15.69,5924
15.71,5923
15.72,5922
15.74,5921
15.75,5920
15.76,5919
15.78,5918
15.79,5917
15.81,5916
15.82,5915
15.84,5914
15.85,5913
15.87,5912
15.88,5911
15.89,5910
15.91,5909
15.92,5908
15.94,5907
15.95,5906
15.96,5905
15.98,5904
15.99,5903
16.00,5902
16.02,5901
16.03,5900
16.05,5899
16.06,5898
16.07,5897
16.09,5896
16.11,5895
16.12,5894
16.13,5893
16.15,5892
16.16,5891
16.17,5890
16.19,5889
16.20,5888
16.22,5887
16.23,5886
16.24,5885
16.26,5884
16.27,5883
16.28,5882
16.30,5881
16.31,5880
16.33,5879
16.34,5878
16.35,5877
16.37,5876
16.38,5875
16.39,5874
16.41,5873
16.42,5872
16.44,5871
16.45,5870
16.46,5869
16.48,5868
16.49,5867
16.50,5866
16.52,5865
16.53,5864
16.55,5863
16.56,5862
16.57,5861
16.59,5860
16.60,5859
16.62,5858
16.63,5857
16.64,5856
16.66,5855
16.67,5854
16.69,5853
16.70,5852
16.71,5851
16.73,5850
16.74,5849
16.76,5848
16.77,5847
16.78,5846
16.80,5845
16.81,5844
16.83,5843
16.84,5842
16.85,5841
16.87,5840
16.88,5839
16.89,5838
16.91,5837
16.92,5836
16.94,5835
16.95,5834
16.96,5833
16.98,5832
16.99,5831
17.01,5830
17.02,5829
17.04,5828
17.05,5827
17.06,5826
17.08,5825
17.09,5824
17.11,5823
17.12,5822
17.13,5821
17.15,5820
17.16,5819
17.18,5818
17.19,5817
17.20,5816
17.22,5815
17.23,5814
17.25,5813
17.26,5812
17.27,5811
17.29,5810
17.30,5809
17.32,5808
17.33,5807
17.35,5806
17.36,5805
17.38,5804
17.39,5803
17.40,5802
17.42,5801
17.43,5800
17.45,5799
17.46,5798
17.47,5797
17.49,5796
17.50,5795
17.52,5794
17.53,5793
17.54,5792
17.56,5791
17.57,5790
17.59,5789
17.60,5788
17.62,5787
17.63,5786
17.65,5785
17.66,5784
17.67,5783
17.69,5782
17.70,5781
17.72,5780
17.73,5779
17.74,5778
17.76,5777
17.77,5776
17.79,5775
17.80,5774
17.82,5773
17.83,5772
17.84,5771
17.86,5770
17.87,5769
17.89,5768
17.90,5767
17.91,5766
17.93,5765
17.94,5764
17.96,5763
17.97,5762
17.98,5761
18.00,5760
18.01,5759
18.03,5758
18.04,5757
18.05,5756
18.07,5755
18.08,5754
18.10,5753
18.11,5752
18.12,5751
18.14,5750
18.15,5749
18.17,5748
18.18,5747
18.20,5746
18.21,5745
18.22,5744
18.24,5743
18.25,5742
18.27,5741
18.28,5740
18.30,5739
18.31,5738
18.32,5737
18.34,5736
18.35,5735
18.37,5734
18.38,5733
18.40,5732
18.41,5731
18.42,5730
18.44,5729
18.45,5728
18.47,5727
18.48,5726
18.50,5725
18.51,5724
18.53,5723
18.54,5722
18.55,5721
18.57,5720
18.58,5719
18.60,5718
18.61,5717
18.63,5716
18.64,5715
18.65,5714
18.67,5713
18.68,5712
18.70,5711
18.71,5710
18.73,5709
18.74,5708
18.75,5707
18.77,5706
18.78,5705
18.80,5704
18.81,5703
18.82,5702
18.84,5701
18.85,5700
18.87,5699
18.88,5698
18.89,5697
18.91,5696
18.92,5695
18.94,5694
18.95,5693
18.97,5692
18.98,5691
18.99,5690
19.01,5689
19.02,5688
19.04,5687
19.05,5686
19.06,5685
19.08,5684
19.09,5683
19.11,5682
19.12,5681
19.14,5680
19.15,5679
19.16,5678
19.18,5677
19.19,5676
19.21,5675
19.22,5674
19.23,5673
19.25,5672
19.26,5671
19.28,5670
19.29,5669
19.31,5668
19.32,5667
19.33,5666
19.35,5665
19.36,5664
19.38,5663
19.39,5662
19.41,5661
19.42,5660
19.43,5659
19.45,5658
19.46,5657
19.47,5656
19.49,5655
19.50,5654
19.52,5653
19.53,5652
19.55,5651
19.56,5650
19.57,5649
19.59,5648
19.60,5647
19.62,5646
19.63,5645
19.64,5644
19.66,5643
19.67,5642
19.68,5641
19.70,5640
19.71,5639
19.73,5638
19.74,5637
19.75,5636
19.77,5635
19.78,5634
19.80,5633
19.81,5632
19.82,5631
19.84,5630
19.85,5629
19.87,5628
19.88,5627
19.89,5626
19.91,5625
19.92,5624
19.94,5623
19.95,5622
19.97,5621
19.98,5620
19.99,5619
20.01,5618
20.02,5617
20.04,5616
20.05,5615
20.06,5614
20.08,5613
20.09,5612
20.11,5611
20.12,5610
20.14,5609
20.15,5608
20.16,5607
20.18,5606
20.19,5605
20.21,5604
20.22,5603
20.23,5602
20.25,5601
20.26,5600
20.27,5599
20.29,5598
20.30,5597
20.32,5596
20.33,5595
20.34,5594
20.36,5593
20.37,5592
20.39,5591
20.40,5590
20.41,5589
20.43,5588
20.44,5587
20.46,5586
20.47,5585
20.48,5584
20.50,5583
20.51,5582
20.52,5581
20.54,5580
20.55,5579
20.57,5578
20.58,5577
20.59,5576
20.61,5575
20.62,5574
20.63,5573
20.65,5572
20.66,5571
20.67,5570
20.69,5569
20.70,5568
20.71,5567
20.73,5566
20.74,5565
20.75,5564
20.77,5563
20.78,5562
20.79,5561
20.81,5560
20.82,5559
20.83,5558
20.85,5557
20.86,5556
20.87,5555
20.89,5554
20.90,5553
20.91,5552
20.93,5551
20.94,5550
20.95,5549
20.97,5548
20.98,5547
20.99,5546
21.01,5545
21.02,5544
21.03,5543
21.05,5542
21.06,5541
21.07,5540
21.09,5539
21.10,5538
21.11,5537
21.13,5536
21.14,5535
21.16,5534
21.17,5533
21.18,5532
21.20,5531
21.21,5530
21.23,5529
21.24,5528
21.25,5527
21.27,5526
21.28,5525
21.29,5524
21.31,5523
21.32,5522
21.34,5521
21.35,5520
21.36,5519
21.38,5518
21.39,5517
21.40,5516
21.42,5515
21.43,5514
21.45,5513
21.46,5512
21.47,5511
21.49,5510
21.50,5509
21.52,5508
21.53,5507
21.54,5506
21.56,5505
21.57,5504
21.59,5503
21.60,5502
21.61,5501
21.63,5500
21.64,5499
21.66,5498
21.67,5497
21.68,5496
21.70,5495
21.71,5494
21.72,5493
21.74,5492
21.75,5491
21.77,5490
21.78,5489
21.79,5488
21.81,5487
21.82,5486
21.84,5485
21.85,5484
21.86,5483
21.88,5482
21.89,5481
21.90,5480
21.92,5479
21.93,5478
21.95,5477
21.96,5476
21.97,5475
21.99,5474
22.00,5473
22.02,5472
22.03,5471
22.04,5470
22.06,5469
22.07,5468
22.08,5467
22.10,5466
22.11,5465
22.13,5464
22.14,5463
22.15,5462
22.17,5461
22.18,5460
22.19,5459
22.21,5458
22.22,5457
22.24,5456
22.25,5455
22.26,5454
22.28,5453
22.29,5452
22.31,5451
22.32,5450
22.33,5449
22.35,5448
22.36,5447
22.37,5446
22.39,5445
22.40,5444
22.42,5443
22.43,5442
22.44,5441
22.46,5440
22.47,5439
22.48,5438
22.50,5437
22.51,5436
22.53,5435
22.54,5434
22.55,5433
22.57,5432
22.58,5431
22.60,5430
22.61,5429
22.62,5428
22.64,5427
22.65,5426
22.67,5425
22.68,5424
22.69,5423
22.71,5422
22.72,5421
22.73,5420
22.75,5419
22.76,5418
22.78,5417
22.79,5416
22.80,5415
22.82,5414
22.83,5413
22.84,5412
22.86,5411
22.87,5410
22.89,5409
22.90,5408
22.91,5407
22.93,5406
22.94,5405
22.95,5404
22.97,5403
22.98,5402
23.00,5401
23.01,5400
23.02,5399
23.04,5398
23.05,5397
23.06,5396
23.08,5395
23.09,5394
23.10,5393
23.12,5392
23.13,5391
23.14,5390
23.16,5389
23.17,5388
23.19,5387
23.20,5386
23.21,5385
23.23,5384
23.24,5383
23.25,5382
23.27,5381
23.28,5380
23.29,5379
23.31,5378
23.32,5377
23.34,5376
23.35,5375
23.36,5374
23.38,5373
23.39,5372
23.40,5371
23.42,5370
23.43,5369
23.44,5368
23.46,5367
23.47,5366
23.49,5365
23.50,5364
23.51,5363
23.53,5362
23.54,5361
23.55,5360
23.57,5359
23.58,5358
23.59,5357
23.61,5356
23.62,5355
23.63,5354
23.65,5353
23.66,5352
23.67,5351
23.69,5350
23.70,5349
23.72,5348
23.73,5347
23.74,5346
23.76,5345
23.77,5344
23.78,5343
23.80,5342
23.81,5341
23.82,5340
23.84,5339
23.85,5338
23.87,5337
23.88,5336
23.89,5335
23.91,5334
23.92,5333
23.93,5332
23.95,5331
23.96,5330
23.97,5329
23.99,5328
24.00,5327
24.02,5326
24.03,5325
24.04,5324
24.06,5323
24.07,5322
24.08,5321
24.10,5320
24.11,5319
24.13,5318
24.14,5317
24.15,5316
24.17,5315
24.18,5314
24.19,5313
24.21,5312
24.22,5311
24.23,5310
24.25,5309
24.26,5308
24.27,5307
24.29,5306
24.30,5305
24.31,5304
24.33,5303
24.34,5302
24.35,5301
24.37,5300
24.38,5299
24.39,5298
24.41,5297
24.42,5296
24.44,5295
24.45,5294
24.46,5293
24.48,5292
24.49,5291
24.50,5290
24.52,5289
24.53,5288
24.54,5287
24.56,5286
24.57,5285
24.58,5284
24.60,5283
24.61,5282
24.62,5281
24.64,5280
24.65,5279
24.66,5278
24.68,5277
24.69,5276
24.70,5275
24.72,5274
24.73,5273
24.74,5272
24.76,5271
24.77,5270
24.78,5269
24.80,5268
24.81,5267
24.82,5266
24.84,5265
24.85,5264
24.86,5263
24.88,5262
24.89,5261
24.90,5260
24.92,5259
24.93,5258
24.94,5257
24.96,5256
24.97,5255
24.98,5254
25.00,5253
25.01,5252
25.03,5251
25.04,5250
25.05,5249
25.07,5248
25.08,5247
25.09,5246
25.11,5245
25.12,5244
25.13,5243
25.15,5242
25.16,5241
25.17,5240
25.19,5239
25.20,5238
25.21,5237
25.23,5236
25.24,5235
25.25,5234
25.27,5233
25.28,5232
25.29,5231
25.31,5230
25.32,5229
25.33,5228
25.34,5227
25.36,5226
25.37,5225
25.38,5224
25.40,5223
25.41,5222
25.42,5221
25.44,5220
25.45,5219
25.46,5218
25.48,5217
25.50,5216
25.51,5215
25.52,5214
25.54,5213
25.55,5212
25.56,5211
25.58,5210
25.59,5209
25.60,5208
25.62,5207
25.63,5206
25.64,5205
25.66,5204
25.67,5203
25.68,5202
25.70,5201
25.71,5200
25.72,5199
25.74,5198
25.75,5197
25.76,5196
25.77,5195
25.79,5194
25.80,5193
25.81,5192
25.83,5191
25.84,5190
25.85,5189
25.87,5188
25.88,5187
25.89,5186
25.90,5185
25.92,5184
25.93,5183
25.94,5182
25.96,5181
25.97,5180
25.98,5179
25.99,5178
26.01,5177
26.02,5176
26.03,5175
26.05,5174
26.06,5173
26.07,5172
26.09,5171
26.10,5170
26.11,5169
26.13,5168
26.14,5167
26.15,5166
26.16,5165
26.18,5164
26.19,5163
26.20,5162
26.22,5161
26.23,5160
26.24,5159
26.26,5158
26.27,5157
26.28,5156
26.30,5155
26.31,5154
26.32,5153
26.34,5152
26.35,5151
26.36,5150
26.38,5149
26.39,5148
26.40,5147
26.42,5146
26.43,5145
26.44,5144
26.46,5143
26.47,5142
26.48,5141
26.50,5140
26.51,5139
26.52,5138
26.54,5137
26.55,5136
26.56,5135
26.57,5134
26.59,5133
26.60,5132
26.61,5131
26.63,5130
26.64,5129
26.65,5128
26.67,5127
26.68,5126
26.69,5125
26.71,5124
26.72,5123
26.73,5122
26.75,5121
26.76,5120
26.77,5119
26.79,5118
26.80,5117
26.81,5116
26.83,5115
26.84,5114
26.85,5113
26.86,5112
26.88,5111
26.89,5110
26.90,5109
26.92,5108
26.93,5107
26.94,5106
26.96,5105
26.97,5104
26.98,5103
27.00,5102
27.01,5101
27.02,5100
27.04,5099
27.05,5098
27.06,5097
27.07,5096
27.09,5095
27.10,5094
27.12,5093
27.13,5092
27.14,5091
27.15,5090
27.17,5089
27.18,5088
27.19,5087
27.21,5086
27.22,5085
27.23,5084
27.24,5083
27.26,5082
27.27,5081
27.28,5080
27.29,5079
27.31,5078
27.32,5077
27.33,5076
27.35,5075
27.36,5074
27.37,5073
27.38,5072
27.40,5071
27.41,5070
27.42,5069
27.44,5068
27.45,5067
27.46,5066
27.47,5065
27.49,5064
27.50,5063
27.51,5062
27.52,5061
27.54,5060
27.55,5059
27.56,5058
27.58,5057
27.59,5056
27.60,5055
27.61,5054
27.63,5053
27.64,5052
27.65,5051
27.67,5050
27.68,5049
27.69,5048
27.70,5047
27.72,5046
27.73,5045
27.74,5044
27.76,5043
27.77,5042
27.78,5041
27.79,5040
27.81,5039
27.82,5038
27.83,5037
27.85,5036
27.86,5035
27.87,5034
27.89,5033
27.90,5032
27.91,5031
27.93,5030
27.94,5029
27.95,5028
27.96,5027
27.98,5026
27.99,5025
28.00,5024
28.02,5023
28.03,5022
28.04,5021
28.06,5020
28.07,5019
28.08,5018
28.09,5017
28.11,5016
28.12,5015
28.13,5014
28.15,5013
28.16,5012
28.17,5011
28.18,5010
28.20,5009
28.21,5008
28.22,5007
28.24,5006
28.25,5005
28.26,5004
28.27,5003
28.29,5002
28.30,5001
28.31,5000
28.33,4999
28.34,4998
28.35,4997
28.37,4996
28.38,4995
28.39,4994
28.40,4993
28.42,4992
28.43,4991
28.44,4990
28.45,4989
28.47,4988
28.48,4987
28.49,4986
28.51,4985
28.52,4984
28.53,4983
28.55,4982
28.56,4981
28.57,4980
28.58,4979
28.60,4978
28.61,4977
28.62,4976
28.64,4975
28.65,4974
28.66,4973
28.68,4972
28.69,4971
28.70,4970
28.72,4969
28.73,4968
28.74,4967
28.76,4966
28.77,4965
28.78,4964
28.79,4963
28.81,4962
28.82,4961
28.83,4960
28.85,4959
28.86,4958
28.87,4957
28.89,4956
28.90,4955
28.91,4954
28.92,4953
28.94,4952
28.95,4951
28.96,4950
28.98,4949
28.99,4948
29.00,4947
29.01,4946
29.03,4945
29.04,4944
29.05,4943
29.07,4942
29.08,4941
29.09,4940
29.10,4939
29.12,4938
29.13,4937
29.14,4936
29.16,4935
29.17,4934
29.18,4933
29.19,4932
29.21,4931
29.22,4930
29.23,4929
29.25,4928
29.26,4927
29.27,4926
29.28,4925
29.30,4924
29.31,4923
29.32,4922
29.34,4921
29.35,4920
29.36,4919
29.37,4918
29.39,4917
29.40,4916
29.41,4915
29.43,4914
29.44,4913
29.45,4912
29.46,4911
29.48,4910
29.49,4909
29.50,4908
29.52,4907
29.53,4906
29.54,4905
29.56,4904
29.57,4903
29.58,4902
29.59,4901
29.61,4900
29.62,4899
29.63,4898
29.65,4897
29.66,4896
29.67,4895
29.68,4894
29.70,4893
29.71,4892
29.72,4891
29.73,4890
29.75,4889
29.76,4888
29.77,4887
29.79,4886
29.80,4885
29.81,4884
29.82,4883
29.84,4882
29.86,4881
29.91,4880
29.94,4879
29.97,4878
30.53,4877
30.54,4876
30.55,4875
30.88,4874
30.91,4873
30.93,4872
30.94,4871
31.00,4870
31.03,4869
31.08,4868
31.15,4867
31.27,4866
31.41,4865
31.64,4864
31.67,4863
31.73,4862
31.84,4861
