1.15,6922
1.26,6921
1.29,6920
1.32,6919
1.34,6918
1.36,6917
1.38,6916
1.40,6915
1.42,6914
1.45,6913
1.47,6912
1.48,6911
1.50,6910
1.51,6909
1.52,6908
1.54,6907
1.55,6906
1.56,6905
1.58,6904
1.59,6903
1.61,6902
1.62,6901
1.63,6900
1.65,6899
1.66,6898
1.68,6897
1.69,6896
1.70,6895
1.72,6894
1.73,6893
1.75,6892
1.76,6891
1.77,6890
1.79,6889
1.80,6888
1.82,6887
1.83,6886
1.84,6885
1.86,6884
1.87,6883
1.89,6882
1.90,6881
1.91,6880
1.93,6879
1.94,6878
1.96,6877
1.97,6876
1.99,6875
2.00,6874
2.01,6873
2.04,6872
2.05,6871
2.07,6870
2.08,6869
2.09,6868
2.11,6867
2.12,6866
2.14,6865
2.15,6864
2.17,6863
2.18,6862
2.19,6861
2.21,6860
2.22,6859
2.24,6858
2.25,6857
2.27,6856
2.28,6855
2.29,6854
2.31,6853
2.32,6852
2.34,6851
2.35,6850
2.37,6849
2.38,6848
2.39,6847
2.41,6846
2.42,6845
2.44,6844
2.45,6843
2.46,6842
2.48,6841
2.49,6840
2.50,6839
2.52,6838
2.53,6837
2.55,6836
2.56,6835
2.57,6834
2.59,6833
2.60,6832
2.62,6831
2.63,6830
2.64,6829
2.66,6828
2.67,6827
2.69,6826
2.70,6825
2.72,6824
2.74,6823
2.75,6822
2.77,6821
2.78,6820
2.80,6819
2.81,6818
2.83,6817
2.85,6816
2.86,6815
2.88,6814
2.89,6813
2.91,6812
2.93,6811
2.94,6810
2.96,6809
2.97,6808
2.99,6807
3.01,6806
3.02,6805
3.04,6804
3.05,6803
3.07,6802
3.08,6801
3.10,6800
3.12,6799
3.13,6798
3.15,6797
3.16,6796
3.18,6795
3.19,6794
3.21,6793
3.23,6792
3.25,6791
3.26,6790
3.28,6789
3.29,6788
3.30,6787
3.32,6786
3.33,6785
3.34,6784
3.36,6783
3.37,6782
3.38,6781
3.40,6780
3.41,6779
3.42,6778
3.44,6777
3.45,6776
3.46,6775
3.48,6774
3.49,6773
3.51,6772
3.52,6771
3.53,6770
3.55,6769
3.56,6768
3.57,6767
3.59,6766
3.60,6765
3.61,6764
3.63,6763
3.64,6762
3.65,6761
3.67,6760
3.68,6759
3.70,6758
3.71,6757
3.73,6756
3.74,6755
3.75,6754
3.77,6753
3.78,6752
3.80,6751
3.81,6750
3.83,6749
3.84,6748
3.86,6747
3.87,6746
3.89,6745
3.90,6744
3.92,6743
3.93,6742
3.95,6741
3.96,6740
3.97,6739
3.99,6738
4.00,6737
4.02,6736
4.03,6735
4.04,6734
4.06,6733
4.07,6732
4.08,6731
4.10,6730
4.11,6729
4.13,6728
4.14,6727
4.15,6726
4.17,6725
4.18,6724
4.19,6723
4.21,6722
4.22,6721
4.24,6720
4.25,6719
4.26,6718
4.28,6717
4.29,6716
4.31,6715
4.32,6714
4.33,6713
4.35,6712
4.37,6711
4.39,6710
4.40,6709
4.41,6708
4.43,6707
4.44,6706
4.46,6705
4.47,6704
4.48,6703
4.50,6702
4.51,6701
4.52,6700
4.54,6699
4.55,6698
4.57,6697
4.58,6696
4.59,6695
4.61,6694
4.62,6693
4.63,6692
4.65,6691
4.66,6690
4.68,6689
4.70,6688
4.71,6687
4.72,6686
4.74,6685
4.75,6684
4.76,6683
4.78,6682
4.79,6681
4.80,6680
4.82,6679
4.83,6678
4.85,6677
4.86,6676
4.87,6675
4.89,6674
4.90,6673
4.94,6672
4.96,6671
4.97,6670
4.98,6669
5.00,6668
5.01,6667
5.03,6666
5.04,6665
5.05,6664
5.07,6663
5.08,6662
5.09,6661
5.11,6660
5.12,6659
5.14,6658
5.15,6657
5.16,6656
5.18,6655
5.20,6654
5.21,6653
5.22,6652
5.24,6651
5.25,6650
5.28,6649
5.29,6648
5.30,6647
5.32,6646
5.33,6645
5.34,6644
5.36,6643
5.37,6642
5.38,6641
5.40,6640
5.41,6639
5.42,6638
5.44,6637
5.47,6636
5.48,6635
5.49,6634
5.51,6633
5.53,6632
5.54,6631
5.56,6630
5.57,6629
5.59,6628
5.60,6627
5.61,6626
5.63,6625
5.64,6624
5.66,6623
5.67,6622
5.69,6621
5.70,6620
5.72,6619
5.74,6618
5.75,6617
5.77,6616
5.78,6615
5.80,6614
5.81,6613
5.83,6612
5.84,6611
5.86,6610
5.88,6609
5.89,6608
5.91,6607
5.92,6606
5.94,6605
5.95,6604
5.96,6603
5.98,6602
6.00,6601
6.03,6600
6.04,6599
6.06,6598
6.07,6597
6.09,6596
6.10,6595
6.12,6594
6.13,6593
6.15,6592
6.16,6591
6.18,6590
6.19,6589
6.22,6588
6.23,6587
6.25,6586
6.26,6585
6.28,6584
6.30,6583
6.32,6582
6.33,6581
6.35,6580
6.36,6579
6.38,6578
6.39,6577
6.41,6576
6.44,6575
6.45,6574
6.47,6573
6.53,6572
6.55,6571
6.56,6570
6.58,6569
6.60,6568
6.62,6567
6.63,6566
6.65,6565
6.66,6564
6.68,6563
6.71,6562
6.72,6561
6.74,6560
6.75,6559
6.77,6558
6.79,6557
6.80,6556
6.84,6555
6.85,6554
6.87,6553
6.88,6552
6.89,6551
6.91,6550
6.92,6549
6.93,6548
6.95,6547
6.98,6546
7.00,6545
7.04,6544
7.05,6543
7.06,6542
7.08,6541
7.09,6540
7.10,6539
7.12,6538
7.13,6537
7.15,6536
7.16,6535
7.17,6534
7.19,6533
7.20,6532
7.22,6531
7.23,6530
7.26,6529
7.29,6528
7.30,6527
7.31,6526
7.33,6525
7.36,6524
7.38,6523
7.39,6522
7.41,6521
7.42,6520
7.43,6519
7.45,6518
7.46,6517
7.48,6516
7.50,6515
7.51,6514
7.52,6513
7.54,6512
7.55,6511
7.57,6510
7.58,6509
7.59,6508
7.61,6507
7.63,6506
7.64,6505
7.66,6504
7.68,6503
7.69,6502
7.71,6501
7.73,6500
7.74,6499
7.75,6498
7.77,6497
7.78,6496
7.80,6495
7.81,6494
7.82,6493
7.84,6492
7.85,6491
7.86,6490
7.88,6489
7.90,6488
7.91,6487
7.95,6486
7.97,6485
7.99,6484
8.00,6483
8.02,6482
8.03,6481
8.04,6480
8.06,6479
8.07,6478
8.09,6477
8.10,6476
8.11,6475
8.13,6474
8.14,6473
8.16,6472
8.18,6471
8.19,6470
8.20,6469
8.22,6468
8.23,6467
8.25,6466
8.26,6465
8.28,6464
8.29,6463
8.30,6462
8.32,6461
8.33,6460
8.34,6459
8.36,6458
8.37,6457
8.39,6456
8.40,6455
8.42,6454
8.43,6453
8.44,6452
8.46,6451
8.47,6450
8.49,6449
8.50,6448
8.51,6447
8.53,6446
8.54,6445
8.56,6444
8.57,6443
8.59,6442
8.60,6441
8.61,6440
8.63,6439
8.64,6438
8.66,6437
8.67,6436
8.68,6435
8.70,6434
8.71,6433
8.73,6432
8.74,6431
8.76,6430
8.77,6429
8.79,6428
8.80,6427
8.81,6426
8.83,6425
8.84,6424
8.86,6423
8.87,6422
8.88,6421
8.90,6420
8.91,6419
8.93,6418
8.94,6417
8.96,6416
8.97,6415
8.98,6414
8.99,6413
9.01,6412
9.02,6411
9.03,6410
9.05,6409
9.06,6408
9.08,6407
9.09,6406
9.10,6405
9.12,6404
9.13,6403
9.14,6402
9.16,6401
9.17,6400
9.18,6399
9.20,6398
9.22,6397
9.23,6396
9.25,6395
9.26,6394
9.28,6393
9.29,6392
9.30,6391
9.32,6390
9.33,6389
9.34,6388
9.36,6387
9.37,6386
9.39,6385
9.41,6384
9.42,6383
9.43,6382
9.45,6381
9.46,6380
9.47,6379
9.49,6378
9.50,6377
9.52,6376
9.53,6375
9.54,6374
9.56,6373
9.57,6372
9.59,6371
9.60,6370
9.62,6369
9.63,6368
9.64,6367
9.66,6366
9.67,6365
9.68,6364
9.70,6363
9.71,6362
9.73,6361
9.74,6360
9.76,6359
9.77,6358
9.78,6357
9.80,6356
9.81,6355
9.83,6354
9.84,6353
9.85,6352
9.87,6351
9.88,6350
9.90,6349
9.91,6348
9.92,6347
9.94,6346
9.95,6345
9.97,6344
9.98,6343
10.00,6342
10.01,6341
10.02,6340
10.04,6339
10.05,6338
10.07,6337
10.08,6336
10.10,6335
10.11,6334
10.12,6333
10.14,6332
10.15,6331
10.17,6330
10.18,6329
10.19,6328
10.21,6327
10.22,6326
10.24,6325
10.25,6324
10.26,6323
10.28,6322
10.29,6321
10.31,6320
10.32,6319
10.34,6318
10.35,6317
10.36,6316
10.38,6315
10.39,6314
10.41,6313
10.42,6312
10.43,6311
10.45,6310
10.46,6309
10.48,6308
10.49,6307
10.50,6306
10.52,6305
10.53,6304
10.55,6303
10.56,6302
10.57,6301
10.59,6300
10.60,6299
10.62,6298
10.63,6297
10.65,6296
10.66,6295
10.67,6294
10.69,6293
10.70,6292
10.72,6291
10.73,6290
10.74,6289
10.76,6288
10.77,6287
10.79,6286
10.80,6285
10.81,6284
10.83,6283
10.84,6282
10.86,6281
10.87,6280
10.89,6279
10.90,6278
10.91,6277
10.93,6276
10.94,6275
10.96,6274
10.97,6273
10.99,6272
11.00,6271
11.01,6270
11.03,6269
11.04,6268
11.06,6267
11.07,6266
11.09,6265
11.10,6264
11.11,6263
11.13,6262
11.14,6261
11.16,6260
11.17,6259
11.18,6258
11.20,6257
11.21,6256
11.22,6255
11.24,6254
11.25,6253
11.27,6252
11.28,6251
11.30,6250
11.31,6249
11.33,6248
11.34,6247
11.35,6246
11.37,6245
11.38,6244
11.40,6243
11.41,6242
11.42,6241
11.44,6240
11.45,6239
11.49,6238
11.50,6237
11.51,6236
11.53,6235
11.54,6234
11.56,6233
11.57,6232
11.59,6231
11.60,6230
11.61,6229
11.63,6228
11.64,6227
11.66,6226
11.67,6225
11.68,6224
11.70,6223
11.72,6222
11.73,6221
11.75,6220
11.76,6219
11.78,6218
11.79,6217
11.81,6216
11.83,6215
11.84,6214
11.85,6213
11.87,6212
11.88,6211
11.90,6210
11.91,6209
11.93,6208
11.95,6207
11.96,6206
11.98,6205
11.99,6204
12.01,6203
12.02,6202
12.04,6201
12.06,6200
12.07,6199
12.09,6198
12.10,6197
12.12,6196
12.14,6195
12.15,6194
12.17,6193
12.19,6192
12.20,6191
12.22,6190
12.24,6189
12.25,6188
12.27,6187
12.29,6186
12.30,6185
12.32,6184
12.33,6183
12.35,6182
12.37,6181
12.38,6180
12.40,6179
12.41,6178
12.43,6177
12.44,6176
12.46,6175
12.48,6174
12.49,6173
12.51,6172
12.53,6171
12.54,6170
12.56,6169
12.57,6168
12.59,6167
12.61,6166
12.62,6165
12.64,6164
12.65,6163
12.67,6162
12.68,6161
12.70,6160
12.72,6159
12.73,6158
12.75,6157
12.77,6156
12.79,6155
12.80,6154
12.82,6153
12.83,6152
12.85,6151
12.86,6150
12.88,6149
12.89,6148
12.91,6147
12.92,6146
12.94,6145
12.96,6144
12.97,6143
12.99,6142
13.00,6141
13.02,6140
13.03,6139
13.05,6138
13.07,6137
13.08,6136
13.10,6135
13.11,6134
13.13,6133
13.14,6132
13.16,6131
13.17,6130
13.19,6129
13.20,6128
13.22,6127
13.24,6126
13.25,6125
13.27,6124
13.28,6123
13.30,6122
13.32,6121
13.33,6120
13.35,6119
13.36,6118
13.38,6117
13.40,6116
13.41,6115
13.43,6114
13.44,6113
13.46,6112
13.48,6111
13.49,6110
13.51,6109
13.53,6108
13.54,6107
13.56,6106
13.57,6105
13.59,6104
13.61,6103
13.62,6102
13.64,6101
13.65,6100
13.67,6099
13.69,6098
13.70,6097
13.72,6096
13.73,6095
13.75,6094
13.76,6093
13.78,6092
13.79,6091
13.81,6090
13.83,6089
13.84,6088
13.86,6087
13.87,6086
13.89,6085
13.91,6084
13.92,6083
13.94,6082
13.95,6081
13.97,6080
13.99,6079
14.00,6078
14.02,6077
14.03,6076
14.05,6075
14.07,6074
14.08,6073
14.10,6072
14.11,6071
14.13,6070
14.15,6069
14.17,6068
14.18,6067
14.20,6066
14.22,6065
14.23,6064
14.25,6063
14.26,6062
14.28,6061
14.30,6060
14.31,6059
14.33,6058
14.35,6057
14.36,6056
14.38,6055
14.40,6054
14.41,6053
14.43,6052
14.44,6051
14.46,6050
14.48,6049
14.49,6048
14.50,6047
14.52,6046
14.53,6045
14.55,6044
14.56,6043
14.58,6042
14.59,6041
14.60,6040
14.62,6039
14.63,6038
14.65,6037
14.66,6036
14.67,6035
14.69,6034
14.70,6033
14.72,6032
14.73,6031
14.75,6030
14.76,6029
14.77,6028
14.79,6027
14.80,6026
14.82,6025
14.84,6024
14.85,6023
14.87,6022
14.88,6021
14.89,6020
14.91,6019
14.92,6018
14.94,6017
14.95,6016
14.96,6015
14.98,6014
14.99,6013
15.01,6012
15.02,6011
15.04,6010
15.05,6009
15.06,6008
15.08,6007
15.09,6006
15.11,6005
15.12,6004
15.14,6003
15.15,6002
15.16,6001
15.18,6000
15.19,5999
15.21,5998
15.22,5997
15.24,5996
15.25,5995
15.26,5994
15.28,5993
15.29,5992
15.31,5991
15.32,5990
15.33,5989
15.35,5988
15.36,5987
15.38,5986
15.39,5985
15.41,5984
15.42,5983
15.43,5982
15.45,5981
15.46,5980
15.47,5979
15.49,5978
15.50,5977
15.52,5976
15.53,5975
15.54,5974
15.56,5973
15.57,5972
15.59,5971
15.60,5970
15.61,5969
15.63,5968
15.64,5967
15.65,5966
15.67,5965
15.68,5964
15.70,5963
15.71,5962
15.72,5961
15.74,5960
15.75,5959
15.77,5958
15.78,5957
15.79,5956
15.81,5955
15.82,5954
15.84,5953
15.85,5952
15.86,5951
15.88,5950
15.89,5949
15.91,5948
15.92,5947
15.94,5946
15.95,5945
15.96,5944
15.98,5943
15.99,5942
16.01,5941
16.02,5940
16.04,5939
16.05,5938
16.06,5937
16.08,5936
16.09,5935
16.11,5934
16.12,5933
16.14,5932
16.15,5931
16.16,5930
16.18,5929
16.20,5928
16.21,5927
16.23,5926
16.24,5925
16.25,5924
16.27,5923
16.28,5922
16.30,5921
16.31,5920
16.32,5919
16.34,5918
16.35,5917
16.37,5916
16.38,5915
16.40,5914
16.41,5913
16.42,5912
16.44,5911
16.45,5910
16.47,5909
16.48,5908
16.49,5907
16.51,5906
16.52,5905
16.54,5904
16.55,5903
16.57,5902
16.58,5901
16.59,5900
16.61,5899
16.62,5898
16.64,5897
16.65,5896
16.66,5895
16.68,5894
16.69,5893
16.71,5892
16.72,5891
16.73,5890
16.75,5889
16.76,5888
16.77,5887
16.79,5886
16.80,5885
16.82,5884
16.83,5883
16.84,5882
16.86,5881
16.87,5880
16.89,5879
16.90,5878
16.92,5877
16.93,5876
16.94,5875
16.96,5874
16.98,5873
16.99,5872
17.00,5871
17.02,5870
17.03,5869
17.04,5868
17.06,5867
17.07,5866
17.08,5865
17.10,5864
17.11,5863
17.12,5862
17.14,5861
17.15,5860
17.18,5859
17.19,5858
17.21,5857
17.22,5856
17.23,5855
17.25,5854
17.26,5853
17.27,5852
17.29,5851
17.30,5850
17.32,5849
17.33,5848
17.34,5847
17.36,5846
17.37,5845
17.38,5844
17.40,5843
17.41,5842
17.43,5841
17.44,5840
17.45,5839
17.47,5838
17.48,5837
17.50,5836
17.51,5835
17.53,5834
17.54,5833
17.55,5832
17.57,5831
17.58,5830
17.60,5829
17.61,5828
17.62,5827
17.64,5826
17.65,5825
17.67,5824
17.68,5823
17.70,5822
17.71,5821
17.72,5820
17.74,5819
17.75,5818
17.77,5817
17.78,5816
17.80,5815
17.82,5814
17.83,5813
17.85,5812
17.86,5811
17.87,5810
17.89,5809
17.90,5808
17.92,5807
17.93,5806
17.94,5805
17.96,5804
17.97,5803
17.99,5802
18.00,5801
18.01,5800
18.03,5799
18.04,5798
18.06,5797
18.07,5796
18.08,5795
18.10,5794
18.11,5793
18.13,5792
18.14,5791
18.16,5790
18.17,5789
18.18,5788
18.20,5787
18.21,5786
18.23,5785
18.24,5784
18.25,5783
18.27,5782
18.28,5781
18.30,5780
18.31,5779
18.33,5778
18.34,5777
18.36,5776
18.37,5775
18.38,5774
18.40,5773
18.41,5772
18.43,5771
18.44,5770
18.46,5769
18.47,5768
18.48,5767
18.50,5766
18.51,5765
18.53,5764
18.54,5763
18.55,5762
18.57,5761
18.58,5760
18.60,5759
18.61,5758
18.63,5757
18.64,5756
18.65,5755
18.67,5754
18.68,5753
18.70,5752
18.71,5751
18.73,5750
18.74,5749
18.75,5748
18.77,5747
18.78,5746
18.80,5745
18.81,5744
18.83,5743
18.84,5742
18.85,5741
18.87,5740
18.88,5739
18.90,5738
18.91,5737
18.92,5736
18.94,5735
18.95,5734
18.97,5733
18.98,5732
18.99,5731
19.01,5730
19.02,5729
19.04,5728
19.05,5727
19.06,5726
19.08,5725
19.09,5724
19.11,5723
19.12,5722
19.14,5721
19.15,5720
19.16,5719
19.18,5718
19.19,5717
19.21,5716
19.22,5715
19.24,5714
19.25,5713
19.26,5712
19.28,5711
19.29,5710
19.31,5709
19.32,5708
19.33,5707
19.35,5706
19.36,5705
19.38,5704
19.39,5703
19.40,5702
19.42,5701
19.43,5700
19.45,5699
19.46,5698
19.48,5697
19.49,5696
19.51,5695
19.52,5694
19.54,5693
19.55,5692
19.56,5691
19.58,5690
19.59,5689
19.61,5688
19.62,5687
19.63,5686
19.65,5685
19.66,5684
19.68,5683
19.69,5682
19.70,5681
19.72,5680
19.73,5679
19.75,5678
19.76,5677
19.77,5676
19.79,5675
19.80,5674
19.82,5673
19.83,5672
19.84,5671
19.86,5670
19.87,5669
19.89,5668
19.90,5667
19.91,5666
19.93,5665
19.94,5664
19.96,5663
19.97,5662
19.98,5661
20.00,5660
20.01,5659
20.03,5658
20.04,5657
20.05,5656
20.07,5655
20.08,5654
20.10,5653
20.11,5652
20.12,5651
20.14,5650
20.15,5649
20.17,5648
20.18,5647
20.19,5646
20.21,5645
20.22,5644
20.24,5643
20.25,5642
20.27,5641
20.28,5640
20.29,5639
20.31,5638
20.32,5637
20.33,5636
20.35,5635
20.36,5634
20.38,5633
20.39,5632
20.40,5631
20.42,5630
20.43,5629
20.45,5628
20.46,5627
20.47,5626
20.49,5625
20.50,5624
20.52,5623
20.53,5622
20.54,5621
20.56,5620
20.57,5619
20.59,5618
20.60,5617
20.62,5616
20.63,5615
20.64,5614
20.66,5613
20.67,5612
20.69,5611
20.70,5610
20.71,5609
20.73,5608
20.74,5607
20.75,5606
20.77,5605
20.78,5604
20.80,5603
20.81,5602
20.82,5601
20.84,5600
20.85,5599
20.87,5598
20.88,5597
20.89,5596
20.91,5595
20.92,5594
20.93,5593
20.95,5592
20.96,5591
20.97,5590
20.99,5589
21.00,5588
21.02,5587
21.03,5586
21.04,5585
21.06,5584
21.07,5583
21.09,5582
21.10,5581
21.11,5580
21.13,5579
21.14,5578
21.15,5577
21.17,5576
21.18,5575
21.20,5574
21.21,5573
21.22,5572
21.24,5571
21.25,5570
21.27,5569
21.28,5568
21.29,5567
21.31,5566
21.32,5565
21.33,5564
21.35,5563
21.36,5562
21.38,5561
21.39,5560
21.40,5559
21.42,5558
21.43,5557
21.44,5556
21.46,5555
21.47,5554
21.49,5553
21.50,5552
21.51,5551
21.53,5550
21.54,5549
21.56,5548
21.57,5547
21.58,5546
21.60,5545
21.61,5544
21.63,5543
21.64,5542
21.65,5541
21.67,5540
21.68,5539
21.69,5538
21.71,5537
21.72,5536
21.74,5535
21.75,5534
21.76,5533
21.78,5532
21.79,5531
21.80,5530
21.82,5529
21.83,5528
21.85,5527
21.86,5526
21.87,5525
21.89,5524
21.90,5523
21.91,5522
21.93,5521
21.94,5520
21.96,5519
21.97,5518
21.98,5517
22.00,5516
22.01,5515
22.02,5514
22.04,5513
22.05,5512
22.07,5511
22.08,5510
22.09,5509
22.11,5508
22.12,5507
22.13,5506
22.15,5505
22.16,5504
22.18,5503
22.19,5502
22.20,5501
22.22,5500
22.23,5499
22.25,5498
22.26,5497
22.27,5496
22.29,5495
22.30,5494
22.31,5493
22.33,5492
22.34,5491
22.36,5490
22.37,5489
22.38,5488
22.40,5487
22.41,5486
22.43,5485
22.44,5484
22.45,5483
22.47,5482
22.48,5481
22.49,5480
22.51,5479
22.52,5478
22.54,5477
22.55,5476
22.56,5475
22.58,5474
22.59,5473
22.61,5472
22.62,5471
22.63,5470
22.65,5469
22.66,5468
22.67,5467
22.69,5466
22.70,5465
22.71,5464
22.73,5463
22.74,5462
22.76,5461
22.77,5460
22.78,5459
22.80,5458
22.81,5457
22.82,5456
22.84,5455
22.85,5454
22.86,5453
22.88,5452
22.89,5451
22.91,5450
22.92,5449
22.93,5448
22.95,5447
22.96,5446
22.97,5445
22.99,5444
23.00,5443
23.01,5442
23.03,5441
23.04,5440
23.05,5439
23.07,5438
23.08,5437
23.10,5436
23.11,5435
23.12,5434
23.14,5433
23.15,5432
23.16,5431
23.18,5430
23.19,5429
23.20,5428
23.22,5427
23.23,5426
23.25,5425
23.26,5424
23.27,5423
23.29,5422
23.30,5421
23.31,5420
23.33,5419
23.34,5418
23.35,5417
23.37,5416
23.38,5415
23.40,5414
23.41,5413
23.42,5412
23.44,5411
23.45,5410
23.46,5409
23.48,5408
23.49,5407
23.50,5406
23.52,5405
23.53,5404
23.55,5403
23.56,5402
23.57,5401
23.59,5400
23.60,5399
23.61,5398
23.63,5397
23.64,5396
23.65,5395
23.67,5394
23.68,5393
23.69,5392
23.71,5391
23.72,5390
23.74,5389
23.75,5388
23.76,5387
23.78,5386
23.79,5385
23.80,5384
23.82,5383
23.83,5382
23.84,5381
23.86,5380
23.87,5379
23.88,5378
23.90,5377
23.91,5376
23.92,5375
23.94,5374
23.95,5373
23.97,5372
23.98,5371
23.99,5370
24.01,5369
24.02,5368
24.03,5367
24.05,5366
24.06,5365
24.07,5364
24.09,5363
24.10,5362
24.11,5361
24.13,5360
24.14,5359
24.15,5358
24.17,5357
24.18,5356
24.20,5355
24.21,5354
24.22,5353
24.24,5352
24.25,5351
24.26,5350
24.28,5349
24.29,5348
24.30,5347
24.32,5346
24.33,5345
24.34,5344
24.36,5343
24.37,5342
24.39,5341
24.40,5340
24.41,5339
24.43,5338
24.44,5337
24.45,5336
24.47,5335
24.48,5334
24.49,5333
24.51,5332
24.52,5331
24.54,5330
24.55,5329
24.56,5328
24.58,5327
24.59,5326
24.60,5325
24.62,5324
24.63,5323
24.64,5322
24.66,5321
24.67,5320
24.68,5319
24.70,5318
24.71,5317
24.73,5316
24.74,5315
24.75,5314
24.77,5313
24.78,5312
24.79,5311
24.81,5310
24.82,5309
24.83,5308
24.85,5307
24.86,5306
24.87,5305
24.89,5304
24.90,5303
24.91,5302
24.93,5301
24.94,5300
24.95,5299
24.97,5298
24.98,5297
25.00,5296
25.01,5295
25.02,5294
25.04,5293
25.05,5292
25.06,5291
25.08,5290
25.09,5289
25.10,5288
25.12,5287
25.13,5286
25.14,5285
25.16,5284
25.17,5283
25.18,5282
25.20,5281
25.21,5280
25.22,5279
25.24,5278
25.25,5277
25.26,5276
25.28,5275
25.29,5274
25.30,5273
25.32,5272
25.33,5271
25.34,5270
25.36,5269
25.37,5268
25.39,5267
25.40,5266
25.41,5265
25.43,5264
25.44,5263
25.45,5262
25.47,5261
25.48,5260
25.49,5259
25.51,5258
25.52,5257
25.53,5256
25.55,5255
25.56,5254
25.57,5253
25.59,5252
25.60,5251
25.61,5250
25.63,5249
25.64,5248
25.65,5247
25.67,5246
25.68,5245
25.69,5244
25.71,5243
25.72,5242
25.73,5241
25.75,5240
25.76,5239
25.77,5238
25.79,5237
25.80,5236
25.81,5235
25.83,5234
25.84,5233
25.85,5232
25.87,5231
25.88,5230
25.89,5229
25.91,5228
25.92,5227
25.93,5226
25.95,5225
25.96,5224
25.97,5223
25.99,5222
26.00,5221
26.01,5220
26.03,5219
26.04,5218
26.05,5217
26.07,5216
26.08,5215
26.09,5214
26.11,5213
26.12,5212
26.13,5211
26.15,5210
26.16,5209
26.17,5208
26.19,5207
26.20,5206
26.21,5205
26.23,5204
26.24,5203
26.25,5202
26.27,5201
26.28,5200
26.29,5199
26.31,5198
26.32,5197
26.33,5196
26.35,5195
26.36,5194
26.37,5193
26.39,5192
26.40,5191
26.41,5190
26.43,5189
26.44,5188
26.45,5187
26.47,5186
26.48,5185
26.49,5184
26.51,5183
26.52,5182
26.53,5181
26.55,5180
26.56,5179
26.58,5178
26.59,5177
26.60,5176
26.62,5175
26.63,5174
26.64,5173
26.65,5172
26.67,5171
26.68,5170
26.69,5169
26.71,5168
26.72,5167
26.73,5166
26.75,5165
26.76,5164
26.77,5163
26.79,5162
26.80,5161
26.81,5160
26.83,5159
26.84,5158
26.85,5157
26.87,5156
26.88,5155
26.89,5154
26.91,5153
26.92,5152
26.93,5151
26.95,5150
26.96,5149
26.97,5148
26.99,5147
27.00,5146
27.01,5145
27.03,5144
27.04,5143
27.05,5142
27.07,5141
27.08,5140
27.09,5139
27.10,5138
27.12,5137
27.13,5136
27.14,5135
27.16,5134
27.17,5133
27.18,5132
27.20,5131
27.21,5130
27.22,5129
27.23,5128
27.25,5127
27.26,5126
27.28,5125
27.29,5124
27.30,5123
27.32,5122
27.33,5121
27.34,5120
27.35,5119
27.37,5118
27.38,5117
27.40,5116
27.41,5115
27.42,5114
27.43,5113
27.45,5112
27.46,5111
27.47,5110
27.49,5109
27.50,5108
27.51,5107
27.53,5106
27.54,5105
27.55,5104
27.57,5103
27.58,5102
27.59,5101
27.61,5100
27.62,5099
27.63,5098
27.64,5097
27.66,5096
27.67,5095
27.68,5094
27.70,5093
27.71,5092
27.72,5091
27.74,5090
27.75,5089
27.76,5088
27.77,5087
27.79,5086
27.80,5085
27.81,5084
27.83,5083
27.84,5082
27.85,5081
27.87,5080
27.88,5079
27.89,5078
27.90,5077
27.92,5076
27.93,5075
27.94,5074
27.96,5073
27.97,5072
27.98,5071
28.00,5070
28.01,5069
28.02,5068
28.03,5067
28.05,5066
28.06,5065
28.07,5064
28.09,5063
28.10,5062
28.11,5061
28.12,5060
28.14,5059
28.15,5058
28.16,5057
28.18,5056
28.19,5055
28.20,5054
28.22,5053
28.23,5052
28.24,5051
28.26,5050
28.27,5049
28.28,5048
28.29,5047
28.31,5046
28.32,5045
28.33,5044
28.35,5043
28.36,5042
28.37,5041
28.38,5040
28.40,5039
28.41,5038
28.42,5037
28.44,5036
28.45,5035
28.46,5034
28.47,5033
28.49,5032
28.50,5031
28.51,5030
28.53,5029
28.54,5028
28.55,5027
28.57,5026
28.58,5025
28.59,5024
28.60,5023
28.62,5022
28.63,5021
28.64,5020
28.66,5019
28.67,5018
28.68,5017
28.70,5016
28.71,5015
28.72,5014
28.74,5013
28.75,5012
28.76,5011
28.77,5010
28.79,5009
28.80,5008
28.81,5007
28.83,5006
28.84,5005
28.85,5004
28.87,5003
28.88,5002
28.89,5001
28.90,5000
28.92,4999
28.93,4998
28.94,4997
28.96,4996
28.97,4995
28.98,4994
29.00,4993
29.01,4992
29.02,4991
29.03,4990
29.05,4989
29.06,4988
29.07,4987
29.09,4986
29.10,4985
29.11,4984
29.13,4983
29.14,4982
29.15,4981
29.16,4980
29.18,4979
29.19,4978
29.20,4977
29.22,4976
29.23,4975
29.24,4974
29.25,4973
29.27,4972
29.28,4971
29.29,4970
29.31,4969
29.32,4968
29.33,4967
29.34,4966
29.36,4965
29.37,4964
29.38,4963
29.40,4962
29.41,4961
29.42,4960
29.44,4959
29.45,4958
29.46,4957
29.47,4956
29.49,4955
29.50,4954
29.51,4953
29.53,4952
29.54,4951
29.55,4950
29.56,4949
29.58,4948
29.59,4947
29.60,4946
29.62,4945
29.63,4944
29.64,4943
29.65,4942
29.67,4941
29.68,4940
29.69,4939
29.70,4938
29.72,4937
29.73,4936
29.74,4935
29.76,4934
29.77,4933
29.78,4932
29.79,4931
29.81,4930
29.82,4929
29.83,4928
29.84,4927
29.86,4926
29.87,4925
29.88,4924
29.89,4923
29.91,4922
29.92,4921
29.93,4920
29.95,4919
29.96,4918
29.97,4917
29.98,4916
30.00,4915
30.01,4914
30.02,4913
30.04,4912
30.05,4911
30.06,4910
30.07,4909
30.09,4908
30.10,4907
30.11,4906
30.12,4905
30.14,4904
30.15,4903
30.16,4902
30.17,4901
30.19,4900
30.20,4899
30.21,4898
30.22,4897
30.24,4896
30.25,4895
30.26,4894
30.27,4893
30.29,4892
30.30,4891
30.31,4890
30.32,4889
30.34,4888
30.35,4887
30.36,4886
30.38,4885
30.39,4884
30.40,4883
30.42,4882
30.43,4881
30.44,4880
30.45,4879
30.47,4878
30.48,4877
30.49,4876
30.50,4875
30.52,4874
30.82,4873
30.99,4872
31.11,4871
31.19,4870
31.23,4869
