1.17,6844
1.29,6843
1.31,6842
1.34,6841
1.36,6840
1.38,6839
1.40,6838
1.42,6837
1.45,6836
1.46,6835
1.47,6834
1.49,6833
1.50,6832
1.51,6831
1.52,6830
1.54,6829
1.55,6828
1.56,6827
1.57,6826
1.59,6825
1.60,6824
1.61,6823
1.62,6822
1.64,6821
1.65,6820
1.66,6819
1.67,6818
1.69,6817
1.70,6816
1.71,6815
1.72,6814
1.74,6813
1.75,6812
1.76,6811
1.77,6810
1.79,6809
1.80,6808
1.81,6807
1.82,6806
1.84,6805
1.85,6804
1.86,6803
1.87,6802
1.89,6801
1.90,6800
1.91,6799
1.92,6798
1.94,6797
1.95,6796
1.97,6795
1.99,6794
2.00,6793
2.01,6792
2.02,6791
2.04,6790
2.05,6789
2.06,6788
2.07,6787
2.09,6786
2.10,6785
2.11,6784
2.12,6783
2.14,6782
2.15,6781
2.16,6780
2.18,6779
2.19,6778
2.20,6777
2.21,6776
2.23,6775
2.24,6774
2.25,6773
2.27,6772
2.29,6771
2.30,6770
2.31,6769
2.33,6768
2.34,6767
2.36,6766
2.37,6765
2.38,6764
2.40,6763
2.41,6762
2.42,6761
2.43,6760
2.45,6759
2.46,6758
2.47,6757
2.48,6756
2.50,6755
2.51,6754
2.52,6753
2.53,6752
2.55,6751
2.56,6750
2.57,6749
2.59,6748
2.60,6747
2.61,6746
2.63,6745
2.64,6744
2.66,6743
2.67,6742
2.69,6741
2.70,6740
2.71,6739
2.73,6738
2.74,6737
2.76,6736
2.77,6735
2.79,6734
2.80,6733
2.81,6732
2.83,6731
2.84,6730
2.86,6729
2.87,6728
2.89,6727
2.90,6726
2.91,6725
2.93,6724
2.94,6723
2.96,6722
2.97,6721
2.99,6720
3.00,6719
3.02,6718
3.03,6717
3.04,6716
3.06,6715
3.08,6714
3.10,6713
3.11,6712
3.12,6711
3.14,6710
3.15,6709
3.16,6708
3.17,6707
3.19,6706
3.20,6705
3.21,6704
3.22,6703
3.23,6702
3.25,6701
3.26,6700
3.27,6699
3.28,6698
3.30,6697
3.31,6696
3.32,6695
3.33,6694
3.35,6693
3.36,6692
3.37,6691
3.38,6690
3.40,6689
3.41,6688
3.42,6687
3.43,6686
3.45,6685
3.46,6684
3.47,6683
3.48,6682
3.49,6681
3.51,6680
3.52,6679
3.53,6678
3.54,6677
3.56,6676
3.57,6675
3.58,6674
3.59,6673
3.61,6672
3.62,6671
3.63,6670
3.65,6669
3.66,6668
3.67,6667
3.68,6666
3.70,6665
3.71,6664
3.72,6663
3.73,6662
3.75,6661
3.76,6660
3.77,6659
3.78,6658
3.80,6657
3.81,6656
3.82,6655
3.84,6654
3.85,6653
3.86,6652
3.87,6651
3.89,6650
3.90,6649
3.91,6648
3.93,6647
3.94,6646
3.95,6645
3.96,6644
3.98,6643
3.99,6642
4.00,6641
4.01,6640
4.03,6639
4.04,6638
4.05,6637
4.07,6636
4.08,6635
4.09,6634
4.12,6633
4.13,6632
4.14,6631
4.15,6630
4.17,6629
4.18,6628
4.19,6627
4.20,6626
4.22,6625
4.23,6624
4.25,6623
4.26,6622
4.27,6621
4.29,6620
4.30,6619
4.32,6618
4.33,6617
4.34,6616
4.36,6615
4.37,6614
4.39,6613
4.40,6612
4.41,6611
4.42,6610
4.44,6609
4.45,6608
4.46,6607
4.47,6606
4.49,6605
4.50,6604
4.51,6603
4.53,6602
4.54,6601
4.55,6600
4.58,6599
4.59,6598
4.61,6597
4.62,6596
4.63,6595
4.64,6594
4.66,6593
4.69,6592
4.71,6591
4.72,6590
4.73,6589
4.74,6588
4.76,6587
4.77,6586
4.78,6585
4.79,6584
4.81,6583
4.82,6582
4.83,6581
4.84,6580
4.86,6579
4.87,6578
4.88,6577
4.89,6576
4.91,6575
4.92,6574
4.94,6573
4.95,6572
4.97,6571
4.98,6570
4.99,6569
5.00,6568
5.04,6567
5.05,6566
5.07,6565
5.08,6564
5.09,6563
5.11,6562
5.18,6561
5.19,6560
5.21,6559
5.22,6558
5.23,6557
5.25,6556
5.26,6555
5.27,6554
5.28,6553
5.30,6552
5.31,6551
5.32,6550
5.34,6549
5.35,6548
5.37,6547
5.40,6546
5.41,6545
5.42,6544
5.44,6543
5.45,6542
5.48,6541
5.50,6540
5.51,6539
5.53,6538
5.54,6537
5.55,6536
5.57,6535
5.58,6534
5.60,6533
5.61,6532
5.62,6531
5.64,6530
5.65,6529
5.67,6528
5.69,6527
5.70,6526
5.71,6525
5.73,6524
5.74,6523
5.76,6522
5.78,6521
5.79,6520
5.83,6519
5.85,6518
5.86,6517
5.87,6516
5.89,6515
5.90,6514
5.91,6513
5.93,6512
5.94,6511
5.96,6510
5.97,6509
5.99,6508
6.00,6507
6.01,6506
6.03,6505
6.04,6504
6.06,6503
6.07,6502
6.08,6501
6.10,6500
6.11,6499
6.13,6498
6.15,6497
6.16,6496
6.17,6495
6.19,6494
6.20,6493
6.21,6492
6.23,6491
6.24,6490
6.26,6489
6.27,6488
6.28,6487
6.30,6486
6.31,6485
6.32,6484
6.34,6483
6.37,6482
6.38,6481
6.40,6480
6.42,6479
6.44,6478
6.46,6477
6.47,6476
6.48,6475
6.49,6474
6.51,6473
6.52,6472
6.53,6471
6.54,6470
6.56,6469
6.58,6468
6.59,6467
6.61,6466
6.62,6465
6.64,6464
6.65,6463
6.66,6462
6.67,6461
6.69,6460
6.70,6459
6.72,6458
6.73,6457
6.74,6456
6.76,6455
6.78,6454
6.80,6453
6.81,6452
6.83,6451
6.88,6450
6.89,6449
6.92,6448
6.94,6447
6.95,6446
6.96,6445
6.97,6444
6.99,6443
7.00,6442
7.02,6441
7.03,6440
7.04,6439
7.06,6438
7.07,6437
7.09,6436
7.11,6435
7.12,6434
7.14,6433
7.15,6432
7.16,6431
7.17,6430
7.19,6429
7.20,6428
7.21,6427
7.23,6426
7.24,6425
7.25,6424
7.26,6423
7.28,6422
7.29,6421
7.30,6420
7.32,6419
7.33,6418
7.34,6417
7.35,6416
7.36,6415
7.38,6414
7.39,6413
7.40,6412
7.41,6411
7.43,6410
7.44,6409
7.45,6408
7.47,6407
7.48,6406
7.49,6405
7.50,6404
7.52,6403
7.53,6402
7.54,6401
7.55,6400
7.57,6399
7.58,6398
7.59,6397
7.60,6396
7.62,6395
7.63,6394
7.64,6393
7.65,6392
7.67,6391
7.68,6390
7.69,6389
7.70,6388
7.72,6387
7.73,6386
7.74,6385
7.76,6384
7.77,6383
7.78,6382
7.79,6381
7.81,6380
7.82,6379
7.83,6378
7.85,6377
7.86,6376
7.87,6375
7.88,6374
7.91,6373
7.92,6372
7.94,6371
7.95,6370
7.96,6369
7.97,6368
7.99,6367
8.00,6366
8.01,6365
8.03,6364
8.04,6363
8.05,6362
8.07,6361
8.08,6360
8.09,6359
8.11,6358
8.12,6357
8.13,6356
8.15,6355
8.16,6354
8.17,6353
8.18,6352
8.20,6351
8.21,6350
8.22,6349
8.24,6348
8.25,6347
8.26,6346
8.28,6345
8.29,6344
8.30,6343
8.32,6342
8.33,6341
8.34,6340
8.35,6339
8.37,6338
8.38,6337
8.39,6336
8.41,6335
8.42,6334
8.43,6333
8.45,6332
8.46,6331
8.47,6330
8.48,6329
8.50,6328
8.51,6327
8.52,6326
8.54,6325
8.55,6324
8.56,6323
8.58,6322
8.59,6321
8.60,6320
8.61,6319
8.63,6318
8.64,6317
8.65,6316
8.67,6315
8.68,6314
8.69,6313
8.71,6312
8.72,6311
8.73,6310
8.74,6309
8.76,6308
8.77,6307
8.78,6306
8.80,6305
8.81,6304
8.82,6303
8.84,6302
8.85,6301
8.86,6300
8.87,6299
8.89,6298
8.90,6297
8.91,6296
8.93,6295
8.94,6294
8.95,6293
8.97,6292
8.98,6291
8.99,6290
9.01,6289
9.02,6288
9.03,6287
9.04,6286
9.06,6285
9.07,6284
9.08,6283
9.10,6282
9.11,6281
9.13,6280
9.14,6279
9.15,6278
9.17,6277
9.18,6276
9.19,6275
9.21,6274
9.22,6273
9.23,6272
9.24,6271
9.26,6270
9.28,6269
9.29,6268
9.30,6267
9.32,6266
9.33,6265
9.34,6264
9.35,6263
9.37,6262
9.38,6261
9.39,6260
9.41,6259
9.42,6258
9.43,6257
9.44,6256
9.46,6255
9.47,6254
9.48,6253
9.50,6252
9.51,6251
9.52,6250
9.53,6249
9.55,6248
9.56,6247
9.57,6246
9.58,6245
9.60,6244
9.61,6243
9.62,6242
9.64,6241
9.65,6240
9.66,6239
9.67,6238
9.69,6237
9.70,6236
9.71,6235
9.73,6234
9.74,6233
9.75,6232
9.76,6231
9.78,6230
9.79,6229
9.80,6228
9.82,6227
9.83,6226
9.84,6225
9.86,6224
9.87,6223
9.88,6222
9.89,6221
9.91,6220
9.92,6219
9.93,6218
9.95,6217
9.96,6216
9.97,6215
9.98,6214
10.00,6213
10.01,6212
10.02,6211
10.04,6210
10.05,6209
10.06,6208
10.08,6207
10.09,6206
10.10,6205
10.12,6204
10.13,6203
10.14,6202
10.15,6201
10.17,6200
10.18,6199
10.19,6198
10.21,6197
10.22,6196
10.23,6195
10.24,6194
10.26,6193
10.27,6192
10.28,6191
10.30,6190
10.32,6189
10.33,6188
10.34,6187
10.35,6186
10.37,6185
10.38,6184
10.40,6183
10.41,6182
10.43,6181
10.44,6180
10.45,6179
10.46,6178
10.48,6177
10.49,6176
10.50,6175
10.51,6174
10.53,6173
10.54,6172
10.55,6171
10.57,6170
10.58,6169
10.59,6168
10.60,6167
10.62,6166
10.63,6165
10.64,6164
10.65,6163
10.67,6162
10.68,6161
10.69,6160
10.70,6159
10.72,6158
10.73,6157
10.74,6156
10.75,6155
10.77,6154
10.78,6153
10.79,6152
10.80,6151
10.82,6150
10.83,6149
10.84,6148
10.85,6147
10.86,6146
10.88,6145
10.89,6144
10.90,6143
10.92,6142
10.93,6141
10.95,6140
10.96,6139
10.98,6138
10.99,6137
11.01,6136
11.02,6135
11.03,6134
11.05,6133
11.06,6132
11.07,6131
11.09,6130
11.10,6129
11.11,6128
11.13,6127
11.14,6126
11.16,6125
11.17,6124
11.19,6123
11.20,6122
11.22,6121
11.23,6120
11.25,6119
11.26,6118
11.27,6117
11.29,6116
11.30,6115
11.32,6114
11.33,6113
11.35,6112
11.36,6111
11.38,6110
11.39,6109
11.40,6108
11.42,6107
11.43,6106
11.45,6105
11.46,6104
11.48,6103
11.49,6102
11.51,6101
11.52,6100
11.54,6099
11.55,6098
11.57,6097
11.58,6096
11.59,6095
11.61,6094
11.62,6093
11.64,6092
11.65,6091
11.67,6090
11.68,6089
11.70,6088
11.71,6087
11.73,6086
11.74,6085
11.75,6084
11.77,6083
11.78,6082
11.80,6081
11.81,6080
11.83,6079
11.84,6078
11.86,6077
11.87,6076
11.89,6075
11.90,6074
11.91,6073
11.93,6072
11.94,6071
11.96,6070
11.97,6069
11.98,6068
12.01,6067
12.02,6066
12.03,6065
12.05,6064
12.06,6063
12.08,6062
12.09,6061
12.11,6060
12.12,6059
12.13,6058
12.15,6057
12.16,6056
12.18,6055
12.19,6054
12.21,6053
12.22,6052
12.24,6051
12.25,6050
12.27,6049
12.28,6048
12.30,6047
12.31,6046
12.32,6045
12.34,6044
12.35,6043
12.37,6042
12.38,6041
12.40,6040
12.41,6039
12.43,6038
12.44,6037
12.46,6036
12.47,6035
12.49,6034
12.50,6033
12.51,6032
12.53,6031
12.54,6030
12.56,6029
12.57,6028
12.59,6027
12.60,6026
12.62,6025
12.63,6024
12.65,6023
12.66,6022
12.68,6021
12.69,6020
12.70,6019
12.72,6018
12.74,6017
12.75,6016
12.76,6015
12.79,6014
12.80,6013
12.82,6012
12.83,6011
12.85,6010
12.86,6009
12.88,6008
12.89,6007
12.91,6006
12.92,6005
12.94,6004
12.95,6003
12.96,6002
12.98,6001
12.99,6000
13.01,5999
13.02,5998
13.04,5997
13.05,5996
13.07,5995
13.08,5994
13.10,5993
13.11,5992
13.13,5991
13.14,5990
13.16,5989
13.17,5988
13.19,5987
13.20,5986
13.21,5985
13.23,5984
13.24,5983
13.26,5982
13.27,5981
13.29,5980
13.30,5979
13.32,5978
13.33,5977
13.35,5976
13.36,5975
13.38,5974
13.39,5973
13.41,5972
13.42,5971
13.43,5970
13.45,5969
13.46,5968
13.48,5967
13.49,5966
13.51,5965
13.52,5964
13.53,5963
13.54,5962
13.56,5961
13.57,5960
13.58,5959
13.60,5958
13.61,5957
13.63,5956
13.64,5955
13.66,5954
13.67,5953
13.69,5952
13.70,5951
13.71,5950
13.72,5949
13.74,5948
13.75,5947
13.76,5946
13.78,5945
13.79,5944
13.80,5943
13.82,5942
13.83,5941
13.84,5940
13.85,5939
13.87,5938
13.88,5937
13.89,5936
13.90,5935
13.92,5934
13.93,5933
13.94,5932
13.96,5931
13.97,5930
13.98,5929
13.99,5928
14.01,5927
14.02,5926
14.03,5925
14.05,5924
14.06,5923
14.07,5922
14.08,5921
14.10,5920
14.11,5919
14.12,5918
14.13,5917
14.15,5916
14.16,5915
14.17,5914
14.19,5913
14.20,5912
14.21,5911
14.22,5910
14.24,5909
14.25,5908
14.26,5907
14.28,5906
14.29,5905
14.30,5904
14.31,5903
14.33,5902
14.34,5901
14.35,5900
14.36,5899
14.38,5898
14.39,5897
14.40,5896
14.42,5895
14.43,5894
14.44,5893
14.45,5892
14.47,5891
14.48,5890
14.49,5889
14.50,5888
14.52,5887
14.53,5886
14.54,5885
14.56,5884
14.57,5883
14.58,5882
14.60,5881
14.61,5880
14.62,5879
14.63,5878
14.65,5877
14.66,5876
14.67,5875
14.69,5874
14.70,5873
14.71,5872
14.72,5871
14.74,5870
14.75,5869
14.76,5868
14.78,5867
14.79,5866
14.80,5865
14.82,5864
14.83,5863
14.84,5862
14.85,5861
14.87,5860
14.88,5859
14.89,5858
14.91,5857
14.92,5856
14.93,5855
14.94,5854
14.96,5853
14.97,5852
14.98,5851
15.00,5850
15.01,5849
15.02,5848
15.04,5847
15.05,5846
15.06,5845
15.07,5844
15.09,5843
15.10,5842
15.11,5841
15.13,5840
15.14,5839
15.15,5838
15.16,5837
15.18,5836
15.19,5835
15.20,5834
15.22,5833
15.23,5832
15.24,5831
15.25,5830
15.27,5829
15.28,5828
15.29,5827
15.31,5826
15.32,5825
15.33,5824
15.34,5823
15.36,5822
15.37,5821
15.38,5820
15.40,5819
15.41,5818
15.42,5817
15.43,5816
15.45,5815
15.46,5814
15.47,5813
15.49,5812
15.50,5811
15.51,5810
15.53,5809
15.54,5808
15.55,5807
15.56,5806
15.58,5805
15.59,5804
15.60,5803
15.61,5802
15.63,5801
15.64,5800
15.65,5799
15.67,5798
15.68,5797
15.69,5796
15.70,5795
15.72,5794
15.73,5793
15.74,5792
15.76,5791
15.77,5790
15.78,5789
15.80,5788
15.81,5787
15.82,5786
15.83,5785
15.85,5784
15.86,5783
15.87,5782
15.88,5781
15.90,5780
15.91,5779
15.92,5778
15.94,5777
15.95,5776
15.96,5775
15.97,5774
15.99,5773
16.00,5772
16.01,5771
16.03,5770
16.04,5769
16.05,5768
16.06,5767
16.08,5766
16.09,5765
16.10,5764
16.11,5763
16.13,5762
16.14,5761
16.15,5760
16.17,5759
16.18,5758
16.19,5757
16.20,5756
16.22,5755
16.23,5754
16.24,5753
16.25,5752
16.27,5751
16.28,5750
16.29,5749
16.31,5748
16.32,5747
16.33,5746
16.34,5745
16.36,5744
16.37,5743
16.38,5742
16.39,5741
16.41,5740
16.42,5739
16.43,5738
16.45,5737
16.46,5736
16.47,5735
16.49,5734
16.50,5733
16.51,5732
16.52,5731
16.54,5730
16.55,5729
16.56,5728
16.58,5727
16.59,5726
16.60,5725
16.62,5724
16.63,5723
16.64,5722
16.65,5721
16.67,5720
16.68,5719
16.69,5718
16.71,5717
16.72,5716
16.73,5715
16.74,5714
16.76,5713
16.77,5712
16.78,5711
16.80,5710
16.81,5709
16.82,5708
16.84,5707
16.85,5706
16.86,5705
16.87,5704
16.89,5703
16.90,5702
16.91,5701
16.93,5700
16.94,5699
16.95,5698
16.97,5697
16.98,5696
16.99,5695
17.00,5694
17.02,5693
17.03,5692
17.04,5691
17.06,5690
17.07,5689
17.08,5688
17.09,5687
17.11,5686
17.12,5685
17.13,5684
17.15,5683
17.16,5682
17.17,5681
17.18,5680
17.20,5679
17.21,5678
17.22,5677
17.24,5676
17.25,5675
17.26,5674
17.28,5673
17.29,5672
17.30,5671
17.31,5670
17.33,5669
17.34,5668
17.35,5667
17.37,5666
17.38,5665
17.39,5664
17.40,5663
17.42,5662
17.43,5661
17.44,5660
17.46,5659
17.47,5658
17.48,5657
17.50,5656
17.51,5655
17.52,5654
17.54,5653
17.55,5652
17.56,5651
17.57,5650
17.59,5649
17.60,5648
17.61,5647
17.63,5646
17.64,5645
17.65,5644
17.67,5643
17.68,5642
17.69,5641
17.70,5640
17.72,5639
17.73,5638
17.74,5637
17.76,5636
17.77,5635
17.78,5634
17.80,5633
17.81,5632
17.82,5631
17.84,5630
17.85,5629
17.86,5628
17.87,5627
17.89,5626
17.90,5625
17.91,5624
17.93,5623
17.94,5622
17.95,5621
17.96,5620
17.98,5619
17.99,5618
18.00,5617
18.02,5616
18.03,5615
18.04,5614
18.05,5613
18.07,5612
18.08,5611
18.09,5610
18.11,5609
18.12,5608
18.13,5607
18.15,5606
18.16,5605
18.17,5604
18.19,5603
18.20,5602
18.21,5601
18.22,5600
18.24,5599
18.25,5598
18.26,5597
18.27,5596
18.29,5595
18.30,5594
18.31,5593
18.32,5592
18.34,5591
18.35,5590
18.36,5589
18.38,5588
18.39,5587
18.40,5586
18.41,5585
18.43,5584
18.44,5583
18.45,5582
18.47,5581
18.48,5580
18.49,5579
18.50,5578
18.52,5577
18.53,5576
18.54,5575
18.55,5574
18.57,5573
18.58,5572
18.59,5571
18.60,5570
18.62,5569
18.63,5568
18.64,5567
18.66,5566
18.67,5565
18.68,5564
18.69,5563
18.71,5562
18.72,5561
18.73,5560
18.75,5559
18.76,5558
18.77,5557
18.78,5556
18.80,5555
18.81,5554
18.82,5553
18.83,5552
18.85,5551
18.86,5550
18.87,5549
18.88,5548
18.90,5547
18.91,5546
18.92,5545
18.94,5544
18.95,5543
18.96,5542
18.97,5541
18.99,5540
19.00,5539
19.01,5538
19.03,5537
19.04,5536
19.05,5535
19.06,5534
19.08,5533
19.09,5532
19.10,5531
19.11,5530
19.13,5529
19.14,5528
19.15,5527
19.16,5526
19.18,5525
19.19,5524
19.20,5523
19.21,5522
19.23,5521
19.24,5520
19.25,5519
19.27,5518
19.28,5517
19.29,5516
19.30,5515
19.32,5514
19.33,5513
19.34,5512
19.35,5511
19.37,5510
19.38,5509
19.39,5508
19.40,5507
19.42,5506
19.43,5505
19.44,5504
19.46,5503
19.47,5502
19.48,5501
19.49,5500
19.51,5499
19.52,5498
19.53,5497
19.54,5496
19.56,5495
19.57,5494
19.58,5493
19.59,5492
19.61,5491
19.62,5490
19.63,5489
19.64,5488
19.66,5487
19.67,5486
19.68,5485
19.70,5484
19.71,5483
19.72,5482
19.74,5481
19.75,5480
19.76,5479
19.78,5478
19.79,5477
19.80,5476
19.81,5475
19.83,5474
19.84,5473
19.85,5472
19.86,5471
19.88,5470
19.89,5469
19.90,5468
19.91,5467
19.93,5466
19.94,5465
19.95,5464
19.96,5463
19.98,5462
19.99,5461
20.00,5460
20.01,5459
20.03,5458
20.04,5457
20.05,5456
20.06,5455
20.08,5454
20.09,5453
20.10,5452
20.12,5451
20.13,5450
20.14,5449
20.15,5448
20.17,5447
20.18,5446
20.19,5445
20.20,5444
20.22,5443
20.23,5442
20.24,5441
20.25,5440
20.27,5439
20.28,5438
20.29,5437
20.30,5436
20.32,5435
20.33,5434
20.34,5433
20.35,5432
20.37,5431
20.38,5430
20.39,5429
20.40,5428
20.42,5427
20.43,5426
20.44,5425
20.45,5424
20.47,5423
20.48,5422
20.49,5421
20.50,5420
20.52,5419
20.53,5418
20.54,5417
20.55,5416
20.57,5415
20.58,5414
20.59,5413
20.60,5412
20.62,5411
20.63,5410
20.64,5409
20.65,5408
20.67,5407
20.68,5406
20.69,5405
20.70,5404
20.71,5403
20.73,5402
20.74,5401
20.75,5400
20.76,5399
20.78,5398
20.79,5397
20.80,5396
20.81,5395
20.83,5394
20.84,5393
20.85,5392
20.86,5391
20.88,5390
20.89,5389
20.90,5388
20.91,5387
20.93,5386
20.94,5385
20.95,5384
20.96,5383
20.98,5382
20.99,5381
21.00,5380
21.02,5379
21.03,5378
21.04,5377
21.05,5376
21.06,5375
21.08,5374
21.09,5373
21.10,5372
21.11,5371
21.13,5370
21.14,5369
21.15,5368
21.16,5367
21.17,5366
21.19,5365
21.20,5364
21.21,5363
21.22,5362
21.24,5361
21.25,5360
21.26,5359
21.27,5358
21.29,5357
21.30,5356
21.31,5355
21.32,5354
21.34,5353
21.35,5352
21.36,5351
21.37,5350
21.39,5349
21.40,5348
21.41,5347
21.42,5346
21.44,5345
21.45,5344
21.46,5343
21.47,5342
21.48,5341
21.50,5340
21.51,5339
21.52,5338
21.53,5337
21.55,5336
21.56,5335
21.57,5334
21.58,5333
21.60,5332
21.61,5331
21.62,5330
21.63,5329
21.65,5328
21.66,5327
21.67,5326
21.68,5325
21.70,5324
21.71,5323
21.72,5322
21.73,5321
21.75,5320
21.76,5319
21.77,5318
21.78,5317
21.80,5316
21.81,5315
21.82,5314
21.83,5313
21.85,5312
21.86,5311
21.87,5310
21.88,5309
21.90,5308
21.91,5307
21.92,5306
21.93,5305
21.95,5304
21.96,5303
21.97,5302
21.98,5301
22.00,5300
22.01,5299
22.02,5298
22.03,5297
22.04,5296
22.06,5295
22.07,5294
22.08,5293
22.09,5292
22.11,5291
22.12,5290
22.13,5289
22.14,5288
22.16,5287
22.17,5286
22.18,5285
22.19,5284
22.20,5283
22.22,5282
22.23,5281
22.24,5280
22.25,5279
22.27,5278
22.28,5277
22.29,5276
22.30,5275
22.31,5274
22.33,5273
22.34,5272
22.35,5271
22.36,5270
22.37,5269
22.39,5268
22.40,5267
22.41,5266
22.42,5265
22.44,5264
22.45,5263
22.46,5262
22.47,5261
22.49,5260
22.50,5259
22.51,5258
22.52,5257
22.53,5256
22.55,5255
22.56,5254
22.57,5253
22.58,5252
22.60,5251
22.61,5250
22.62,5249
22.63,5248
22.64,5247
22.66,5246
22.67,5245
22.68,5244
22.69,5243
22.70,5242
22.72,5241
22.73,5240
22.74,5239
22.75,5238
22.77,5237
22.78,5236
22.79,5235
22.80,5234
22.82,5233
22.83,5232
22.84,5231
22.85,5230
22.86,5229
22.88,5228
22.89,5227
22.90,5226
22.91,5225
22.92,5224
22.94,5223
22.95,5222
22.96,5221
22.97,5220
22.99,5219
23.00,5218
23.01,5217
23.02,5216
23.03,5215
23.05,5214
23.06,5213
23.07,5212
23.08,5211
23.10,5210
23.11,5209
23.12,5208
23.13,5207
23.15,5206
23.16,5205
23.17,5204
23.18,5203
23.19,5202
23.21,5201
23.22,5200
23.23,5199
23.24,5198
23.25,5197
23.27,5196
23.28,5195
23.29,5194
23.30,5193
23.31,5192
23.33,5191
23.34,5190
23.35,5189
23.36,5188
23.37,5187
23.39,5186
23.40,5185
23.41,5184
23.42,5183
23.44,5182
23.45,5181
23.46,5180
23.47,5179
23.49,5178
23.50,5177
23.51,5176
23.52,5175
23.53,5174
23.55,5173
23.56,5172
23.57,5171
23.58,5170
23.59,5169
23.61,5168
23.62,5167
23.63,5166
23.64,5165
23.65,5164
23.67,5163
23.68,5162
23.69,5161
23.70,5160
23.71,5159
23.73,5158
23.74,5157
23.75,5156
23.76,5155
23.78,5154
23.79,5153
23.80,5152
23.81,5151
23.82,5150
23.84,5149
23.85,5148
23.86,5147
23.87,5146
23.88,5145
23.90,5144
23.91,5143
23.92,5142
23.93,5141
23.94,5140
23.95,5139
23.97,5138
23.98,5137
23.99,5136
24.00,5135
24.01,5134
24.03,5133
24.04,5132
24.05,5131
24.06,5130
24.07,5129
24.09,5128
24.10,5127
24.11,5126
24.12,5125
24.13,5124
24.15,5123
24.16,5122
24.17,5121
24.18,5120
24.20,5119
24.21,5118
24.22,5117
24.23,5116
24.24,5115
24.26,5114
24.27,5113
24.28,5112
24.29,5111
24.30,5110
24.32,5109
24.33,5108
24.34,5107
24.35,5106
24.37,5105
24.38,5104
24.39,5103
24.40,5102
24.41,5101
24.42,5100
24.44,5099
24.45,5098
24.46,5097
24.47,5096
24.48,5095
24.50,5094
24.51,5093
24.52,5092
24.53,5091
24.54,5090
24.56,5089
24.57,5088
24.58,5087
24.60,5086
24.61,5085
24.62,5084
24.63,5083
24.65,5082
24.66,5081
24.67,5080
24.68,5079
24.69,5078
24.71,5077
24.72,5076
24.73,5075
24.74,5074
24.75,5073
24.77,5072
24.78,5071
24.79,5070
24.80,5069
24.82,5068
24.83,5067
24.84,5066
24.85,5065
24.86,5064
24.87,5063
24.89,5062
24.90,5061
24.91,5060
24.92,5059
24.93,5058
24.95,5057
24.96,5056
24.97,5055
24.98,5054
24.99,5053
25.01,5052
25.02,5051
25.03,5050
25.04,5049
25.05,5048
25.07,5047
25.08,5046
25.09,5045
25.10,5044
25.11,5043
25.13,5042
25.14,5041
25.15,5040
25.16,5039
25.18,5038
25.19,5037
25.20,5036
25.21,5035
25.22,5034
25.24,5033
25.25,5032
25.26,5031
25.27,5030
25.28,5029
25.29,5028
25.31,5027
25.32,5026
25.33,5025
25.34,5024
25.36,5023
25.37,5022
25.38,5021
25.39,5020
25.40,5019
25.41,5018
25.43,5017
25.44,5016
25.45,5015
25.46,5014
25.47,5013
25.49,5012
25.50,5011
25.51,5010
25.52,5009
25.53,5008
25.54,5007
25.56,5006
25.57,5005
25.58,5004
25.59,5003
25.60,5002
25.62,5001
25.63,5000
25.64,4999
25.65,4998
25.66,4997
25.68,4996
25.69,4995
25.70,4994
25.71,4993
25.72,4992
25.74,4991
25.75,4990
25.76,4989
25.77,4988
25.78,4987
25.80,4986
25.81,4985
25.82,4984
25.83,4983
25.84,4982
25.86,4981
25.87,4980
25.88,4979
25.89,4978
25.90,4977
25.91,4976
25.93,4975
25.94,4974
25.95,4973
25.96,4972
25.97,4971
25.99,4970
26.00,4969
26.01,4968
26.02,4967
26.03,4966
26.04,4965
26.06,4964
26.07,4963
26.08,4962
26.09,4961
26.10,4960
26.12,4959
26.13,4958
26.14,4957
26.15,4956
26.16,4955
26.18,4954
26.19,4953
26.20,4952
26.21,4951
26.22,4950
26.24,4949
26.25,4948
26.26,4947
26.27,4946
26.28,4945
26.29,4944
26.31,4943
26.32,4942
26.33,4941
26.34,4940
26.35,4939
26.37,4938
26.38,4937
26.39,4936
26.40,4935
26.41,4934
26.42,4933
26.44,4932
26.45,4931
26.46,4930
26.47,4929
26.48,4928
26.50,4927
26.51,4926
26.52,4925
26.53,4924
26.54,4923
26.55,4922
26.57,4921
26.58,4920
26.59,4919
26.60,4918
26.61,4917
26.63,4916
26.64,4915
26.65,4914
26.66,4913
26.67,4912
26.69,4911
26.70,4910
26.71,4909
26.72,4908
26.73,4907
26.74,4906
26.76,4905
26.77,4904
26.78,4903
26.79,4902
26.80,4901
27.07,4900
27.08,4899
