1.02,6838
1.14,6837
1.16,6836
1.19,6835
1.21,6834
1.23,6833
1.25,6832
1.27,6831
1.29,6830
1.32,6829
1.34,6828
1.35,6827
1.36,6826
1.38,6825
1.39,6824
1.40,6823
1.42,6822
1.43,6821
1.44,6820
1.46,6819
1.47,6818
1.48,6817
1.50,6816
1.51,6815
1.52,6814
1.54,6813
1.55,6812
1.56,6811
1.58,6810
1.59,6809
1.60,6808
1.61,6807
1.63,6806
1.64,6805
1.66,6804
1.67,6803
1.68,6802
1.69,6801
1.71,6800
1.72,6799
1.73,6798
1.75,6797
1.76,6796
1.78,6795
1.79,6794
1.80,6793
1.81,6792
1.83,6791
1.84,6790
1.85,6789
1.88,6788
1.90,6787
1.91,6786
1.92,6785
1.93,6784
1.95,6783
1.96,6782
1.97,6781
1.99,6780
2.00,6779
2.01,6778
2.03,6777
2.04,6776
2.05,6775
2.06,6774
2.08,6773
2.09,6772
2.10,6771
2.12,6770
2.13,6769
2.14,6768
2.16,6767
2.17,6766
2.18,6765
2.20,6764
2.21,6763
2.22,6762
2.24,6761
2.25,6760
2.27,6759
2.28,6758
2.29,6757
2.31,6756
2.32,6755
2.33,6754
2.35,6753
2.36,6752
2.37,6751
2.38,6750
2.40,6749
2.41,6748
2.42,6747
2.44,6746
2.45,6745
2.46,6744
2.48,6743
2.49,6742
2.51,6741
2.52,6740
2.54,6739
2.55,6738
2.56,6737
2.58,6736
2.59,6735
2.61,6734
2.62,6733
2.64,6732
2.65,6731
2.67,6730
2.68,6729
2.70,6728
2.71,6727
2.73,6726
2.74,6725
2.76,6724
2.77,6723
2.79,6722
2.80,6721
2.82,6720
2.83,6719
2.84,6718
2.86,6717
2.88,6716
2.89,6715
2.91,6714
2.92,6713
2.94,6712
2.95,6711
2.97,6710
2.98,6709
3.00,6708
3.02,6707
3.04,6706
3.05,6705
3.06,6704
3.08,6703
3.09,6702
3.10,6701
3.11,6700
3.13,6699
3.14,6698
3.15,6697
3.17,6696
3.18,6695
3.19,6694
3.21,6693
3.22,6692
3.23,6691
3.24,6690
3.26,6689
3.27,6688
3.28,6687
3.30,6686
3.31,6685
3.32,6684
3.34,6683
3.35,6682
3.36,6681
3.37,6680
3.39,6679
3.40,6678
3.41,6677
3.43,6676
3.44,6675
3.45,6674
3.46,6673
3.48,6672
3.49,6671
3.50,6670
3.52,6669
3.53,6668
3.54,6667
3.56,6666
3.57,6665
3.58,6664
3.60,6663
3.61,6662
3.62,6661
3.64,6660
3.65,6659
3.66,6658
3.68,6657
3.69,6656
3.70,6655
3.71,6654
3.73,6653
3.74,6652
3.75,6651
3.77,6650
3.78,6649
3.79,6648
3.81,6647
3.82,6646
3.83,6645
3.84,6644
3.86,6643
3.87,6642
3.88,6641
3.90,6640
3.91,6639
3.92,6638
3.94,6637
3.95,6636
3.96,6635
3.97,6634
3.99,6633
4.00,6632
4.01,6631
4.03,6630
4.04,6629
4.05,6628
4.07,6627
4.10,6626
4.11,6625
4.14,6624
4.16,6623
4.17,6622
4.19,6621
4.20,6620
4.21,6619
4.23,6618
4.24,6617
4.26,6616
4.27,6615
4.28,6614
4.30,6613
4.32,6612
4.33,6611
4.35,6610
4.40,6609
4.41,6608
4.42,6607
4.44,6606
4.45,6605
4.46,6604
4.47,6603
4.49,6602
4.51,6601
4.52,6600
4.54,6599
4.55,6598
4.56,6597
4.58,6596
4.59,6595
4.60,6594
4.61,6593
4.63,6592
4.65,6591
4.66,6590
4.67,6589
4.69,6588
4.70,6587
4.71,6586
4.72,6585
4.74,6584
4.75,6583
4.76,6582
4.78,6581
4.79,6580
4.80,6579
4.82,6578
4.83,6577
4.84,6576
4.86,6575
4.87,6574
4.88,6573
4.89,6572
4.91,6571
4.92,6570
4.93,6569
4.94,6568
4.96,6567
4.98,6566
5.00,6565
5.01,6564
5.02,6563
5.03,6562
5.05,6561
5.07,6560
5.08,6559
5.09,6558
5.10,6557
5.14,6556
5.15,6555
5.16,6554
5.18,6553
5.19,6552
5.20,6551
5.22,6550
5.23,6549
5.25,6548
5.26,6547
5.28,6546
5.31,6545
5.32,6544
5.34,6543
5.36,6542
5.38,6541
5.39,6540
5.42,6539
5.43,6538
5.44,6537
5.46,6536
5.47,6535
5.49,6534
5.50,6533
5.52,6532
5.53,6531
5.55,6530
5.58,6529
5.59,6528
5.60,6527
5.62,6526
5.63,6525
5.65,6524
5.66,6523
5.68,6522
5.73,6521
5.74,6520
5.76,6519
5.77,6518
5.79,6517
5.80,6516
5.82,6515
5.83,6514
5.85,6513
5.86,6512
5.93,6511
5.94,6510
5.96,6509
5.97,6508
5.98,6507
6.00,6506
6.01,6505
6.03,6504
6.04,6503
6.06,6502
6.07,6501
6.09,6500
6.10,6499
6.12,6498
6.13,6497
6.15,6496
6.16,6495
6.18,6494
6.20,6493
6.21,6492
6.23,6491
6.25,6490
6.26,6489
6.28,6488
6.29,6487
6.32,6486
6.34,6485
6.35,6484
6.37,6483
6.38,6482
6.39,6481
6.41,6480
6.42,6479
6.44,6478
6.46,6477
6.47,6476
6.49,6475
6.52,6474
6.53,6473
6.54,6472
6.56,6471
6.57,6470
6.63,6469
6.64,6468
6.66,6467
6.67,6466
6.68,6465
6.70,6464
6.72,6463
6.74,6462
6.75,6461
6.79,6460
6.81,6459
6.82,6458
6.85,6457
6.86,6456
6.88,6455
6.89,6454
6.90,6453
6.92,6452
6.93,6451
6.99,6450
7.00,6449
7.01,6448
7.03,6447
7.05,6446
7.06,6445
7.08,6444
7.09,6443
7.11,6442
7.12,6441
7.13,6440
7.14,6439
7.16,6438
7.17,6437
7.18,6436
7.20,6435
7.23,6434
7.24,6433
7.31,6432
7.33,6431
7.34,6430
7.35,6429
7.37,6428
7.38,6427
7.39,6426
7.41,6425
7.42,6424
7.43,6423
7.45,6422
7.46,6421
7.47,6420
7.49,6419
7.50,6418
7.51,6417
7.52,6416
7.54,6415
7.55,6414
7.57,6413
7.58,6412
7.60,6411
7.61,6410
7.63,6409
7.64,6408
7.65,6407
7.67,6406
7.68,6405
7.69,6404
7.71,6403
7.72,6402
7.73,6401
7.76,6400
7.77,6399
7.79,6398
7.80,6397
7.81,6396
7.83,6395
7.85,6394
7.86,6393
7.87,6392
7.89,6391
7.90,6390
7.91,6389
7.93,6388
7.94,6387
7.95,6386
7.97,6385
7.98,6384
7.99,6383
8.01,6382
8.02,6381
8.03,6380
8.04,6379
8.06,6378
8.07,6377
8.08,6376
8.10,6375
8.11,6374
8.12,6373
8.14,6372
8.15,6371
8.16,6370
8.19,6369
8.20,6368
8.22,6367
8.23,6366
8.24,6365
8.26,6364
8.27,6363
8.28,6362
8.30,6361
8.31,6360
8.33,6359
8.34,6358
8.35,6357
8.37,6356
8.38,6355
8.39,6354
8.41,6353
8.42,6352
8.43,6351
8.45,6350
8.46,6349
8.47,6348
8.49,6347
8.50,6346
8.51,6345
8.53,6344
8.54,6343
8.55,6342
8.57,6341
8.58,6340
8.59,6339
8.61,6338
8.62,6337
8.63,6336
8.65,6335
8.66,6334
8.67,6333
8.69,6332
8.70,6331
8.72,6330
8.73,6329
8.74,6328
8.76,6327
8.77,6326
8.78,6325
8.80,6324
8.81,6323
8.82,6322
8.84,6321
8.85,6320
8.87,6319
8.88,6318
8.89,6317
8.91,6316
8.92,6315
8.93,6314
8.95,6313
8.96,6312
8.97,6311
8.98,6310
9.00,6309
9.01,6308
9.02,6307
9.04,6306
9.05,6305
9.07,6304
9.08,6303
9.09,6302
9.11,6301
9.12,6300
9.13,6299
9.15,6298
9.16,6297
9.17,6296
9.19,6295
9.20,6294
9.21,6293
9.23,6292
9.24,6291
9.25,6290
9.27,6289
9.28,6288
9.29,6287
9.31,6286
9.32,6285
9.33,6284
9.35,6283
9.36,6282
9.37,6281
9.39,6280
9.40,6279
9.41,6278
9.43,6277
9.44,6276
9.45,6275
9.47,6274
9.48,6273
9.49,6272
9.51,6271
9.52,6270
9.54,6269
9.55,6268
9.56,6267
9.58,6266
9.59,6265
9.60,6264
9.61,6263
9.63,6262
9.64,6261
9.65,6260
9.67,6259
9.68,6258
9.69,6257
9.71,6256
9.72,6255
9.73,6254
9.75,6253
9.76,6252
9.77,6251
9.79,6250
9.80,6249
9.81,6248
9.83,6247
9.84,6246
9.85,6245
9.87,6244
9.88,6243
9.90,6242
9.91,6241
9.92,6240
9.94,6239
9.95,6238
9.96,6237
9.98,6236
9.99,6235
10.00,6234
10.02,6233
10.03,6232
10.04,6231
10.06,6230
10.07,6229
10.08,6228
10.10,6227
10.11,6226
10.12,6225
10.14,6224
10.15,6223
10.16,6222
10.18,6221
10.19,6220
10.20,6219
10.22,6218
10.23,6217
10.24,6216
10.26,6215
10.27,6214
10.28,6213
10.29,6212
10.31,6211
10.32,6210
10.34,6209
10.35,6208
10.36,6207
10.37,6206
10.39,6205
10.40,6204
10.42,6203
10.43,6202
10.44,6201
10.46,6200
10.47,6199
10.48,6198
10.50,6197
10.51,6196
10.52,6195
10.54,6194
10.55,6193
10.56,6192
10.58,6191
10.59,6190
10.60,6189
10.62,6188
10.63,6187
10.65,6186
10.66,6185
10.68,6184
10.69,6183
10.70,6182
10.71,6181
10.73,6180
10.74,6179
10.76,6178
10.77,6177
10.78,6176
10.80,6175
10.81,6174
10.82,6173
10.84,6172
10.85,6171
10.86,6170
10.88,6169
10.89,6168
10.90,6167
10.92,6166
10.93,6165
10.94,6164
10.96,6163
10.97,6162
10.98,6161
11.00,6160
11.01,6159
11.02,6158
11.04,6157
11.05,6156
11.06,6155
11.08,6154
11.09,6153
11.10,6152
11.12,6151
11.13,6150
11.15,6149
11.16,6148
11.17,6147
11.19,6146
11.20,6145
11.22,6144
11.23,6143
11.25,6142
11.26,6141
11.28,6140
11.29,6139
11.31,6138
11.32,6137
11.33,6136
11.35,6135
11.36,6134
11.38,6133
11.39,6132
11.41,6131
11.42,6130
11.44,6129
11.45,6128
11.47,6127
11.48,6126
11.50,6125
11.51,6124
11.53,6123
11.54,6122
11.56,6121
11.57,6120
11.59,6119
11.60,6118
11.62,6117
11.63,6116
11.65,6115
11.66,6114
11.68,6113
11.69,6112
11.71,6111
11.73,6110
11.74,6109
11.76,6108
11.77,6107
11.79,6106
11.80,6105
11.82,6104
11.83,6103
11.85,6102
11.86,6101
11.88,6100
11.89,6099
11.91,6098
11.92,6097
11.94,6096
11.95,6095
11.97,6094
11.98,6093
12.00,6092
12.01,6091
12.03,6090
12.04,6089
12.06,6088
12.07,6087
12.09,6086
12.10,6085
12.12,6084
12.13,6083
12.15,6082
12.17,6081
12.18,6080
12.20,6079
12.21,6078
12.23,6077
12.24,6076
12.26,6075
12.27,6074
12.29,6073
12.30,6072
12.32,6071
12.33,6070
12.35,6069
12.36,6068
12.38,6067
12.39,6066
12.41,6065
12.42,6064
12.44,6063
12.45,6062
12.47,6061
12.48,6060
12.49,6059
12.51,6058
12.52,6057
12.54,6056
12.56,6055
12.57,6054
12.59,6053
12.60,6052
12.61,6051
12.63,6050
12.64,6049
12.66,6048
12.67,6047
12.69,6046
12.70,6045
12.72,6044
12.74,6043
12.75,6042
12.77,6041
12.78,6040
12.80,6039
12.81,6038
12.83,6037
12.84,6036
12.86,6035
12.87,6034
12.89,6033
12.90,6032
12.92,6031
12.93,6030
12.95,6029
12.96,6028
12.98,6027
12.99,6026
13.01,6025
13.02,6024
13.04,6023
13.05,6022
13.07,6021
13.08,6020
13.10,6019
13.11,6018
13.13,6017
13.14,6016
13.16,6015
13.17,6014
13.19,6013
13.20,6012
13.21,6011
13.23,6010
13.24,6009
13.26,6008
13.27,6007
13.29,6006
13.30,6005
13.32,6004
13.33,6003
13.35,6002
13.36,6001
13.38,6000
13.39,5999
13.41,5998
13.42,5997
13.44,5996
13.45,5995
13.47,5994
13.48,5993
13.50,5992
13.51,5991
13.53,5990
13.54,5989
13.56,5988
13.58,5987
13.59,5986
13.60,5985
13.62,5984
13.64,5983
13.65,5982
13.67,5981
13.68,5980
13.70,5979
13.71,5978
13.73,5977
13.74,5976
13.76,5975
13.77,5974
13.79,5973
13.81,5972
13.82,5971
13.83,5970
13.85,5969
13.86,5968
13.87,5967
13.89,5966
13.90,5965
13.91,5964
13.93,5963
13.94,5962
13.95,5961
13.97,5960
13.98,5959
13.99,5958
14.01,5957
14.02,5956
14.03,5955
14.05,5954
14.06,5953
14.07,5952
14.08,5951
14.10,5950
14.11,5949
14.12,5948
14.14,5947
14.15,5946
14.16,5945
14.18,5944
14.19,5943
14.20,5942
14.22,5941
14.23,5940
14.24,5939
14.26,5938
14.27,5937
14.28,5936
14.30,5935
14.31,5934
14.33,5933
14.34,5932
14.35,5931
14.37,5930
14.38,5929
14.39,5928
14.40,5927
14.42,5926
14.43,5925
14.45,5924
14.46,5923
14.47,5922
14.49,5921
14.50,5920
14.51,5919
14.52,5918
14.54,5917
14.55,5916
14.57,5915
14.58,5914
14.59,5913
14.61,5912
14.62,5911
14.63,5910
14.65,5909
14.66,5908
14.67,5907
14.69,5906
14.70,5905
14.72,5904
14.73,5903
14.74,5902
14.76,5901
14.77,5900
14.79,5899
14.80,5898
14.81,5897
14.83,5896
14.84,5895
14.85,5894
14.86,5893
14.88,5892
14.89,5891
14.91,5890
14.92,5889
14.93,5888
14.95,5887
14.96,5886
14.97,5885
14.99,5884
15.00,5883
15.01,5882
15.03,5881
15.04,5880
15.05,5879
15.06,5878
15.08,5877
15.09,5876
15.10,5875
15.12,5874
15.13,5873
15.14,5872
15.16,5871
15.17,5870
15.19,5869
15.20,5868
15.21,5867
15.23,5866
15.24,5865
15.25,5864
15.27,5863
15.28,5862
15.29,5861
15.31,5860
15.32,5859
15.33,5858
15.35,5857
15.36,5856
15.37,5855
15.39,5854
15.40,5853
15.41,5852
15.43,5851
15.44,5850
15.45,5849
15.47,5848
15.48,5847
15.49,5846
15.51,5845
15.52,5844
15.53,5843
15.55,5842
15.56,5841
15.57,5840
15.59,5839
15.60,5838
15.61,5837
15.63,5836
15.64,5835
15.65,5834
15.67,5833
15.69,5832
15.70,5831
15.71,5830
15.73,5829
15.74,5828
15.75,5827
15.77,5826
15.78,5825
15.79,5824
15.81,5823
15.82,5822
15.83,5821
15.85,5820
15.86,5819
15.87,5818
15.89,5817
15.90,5816
15.91,5815
15.93,5814
15.94,5813
15.95,5812
15.97,5811
15.99,5810
16.00,5809
16.01,5808
16.03,5807
16.04,5806
16.05,5805
16.07,5804
16.09,5803
16.11,5802
16.13,5801
16.14,5800
16.16,5799
16.17,5798
16.18,5797
16.20,5796
16.21,5795
16.22,5794
16.24,5793
16.25,5792
16.26,5791
16.28,5790
16.29,5789
16.30,5788
16.32,5787
16.33,5786
16.34,5785
16.36,5784
16.37,5783
16.39,5782
16.40,5781
16.41,5780
16.43,5779
16.44,5778
16.45,5777
16.47,5776
16.48,5775
16.49,5774
16.50,5773
16.52,5772
16.53,5771
16.55,5770
16.56,5769
16.57,5768
16.59,5767
16.60,5766
16.61,5765
16.63,5764
16.64,5763
16.65,5762
16.67,5761
16.68,5760
16.69,5759
16.71,5758
16.72,5757
16.73,5756
16.75,5755
16.76,5754
16.77,5753
16.79,5752
16.80,5751
16.81,5750
16.83,5749
16.84,5748
16.85,5747
16.87,5746
16.88,5745
16.89,5744
16.91,5743
16.92,5742
16.93,5741
16.95,5740
16.96,5739
16.98,5738
16.99,5737
17.00,5736
17.02,5735
17.03,5734
17.04,5733
17.06,5732
17.08,5731
17.09,5730
17.10,5729
17.12,5728
17.13,5727
17.15,5726
17.16,5725
17.17,5724
17.19,5723
17.20,5722
17.21,5721
17.23,5720
17.24,5719
17.25,5718
17.27,5717
17.28,5716
17.30,5715
17.31,5714
17.32,5713
17.34,5712
17.35,5711
17.36,5710
17.38,5709
17.39,5708
17.40,5707
17.42,5706
17.43,5705
17.44,5704
17.46,5703
17.47,5702
17.48,5701
17.50,5700
17.51,5699
17.52,5698
17.54,5697
17.55,5696
17.56,5695
17.58,5694
17.59,5693
17.61,5692
17.62,5691
17.63,5690
17.65,5689
17.66,5688
17.67,5687
17.69,5686
17.70,5685
17.71,5684
17.73,5683
17.74,5682
17.75,5681
17.77,5680
17.78,5679
17.79,5678
17.81,5677
17.82,5676
17.83,5675
17.85,5674
17.86,5673
17.87,5672
17.89,5671
17.90,5670
17.92,5669
17.93,5668
17.94,5667
17.96,5666
17.97,5665
17.98,5664
18.00,5663
18.01,5662
18.02,5661
18.04,5660
18.05,5659
18.06,5658
18.08,5657
18.09,5656
18.10,5655
18.12,5654
18.13,5653
18.14,5652
18.16,5651
18.17,5650
18.18,5649
18.20,5648
18.21,5647
18.22,5646
18.24,5645
18.25,5644
18.26,5643
18.28,5642
18.29,5641
18.30,5640
18.32,5639
18.33,5638
18.34,5637
18.36,5636
18.37,5635
18.38,5634
18.40,5633
18.41,5632
18.42,5631
18.44,5630
18.45,5629
18.46,5628
18.48,5627
18.49,5626
18.50,5625
18.52,5624
18.53,5623
18.54,5622
18.56,5621
18.57,5620
18.58,5619
18.60,5618
18.61,5617
18.62,5616
18.64,5615
18.65,5614
18.66,5613
18.68,5612
18.69,5611
18.70,5610
18.71,5609
18.73,5608
18.74,5607
18.75,5606
18.77,5605
18.78,5604
18.79,5603
18.81,5602
18.82,5601
18.83,5600
18.84,5599
18.86,5598
18.87,5597
18.88,5596
18.89,5595
18.91,5594
18.92,5593
18.93,5592
18.95,5591
18.96,5590
18.97,5589
18.98,5588
19.00,5587
19.01,5586
19.02,5585
19.04,5584
19.05,5583
19.06,5582
19.08,5581
19.09,5580
19.10,5579
19.12,5578
19.13,5577
19.14,5576
19.16,5575
19.17,5574
19.18,5573
19.19,5572
19.21,5571
19.22,5570
19.24,5569
19.25,5568
19.26,5567
19.27,5566
19.29,5565
19.30,5564
19.31,5563
19.33,5562
19.34,5561
19.35,5560
19.37,5559
19.38,5558
19.39,5557
19.41,5556
19.42,5555
19.43,5554
19.45,5553
19.46,5552
19.48,5551
19.49,5550
19.50,5549
19.51,5548
19.53,5547
19.54,5546
19.55,5545
19.57,5544
19.58,5543
19.59,5542
19.61,5541
19.62,5540
19.63,5539
19.65,5538
19.66,5537
19.67,5536
19.69,5535
19.70,5534
19.71,5533
19.73,5532
19.74,5531
19.75,5530
19.77,5529
19.78,5528
19.79,5527
19.80,5526
19.82,5525
19.83,5524
19.84,5523
19.86,5522
19.87,5521
19.88,5520
19.90,5519
19.91,5518
19.92,5517
19.94,5516
19.95,5515
19.96,5514
19.97,5513
19.99,5512
20.00,5511
20.01,5510
20.03,5509
20.04,5508
20.05,5507
20.07,5506
20.08,5505
20.09,5504
20.10,5503
20.12,5502
20.13,5501
20.14,5500
20.15,5499
20.17,5498
20.18,5497
20.19,5496
20.20,5495
20.22,5494
20.23,5493
20.24,5492
20.26,5491
20.27,5490
20.28,5489
20.29,5488
20.31,5487
20.32,5486
20.33,5485
20.34,5484
20.36,5483
20.37,5482
20.38,5481
20.39,5480
20.41,5479
20.42,5478
20.43,5477
20.44,5476
20.46,5475
20.47,5474
20.48,5473
20.50,5472
20.51,5471
20.52,5470
20.53,5469
20.55,5468
20.56,5467
20.57,5466
20.58,5465
20.60,5464
20.61,5463
20.62,5462
20.63,5461
20.65,5460
20.66,5459
20.67,5458
20.69,5457
20.70,5456
20.71,5455
20.72,5454
20.74,5453
20.75,5452
20.76,5451
20.77,5450
20.79,5449
20.80,5448
20.81,5447
20.82,5446
20.84,5445
20.85,5444
20.86,5443
20.88,5442
20.89,5441
20.90,5440
20.91,5439
20.93,5438
20.94,5437
20.95,5436
20.96,5435
20.98,5434
20.99,5433
21.00,5432
21.01,5431
21.03,5430
21.04,5429
21.05,5428
21.06,5427
21.08,5426
21.09,5425
21.10,5424
21.11,5423
21.13,5422
21.14,5421
21.15,5420
21.16,5419
21.18,5418
21.19,5417
21.20,5416
21.21,5415
21.23,5414
21.24,5413
21.25,5412
21.26,5411
21.28,5410
21.29,5409
21.30,5408
21.32,5407
21.33,5406
21.34,5405
21.35,5404
21.37,5403
21.38,5402
21.39,5401
21.40,5400
21.42,5399
21.43,5398
21.44,5397
21.45,5396
21.47,5395
21.48,5394
21.49,5393
21.50,5392
21.52,5391
21.53,5390
21.54,5389
21.55,5388
21.57,5387
21.58,5386
21.59,5385
21.60,5384
21.62,5383
21.63,5382
21.64,5381
21.65,5380
21.67,5379
21.68,5378
21.69,5377
21.70,5376
21.72,5375
21.73,5374
21.74,5373
21.75,5372
21.77,5371
21.78,5370
21.79,5369
21.80,5368
21.82,5367
21.83,5366
21.84,5365
21.85,5364
21.87,5363
21.88,5362
21.89,5361
21.90,5360
21.92,5359
21.93,5358
21.94,5357
21.95,5356
21.96,5355
21.98,5354
21.99,5353
22.00,5352
22.01,5351
22.03,5350
22.04,5349
22.05,5348
22.06,5347
22.08,5346
22.09,5345
22.10,5344
22.11,5343
22.13,5342
22.14,5341
22.15,5340
22.17,5339
22.18,5338
22.19,5337
22.20,5336
22.22,5335
22.23,5334
22.24,5333
22.25,5332
22.27,5331
22.28,5330
22.29,5329
22.30,5328
22.32,5327
22.33,5326
22.34,5325
22.35,5324
22.37,5323
22.38,5322
22.39,5321
22.40,5320
22.42,5319
22.43,5318
22.44,5317
22.45,5316
22.46,5315
22.48,5314
22.49,5313
22.50,5312
22.51,5311
22.53,5310
22.54,5309
22.55,5308
22.56,5307
22.58,5306
22.59,5305
22.60,5304
22.61,5303
22.63,5302
22.64,5301
22.65,5300
22.66,5299
22.68,5298
22.69,5297
22.70,5296
22.71,5295
22.73,5294
22.74,5293
22.75,5292
22.76,5291
22.78,5290
22.79,5289
22.80,5288
22.81,5287
22.82,5286
22.84,5285
22.85,5284
22.86,5283
22.87,5282
22.89,5281
22.90,5280
22.91,5279
22.92,5278
22.94,5277
22.95,5276
22.96,5275
22.97,5274
22.99,5273
23.00,5272
23.01,5271
23.02,5270
23.04,5269
23.05,5268
23.06,5267
23.07,5266
23.09,5265
23.10,5264
23.11,5263
23.12,5262
23.13,5261
23.15,5260
23.16,5259
23.17,5258
23.18,5257
23.20,5256
23.21,5255
23.22,5254
23.23,5253
23.24,5252
23.26,5251
23.27,5250
23.28,5249
23.30,5248
23.31,5247
23.32,5246
23.33,5245
23.34,5244
23.36,5243
23.37,5242
23.38,5241
23.39,5240
23.41,5239
23.42,5238
23.43,5237
23.44,5236
23.45,5235
23.47,5234
23.48,5233
23.49,5232
23.50,5231
23.52,5230
23.53,5229
23.54,5228
23.55,5227
23.56,5226
23.58,5225
23.59,5224
23.60,5223
23.61,5222
23.63,5221
23.64,5220
23.65,5219
23.66,5218
23.68,5217
23.69,5216
23.70,5215
23.71,5214
23.72,5213
23.74,5212
23.75,5211
23.76,5210
23.77,5209
23.79,5208
23.80,5207
23.81,5206
23.82,5205
23.83,5204
23.85,5203
23.86,5202
23.87,5201
23.88,5200
23.89,5199
23.91,5198
23.92,5197
23.93,5196
23.94,5195
23.96,5194
23.97,5193
23.98,5192
23.99,5191
24.01,5190
24.02,5189
24.03,5188
24.04,5187
24.05,5186
24.07,5185
24.08,5184
24.09,5183
24.10,5182
24.11,5181
24.13,5180
24.14,5179
24.15,5178
24.16,5177
24.18,5176
24.19,5175
24.20,5174
24.21,5173
24.22,5172
24.24,5171
24.25,5170
24.26,5169
24.27,5168
24.29,5167
24.30,5166
24.31,5165
24.32,5164
24.34,5163
24.35,5162
24.36,5161
24.37,5160
24.39,5159
24.40,5158
24.41,5157
24.42,5156
24.43,5155
24.45,5154
24.46,5153
24.47,5152
24.48,5151
24.49,5150
24.51,5149
24.52,5148
24.53,5147
24.54,5146
24.56,5145
24.57,5144
24.58,5143
24.59,5142
24.61,5141
24.62,5140
24.63,5139
24.64,5138
24.66,5137
24.67,5136
24.68,5135
24.69,5134
24.71,5133
24.72,5132
24.73,5131
24.74,5130
24.76,5129
24.77,5128
24.78,5127
24.79,5126
24.81,5125
24.82,5124
24.83,5123
24.84,5122
24.86,5121
24.87,5120
24.88,5119
24.89,5118
24.91,5117
24.92,5116
24.93,5115
24.94,5114
24.96,5113
24.97,5112
24.98,5111
24.99,5110
25.01,5109
25.02,5108
25.03,5107
25.04,5106
25.06,5105
25.07,5104
25.08,5103
25.09,5102
25.10,5101
25.12,5100
25.13,5099
25.14,5098
25.15,5097
25.17,5096
25.18,5095
25.19,5094
25.20,5093
25.22,5092
25.23,5091
25.24,5090
25.25,5089
25.27,5088
25.28,5087
25.29,5086
25.30,5085
25.32,5084
25.33,5083
25.34,5082
25.36,5081
25.37,5080
25.38,5079
25.39,5078
25.41,5077
25.42,5076
25.43,5075
25.44,5074
25.46,5073
25.47,5072
25.48,5071
25.49,5070
25.51,5069
25.52,5068
25.53,5067
25.54,5066
25.56,5065
25.57,5064
25.58,5063
25.59,5062
25.61,5061
25.62,5060
25.63,5059
25.64,5058
25.66,5057
25.67,5056
25.68,5055
25.69,5054
25.71,5053
25.72,5052
25.73,5051
25.74,5050
25.75,5049
25.77,5048
25.78,5047
25.79,5046
25.80,5045
25.82,5044
25.83,5043
25.84,5042
25.85,5041
25.87,5040
25.88,5039
25.89,5038
25.91,5037
25.92,5036
25.93,5035
25.94,5034
25.96,5033
25.97,5032
25.98,5031
25.99,5030
26.01,5029
26.02,5028
26.03,5027
26.04,5026
26.06,5025
26.07,5024
26.08,5023
26.09,5022
26.11,5021
26.12,5020
26.13,5019
26.14,5018
26.16,5017
26.17,5016
26.18,5015
26.19,5014
26.20,5013
26.22,5012
26.23,5011
26.24,5010
26.25,5009
26.27,5008
26.28,5007
26.29,5006
26.30,5005
26.32,5004
26.33,5003
26.34,5002
26.35,5001
26.37,5000
26.38,4999
26.39,4998
26.40,4997
26.42,4996
26.43,4995
26.44,4994
26.45,4993
26.47,4992
26.48,4991
26.49,4990
26.50,4989
26.52,4988
26.53,4987
26.54,4986
26.55,4985
26.56,4984
26.58,4983
26.59,4982
26.60,4981
26.61,4980
26.63,4979
26.64,4978
26.65,4977
26.66,4976
26.68,4975
26.69,4974
26.70,4973
26.71,4972
26.73,4971
26.74,4970
26.75,4969
26.76,4968
26.77,4967
26.79,4966
26.80,4965
26.81,4964
26.82,4963
26.84,4962
26.85,4961
26.86,4960
26.87,4959
26.89,4958
26.90,4957
26.91,4956
26.92,4955
26.94,4954
26.95,4953
26.96,4952
26.97,4951
26.98,4950
27.00,4949
27.01,4948
27.02,4947
27.03,4946
27.05,4945
27.06,4944
27.07,4943
27.08,4942
27.10,4941
27.11,4940
27.12,4939
27.13,4938
27.14,4937
27.16,4936
27.17,4935
27.18,4934
27.19,4933
27.21,4932
27.22,4931
27.23,4930
27.24,4929
27.26,4928
27.27,4927
27.28,4926
27.29,4925
27.31,4924
27.32,4923
27.33,4922
27.34,4921
27.36,4920
27.37,4919
27.38,4918
27.39,4917
27.40,4916
27.42,4915
27.43,4914
27.44,4913
27.45,4912
27.47,4911
27.48,4910
27.49,4909
27.50,4908
27.52,4907
27.53,4906
27.54,4905
27.55,4904
27.56,4903
27.58,4902
27.59,4901
27.60,4900
27.61,4899
27.62,4898
27.64,4897
27.65,4896
27.66,4895
27.67,4894
27.69,4893
27.70,4892
27.71,4891
27.72,4890
27.73,4889
27.75,4888
27.76,4887
27.77,4886
27.78,4885
27.79,4884
27.81,4883
27.82,4882
27.83,4881
27.84,4880
27.86,4879
27.87,4878
27.96,4877
27.97,4876
27.99,4875
28.01,4874
28.12,4873
28.13,4872
28.14,4871
