1.01,6812
1.13,6811
1.15,6810
1.18,6809
1.20,6808
1.22,6807
1.24,6806
1.25,6805
1.27,6804
1.29,6803
1.31,6802
1.33,6801
1.34,6800
1.35,6799
1.36,6798
1.38,6797
1.39,6796
1.40,6795
1.41,6794
1.43,6793
1.44,6792
1.45,6791
1.46,6790
1.48,6789
1.49,6788
1.50,6787
1.51,6786
1.52,6785
1.54,6784
1.55,6783
1.56,6782
1.57,6781
1.59,6780
1.60,6779
1.61,6778
1.62,6777
1.64,6776
1.65,6775
1.66,6774
1.67,6773
1.69,6772
1.70,6771
1.71,6770
1.72,6769
1.74,6768
1.75,6767
1.76,6766
1.77,6765
1.79,6764
1.80,6763
1.82,6762
1.84,6761
1.85,6760
1.86,6759
1.87,6758
1.89,6757
1.90,6756
1.91,6755
1.92,6754
1.94,6753
1.95,6752
1.96,6751
1.97,6750
1.99,6749
2.00,6748
2.01,6747
2.02,6746
2.03,6745
2.05,6744
2.06,6743
2.07,6742
2.09,6741
2.10,6740
2.11,6739
2.12,6738
2.14,6737
2.15,6736
2.16,6735
2.17,6734
2.19,6733
2.20,6732
2.21,6731
2.22,6730
2.24,6729
2.25,6728
2.26,6727
2.28,6726
2.29,6725
2.30,6724
2.31,6723
2.33,6722
2.34,6721
2.35,6720
2.36,6719
2.37,6718
2.39,6717
2.40,6716
2.41,6715
2.42,6714
2.44,6713
2.45,6712
2.47,6711
2.48,6710
2.49,6709
2.51,6708
2.52,6707
2.53,6706
2.55,6705
2.56,6704
2.58,6703
2.59,6702
2.60,6701
2.62,6700
2.63,6699
2.65,6698
2.66,6697
2.68,6696
2.69,6695
2.70,6694
2.72,6693
2.73,6692
2.75,6691
2.76,6690
2.77,6689
2.79,6688
2.80,6687
2.82,6686
2.83,6685
2.85,6684
2.86,6683
2.87,6682
2.89,6681
2.91,6680
2.93,6679
2.94,6678
2.95,6677
2.96,6676
2.98,6675
2.99,6674
3.00,6673
3.01,6672
3.02,6671
3.04,6670
3.05,6669
3.06,6668
3.07,6667
3.09,6666
3.10,6665
3.11,6664
3.13,6663
3.14,6662
3.15,6661
3.16,6660
3.17,6659
3.19,6658
3.20,6657
3.21,6656
3.22,6655
3.23,6654
3.25,6653
3.26,6652
3.27,6651
3.28,6650
3.30,6649
3.31,6648
3.32,6647
3.33,6646
3.34,6645
3.36,6644
3.37,6643
3.38,6642
3.39,6641
3.41,6640
3.42,6639
3.43,6638
3.44,6637
3.45,6636
3.47,6635
3.48,6634
3.49,6633
3.50,6632
3.52,6631
3.53,6630
3.54,6629
3.55,6628
3.56,6627
3.58,6626
3.59,6625
3.60,6624
3.61,6623
3.63,6622
3.64,6621
3.65,6620
3.66,6619
3.68,6618
3.69,6617
3.70,6616
3.71,6615
3.73,6614
3.74,6613
3.75,6612
3.76,6611
3.78,6610
3.79,6609
3.80,6608
3.81,6607
3.83,6606
3.84,6605
3.85,6604
3.88,6603
3.90,6602
3.91,6601
3.94,6600
3.96,6599
3.97,6598
3.98,6597
3.99,6596
4.00,6595
4.02,6594
4.03,6593
4.04,6592
4.05,6591
4.06,6590
4.11,6589
4.12,6588
4.14,6587
4.15,6586
4.16,6585
4.17,6584
4.19,6583
4.20,6582
4.21,6581
4.22,6580
4.24,6579
4.25,6578
4.26,6577
4.27,6576
4.28,6575
4.30,6574
4.33,6573
4.34,6572
4.35,6571
4.37,6570
4.39,6569
4.40,6568
4.41,6567
4.42,6566
4.44,6565
4.45,6564
4.46,6563
4.47,6562
4.48,6561
4.50,6560
4.51,6559
4.55,6558
4.56,6557
4.57,6556
4.59,6555
4.60,6554
4.61,6553
4.62,6552
4.64,6551
4.65,6550
4.67,6549
4.68,6548
4.70,6547
4.71,6546
4.72,6545
4.74,6544
4.75,6543
4.76,6542
4.77,6541
4.79,6540
4.80,6539
4.82,6538
4.83,6537
4.84,6536
4.85,6535
4.87,6534
4.88,6533
4.89,6532
4.90,6531
4.93,6530
4.94,6529
4.96,6528
4.97,6527
4.98,6526
4.99,6525
5.00,6524
5.02,6523
5.03,6522
5.04,6521
5.06,6520
5.07,6519
5.08,6518
5.10,6517
5.11,6516
5.13,6515
5.14,6514
5.15,6513
5.17,6512
5.18,6511
5.19,6510
5.21,6509
5.22,6508
5.24,6507
5.25,6506
5.27,6505
5.34,6504
5.35,6503
5.36,6502
5.38,6501
5.39,6500
5.41,6499
5.42,6498
5.43,6497
5.45,6496
5.46,6495
5.47,6494
5.49,6493
5.55,6492
5.60,6491
5.63,6490
5.65,6489
5.66,6488
5.68,6487
5.69,6486
5.70,6485
5.72,6484
5.76,6483
5.77,6482
5.79,6481
5.80,6480
5.81,6479
5.83,6478
5.86,6477
5.87,6476
5.89,6475
5.90,6474
5.92,6473
5.94,6472
5.95,6471
5.97,6470
5.98,6469
5.99,6468
6.01,6467
6.02,6466
6.03,6465
6.07,6464
6.09,6463
6.10,6462
6.12,6461
6.14,6460
6.15,6459
6.16,6458
6.18,6457
6.19,6456
6.23,6455
6.24,6454
6.25,6453
6.27,6452
6.28,6451
6.33,6450
6.34,6449
6.35,6448
6.37,6447
6.38,6446
6.39,6445
6.40,6444
6.42,6443
6.43,6442
6.44,6441
6.45,6440
6.47,6439
6.49,6438
6.50,6437
6.51,6436
6.53,6435
6.54,6434
6.55,6433
6.62,6432
6.63,6431
6.64,6430
6.67,6429
6.69,6428
6.70,6427
6.72,6426
6.73,6425
6.74,6424
6.76,6423
6.77,6422
6.78,6421
6.79,6420
6.81,6419
6.82,6418
6.83,6417
6.85,6416
6.87,6415
6.88,6414
6.90,6413
6.91,6412
6.92,6411
6.93,6410
6.95,6409
6.96,6408
6.97,6407
6.99,6406
7.00,6405
7.01,6404
7.02,6403
7.04,6402
7.05,6401
7.06,6400
7.07,6399
7.09,6398
7.10,6397
7.11,6396
7.13,6395
7.14,6394
7.15,6393
7.16,6392
7.18,6391
7.19,6390
7.20,6389
7.21,6388
7.23,6387
7.24,6386
7.25,6385
7.26,6384
7.28,6383
7.29,6382
7.30,6381
7.31,6380
7.33,6379
7.34,6378
7.35,6377
7.36,6376
7.37,6375
7.39,6374
7.40,6373
7.41,6372
7.42,6371
7.44,6370
7.45,6369
7.46,6368
7.47,6367
7.49,6366
7.50,6365
7.51,6364
7.52,6363
7.54,6362
7.55,6361
7.56,6360
7.58,6359
7.59,6358
7.60,6357
7.61,6356
7.63,6355
7.64,6354
7.65,6353
7.66,6352
7.68,6351
7.69,6350
7.70,6349
7.72,6348
7.73,6347
7.75,6346
7.76,6345
7.77,6344
7.79,6343
7.80,6342
7.81,6341
7.82,6340
7.84,6339
7.85,6338
7.86,6337
7.87,6336
7.89,6335
7.90,6334
7.91,6333
7.93,6332
7.94,6331
7.95,6330
7.96,6329
7.97,6328
7.99,6327
8.00,6326
8.01,6325
8.03,6324
8.04,6323
8.05,6322
8.06,6321
8.08,6320
8.09,6319
8.10,6318
8.11,6317
8.13,6316
8.14,6315
8.16,6314
8.17,6313
8.18,6312
8.20,6311
8.21,6310
8.22,6309
8.23,6308
8.25,6307
8.26,6306
8.27,6305
8.28,6304
8.30,6303
8.31,6302
8.32,6301
8.33,6300
8.35,6299
8.36,6298
8.38,6297
8.39,6296
8.40,6295
8.41,6294
8.43,6293
8.44,6292
8.45,6291
8.46,6290
8.48,6289
8.49,6288
8.50,6287
8.52,6286
8.53,6285
8.54,6284
8.55,6283
8.57,6282
8.59,6281
8.60,6280
8.61,6279
8.62,6278
8.64,6277
8.65,6276
8.66,6275
8.67,6274
8.69,6273
8.70,6272
8.71,6271
8.73,6270
8.74,6269
8.75,6268
8.76,6267
8.78,6266
8.79,6265
8.80,6264
8.81,6263
8.84,6262
8.85,6261
8.86,6260
8.88,6259
8.89,6258
8.90,6257
8.92,6256
8.93,6255
8.94,6254
8.95,6253
8.97,6252
8.98,6251
8.99,6250
9.01,6249
9.03,6248
9.04,6247
9.05,6246
9.06,6245
9.08,6244
9.09,6243
9.10,6242
9.12,6241
9.13,6240
9.14,6239
9.15,6238
9.17,6237
9.18,6236
9.19,6235
9.21,6234
9.22,6233
9.23,6232
9.24,6231
9.26,6230
9.27,6229
9.28,6228
9.30,6227
9.31,6226
9.32,6225
9.33,6224
9.35,6223
9.36,6222
9.37,6221
9.39,6220
9.40,6219
9.41,6218
9.42,6217
9.44,6216
9.45,6215
9.46,6214
9.48,6213
9.49,6212
9.50,6211
9.52,6210
9.53,6209
9.54,6208
9.55,6207
9.57,6206
9.58,6205
9.59,6204
9.61,6203
9.62,6202
9.63,6201
9.64,6200
9.66,6199
9.67,6198
9.69,6197
9.70,6196
9.72,6195
9.73,6194
9.74,6193
9.76,6192
9.77,6191
9.78,6190
9.79,6189
9.81,6188
9.82,6187
9.83,6186
9.85,6185
9.86,6184
9.87,6183
9.89,6182
9.90,6181
9.91,6180
9.92,6179
9.94,6178
9.95,6177
9.96,6176
9.98,6175
9.99,6174
10.00,6173
10.02,6172
10.03,6171
10.04,6170
10.05,6169
10.07,6168
10.08,6167
10.09,6166
10.10,6165
10.12,6164
10.14,6163
10.15,6162
10.16,6161
10.18,6160
10.19,6159
10.20,6158
10.21,6157
10.23,6156
10.24,6155
10.25,6154
10.26,6153
10.28,6152
10.29,6151
10.30,6150
10.31,6149
10.32,6148
10.34,6147
10.35,6146
10.36,6145
10.37,6144
10.39,6143
10.40,6142
10.41,6141
10.42,6140
10.44,6139
10.45,6138
10.46,6137
10.47,6136
10.49,6135
10.50,6134
10.51,6133
10.52,6132
10.54,6131
10.55,6130
10.56,6129
10.57,6128
10.59,6127
10.60,6126
10.61,6125
10.62,6124
10.64,6123
10.65,6122
10.67,6121
10.68,6120
10.70,6119
10.71,6118
10.73,6117
10.74,6116
10.75,6115
10.77,6114
10.78,6113
10.79,6112
10.81,6111
10.82,6110
10.84,6109
10.85,6108
10.86,6107
10.88,6106
10.90,6105
10.91,6104
10.93,6103
10.94,6102
10.96,6101
10.97,6100
10.99,6099
11.00,6098
11.02,6097
11.03,6096
11.05,6095
11.06,6094
11.08,6093
11.09,6092
11.10,6091
11.12,6090
11.13,6089
11.15,6088
11.16,6087
11.18,6086
11.19,6085
11.21,6084
11.23,6083
11.24,6082
11.26,6081
11.27,6080
11.29,6079
11.30,6078
11.32,6077
11.33,6076
11.34,6075
11.36,6074
11.37,6073
11.39,6072
11.40,6071
11.42,6070
11.43,6069
11.45,6068
11.46,6067
11.48,6066
11.49,6065
11.50,6064
11.52,6063
11.53,6062
11.55,6061
11.56,6060
11.58,6059
11.59,6058
11.61,6057
11.62,6056
11.64,6055
11.65,6054
11.67,6053
11.68,6052
11.70,6051
11.71,6050
11.73,6049
11.74,6048
11.76,6047
11.77,6046
11.79,6045
11.80,6044
11.82,6043
11.84,6042
11.85,6041
11.87,6040
11.88,6039
11.90,6038
11.91,6037
11.93,6036
11.94,6035
11.95,6034
11.97,6033
11.98,6032
12.00,6031
12.01,6030
12.02,6029
12.04,6028
12.05,6027
12.07,6026
12.08,6025
12.09,6024
12.11,6023
12.12,6022
12.14,6021
12.15,6020
12.17,6019
12.18,6018
12.19,6017
12.21,6016
12.22,6015
12.24,6014
12.25,6013
12.27,6012
12.28,6011
12.29,6010
12.31,6009
12.32,6008
12.34,6007
12.35,6006
12.37,6005
12.38,6004
12.39,6003
12.41,6002
12.42,6001
12.44,6000
12.45,5999
12.47,5998
12.48,5997
12.50,5996
12.51,5995
12.53,5994
12.54,5993
12.55,5992
12.57,5991
12.58,5990
12.60,5989
12.61,5988
12.63,5987
12.64,5986
12.66,5985
12.67,5984
12.69,5983
12.70,5982
12.72,5981
12.73,5980
12.75,5979
12.76,5978
12.78,5977
12.79,5976
12.80,5975
12.82,5974
12.83,5973
12.85,5972
12.86,5971
12.88,5970
12.89,5969
12.91,5968
12.92,5967
12.94,5966
12.95,5965
12.96,5964
12.98,5963
12.99,5962
13.01,5961
13.02,5960
13.04,5959
13.05,5958
13.07,5957
13.08,5956
13.10,5955
13.11,5954
13.13,5953
13.14,5952
13.16,5951
13.17,5950
13.19,5949
13.20,5948
13.21,5947
13.22,5946
13.24,5945
13.25,5944
13.26,5943
13.27,5942
13.29,5941
13.30,5940
13.31,5939
13.33,5938
13.34,5937
13.35,5936
13.36,5935
13.38,5934
13.40,5933
13.41,5932
13.42,5931
13.43,5930
13.45,5929
13.46,5928
13.47,5927
13.49,5926
13.50,5925
13.52,5924
13.53,5923
13.54,5922
13.56,5921
13.57,5920
13.58,5919
13.60,5918
13.61,5917
13.62,5916
13.63,5915
13.65,5914
13.66,5913
13.67,5912
13.69,5911
13.70,5910
13.71,5909
13.72,5908
13.74,5907
13.75,5906
13.76,5905
13.78,5904
13.79,5903
13.80,5902
13.82,5901
13.83,5900
13.84,5899
13.85,5898
13.86,5897
13.88,5896
13.89,5895
13.90,5894
13.92,5893
13.93,5892
13.94,5891
13.95,5890
13.97,5889
13.98,5888
13.99,5887
14.01,5886
14.02,5885
14.03,5884
14.05,5883
14.06,5882
14.07,5881
14.08,5880
14.10,5879
14.11,5878
14.12,5877
14.14,5876
14.15,5875
14.16,5874
14.17,5873
14.19,5872
14.20,5871
14.21,5870
14.22,5869
14.24,5868
14.25,5867
14.26,5866
14.28,5865
14.30,5864
14.31,5863
14.32,5862
14.33,5861
14.35,5860
14.36,5859
14.37,5858
14.39,5857
14.40,5856
14.41,5855
14.43,5854
14.44,5853
14.46,5852
14.48,5851
14.49,5850
14.50,5849
14.51,5848
14.53,5847
14.54,5846
14.55,5845
14.57,5844
14.58,5843
14.59,5842
14.61,5841
14.62,5840
14.63,5839
14.64,5838
14.66,5837
14.67,5836
14.68,5835
14.70,5834
14.71,5833
14.72,5832
14.73,5831
14.75,5830
14.76,5829
14.77,5828
14.78,5827
14.80,5826
14.81,5825
14.82,5824
14.83,5823
14.85,5822
14.86,5821
14.87,5820
14.88,5819
14.90,5818
14.91,5817
14.92,5816
14.94,5815
14.95,5814
14.96,5813
14.97,5812
14.99,5811
15.00,5810
15.01,5809
15.03,5808
15.04,5807
15.05,5806
15.07,5805
15.08,5804
15.09,5803
15.10,5802
15.12,5801
15.13,5800
15.14,5799
15.15,5798
15.17,5797
15.18,5796
15.19,5795
15.21,5794
15.22,5793
15.23,5792
15.25,5791
15.26,5790
15.27,5789
15.29,5788
15.30,5787
15.31,5786
15.33,5785
15.34,5784
15.35,5783
15.36,5782
15.38,5781
15.40,5780
15.41,5779
15.42,5778
15.43,5777
15.44,5776
15.46,5775
15.47,5774
15.48,5773
15.50,5772
15.51,5771
15.52,5770
15.54,5769
15.55,5768
15.56,5767
15.57,5766
15.59,5765
15.60,5764
15.61,5763
15.63,5762
15.64,5761
15.65,5760
15.67,5759
15.68,5758
15.69,5757
15.70,5756
15.72,5755
15.73,5754
15.74,5753
15.76,5752
15.77,5751
15.78,5750
15.79,5749
15.81,5748
15.82,5747
15.83,5746
15.84,5745
15.86,5744
15.87,5743
15.88,5742
15.89,5741
15.91,5740
15.92,5739
15.93,5738
15.95,5737
15.96,5736
15.97,5735
15.98,5734
16.00,5733
16.01,5732
16.02,5731
16.04,5730
16.05,5729
16.06,5728
16.08,5727
16.09,5726
16.10,5725
16.11,5724
16.13,5723
16.14,5722
16.15,5721
16.17,5720
16.18,5719
16.19,5718
16.21,5717
16.22,5716
16.23,5715
16.24,5714
16.26,5713
16.27,5712
16.28,5711
16.30,5710
16.31,5709
16.32,5708
16.34,5707
16.35,5706
16.36,5705
16.37,5704
16.39,5703
16.40,5702
16.41,5701
16.43,5700
16.44,5699
16.45,5698
16.47,5697
16.48,5696
16.49,5695
16.50,5694
16.52,5693
16.53,5692
16.54,5691
16.56,5690
16.57,5689
16.58,5688
16.59,5687
16.61,5686
16.62,5685
16.63,5684
16.65,5683
16.66,5682
16.67,5681
16.68,5680
16.70,5679
16.71,5678
16.72,5677
16.74,5676
16.75,5675
16.76,5674
16.77,5673
16.79,5672
16.80,5671
16.81,5670
16.83,5669
16.84,5668
16.85,5667
16.86,5666
16.88,5665
16.89,5664
16.90,5663
16.92,5662
16.93,5661
16.94,5660
16.95,5659
16.97,5658
16.98,5657
16.99,5656
17.01,5655
17.02,5654
17.03,5653
17.04,5652
17.06,5651
17.07,5650
17.08,5649
17.09,5648
17.11,5647
17.12,5646
17.13,5645
17.15,5644
17.16,5643
17.17,5642
17.19,5641
17.20,5640
17.21,5639
17.22,5638
17.24,5637
17.25,5636
17.26,5635
17.27,5634
17.29,5633
17.30,5632
17.31,5631
17.33,5630
17.34,5629
17.35,5628
17.36,5627
17.38,5626
17.39,5625
17.40,5624
17.42,5623
17.43,5622
17.44,5621
17.45,5620
17.47,5619
17.48,5618
17.49,5617
17.51,5616
17.52,5615
17.53,5614
17.54,5613
17.56,5612
17.57,5611
17.58,5610
17.59,5609
17.61,5608
17.62,5607
17.63,5606
17.65,5605
17.66,5604
17.67,5603
17.69,5602
17.70,5601
17.71,5600
17.72,5599
17.74,5598
17.75,5597
17.76,5596
17.78,5595
17.79,5594
17.80,5593
17.81,5592
17.83,5591
17.84,5590
17.85,5589
17.86,5588
17.88,5587
17.89,5586
17.90,5585
17.92,5584
17.93,5583
17.94,5582
17.95,5581
17.97,5580
17.98,5579
17.99,5578
18.00,5577
18.02,5576
18.03,5575
18.04,5574
18.05,5573
18.07,5572
18.08,5571
18.09,5570
18.11,5569
18.12,5568
18.13,5567
18.14,5566
18.16,5565
18.17,5564
18.18,5563
18.19,5562
18.21,5561
18.22,5560
18.23,5559
18.24,5558
18.26,5557
18.27,5556
18.28,5555
18.29,5554
18.31,5553
18.32,5552
18.33,5551
18.34,5550
18.36,5549
18.37,5548
18.38,5547
18.39,5546
18.41,5545
18.42,5544
18.43,5543
18.44,5542
18.46,5541
18.47,5540
18.48,5539
18.49,5538
18.51,5537
18.52,5536
18.53,5535
18.54,5534
18.56,5533
18.57,5532
18.58,5531
18.60,5530
18.61,5529
18.62,5528
18.63,5527
18.65,5526
18.66,5525
18.67,5524
18.68,5523
18.70,5522
18.71,5521
18.72,5520
18.73,5519
18.75,5518
18.76,5517
18.77,5516
18.78,5515
18.80,5514
18.81,5513
18.82,5512
18.83,5511
18.85,5510
18.86,5509
18.87,5508
18.88,5507
18.90,5506
18.91,5505
18.92,5504
18.93,5503
18.95,5502
18.96,5501
18.97,5500
18.98,5499
19.00,5498
19.01,5497
19.02,5496
19.04,5495
19.05,5494
19.06,5493
19.07,5492
19.09,5491
19.10,5490
19.11,5489
19.12,5488
19.14,5487
19.15,5486
19.16,5485
19.17,5484
19.19,5483
19.20,5482
19.21,5481
19.22,5480
19.24,5479
19.25,5478
19.26,5477
19.27,5476
19.29,5475
19.30,5474
19.31,5473
19.32,5472
19.34,5471
19.35,5470
19.36,5469
19.37,5468
19.39,5467
19.40,5466
19.41,5465
19.42,5464
19.44,5463
19.45,5462
19.46,5461
19.47,5460
19.49,5459
19.50,5458
19.51,5457
19.52,5456
19.53,5455
19.55,5454
19.56,5453
19.57,5452
19.58,5451
19.60,5450
19.61,5449
19.62,5448
19.63,5447
19.65,5446
19.66,5445
19.67,5444
19.68,5443
19.70,5442
19.71,5441
19.72,5440
19.73,5439
19.75,5438
19.76,5437
19.77,5436
19.78,5435
19.80,5434
19.81,5433
19.82,5432
19.83,5431
19.85,5430
19.86,5429
19.87,5428
19.88,5427
19.89,5426
19.91,5425
19.92,5424
19.93,5423
19.94,5422
19.96,5421
19.97,5420
19.98,5419
19.99,5418
20.01,5417
20.02,5416
20.03,5415
20.04,5414
20.06,5413
20.07,5412
20.08,5411
20.09,5410
20.11,5409
20.12,5408
20.13,5407
20.14,5406
20.16,5405
20.17,5404
20.18,5403
20.19,5402
20.21,5401
20.22,5400
20.23,5399
20.24,5398
20.26,5397
20.27,5396
20.28,5395
20.29,5394
20.31,5393
20.32,5392
20.33,5391
20.34,5390
20.36,5389
20.37,5388
20.38,5387
20.39,5386
20.40,5385
20.42,5384
20.43,5383
20.44,5382
20.45,5381
20.47,5380
20.48,5379
20.49,5378
20.50,5377
20.52,5376
20.53,5375
20.54,5374
20.55,5373
20.57,5372
20.58,5371
20.59,5370
20.60,5369
20.62,5368
20.63,5367
20.64,5366
20.65,5365
20.67,5364
20.68,5363
20.69,5362
20.70,5361
20.71,5360
20.73,5359
20.74,5358
20.75,5357
20.76,5356
20.78,5355
20.79,5354
20.80,5353
20.81,5352
20.83,5351
20.84,5350
20.85,5349
20.86,5348
20.88,5347
20.89,5346
20.90,5345
20.91,5344
20.93,5343
20.94,5342
20.95,5341
20.96,5340
20.97,5339
20.99,5338
21.00,5337
21.01,5336
21.02,5335
21.04,5334
21.05,5333
21.06,5332
21.07,5331
21.09,5330
21.10,5329
21.11,5328
21.12,5327
21.13,5326
21.15,5325
21.16,5324
21.17,5323
21.18,5322
21.20,5321
21.21,5320
21.22,5319
21.23,5318
21.24,5317
21.26,5316
21.27,5315
21.28,5314
21.29,5313
21.31,5312
21.32,5311
21.33,5310
21.34,5309
21.36,5308
21.37,5307
21.38,5306
21.39,5305
21.41,5304
21.42,5303
21.43,5302
21.44,5301
21.45,5300
21.47,5299
21.48,5298
21.49,5297
21.50,5296
21.52,5295
21.53,5294
21.54,5293
21.55,5292
21.57,5291
21.58,5290
21.59,5289
21.60,5288
21.62,5287
21.63,5286
21.64,5285
21.65,5284
21.66,5283
21.68,5282
21.69,5281
21.70,5280
21.71,5279
21.73,5278
21.74,5277
21.75,5276
21.76,5275
21.77,5274
21.79,5273
21.80,5272
21.81,5271
21.82,5270
21.84,5269
21.85,5268
21.86,5267
21.87,5266
21.88,5265
21.90,5264
21.91,5263
21.92,5262
21.93,5261
21.95,5260
21.96,5259
21.97,5258
21.98,5257
21.99,5256
22.01,5255
22.02,5254
22.03,5253
22.04,5252
22.06,5251
22.07,5250
22.08,5249
22.09,5248
22.11,5247
22.12,5246
22.13,5245
22.14,5244
22.15,5243
22.17,5242
22.18,5241
22.19,5240
22.20,5239
22.21,5238
22.23,5237
22.24,5236
22.25,5235
22.26,5234
22.28,5233
22.29,5232
22.30,5231
22.31,5230
22.32,5229
22.34,5228
22.35,5227
22.36,5226
22.37,5225
22.38,5224
22.40,5223
22.41,5222
22.42,5221
22.43,5220
22.44,5219
22.46,5218
22.47,5217
22.48,5216
22.49,5215
22.51,5214
22.52,5213
22.53,5212
22.54,5211
22.55,5210
22.56,5209
22.58,5208
22.59,5207
22.60,5206
22.61,5205
22.63,5204
22.64,5203
22.65,5202
22.66,5201
22.67,5200
22.69,5199
22.70,5198
22.71,5197
22.72,5196
22.73,5195
22.75,5194
22.76,5193
22.77,5192
22.78,5191
22.79,5190
22.81,5189
22.82,5188
22.83,5187
22.84,5186
22.85,5185
22.87,5184
22.88,5183
22.89,5182
22.90,5181
22.92,5180
22.93,5179
22.94,5178
22.95,5177
22.96,5176
22.98,5175
22.99,5174
23.00,5173
23.01,5172
23.03,5171
23.04,5170
23.05,5169
23.06,5168
23.07,5167
23.09,5166
23.10,5165
23.11,5164
23.12,5163
23.13,5162
23.15,5161
23.16,5160
23.17,5159
23.18,5158
23.19,5157
23.20,5156
23.22,5155
23.23,5154
23.24,5153
23.25,5152
23.26,5151
23.28,5150
23.29,5149
23.30,5148
23.31,5147
23.32,5146
23.33,5145
23.35,5144
23.36,5143
23.37,5142
23.38,5141
23.39,5140
23.40,5139
23.42,5138
23.43,5137
23.44,5136
23.45,5135
23.46,5134
23.47,5133
23.48,5132
23.50,5131
23.51,5130
23.52,5129
23.53,5128
23.54,5127
23.55,5126
23.57,5125
23.58,5124
23.59,5123
23.60,5122
23.61,5121
23.62,5120
23.64,5119
23.65,5118
23.66,5117
23.67,5116
23.68,5115
23.69,5114
23.71,5113
23.72,5112
23.73,5111
23.74,5110
23.75,5109
23.76,5108
23.78,5107
23.79,5106
23.80,5105
23.81,5104
23.82,5103
23.83,5102
23.85,5101
23.86,5100
23.87,5099
23.88,5098
23.89,5097
23.90,5096
23.92,5095
23.93,5094
23.94,5093
23.95,5092
23.96,5091
23.98,5090
23.99,5089
24.00,5088
24.01,5087
24.02,5086
24.04,5085
24.05,5084
24.06,5083
24.07,5082
24.08,5081
24.10,5080
24.11,5079
24.12,5078
24.13,5077
24.14,5076
24.15,5075
24.17,5074
24.18,5073
24.19,5072
24.20,5071
24.21,5070
24.22,5069
24.24,5068
24.25,5067
24.26,5066
24.27,5065
24.28,5064
24.30,5063
24.31,5062
24.32,5061
24.33,5060
24.34,5059
24.35,5058
24.36,5057
24.38,5056
24.39,5055
24.40,5054
24.41,5053
24.42,5052
24.43,5051
24.45,5050
24.46,5049
24.47,5048
24.48,5047
24.49,5046
24.50,5045
24.51,5044
24.53,5043
24.54,5042
24.55,5041
24.56,5040
24.57,5039
24.58,5038
24.60,5037
24.61,5036
24.62,5035
24.63,5034
24.64,5033
24.65,5032
24.66,5031
24.68,5030
24.69,5029
24.70,5028
24.71,5027
24.72,5026
24.73,5025
24.74,5024
24.76,5023
24.77,5022
24.78,5021
24.79,5020
24.80,5019
24.81,5018
24.82,5017
24.84,5016
24.85,5015
24.86,5014
24.87,5013
24.88,5012
24.90,5011
24.91,5010
24.92,5009
24.93,5008
24.94,5007
24.95,5006
24.97,5005
24.98,5004
24.99,5003
25.00,5002
25.01,5001
25.02,5000
25.04,4999
25.05,4998
25.06,4997
25.07,4996
25.08,4995
25.09,4994
25.11,4993
25.12,4992
25.13,4991
25.14,4990
25.15,4989
25.16,4988
25.18,4987
25.19,4986
25.20,4985
25.21,4984
25.22,4983
25.23,4982
25.25,4981
25.26,4980
25.27,4979
25.28,4978
25.29,4977
25.31,4976
25.32,4975
25.33,4974
25.34,4973
25.35,4972
25.36,4971
25.38,4970
25.39,4969
25.40,4968
25.41,4967
25.42,4966
25.43,4965
25.45,4964
25.46,4963
25.47,4962
25.48,4961
25.49,4960
25.50,4959
25.52,4958
25.53,4957
25.54,4956
25.55,4955
25.56,4954
25.57,4953
25.59,4952
25.60,4951
25.61,4950
25.62,4949
25.63,4948
25.64,4947
25.66,4946
25.67,4945
25.68,4944
25.69,4943
25.70,4942
25.71,4941
25.73,4940
25.74,4939
25.75,4938
25.76,4937
25.77,4936
25.78,4935
25.80,4934
25.81,4933
25.82,4932
25.83,4931
25.84,4930
25.85,4929
25.87,4928
25.88,4927
25.89,4926
25.90,4925
25.91,4924
25.92,4923
25.93,4922
25.95,4921
25.96,4920
25.97,4919
25.98,4918
25.99,4917
26.00,4916
26.02,4915
26.03,4914
26.04,4913
26.05,4912
26.06,4911
26.08,4910
26.09,4909
26.10,4908
26.11,4907
26.12,4906
26.13,4905
26.15,4904
26.16,4903
26.17,4902
26.18,4901
26.19,4900
26.20,4899
26.22,4898
26.23,4897
26.24,4896
26.25,4895
26.26,4894
26.27,4893
26.28,4892
26.30,4891
26.31,4890
26.32,4889
26.50,4888
26.55,4887
26.56,4886
26.57,4885
