1.64,10214
1.74,10213
1.76,10212
1.78,10211
1.80,10210
1.82,10209
1.84,10208
1.86,10207
1.87,10206
1.89,10205
1.90,10204
1.91,10203
1.93,10202
1.94,10201
1.95,10200
1.96,10199
1.98,10198
1.99,10197
2.00,10196
2.01,10195
2.02,10194
2.04,10193
2.05,10192
2.06,10191
2.07,10190
2.09,10189
2.10,10188
2.12,10187
2.13,10186
2.14,10185
2.15,10184
2.16,10183
2.17,10182
2.19,10181
2.20,10180
2.21,10179
2.22,10178
2.23,10177
2.24,10176
2.25,10175
2.26,10174
2.27,10173
2.28,10172
2.30,10171
2.31,10170
2.32,10169
2.33,10168
2.34,10167
2.35,10166
2.36,10165
2.37,10164
2.38,10163
2.39,10162
2.40,10161
2.41,10160
2.43,10159
2.44,10158
2.45,10157
2.46,10156
2.47,10155
2.48,10154
2.49,10153
2.50,10152
2.52,10151
2.53,10150
2.54,10149
2.56,10148
2.57,10147
2.58,10146
2.59,10145
2.61,10144
2.62,10143
2.63,10142
2.65,10141
2.66,10140
2.67,10139
2.68,10138
2.70,10137
2.71,10136
2.72,10135
2.74,10134
2.75,10133
2.76,10132
2.77,10131
2.79,10130
2.80,10129
2.81,10128
2.83,10127
2.85,10126
2.86,10125
2.87,10124
2.88,10123
2.89,10122
2.90,10121
2.91,10120
2.93,10119
2.94,10118
2.95,10117
2.96,10116
2.97,10115
2.98,10114
2.99,10113
3.00,10112
3.02,10111
3.03,10110
3.04,10109
3.05,10108
3.06,10107
3.07,10106
3.08,10105
3.09,10104
3.10,10103
3.11,10102
3.12,10101
3.13,10100
3.15,10099
3.16,10098
3.17,10097
3.18,10096
3.19,10095
3.20,10094
3.21,10093
3.22,10092
3.23,10091
3.24,10090
3.25,10089
3.27,10088
3.28,10087
3.29,10086
3.30,10085
3.31,10084
3.32,10083
3.33,10082
3.34,10081
3.35,10080
3.36,10079
3.37,10078
3.38,10077
3.39,10076
3.41,10075
3.42,10074
3.43,10073
3.44,10072
3.45,10071
3.46,10070
3.47,10069
3.48,10068
3.50,10067
3.51,10066
3.52,10065
3.54,10064
3.55,10063
3.56,10062
3.57,10061
3.58,10060
3.59,10059
3.60,10058
3.61,10057
3.62,10056
3.63,10055
3.64,10054
3.66,10053
3.67,10052
3.68,10051
3.69,10050
3.70,10049
3.71,10048
3.72,10047
3.73,10046
3.74,10045
3.75,10044
3.76,10043
3.77,10042
3.78,10041
3.79,10040
3.80,10039
3.81,10038
3.83,10037
3.84,10036
3.85,10035
3.86,10034
3.87,10033
3.88,10032
3.89,10031
3.90,10030
3.91,10029
3.92,10028
3.94,10027
3.95,10026
3.96,10025
3.97,10024
3.98,10023
3.99,10022
4.00,10021
4.01,10020
4.02,10019
4.03,10018
4.04,10017
4.05,10016
4.06,10015
4.07,10014
4.08,10013
4.10,10012
4.11,10011
4.12,10010
4.13,10009
4.14,10008
4.15,10007
4.16,10006
4.17,10005
4.18,10004
4.20,10003
4.21,10002
4.22,10001
4.23,10000
4.25,9999
4.26,9998
4.27,9997
4.29,9996
4.30,9995
4.31,9994
4.33,9993
4.34,9992
4.35,9991
4.37,9990
4.38,9989
4.39,9988
4.41,9987
4.42,9986
4.43,9985
4.44,9984
4.46,9983
4.47,9982
4.48,9981
4.50,9980
4.51,9979
4.52,9978
4.54,9977
4.55,9976
4.56,9975
4.57,9974
4.59,9973
4.60,9972
4.61,9971
4.63,9970
4.64,9969
4.65,9968
4.67,9967
4.68,9966
4.69,9965
4.71,9964
4.72,9963
4.73,9962
4.74,9961
4.76,9960
4.77,9959
4.78,9958
4.80,9957
4.81,9956
4.82,9955
4.84,9954
4.85,9953
4.86,9952
4.88,9951
4.89,9950
4.91,9949
4.92,9948
4.93,9947
4.95,9946
4.96,9945
4.97,9944
4.98,9943
4.99,9942
5.00,9941
5.01,9940
5.02,9939
5.03,9938
5.04,9937
5.06,9936
5.07,9935
5.08,9934
5.09,9933
5.10,9932
5.11,9931
5.12,9930
5.13,9929
5.14,9928
5.15,9927
5.16,9926
5.18,9925
5.19,9924
5.20,9923
5.21,9922
5.22,9921
5.23,9920
5.24,9919
5.25,9918
5.26,9917
5.27,9916
5.28,9915
5.30,9914
5.31,9913
5.32,9912
5.33,9911
5.34,9910
5.35,9909
5.36,9908
5.37,9907
5.38,9906
5.39,9905
5.41,9904
5.42,9903
5.43,9902
5.44,9901
5.45,9900
5.46,9899
5.47,9898
5.48,9897
5.49,9896
5.50,9895
5.51,9894
5.53,9893
5.54,9892
5.55,9891
5.56,9890
5.57,9889
5.58,9888
5.59,9887
5.60,9886
5.61,9885
5.62,9884
5.63,9883
5.64,9882
5.66,9881
5.67,9880
5.68,9879
5.69,9878
5.70,9877
5.71,9876
5.72,9875
5.73,9874
5.74,9873
5.75,9872
5.76,9871
5.77,9870
5.79,9869
5.80,9868
5.81,9867
5.82,9866
5.83,9865
5.84,9864
5.85,9863
5.86,9862
5.87,9861
5.88,9860
5.90,9859
5.91,9858
5.92,9857
5.93,9856
5.94,9855
5.95,9854
5.96,9853
5.97,9852
5.98,9851
5.99,9850
6.00,9849
6.01,9848
6.03,9847
6.04,9846
6.05,9845
6.06,9844
6.07,9843
6.08,9842
6.09,9841
6.10,9840
6.11,9839
6.12,9838
6.13,9837
6.14,9836
6.15,9835
6.17,9834
6.18,9833
6.19,9832
6.20,9831
6.21,9830
6.22,9829
6.23,9828
6.24,9827
6.26,9826
6.27,9825
6.28,9824
6.29,9823
6.30,9822
6.31,9821
6.32,9820
6.33,9819
6.34,9818
6.35,9817
6.36,9816
6.37,9815
6.38,9814
6.39,9813
6.40,9812
6.41,9811
6.43,9810
6.44,9809
6.45,9808
6.46,9807
6.47,9806
6.48,9805
6.49,9804
6.50,9803
6.51,9802
6.52,9801
6.53,9800
6.54,9799
6.55,9798
6.56,9797
6.57,9796
6.58,9795
6.59,9794
6.60,9793
6.62,9792
6.63,9791
6.64,9790
6.65,9789
6.66,9788
6.67,9787
6.68,9786
6.69,9785
6.70,9784
6.71,9783
6.73,9782
6.74,9781
6.75,9780
6.76,9779
6.77,9778
6.78,9777
6.79,9776
6.80,9775
6.81,9774
6.82,9773
6.83,9772
6.85,9771
6.86,9770
6.87,9769
6.88,9768
6.89,9767
6.90,9766
6.91,9765
6.92,9764
6.93,9763
6.94,9762
6.95,9761
6.97,9760
6.98,9759
6.99,9758
7.00,9757
7.01,9756
7.02,9755
7.03,9754
7.04,9753
7.05,9752
7.06,9751
7.07,9750
7.09,9749
7.10,9748
7.11,9747
7.12,9746
7.13,9745
7.14,9744
7.15,9743
7.16,9742
7.17,9741
7.18,9740
7.19,9739
7.21,9738
7.22,9737
7.23,9736
7.24,9735
7.25,9734
7.26,9733
7.27,9732
7.28,9731
7.29,9730
7.30,9729
7.31,9728
7.33,9727
7.34,9726
7.35,9725
7.36,9724
7.37,9723
7.38,9722
7.39,9721
7.40,9720
7.41,9719
7.42,9718
7.43,9717
7.45,9716
7.46,9715
7.47,9714
7.48,9713
7.49,9712
7.50,9711
7.52,9710
7.53,9709
7.54,9708
7.55,9707
7.56,9706
7.58,9705
7.59,9704
7.60,9703
7.62,9702
7.63,9701
7.64,9700
7.66,9699
7.67,9698
7.68,9697
7.69,9696
7.71,9695
7.72,9694
7.73,9693
7.75,9692
7.76,9691
7.77,9690
7.79,9689
7.80,9688
7.81,9687
7.83,9686
7.84,9685
7.85,9684
7.87,9683
7.88,9682
7.89,9681
7.91,9680
7.92,9679
7.93,9678
7.94,9677
7.96,9676
7.97,9675
7.98,9674
8.00,9673
8.01,9672
8.02,9671
8.04,9670
8.05,9669
8.06,9668
8.08,9667
8.09,9666
8.10,9665
8.11,9664
8.13,9663
8.14,9662
8.15,9661
8.17,9660
8.18,9659
8.19,9658
8.21,9657
8.22,9656
8.23,9655
8.24,9654
8.26,9653
8.27,9652
8.28,9651
8.30,9650
8.31,9649
8.32,9648
8.34,9647
8.35,9646
8.36,9645
8.38,9644
8.39,9643
8.40,9642
8.42,9641
8.43,9640
8.44,9639
8.45,9638
8.47,9637
8.48,9636
8.49,9635
8.51,9634
8.52,9633
8.53,9632
8.55,9631
8.56,9630
8.57,9629
8.59,9628
8.60,9627
8.61,9626
8.63,9625
8.64,9624
8.65,9623
8.66,9622
8.68,9621
8.69,9620
8.70,9619
8.72,9618
8.73,9617
8.74,9616
8.76,9615
8.77,9614
8.78,9613
8.80,9612
8.81,9611
8.82,9610
8.84,9609
8.85,9608
8.86,9607
8.87,9606
8.89,9605
8.90,9604
8.91,9603
8.93,9602
8.94,9601
8.95,9600
8.96,9599
8.98,9598
8.99,9597
9.00,9596
9.01,9595
9.03,9594
9.04,9593
9.05,9592
9.06,9591
9.07,9590
9.08,9589
9.09,9588
9.10,9587
9.11,9586
9.12,9585
9.13,9584
9.14,9583
9.15,9582
9.16,9581
9.17,9580
9.18,9579
9.19,9578
9.20,9577
9.22,9576
9.23,9575
9.24,9574
9.25,9573
9.26,9572
9.27,9571
9.28,9570
9.29,9569
9.30,9568
9.31,9567
9.32,9566
9.33,9565
9.34,9564
9.35,9563
9.36,9562
9.37,9561
9.38,9560
9.40,9559
9.41,9558
9.42,9557
9.43,9556
9.44,9555
9.45,9554
9.46,9553
9.47,9552
9.48,9551
9.49,9550
9.50,9549
9.51,9548
9.52,9547
9.53,9546
9.54,9545
9.55,9544
9.57,9543
9.58,9542
9.59,9541
9.60,9540
9.61,9539
9.62,9538
9.63,9537
9.64,9536
9.65,9535
9.66,9534
9.67,9533
9.68,9532
9.69,9531
9.70,9530
9.71,9529
9.72,9528
9.73,9527
9.74,9526
9.75,9525
9.76,9524
9.78,9523
9.79,9522
9.80,9521
9.81,9520
9.82,9519
9.83,9518
9.84,9517
9.85,9516
9.86,9515
9.87,9514
9.88,9513
9.89,9512
9.90,9511
9.91,9510
9.92,9509
9.93,9508
9.95,9507
9.96,9506
9.97,9505
9.98,9504
9.99,9503
10.00,9502
10.01,9501
10.02,9500
10.03,9499
10.04,9498
10.05,9497
10.06,9496
10.07,9495
10.08,9494
10.09,9493
10.11,9492
10.12,9491
10.13,9490
10.14,9489
10.15,9488
10.16,9487
10.17,9486
10.18,9485
10.19,9484
10.20,9483
10.21,9482
10.22,9481
10.23,9480
10.24,9479
10.26,9478
10.27,9477
10.28,9476
10.29,9475
10.30,9474
10.31,9473
10.32,9472
10.33,9471
10.34,9470
10.35,9469
10.36,9468
10.38,9467
10.39,9466
10.40,9465
10.41,9464
10.42,9463
10.43,9462
10.44,9461
10.45,9460
10.46,9459
10.47,9458
10.48,9457
10.49,9456
10.50,9455
10.52,9454
10.53,9453
10.54,9452
10.55,9451
10.56,9450
10.57,9449
10.58,9448
10.59,9447
10.60,9446
10.61,9445
10.62,9444
10.63,9443
10.64,9442
10.65,9441
10.66,9440
10.68,9439
10.69,9438
10.70,9437
10.71,9436
10.72,9435
10.73,9434
10.74,9433
10.75,9432
10.76,9431
10.77,9430
10.78,9429
10.79,9428
10.80,9427
10.81,9426
10.82,9425
10.84,9424
10.85,9423
10.86,9422
10.87,9421
10.88,9420
10.89,9419
10.90,9418
10.91,9417
10.92,9416
10.93,9415
10.94,9414
10.95,9413
10.96,9412
10.97,9411
10.98,9410
10.99,9409
11.01,9408
11.02,9407
11.03,9406
11.04,9405
11.05,9404
11.06,9403
11.07,9402
11.08,9401
11.09,9400
11.10,9399
11.11,9398
11.12,9397
11.13,9396
11.14,9395
11.16,9394
11.17,9393
11.18,9392
11.19,9391
11.20,9390
11.21,9389
11.22,9388
11.23,9387
11.24,9386
11.25,9385
11.26,9384
11.27,9383
11.28,9382
11.29,9381
11.31,9380
11.32,9379
11.33,9378
11.34,9377
11.35,9376
11.36,9375
11.37,9374
11.38,9373
11.39,9372
11.40,9371
11.41,9370
11.42,9369
11.43,9368
11.45,9367
11.46,9366
11.47,9365
11.48,9364
11.49,9363
11.50,9362
11.51,9361
11.52,9360
11.53,9359
11.54,9358
11.55,9357
11.56,9356
11.57,9355
11.58,9354
11.59,9353
11.61,9352
11.62,9351
11.63,9350
11.64,9349
11.65,9348
11.66,9347
11.67,9346
11.68,9345
11.69,9344
11.70,9343
11.71,9342
11.72,9341
11.73,9340
11.74,9339
11.75,9338
11.76,9337
11.77,9336
11.78,9335
11.80,9334
11.81,9333
11.82,9332
11.83,9331
11.84,9330
11.85,9329
11.86,9328
11.87,9327
11.88,9326
11.89,9325
11.90,9324
11.91,9323
11.92,9322
11.93,9321
11.94,9320
11.95,9319
11.96,9318
11.97,9317
11.99,9316
12.00,9315
12.01,9314
12.02,9313
12.03,9312
12.04,9311
12.05,9310
12.06,9309
12.07,9308
12.08,9307
12.09,9306
12.10,9305
12.11,9304
12.12,9303
12.13,9302
12.14,9301
12.15,9300
12.17,9299
12.18,9298
12.19,9297
12.20,9296
12.21,9295
12.22,9294
12.23,9293
12.24,9292
12.25,9291
12.26,9290
12.27,9289
12.28,9288
12.29,9287
12.30,9286
12.31,9285
12.32,9284
12.33,9283
12.34,9282
12.35,9281
12.36,9280
12.37,9279
12.38,9278
12.39,9277
12.40,9276
12.42,9275
12.43,9274
12.44,9273
12.45,9272
12.46,9271
12.47,9270
12.48,9269
12.49,9268
12.50,9267
12.51,9266
12.52,9265
12.53,9264
12.54,9263
12.55,9262
12.56,9261
12.57,9260
12.58,9259
12.59,9258
12.60,9257
12.61,9256
12.62,9255
12.63,9254
12.64,9253
12.65,9252
12.66,9251
12.67,9250
12.69,9249
12.70,9248
12.71,9247
12.72,9246
12.73,9245
12.74,9244
12.75,9243
12.76,9242
12.77,9241
12.78,9240
12.79,9239
12.80,9238
12.81,9237
12.82,9236
12.83,9235
12.84,9234
12.85,9233
12.86,9232
12.87,9231
12.89,9230
12.90,9229
12.91,9228
12.92,9227
12.93,9226
12.94,9225
12.95,9224
12.96,9223
12.97,9222
12.98,9221
12.99,9220
13.00,9219
13.01,9218
13.02,9217
13.03,9216
13.04,9215
13.06,9214
13.07,9213
13.08,9212
13.09,9211
13.10,9210
13.11,9209
13.12,9208
13.13,9207
13.14,9206
13.15,9205
13.16,9204
13.17,9203
13.18,9202
13.19,9201
13.20,9200
13.22,9199
13.23,9198
13.24,9197
13.25,9196
13.26,9195
13.27,9194
13.28,9193
13.29,9192
13.30,9191
13.31,9190
13.32,9189
13.33,9188
13.34,9187
13.35,9186
13.36,9185
13.38,9184
13.39,9183
13.40,9182
13.41,9181
13.42,9180
13.43,9179
13.44,9178
13.45,9177
13.46,9176
13.47,9175
13.48,9174
13.49,9173
13.50,9172
13.51,9171
13.52,9170
13.53,9169
13.54,9168
13.55,9167
13.56,9166
13.57,9165
13.58,9164
13.60,9163
13.61,9162
13.62,9161
13.63,9160
13.64,9159
13.65,9158
13.66,9157
13.67,9156
13.68,9155
13.69,9154
13.70,9153
13.71,9152
13.72,9151
13.73,9150
13.74,9149
13.75,9148
13.76,9147
13.77,9146
13.78,9145
13.79,9144
13.80,9143
13.81,9142
13.82,9141
13.83,9140
13.84,9139
13.85,9138
13.87,9137
13.88,9136
13.89,9135
13.90,9134
13.91,9133
13.92,9132
13.93,9131
13.94,9130
13.95,9129
13.96,9128
13.97,9127
13.98,9126
13.99,9125
14.00,9124
14.01,9123
14.02,9122
14.04,9121
14.05,9120
14.06,9119
14.07,9118
14.08,9117
14.09,9116
14.10,9115
14.11,9114
14.12,9113
14.13,9112
14.14,9111
14.15,9110
14.16,9109
14.17,9108
14.18,9107
14.19,9106
14.20,9105
14.21,9104
14.22,9103
14.23,9102
14.24,9101
14.25,9100
14.27,9099
14.28,9098
14.29,9097
14.30,9096
14.31,9095
14.32,9094
14.33,9093
14.34,9092
14.35,9091
14.36,9090
14.37,9089
14.38,9088
14.39,9087
14.40,9086
14.41,9085
14.42,9084
14.43,9083
14.44,9082
14.45,9081
14.46,9080
14.48,9079
14.49,9078
14.50,9077
14.51,9076
14.52,9075
14.53,9074
14.54,9073
14.55,9072
14.56,9071
14.57,9070
14.58,9069
14.59,9068
14.60,9067
14.61,9066
14.62,9065
14.63,9064
14.64,9063
14.65,9062
14.67,9061
14.68,9060
14.69,9059
14.70,9058
14.71,9057
14.72,9056
14.73,9055
14.74,9054
14.75,9053
14.76,9052
14.77,9051
14.78,9050
14.79,9049
14.80,9048
14.81,9047
14.82,9046
14.84,9045
14.85,9044
14.86,9043
14.87,9042
14.88,9041
14.89,9040
14.90,9039
14.91,9038
14.92,9037
14.93,9036
14.94,9035
14.95,9034
14.96,9033
14.97,9032
14.98,9031
14.99,9030
15.00,9029
15.02,9028
15.03,9027
15.04,9026
15.05,9025
15.06,9024
15.07,9023
15.08,9022
15.09,9021
15.10,9020
15.11,9019
15.12,9018
15.13,9017
15.14,9016
15.15,9015
15.16,9014
15.17,9013
15.18,9012
15.19,9011
15.20,9010
15.21,9009
15.22,9008
15.24,9007
15.25,9006
15.26,9005
15.27,9004
15.28,9003
15.29,9002
15.30,9001
15.31,9000
15.32,8999
15.33,8998
15.34,8997
15.35,8996
15.36,8995
15.37,8994
15.39,8993
15.40,8992
15.41,8991
15.42,8990
15.43,8989
15.44,8988
15.45,8987
15.46,8986
15.47,8985
15.48,8984
15.49,8983
15.50,8982
15.51,8981
15.52,8980
15.53,8979
15.54,8978
15.56,8977
15.57,8976
15.58,8975
15.59,8974
15.60,8973
15.61,8972
15.62,8971
15.63,8970
15.64,8969
15.65,8968
15.66,8967
15.67,8966
15.68,8965
15.69,8964
15.71,8963
15.72,8962
15.73,8961
15.74,8960
15.75,8959
15.76,8958
15.77,8957
15.78,8956
15.79,8955
15.80,8954
15.81,8953
15.82,8952
15.83,8951
15.84,8950
15.85,8949
15.86,8948
15.88,8947
15.89,8946
15.90,8945
15.91,8944
15.92,8943
15.93,8942
15.94,8941
15.95,8940
15.96,8939
15.97,8938
15.98,8937
15.99,8936
16.00,8935
16.01,8934
16.02,8933
16.03,8932
16.04,8931
16.05,8930
16.06,8929
16.07,8928
16.09,8927
16.10,8926
16.11,8925
16.12,8924
16.13,8923
16.14,8922
16.15,8921
16.16,8920
16.17,8919
16.18,8918
16.19,8917
16.20,8916
16.21,8915
16.22,8914
16.23,8913
16.24,8912
16.25,8911
16.26,8910
16.27,8909
16.29,8908
16.30,8907
16.31,8906
16.32,8905
16.33,8904
16.34,8903
16.35,8902
16.36,8901
16.37,8900
16.38,8899
16.39,8898
16.40,8897
16.41,8896
16.42,8895
16.43,8894
16.44,8893
16.45,8892
16.46,8891
16.48,8890
16.49,8889
16.50,8888
16.51,8887
16.52,8886
16.53,8885
16.54,8884
16.55,8883
16.56,8882
16.57,8881
16.58,8880
16.59,8879
16.60,8878
16.61,8877
16.62,8876
16.64,8875
16.65,8874
16.66,8873
16.67,8872
16.68,8871
16.69,8870
16.70,8869
16.71,8868
16.72,8867
16.73,8866
16.74,8865
16.75,8864
16.76,8863
16.77,8862
16.78,8861
16.79,8860
16.80,8859
16.81,8858
16.82,8857
16.84,8856
16.85,8855
16.86,8854
16.87,8853
16.88,8852
16.89,8851
16.90,8850
16.91,8849
16.92,8848
16.93,8847
16.94,8846
16.95,8845
16.96,8844
16.97,8843
16.98,8842
16.99,8841
17.00,8840
17.01,8839
17.02,8838
17.03,8837
17.04,8836
17.05,8835
17.06,8834
17.07,8833
17.08,8832
17.09,8831
17.10,8830
17.11,8829
17.12,8828
17.13,8827
17.14,8826
17.15,8825
17.16,8824
17.17,8823
17.18,8822
17.20,8821
17.21,8820
17.22,8819
17.23,8818
17.24,8817
17.25,8816
17.26,8815
17.27,8814
17.28,8813
17.29,8812
17.30,8811
17.31,8810
17.32,8809
17.33,8808
17.34,8807
17.35,8806
17.36,8805
17.37,8804
17.38,8803
17.39,8802
17.40,8801
17.42,8800
17.43,8799
17.44,8798
17.45,8797
17.46,8796
17.47,8795
17.48,8794
17.49,8793
17.50,8792
17.51,8791
17.52,8790
17.53,8789
17.54,8788
17.55,8787
17.56,8786
17.57,8785
17.58,8784
17.59,8783
17.60,8782
17.62,8781
17.63,8780
17.64,8779
17.65,8778
17.66,8777
17.67,8776
17.68,8775
17.69,8774
17.70,8773
17.71,8772
17.72,8771
17.73,8770
17.74,8769
17.75,8768
17.76,8767
17.78,8766
17.79,8765
17.80,8764
17.81,8763
17.82,8762
17.83,8761
17.84,8760
17.85,8759
17.86,8758
17.87,8757
17.88,8756
17.89,8755
17.90,8754
17.91,8753
17.92,8752
17.94,8751
17.95,8750
17.96,8749
17.97,8748
17.98,8747
17.99,8746
18.00,8745
18.01,8744
18.02,8743
18.03,8742
18.04,8741
18.05,8740
18.06,8739
18.07,8738
18.08,8737
18.09,8736
18.10,8735
18.12,8734
18.13,8733
18.14,8732
18.15,8731
18.16,8730
18.17,8729
18.18,8728
18.19,8727
18.20,8726
18.21,8725
18.22,8724
18.23,8723
18.24,8722
18.25,8721
18.26,8720
18.27,8719
18.28,8718
18.29,8717
18.30,8716
18.32,8715
18.33,8714
18.34,8713
18.35,8712
18.36,8711
18.37,8710
18.38,8709
18.39,8708
18.40,8707
18.41,8706
18.42,8705
18.43,8704
18.44,8703
18.45,8702
18.46,8701
18.47,8700
18.48,8699
18.49,8698
18.50,8697
18.52,8696
18.53,8695
18.54,8694
18.55,8693
18.56,8692
18.57,8691
18.58,8690
18.59,8689
18.60,8688
18.61,8687
18.62,8686
18.63,8685
18.64,8684
18.65,8683
18.66,8682
18.67,8681
18.68,8680
18.69,8679
18.70,8678
18.71,8677
18.73,8676
18.74,8675
18.75,8674
18.76,8673
18.77,8672
18.78,8671
18.79,8670
18.80,8669
18.81,8668
18.82,8667
18.83,8666
18.84,8665
18.85,8664
18.86,8663
18.87,8662
18.88,8661
18.89,8660
18.90,8659
18.91,8658
18.92,8657
18.93,8656
18.95,8655
18.96,8654
18.97,8653
18.98,8652
18.99,8651
19.00,8650
19.01,8649
19.02,8648
19.03,8647
19.04,8646
19.05,8645
19.06,8644
19.07,8643
19.09,8642
19.10,8641
19.11,8640
19.12,8639
19.13,8638
19.14,8637
19.15,8636
19.16,8635
19.17,8634
19.18,8633
19.19,8632
19.20,8631
19.21,8630
19.22,8629
19.23,8628
19.24,8627
19.25,8626
19.26,8625
19.27,8624
19.28,8623
19.30,8622
19.31,8621
19.32,8620
19.33,8619
19.34,8618
19.35,8617
19.36,8616
19.37,8615
19.38,8614
19.39,8613
19.40,8612
19.41,8611
19.42,8610
19.43,8609
19.44,8608
19.45,8607
19.46,8606
19.47,8605
19.48,8604
19.49,8603
19.50,8602
19.51,8601
19.52,8600
19.53,8599
19.54,8598
19.55,8597
19.56,8596
19.57,8595
19.58,8594
19.59,8593
19.60,8592
19.61,8591
19.62,8590
19.63,8589
19.64,8588
19.65,8587
19.66,8586
19.67,8585
19.68,8584
19.69,8583
19.70,8582
19.71,8581
19.72,8580
19.73,8579
19.74,8578
19.75,8577
19.77,8576
19.78,8575
19.79,8574
19.80,8573
19.81,8572
19.82,8571
19.83,8570
19.84,8569
19.85,8568
19.86,8567
19.87,8566
19.88,8565
19.89,8564
19.90,8563
19.91,8562
19.92,8561
19.93,8560
19.94,8559
19.95,8558
19.96,8557
19.97,8556
19.99,8555
20.00,8554
20.01,8553
20.02,8552
20.03,8551
20.04,8550
20.05,8549
20.06,8548
20.07,8547
20.08,8546
20.09,8545
20.10,8544
20.11,8543
20.12,8542
20.13,8541
20.14,8540
20.15,8539
20.16,8538
20.17,8537
20.18,8536
20.20,8535
20.21,8534
20.22,8533
20.23,8532
20.24,8531
20.25,8530
20.26,8529
20.27,8528
20.28,8527
20.29,8526
20.30,8525
20.31,8524
20.32,8523
20.33,8522
20.34,8521
20.36,8520
20.37,8519
20.38,8518
20.39,8517
20.40,8516
20.41,8515
20.42,8514
20.43,8513
20.44,8512
20.45,8511
20.46,8510
20.47,8509
20.48,8508
20.49,8507
20.50,8506
20.51,8505
20.52,8504
20.53,8503
20.55,8502
20.56,8501
20.57,8500
20.58,8499
20.59,8498
20.60,8497
20.61,8496
20.62,8495
20.63,8494
20.64,8493
20.65,8492
20.66,8491
20.67,8490
20.68,8489
20.69,8488
20.70,8487
20.71,8486
20.72,8485
20.73,8484
20.75,8483
20.76,8482
20.77,8481
20.78,8480
20.79,8479
20.80,8478
20.81,8477
20.82,8476
20.83,8475
20.84,8474
20.85,8473
20.86,8472
20.87,8471
20.88,8470
20.89,8469
20.90,8468
20.91,8467
20.92,8466
20.93,8465
20.94,8464
20.95,8463
20.96,8462
20.97,8461
20.98,8460
20.99,8459
21.00,8458
21.01,8457
21.02,8456
21.03,8455
21.05,8454
21.06,8453
21.07,8452
21.08,8451
21.09,8450
21.10,8449
21.11,8448
21.12,8447
21.13,8446
21.14,8445
21.15,8444
21.16,8443
21.17,8442
21.18,8441
21.19,8440
21.20,8439
21.21,8438
21.22,8437
21.23,8436
21.24,8435
21.25,8434
21.26,8433
21.27,8432
21.28,8431
21.29,8430
21.30,8429
21.31,8428
21.32,8427
21.33,8426
21.34,8425
21.35,8424
21.36,8423
21.37,8422
21.38,8421
21.39,8420
21.40,8419
21.41,8418
21.42,8417
21.43,8416
21.44,8415
21.45,8414
21.46,8413
21.47,8412
21.48,8411
21.49,8410
21.50,8409
21.51,8408
21.52,8407
21.53,8406
21.54,8405
21.55,8404
21.56,8403
21.57,8402
21.59,8401
21.60,8400
21.61,8399
21.62,8398
21.63,8397
21.64,8396
21.65,8395
21.66,8394
21.67,8393
21.68,8392
21.69,8391
21.70,8390
21.71,8389
21.72,8388
21.73,8387
21.74,8386
21.75,8385
21.76,8384
21.77,8383
21.78,8382
21.79,8381
21.80,8380
21.81,8379
21.82,8378
21.83,8377
21.84,8376
21.86,8375
21.87,8374
21.88,8373
21.89,8372
21.90,8371
21.91,8370
21.92,8369
21.93,8368
21.94,8367
21.95,8366
21.96,8365
21.97,8364
21.98,8363
21.99,8362
22.00,8361
22.01,8360
22.02,8359
22.03,8358
22.04,8357
22.05,8356
22.06,8355
22.07,8354
22.08,8353
22.09,8352
22.10,8351
22.11,8350
22.12,8349
22.13,8348
22.15,8347
22.16,8346
22.17,8345
22.18,8344
22.19,8343
22.20,8342
22.21,8341
22.22,8340
22.23,8339
22.24,8338
22.25,8337
22.26,8336
22.27,8335
22.28,8334
22.29,8333
22.30,8332
22.31,8331
22.32,8330
22.33,8329
22.34,8328
22.35,8327
22.36,8326
22.37,8325
22.38,8324
22.39,8323
22.40,8322
22.41,8321
22.42,8320
22.43,8319
22.44,8318
22.45,8317
22.46,8316
22.47,8315
22.48,8314
22.49,8313
22.50,8312
22.51,8311
22.52,8310
22.53,8309
22.54,8308
22.55,8307
22.56,8306
22.58,8305
22.59,8304
22.60,8303
22.61,8302
22.62,8301
22.63,8300
22.64,8299
22.65,8298
22.66,8297
22.67,8296
22.68,8295
22.69,8294
22.70,8293
22.71,8292
22.72,8291
22.73,8290
22.74,8289
22.75,8288
22.76,8287
22.77,8286
22.78,8285
22.79,8284
22.80,8283
22.81,8282
22.82,8281
22.83,8280
22.84,8279
22.85,8278
22.86,8277
22.87,8276
22.88,8275
22.89,8274
22.90,8273
22.91,8272
22.92,8271
22.93,8270
22.94,8269
22.95,8268
22.96,8267
22.97,8266
22.98,8265
22.99,8264
23.00,8263
23.01,8262
23.02,8261
23.03,8260
23.05,8259
23.06,8258
23.07,8257
23.08,8256
23.09,8255
23.10,8254
23.11,8253
23.12,8252
23.13,8251
23.14,8250
23.15,8249
23.16,8248
23.17,8247
23.18,8246
23.19,8245
23.20,8244
23.21,8243
23.22,8242
23.23,8241
23.24,8240
23.25,8239
23.26,8238
23.27,8237
23.28,8236
23.29,8235
23.30,8234
23.31,8233
23.32,8232
23.33,8231
23.35,8230
23.36,8229
23.37,8228
23.38,8227
23.39,8226
23.40,8225
23.41,8224
23.42,8223
23.43,8222
23.44,8221
23.45,8220
23.46,8219
23.47,8218
23.48,8217
23.49,8216
23.50,8215
23.51,8214
23.52,8213
23.53,8212
23.54,8211
23.55,8210
23.56,8209
23.58,8208
23.59,8207
23.60,8206
23.61,8205
23.62,8204
23.63,8203
23.64,8202
23.65,8201
23.66,8200
23.67,8199
23.68,8198
23.69,8197
23.70,8196
23.71,8195
23.72,8194
23.73,8193
23.74,8192
23.75,8191
23.76,8190
23.77,8189
23.78,8188
23.80,8187
23.81,8186
23.82,8185
23.83,8184
23.84,8183
23.85,8182
23.86,8181
23.87,8180
23.88,8179
23.89,8178
23.90,8177
23.91,8176
23.92,8175
23.93,8174
23.94,8173
23.95,8172
23.96,8171
23.97,8170
23.98,8169
24.00,8168
24.01,8167
24.02,8166
24.03,8165
24.04,8164
24.05,8163
24.06,8162
24.07,8161
24.08,8160
24.09,8159
24.10,8158
24.11,8157
24.12,8156
24.13,8155
24.14,8154
24.15,8153
24.16,8152
24.17,8151
24.18,8150
24.19,8149
24.20,8148
24.21,8147
24.22,8146
24.23,8145
24.24,8144
24.25,8143
24.26,8142
24.27,8141
24.28,8140
24.29,8139
24.30,8138
24.31,8137
24.32,8136
24.33,8135
24.34,8134
24.35,8133
24.36,8132
24.38,8131
24.39,8130
24.40,8129
24.41,8128
24.42,8127
24.43,8126
24.44,8125
24.45,8124
24.46,8123
24.47,8122
24.48,8121
24.49,8120
24.50,8119
24.51,8118
24.52,8117
24.53,8116
24.54,8115
24.56,8114
24.57,8113
24.58,8112
24.59,8111
24.60,8110
24.61,8109
24.62,8108
24.63,8107
24.64,8106
24.65,8105
24.66,8104
24.67,8103
24.68,8102
24.69,8101
24.70,8100
24.71,8099
24.72,8098
24.74,8097
24.75,8096
24.76,8095
24.77,8094
24.78,8093
24.79,8092
24.80,8091
24.81,8090
24.82,8089
24.83,8088
24.84,8087
24.85,8086
24.86,8085
24.87,8084
24.88,8083
24.89,8082
24.91,8081
24.92,8080
24.93,8079
24.94,8078
24.95,8077
24.96,8076
24.97,8075
24.98,8074
24.99,8073
25.00,8072
25.01,8071
25.02,8070
25.03,8069
25.04,8068
25.05,8067
25.06,8066
25.07,8065
25.09,8064
25.10,8063
25.11,8062
25.12,8061
25.13,8060
25.14,8059
25.15,8058
25.16,8057
25.17,8056
25.18,8055
25.19,8054
25.21,8053
25.22,8052
25.23,8051
25.24,8050
25.25,8049
25.26,8048
25.27,8047
25.28,8046
25.29,8045
25.30,8044
25.31,8043
25.32,8042
25.34,8041
25.35,8040
25.36,8039
25.37,8038
25.38,8037
25.39,8036
25.40,8035
25.41,8034
25.42,8033
25.43,8032
25.44,8031
25.45,8030
25.46,8029
25.47,8028
25.49,8027
25.50,8026
25.51,8025
25.52,8024
25.53,8023
25.54,8022
25.55,8021
25.56,8020
25.57,8019
25.58,8018
25.59,8017
25.60,8016
25.61,8015
25.62,8014
25.63,8013
25.64,8012
25.65,8011
25.66,8010
25.67,8009
25.68,8008
25.70,8007
25.71,8006
25.72,8005
25.73,8004
25.74,8003
25.75,8002
25.76,8001
25.77,8000
25.78,7999
25.79,7998
25.80,7997
25.81,7996
25.82,7995
25.83,7994
25.84,7993
25.85,7992
25.86,7991
25.87,7990
25.89,7989
25.90,7988
25.91,7987
25.92,7986
25.93,7985
25.94,7984
25.95,7983
25.96,7982
25.97,7981
25.98,7980
25.99,7979
26.00,7978
26.01,7977
26.02,7976
26.03,7975
26.04,7974
26.05,7973
26.07,7972
26.08,7971
26.09,7970
26.10,7969
26.11,7968
26.12,7967
26.13,7966
26.14,7965
26.15,7964
26.16,7963
26.17,7962
26.18,7961
26.19,7960
26.20,7959
26.21,7958
26.22,7957
26.23,7956
26.24,7955
26.25,7954
26.26,7953
26.27,7952
26.28,7951
26.29,7950
26.30,7949
26.32,7948
26.33,7947
26.34,7946
26.35,7945
26.36,7944
26.37,7943
26.38,7942
26.39,7941
26.40,7940
26.41,7939
26.42,7938
26.43,7937
26.44,7936
26.45,7935
26.46,7934
26.47,7933
26.48,7932
26.49,7931
26.51,7930
26.52,7929
26.53,7928
26.54,7927
26.55,7926
26.56,7925
26.57,7924
26.58,7923
26.59,7922
26.60,7921
26.61,7920
26.62,7919
26.63,7918
26.64,7917
26.65,7916
26.66,7915
26.68,7914
26.69,7913
26.70,7912
26.71,7911
26.72,7910
26.73,7909
26.74,7908
26.75,7907
26.76,7906
26.77,7905
26.78,7904
26.79,7903
26.80,7902
26.81,7901
26.82,7900
26.83,7899
26.84,7898
26.85,7897
26.86,7896
26.87,7895
26.88,7894
26.90,7893
26.91,7892
26.92,7891
26.93,7890
26.94,7889
26.95,7888
26.96,7887
26.97,7886
26.98,7885
26.99,7884
27.00,7883
27.01,7882
27.02,7881
27.03,7880
27.04,7879
27.05,7878
27.06,7877
27.07,7876
27.08,7875
27.09,7874
27.10,7873
27.11,7872
27.13,7871
27.14,7870
27.15,7869
27.16,7868
27.17,7867
27.18,7866
27.19,7865
27.20,7864
27.21,7863
27.22,7862
27.23,7861
27.24,7860
27.25,7859
27.26,7858
27.27,7857
27.28,7856
27.30,7855
27.31,7854
27.32,7853
27.33,7852
27.34,7851
27.35,7850
27.36,7849
27.37,7848
27.38,7847
27.39,7846
27.40,7845
27.41,7844
27.42,7843
27.43,7842
27.44,7841
27.45,7840
27.46,7839
27.47,7838
27.49,7837
27.50,7836
27.51,7835
27.52,7834
27.53,7833
27.54,7832
27.55,7831
27.56,7830
27.57,7829
27.58,7828
27.59,7827
27.60,7826
27.61,7825
27.62,7824
27.63,7823
27.64,7822
27.65,7821
27.67,7820
27.68,7819
27.69,7818
27.70,7817
27.71,7816
27.72,7815
27.73,7814
27.74,7813
27.75,7812
27.76,7811
27.77,7810
27.78,7809
27.79,7808
27.80,7807
27.81,7806
27.82,7805
27.83,7804
27.84,7803
27.85,7802
27.86,7801
27.87,7800
27.88,7799
27.89,7798
27.90,7797
27.91,7796
27.92,7795
27.93,7794
27.94,7793
27.96,7792
27.97,7791
27.98,7790
27.99,7789
28.00,7788
28.01,7787
28.02,7786
28.03,7785
28.04,7784
28.05,7783
28.06,7782
28.07,7781
28.08,7780
28.09,7779
28.10,7778
28.11,7777
28.12,7776
28.13,7775
28.14,7774
28.15,7773
28.16,7772
28.17,7771
28.18,7770
28.19,7769
28.20,7768
28.21,7767
28.22,7766
28.23,7765
28.24,7764
28.25,7763
28.26,7762
28.27,7761
28.28,7760
28.29,7759
28.30,7758
28.31,7757
28.32,7756
28.33,7755
28.35,7754
28.36,7753
28.37,7752
28.38,7751
28.39,7750
28.40,7749
28.41,7748
28.42,7747
28.43,7746
28.44,7745
28.45,7744
28.46,7743
28.47,7742
28.48,7741
28.49,7740
28.50,7739
28.51,7738
28.52,7737
28.53,7736
28.54,7735
28.55,7734
28.56,7733
28.57,7732
28.58,7731
28.59,7730
28.60,7729
28.61,7728
28.62,7727
28.63,7726
28.64,7725
28.65,7724
28.66,7723
28.67,7722
28.68,7721
28.69,7720
28.70,7719
28.71,7718
28.73,7717
28.74,7716
28.75,7715
28.76,7714
28.77,7713
28.78,7712
28.79,7711
28.80,7710
28.81,7709
28.82,7708
28.83,7707
28.84,7706
28.85,7705
28.86,7704
28.87,7703
28.88,7702
28.90,7701
28.91,7700
28.92,7699
28.93,7698
28.94,7697
28.95,7696
28.96,7695
28.97,7694
28.98,7693
28.99,7692
29.00,7691
29.01,7690
29.02,7689
29.03,7688
29.04,7687
29.05,7686
29.06,7685
29.07,7684
29.08,7683
29.09,7682
29.10,7681
29.11,7680
29.12,7679
29.13,7678
29.14,7677
29.16,7676
29.17,7675
29.18,7674
29.19,7673
29.20,7672
29.21,7671
29.22,7670
29.23,7669
29.24,7668
29.25,7667
29.26,7666
29.27,7665
29.28,7664
29.29,7663
29.30,7662
29.31,7661
29.36,7660
29.37,7659
29.38,7658
29.39,7657
29.40,7656
29.41,7655
29.42,7654
29.43,7653
29.45,7652
29.46,7651
29.47,7650
29.48,7649
29.49,7648
29.50,7647
29.51,7646
29.52,7645
29.53,7644
29.54,7643
29.55,7642
29.56,7641
29.57,7640
29.58,7639
29.59,7638
29.60,7637
29.61,7636
29.62,7635
29.63,7634
29.65,7633
29.66,7632
29.67,7631
29.68,7630
29.69,7629
29.70,7628
29.71,7627
29.72,7626
29.73,7625
29.74,7624
29.75,7623
29.76,7622
29.77,7621
29.78,7620
29.79,7619
29.80,7618
29.81,7617
29.82,7616
29.83,7615
29.84,7614
29.85,7613
29.86,7612
29.87,7611
29.88,7610
29.89,7609
29.90,7608
29.91,7607
29.92,7606
29.93,7605
29.94,7604
29.95,7603
29.96,7602
29.97,7601
29.98,7600
29.99,7599
30.00,7598
30.02,7597
30.03,7596
30.04,7595
30.05,7594
30.06,7593
30.07,7592
30.08,7591
30.09,7590
30.10,7589
30.11,7588
30.12,7587
30.13,7586
30.14,7585
30.15,7584
30.16,7583
30.17,7582
30.18,7581
30.19,7580
30.20,7579
30.21,7578
30.22,7577
30.23,7576
30.24,7575
30.26,7574
30.27,7573
30.28,7572
30.29,7571
30.30,7570
30.31,7569
30.32,7568
30.33,7567
30.34,7566
30.35,7565
30.36,7564
30.37,7563
30.38,7562
30.39,7561
30.40,7560
30.41,7559
30.43,7558
30.44,7557
30.45,7556
30.46,7555
30.47,7554
30.48,7553
30.49,7552
30.50,7551
30.51,7550
30.52,7549
30.53,7548
30.54,7547
30.55,7546
30.56,7545
30.57,7544
30.58,7543
30.59,7542
30.60,7541
30.61,7540
30.62,7539
30.63,7538
30.65,7537
30.66,7536
30.67,7535
30.68,7534
30.69,7533
30.70,7532
30.71,7531
30.72,7530
30.73,7529
30.74,7528
30.75,7527
30.76,7526
30.77,7525
30.78,7524
30.79,7523
30.80,7522
30.82,7521
30.83,7520
30.84,7519
30.85,7518
30.86,7517
30.87,7516
30.88,7515
30.89,7514
30.90,7513
30.91,7512
30.92,7511
30.93,7510
30.94,7509
30.95,7508
30.96,7507
30.97,7506
30.99,7505
31.00,7504
31.01,7503
31.02,7502
31.03,7501
31.04,7500
31.05,7499
31.06,7498
31.07,7497
31.08,7496
31.09,7495
31.10,7494
31.11,7493
31.12,7492
31.13,7491
31.14,7490
31.16,7489
31.17,7488
31.18,7487
31.19,7486
31.20,7485
31.21,7484
31.22,7483
31.23,7482
31.24,7481
31.25,7480
31.26,7479
31.27,7478
31.28,7477
31.29,7476
31.30,7475
31.31,7474
31.32,7473
31.33,7472
31.34,7471
31.36,7470
31.37,7469
31.38,7468
31.39,7467
31.40,7466
31.41,7465
31.42,7464
31.43,7463
31.44,7462
31.45,7461
31.46,7460
31.47,7459
31.48,7458
31.49,7457
31.50,7456
31.51,7455
31.52,7454
31.53,7453
31.54,7452
31.55,7451
31.56,7450
31.57,7449
31.58,7448
31.59,7447
31.60,7446
31.61,7445
31.62,7444
31.64,7443
31.65,7442
31.66,7441
31.67,7440
31.68,7439
31.69,7438
31.70,7437
31.71,7436
31.72,7435
31.73,7434
31.74,7433
31.75,7432
31.76,7431
31.77,7430
31.78,7429
31.79,7428
31.80,7427
31.81,7426
31.82,7425
31.83,7424
31.84,7423
31.85,7422
31.86,7421
31.87,7420
31.88,7419
31.90,7418
31.91,7417
31.92,7416
31.93,7415
31.94,7414
31.95,7413
31.96,7412
31.97,7411
31.98,7410
31.99,7409
32.00,7408
32.01,7407
32.02,7406
32.03,7405
32.04,7404
32.05,7403
32.06,7402
32.07,7401
32.08,7400
32.09,7399
32.10,7398
32.11,7397
32.12,7396
32.14,7395
32.15,7394
32.16,7393
32.17,7392
32.18,7391
32.19,7390
32.20,7389
32.21,7388
32.22,7387
32.23,7386
32.24,7385
32.25,7384
32.26,7383
32.27,7382
32.28,7381
32.29,7380
32.30,7379
32.31,7378
32.32,7377
32.33,7376
32.34,7375
32.35,7374
32.36,7373
32.37,7372
32.39,7371
32.40,7370
32.41,7369
32.42,7368
32.43,7367
32.44,7366
32.45,7365
32.46,7364
32.47,7363
32.48,7362
32.49,7361
32.50,7360
32.51,7359
32.52,7358
32.53,7357
32.55,7356
32.56,7355
32.57,7354
32.58,7353
32.59,7352
32.60,7351
32.61,7350
32.62,7349
32.63,7348
32.64,7347
32.65,7346
32.66,7345
32.67,7344
32.68,7343
32.69,7342
32.70,7341
32.71,7340
32.72,7339
32.74,7338
32.75,7337
32.76,7336
32.77,7335
32.78,7334
32.79,7333
32.80,7332
32.81,7331
32.82,7330
32.83,7329
32.84,7328
32.85,7327
32.86,7326
32.87,7325
32.88,7324
32.89,7323
32.91,7322
32.92,7321
32.93,7320
32.94,7319
32.95,7318
32.96,7317
32.97,7316
32.98,7315
32.99,7314
33.00,7313
33.02,7312
33.03,7311
33.04,7310
33.05,7309
33.06,7308
33.07,7307
33.08,7306
33.09,7305
33.10,7304
33.11,7303
33.12,7302
33.13,7301
33.14,7300
33.15,7299
33.16,7298
33.17,7297
33.19,7296
33.20,7295
33.21,7294
33.22,7293
33.23,7292
33.24,7291
33.25,7290
33.26,7289
33.27,7288
33.28,7287
33.29,7286
33.30,7285
33.31,7284
33.32,7283
33.33,7282
33.34,7281
33.35,7280
33.36,7279
33.37,7278
33.38,7277
33.40,7276
33.41,7275
33.42,7274
33.43,7273
33.44,7272
33.45,7271
33.46,7270
33.47,7269
33.48,7268
33.49,7267
33.50,7266
33.51,7265
33.52,7264
33.53,7263
33.54,7262
33.56,7261
33.57,7260
33.58,7259
33.59,7258
33.60,7257
33.61,7256
33.62,7255
33.63,7254
33.64,7253
33.65,7252
33.66,7251
33.67,7250
33.68,7249
33.69,7248
33.70,7247
33.71,7246
33.72,7245
33.73,7244
33.74,7243
33.75,7242
33.77,7241
33.78,7240
33.79,7239
33.80,7238
33.81,7237
33.82,7236
33.83,7235
33.84,7234
33.85,7233
33.86,7232
33.87,7231
33.88,7230
33.89,7229
33.90,7228
33.91,7227
33.92,7226
33.94,7225
33.95,7224
33.96,7223
33.97,7222
33.98,7221
33.99,7220
34.00,7219
34.01,7218
34.02,7217
34.03,7216
34.04,7215
34.05,7214
34.06,7213
34.07,7212
34.09,7211
34.10,7210
34.11,7209
34.12,7208
34.13,7207
34.14,7206
34.15,7205
34.16,7204
34.17,7203
34.19,7202
34.20,7201
34.21,7200
34.22,7199
34.23,7198
34.24,7197
34.25,7196
34.26,7195
34.28,7194
34.29,7193
34.30,7192
34.31,7191
34.32,7190
34.33,7189
34.34,7188
34.35,7187
34.36,7186
34.37,7185
34.38,7184
34.39,7183
34.40,7182
34.42,7181
34.43,7180
34.44,7179
34.45,7178
34.46,7177
34.47,7176
34.48,7175
34.49,7174
34.50,7173
34.51,7172
34.52,7171
34.53,7170
34.55,7169
34.56,7168
34.58,7167
34.59,7166
34.60,7165
34.61,7164
34.62,7163
34.63,7162
34.64,7161
34.65,7160
34.67,7159
34.68,7158
34.69,7157
34.70,7156
34.71,7155
34.72,7154
34.73,7153
34.74,7152
34.75,7151
34.76,7150
34.77,7149
34.78,7148
34.79,7147
34.80,7146
34.81,7145
34.82,7144
34.83,7143
34.84,7142
34.85,7141
34.86,7140
34.87,7139
34.89,7138
34.90,7137
34.91,7136
34.92,7135
34.93,7134
34.94,7133
34.95,7132
34.96,7131
34.97,7130
34.98,7129
34.99,7128
35.00,7127
35.01,7126
35.02,7125
35.03,7124
35.04,7123
35.05,7122
35.06,7121
35.07,7120
35.08,7119
35.09,7118
35.10,7117
35.12,7116
35.13,7115
35.14,7114
35.15,7113
35.16,7112
35.17,7111
35.18,7110
35.19,7109
35.20,7108
35.21,7107
35.22,7106
35.23,7105
35.24,7104
35.25,7103
35.26,7102
35.27,7101
35.28,7100
35.29,7099
35.30,7098
35.32,7097
35.33,7096
35.34,7095
35.36,7094
35.37,7093
35.39,7092
35.40,7091
35.41,7090
35.42,7089
35.44,7088
35.45,7087
35.46,7086
35.47,7085
35.48,7084
35.49,7083
35.50,7082
35.51,7081
35.53,7080
35.54,7079
35.55,7078
35.56,7077
35.57,7076
35.58,7075
35.59,7074
35.60,7073
35.62,7072
35.63,7071
35.64,7070
35.65,7069
35.66,7068
35.67,7067
35.68,7066
35.69,7065
35.70,7064
35.71,7063
35.72,7062
35.73,7061
35.75,7060
35.76,7059
35.77,7058
35.78,7057
35.79,7056
35.80,7055
35.81,7054
35.82,7053
35.87,7052
35.90,7051
35.91,7050
35.92,7049
36.21,7048
36.36,7047
36.37,7046
