1.48,10184
1.58,10183
1.61,10182
1.63,10181
1.65,10180
1.66,10179
1.68,10178
1.69,10177
1.71,10176
1.72,10175
1.74,10174
1.75,10173
1.76,10172
1.77,10171
1.79,10170
1.80,10169
1.81,10168
1.82,10167
1.83,10166
1.85,10165
1.86,10164
1.87,10163
1.88,10162
1.89,10161
1.91,10160
1.92,10159
1.93,10158
1.95,10157
1.96,10156
1.97,10155
1.99,10154
2.00,10153
2.01,10152
2.02,10151
2.03,10150
2.04,10149
2.05,10148
2.06,10147
2.07,10146
2.08,10145
2.10,10144
2.11,10143
2.12,10142
2.13,10141
2.14,10140
2.15,10139
2.16,10138
2.17,10137
2.18,10136
2.20,10135
2.21,10134
2.22,10133
2.23,10132
2.24,10131
2.25,10130
2.26,10129
2.28,10128
2.29,10127
2.30,10126
2.31,10125
2.32,10124
2.33,10123
2.35,10122
2.36,10121
2.37,10120
2.39,10119
2.40,10118
2.41,10117
2.43,10116
2.44,10115
2.45,10114
2.46,10113
2.48,10112
2.49,10111
2.50,10110
2.52,10109
2.53,10108
2.54,10107
2.55,10106
2.57,10105
2.58,10104
2.59,10103
2.60,10102
2.62,10101
2.63,10100
2.64,10099
2.66,10098
2.68,10097
2.69,10096
2.70,10095
2.71,10094
2.72,10093
2.73,10092
2.74,10091
2.75,10090
2.76,10089
2.77,10088
2.78,10087
2.80,10086
2.81,10085
2.82,10084
2.83,10083
2.84,10082
2.85,10081
2.86,10080
2.87,10079
2.88,10078
2.89,10077
2.90,10076
2.91,10075
2.93,10074
2.94,10073
2.95,10072
2.96,10071
2.97,10070
2.98,10069
2.99,10068
3.00,10067
3.01,10066
3.02,10065
3.03,10064
3.04,10063
3.06,10062
3.07,10061
3.08,10060
3.09,10059
3.10,10058
3.11,10057
3.12,10056
3.13,10055
3.14,10054
3.15,10053
3.16,10052
3.17,10051
3.18,10050
3.19,10049
3.20,10048
3.22,10047
3.23,10046
3.24,10045
3.25,10044
3.26,10043
3.27,10042
3.28,10041
3.29,10040
3.30,10039
3.32,10038
3.33,10037
3.34,10036
3.35,10035
3.36,10034
3.37,10033
3.38,10032
3.40,10031
3.41,10030
3.42,10029
3.43,10028
3.44,10027
3.45,10026
3.46,10025
3.47,10024
3.48,10023
3.49,10022
3.50,10021
3.51,10020
3.52,10019
3.53,10018
3.55,10017
3.56,10016
3.57,10015
3.58,10014
3.59,10013
3.60,10012
3.61,10011
3.62,10010
3.63,10009
3.64,10008
3.65,10007
3.66,10006
3.68,10005
3.69,10004
3.70,10003
3.71,10002
3.72,10001
3.73,10000
3.74,9999
3.75,9998
3.76,9997
3.77,9996
3.78,9995
3.79,9994
3.81,9993
3.82,9992
3.83,9991
3.84,9990
3.85,9989
3.86,9988
3.87,9987
3.88,9986
3.89,9985
3.90,9984
3.91,9983
3.93,9982
3.94,9981
3.95,9980
3.96,9979
3.97,9978
3.98,9977
3.99,9976
4.00,9975
4.01,9974
4.03,9973
4.04,9972
4.05,9971
4.07,9970
4.08,9969
4.09,9968
4.11,9967
4.12,9966
4.13,9965
4.15,9964
4.16,9963
4.17,9962
4.18,9961
4.20,9960
4.21,9959
4.22,9958
4.24,9957
4.25,9956
4.26,9955
4.28,9954
4.29,9953
4.30,9952
4.31,9951
4.33,9950
4.34,9949
4.35,9948
4.37,9947
4.38,9946
4.39,9945
4.40,9944
4.42,9943
4.43,9942
4.44,9941
4.45,9940
4.47,9939
4.48,9938
4.49,9937
4.50,9936
4.52,9935
4.53,9934
4.54,9933
4.55,9932
4.57,9931
4.58,9930
4.59,9929
4.60,9928
4.62,9927
4.63,9926
4.64,9925
4.66,9924
4.67,9923
4.68,9922
4.69,9921
4.71,9920
4.73,9919
4.74,9918
4.75,9917
4.76,9916
4.77,9915
4.78,9914
4.79,9913
4.80,9912
4.82,9911
4.83,9910
4.84,9909
4.85,9908
4.86,9907
4.87,9906
4.88,9905
4.89,9904
4.90,9903
4.91,9902
4.93,9901
4.94,9900
4.95,9899
4.96,9898
4.97,9897
4.98,9896
4.99,9895
5.00,9894
5.01,9893
5.02,9892
5.04,9891
5.05,9890
5.06,9889
5.07,9888
5.08,9887
5.09,9886
5.10,9885
5.11,9884
5.13,9883
5.14,9882
5.15,9881
5.16,9880
5.17,9879
5.18,9878
5.19,9877
5.20,9876
5.21,9875
5.22,9874
5.24,9873
5.25,9872
5.26,9871
5.27,9870
5.28,9869
5.29,9868
5.30,9867
5.31,9866
5.32,9865
5.33,9864
5.34,9863
5.36,9862
5.37,9861
5.38,9860
5.39,9859
5.40,9858
5.41,9857
5.42,9856
5.43,9855
5.45,9854
5.46,9853
5.47,9852
5.48,9851
5.49,9850
5.50,9849
5.51,9848
5.52,9847
5.54,9846
5.55,9845
5.56,9844
5.57,9843
5.58,9842
5.59,9841
5.60,9840
5.61,9839
5.62,9838
5.64,9837
5.65,9836
5.66,9835
5.67,9834
5.68,9833
5.69,9832
5.70,9831
5.71,9830
5.72,9829
5.73,9828
5.75,9827
5.76,9826
5.77,9825
5.78,9824
5.79,9823
5.80,9822
5.81,9821
5.82,9820
5.83,9819
5.84,9818
5.86,9817
5.87,9816
5.88,9815
5.89,9814
5.90,9813
5.91,9812
5.92,9811
5.93,9810
5.94,9809
5.95,9808
5.97,9807
5.98,9806
5.99,9805
6.00,9804
6.01,9803
6.02,9802
6.03,9801
6.04,9800
6.05,9799
6.07,9798
6.08,9797
6.09,9796
6.10,9795
6.11,9794
6.12,9793
6.13,9792
6.14,9791
6.15,9790
6.16,9789
6.18,9788
6.19,9787
6.20,9786
6.21,9785
6.22,9784
6.23,9783
6.24,9782
6.25,9781
6.26,9780
6.27,9779
6.29,9778
6.30,9777
6.31,9776
6.32,9775
6.33,9774
6.34,9773
6.35,9772
6.36,9771
6.37,9770
6.38,9769
6.40,9768
6.41,9767
6.42,9766
6.43,9765
6.44,9764
6.45,9763
6.46,9762
6.47,9761
6.48,9760
6.49,9759
6.51,9758
6.52,9757
6.53,9756
6.54,9755
6.55,9754
6.56,9753
6.57,9752
6.58,9751
6.59,9750
6.60,9749
6.62,9748
6.63,9747
6.64,9746
6.65,9745
6.66,9744
6.67,9743
6.68,9742
6.69,9741
6.71,9740
6.72,9739
6.73,9738
6.74,9737
6.75,9736
6.76,9735
6.77,9734
6.78,9733
6.79,9732
6.80,9731
6.82,9730
6.83,9729
6.84,9728
6.85,9727
6.86,9726
6.87,9725
6.88,9724
6.89,9723
6.90,9722
6.91,9721
6.92,9720
6.94,9719
6.95,9718
6.96,9717
6.97,9716
6.98,9715
6.99,9714
7.00,9713
7.01,9712
7.02,9711
7.04,9710
7.05,9709
7.06,9708
7.07,9707
7.08,9706
7.09,9705
7.10,9704
7.11,9703
7.12,9702
7.13,9701
7.15,9700
7.16,9699
7.17,9698
7.18,9697
7.19,9696
7.20,9695
7.21,9694
7.22,9693
7.23,9692
7.24,9691
7.25,9690
7.27,9689
7.28,9688
7.29,9687
7.30,9686
7.31,9685
7.32,9684
7.33,9683
7.34,9682
7.36,9681
7.37,9680
7.38,9679
7.40,9678
7.41,9677
7.42,9676
7.43,9675
7.44,9674
7.46,9673
7.47,9672
7.48,9671
7.50,9670
7.51,9669
7.52,9668
7.54,9667
7.55,9666
7.56,9665
7.58,9664
7.59,9663
7.60,9662
7.61,9661
7.63,9660
7.64,9659
7.65,9658
7.67,9657
7.68,9656
7.69,9655
7.71,9654
7.72,9653
7.73,9652
7.75,9651
7.76,9650
7.77,9649
7.79,9648
7.80,9647
7.81,9646
7.83,9645
7.84,9644
7.85,9643
7.87,9642
7.88,9641
7.89,9640
7.91,9639
7.92,9638
7.93,9637
7.95,9636
7.96,9635
7.97,9634
7.99,9633
8.00,9632
8.01,9631
8.03,9630
8.04,9629
8.05,9628
8.07,9627
8.08,9626
8.09,9625
8.11,9624
8.12,9623
8.13,9622
8.15,9621
8.16,9620
8.17,9619
8.19,9618
8.20,9617
8.21,9616
8.23,9615
8.24,9614
8.25,9613
8.27,9612
8.28,9611
8.29,9610
8.31,9609
8.32,9608
8.33,9607
8.35,9606
8.36,9605
8.37,9604
8.39,9603
8.40,9602
8.41,9601
8.43,9600
8.44,9599
8.45,9598
8.46,9597
8.48,9596
8.49,9595
8.50,9594
8.52,9593
8.53,9592
8.54,9591
8.56,9590
8.57,9589
8.58,9588
8.60,9587
8.61,9586
8.62,9585
8.64,9584
8.65,9583
8.66,9582
8.68,9581
8.69,9580
8.70,9579
8.71,9578
8.73,9577
8.74,9576
8.76,9575
8.77,9574
8.78,9573
8.79,9572
8.81,9571
8.82,9570
8.83,9569
8.85,9568
8.86,9567
8.87,9566
8.89,9565
8.90,9564
8.91,9563
8.93,9562
8.94,9561
8.95,9560
8.96,9559
8.97,9558
8.98,9557
8.99,9556
9.00,9555
9.01,9554
9.03,9553
9.04,9552
9.05,9551
9.06,9550
9.07,9549
9.08,9548
9.09,9547
9.10,9546
9.11,9545
9.12,9544
9.14,9543
9.15,9542
9.16,9541
9.17,9540
9.18,9539
9.19,9538
9.20,9537
9.21,9536
9.22,9535
9.23,9534
9.24,9533
9.26,9532
9.27,9531
9.28,9530
9.29,9529
9.30,9528
9.31,9527
9.32,9526
9.33,9525
9.34,9524
9.35,9523
9.37,9522
9.38,9521
9.39,9520
9.40,9519
9.41,9518
9.42,9517
9.43,9516
9.44,9515
9.45,9514
9.46,9513
9.48,9512
9.49,9511
9.50,9510
9.51,9509
9.52,9508
9.53,9507
9.54,9506
9.55,9505
9.56,9504
9.57,9503
9.59,9502
9.60,9501
9.61,9500
9.62,9499
9.63,9498
9.64,9497
9.65,9496
9.66,9495
9.67,9494
9.69,9493
9.70,9492
9.71,9491
9.72,9490
9.73,9489
9.74,9488
9.75,9487
9.76,9486
9.77,9485
9.78,9484
9.79,9483
9.81,9482
9.82,9481
9.83,9480
9.84,9479
9.85,9478
9.86,9477
9.87,9476
9.88,9475
9.89,9474
9.90,9473
9.91,9472
9.93,9471
9.94,9470
9.95,9469
9.96,9468
9.97,9467
9.98,9466
9.99,9465
10.00,9464
10.01,9463
10.02,9462
10.03,9461
10.05,9460
10.06,9459
10.07,9458
10.08,9457
10.09,9456
10.10,9455
10.11,9454
10.12,9453
10.13,9452
10.14,9451
10.16,9450
10.17,9449
10.18,9448
10.19,9447
10.20,9446
10.21,9445
10.23,9444
10.24,9443
10.25,9442
10.26,9441
10.27,9440
10.28,9439
10.29,9438
10.30,9437
10.31,9436
10.32,9435
10.33,9434
10.35,9433
10.36,9432
10.37,9431
10.38,9430
10.39,9429
10.40,9428
10.41,9427
10.42,9426
10.43,9425
10.44,9424
10.46,9423
10.47,9422
10.48,9421
10.49,9420
10.50,9419
10.51,9418
10.52,9417
10.53,9416
10.54,9415
10.56,9414
10.57,9413
10.58,9412
10.59,9411
10.60,9410
10.61,9409
10.62,9408
10.63,9407
10.64,9406
10.66,9405
10.67,9404
10.68,9403
10.69,9402
10.70,9401
10.71,9400
10.72,9399
10.73,9398
10.74,9397
10.75,9396
10.76,9395
10.77,9394
10.79,9393
10.80,9392
10.81,9391
10.82,9390
10.83,9389
10.84,9388
10.85,9387
10.86,9386
10.87,9385
10.88,9384
10.90,9383
10.91,9382
10.92,9381
10.93,9380
10.94,9379
10.95,9378
10.96,9377
10.97,9376
10.98,9375
10.99,9374
11.00,9373
11.02,9372
11.03,9371
11.04,9370
11.05,9369
11.06,9368
11.07,9367
11.08,9366
11.09,9365
11.10,9364
11.11,9363
11.12,9362
11.13,9361
11.14,9360
11.15,9359
11.16,9358
11.18,9357
11.19,9356
11.20,9355
11.21,9354
11.22,9353
11.23,9352
11.24,9351
11.25,9350
11.26,9349
11.27,9348
11.28,9347
11.29,9346
11.30,9345
11.31,9344
11.32,9343
11.33,9342
11.35,9341
11.36,9340
11.37,9339
11.38,9338
11.39,9337
11.40,9336
11.41,9335
11.42,9334
11.43,9333
11.44,9332
11.45,9331
11.47,9330
11.48,9329
11.49,9328
11.50,9327
11.51,9326
11.52,9325
11.53,9324
11.54,9323
11.55,9322
11.56,9321
11.57,9320
11.59,9319
11.60,9318
11.61,9317
11.62,9316
11.63,9315
11.64,9314
11.65,9313
11.66,9312
11.67,9311
11.68,9310
11.69,9309
11.70,9308
11.72,9307
11.73,9306
11.74,9305
11.75,9304
11.76,9303
11.77,9302
11.78,9301
11.79,9300
11.80,9299
11.81,9298
11.83,9297
11.84,9296
11.85,9295
11.86,9294
11.87,9293
11.88,9292
11.89,9291
11.90,9290
11.91,9289
11.92,9288
11.93,9287
11.94,9286
11.95,9285
11.97,9284
11.98,9283
11.99,9282
12.00,9281
12.01,9280
12.02,9279
12.03,9278
12.04,9277
12.05,9276
12.06,9275
12.07,9274
12.09,9273
12.10,9272
12.11,9271
12.12,9270
12.13,9269
12.14,9268
12.15,9267
12.16,9266
12.17,9265
12.18,9264
12.19,9263
12.20,9262
12.22,9261
12.23,9260
12.24,9259
12.25,9258
12.26,9257
12.27,9256
12.28,9255
12.29,9254
12.30,9253
12.31,9252
12.32,9251
12.34,9250
12.35,9249
12.36,9248
12.37,9247
12.38,9246
12.39,9245
12.40,9244
12.41,9243
12.42,9242
12.43,9241
12.44,9240
12.46,9239
12.47,9238
12.48,9237
12.49,9236
12.50,9235
12.51,9234
12.52,9233
12.53,9232
12.54,9231
12.55,9230
12.56,9229
12.58,9228
12.59,9227
12.60,9226
12.61,9225
12.62,9224
12.63,9223
12.64,9222
12.65,9221
12.66,9220
12.67,9219
12.69,9218
12.70,9217
12.71,9216
12.72,9215
12.73,9214
12.74,9213
12.75,9212
12.76,9211
12.77,9210
12.78,9209
12.79,9208
12.80,9207
12.81,9206
12.83,9205
12.84,9204
12.85,9203
12.86,9202
12.87,9201
12.88,9200
12.89,9199
12.90,9198
12.91,9197
12.92,9196
12.93,9195
12.95,9194
12.96,9193
12.97,9192
12.98,9191
12.99,9190
13.00,9189
13.01,9188
13.02,9187
13.03,9186
13.04,9185
13.05,9184
13.06,9183
13.07,9182
13.08,9181
13.09,9180
13.10,9179
13.11,9178
13.12,9177
13.14,9176
13.15,9175
13.16,9174
13.17,9173
13.18,9172
13.19,9171
13.20,9170
13.21,9169
13.22,9168
13.23,9167
13.24,9166
13.25,9165
13.26,9164
13.27,9163
13.28,9162
13.29,9161
13.30,9160
13.32,9159
13.33,9158
13.34,9157
13.35,9156
13.36,9155
13.37,9154
13.38,9153
13.39,9152
13.40,9151
13.41,9150
13.42,9149
13.43,9148
13.44,9147
13.45,9146
13.46,9145
13.47,9144
13.48,9143
13.49,9142
13.51,9141
13.52,9140
13.53,9139
13.54,9138
13.55,9137
13.56,9136
13.57,9135
13.58,9134
13.59,9133
13.60,9132
13.61,9131
13.62,9130
13.64,9129
13.65,9128
13.66,9127
13.67,9126
13.68,9125
13.69,9124
13.70,9123
13.71,9122
13.72,9121
13.73,9120
13.74,9119
13.75,9118
13.76,9117
13.78,9116
13.79,9115
13.80,9114
13.81,9113
13.82,9112
13.83,9111
13.84,9110
13.85,9109
13.86,9108
13.87,9107
13.88,9106
13.89,9105
13.91,9104
13.92,9103
13.93,9102
13.94,9101
13.95,9100
13.96,9099
13.97,9098
13.98,9097
13.99,9096
14.01,9095
14.02,9094
14.03,9093
14.04,9092
14.05,9091
14.06,9090
14.07,9089
14.08,9088
14.09,9087
14.10,9086
14.12,9085
14.13,9084
14.14,9083
14.15,9082
14.16,9081
14.17,9080
14.18,9079
14.19,9078
14.20,9077
14.21,9076
14.22,9075
14.23,9074
14.24,9073
14.25,9072
14.26,9071
14.27,9070
14.28,9069
14.29,9068
14.31,9067
14.32,9066
14.33,9065
14.34,9064
14.35,9063
14.36,9062
14.37,9061
14.38,9060
14.39,9059
14.40,9058
14.41,9057
14.42,9056
14.43,9055
14.44,9054
14.45,9053
14.46,9052
14.47,9051
14.48,9050
14.49,9049
14.50,9048
14.51,9047
14.52,9046
14.53,9045
14.54,9044
14.56,9043
14.57,9042
14.58,9041
14.59,9040
14.60,9039
14.61,9038
14.62,9037
14.63,9036
14.64,9035
14.65,9034
14.66,9033
14.68,9032
14.69,9031
14.70,9030
14.71,9029
14.72,9028
14.73,9027
14.74,9026
14.75,9025
14.76,9024
14.77,9023
14.79,9022
14.80,9021
14.81,9020
14.82,9019
14.83,9018
14.84,9017
14.85,9016
14.86,9015
14.87,9014
14.88,9013
14.89,9012
14.90,9011
14.92,9010
14.93,9009
14.94,9008
14.95,9007
14.96,9006
14.97,9005
14.98,9004
14.99,9003
15.00,9002
15.01,9001
15.02,9000
15.04,8999
15.05,8998
15.06,8997
15.07,8996
15.08,8995
15.09,8994
15.10,8993
15.11,8992
15.12,8991
15.13,8990
15.14,8989
15.15,8988
15.17,8987
15.18,8986
15.19,8985
15.20,8984
15.21,8983
15.22,8982
15.23,8981
15.24,8980
15.25,8979
15.26,8978
15.27,8977
15.29,8976
15.30,8975
15.31,8974
15.32,8973
15.33,8972
15.34,8971
15.35,8970
15.36,8969
15.37,8968
15.38,8967
15.39,8966
15.40,8965
15.41,8964
15.42,8963
15.43,8962
15.44,8961
15.45,8960
15.46,8959
15.47,8958
15.48,8957
15.49,8956
15.51,8955
15.52,8954
15.53,8953
15.54,8952
15.55,8951
15.56,8950
15.57,8949
15.58,8948
15.59,8947
15.60,8946
15.61,8945
15.62,8944
15.63,8943
15.64,8942
15.65,8941
15.66,8940
15.67,8939
15.68,8938
15.69,8937
15.70,8936
15.71,8935
15.72,8934
15.74,8933
15.75,8932
15.76,8931
15.77,8930
15.78,8929
15.79,8928
15.80,8927
15.81,8926
15.82,8925
15.83,8924
15.84,8923
15.85,8922
15.86,8921
15.87,8920
15.88,8919
15.90,8918
15.91,8917
15.92,8916
15.93,8915
15.94,8914
15.95,8913
15.96,8912
15.97,8911
15.98,8910
15.99,8909
16.00,8908
16.02,8907
16.03,8906
16.04,8905
16.05,8904
16.06,8903
16.07,8902
16.08,8901
16.09,8900
16.10,8899
16.11,8898
16.12,8897
16.13,8896
16.14,8895
16.16,8894
16.17,8893
16.18,8892
16.19,8891
16.20,8890
16.21,8889
16.22,8888
16.23,8887
16.24,8886
16.25,8885
16.26,8884
16.27,8883
16.29,8882
16.30,8881
16.31,8880
16.32,8879
16.33,8878
16.34,8877
16.35,8876
16.36,8875
16.37,8874
16.38,8873
16.39,8872
16.40,8871
16.41,8870
16.43,8869
16.44,8868
16.45,8867
16.46,8866
16.47,8865
16.48,8864
16.49,8863
16.50,8862
16.51,8861
16.52,8860
16.53,8859
16.54,8858
16.56,8857
16.57,8856
16.58,8855
16.59,8854
16.60,8853
16.61,8852
16.62,8851
16.63,8850
16.64,8849
16.65,8848
16.66,8847
16.67,8846
16.68,8845
16.69,8844
16.70,8843
16.71,8842
16.72,8841
16.73,8840
16.74,8839
16.75,8838
16.77,8837
16.78,8836
16.79,8835
16.80,8834
16.81,8833
16.82,8832
16.83,8831
16.84,8830
16.85,8829
16.86,8828
16.87,8827
16.88,8826
16.89,8825
16.90,8824
16.91,8823
16.92,8822
16.93,8821
16.94,8820
16.95,8819
16.96,8818
16.97,8817
16.99,8816
17.00,8815
17.01,8814
17.02,8813
17.03,8812
17.04,8811
17.05,8810
17.06,8809
17.07,8808
17.08,8807
17.09,8806
17.10,8805
17.11,8804
17.12,8803
17.14,8802
17.15,8801
17.16,8800
17.17,8799
17.18,8798
17.19,8797
17.20,8796
17.21,8795
17.22,8794
17.23,8793
17.24,8792
17.25,8791
17.27,8790
17.28,8789
17.29,8788
17.30,8787
17.31,8786
17.32,8785
17.33,8784
17.34,8783
17.35,8782
17.36,8781
17.37,8780
17.38,8779
17.40,8778
17.41,8777
17.42,8776
17.43,8775
17.44,8774
17.45,8773
17.46,8772
17.47,8771
17.48,8770
17.49,8769
17.50,8768
17.51,8767
17.52,8766
17.54,8765
17.55,8764
17.56,8763
17.57,8762
17.58,8761
17.59,8760
17.60,8759
17.61,8758
17.62,8757
17.63,8756
17.64,8755
17.65,8754
17.66,8753
17.67,8752
17.68,8751
17.70,8750
17.71,8749
17.72,8748
17.73,8747
17.74,8746
17.75,8745
17.76,8744
17.77,8743
17.78,8742
17.79,8741
17.80,8740
17.81,8739
17.82,8738
17.83,8737
17.84,8736
17.85,8735
17.86,8734
17.88,8733
17.89,8732
17.90,8731
17.91,8730
17.92,8729
17.93,8728
17.94,8727
17.95,8726
17.96,8725
17.97,8724
17.98,8723
17.99,8722
18.00,8721
18.01,8720
18.03,8719
18.04,8718
18.05,8717
18.06,8716
18.07,8715
18.08,8714
18.09,8713
18.10,8712
18.11,8711
18.12,8710
18.13,8709
18.14,8708
18.15,8707
18.16,8706
18.18,8705
18.19,8704
18.20,8703
18.21,8702
18.22,8701
18.23,8700
18.24,8699
18.25,8698
18.26,8697
18.27,8696
18.28,8695
18.29,8694
18.30,8693
18.32,8692
18.33,8691
18.34,8690
18.35,8689
18.36,8688
18.37,8687
18.38,8686
18.39,8685
18.40,8684
18.41,8683
18.42,8682
18.43,8681
18.44,8680
18.45,8679
18.47,8678
18.48,8677
18.49,8676
18.50,8675
18.51,8674
18.52,8673
18.53,8672
18.54,8671
18.55,8670
18.56,8669
18.57,8668
18.58,8667
18.59,8666
18.61,8665
18.62,8664
18.63,8663
18.64,8662
18.65,8661
18.66,8660
18.67,8659
18.68,8658
18.69,8657
18.70,8656
18.71,8655
18.72,8654
18.73,8653
18.74,8652
18.75,8651
18.76,8650
18.77,8649
18.79,8648
18.80,8647
18.81,8646
18.82,8645
18.83,8644
18.84,8643
18.85,8642
18.86,8641
18.87,8640
18.88,8639
18.89,8638
18.90,8637
18.91,8636
18.92,8635
18.93,8634
18.95,8633
18.96,8632
18.97,8631
18.98,8630
18.99,8629
19.00,8628
19.01,8627
19.02,8626
19.03,8625
19.04,8624
19.05,8623
19.06,8622
19.07,8621
19.08,8620
19.09,8619
19.10,8618
19.12,8617
19.13,8616
19.14,8615
19.15,8614
19.16,8613
19.17,8612
19.18,8611
19.19,8610
19.20,8609
19.21,8608
19.22,8607
19.23,8606
19.24,8605
19.25,8604
19.26,8603
19.28,8602
19.29,8601
19.30,8600
19.31,8599
19.32,8598
19.33,8597
19.34,8596
19.35,8595
19.36,8594
19.37,8593
19.38,8592
19.39,8591
19.40,8590
19.41,8589
19.42,8588
19.44,8587
19.45,8586
19.46,8585
19.47,8584
19.48,8583
19.49,8582
19.50,8581
19.51,8580
19.52,8579
19.53,8578
19.54,8577
19.55,8576
19.56,8575
19.57,8574
19.58,8573
19.59,8572
19.61,8571
19.62,8570
19.63,8569
19.64,8568
19.65,8567
19.66,8566
19.67,8565
19.68,8564
19.69,8563
19.70,8562
19.71,8561
19.72,8560
19.73,8559
19.74,8558
19.75,8557
19.76,8556
19.78,8555
19.79,8554
19.80,8553
19.81,8552
19.82,8551
19.83,8550
19.84,8549
19.85,8548
19.86,8547
19.87,8546
19.88,8545
19.89,8544
19.90,8543
19.91,8542
19.92,8541
19.93,8540
19.94,8539
19.96,8538
19.97,8537
19.98,8536
19.99,8535
20.00,8534
20.01,8533
20.02,8532
20.03,8531
20.04,8530
20.05,8529
20.06,8528
20.07,8527
20.08,8526
20.09,8525
20.11,8524
20.12,8523
20.13,8522
20.14,8521
20.15,8520
20.16,8519
20.17,8518
20.18,8517
20.19,8516
20.20,8515
20.21,8514
20.22,8513
20.23,8512
20.25,8511
20.26,8510
20.27,8509
20.28,8508
20.29,8507
20.30,8506
20.31,8505
20.32,8504
20.33,8503
20.34,8502
20.35,8501
20.36,8500
20.37,8499
20.38,8498
20.39,8497
20.40,8496
20.42,8495
20.43,8494
20.44,8493
20.45,8492
20.46,8491
20.47,8490
20.48,8489
20.49,8488
20.50,8487
20.51,8486
20.52,8485
20.53,8484
20.54,8483
20.56,8482
20.57,8481
20.58,8480
20.59,8479
20.60,8478
20.61,8477
20.62,8476
20.63,8475
20.64,8474
20.65,8473
20.66,8472
20.67,8471
20.68,8470
20.69,8469
20.70,8468
20.71,8467
20.72,8466
20.74,8465
20.75,8464
20.76,8463
20.77,8462
20.78,8461
20.79,8460
20.80,8459
20.81,8458
20.82,8457
20.83,8456
20.84,8455
20.85,8454
20.86,8453
20.87,8452
20.88,8451
20.89,8450
20.90,8449
20.91,8448
20.93,8447
20.94,8446
20.95,8445
20.96,8444
20.97,8443
20.98,8442
20.99,8441
21.00,8440
21.01,8439
21.02,8438
21.03,8437
21.04,8436
21.05,8435
21.06,8434
21.07,8433
21.09,8432
21.10,8431
21.11,8430
21.12,8429
21.13,8428
21.14,8427
21.15,8426
21.16,8425
21.17,8424
21.18,8423
21.19,8422
21.20,8421
21.21,8420
21.22,8419
21.23,8418
21.24,8417
21.25,8416
21.27,8415
21.28,8414
21.29,8413
21.30,8412
21.31,8411
21.32,8410
21.33,8409
21.34,8408
21.35,8407
21.36,8406
21.37,8405
21.38,8404
21.39,8403
21.40,8402
21.41,8401
21.42,8400
21.43,8399
21.44,8398
21.45,8397
21.47,8396
21.48,8395
21.49,8394
21.50,8393
21.51,8392
21.52,8391
21.53,8390
21.54,8389
21.55,8388
21.56,8387
21.57,8386
21.58,8385
21.59,8384
21.60,8383
21.61,8382
21.63,8381
21.64,8380
21.65,8379
21.66,8378
21.67,8377
21.68,8376
21.69,8375
21.70,8374
21.71,8373
21.72,8372
21.73,8371
21.74,8370
21.75,8369
21.77,8368
21.78,8367
21.79,8366
21.80,8365
21.81,8364
21.82,8363
21.83,8362
21.84,8361
21.85,8360
21.86,8359
21.87,8358
21.88,8357
21.89,8356
21.90,8355
21.91,8354
21.92,8353
21.93,8352
21.95,8351
21.96,8350
21.97,8349
21.98,8348
21.99,8347
22.00,8346
22.01,8345
22.02,8344
22.03,8343
22.04,8342
22.05,8341
22.06,8340
22.07,8339
22.08,8338
22.09,8337
22.10,8336
22.11,8335
22.12,8334
22.13,8333
22.14,8332
22.15,8331
22.16,8330
22.17,8329
22.19,8328
22.20,8327
22.21,8326
22.22,8325
22.23,8324
22.24,8323
22.25,8322
22.26,8321
22.27,8320
22.28,8319
22.29,8318
22.30,8317
22.31,8316
22.32,8315
22.33,8314
22.34,8313
22.35,8312
22.36,8311
22.37,8310
22.38,8309
22.39,8308
22.40,8307
22.41,8306
22.42,8305
22.43,8304
22.44,8303
22.45,8302
22.46,8301
22.47,8300
22.48,8299
22.49,8298
22.50,8297
22.51,8296
22.52,8295
22.53,8294
22.54,8293
22.55,8292
22.57,8291
22.58,8290
22.59,8289
22.60,8288
22.61,8287
22.62,8286
22.63,8285
22.64,8284
22.65,8283
22.66,8282
22.67,8281
22.68,8280
22.69,8279
22.70,8278
22.71,8277
22.72,8276
22.73,8275
22.74,8274
22.75,8273
22.76,8272
22.78,8271
22.79,8270
22.80,8269
22.81,8268
22.82,8267
22.83,8266
22.84,8265
22.85,8264
22.86,8263
22.87,8262
22.88,8261
22.89,8260
22.90,8259
22.91,8258
22.92,8257
22.93,8256
22.94,8255
22.96,8254
22.97,8253
22.98,8252
22.99,8251
23.00,8250
23.01,8249
23.02,8248
23.03,8247
23.04,8246
23.05,8245
23.06,8244
23.07,8243
23.08,8242
23.09,8241
23.10,8240
23.11,8239
23.12,8238
23.13,8237
23.14,8236
23.15,8235
23.17,8234
23.18,8233
23.19,8232
23.20,8231
23.21,8230
23.22,8229
23.23,8228
23.24,8227
23.25,8226
23.26,8225
23.27,8224
23.28,8223
23.29,8222
23.30,8221
23.31,8220
23.32,8219
23.33,8218
23.35,8217
23.36,8216
23.37,8215
23.38,8214
23.39,8213
23.40,8212
23.41,8211
23.42,8210
23.43,8209
23.44,8208
23.45,8207
23.46,8206
23.47,8205
23.48,8204
23.49,8203
23.50,8202
23.51,8201
23.52,8200
23.54,8199
23.55,8198
23.56,8197
23.57,8196
23.58,8195
23.59,8194
23.60,8193
23.61,8192
23.62,8191
23.63,8190
23.64,8189
23.65,8188
23.66,8187
23.67,8186
23.68,8185
23.70,8184
23.71,8183
23.72,8182
23.73,8181
23.74,8180
23.75,8179
23.76,8178
23.77,8177
23.78,8176
23.79,8175
23.80,8174
23.81,8173
23.82,8172
23.83,8171
23.84,8170
23.85,8169
23.86,8168
23.87,8167
23.89,8166
23.90,8165
23.91,8164
23.92,8163
23.93,8162
23.94,8161
23.95,8160
23.96,8159
23.97,8158
23.98,8157
23.99,8156
24.00,8155
24.01,8154
24.02,8153
24.03,8152
24.04,8151
24.06,8150
24.07,8149
24.08,8148
24.09,8147
24.10,8146
24.11,8145
24.12,8144
24.13,8143
24.14,8142
24.15,8141
24.16,8140
24.17,8139
24.18,8138
24.19,8137
24.20,8136
24.22,8135
24.23,8134
24.24,8133
24.25,8132
24.26,8131
24.27,8130
24.28,8129
24.29,8128
24.30,8127
24.31,8126
24.33,8125
24.34,8124
24.35,8123
24.36,8122
24.37,8121
24.38,8120
24.39,8119
24.40,8118
24.41,8117
24.42,8116
24.43,8115
24.44,8114
24.45,8113
24.46,8112
24.47,8111
24.48,8110
24.49,8109
24.50,8108
24.51,8107
24.53,8106
24.54,8105
24.55,8104
24.56,8103
24.57,8102
24.58,8101
24.59,8100
24.60,8099
24.61,8098
24.62,8097
24.63,8096
24.64,8095
24.65,8094
24.66,8093
24.67,8092
24.69,8091
24.70,8090
24.71,8089
24.72,8088
24.73,8087
24.74,8086
24.75,8085
24.76,8084
24.77,8083
24.78,8082
24.79,8081
24.80,8080
24.81,8079
24.82,8078
24.83,8077
24.84,8076
24.85,8075
24.86,8074
24.87,8073
24.89,8072
24.90,8071
24.91,8070
24.92,8069
24.93,8068
24.94,8067
24.95,8066
24.96,8065
24.97,8064
24.98,8063
24.99,8062
25.00,8061
25.01,8060
25.02,8059
25.03,8058
25.04,8057
25.05,8056
25.07,8055
25.08,8054
25.09,8053
25.10,8052
25.11,8051
25.12,8050
25.13,8049
25.14,8048
25.15,8047
25.16,8046
25.17,8045
25.18,8044
25.19,8043
25.20,8042
25.21,8041
25.22,8040
25.23,8039
25.25,8038
25.26,8037
25.27,8036
25.28,8035
25.29,8034
25.30,8033
25.31,8032
25.32,8031
25.33,8030
25.34,8029
25.35,8028
25.36,8027
25.37,8026
25.38,8025
25.39,8024
25.40,8023
25.42,8022
25.43,8021
25.44,8020
25.45,8019
25.46,8018
25.47,8017
25.48,8016
25.49,8015
25.50,8014
25.51,8013
25.52,8012
25.53,8011
25.54,8010
25.55,8009
25.56,8008
25.57,8007
25.58,8006
25.59,8005
25.60,8004
25.62,8003
25.63,8002
25.64,8001
25.65,8000
25.66,7999
25.67,7998
25.68,7997
25.69,7996
25.70,7995
25.71,7994
25.72,7993
25.73,7992
25.74,7991
25.75,7990
25.76,7989
25.77,7988
25.78,7987
25.79,7986
25.80,7985
25.81,7984
25.82,7983
25.84,7982
25.85,7981
25.86,7980
25.87,7979
25.88,7978
25.89,7977
25.90,7976
25.91,7975
25.92,7974
25.93,7973
25.94,7972
25.95,7971
25.96,7970
25.97,7969
25.98,7968
25.99,7967
26.00,7966
26.02,7965
26.03,7964
26.04,7963
26.05,7962
26.06,7961
26.07,7960
26.08,7959
26.09,7958
26.10,7957
26.11,7956
26.12,7955
26.13,7954
26.14,7953
26.15,7952
26.16,7951
26.17,7950
26.19,7949
26.20,7948
26.21,7947
26.22,7946
26.23,7945
26.24,7944
26.25,7943
26.26,7942
26.27,7941
26.28,7940
26.29,7939
26.30,7938
26.31,7937
26.32,7936
26.33,7935
26.34,7934
26.36,7933
26.37,7932
26.38,7931
26.39,7930
26.40,7929
26.41,7928
26.42,7927
26.43,7926
26.44,7925
26.46,7924
26.47,7923
26.48,7922
26.49,7921
26.50,7920
26.51,7919
26.52,7918
26.53,7917
26.54,7916
26.55,7915
26.56,7914
26.57,7913
26.58,7912
26.60,7911
26.61,7910
26.62,7909
26.63,7908
26.64,7907
26.65,7906
26.66,7905
26.67,7904
26.68,7903
26.69,7902
26.70,7901
26.71,7900
26.72,7899
26.73,7898
26.74,7897
26.75,7896
26.76,7895
26.78,7894
26.79,7893
26.80,7892
26.81,7891
26.82,7890
26.83,7889
26.84,7888
26.85,7887
26.86,7886
26.87,7885
26.88,7884
26.89,7883
26.90,7882
26.91,7881
26.92,7880
26.93,7879
26.95,7878
26.96,7877
26.97,7876
26.98,7875
26.99,7874
27.00,7873
27.01,7872
27.02,7871
27.03,7870
27.04,7869
27.05,7868
27.06,7867
27.07,7866
27.08,7865
27.09,7864
27.10,7863
27.11,7862
27.12,7861
27.13,7860
27.14,7859
27.15,7858
27.16,7857
27.17,7856
27.18,7855
27.19,7854
27.20,7853
27.21,7852
27.23,7851
27.24,7850
27.25,7849
27.26,7848
27.27,7847
27.28,7846
27.29,7845
27.30,7844
27.31,7843
27.32,7842
27.33,7841
27.34,7840
27.35,7839
27.36,7838
27.37,7837
27.38,7836
27.39,7835
27.40,7834
27.41,7833
27.42,7832
27.43,7831
27.44,7830
27.45,7829
27.46,7828
27.47,7827
27.48,7826
27.49,7825
27.50,7824
27.51,7823
27.52,7822
27.53,7821
27.54,7820
27.56,7819
27.57,7818
27.58,7817
27.59,7816
27.60,7815
27.61,7814
27.62,7813
27.63,7812
27.64,7811
27.65,7810
27.66,7809
27.67,7808
27.68,7807
27.69,7806
27.70,7805
27.71,7804
27.72,7803
27.74,7802
27.75,7801
27.76,7800
27.77,7799
27.78,7798
27.79,7797
27.80,7796
27.81,7795
27.82,7794
27.83,7793
27.84,7792
27.85,7791
27.86,7790
27.87,7789
27.88,7788
27.90,7787
27.91,7786
27.92,7785
27.93,7784
27.94,7783
27.95,7782
27.96,7781
27.97,7780
27.98,7779
27.99,7778
28.00,7777
28.01,7776
28.02,7775
28.03,7774
28.04,7773
28.05,7772
28.06,7771
28.08,7770
28.09,7769
28.10,7768
28.11,7767
28.12,7766
28.13,7765
28.14,7764
28.15,7763
28.16,7762
28.17,7761
28.18,7760
28.19,7759
28.20,7758
28.21,7757
28.22,7756
28.23,7755
28.24,7754
28.25,7753
28.26,7752
28.28,7751
28.29,7750
28.30,7749
28.31,7748
28.32,7747
28.33,7746
28.34,7745
28.35,7744
28.36,7743
28.37,7742
28.38,7741
28.39,7740
28.40,7739
28.41,7738
28.42,7737
28.43,7736
28.45,7735
28.45,7734
28.47,7733
28.48,7732
28.49,7731
28.50,7730
28.51,7729
28.52,7728
28.53,7727
28.54,7726
28.55,7725
28.56,7724
28.57,7723
28.58,7722
28.59,7721
28.60,7720
28.61,7719
28.62,7718
28.63,7717
28.64,7716
28.66,7715
28.67,7714
28.68,7713
28.69,7712
28.70,7711
28.71,7710
28.72,7709
28.73,7708
28.74,7707
28.75,7706
28.76,7705
28.77,7704
28.78,7703
28.79,7702
28.80,7701
28.81,7700
28.82,7699
28.83,7698
28.84,7697
28.85,7696
28.86,7695
28.87,7694
28.88,7693
28.89,7692
28.90,7691
28.92,7690
28.93,7689
28.94,7688
28.95,7687
28.96,7686
28.97,7685
28.98,7684
28.99,7683
29.00,7682
29.01,7681
29.02,7680
29.03,7679
29.04,7678
29.05,7677
29.06,7676
29.07,7675
29.09,7674
29.10,7673
29.11,7672
29.12,7671
29.13,7670
29.14,7669
29.15,7668
29.16,7667
29.17,7666
29.18,7665
29.19,7664
29.20,7663
29.21,7662
29.22,7661
29.23,7660
29.24,7659
29.25,7658
29.26,7657
29.27,7656
29.29,7655
29.30,7654
29.31,7653
29.32,7652
29.33,7651
29.34,7650
29.35,7649
29.36,7648
29.37,7647
29.38,7646
29.39,7645
29.40,7644
29.41,7643
29.42,7642
29.43,7641
29.44,7640
29.46,7639
29.47,7638
29.48,7637
29.49,7636
29.50,7635
29.51,7634
29.52,7633
29.53,7632
29.54,7631
29.55,7630
29.56,7629
29.57,7628
29.58,7627
29.59,7626
29.60,7625
29.61,7624
29.62,7623
29.63,7622
29.65,7621
29.66,7620
29.67,7619
29.68,7618
29.69,7617
29.70,7616
29.71,7615
29.72,7614
29.73,7613
29.74,7612
29.75,7611
29.76,7610
29.77,7609
29.78,7608
29.79,7607
29.80,7606
29.81,7605
29.82,7604
29.83,7603
29.85,7602
29.86,7601
29.87,7600
29.88,7599
29.89,7598
29.90,7597
29.91,7596
29.92,7595
29.93,7594
29.94,7593
29.95,7592
29.96,7591
29.97,7590
29.98,7589
29.99,7588
30.00,7587
30.01,7586
30.02,7585
30.03,7584
30.05,7583
30.06,7582
30.07,7581
30.08,7580
30.09,7579
30.10,7578
30.11,7577
30.12,7576
30.13,7575
30.14,7574
30.15,7573
30.16,7572
30.17,7571
30.18,7570
30.19,7569
30.20,7568
30.21,7567
30.22,7566
30.23,7565
30.24,7564
30.25,7563
30.26,7562
30.27,7561
30.29,7560
30.30,7559
30.31,7558
30.32,7557
30.33,7556
30.34,7555
30.35,7554
30.36,7553
30.37,7552
30.38,7551
30.39,7550
30.40,7549
30.41,7548
30.42,7547
30.43,7546
30.44,7545
30.46,7544
30.47,7543
30.48,7542
30.49,7541
30.50,7540
30.51,7539
30.52,7538
30.53,7537
30.54,7536
30.55,7535
30.56,7534
30.57,7533
30.58,7532
30.59,7531
30.60,7530
30.61,7529
30.62,7528
30.63,7527
30.65,7526
30.66,7525
30.67,7524
30.68,7523
30.69,7522
30.70,7521
30.71,7520
30.72,7519
30.73,7518
30.74,7517
30.75,7516
30.76,7515
30.77,7514
30.78,7513
30.79,7512
30.80,7511
30.81,7510
30.82,7509
30.83,7508
30.84,7507
30.85,7506
30.86,7505
30.87,7504
30.88,7503
30.89,7502
30.91,7501
30.92,7500
30.93,7499
30.94,7498
30.95,7497
30.96,7496
30.97,7495
30.98,7494
30.99,7493
31.00,7492
31.01,7491
31.02,7490
31.03,7489
31.04,7488
31.06,7487
31.07,7486
31.08,7485
31.09,7484
31.10,7483
31.11,7482
31.12,7481
31.13,7480
31.14,7479
31.15,7478
31.16,7477
31.17,7476
31.18,7475
31.19,7474
31.20,7473
31.21,7472
31.22,7471
31.24,7470
31.24,7469
31.26,7468
31.27,7467
31.28,7466
31.29,7465
31.30,7464
31.31,7463
31.32,7462
31.33,7461
31.34,7460
31.35,7459
31.36,7458
31.37,7457
31.38,7456
31.39,7455
31.40,7454
31.41,7453
31.42,7452
31.44,7451
31.45,7450
31.46,7449
31.47,7448
31.48,7447
31.49,7446
31.50,7445
31.51,7444
31.52,7443
31.53,7442
31.54,7441
31.55,7440
31.56,7439
31.57,7438
31.58,7437
31.59,7436
31.60,7435
31.61,7434
31.62,7433
31.63,7432
31.64,7431
31.66,7430
31.67,7429
31.68,7428
31.69,7427
31.70,7426
31.71,7425
31.72,7424
31.73,7423
31.74,7422
31.75,7421
31.76,7420
31.77,7419
31.78,7418
31.79,7417
31.80,7416
31.81,7415
31.82,7414
31.83,7413
31.84,7412
31.85,7411
31.86,7410
31.87,7409
31.88,7408
31.89,7407
31.90,7406
31.91,7405
31.92,7404
31.93,7403
31.94,7402
31.95,7401
31.96,7400
31.97,7399
31.98,7398
31.99,7397
32.00,7396
32.01,7395
32.02,7394
32.03,7393
32.04,7392
32.05,7391
32.06,7390
32.07,7389
32.08,7388
32.09,7387
32.10,7386
32.12,7385
32.13,7384
32.14,7383
32.15,7382
32.16,7381
32.17,7380
32.18,7379
32.19,7378
32.20,7377
32.21,7376
32.22,7375
32.23,7374
32.24,7373
32.25,7372
32.26,7371
32.27,7370
32.28,7369
32.29,7368
32.30,7367
32.31,7366
32.33,7365
32.34,7364
32.35,7363
32.36,7362
32.37,7361
32.38,7360
32.39,7359
32.40,7358
32.41,7357
32.42,7356
32.43,7355
32.44,7354
32.45,7353
32.46,7352
32.47,7351
32.48,7350
32.49,7349
32.51,7348
32.52,7347
32.53,7346
32.54,7345
32.55,7344
32.56,7343
32.57,7342
32.58,7341
32.59,7340
32.60,7339
32.61,7338
32.62,7337
32.63,7336
32.64,7335
32.65,7334
32.66,7333
32.67,7332
32.68,7331
32.70,7330
32.71,7329
32.72,7328
32.73,7327
32.74,7326
32.75,7325
32.76,7324
32.77,7323
32.78,7322
32.79,7321
32.80,7320
32.81,7319
32.82,7318
32.83,7317
32.84,7316
32.85,7315
32.86,7314
32.87,7313
32.88,7312
32.89,7311
32.90,7310
32.91,7309
32.92,7308
32.93,7307
32.94,7306
32.95,7305
32.96,7304
32.97,7303
32.98,7302
32.99,7301
33.00,7300
33.01,7299
33.02,7298
33.03,7297
33.04,7296
33.05,7295
33.06,7294
33.07,7293
33.08,7292
33.09,7291
33.10,7290
33.11,7289
33.12,7288
33.13,7287
33.14,7286
33.16,7285
33.17,7284
33.18,7283
33.19,7282
33.19,7281
33.21,7280
33.22,7279
33.23,7278
33.24,7277
33.25,7276
33.26,7275
33.27,7274
33.28,7273
33.28,7272
33.29,7271
33.31,7270
33.32,7269
33.32,7268
33.34,7267
33.36,7266
33.37,7265
33.38,7264
33.39,7263
33.40,7262
33.41,7261
33.42,7260
33.43,7259
33.44,7258
33.45,7257
33.46,7256
33.48,7255
33.49,7254
33.50,7253
33.51,7252
33.52,7251
33.53,7250
33.54,7249
33.55,7248
33.56,7247
33.57,7246
33.58,7245
33.59,7244
33.60,7243
33.61,7242
33.62,7241
33.63,7240
33.64,7239
33.65,7238
33.67,7237
33.68,7236
33.69,7235
33.70,7234
33.71,7233
33.72,7232
33.73,7231
33.74,7230
33.75,7229
33.76,7228
33.77,7227
33.78,7226
33.79,7225
33.80,7224
33.81,7223
33.82,7222
33.86,7221
33.87,7220
33.88,7219
33.89,7218
33.90,7217
33.91,7216
33.92,7215
33.93,7214
33.95,7213
33.96,7212
33.97,7211
33.98,7210
33.99,7209
34.00,7208
34.01,7207
34.02,7206
34.03,7205
34.04,7204
34.05,7203
34.06,7202
34.07,7201
34.08,7200
34.09,7199
34.10,7198
34.11,7197
34.12,7196
34.14,7195
34.15,7194
34.16,7193
34.17,7192
34.18,7191
34.19,7190
34.20,7189
34.21,7188
34.22,7187
34.23,7186
34.24,7185
34.25,7184
34.26,7183
34.27,7182
34.28,7181
34.29,7180
34.30,7179
34.31,7178
34.33,7177
34.34,7176
34.35,7175
34.36,7174
34.37,7173
34.38,7172
34.39,7171
34.40,7170
34.41,7169
34.42,7168
34.43,7167
34.44,7166
34.45,7165
34.46,7164
34.47,7163
34.48,7162
34.49,7161
34.51,7160
34.52,7159
34.53,7158
34.54,7157
34.55,7156
34.56,7155
34.57,7154
34.58,7153
34.59,7152
34.60,7151
34.61,7150
34.62,7149
34.63,7148
34.64,7147
34.65,7146
34.66,7145
34.67,7144
34.68,7143
34.70,7142
34.71,7141
34.72,7140
34.73,7139
34.74,7138
34.75,7137
34.76,7136
34.77,7135
34.78,7134
34.79,7133
34.80,7132
34.81,7131
34.82,7130
34.83,7129
34.84,7128
34.85,7127
34.86,7126
34.87,7125
34.88,7124
34.89,7123
34.90,7122
34.91,7121
34.92,7120
34.93,7119
34.94,7118
34.95,7117
34.96,7116
34.97,7115
34.98,7114
34.99,7113
35.00,7112
35.01,7111
35.02,7110
35.04,7109
35.05,7108
35.06,7107
35.07,7106
35.08,7105
35.09,7104
35.10,7103
35.11,7102
35.12,7101
35.13,7100
35.14,7099
35.15,7098
35.16,7097
35.17,7096
35.18,7095
35.19,7094
35.20,7093
35.21,7092
35.23,7091
35.24,7090
35.25,7089
35.26,7088
35.27,7087
35.29,7086
35.30,7085
35.31,7084
35.32,7083
35.36,7082
35.37,7081
35.38,7080
35.39,7079
35.40,7078
35.41,7077
35.42,7076
35.44,7075
35.45,7074
35.46,7073
35.47,7072
35.48,7071
35.49,7070
35.50,7069
35.51,7068
35.53,7067
35.54,7066
35.55,7065
35.56,7064
35.57,7063
35.58,7062
35.59,7061
35.61,7060
35.62,7059
35.63,7058
35.64,7057
35.65,7056
35.66,7055
35.67,7054
35.68,7053
35.69,7052
35.70,7051
35.71,7050
35.72,7049
35.74,7048
35.74,7047
35.75,7046
35.77,7045
35.79,7044
35.80,7043
35.81,7042
35.82,7041
35.83,7040
35.84,7039
35.85,7038
35.88,7037
35.89,7036
35.90,7035
36.20,7034
