1.02,6802
1.14,6801
1.17,6800
1.20,6799
1.22,6798
1.24,6797
1.27,6796
1.29,6795
1.30,6794
1.33,6793
1.35,6792
1.36,6791
1.38,6790
1.39,6789
1.41,6788
1.42,6787
1.44,6786
1.45,6785
1.47,6784
1.48,6783
1.49,6782
1.51,6781
1.52,6780
1.54,6779
1.55,6778
1.57,6777
1.58,6776
1.60,6775
1.61,6774
1.63,6773
1.64,6772
1.66,6771
1.67,6770
1.69,6769
1.70,6768
1.72,6767
1.73,6766
1.75,6765
1.76,6764
1.78,6763
1.79,6762
1.80,6761
1.82,6760
1.83,6759
1.85,6758
1.86,6757
1.88,6756
1.89,6755
1.92,6754
1.93,6753
1.95,6752
1.96,6751
1.98,6750
1.99,6749
2.01,6748
2.02,6747
2.04,6746
2.05,6745
2.06,6744
2.08,6743
2.09,6742
2.11,6741
2.12,6740
2.14,6739
2.15,6738
2.17,6737
2.18,6736
2.20,6735
2.21,6734
2.23,6733
2.25,6732
2.26,6731
2.28,6730
2.29,6729
2.31,6728
2.32,6727
2.34,6726
2.35,6725
2.37,6724
2.38,6723
2.40,6722
2.41,6721
2.43,6720
2.44,6719
2.46,6718
2.47,6717
2.48,6716
2.50,6715
2.51,6714
2.53,6713
2.54,6712
2.56,6711
2.57,6710
2.59,6709
2.60,6708
2.62,6707
2.63,6706
2.65,6705
2.67,6704
2.68,6703
2.70,6702
2.71,6701
2.73,6700
2.75,6699
2.76,6698
2.78,6697
2.80,6696
2.81,6695
2.83,6694
2.85,6693
2.86,6692
2.88,6691
2.90,6690
2.91,6689
2.93,6688
2.94,6687
2.96,6686
2.98,6685
2.99,6684
3.01,6683
3.02,6682
3.04,6681
3.06,6680
3.07,6679
3.09,6678
3.11,6677
3.12,6676
3.14,6675
3.17,6674
3.18,6673
3.20,6672
3.21,6671
3.23,6670
3.24,6669
3.26,6668
3.27,6667
3.29,6666
3.30,6665
3.32,6664
3.33,6663
3.35,6662
3.36,6661
3.37,6660
3.39,6659
3.40,6658
3.42,6657
3.43,6656
3.45,6655
3.46,6654
3.48,6653
3.49,6652
3.51,6651
3.52,6650
3.53,6649
3.55,6648
3.56,6647
3.58,6646
3.59,6645
3.61,6644
3.62,6643
3.64,6642
3.65,6641
3.67,6640
3.68,6639
3.69,6638
3.71,6637
3.72,6636
3.74,6635
3.75,6634
3.77,6633
3.78,6632
3.80,6631
3.81,6630
3.83,6629
3.84,6628
3.86,6627
3.87,6626
3.89,6625
3.90,6624
3.91,6623
3.93,6622
3.94,6621
3.96,6620
3.97,6619
3.99,6618
4.00,6617
4.02,6616
4.03,6615
4.05,6614
4.06,6613
4.08,6612
4.09,6611
4.11,6610
4.12,6609
4.13,6608
4.15,6607
4.16,6606
4.18,6605
4.19,6604
4.21,6603
4.22,6602
4.24,6601
4.25,6600
4.27,6599
4.29,6598
4.30,6597
4.32,6596
4.35,6595
4.36,6594
4.39,6593
4.40,6592
4.42,6591
4.43,6590
4.44,6589
4.46,6588
4.47,6587
4.49,6586
4.50,6585
4.51,6584
4.53,6583
4.54,6582
4.57,6581
4.58,6580
4.59,6579
4.61,6578
4.62,6577
4.64,6576
4.65,6575
4.67,6574
4.69,6573
4.70,6572
4.71,6571
4.73,6570
4.75,6569
4.76,6568
4.78,6567
4.82,6566
4.84,6565
4.85,6564
4.87,6563
4.89,6562
4.91,6561
4.92,6560
4.94,6559
4.97,6558
4.99,6557
5.00,6556
5.01,6555
5.02,6554
5.04,6553
5.05,6552
5.07,6551
5.08,6550
5.09,6549
5.11,6548
5.13,6547
5.15,6546
5.16,6545
5.18,6544
5.19,6543
5.21,6542
5.22,6541
5.23,6540
5.25,6539
5.26,6538
5.28,6537
5.29,6536
5.30,6535
5.32,6534
5.33,6533
5.34,6532
5.36,6531
5.37,6530
5.38,6529
5.40,6528
5.41,6527
5.43,6526
5.44,6525
5.45,6524
5.47,6523
5.48,6522
5.50,6521
5.51,6520
5.55,6519
5.56,6518
5.58,6517
5.59,6516
5.61,6515
5.63,6514
5.64,6513
5.66,6512
5.68,6511
5.70,6510
5.71,6509
5.73,6508
5.74,6507
5.76,6506
5.77,6505
5.79,6504
5.81,6503
5.82,6502
5.84,6501
5.85,6500
5.91,6499
5.93,6498
5.94,6497
5.96,6496
5.97,6495
5.99,6494
6.01,6493
6.02,6492
6.05,6491
6.06,6490
6.08,6489
6.10,6488
6.11,6487
6.15,6486
6.17,6485
6.19,6484
6.20,6483
6.22,6482
6.23,6481
6.25,6480
6.27,6479
6.28,6478
6.30,6477
6.32,6476
6.34,6475
6.36,6474
6.39,6473
6.40,6472
6.42,6471
6.44,6470
6.45,6469
6.48,6468
6.49,6467
6.51,6466
6.53,6465
6.55,6464
6.56,6463
6.58,6462
6.60,6461
6.61,6460
6.63,6459
6.64,6458
6.66,6457
6.68,6456
6.69,6455
6.76,6454
6.79,6453
6.80,6452
6.82,6451
6.84,6450
6.85,6449
6.87,6448
6.93,6447
6.95,6446
6.96,6445
7.00,6444
7.01,6443
7.03,6442
7.04,6441
7.06,6440
7.07,6439
7.09,6438
7.10,6437
7.12,6436
7.13,6435
7.15,6434
7.17,6433
7.24,6432
7.25,6431
7.27,6430
7.28,6429
7.30,6428
7.31,6427
7.33,6426
7.35,6425
7.36,6424
7.38,6423
7.39,6422
7.41,6421
7.42,6420
7.43,6419
7.46,6418
7.47,6417
7.50,6416
7.52,6415
7.53,6414
7.55,6413
7.57,6412
7.58,6411
7.60,6410
7.64,6409
7.65,6408
7.66,6407
7.68,6406
7.69,6405
7.71,6404
7.72,6403
7.74,6402
7.77,6401
7.80,6400
7.81,6399
7.83,6398
7.84,6397
7.85,6396
7.87,6395
7.88,6394
7.90,6393
7.91,6392
7.93,6391
7.94,6390
7.96,6389
7.97,6388
7.99,6387
8.00,6386
8.02,6385
8.03,6384
8.05,6383
8.06,6382
8.08,6381
8.09,6380
8.11,6379
8.12,6378
8.14,6377
8.15,6376
8.16,6375
8.18,6374
8.20,6373
8.21,6372
8.23,6371
8.24,6370
8.25,6369
8.27,6368
8.28,6367
8.30,6366
8.31,6365
8.33,6364
8.34,6363
8.36,6362
8.38,6361
8.39,6360
8.41,6359
8.42,6358
8.44,6357
8.45,6356
8.47,6355
8.48,6354
8.50,6353
8.51,6352
8.53,6351
8.54,6350
8.56,6349
8.58,6348
8.59,6347
8.62,6346
8.63,6345
8.64,6344
8.66,6343
8.67,6342
8.69,6341
8.70,6340
8.72,6339
8.73,6338
8.75,6337
8.76,6336
8.78,6335
8.79,6334
8.81,6333
8.82,6332
8.84,6331
8.85,6330
8.87,6329
8.88,6328
8.90,6327
8.91,6326
8.93,6325
8.94,6324
8.95,6323
8.97,6322
8.98,6321
9.00,6320
9.01,6319
9.03,6318
9.04,6317
9.06,6316
9.07,6315
9.09,6314
9.10,6313
9.12,6312
9.13,6311
9.15,6310
9.16,6309
9.18,6308
9.19,6307
9.21,6306
9.22,6305
9.24,6304
9.25,6303
9.26,6302
9.28,6301
9.29,6300
9.31,6299
9.32,6298
9.34,6297
9.35,6296
9.36,6295
9.38,6294
9.39,6293
9.41,6292
9.42,6291
9.44,6290
9.45,6289
9.47,6288
9.49,6287
9.50,6286
9.52,6285
9.53,6284
9.55,6283
9.56,6282
9.58,6281
9.59,6280
9.60,6279
9.63,6278
9.64,6277
9.65,6276
9.67,6275
9.68,6274
9.70,6273
9.72,6272
9.73,6271
9.75,6270
9.76,6269
9.79,6268
9.81,6267
9.84,6266
9.85,6265
9.86,6264
9.88,6263
9.89,6262
9.91,6261
9.92,6260
9.94,6259
9.95,6258
9.97,6257
9.98,6256
10.00,6255
10.02,6254
10.03,6253
10.05,6252
10.06,6251
10.08,6250
10.09,6249
10.11,6248
10.12,6247
10.14,6246
10.15,6245
10.17,6244
10.18,6243
10.20,6242
10.21,6241
10.23,6240
10.24,6239
10.26,6238
10.27,6237
10.29,6236
10.30,6235
10.31,6234
10.33,6233
10.34,6232
10.36,6231
10.37,6230
10.39,6229
10.40,6228
10.42,6227
10.43,6226
10.45,6225
10.46,6224
10.48,6223
10.49,6222
10.51,6221
10.52,6220
10.54,6219
10.55,6218
10.57,6217
10.58,6216
10.60,6215
10.61,6214
10.63,6213
10.65,6212
10.67,6211
10.68,6210
10.70,6209
10.71,6208
10.72,6207
10.74,6206
10.75,6205
10.77,6204
10.78,6203
10.80,6202
10.81,6201
10.83,6200
10.84,6199
10.85,6198
10.87,6197
10.88,6196
10.90,6195
10.91,6194
10.93,6193
10.94,6192
10.96,6191
10.97,6190
10.99,6189
11.00,6188
11.02,6187
11.03,6186
11.05,6185
11.06,6184
11.08,6183
11.09,6182
11.11,6181
11.12,6180
11.13,6179
11.15,6178
11.16,6177
11.18,6176
11.19,6175
11.21,6174
11.22,6173
11.23,6172
11.25,6171
11.26,6170
11.28,6169
11.29,6168
11.31,6167
11.32,6166
11.34,6165
11.35,6164
11.37,6163
11.38,6162
11.40,6161
11.41,6160
11.42,6159
11.44,6158
11.45,6157
11.47,6156
11.48,6155
11.50,6154
11.51,6153
11.53,6152
11.54,6151
11.56,6150
11.57,6149
11.59,6148
11.60,6147
11.62,6146
11.63,6145
11.65,6144
11.66,6143
11.68,6142
11.70,6141
11.71,6140
11.73,6139
11.75,6138
11.76,6137
11.78,6136
11.79,6135
11.81,6134
11.82,6133
11.83,6132
11.85,6131
11.86,6130
11.88,6129
11.89,6128
11.91,6127
11.92,6126
11.94,6125
11.95,6124
11.97,6123
11.98,6122
12.00,6121
12.01,6120
12.03,6119
12.05,6118
12.06,6117
12.08,6116
12.09,6115
12.11,6114
12.12,6113
12.14,6112
12.16,6111
12.17,6110
12.19,6109
12.20,6108
12.22,6107
12.24,6106
12.25,6105
12.27,6104
12.29,6103
12.32,6102
12.34,6101
12.35,6100
12.37,6099
12.39,6098
12.40,6097
12.42,6096
12.44,6095
12.45,6094
12.48,6093
12.49,6092
12.51,6091
12.53,6090
12.54,6089
12.56,6088
12.58,6087
12.60,6086
12.61,6085
12.63,6084
12.65,6083
12.66,6082
12.68,6081
12.70,6080
12.71,6079
12.73,6078
12.74,6077
12.76,6076
12.78,6075
12.79,6074
12.81,6073
12.83,6072
12.84,6071
12.86,6070
12.88,6069
12.89,6068
12.91,6067
12.93,6066
12.94,6065
12.96,6064
12.98,6063
12.99,6062
13.01,6061
13.03,6060
13.05,6059
13.06,6058
13.08,6057
13.09,6056
13.11,6055
13.13,6054
13.14,6053
13.16,6052
13.18,6051
13.19,6050
13.21,6049
13.23,6048
13.25,6047
13.26,6046
13.28,6045
13.29,6044
13.31,6043
13.32,6042
13.34,6041
13.36,6040
13.37,6039
13.39,6038
13.41,6037
13.42,6036
13.44,6035
13.46,6034
13.48,6033
13.49,6032
13.51,6031
13.53,6030
13.54,6029
13.56,6028
13.58,6027
13.59,6026
13.61,6025
13.63,6024
13.64,6023
13.66,6022
13.68,6021
13.69,6020
13.72,6019
13.73,6018
13.75,6017
13.77,6016
13.78,6015
13.80,6014
13.82,6013
13.83,6012
13.85,6011
13.87,6010
13.88,6009
13.90,6008
13.92,6007
13.93,6006
13.95,6005
13.97,6004
13.98,6003
14.00,6002
14.02,6001
14.03,6000
14.05,5999
14.07,5998
14.08,5997
14.10,5996
14.12,5995
14.13,5994
14.15,5993
14.17,5992
14.18,5991
14.20,5990
14.22,5989
14.23,5988
14.25,5987
14.27,5986
14.28,5985
14.30,5984
14.32,5983
14.33,5982
14.35,5981
14.37,5980
14.38,5979
14.40,5978
14.42,5977
14.43,5976
14.45,5975
14.47,5974
14.49,5973
14.50,5972
14.52,5971
14.54,5970
14.55,5969
14.57,5968
14.59,5967
14.61,5966
14.62,5965
14.64,5964
14.65,5963
14.67,5962
14.69,5961
14.71,5960
14.72,5959
14.74,5958
14.75,5957
14.77,5956
14.79,5955
14.80,5954
14.82,5953
14.84,5952
14.85,5951
14.87,5950
14.89,5949
14.90,5948
14.92,5947
14.93,5946
14.95,5945
14.96,5944
14.98,5943
14.99,5942
15.00,5941
15.02,5940
15.03,5939
15.05,5938
15.06,5937
15.08,5936
15.09,5935
15.11,5934
15.12,5933
15.14,5932
15.15,5931
15.17,5930
15.18,5929
15.19,5928
15.21,5927
15.22,5926
15.24,5925
15.25,5924
15.27,5923
15.28,5922
15.30,5921
15.31,5920
15.33,5919
15.34,5918
15.36,5917
15.37,5916
15.38,5915
15.40,5914
15.41,5913
15.43,5912
15.44,5911
15.46,5910
15.47,5909
15.48,5908
15.50,5907
15.51,5906
15.53,5905
15.54,5904
15.56,5903
15.57,5902
15.59,5901
15.60,5900
15.61,5899
15.63,5898
15.64,5897
15.66,5896
15.67,5895
15.69,5894
15.70,5893
15.72,5892
15.73,5891
15.74,5890
15.76,5889
15.77,5888
15.79,5887
15.81,5886
15.82,5885
15.83,5884
15.85,5883
15.86,5882
15.88,5881
15.89,5880
15.91,5879
15.92,5878
15.94,5877
15.95,5876
15.97,5875
15.98,5874
16.00,5873
16.01,5872
16.03,5871
16.04,5870
16.06,5869
16.07,5868
16.09,5867
16.11,5866
16.12,5865
16.14,5864
16.15,5863
16.17,5862
16.18,5861
16.20,5860
16.21,5859
16.23,5858
16.24,5857
16.26,5856
16.27,5855
16.29,5854
16.30,5853
16.32,5852
16.33,5851
16.35,5850
16.36,5849
16.37,5848
16.39,5847
16.41,5846
16.42,5845
16.43,5844
16.45,5843
16.46,5842
16.48,5841
16.49,5840
16.51,5839
16.52,5838
16.54,5837
16.55,5836
16.57,5835
16.58,5834
16.60,5833
16.61,5832
16.63,5831
16.64,5830
16.66,5829
16.67,5828
16.69,5827
16.70,5826
16.72,5825
16.73,5824
16.74,5823
16.76,5822
16.77,5821
16.79,5820
16.80,5819
16.82,5818
16.83,5817
16.85,5816
16.87,5815
16.88,5814
16.89,5813
16.91,5812
16.92,5811
16.94,5810
16.95,5809
16.97,5808
16.98,5807
17.00,5806
17.01,5805
17.03,5804
17.04,5803
17.06,5802
17.07,5801
17.09,5800
17.10,5799
17.11,5798
17.13,5797
17.14,5796
17.16,5795
17.17,5794
17.19,5793
17.20,5792
17.22,5791
17.23,5790
17.25,5789
17.26,5788
17.28,5787
17.29,5786
17.31,5785
17.32,5784
17.34,5783
17.35,5782
17.37,5781
17.38,5780
17.40,5779
17.41,5778
17.43,5777
17.44,5776
17.46,5775
17.47,5774
17.49,5773
17.50,5772
17.51,5771
17.53,5770
17.54,5769
17.56,5768
17.57,5767
17.59,5766
17.60,5765
17.62,5764
17.63,5763
17.65,5762
17.66,5761
17.68,5760
17.69,5759
17.71,5758
17.72,5757
17.74,5756
17.75,5755
17.76,5754
17.78,5753
17.79,5752
17.81,5751
17.82,5750
17.84,5749
17.85,5748
17.87,5747
17.88,5746
17.90,5745
17.91,5744
17.93,5743
17.94,5742
17.96,5741
17.97,5740
17.99,5739
18.00,5738
18.01,5737
18.03,5736
18.04,5735
18.06,5734
18.07,5733
18.09,5732
18.10,5731
18.12,5730
18.13,5729
18.15,5728
18.16,5727
18.18,5726
18.19,5725
18.21,5724
18.22,5723
18.24,5722
18.25,5721
18.27,5720
18.28,5719
18.30,5718
18.31,5717
18.33,5716
18.34,5715
18.36,5714
18.37,5713
18.39,5712
18.40,5711
18.42,5710
18.43,5709
18.45,5708
18.46,5707
18.48,5706
18.49,5705
18.51,5704
18.52,5703
18.54,5702
18.55,5701
18.56,5700
18.58,5699
18.59,5698
18.61,5697
18.62,5696
18.64,5695
18.65,5694
18.67,5693
18.68,5692
18.70,5691
18.71,5690
18.73,5689
18.74,5688
18.76,5687
18.77,5686
18.79,5685
18.80,5684
18.81,5683
18.83,5682
18.84,5681
18.86,5680
18.87,5679
18.89,5678
18.90,5677
18.92,5676
18.93,5675
18.95,5674
18.96,5673
18.98,5672
18.99,5671
19.01,5670
19.02,5669
19.04,5668
19.05,5667
19.07,5666
19.08,5665
19.10,5664
19.11,5663
19.13,5662
19.14,5661
19.16,5660
19.17,5659
19.19,5658
19.20,5657
19.22,5656
19.23,5655
19.25,5654
19.26,5653
19.27,5652
19.29,5651
19.30,5650
19.32,5649
19.34,5648
19.35,5647
19.37,5646
19.38,5645
19.40,5644
19.41,5643
19.43,5642
19.44,5641
19.46,5640
19.47,5639
19.49,5638
19.50,5637
19.52,5636
19.53,5635
19.55,5634
19.56,5633
19.57,5632
19.59,5631
19.60,5630
19.62,5629
19.63,5628
19.65,5627
19.66,5626
19.68,5625
19.69,5624
19.71,5623
19.72,5622
19.73,5621
19.75,5620
19.76,5619
19.78,5618
19.79,5617
19.81,5616
19.82,5615
19.84,5614
19.85,5613
19.87,5612
19.88,5611
19.90,5610
19.91,5609
19.93,5608
19.94,5607
19.96,5606
19.97,5605
19.98,5604
20.00,5603
20.01,5602
20.03,5601
20.04,5600
20.06,5599
20.07,5598
20.09,5597
20.10,5596
20.12,5595
20.13,5594
20.15,5593
20.16,5592
20.18,5591
20.19,5590
20.21,5589
20.22,5588
20.24,5587
20.25,5586
20.27,5585
20.28,5584
20.30,5583
20.31,5582
20.32,5581
20.34,5580
20.35,5579
20.37,5578
20.38,5577
20.40,5576
20.41,5575
20.43,5574
20.44,5573
20.46,5572
20.47,5571
20.48,5570
20.50,5569
20.51,5568
20.53,5567
20.54,5566
20.56,5565
20.57,5564
20.59,5563
20.60,5562
20.61,5561
20.63,5560
20.64,5559
20.66,5558
20.67,5557
20.69,5556
20.70,5555
20.72,5554
20.73,5553
20.75,5552
20.76,5551
20.78,5550
20.79,5549
20.80,5548
20.82,5547
20.83,5546
20.85,5545
20.86,5544
20.88,5543
20.89,5542
20.91,5541
20.92,5540
20.94,5539
20.95,5538
20.96,5537
20.98,5536
20.99,5535
21.01,5534
21.02,5533
21.04,5532
21.05,5531
21.06,5530
21.08,5529
21.09,5528
21.11,5527
21.12,5526
21.14,5525
21.15,5524
21.17,5523
21.18,5522
21.19,5521
21.21,5520
21.22,5519
21.24,5518
21.25,5517
21.27,5516
21.28,5515
21.30,5514
21.31,5513
21.33,5512
21.34,5511
21.35,5510
21.37,5509
21.38,5508
21.40,5507
21.41,5506
21.43,5505
21.44,5504
21.45,5503
21.47,5502
21.48,5501
21.50,5500
21.51,5499
21.53,5498
21.54,5497
21.55,5496
21.57,5495
21.58,5494
21.60,5493
21.61,5492
21.62,5491
21.64,5490
21.66,5489
21.67,5488
21.69,5487
21.70,5486
21.72,5485
21.73,5484
21.74,5483
21.76,5482
21.77,5481
21.79,5480
21.80,5479
21.82,5478
21.83,5477
21.84,5476
21.86,5475
21.87,5474
21.89,5473
21.90,5472
21.92,5471
21.93,5470
21.94,5469
21.96,5468
21.97,5467
21.99,5466
22.00,5465
22.02,5464
22.03,5463
22.05,5462
22.06,5461
22.07,5460
22.09,5459
22.10,5458
22.12,5457
22.13,5456
22.15,5455
22.16,5454
22.17,5453
22.19,5452
22.20,5451
22.22,5450
22.23,5449
22.24,5448
22.26,5447
22.27,5446
22.29,5445
22.30,5444
22.32,5443
22.33,5442
22.35,5441
22.36,5440
22.37,5439
22.39,5438
22.40,5437
22.42,5436
22.43,5435
22.45,5434
22.46,5433
22.47,5432
22.49,5431
22.50,5430
22.52,5429
22.53,5428
22.55,5427
22.56,5426
22.57,5425
22.59,5424
22.60,5423
22.62,5422
22.63,5421
22.64,5420
22.66,5419
22.67,5418
22.69,5417
22.70,5416
22.71,5415
22.73,5414
22.74,5413
22.76,5412
22.77,5411
22.79,5410
22.80,5409
22.82,5408
22.83,5407
22.84,5406
22.86,5405
22.87,5404
22.89,5403
22.90,5402
22.91,5401
22.93,5400
22.94,5399
22.96,5398
22.97,5397
22.98,5396
23.00,5395
23.01,5394
23.03,5393
23.04,5392
23.06,5391
23.07,5390
23.08,5389
23.10,5388
23.11,5387
23.13,5386
23.14,5385
23.15,5384
23.17,5383
23.18,5382
23.19,5381
23.21,5380
23.22,5379
23.24,5378
23.25,5377
23.26,5376
23.28,5375
23.29,5374
23.30,5373
23.32,5372
23.33,5371
23.34,5370
23.36,5369
23.37,5368
23.39,5367
23.40,5366
23.41,5365
23.43,5364
23.44,5363
23.45,5362
23.47,5361
23.48,5360
23.50,5359
23.51,5358
23.52,5357
23.54,5356
23.55,5355
23.56,5354
23.58,5353
23.59,5352
23.60,5351
23.62,5350
23.63,5349
23.65,5348
23.66,5347
23.67,5346
23.69,5345
23.70,5344
23.71,5343
23.73,5342
23.74,5341
23.75,5340
23.77,5339
23.78,5338
23.80,5337
23.81,5336
23.82,5335
23.84,5334
23.85,5333
23.86,5332
23.88,5331
23.89,5330
23.91,5329
23.92,5328
23.93,5327
23.95,5326
23.96,5325
23.97,5324
23.99,5323
24.00,5322
24.02,5321
24.03,5320
24.04,5319
24.06,5318
24.07,5317
24.08,5316
24.10,5315
24.11,5314
24.12,5313
24.14,5312
24.15,5311
24.17,5310
24.18,5309
24.19,5308
24.21,5307
24.22,5306
24.24,5305
24.25,5304
24.26,5303
24.28,5302
24.29,5301
24.30,5300
24.32,5299
24.33,5298
24.34,5297
24.36,5296
24.37,5295
24.38,5294
24.40,5293
24.41,5292
24.43,5291
24.44,5290
24.45,5289
24.47,5288
24.48,5287
24.49,5286
24.51,5285
24.52,5284
24.53,5283
24.55,5282
24.56,5281
24.57,5280
24.59,5279
24.60,5278
24.61,5277
24.63,5276
24.64,5275
24.65,5274
24.67,5273
24.68,5272
24.70,5271
24.71,5270
24.72,5269
24.74,5268
24.75,5267
24.76,5266
24.78,5265
24.79,5264
24.80,5263
24.82,5262
24.83,5261
24.84,5260
24.86,5259
24.87,5258
24.89,5257
24.90,5256
24.91,5255
24.93,5254
24.94,5253
24.96,5252
24.97,5251
24.98,5250
25.00,5249
25.01,5248
25.02,5247
25.04,5246
25.05,5245
25.07,5244
25.08,5243
25.09,5242
25.11,5241
25.12,5240
25.13,5239
25.15,5238
25.16,5237
25.17,5236
25.19,5235
25.20,5234
25.21,5233
25.23,5232
25.24,5231
25.25,5230
25.27,5229
25.28,5228
25.30,5227
25.31,5226
25.32,5225
25.34,5224
25.35,5223
25.36,5222
25.38,5221
25.39,5220
25.40,5219
25.42,5218
25.43,5217
25.44,5216
25.46,5215
25.47,5214
25.48,5213
25.50,5212
25.51,5211
25.52,5210
25.54,5209
25.55,5208
25.56,5207
25.58,5206
25.59,5205
25.60,5204
25.62,5203
25.63,5202
25.64,5201
25.66,5200
25.67,5199
25.68,5198
25.70,5197
25.71,5196
25.73,5195
25.74,5194
25.75,5193
25.77,5192
25.78,5191
25.79,5190
25.81,5189
25.82,5188
25.83,5187
25.85,5186
25.86,5185
25.87,5184
25.89,5183
25.90,5182
25.91,5181
25.93,5180
25.94,5179
25.96,5178
25.97,5177
25.98,5176
26.00,5175
26.01,5174
26.02,5173
26.04,5172
26.05,5171
26.06,5170
26.08,5169
26.09,5168
26.10,5167
26.12,5166
26.13,5165
26.14,5164
26.16,5163
26.17,5162
26.18,5161
26.20,5160
26.21,5159
26.22,5158
26.24,5157
26.25,5156
26.26,5155
26.28,5154
26.29,5153
26.30,5152
26.32,5151
26.33,5150
26.34,5149
26.36,5148
26.37,5147
26.38,5146
26.40,5145
26.41,5144
26.42,5143
26.44,5142
26.45,5141
26.46,5140
26.48,5139
26.49,5138
26.50,5137
26.52,5136
26.53,5135
26.54,5134
26.56,5133
26.57,5132
26.58,5131
26.59,5130
26.61,5129
26.62,5128
26.63,5127
26.65,5126
26.66,5125
26.67,5124
26.69,5123
26.70,5122
26.71,5121
26.73,5120
26.74,5119
26.75,5118
26.77,5117
26.78,5116
26.79,5115
26.81,5114
26.82,5113
26.83,5112
26.85,5111
26.86,5110
26.87,5109
26.89,5108
26.90,5107
26.91,5106
26.93,5105
26.94,5104
26.95,5103
26.97,5102
26.98,5101
26.99,5100
27.01,5099
27.02,5098
27.03,5097
27.05,5096
27.06,5095
27.07,5094
27.09,5093
27.10,5092
27.11,5091
27.13,5090
27.14,5089
27.15,5088
27.17,5087
27.18,5086
27.20,5085
27.21,5084
27.22,5083
27.24,5082
27.25,5081
27.26,5080
27.28,5079
27.29,5078
27.30,5077
27.32,5076
27.33,5075
27.34,5074
27.36,5073
27.37,5072
27.38,5071
27.40,5070
27.41,5069
27.43,5068
27.44,5067
27.45,5066
27.47,5065
27.48,5064
27.49,5063
27.51,5062
27.52,5061
27.53,5060
27.55,5059
27.56,5058
27.57,5057
27.59,5056
27.60,5055
27.61,5054
27.63,5053
27.64,5052
27.65,5051
27.67,5050
27.68,5049
27.70,5048
27.71,5047
27.72,5046
27.74,5045
27.75,5044
27.77,5043
27.78,5042
27.79,5041
27.81,5040
27.82,5039
27.83,5038
27.85,5037
27.86,5036
27.88,5035
27.89,5034
27.90,5033
27.92,5032
27.93,5031
27.94,5030
27.96,5029
27.97,5028
27.98,5027
28.00,5026
28.01,5025
28.03,5024
28.04,5023
28.05,5022
28.07,5021
28.08,5020
28.09,5019
28.11,5018
28.12,5017
28.13,5016
28.15,5015
28.16,5014
28.18,5013
28.19,5012
28.20,5011
28.22,5010
28.23,5009
28.25,5008
28.26,5007
28.27,5006
28.29,5005
28.30,5004
28.31,5003
28.33,5002
28.34,5001
28.36,5000
28.37,4999
28.38,4998
28.40,4997
28.41,4996
28.42,4995
28.44,4994
28.45,4993
28.46,4992
28.48,4991
28.49,4990
28.51,4989
28.52,4988
28.53,4987
28.55,4986
28.56,4985
28.57,4984
28.59,4983
28.60,4982
28.62,4981
28.63,4980
28.64,4979
28.66,4978
28.67,4977
28.68,4976
28.70,4975
28.71,4974
28.73,4973
28.74,4972
28.75,4971
28.77,4970
28.78,4969
28.79,4968
28.81,4967
28.82,4966
28.83,4965
28.85,4964
28.86,4963
28.87,4962
28.89,4961
28.90,4960
28.91,4959
28.93,4958
28.94,4957
28.96,4956
28.97,4955
28.98,4954
29.00,4953
29.01,4952
29.02,4951
29.04,4950
29.05,4949
29.06,4948
29.08,4947
29.09,4946
29.11,4945
29.12,4944
29.13,4943
29.15,4942
29.16,4941
29.17,4940
29.19,4939
29.20,4938
29.21,4937
29.23,4936
29.24,4935
29.25,4934
29.27,4933
29.28,4932
29.30,4931
29.31,4930
29.32,4929
29.34,4928
29.35,4927
29.36,4926
29.38,4925
29.39,4924
29.40,4923
29.42,4922
29.43,4921
29.44,4920
29.46,4919
29.47,4918
29.48,4917
29.50,4916
29.51,4915
29.53,4914
29.54,4913
29.55,4912
29.57,4911
29.58,4910
29.59,4909
29.61,4908
29.62,4907
29.63,4906
29.82,4905
29.85,4904
29.91,4903
29.95,4902
29.96,4901
30.10,4900
