1.13,6838
1.25,6837
1.28,6836
1.31,6835
1.34,6834
1.36,6833
1.38,6832
1.40,6831
1.44,6830
1.45,6829
1.47,6828
1.49,6827
1.50,6826
1.52,6825
1.54,6824
1.55,6823
1.57,6822
1.58,6821
1.60,6820
1.62,6819
1.63,6818
1.65,6817
1.66,6816
1.68,6815
1.69,6814
1.71,6813
1.73,6812
1.74,6811
1.76,6810
1.77,6809
1.79,6808
1.80,6807
1.82,6806
1.84,6805
1.85,6804
1.87,6803
1.88,6802
1.90,6801
1.91,6800
1.93,6799
1.95,6798
1.96,6797
1.98,6796
1.99,6795
2.01,6794
2.03,6793
2.04,6792
2.06,6791
2.09,6790
2.10,6789
2.12,6788
2.14,6787
2.15,6786
2.17,6785
2.19,6784
2.20,6783
2.22,6782
2.23,6781
2.25,6780
2.27,6779
2.29,6778
2.30,6777
2.32,6776
2.33,6775
2.35,6774
2.37,6773
2.38,6772
2.40,6771
2.42,6770
2.43,6769
2.45,6768
2.46,6767
2.48,6766
2.49,6765
2.51,6764
2.53,6763
2.54,6762
2.56,6761
2.57,6760
2.59,6759
2.61,6758
2.62,6757
2.64,6756
2.65,6755
2.67,6754
2.68,6753
2.70,6752
2.72,6751
2.73,6750
2.75,6749
2.76,6748
2.78,6747
2.80,6746
2.81,6745
2.83,6744
2.84,6743
2.86,6742
2.88,6741
2.90,6740
2.91,6739
2.93,6738
2.96,6737
2.97,6736
2.99,6735
3.01,6734
3.03,6733
3.05,6732
3.07,6731
3.08,6730
3.10,6729
3.12,6728
3.14,6727
3.16,6726
3.17,6725
3.19,6724
3.21,6723
3.23,6722
3.25,6721
3.27,6720
3.28,6719
3.30,6718
3.32,6717
3.34,6716
3.36,6715
3.38,6714
3.40,6713
3.41,6712
3.43,6711
3.45,6710
3.48,6709
3.50,6708
3.51,6707
3.53,6706
3.55,6705
3.56,6704
3.58,6703
3.59,6702
3.61,6701
3.63,6700
3.64,6699
3.66,6698
3.68,6697
3.69,6696
3.71,6695
3.73,6694
3.74,6693
3.76,6692
3.78,6691
3.79,6690
3.81,6689
3.83,6688
3.84,6687
3.86,6686
3.88,6685
3.89,6684
3.91,6683
3.92,6682
3.94,6681
3.96,6680
3.97,6679
3.99,6678
4.01,6677
4.02,6676
4.04,6675
4.05,6674
4.07,6673
4.09,6672
4.10,6671
4.12,6670
4.14,6669
4.15,6668
4.17,6667
4.18,6666
4.20,6665
4.22,6664
4.23,6663
4.25,6662
4.27,6661
4.28,6660
4.30,6659
4.32,6658
4.33,6657
4.35,6656
4.36,6655
4.38,6654
4.40,6653
4.41,6652
4.44,6651
4.45,6650
4.47,6649
4.49,6648
4.50,6647
4.52,6646
4.54,6645
4.55,6644
4.57,6643
4.58,6642
4.60,6641
4.62,6640
4.63,6639
4.65,6638
4.67,6637
4.68,6636
4.70,6635
4.72,6634
4.73,6633
4.75,6632
4.77,6631
4.79,6630
4.82,6629
4.83,6628
4.85,6627
4.87,6626
4.88,6625
4.90,6624
4.91,6623
4.93,6622
4.95,6621
4.97,6620
4.99,6619
5.00,6618
5.02,6617
5.03,6616
5.05,6615
5.07,6614
5.08,6613
5.10,6612
5.12,6611
5.13,6610
5.15,6609
5.16,6608
5.18,6607
5.20,6606
5.21,6605
5.26,6604
5.29,6603
5.34,6602
5.37,6601
5.39,6600
5.41,6599
5.42,6598
5.44,6597
5.45,6596
5.47,6595
5.49,6594
5.50,6593
5.52,6592
5.53,6591
5.55,6590
5.57,6589
5.58,6588
5.60,6587
5.61,6586
5.63,6585
5.65,6584
5.67,6583
5.69,6582
5.70,6581
5.72,6580
5.73,6579
5.75,6578
5.76,6577
5.79,6576
5.80,6575
5.82,6574
5.84,6573
5.85,6572
5.87,6571
5.89,6570
5.90,6569
5.92,6568
5.93,6567
5.95,6566
5.97,6565
5.98,6564
6.00,6563
6.02,6562
6.03,6561
6.05,6560
6.07,6559
6.09,6558
6.11,6557
6.12,6556
6.14,6555
6.16,6554
6.17,6553
6.19,6552
6.20,6551
6.22,6550
6.24,6549
6.25,6548
6.27,6547
6.29,6546
6.30,6545
6.32,6544
6.34,6543
6.35,6542
6.38,6541
6.40,6540
6.41,6539
6.46,6538
6.48,6537
6.49,6536
6.51,6535
6.53,6534
6.55,6533
6.56,6532
6.58,6531
6.60,6530
6.62,6529
6.64,6528
6.66,6527
6.68,6526
6.70,6525
6.71,6524
6.73,6523
6.75,6522
6.77,6521
6.78,6520
6.80,6519
6.82,6518
6.84,6517
6.86,6516
6.87,6515
6.90,6514
6.92,6513
6.93,6512
6.95,6511
6.97,6510
6.99,6509
7.01,6508
7.03,6507
7.04,6506
7.06,6505
7.08,6504
7.11,6503
7.12,6502
7.14,6501
7.16,6500
7.19,6499
7.21,6498
7.23,6497
7.25,6496
7.26,6495
7.28,6494
7.30,6493
7.32,6492
7.34,6491
7.35,6490
7.37,6489
7.39,6488
7.41,6487
7.43,6486
7.45,6485
7.47,6484
7.51,6483
7.52,6482
7.54,6481
7.56,6480
7.58,6479
7.60,6478
7.62,6477
7.64,6476
7.65,6475
7.67,6474
7.69,6473
7.71,6472
7.72,6471
7.74,6470
7.79,6469
7.81,6468
7.82,6467
7.84,6466
7.86,6465
7.87,6464
7.89,6463
7.91,6462
7.92,6461
7.94,6460
7.96,6459
7.97,6458
7.99,6457
8.00,6456
8.02,6455
8.04,6454
8.06,6453
8.07,6452
8.09,6451
8.11,6450
8.16,6449
8.17,6448
8.22,6447
8.23,6446
8.25,6445
8.27,6444
8.28,6443
8.30,6442
8.32,6441
8.40,6440
8.42,6439
8.43,6438
8.45,6437
8.47,6436
8.48,6435
8.50,6434
8.52,6433
8.53,6432
8.56,6431
8.58,6430
8.60,6429
8.62,6428
8.63,6427
8.66,6426
8.68,6425
8.69,6424
8.71,6423
8.73,6422
8.74,6421
8.76,6420
8.78,6419
8.79,6418
8.83,6417
8.86,6416
8.88,6415
8.89,6414
8.91,6413
8.92,6412
8.94,6411
8.96,6410
8.97,6409
8.99,6408
9.01,6407
9.02,6406
9.04,6405
9.05,6404
9.07,6403
9.09,6402
9.10,6401
9.12,6400
9.13,6399
9.15,6398
9.17,6397
9.18,6396
9.20,6395
9.22,6394
9.23,6393
9.25,6392
9.26,6391
9.28,6390
9.30,6389
9.31,6388
9.33,6387
9.35,6386
9.36,6385
9.38,6384
9.40,6383
9.41,6382
9.43,6381
9.45,6380
9.46,6379
9.48,6378
9.50,6377
9.51,6376
9.53,6375
9.55,6374
9.56,6373
9.58,6372
9.60,6371
9.61,6370
9.63,6369
9.65,6368
9.66,6367
9.68,6366
9.70,6365
9.71,6364
9.73,6363
9.75,6362
9.76,6361
9.78,6360
9.80,6359
9.83,6358
9.85,6357
9.87,6356
9.88,6355
9.90,6354
9.92,6353
9.94,6352
9.95,6351
9.97,6350
9.99,6349
10.00,6348
10.02,6347
10.04,6346
10.05,6345
10.07,6344
10.09,6343
10.11,6342
10.13,6341
10.15,6340
10.16,6339
10.18,6338
10.20,6337
10.22,6336
10.23,6335
10.25,6334
10.27,6333
10.28,6332
10.30,6331
10.32,6330
10.33,6329
10.35,6328
10.37,6327
10.38,6326
10.40,6325
10.42,6324
10.44,6323
10.45,6322
10.47,6321
10.49,6320
10.51,6319
10.52,6318
10.54,6317
10.56,6316
10.57,6315
10.59,6314
10.61,6313
10.62,6312
10.64,6311
10.66,6310
10.67,6309
10.69,6308
10.71,6307
10.73,6306
10.74,6305
10.76,6304
10.78,6303
10.79,6302
10.81,6301
10.83,6300
10.85,6299
10.86,6298
10.88,6297
10.90,6296
10.91,6295
10.93,6294
10.95,6293
10.96,6292
10.98,6291
11.00,6290
11.01,6289
11.03,6288
11.05,6287
11.07,6286
11.08,6285
11.10,6284
11.11,6283
11.13,6282
11.15,6281
11.16,6280
11.18,6279
11.20,6278
11.21,6277
11.23,6276
11.25,6275
11.27,6274
11.28,6273
11.30,6272
11.32,6271
11.33,6270
11.35,6269
11.37,6268
11.38,6267
11.40,6266
11.42,6265
11.43,6264
11.45,6263
11.48,6262
11.49,6261
11.51,6260
11.53,6259
11.54,6258
11.56,6257
11.58,6256
11.59,6255
11.61,6254
11.63,6253
11.64,6252
11.66,6251
11.68,6250
11.70,6249
11.71,6248
11.73,6247
11.75,6246
11.76,6245
11.78,6244
11.80,6243
11.81,6242
11.83,6241
11.85,6240
11.87,6239
11.89,6238
11.90,6237
11.92,6236
11.94,6235
11.95,6234
11.97,6233
11.99,6232
12.01,6231
12.02,6230
12.04,6229
12.06,6228
12.07,6227
12.09,6226
12.11,6225
12.12,6224
12.14,6223
12.16,6222
12.18,6221
12.20,6220
12.21,6219
12.23,6218
12.25,6217
12.26,6216
12.28,6215
12.30,6214
12.31,6213
12.33,6212
12.35,6211
12.36,6210
12.38,6209
12.40,6208
12.41,6207
12.43,6206
12.45,6205
12.46,6204
12.48,6203
12.50,6202
12.51,6201
12.53,6200
12.55,6199
12.56,6198
12.58,6197
12.60,6196
12.61,6195
12.63,6194
12.65,6193
12.66,6192
12.68,6191
12.70,6190
12.71,6189
12.73,6188
12.75,6187
12.76,6186
12.78,6185
12.80,6184
12.82,6183
12.84,6182
12.85,6181
12.87,6180
12.89,6179
12.91,6178
12.92,6177
12.94,6176
12.96,6175
12.97,6174
12.99,6173
13.01,6172
13.03,6171
13.04,6170
13.06,6169
13.07,6168
13.09,6167
13.11,6166
13.12,6165
13.14,6164
13.16,6163
13.17,6162
13.19,6161
13.21,6160
13.23,6159
13.24,6158
13.26,6157
13.28,6156
13.29,6155
13.31,6154
13.33,6153
13.35,6152
13.36,6151
13.38,6150
13.40,6149
13.41,6148
13.43,6147
13.45,6146
13.46,6145
13.48,6144
13.50,6143
13.51,6142
13.53,6141
13.55,6140
13.57,6139
13.58,6138
13.60,6137
13.62,6136
13.63,6135
13.65,6134
13.67,6133
13.69,6132
13.71,6131
13.73,6130
13.75,6129
13.77,6128
13.79,6127
13.80,6126
13.82,6125
13.84,6124
13.86,6123
13.87,6122
13.89,6121
13.91,6120
13.93,6119
13.95,6118
13.97,6117
13.98,6116
14.00,6115
14.02,6114
14.04,6113
14.05,6112
14.07,6111
14.09,6110
14.11,6109
14.13,6108
14.14,6107
14.16,6106
14.18,6105
14.20,6104
14.22,6103
14.24,6102
14.26,6101
14.28,6100
14.29,6099
14.31,6098
14.33,6097
14.35,6096
14.37,6095
14.39,6094
14.40,6093
14.42,6092
14.44,6091
14.46,6090
14.47,6089
14.49,6088
14.51,6087
14.53,6086
14.55,6085
14.56,6084
14.58,6083
14.60,6082
14.62,6081
14.64,6080
14.65,6079
14.67,6078
14.69,6077
14.71,6076
14.73,6075
14.75,6074
14.77,6073
14.79,6072
14.81,6071
14.83,6070
14.84,6069
14.86,6068
14.88,6067
14.90,6066
14.92,6065
14.93,6064
14.95,6063
14.97,6062
14.99,6061
15.01,6060
15.03,6059
15.04,6058
15.06,6057
15.08,6056
15.10,6055
15.12,6054
15.13,6053
15.15,6052
15.17,6051
15.19,6050
15.21,6049
15.22,6048
15.24,6047
15.26,6046
15.28,6045
15.30,6044
15.32,6043
15.34,6042
15.36,6041
15.38,6040
15.39,6039
15.41,6038
15.43,6037
15.45,6036
15.47,6035
15.49,6034
15.50,6033
15.52,6032
15.54,6031
15.56,6030
15.58,6029
15.59,6028
15.61,6027
15.63,6026
15.65,6025
15.67,6024
15.69,6023
15.70,6022
15.72,6021
15.74,6020
15.76,6019
15.78,6018
15.79,6017
15.81,6016
15.83,6015
15.85,6014
15.87,6013
15.88,6012
15.90,6011
15.92,6010
15.94,6009
15.96,6008
15.98,6007
15.99,6006
16.01,6005
16.03,6004
16.05,6003
16.07,6002
16.09,6001
16.11,6000
16.12,5999
16.14,5998
16.16,5997
16.18,5996
16.20,5995
16.22,5994
16.24,5993
16.25,5992
16.27,5991
16.29,5990
16.31,5989
16.32,5988
16.34,5987
16.36,5986
16.39,5985
16.41,5984
16.42,5983
16.44,5982
16.46,5981
16.48,5980
16.50,5979
16.52,5978
16.53,5977
16.55,5976
16.57,5975
16.59,5974
16.61,5973
16.62,5972
16.64,5971
16.66,5970
16.68,5969
16.71,5968
16.72,5967
16.74,5966
16.76,5965
16.78,5964
16.79,5963
16.81,5962
16.83,5961
16.85,5960
16.86,5959
16.88,5958
16.90,5957
16.91,5956
16.93,5955
16.95,5954
16.96,5953
16.98,5952
17.00,5951
17.01,5950
17.03,5949
17.05,5948
17.06,5947
17.08,5946
17.10,5945
17.11,5944
17.13,5943
17.15,5942
17.16,5941
17.18,5940
17.19,5939
17.21,5938
17.23,5937
17.24,5936
17.26,5935
17.28,5934
17.29,5933
17.31,5932
17.32,5931
17.34,5930
17.36,5929
17.37,5928
17.39,5927
17.41,5926
17.42,5925
17.44,5924
17.46,5923
17.48,5922
17.50,5921
17.51,5920
17.53,5919
17.54,5918
17.56,5917
17.58,5916
17.59,5915
17.61,5914
17.63,5913
17.64,5912
17.66,5911
17.67,5910
17.69,5909
17.71,5908
17.72,5907
17.74,5906
17.76,5905
17.77,5904
17.79,5903
17.81,5902
17.82,5901
17.84,5900
17.85,5899
17.87,5898
17.89,5897
17.90,5896
17.92,5895
17.94,5894
17.95,5893
17.97,5892
17.99,5891
18.00,5890
18.02,5889
18.03,5888
18.05,5887
18.07,5886
18.08,5885
18.10,5884
18.12,5883
18.13,5882
18.15,5881
18.17,5880
18.18,5879
18.20,5878
18.21,5877
18.23,5876
18.25,5875
18.26,5874
18.28,5873
18.30,5872
18.31,5871
18.33,5870
18.35,5869
18.37,5868
18.39,5867
18.40,5866
18.42,5865
18.44,5864
18.45,5863
18.47,5862
18.49,5861
18.51,5860
18.52,5859
18.54,5858
18.56,5857
18.57,5856
18.59,5855
18.61,5854
18.63,5853
18.64,5852
18.66,5851
18.68,5850
18.69,5849
18.71,5848
18.72,5847
18.74,5846
18.76,5845
18.78,5844
18.79,5843
18.81,5842
18.82,5841
18.84,5840
18.86,5839
18.87,5838
18.89,5837
18.91,5836
18.92,5835
18.94,5834
18.96,5833
18.97,5832
18.99,5831
19.01,5830
19.02,5829
19.04,5828
19.06,5827
19.07,5826
19.09,5825
19.11,5824
19.12,5823
19.14,5822
19.15,5821
19.17,5820
19.19,5819
19.20,5818
19.22,5817
19.24,5816
19.25,5815
19.27,5814
19.29,5813
19.31,5812
19.33,5811
19.34,5810
19.36,5809
19.38,5808
19.39,5807
19.41,5806
19.43,5805
19.44,5804
19.46,5803
19.48,5802
19.50,5801
19.51,5800
19.53,5799
19.55,5798
19.56,5797
19.58,5796
19.60,5795
19.61,5794
19.63,5793
19.65,5792
19.66,5791
19.68,5790
19.70,5789
19.72,5788
19.73,5787
19.75,5786
19.76,5785
19.78,5784
19.80,5783
19.81,5782
19.83,5781
19.85,5780
19.86,5779
19.88,5778
19.90,5777
19.91,5776
19.93,5775
19.95,5774
19.97,5773
19.98,5772
20.00,5771
20.02,5770
20.03,5769
20.05,5768
20.07,5767
20.08,5766
20.10,5765
20.12,5764
20.13,5763
20.15,5762
20.17,5761
20.18,5760
20.20,5759
20.22,5758
20.23,5757
20.25,5756
20.27,5755
20.29,5754
20.30,5753
20.32,5752
20.34,5751
20.36,5750
20.37,5749
20.39,5748
20.41,5747
20.43,5746
20.44,5745
20.46,5744
20.48,5743
20.49,5742
20.51,5741
20.53,5740
20.54,5739
20.56,5738
20.58,5737
20.60,5736
20.61,5735
20.63,5734
20.65,5733
20.66,5732
20.68,5731
20.70,5730
20.71,5729
20.73,5728
20.75,5727
20.76,5726
20.78,5725
20.80,5724
20.82,5723
20.83,5722
20.85,5721
20.87,5720
20.88,5719
20.90,5718
20.92,5717
20.94,5716
20.95,5715
20.97,5714
20.99,5713
21.00,5712
21.02,5711
21.04,5710
21.05,5709
21.07,5708
21.09,5707
21.11,5706
21.12,5705
21.14,5704
21.16,5703
21.18,5702
21.19,5701
21.21,5700
21.23,5699
21.24,5698
21.26,5697
21.28,5696
21.30,5695
21.31,5694
21.33,5693
21.35,5692
21.36,5691
21.38,5690
21.40,5689
21.42,5688
21.43,5687
21.45,5686
21.47,5685
21.48,5684
21.50,5683
21.52,5682
21.53,5681
21.55,5680
21.57,5679
21.58,5678
21.60,5677
21.62,5676
21.64,5675
21.65,5674
21.67,5673
21.69,5672
21.70,5671
21.72,5670
21.74,5669
21.76,5668
21.77,5667
21.79,5666
21.81,5665
21.82,5664
21.84,5663
21.86,5662
21.87,5661
21.89,5660
21.91,5659
21.93,5658
21.94,5657
21.96,5656
21.98,5655
21.99,5654
22.01,5653
22.03,5652
22.04,5651
22.06,5650
22.08,5649
22.09,5648
22.11,5647
22.13,5646
22.14,5645
22.16,5644
22.18,5643
22.19,5642
22.21,5641
22.23,5640
22.25,5639
22.26,5638
22.28,5637
22.30,5636
22.31,5635
22.33,5634
22.35,5633
22.37,5632
22.38,5631
22.40,5630
22.42,5629
22.43,5628
22.45,5627
22.47,5626
22.48,5625
22.50,5624
22.52,5623
22.53,5622
22.55,5621
22.57,5620
22.58,5619
22.60,5618
22.62,5617
22.63,5616
22.65,5615
22.67,5614
22.68,5613
22.70,5612
22.72,5611
22.73,5610
22.75,5609
22.77,5608
22.79,5607
22.80,5606
22.82,5605
22.84,5604
22.85,5603
22.87,5602
22.89,5601
22.90,5600
22.92,5599
22.94,5598
22.95,5597
22.97,5596
22.99,5595
23.00,5594
23.02,5593
23.04,5592
23.05,5591
23.07,5590
23.09,5589
23.11,5588
23.12,5587
23.14,5586
23.16,5585
23.17,5584
23.19,5583
23.20,5582
23.22,5581
23.24,5580
23.26,5579
23.27,5578
23.29,5577
23.31,5576
23.32,5575
23.34,5574
23.36,5573
23.37,5572
23.39,5571
23.41,5570
23.42,5569
23.44,5568
23.46,5567
23.47,5566
23.49,5565
23.51,5564
23.52,5563
23.54,5562
23.56,5561
23.57,5560
23.59,5559
23.61,5558
23.62,5557
23.64,5556
23.66,5555
23.67,5554
23.69,5553
23.71,5552
23.72,5551
23.74,5550
23.76,5549
23.77,5548
23.79,5547
23.81,5546
23.82,5545
23.84,5544
23.86,5543
23.87,5542
23.89,5541
23.91,5540
23.92,5539
23.94,5538
23.96,5537
23.97,5536
23.99,5535
24.01,5534
24.02,5533
24.04,5532
24.06,5531
24.07,5530
24.09,5529
24.11,5528
24.12,5527
24.14,5526
24.15,5525
24.17,5524
24.19,5523
24.20,5522
24.22,5521
24.24,5520
24.25,5519
24.27,5518
24.29,5517
24.30,5516
24.32,5515
24.34,5514
24.35,5513
24.37,5512
24.39,5511
24.40,5510
24.42,5509
24.44,5508
24.45,5507
24.47,5506
24.49,5505
24.50,5504
24.52,5503
24.53,5502
24.55,5501
24.57,5500
24.58,5499
24.60,5498
24.62,5497
24.63,5496
24.65,5495
24.67,5494
24.68,5493
24.70,5492
24.72,5491
24.73,5490
24.75,5489
24.77,5488
24.78,5487
24.80,5486
24.82,5485
24.83,5484
24.85,5483
24.87,5482
24.88,5481
24.90,5480
24.92,5479
24.93,5478
24.95,5477
24.97,5476
24.98,5475
25.00,5474
25.02,5473
25.03,5472
25.05,5471
25.07,5470
25.08,5469
25.10,5468
25.11,5467
25.13,5466
25.15,5465
25.16,5464
25.18,5463
25.20,5462
25.21,5461
25.23,5460
25.25,5459
25.26,5458
25.28,5457
25.29,5456
25.31,5455
25.33,5454
25.34,5453
25.36,5452
25.38,5451
25.39,5450
25.41,5449
25.43,5448
25.44,5447
25.46,5446
25.47,5445
25.49,5444
25.51,5443
25.52,5442
25.54,5441
25.56,5440
25.57,5439
25.59,5438
25.60,5437
25.62,5436
25.64,5435
25.65,5434
25.67,5433
25.69,5432
25.70,5431
25.72,5430
25.74,5429
25.75,5428
25.77,5427
25.79,5426
25.80,5425
25.82,5424
25.83,5423
25.85,5422
25.87,5421
25.88,5420
25.90,5419
25.92,5418
25.93,5417
25.95,5416
25.96,5415
25.98,5414
26.00,5413
26.01,5412
26.03,5411
26.05,5410
26.06,5409
26.08,5408
26.09,5407
26.11,5406
26.13,5405
26.14,5404
26.16,5403
26.18,5402
26.19,5401
26.21,5400
26.23,5399
26.24,5398
26.26,5397
26.27,5396
26.29,5395
26.31,5394
26.32,5393
26.34,5392
26.36,5391
26.37,5390
26.39,5389
26.41,5388
26.42,5387
26.44,5386
26.45,5385
26.47,5384
26.49,5383
26.50,5382
26.52,5381
26.54,5380
26.55,5379
26.57,5378
26.59,5377
26.60,5376
26.62,5375
26.63,5374
26.65,5373
26.67,5372
26.68,5371
26.70,5370
26.72,5369
26.73,5368
26.75,5367
26.76,5366
26.78,5365
26.80,5364
26.81,5363
26.83,5362
26.85,5361
26.86,5360
26.88,5359
26.89,5358
26.91,5357
26.93,5356
26.94,5355
26.96,5354
26.97,5353
26.99,5352
27.01,5351
27.02,5350
27.04,5349
27.05,5348
27.07,5347
27.09,5346
27.10,5345
27.12,5344
27.14,5343
27.15,5342
27.17,5341
27.18,5340
27.20,5339
27.22,5338
27.23,5337
27.25,5336
27.27,5335
27.28,5334
27.30,5333
27.31,5332
27.33,5331
27.35,5330
27.36,5329
27.38,5328
27.39,5327
27.41,5326
27.43,5325
27.44,5324
27.46,5323
27.47,5322
27.49,5321
27.51,5320
27.52,5319
27.54,5318
27.56,5317
27.57,5316
27.59,5315
27.60,5314
27.62,5313
27.64,5312
27.65,5311
27.67,5310
27.69,5309
27.70,5308
27.72,5307
27.73,5306
27.75,5305
27.77,5304
27.78,5303
27.80,5302
27.82,5301
27.83,5300
27.85,5299
27.86,5298
27.88,5297
27.90,5296
27.91,5295
27.93,5294
27.94,5293
27.96,5292
27.98,5291
27.99,5290
28.01,5289
28.02,5288
28.04,5287
28.06,5286
28.07,5285
28.09,5284
28.10,5283
28.12,5282
28.14,5281
28.15,5280
28.17,5279
28.18,5278
28.20,5277
28.22,5276
28.23,5275
28.25,5274
28.27,5273
28.28,5272
28.30,5271
28.31,5270
28.33,5269
28.35,5268
28.36,5267
28.38,5266
28.40,5265
28.41,5264
28.43,5263
28.44,5262
28.46,5261
28.48,5260
28.49,5259
28.51,5258
28.53,5257
28.54,5256
28.56,5255
28.57,5254
28.59,5253
28.61,5252
28.62,5251
28.64,5250
28.65,5249
28.67,5248
28.69,5247
28.70,5246
28.72,5245
28.73,5244
28.75,5243
28.77,5242
28.78,5241
28.80,5240
28.81,5239
28.83,5238
28.84,5237
28.86,5236
28.87,5235
28.89,5234
28.90,5233
28.92,5232
28.94,5231
28.95,5230
28.97,5229
28.98,5228
29.00,5227
29.01,5226
29.03,5225
29.04,5224
29.06,5223
29.08,5222
29.09,5221
29.11,5220
29.12,5219
29.14,5218
29.15,5217
29.17,5216
29.18,5215
29.20,5214
29.22,5213
29.23,5212
29.25,5211
29.26,5210
29.28,5209
29.30,5208
29.31,5207
29.33,5206
29.34,5205
29.36,5204
29.38,5203
29.39,5202
29.41,5201
29.43,5200
29.44,5199
29.46,5198
29.47,5197
29.49,5196
29.51,5195
29.52,5194
29.54,5193
29.55,5192
29.57,5191
29.59,5190
29.60,5189
29.62,5188
29.64,5187
29.65,5186
29.67,5185
29.68,5184
29.70,5183
29.72,5182
29.73,5181
29.75,5180
29.77,5179
29.78,5178
29.80,5177
29.81,5176
29.83,5175
29.85,5174
29.86,5173
29.88,5172
29.89,5171
29.91,5170
29.92,5169
29.94,5168
29.96,5167
29.97,5166
29.99,5165
30.01,5164
30.02,5163
30.04,5162
30.05,5161
30.07,5160
30.09,5159
30.10,5158
30.12,5157
30.13,5156
30.15,5155
30.16,5154
30.18,5153
30.20,5152
30.21,5151
30.23,5150
30.24,5149
30.26,5148
30.28,5147
30.29,5146
30.31,5145
30.32,5144
30.34,5143
30.36,5142
30.37,5141
30.39,5140
30.40,5139
30.42,5138
30.44,5137
30.45,5136
30.47,5135
30.48,5134
30.50,5133
30.51,5132
30.53,5131
30.55,5130
30.56,5129
30.58,5128
30.59,5127
30.61,5126
30.63,5125
30.64,5124
30.66,5123
30.67,5122
30.69,5121
30.70,5120
30.72,5119
30.74,5118
30.75,5117
30.77,5116
30.78,5115
30.80,5114
30.82,5113
30.83,5112
30.85,5111
30.86,5110
30.88,5109
30.90,5108
30.91,5107
30.93,5106
30.94,5105
30.96,5104
30.97,5103
30.99,5102
31.01,5101
31.02,5100
31.04,5099
31.05,5098
31.07,5097
31.09,5096
31.10,5095
31.12,5094
31.13,5093
31.15,5092
31.16,5091
31.18,5090
31.20,5089
31.21,5088
31.23,5087
31.24,5086
31.26,5085
31.28,5084
31.29,5083
31.31,5082
31.32,5081
31.34,5080
31.35,5079
31.37,5078
31.39,5077
31.40,5076
31.42,5075
31.43,5074
31.45,5073
31.46,5072
31.48,5071
31.50,5070
31.51,5069
31.53,5068
31.54,5067
31.56,5066
31.57,5065
31.59,5064
31.61,5063
31.62,5062
31.64,5061
31.65,5060
31.67,5059
31.68,5058
31.70,5057
31.72,5056
31.73,5055
31.75,5054
31.76,5053
31.78,5052
31.80,5051
31.81,5050
31.83,5049
31.84,5048
31.86,5047
31.87,5046
31.89,5045
31.91,5044
31.92,5043
31.94,5042
31.95,5041
31.97,5040
31.98,5039
32.00,5038
32.02,5037
32.03,5036
32.05,5035
32.06,5034
32.08,5033
32.10,5032
32.11,5031
32.13,5030
32.14,5029
32.16,5028
32.17,5027
32.19,5026
32.20,5025
32.22,5024
32.24,5023
32.25,5022
32.27,5021
32.28,5020
32.30,5019
32.32,5018
32.33,5017
32.35,5016
32.36,5015
32.38,5014
32.39,5013
32.41,5012
32.43,5011
32.44,5010
32.46,5009
32.47,5008
32.49,5007
32.50,5006
32.52,5005
32.54,5004
32.55,5003
32.57,5002
32.58,5001
32.60,5000
32.61,4999
32.63,4998
32.65,4997
32.66,4996
32.68,4995
32.69,4994
32.71,4993
32.72,4992
32.74,4991
32.75,4990
32.77,4989
32.78,4988
32.80,4987
32.81,4986
32.83,4985
32.85,4984
32.86,4983
32.88,4982
32.89,4981
32.91,4980
32.92,4979
32.94,4978
32.95,4977
32.97,4976
32.98,4975
33.00,4974
33.01,4973
33.03,4972
33.05,4971
33.06,4970
33.08,4969
33.09,4968
33.11,4967
33.12,4966
33.14,4965
33.15,4964
33.17,4963
33.19,4962
33.20,4961
33.22,4960
33.23,4959
33.25,4958
33.26,4957
33.28,4956
33.29,4955
33.31,4954
33.33,4953
33.34,4952
33.36,4951
33.37,4950
33.39,4949
33.40,4948
33.42,4947
33.44,4946
33.45,4945
33.47,4944
33.48,4943
33.50,4942
33.51,4941
33.53,4940
33.54,4939
33.56,4938
33.58,4937
33.59,4936
33.61,4935
33.62,4934
33.64,4933
33.65,4932
33.67,4931
33.68,4930
33.70,4929
33.72,4928
33.73,4927
33.75,4926
33.76,4925
33.78,4924
33.79,4923
33.81,4922
33.82,4921
33.84,4920
33.86,4919
33.87,4918
33.89,4917
33.90,4916
33.92,4915
33.93,4914
33.95,4913
33.96,4912
33.98,4911
33.99,4910
34.01,4909
34.03,4908
34.04,4907
34.06,4906
34.07,4905
34.09,4904
34.10,4903
34.12,4902
34.13,4901
34.15,4900
34.16,4899
34.18,4898
34.19,4897
34.21,4896
34.22,4895
34.24,4894
34.26,4893
34.27,4892
34.29,4891
34.30,4890
34.32,4889
34.33,4888
34.35,4887
34.36,4886
34.38,4885
34.39,4884
34.41,4883
34.42,4882
34.44,4881
34.45,4880
34.47,4879
34.48,4878
34.50,4877
34.52,4876
34.53,4875
34.55,4874
34.56,4873
34.58,4872
34.64,4871
34.70,4870
34.76,4869
34.83,4868
34.87,4867
35.08,4866
35.15,4865
35.32,4864
35.83,4863
