1.66,10196
1.76,10195
1.79,10194
1.81,10193
1.83,10192
1.85,10191
1.87,10190
1.88,10189
1.90,10188
1.91,10187
1.92,10186
1.94,10185
1.95,10184
1.96,10183
1.98,10182
1.99,10181
2.00,10180
2.01,10179
2.02,10178
2.03,10177
2.04,10176
2.05,10175
2.07,10174
2.08,10173
2.09,10172
2.10,10171
2.11,10170
2.13,10169
2.14,10168
2.15,10167
2.16,10166
2.18,10165
2.19,10164
2.20,10163
2.21,10162
2.22,10161
2.23,10160
2.24,10159
2.25,10158
2.26,10157
2.27,10156
2.28,10155
2.29,10154
2.30,10153
2.31,10152
2.32,10151
2.33,10150
2.34,10149
2.35,10148
2.36,10147
2.37,10146
2.38,10145
2.39,10144
2.40,10143
2.41,10142
2.42,10141
2.43,10140
2.44,10139
2.45,10138
2.46,10137
2.47,10136
2.48,10135
2.50,10134
2.51,10133
2.52,10132
2.53,10131
2.55,10130
2.56,10129
2.57,10128
2.58,10127
2.60,10126
2.61,10125
2.62,10124
2.63,10123
2.65,10122
2.66,10121
2.67,10120
2.68,10119
2.69,10118
2.71,10117
2.72,10116
2.73,10115
2.74,10114
2.76,10113
2.77,10112
2.78,10111
2.80,10110
2.82,10109
2.83,10108
2.84,10107
2.85,10106
2.86,10105
2.87,10104
2.88,10103
2.89,10102
2.90,10101
2.91,10100
2.92,10099
2.93,10098
2.95,10097
2.96,10096
2.97,10095
2.98,10094
2.99,10093
3.00,10092
3.01,10091
3.02,10090
3.03,10089
3.04,10088
3.05,10087
3.06,10086
3.07,10085
3.08,10084
3.09,10083
3.10,10082
3.11,10081
3.12,10080
3.13,10079
3.14,10078
3.15,10077
3.16,10076
3.17,10075
3.18,10074
3.19,10073
3.21,10072
3.22,10071
3.23,10070
3.24,10069
3.25,10068
3.26,10067
3.27,10066
3.28,10065
3.29,10064
3.30,10063
3.31,10062
3.32,10061
3.33,10060
3.34,10059
3.35,10058
3.36,10057
3.37,10056
3.38,10055
3.39,10054
3.40,10053
3.41,10052
3.42,10051
3.44,10050
3.45,10049
3.46,10048
3.47,10047
3.48,10046
3.49,10045
3.50,10044
3.51,10043
3.52,10042
3.53,10041
3.54,10040
3.55,10039
3.56,10038
3.57,10037
3.58,10036
3.59,10035
3.60,10034
3.61,10033
3.63,10032
3.64,10031
3.65,10030
3.66,10029
3.67,10028
3.68,10027
3.69,10026
3.70,10025
3.71,10024
3.72,10023
3.73,10022
3.74,10021
3.75,10020
3.76,10019
3.77,10018
3.78,10017
3.79,10016
3.80,10015
3.81,10014
3.82,10013
3.83,10012
3.84,10011
3.85,10010
3.87,10009
3.88,10008
3.89,10007
3.90,10006
3.91,10005
3.92,10004
3.93,10003
3.94,10002
3.95,10001
3.96,10000
3.97,9999
3.98,9998
3.99,9997
4.00,9996
4.01,9995
4.02,9994
4.03,9993
4.04,9992
4.05,9991
4.06,9990
4.07,9989
4.08,9988
4.09,9987
4.10,9986
4.12,9985
4.13,9984
4.14,9983
4.15,9982
4.17,9981
4.18,9980
4.19,9979
4.21,9978
4.22,9977
4.23,9976
4.24,9975
4.26,9974
4.27,9973
4.28,9972
4.29,9971
4.31,9970
4.32,9969
4.33,9968
4.34,9967
4.36,9966
4.37,9965
4.38,9964
4.40,9963
4.41,9962
4.42,9961
4.43,9960
4.45,9959
4.46,9958
4.47,9957
4.48,9956
4.50,9955
4.51,9954
4.52,9953
4.53,9952
4.55,9951
4.56,9950
4.57,9949
4.58,9948
4.60,9947
4.61,9946
4.62,9945
4.63,9944
4.64,9943
4.66,9942
4.67,9941
4.68,9940
4.69,9939
4.71,9938
4.72,9937
4.73,9936
4.74,9935
4.75,9934
4.77,9933
4.78,9932
4.80,9931
4.81,9930
4.82,9929
4.83,9928
4.84,9927
4.85,9926
4.86,9925
4.87,9924
4.88,9923
4.89,9922
4.90,9921
4.91,9920
4.92,9919
4.93,9918
4.94,9917
4.96,9916
4.97,9915
4.98,9914
4.99,9913
5.00,9912
5.01,9911
5.02,9910
5.03,9909
5.04,9908
5.05,9907
5.06,9906
5.07,9905
5.08,9904
5.09,9903
5.10,9902
5.11,9901
5.12,9900
5.13,9899
5.14,9898
5.15,9897
5.17,9896
5.18,9895
5.19,9894
5.20,9893
5.21,9892
5.22,9891
5.23,9890
5.24,9889
5.25,9888
5.26,9887
5.27,9886
5.28,9885
5.29,9884
5.30,9883
5.31,9882
5.32,9881
5.33,9880
5.35,9879
5.36,9878
5.37,9877
5.38,9876
5.39,9875
5.40,9874
5.41,9873
5.42,9872
5.43,9871
5.44,9870
5.45,9869
5.46,9868
5.47,9867
5.48,9866
5.49,9865
5.50,9864
5.51,9863
5.52,9862
5.53,9861
5.55,9860
5.56,9859
5.57,9858
5.58,9857
5.59,9856
5.60,9855
5.61,9854
5.62,9853
5.63,9852
5.64,9851
5.65,9850
5.66,9849
5.67,9848
5.68,9847
5.69,9846
5.70,9845
5.71,9844
5.73,9843
5.74,9842
5.75,9841
5.76,9840
5.77,9839
5.78,9838
5.79,9837
5.80,9836
5.81,9835
5.82,9834
5.83,9833
5.84,9832
5.85,9831
5.86,9830
5.87,9829
5.89,9828
5.90,9827
5.91,9826
5.92,9825
5.93,9824
5.94,9823
5.95,9822
5.96,9821
5.97,9820
5.98,9819
5.99,9818
6.00,9817
6.01,9816
6.02,9815
6.03,9814
6.05,9813
6.06,9812
6.07,9811
6.08,9810
6.09,9809
6.10,9808
6.11,9807
6.12,9806
6.13,9805
6.14,9804
6.15,9803
6.16,9802
6.17,9801
6.18,9800
6.20,9799
6.21,9798
6.22,9797
6.23,9796
6.24,9795
6.25,9794
6.26,9793
6.27,9792
6.28,9791
6.29,9790
6.30,9789
6.31,9788
6.32,9787
6.33,9786
6.34,9785
6.35,9784
6.37,9783
6.38,9782
6.39,9781
6.40,9780
6.41,9779
6.42,9778
6.43,9777
6.44,9776
6.45,9775
6.46,9774
6.47,9773
6.48,9772
6.49,9771
6.50,9770
6.51,9769
6.52,9768
6.54,9767
6.55,9766
6.56,9765
6.57,9764
6.58,9763
6.59,9762
6.60,9761
6.61,9760
6.62,9759
6.63,9758
6.64,9757
6.65,9756
6.66,9755
6.67,9754
6.68,9753
6.70,9752
6.71,9751
6.72,9750
6.73,9749
6.74,9748
6.75,9747
6.76,9746
6.77,9745
6.78,9744
6.79,9743
6.80,9742
6.81,9741
6.82,9740
6.83,9739
6.85,9738
6.86,9737
6.87,9736
6.88,9735
6.89,9734
6.90,9733
6.91,9732
6.92,9731
6.93,9730
6.94,9729
6.95,9728
6.96,9727
6.97,9726
6.98,9725
6.99,9724
7.00,9723
7.02,9722
7.03,9721
7.04,9720
7.05,9719
7.06,9718
7.07,9717
7.08,9716
7.09,9715
7.10,9714
7.11,9713
7.12,9712
7.13,9711
7.14,9710
7.15,9709
7.16,9708
7.18,9707
7.19,9706
7.20,9705
7.21,9704
7.22,9703
7.23,9702
7.24,9701
7.25,9700
7.26,9699
7.27,9698
7.28,9697
7.29,9696
7.30,9695
7.31,9694
7.33,9693
7.34,9692
7.35,9691
7.36,9690
7.37,9689
7.38,9688
7.40,9687
7.41,9686
7.42,9685
7.44,9684
7.45,9683
7.46,9682
7.48,9681
7.49,9680
7.50,9679
7.51,9678
7.53,9677
7.54,9676
7.55,9675
7.57,9674
7.58,9673
7.59,9672
7.60,9671
7.62,9670
7.63,9669
7.64,9668
7.66,9667
7.67,9666
7.68,9665
7.69,9664
7.71,9663
7.72,9662
7.73,9661
7.75,9660
7.76,9659
7.77,9658
7.78,9657
7.80,9656
7.81,9655
7.82,9654
7.84,9653
7.85,9652
7.86,9651
7.87,9650
7.89,9649
7.90,9648
7.91,9647
7.93,9646
7.94,9645
7.95,9644
7.96,9643
7.98,9642
7.99,9641
8.00,9640
8.02,9639
8.03,9638
8.04,9637
8.05,9636
8.07,9635
8.08,9634
8.09,9633
8.11,9632
8.12,9631
8.13,9630
8.14,9629
8.16,9628
8.17,9627
8.18,9626
8.20,9625
8.21,9624
8.22,9623
8.24,9622
8.25,9621
8.26,9620
8.27,9619
8.29,9618
8.30,9617
8.31,9616
8.33,9615
8.34,9614
8.35,9613
8.36,9612
8.38,9611
8.39,9610
8.40,9609
8.42,9608
8.43,9607
8.44,9606
8.45,9605
8.47,9604
8.48,9603
8.49,9602
8.51,9601
8.52,9600
8.53,9599
8.54,9598
8.56,9597
8.57,9596
8.58,9595
8.60,9594
8.61,9593
8.62,9592
8.63,9591
8.65,9590
8.66,9589
8.67,9588
8.69,9587
8.70,9586
8.71,9585
8.72,9584
8.74,9583
8.75,9582
8.76,9581
8.78,9580
8.79,9579
8.80,9578
8.81,9577
8.83,9576
8.84,9575
8.85,9574
8.86,9573
8.87,9572
8.88,9571
8.89,9570
8.90,9569
8.91,9568
8.92,9567
8.93,9566
8.94,9565
8.95,9564
8.96,9563
8.97,9562
8.98,9561
9.00,9560
9.01,9559
9.02,9558
9.03,9557
9.04,9556
9.05,9555
9.06,9554
9.07,9553
9.08,9552
9.09,9551
9.10,9550
9.11,9549
9.12,9548
9.13,9547
9.14,9546
9.15,9545
9.16,9544
9.17,9543
9.18,9542
9.19,9541
9.20,9540
9.22,9539
9.23,9538
9.24,9537
9.25,9536
9.26,9535
9.27,9534
9.28,9533
9.29,9532
9.30,9531
9.31,9530
9.32,9529
9.33,9528
9.34,9527
9.35,9526
9.36,9525
9.37,9524
9.38,9523
9.39,9522
9.40,9521
9.41,9520
9.42,9519
9.44,9518
9.45,9517
9.46,9516
9.47,9515
9.48,9514
9.49,9513
9.50,9512
9.51,9511
9.52,9510
9.53,9509
9.54,9508
9.55,9507
9.56,9506
9.57,9505
9.58,9504
9.59,9503
9.60,9502
9.61,9501
9.62,9500
9.64,9499
9.65,9498
9.66,9497
9.67,9496
9.68,9495
9.69,9494
9.70,9493
9.71,9492
9.72,9491
9.73,9490
9.74,9489
9.75,9488
9.76,9487
9.77,9486
9.79,9485
9.80,9484
9.81,9483
9.82,9482
9.83,9481
9.84,9480
9.85,9479
9.86,9478
9.87,9477
9.88,9476
9.89,9475
9.90,9474
9.91,9473
9.92,9472
9.93,9471
9.94,9470
9.95,9469
9.96,9468
9.97,9467
9.99,9466
10.00,9465
10.01,9464
10.02,9463
10.03,9462
10.04,9461
10.05,9460
10.06,9459
10.07,9458
10.08,9457
10.09,9456
10.10,9455
10.11,9454
10.12,9453
10.13,9452
10.14,9451
10.15,9450
10.16,9449
10.17,9448
10.18,9447
10.19,9446
10.21,9445
10.22,9444
10.23,9443
10.24,9442
10.25,9441
10.26,9440
10.27,9439
10.28,9438
10.29,9437
10.30,9436
10.31,9435
10.32,9434
10.33,9433
10.34,9432
10.35,9431
10.36,9430
10.37,9429
10.38,9428
10.39,9427
10.40,9426
10.41,9425
10.42,9424
10.43,9423
10.44,9422
10.46,9421
10.47,9420
10.48,9419
10.49,9418
10.50,9417
10.51,9416
10.52,9415
10.53,9414
10.54,9413
10.55,9412
10.56,9411
10.57,9410
10.58,9409
10.59,9408
10.60,9407
10.61,9406
10.62,9405
10.63,9404
10.64,9403
10.65,9402
10.66,9401
10.67,9400
10.68,9399
10.69,9398
10.70,9397
10.71,9396
10.73,9395
10.74,9394
10.75,9393
10.76,9392
10.77,9391
10.78,9390
10.79,9389
10.80,9388
10.81,9387
10.82,9386
10.83,9385
10.84,9384
10.85,9383
10.86,9382
10.87,9381
10.88,9380
10.90,9379
10.91,9378
10.92,9377
10.93,9376
10.94,9375
10.95,9374
10.96,9373
10.97,9372
10.98,9371
10.99,9370
11.00,9369
11.01,9368
11.02,9367
11.03,9366
11.04,9365
11.05,9364
11.06,9363
11.07,9362
11.08,9361
11.10,9360
11.11,9359
11.12,9358
11.13,9357
11.14,9356
11.15,9355
11.16,9354
11.17,9353
11.18,9352
11.19,9351
11.20,9350
11.21,9349
11.22,9348
11.23,9347
11.24,9346
11.25,9345
11.26,9344
11.28,9343
11.29,9342
11.30,9341
11.31,9340
11.32,9339
11.33,9338
11.34,9337
11.35,9336
11.36,9335
11.37,9334
11.38,9333
11.39,9332
11.40,9331
11.41,9330
11.42,9329
11.43,9328
11.44,9327
11.45,9326
11.46,9325
11.47,9324
11.49,9323
11.50,9322
11.51,9321
11.52,9320
11.53,9319
11.54,9318
11.55,9317
11.56,9316
11.57,9315
11.58,9314
11.59,9313
11.60,9312
11.61,9311
11.62,9310
11.63,9309
11.64,9308
11.65,9307
11.66,9306
11.67,9305
11.68,9304
11.69,9303
11.71,9302
11.72,9301
11.73,9300
11.74,9299
11.75,9298
11.76,9297
11.77,9296
11.78,9295
11.79,9294
11.80,9293
11.81,9292
11.82,9291
11.83,9290
11.84,9289
11.85,9288
11.86,9287
11.87,9286
11.88,9285
11.89,9284
11.90,9283
11.91,9282
11.92,9281
11.93,9280
11.95,9279
11.96,9278
11.97,9277
11.98,9276
11.99,9275
12.00,9274
12.01,9273
12.02,9272
12.03,9271
12.04,9270
12.05,9269
12.06,9268
12.07,9267
12.08,9266
12.09,9265
12.10,9264
12.11,9263
12.12,9262
12.13,9261
12.14,9260
12.15,9259
12.17,9258
12.18,9257
12.19,9256
12.20,9255
12.21,9254
12.22,9253
12.23,9252
12.24,9251
12.25,9250
12.26,9249
12.27,9248
12.28,9247
12.29,9246
12.30,9245
12.31,9244
12.32,9243
12.33,9242
12.34,9241
12.35,9240
12.36,9239
12.37,9238
12.38,9237
12.39,9236
12.41,9235
12.42,9234
12.43,9233
12.44,9232
12.45,9231
12.46,9230
12.47,9229
12.48,9228
12.49,9227
12.50,9226
12.51,9225
12.52,9224
12.53,9223
12.54,9222
12.55,9221
12.56,9220
12.57,9219
12.58,9218
12.59,9217
12.60,9216
12.61,9215
12.62,9214
12.63,9213
12.65,9212
12.66,9211
12.67,9210
12.68,9209
12.69,9208
12.70,9207
12.71,9206
12.72,9205
12.73,9204
12.74,9203
12.75,9202
12.76,9201
12.77,9200
12.78,9199
12.79,9198
12.80,9197
12.81,9196
12.82,9195
12.83,9194
12.84,9193
12.85,9192
12.87,9191
12.88,9190
12.89,9189
12.90,9188
12.91,9187
12.92,9186
12.93,9185
12.94,9184
12.95,9183
12.96,9182
12.97,9181
12.98,9180
12.99,9179
13.00,9178
13.01,9177
13.02,9176
13.03,9175
13.04,9174
13.05,9173
13.06,9172
13.07,9171
13.08,9170
13.09,9169
13.10,9168
13.11,9167
13.12,9166
13.13,9165
13.14,9164
13.15,9163
13.16,9162
13.17,9161
13.18,9160
13.19,9159
13.20,9158
13.21,9157
13.22,9156
13.23,9155
13.24,9154
13.25,9153
13.27,9152
13.28,9151
13.29,9150
13.30,9149
13.31,9148
13.32,9147
13.33,9146
13.34,9145
13.35,9144
13.36,9143
13.37,9142
13.38,9141
13.39,9140
13.40,9139
13.41,9138
13.42,9137
13.43,9136
13.44,9135
13.45,9134
13.46,9133
13.47,9132
13.48,9131
13.49,9130
13.50,9129
13.51,9128
13.52,9127
13.53,9126
13.54,9125
13.55,9124
13.56,9123
13.57,9122
13.58,9121
13.59,9120
13.61,9119
13.62,9118
13.63,9117
13.64,9116
13.65,9115
13.66,9114
13.67,9113
13.68,9112
13.69,9111
13.70,9110
13.71,9109
13.72,9108
13.73,9107
13.74,9106
13.75,9105
13.76,9104
13.77,9103
13.78,9102
13.79,9101
13.80,9100
13.81,9099
13.82,9098
13.83,9097
13.84,9096
13.85,9095
13.87,9094
13.88,9093
13.89,9092
13.90,9091
13.91,9090
13.92,9089
13.93,9088
13.94,9087
13.95,9086
13.96,9085
13.97,9084
13.98,9083
13.99,9082
14.00,9081
14.01,9080
14.02,9079
14.03,9078
14.04,9077
14.05,9076
14.06,9075
14.07,9074
14.08,9073
14.09,9072
14.10,9071
14.12,9070
14.13,9069
14.14,9068
14.15,9067
14.16,9066
14.17,9065
14.18,9064
14.19,9063
14.20,9062
14.21,9061
14.22,9060
14.23,9059
14.24,9058
14.25,9057
14.26,9056
14.27,9055
14.28,9054
14.29,9053
14.30,9052
14.31,9051
14.32,9050
14.33,9049
14.34,9048
14.36,9047
14.37,9046
14.38,9045
14.39,9044
14.40,9043
14.41,9042
14.42,9041
14.43,9040
14.44,9039
14.45,9038
14.46,9037
14.47,9036
14.48,9035
14.49,9034
14.50,9033
14.51,9032
14.52,9031
14.53,9030
14.54,9029
14.55,9028
14.56,9027
14.57,9026
14.59,9025
14.60,9024
14.61,9023
14.62,9022
14.63,9021
14.64,9020
14.65,9019
14.66,9018
14.67,9017
14.68,9016
14.69,9015
14.70,9014
14.71,9013
14.72,9012
14.73,9011
14.74,9010
14.75,9009
14.76,9008
14.77,9007
14.78,9006
14.79,9005
14.80,9004
14.81,9003
14.82,9002
14.84,9001
14.85,9000
14.86,8999
14.87,8998
14.88,8997
14.89,8996
14.90,8995
14.91,8994
14.92,8993
14.93,8992
14.94,8991
14.95,8990
14.96,8989
14.97,8988
14.98,8987
14.99,8986
15.00,8985
15.01,8984
15.02,8983
15.03,8982
15.04,8981
15.05,8980
15.06,8979
15.07,8978
15.08,8977
15.10,8976
15.11,8975
15.12,8974
15.13,8973
15.14,8972
15.15,8971
15.16,8970
15.17,8969
15.18,8968
15.19,8967
15.20,8966
15.21,8965
15.22,8964
15.23,8963
15.24,8962
15.25,8961
15.26,8960
15.27,8959
15.28,8958
15.29,8957
15.30,8956
15.31,8955
15.32,8954
15.33,8953
15.34,8952
15.36,8951
15.37,8950
15.38,8949
15.39,8948
15.40,8947
15.41,8946
15.42,8945
15.43,8944
15.44,8943
15.45,8942
15.46,8941
15.47,8940
15.48,8939
15.49,8938
15.50,8937
15.51,8936
15.52,8935
15.53,8934
15.54,8933
15.55,8932
15.56,8931
15.57,8930
15.58,8929
15.59,8928
15.60,8927
15.61,8926
15.62,8925
15.63,8924
15.64,8923
15.66,8922
15.67,8921
15.68,8920
15.69,8919
15.70,8918
15.71,8917
15.72,8916
15.73,8915
15.74,8914
15.75,8913
15.76,8912
15.77,8911
15.78,8910
15.79,8909
15.80,8908
15.81,8907
15.82,8906
15.83,8905
15.84,8904
15.85,8903
15.86,8902
15.87,8901
15.88,8900
15.90,8899
15.91,8898
15.92,8897
15.93,8896
15.94,8895
15.95,8894
15.96,8893
15.97,8892
15.98,8891
15.99,8890
16.00,8889
16.01,8888
16.02,8887
16.03,8886
16.04,8885
16.05,8884
16.06,8883
16.07,8882
16.08,8881
16.09,8880
16.10,8879
16.11,8878
16.12,8877
16.13,8876
16.14,8875
16.15,8874
16.17,8873
16.18,8872
16.19,8871
16.20,8870
16.21,8869
16.22,8868
16.23,8867
16.24,8866
16.25,8865
16.26,8864
16.27,8863
16.28,8862
16.29,8861
16.30,8860
16.31,8859
16.32,8858
16.33,8857
16.34,8856
16.35,8855
16.36,8854
16.37,8853
16.38,8852
16.39,8851
16.40,8850
16.41,8849
16.42,8848
16.43,8847
16.44,8846
16.45,8845
16.46,8844
16.48,8843
16.49,8842
16.50,8841
16.51,8840
16.52,8839
16.53,8838
16.54,8837
16.55,8836
16.56,8835
16.57,8834
16.58,8833
16.59,8832
16.60,8831
16.61,8830
16.62,8829
16.63,8828
16.64,8827
16.65,8826
16.66,8825
16.67,8824
16.68,8823
16.69,8822
16.70,8821
16.71,8820
16.72,8819
16.73,8818
16.74,8817
16.76,8816
16.77,8815
16.78,8814
16.79,8813
16.80,8812
16.81,8811
16.82,8810
16.83,8809
16.84,8808
16.85,8807
16.86,8806
16.87,8805
16.88,8804
16.89,8803
16.90,8802
16.91,8801
16.92,8800
16.93,8799
16.94,8798
16.95,8797
16.96,8796
16.97,8795
16.98,8794
16.99,8793
17.01,8792
17.02,8791
17.03,8790
17.04,8789
17.05,8788
17.06,8787
17.07,8786
17.08,8785
17.09,8784
17.10,8783
17.11,8782
17.12,8781
17.13,8780
17.14,8779
17.15,8778
17.16,8777
17.17,8776
17.18,8775
17.19,8774
17.20,8773
17.21,8772
17.22,8771
17.23,8770
17.24,8769
17.25,8768
17.26,8767
17.28,8766
17.29,8765
17.30,8764
17.31,8763
17.32,8762
17.33,8761
17.34,8760
17.35,8759
17.36,8758
17.37,8757
17.38,8756
17.39,8755
17.40,8754
17.41,8753
17.42,8752
17.43,8751
17.44,8750
17.45,8749
17.46,8748
17.47,8747
17.48,8746
17.49,8745
17.50,8744
17.51,8743
17.52,8742
17.53,8741
17.54,8740
17.55,8739
17.56,8738
17.57,8737
17.58,8736
17.59,8735
17.61,8734
17.62,8733
17.63,8732
17.64,8731
17.65,8730
17.66,8729
17.67,8728
17.68,8727
17.69,8726
17.70,8725
17.71,8724
17.72,8723
17.73,8722
17.74,8721
17.75,8720
17.76,8719
17.77,8718
17.78,8717
17.79,8716
17.80,8715
17.81,8714
17.82,8713
17.83,8712
17.84,8711
17.86,8710
17.87,8709
17.88,8708
17.89,8707
17.90,8706
17.91,8705
17.92,8704
17.93,8703
17.94,8702
17.95,8701
17.96,8700
17.97,8699
17.98,8698
17.99,8697
18.00,8696
18.01,8695
18.02,8694
18.03,8693
18.04,8692
18.05,8691
18.06,8690
18.07,8689
18.08,8688
18.09,8687
18.10,8686
18.11,8685
18.12,8684
18.13,8683
18.14,8682
18.15,8681
18.16,8680
18.17,8679
18.18,8678
18.20,8677
18.21,8676
18.22,8675
18.23,8674
18.24,8673
18.25,8672
18.26,8671
18.27,8670
18.28,8669
18.29,8668
18.30,8667
18.31,8666
18.32,8665
18.33,8664
18.34,8663
18.35,8662
18.36,8661
18.37,8660
18.38,8659
18.39,8658
18.40,8657
18.41,8656
18.42,8655
18.43,8654
18.44,8653
18.45,8652
18.46,8651
18.47,8650
18.48,8649
18.49,8648
18.50,8647
18.51,8646
18.52,8645
18.53,8644
18.54,8643
18.56,8642
18.57,8641
18.58,8640
18.59,8639
18.60,8638
18.61,8637
18.62,8636
18.63,8635
18.64,8634
18.65,8633
18.66,8632
18.67,8631
18.68,8630
18.69,8629
18.70,8628
18.71,8627
18.72,8626
18.73,8625
18.74,8624
18.75,8623
18.76,8622
18.77,8621
18.78,8620
18.79,8619
18.80,8618
18.81,8617
18.82,8616
18.83,8615
18.84,8614
18.85,8613
18.86,8612
18.87,8611
18.89,8610
18.90,8609
18.91,8608
18.92,8607
18.93,8606
18.94,8605
18.95,8604
18.96,8603
18.97,8602
18.98,8601
18.99,8600
19.00,8599
19.01,8598
19.02,8597
19.03,8596
19.04,8595
19.05,8594
19.06,8593
19.07,8592
19.08,8591
19.09,8590
19.10,8589
19.11,8588
19.12,8587
19.13,8586
19.14,8585
19.15,8584
19.16,8583
19.17,8582
19.18,8581
19.19,8580
19.20,8579
19.21,8578
19.22,8577
19.23,8576
19.24,8575
19.25,8574
19.26,8573
19.27,8572
19.28,8571
19.29,8570
19.30,8569
19.31,8568
19.32,8567
19.33,8566
19.34,8565
19.36,8564
19.37,8563
19.38,8562
19.39,8561
19.40,8560
19.41,8559
19.42,8558
19.43,8557
19.44,8556
19.45,8555
19.46,8554
19.47,8553
19.48,8552
19.49,8551
19.50,8550
19.51,8549
19.52,8548
19.53,8547
19.54,8546
19.55,8545
19.56,8544
19.57,8543
19.58,8542
19.59,8541
19.60,8540
19.61,8539
19.62,8538
19.63,8537
19.64,8536
19.65,8535
19.66,8534
19.67,8533
19.68,8532
19.69,8531
19.70,8530
19.71,8529
19.72,8528
19.73,8527
19.75,8526
19.76,8525
19.77,8524
19.78,8523
19.79,8522
19.80,8521
19.81,8520
19.82,8519
19.83,8518
19.84,8517
19.85,8516
19.86,8515
19.87,8514
19.88,8513
19.89,8512
19.90,8511
19.91,8510
19.92,8509
19.93,8508
19.94,8507
19.95,8506
19.96,8505
19.97,8504
19.98,8503
19.99,8502
20.00,8501
20.01,8500
20.02,8499
20.03,8498
20.04,8497
20.05,8496
20.06,8495
20.07,8494
20.08,8493
20.09,8492
20.10,8491
20.11,8490
20.12,8489
20.13,8488
20.14,8487
20.16,8486
20.17,8485
20.18,8484
20.19,8483
20.20,8482
20.21,8481
20.22,8480
20.23,8479
20.24,8478
20.25,8477
20.26,8476
20.27,8475
20.28,8474
20.29,8473
20.30,8472
20.31,8471
20.32,8470
20.33,8469
20.34,8468
20.35,8467
20.36,8466
20.37,8465
20.38,8464
20.39,8463
20.40,8462
20.41,8461
20.42,8460
20.43,8459
20.44,8458
20.45,8457
20.46,8456
20.47,8455
20.48,8454
20.49,8453
20.50,8452
20.51,8451
20.52,8450
20.53,8449
20.54,8448
20.55,8447
20.56,8446
20.58,8445
20.59,8444
20.60,8443
20.61,8442
20.62,8441
20.63,8440
20.64,8439
20.65,8438
20.66,8437
20.67,8436
20.68,8435
20.69,8434
20.70,8433
20.71,8432
20.72,8431
20.73,8430
20.74,8429
20.75,8428
20.76,8427
20.77,8426
20.78,8425
20.79,8424
20.80,8423
20.81,8422
20.82,8421
20.83,8420
20.84,8419
20.85,8418
20.86,8417
20.87,8416
20.88,8415
20.89,8414
20.90,8413
20.91,8412
20.92,8411
20.93,8410
20.94,8409
20.95,8408
20.96,8407
20.97,8406
20.98,8405
20.99,8404
21.00,8403
21.01,8402
21.03,8401
21.04,8400
21.05,8399
21.06,8398
21.07,8397
21.08,8396
21.09,8395
21.10,8394
21.11,8393
21.12,8392
21.13,8391
21.14,8390
21.15,8389
21.16,8388
21.17,8387
21.18,8386
21.19,8385
21.20,8384
21.21,8383
21.22,8382
21.23,8381
21.24,8380
21.25,8379
21.26,8378
21.27,8377
21.28,8376
21.29,8375
21.30,8374
21.31,8373
21.32,8372
21.33,8371
21.34,8370
21.35,8369
21.36,8368
21.37,8367
21.38,8366
21.39,8365
21.40,8364
21.41,8363
21.42,8362
21.43,8361
21.44,8360
21.45,8359
21.46,8358
21.47,8357
21.48,8356
21.49,8355
21.50,8354
21.51,8353
21.52,8352
21.53,8351
21.54,8350
21.55,8349
21.56,8348
21.57,8347
21.58,8346
21.59,8345
21.60,8344
21.61,8343
21.62,8342
21.63,8341
21.64,8340
21.65,8339
21.66,8338
21.67,8337
21.68,8336
21.70,8335
21.71,8334
21.72,8333
21.73,8332
21.74,8331
21.75,8330
21.76,8329
21.77,8328
21.78,8327
21.79,8326
21.80,8325
21.81,8324
21.82,8323
21.83,8322
21.84,8321
21.85,8320
21.86,8319
21.87,8318
21.88,8317
21.89,8316
21.90,8315
21.91,8314
21.92,8313
21.93,8312
21.94,8311
21.95,8310
21.96,8309
21.97,8308
21.98,8307
21.99,8306
22.00,8305
22.01,8304
22.02,8303
22.03,8302
22.04,8301
22.05,8300
22.06,8299
22.07,8298
22.08,8297
22.09,8296
22.10,8295
22.11,8294
22.12,8293
22.13,8292
22.14,8291
22.15,8290
22.16,8289
22.17,8288
22.18,8287
22.19,8286
22.20,8285
22.22,8284
22.23,8283
22.24,8282
22.25,8281
22.26,8280
22.27,8279
22.28,8278
22.29,8277
22.30,8276
22.31,8275
22.32,8274
22.33,8273
22.34,8272
22.35,8271
22.36,8270
22.37,8269
22.38,8268
22.39,8267
22.40,8266
22.41,8265
22.42,8264
22.43,8263
22.44,8262
22.45,8261
22.46,8260
22.47,8259
22.48,8258
22.49,8257
22.50,8256
22.51,8255
22.52,8254
22.53,8253
22.54,8252
22.55,8251
22.56,8250
22.57,8249
22.58,8248
22.59,8247
22.60,8246
22.61,8245
22.62,8244
22.63,8243
22.64,8242
22.65,8241
22.66,8240
22.67,8239
22.68,8238
22.69,8237
22.70,8236
22.71,8235
22.72,8234
22.73,8233
22.74,8232
22.75,8231
22.76,8230
22.77,8229
22.78,8228
22.79,8227
22.80,8226
22.81,8225
22.82,8224
22.83,8223
22.84,8222
22.85,8221
22.86,8220
22.87,8219
22.88,8218
22.90,8217
22.91,8216
22.92,8215
22.93,8214
22.94,8213
22.95,8212
22.96,8211
22.97,8210
22.98,8209
22.99,8208
23.00,8207
23.01,8206
23.02,8205
23.03,8204
23.04,8203
23.05,8202
23.06,8201
23.07,8200
23.08,8199
23.09,8198
23.10,8197
23.11,8196
23.12,8195
23.13,8194
23.14,8193
23.15,8192
23.16,8191
23.17,8190
23.18,8189
23.19,8188
23.20,8187
23.21,8186
23.22,8185
23.23,8184
23.24,8183
23.25,8182
23.26,8181
23.27,8180
23.28,8179
23.29,8178
23.30,8177
23.31,8176
23.32,8175
23.33,8174
23.34,8173
23.35,8172
23.36,8171
23.37,8170
23.38,8169
23.40,8168
23.41,8167
23.42,8166
23.43,8165
23.44,8164
23.45,8163
23.46,8162
23.47,8161
23.48,8160
23.49,8159
23.50,8158
23.51,8157
23.52,8156
23.53,8155
23.54,8154
23.55,8153
23.56,8152
23.57,8151
23.58,8150
23.59,8149
23.60,8148
23.61,8147
23.62,8146
23.63,8145
23.64,8144
23.65,8143
23.67,8142
23.68,8141
23.69,8140
23.70,8139
23.71,8138
23.72,8137
23.73,8136
23.74,8135
23.75,8134
23.76,8133
23.77,8132
23.78,8131
23.79,8130
23.80,8129
23.81,8128
23.82,8127
23.83,8126
23.84,8125
23.85,8124
23.86,8123
23.87,8122
23.88,8121
23.89,8120
23.90,8119
23.91,8118
23.92,8117
23.93,8116
23.94,8115
23.95,8114
23.96,8113
23.97,8112
23.98,8111
23.99,8110
24.00,8109
24.01,8108
24.02,8107
24.03,8106
24.04,8105
24.05,8104
24.06,8103
24.07,8102
24.08,8101
24.09,8100
24.10,8099
24.11,8098
24.12,8097
24.13,8096
24.14,8095
24.15,8094
24.17,8093
24.17,8092
24.19,8091
24.20,8090
24.21,8089
24.22,8088
24.23,8087
24.24,8086
24.25,8085
24.26,8084
24.27,8083
24.28,8082
24.29,8081
24.30,8080
24.31,8079
24.32,8078
24.33,8077
24.34,8076
24.35,8075
24.36,8074
24.37,8073
24.38,8072
24.39,8071
24.40,8070
24.41,8069
24.42,8068
24.43,8067
24.44,8066
24.45,8065
24.46,8064
24.47,8063
24.48,8062
24.49,8061
24.50,8060
24.51,8059
24.52,8058
24.53,8057
24.54,8056
24.55,8055
24.56,8054
24.57,8053
24.58,8052
24.59,8051
24.60,8050
24.61,8049
24.63,8048
24.64,8047
24.65,8046
24.66,8045
24.67,8044
24.68,8043
24.69,8042
24.70,8041
24.71,8040
24.72,8039
24.73,8038
24.74,8037
24.75,8036
24.76,8035
24.77,8034
24.78,8033
24.79,8032
24.80,8031
24.81,8030
24.82,8029
24.83,8028
24.84,8027
24.85,8026
24.86,8025
24.87,8024
24.88,8023
24.89,8022
24.90,8021
24.91,8020
24.92,8019
24.93,8018
24.94,8017
24.95,8016
24.96,8015
24.97,8014
24.98,8013
24.99,8012
25.00,8011
25.01,8010
25.02,8009
25.03,8008
25.04,8007
25.05,8006
25.06,8005
25.07,8004
25.08,8003
25.09,8002
25.10,8001
25.11,8000
25.12,7999
25.13,7998
25.14,7997
25.15,7996
25.16,7995
25.17,7994
25.18,7993
25.19,7992
25.20,7991
25.21,7990
25.22,7989
25.23,7988
25.24,7987
25.25,7986
25.26,7985
25.27,7984
25.28,7983
25.29,7982
25.30,7981
25.31,7980
25.32,7979
25.33,7978
25.34,7977
25.35,7976
25.36,7975
25.37,7974
25.38,7973
25.39,7972
25.40,7971
25.41,7970
25.42,7969
25.43,7968
25.44,7967
25.45,7966
25.46,7965
25.47,7964
25.48,7963
25.49,7962
25.49,7961
25.50,7960
25.52,7959
25.53,7958
25.54,7957
25.55,7956
25.56,7955
25.57,7954
25.58,7953
25.59,7952
25.60,7951
25.61,7950
25.62,7949
25.63,7948
25.64,7947
25.65,7946
25.66,7945
25.67,7944
25.68,7943
25.69,7942
25.70,7941
25.72,7940
25.73,7939
25.74,7938
25.75,7937
25.76,7936
25.77,7935
25.78,7934
25.79,7933
25.80,7932
25.81,7931
25.82,7930
25.83,7929
25.84,7928
25.85,7927
25.86,7926
25.87,7925
25.88,7924
25.89,7923
25.90,7922
25.91,7921
25.92,7920
25.93,7919
25.94,7918
25.95,7917
25.96,7916
25.97,7915
25.98,7914
25.99,7913
26.00,7912
26.01,7911
26.02,7910
26.03,7909
26.04,7908
26.05,7907
26.07,7906
26.08,7905
26.09,7904
26.10,7903
26.11,7902
26.12,7901
26.13,7900
26.14,7899
26.15,7898
26.16,7897
26.17,7896
26.18,7895
26.19,7894
26.20,7893
26.21,7892
26.22,7891
26.23,7890
26.24,7889
26.25,7888
26.26,7887
26.27,7886
26.28,7885
26.29,7884
26.30,7883
26.31,7882
26.32,7881
26.33,7880
26.34,7879
26.35,7878
26.36,7877
26.37,7876
26.38,7875
26.39,7874
26.40,7873
26.41,7872
26.42,7871
26.43,7870
26.44,7869
26.45,7868
26.46,7867
26.48,7866
26.49,7865
26.50,7864
26.51,7863
26.52,7862
26.53,7861
26.54,7860
26.55,7859
26.56,7858
26.57,7857
26.58,7856
26.59,7855
26.60,7854
26.61,7853
26.62,7852
26.63,7851
26.64,7850
26.65,7849
26.66,7848
26.67,7847
26.68,7846
26.69,7845
26.70,7844
26.71,7843
26.72,7842
26.73,7841
26.74,7840
26.75,7839
26.76,7838
26.77,7837
26.78,7836
26.79,7835
26.80,7834
26.81,7833
26.82,7832
26.83,7831
26.84,7830
26.85,7829
26.86,7828
26.87,7827
26.88,7826
26.89,7825
26.90,7824
26.91,7823
26.92,7822
26.93,7821
26.94,7820
26.95,7819
26.96,7818
26.97,7817
26.98,7816
26.99,7815
27.00,7814
27.01,7813
27.02,7812
27.03,7811
27.04,7810
27.06,7809
27.06,7808
27.08,7807
27.09,7806
27.10,7805
27.11,7804
27.12,7803
27.13,7802
27.14,7801
27.15,7800
27.16,7799
27.17,7798
27.18,7797
27.19,7796
27.20,7795
27.21,7794
27.22,7793
27.23,7792
27.24,7791
27.25,7790
27.26,7789
27.27,7788
27.28,7787
27.29,7786
27.30,7785
27.31,7784
27.32,7783
27.33,7782
27.34,7781
27.35,7780
27.36,7779
27.37,7778
27.38,7777
27.39,7776
27.41,7775
27.42,7774
27.43,7773
27.44,7772
27.45,7771
27.46,7770
27.47,7769
27.48,7768
27.49,7767
27.50,7766
27.51,7765
27.52,7764
27.53,7763
27.54,7762
27.55,7761
27.56,7760
27.57,7759
27.58,7758
27.59,7757
27.60,7756
27.61,7755
27.62,7754
27.63,7753
27.64,7752
27.65,7751
27.66,7750
27.67,7749
27.68,7748
27.69,7747
27.70,7746
27.71,7745
27.72,7744
27.73,7743
27.74,7742
27.75,7741
27.76,7740
27.77,7739
27.78,7738
27.79,7737
27.80,7736
27.81,7735
27.82,7734
27.83,7733
27.84,7732
27.85,7731
27.86,7730
27.88,7729
27.89,7728
27.90,7727
27.91,7726
27.92,7725
27.93,7724
27.94,7723
27.95,7722
27.96,7721
27.97,7720
27.98,7719
27.99,7718
28.00,7717
28.01,7716
28.02,7715
28.03,7714
28.04,7713
28.05,7712
28.06,7711
28.07,7710
28.08,7709
28.09,7708
28.10,7707
28.11,7706
28.12,7705
28.13,7704
28.14,7703
28.15,7702
28.16,7701
28.17,7700
28.18,7699
28.19,7698
28.20,7697
28.21,7696
28.22,7695
28.23,7694
28.24,7693
28.25,7692
28.26,7691
28.27,7690
28.28,7689
28.30,7688
28.31,7687
28.32,7686
28.33,7685
28.34,7684
28.35,7683
28.36,7682
28.37,7681
28.38,7680
28.39,7679
28.40,7678
28.41,7677
28.42,7676
28.43,7675
28.44,7674
28.45,7673
28.46,7672
28.47,7671
28.48,7670
28.49,7669
28.50,7668
28.51,7667
28.52,7666
28.53,7665
28.54,7664
28.55,7663
28.56,7662
28.57,7661
28.58,7660
28.59,7659
28.60,7658
28.61,7657
28.62,7656
28.63,7655
28.64,7654
28.65,7653
28.66,7652
28.67,7651
28.68,7650
28.69,7649
28.70,7648
28.71,7647
28.72,7646
28.73,7645
28.74,7644
28.75,7643
28.76,7642
28.77,7641
28.78,7640
28.79,7639
28.80,7638
28.81,7637
28.82,7636
28.83,7635
28.84,7634
28.85,7633
28.86,7632
28.87,7631
28.88,7630
28.89,7629
28.90,7628
28.91,7627
28.92,7626
28.93,7625
28.94,7624
28.95,7623
28.96,7622
28.97,7621
28.98,7620
28.99,7619
29.00,7618
29.01,7617
29.02,7616
29.03,7615
29.04,7614
29.05,7613
29.07,7612
29.08,7611
29.09,7610
29.10,7609
29.11,7608
29.12,7607
29.13,7606
29.14,7605
29.15,7604
29.16,7603
29.17,7602
29.18,7601
29.19,7600
29.20,7599
29.21,7598
29.22,7597
29.23,7596
29.24,7595
29.25,7594
29.26,7593
29.27,7592
29.28,7591
29.29,7590
29.30,7589
29.31,7588
29.32,7587
29.33,7586
29.34,7585
29.35,7584
29.36,7583
29.37,7582
29.38,7581
29.39,7580
29.40,7579
29.41,7578
29.42,7577
29.43,7576
29.44,7575
29.45,7574
29.46,7573
29.47,7572
29.48,7571
29.49,7570
29.50,7569
29.51,7568
29.52,7567
29.53,7566
29.54,7565
29.55,7564
29.56,7563
29.57,7562
29.58,7561
29.59,7560
29.60,7559
29.61,7558
29.62,7557
29.63,7556
29.64,7555
29.65,7554
29.66,7553
29.67,7552
29.68,7551
29.70,7550
29.71,7549
29.72,7548
29.73,7547
29.74,7546
29.75,7545
29.76,7544
29.77,7543
29.78,7542
29.79,7541
29.80,7540
29.81,7539
29.82,7538
29.83,7537
29.84,7536
29.85,7535
29.86,7534
29.87,7533
29.88,7532
29.89,7531
29.90,7530
29.91,7529
29.92,7528
29.93,7527
29.94,7526
29.95,7525
29.96,7524
29.97,7523
29.98,7522
29.99,7521
30.00,7520
30.01,7519
30.02,7518
30.03,7517
30.04,7516
30.05,7515
30.06,7514
30.07,7513
30.08,7512
30.09,7511
30.10,7510
30.11,7509
30.12,7508
30.13,7507
30.15,7506
30.16,7505
30.17,7504
30.18,7503
30.19,7502
30.20,7501
30.21,7500
30.22,7499
30.23,7498
30.24,7497
30.25,7496
30.26,7495
30.27,7494
30.28,7493
30.29,7492
30.30,7491
30.31,7490
30.32,7489
30.33,7488
30.34,7487
30.35,7486
30.36,7485
30.37,7484
30.38,7483
30.39,7482
30.40,7481
30.41,7480
30.42,7479
30.43,7478
30.44,7477
30.45,7476
30.46,7475
30.47,7474
30.48,7473
30.49,7472
30.50,7471
30.51,7470
30.52,7469
30.53,7468
30.54,7467
30.55,7466
30.56,7465
30.57,7464
30.58,7463
30.59,7462
30.60,7461
30.61,7460
30.62,7459
30.63,7458
30.64,7457
30.65,7456
30.66,7455
30.67,7454
30.68,7453
30.69,7452
30.70,7451
30.71,7450
30.72,7449
30.73,7448
30.74,7447
30.75,7446
30.76,7445
30.77,7444
30.78,7443
30.79,7442
30.80,7441
30.81,7440
30.82,7439
30.83,7438
30.84,7437
30.85,7436
30.86,7435
30.87,7434
30.88,7433
30.89,7432
30.90,7431
30.91,7430
30.92,7429
30.93,7428
30.94,7427
30.95,7426
30.96,7425
30.97,7424
30.98,7423
30.99,7422
31.00,7421
31.01,7420
31.02,7419
31.03,7418
31.04,7417
31.05,7416
31.06,7415
31.07,7414
31.08,7413
31.09,7412
31.10,7411
31.11,7410
31.12,7409
31.13,7408
31.14,7407
31.15,7406
31.16,7405
31.17,7404
31.18,7403
31.19,7402
31.20,7401
31.21,7400
31.22,7399
31.23,7398
31.24,7397
31.25,7396
31.26,7395
31.27,7394
31.28,7393
31.29,7392
31.30,7391
31.31,7390
31.32,7389
31.33,7388
31.34,7387
31.35,7386
31.36,7385
31.37,7384
31.38,7383
31.39,7382
31.40,7381
31.41,7380
31.42,7379
31.43,7378
31.44,7377
31.45,7376
31.46,7375
31.47,7374
31.48,7373
31.49,7372
31.50,7371
31.51,7370
31.52,7369
31.53,7368
31.54,7367
31.55,7366
31.57,7365
31.58,7364
31.59,7363
31.60,7362
31.61,7361
31.62,7360
31.63,7359
31.64,7358
31.65,7357
31.66,7356
31.67,7355
31.68,7354
31.69,7353
31.70,7352
31.71,7351
31.72,7350
31.73,7349
31.74,7348
31.75,7347
31.76,7346
31.77,7345
31.78,7344
31.79,7343
31.80,7342
31.81,7341
31.82,7340
31.83,7339
31.84,7338
31.85,7337
31.86,7336
31.87,7335
31.88,7334
31.89,7333
31.90,7332
31.91,7331
31.92,7330
31.93,7329
31.94,7328
31.95,7327
31.96,7326
31.97,7325
31.98,7324
31.99,7323
32.00,7322
32.01,7321
32.02,7320
32.03,7319
32.04,7318
32.05,7317
32.06,7316
32.07,7315
32.08,7314
32.09,7313
32.10,7312
32.11,7311
32.12,7310
32.13,7309
32.14,7308
32.15,7307
32.16,7306
32.17,7305
32.18,7304
32.19,7303
32.20,7302
32.21,7301
32.22,7300
32.23,7299
32.24,7298
32.25,7297
32.26,7296
32.27,7295
32.28,7294
32.29,7293
32.30,7292
32.31,7291
32.32,7290
32.33,7289
32.34,7288
32.35,7287
32.36,7286
32.37,7285
32.38,7284
32.39,7283
32.40,7282
32.41,7281
32.43,7280
32.44,7279
32.45,7278
32.46,7277
32.47,7276
32.48,7275
32.49,7274
32.50,7273
32.51,7272
32.52,7271
32.53,7270
32.54,7269
32.55,7268
32.56,7267
32.57,7266
32.58,7265
32.59,7264
32.60,7263
32.61,7262
32.62,7261
32.63,7260
32.64,7259
32.65,7258
32.66,7257
32.67,7256
32.68,7255
32.69,7254
32.70,7253
32.71,7252
32.72,7251
32.73,7250
32.74,7249
32.75,7248
32.76,7247
32.77,7246
32.78,7245
32.79,7244
32.80,7243
32.81,7242
32.82,7241
32.83,7240
32.84,7239
32.85,7238
32.86,7237
32.87,7236
32.88,7235
32.89,7234
32.90,7233
32.91,7232
32.92,7231
32.93,7230
32.94,7229
32.95,7228
32.96,7227
32.97,7226
32.98,7225
32.98,7224
32.99,7223
33.00,7222
33.01,7221
33.02,7220
33.03,7219
33.04,7218
33.05,7217
33.06,7216
33.07,7215
33.08,7214
33.09,7213
33.10,7212
33.11,7211
33.12,7210
33.13,7209
33.14,7208
33.15,7207
33.16,7206
33.17,7205
33.18,7204
33.19,7203
33.20,7202
33.21,7201
33.22,7200
33.23,7199
33.24,7198
33.25,7197
33.26,7196
33.27,7195
33.28,7194
33.29,7193
33.30,7192
33.31,7191
33.32,7190
33.33,7189
33.34,7188
33.35,7187
33.36,7186
33.37,7185
33.38,7184
33.39,7183
33.40,7182
33.41,7181
33.42,7180
33.44,7179
33.45,7178
33.46,7177
33.47,7176
33.48,7175
33.49,7174
33.50,7173
33.51,7172
33.52,7171
33.53,7170
33.54,7169
33.55,7168
33.56,7167
33.57,7166
33.58,7165
33.59,7164
33.60,7163
33.61,7162
33.62,7161
33.63,7160
33.64,7159
33.65,7158
33.66,7157
33.67,7156
33.68,7155
33.69,7154
33.70,7153
33.71,7152
33.72,7151
33.73,7150
33.74,7149
33.75,7148
33.76,7147
33.77,7146
33.78,7145
33.79,7144
33.80,7143
33.81,7142
33.82,7141
33.83,7140
33.84,7139
33.85,7138
33.86,7137
33.87,7136
33.88,7135
33.89,7134
33.90,7133
33.91,7132
33.92,7131
33.93,7130
33.94,7129
33.95,7128
33.96,7127
33.97,7126
33.98,7125
33.99,7124
34.00,7123
34.01,7122
34.02,7121
34.03,7120
34.04,7119
34.05,7118
34.06,7117
34.07,7116
34.08,7115
34.09,7114
34.10,7113
34.11,7112
34.12,7111
34.13,7110
34.14,7109
34.15,7108
34.16,7107
34.17,7106
34.18,7105
34.19,7104
34.20,7103
34.21,7102
34.22,7101
34.24,7100
34.25,7099
34.26,7098
34.27,7097
34.28,7096
34.29,7095
34.30,7094
34.31,7093
34.33,7092
34.34,7091
34.35,7090
34.36,7089
34.37,7088
34.38,7087
34.38,7086
34.39,7085
34.40,7084
34.41,7083
34.42,7082
34.44,7081
34.45,7080
34.46,7079
34.47,7078
34.49,7077
34.50,7076
34.51,7075
34.52,7074
34.53,7073
34.54,7072
34.55,7071
34.56,7070
34.57,7069
34.58,7068
34.59,7067
34.60,7066
34.61,7065
34.62,7064
34.63,7063
34.65,7062
34.66,7061
34.67,7060
34.67,7059
34.69,7058
34.71,7057
34.71,7056
34.73,7055
34.74,7054
34.75,7053
34.78,7052
34.80,7051
34.81,7050
34.91,7049
34.92,7048
