1.14,6804
1.25,6803
1.28,6802
1.30,6801
1.33,6800
1.35,6799
1.37,6798
1.38,6797
1.40,6796
1.43,6795
1.44,6794
1.46,6793
1.47,6792
1.48,6791
1.50,6790
1.51,6789
1.52,6788
1.53,6787
1.55,6786
1.56,6785
1.57,6784
1.59,6783
1.60,6782
1.61,6781
1.62,6780
1.64,6779
1.65,6778
1.66,6777
1.68,6776
1.69,6775
1.70,6774
1.72,6773
1.73,6772
1.74,6771
1.75,6770
1.77,6769
1.78,6768
1.79,6767
1.81,6766
1.82,6765
1.83,6764
1.84,6763
1.86,6762
1.87,6761
1.88,6760
1.89,6759
1.91,6758
1.92,6757
1.93,6756
1.96,6755
1.97,6754
1.98,6753
2.00,6752
2.01,6751
2.02,6750
2.04,6749
2.05,6748
2.06,6747
2.08,6746
2.09,6745
2.10,6744
2.12,6743
2.13,6742
2.14,6741
2.16,6740
2.17,6739
2.18,6738
2.20,6737
2.21,6736
2.22,6735
2.24,6734
2.25,6733
2.26,6732
2.27,6731
2.29,6730
2.30,6729
2.31,6728
2.33,6727
2.34,6726
2.35,6725
2.36,6724
2.38,6723
2.39,6722
2.40,6721
2.42,6720
2.43,6719
2.44,6718
2.46,6717
2.47,6716
2.48,6715
2.49,6714
2.51,6713
2.52,6712
2.53,6711
2.54,6710
2.56,6709
2.57,6708
2.58,6707
2.60,6706
2.61,6705
2.63,6704
2.64,6703
2.66,6702
2.67,6701
2.69,6700
2.70,6699
2.72,6698
2.73,6697
2.74,6696
2.76,6695
2.77,6694
2.79,6693
2.80,6692
2.82,6691
2.83,6690
2.85,6689
2.86,6688
2.87,6687
2.89,6686
2.90,6685
2.92,6684
2.93,6683
2.95,6682
2.96,6681
2.98,6680
2.99,6679
3.01,6678
3.02,6677
3.04,6676
3.05,6675
3.08,6674
3.09,6673
3.10,6672
3.12,6671
3.13,6670
3.14,6669
3.16,6668
3.17,6667
3.18,6666
3.19,6665
3.21,6664
3.22,6663
3.23,6662
3.25,6661
3.26,6660
3.27,6659
3.28,6658
3.30,6657
3.31,6656
3.32,6655
3.34,6654
3.35,6653
3.37,6652
3.38,6651
3.40,6650
3.41,6649
3.42,6648
3.44,6647
3.45,6646
3.46,6645
3.47,6644
3.49,6643
3.50,6642
3.51,6641
3.53,6640
3.54,6639
3.55,6638
3.57,6637
3.58,6636
3.59,6635
3.60,6634
3.62,6633
3.63,6632
3.64,6631
3.65,6630
3.67,6629
3.68,6628
3.69,6627
3.71,6626
3.72,6625
3.73,6624
3.74,6623
3.76,6622
3.77,6621
3.78,6620
3.80,6619
3.81,6618
3.82,6617
3.84,6616
3.85,6615
3.86,6614
3.88,6613
3.89,6612
3.90,6611
3.91,6610
3.93,6609
3.94,6608
3.95,6607
3.97,6606
3.98,6605
4.00,6604
4.01,6603
4.02,6602
4.04,6601
4.05,6600
4.06,6599
4.08,6598
4.09,6597
4.10,6596
4.11,6595
4.13,6594
4.15,6593
4.16,6592
4.18,6591
4.19,6590
4.20,6589
4.22,6588
4.23,6587
4.24,6586
4.25,6585
4.27,6584
4.28,6583
4.29,6582
4.30,6581
4.32,6580
4.33,6579
4.35,6578
4.36,6577
4.37,6576
4.38,6575
4.40,6574
4.41,6573
4.42,6572
4.44,6571
4.45,6570
4.46,6569
4.48,6568
4.49,6567
4.50,6566
4.51,6565
4.53,6564
4.54,6563
4.55,6562
4.56,6561
4.58,6560
4.59,6559
4.60,6558
4.62,6557
4.63,6556
4.65,6555
4.66,6554
4.67,6553
4.69,6552
4.71,6551
4.72,6550
4.73,6549
4.75,6548
4.76,6547
4.77,6546
4.78,6545
4.80,6544
4.81,6543
4.83,6542
4.85,6541
4.86,6540
4.87,6539
4.89,6538
4.90,6537
4.92,6536
4.93,6535
4.95,6534
4.96,6533
4.97,6532
4.99,6531
5.00,6530
5.01,6529
5.04,6528
5.05,6527
5.06,6526
5.07,6525
5.09,6524
5.10,6523
5.11,6522
5.13,6521
5.14,6520
5.16,6519
5.17,6518
5.18,6517
5.20,6516
5.21,6515
5.23,6514
5.24,6513
5.25,6512
5.27,6511
5.28,6510
5.30,6509
5.31,6508
5.32,6507
5.34,6506
5.35,6505
5.37,6504
5.38,6503
5.40,6502
5.41,6501
5.42,6500
5.45,6499
5.47,6498
5.50,6497
5.52,6496
5.53,6495
5.54,6494
5.56,6493
5.59,6492
5.60,6491
5.62,6490
5.63,6489
5.65,6488
5.66,6487
5.67,6486
5.69,6485
5.70,6484
5.72,6483
5.73,6482
5.74,6481
5.76,6480
5.79,6479
5.80,6478
5.81,6477
5.83,6476
5.85,6475
5.87,6474
5.88,6473
5.90,6472
5.92,6471
5.93,6470
5.95,6469
5.96,6468
5.98,6467
5.99,6466
6.00,6465
6.03,6464
6.04,6463
6.05,6462
6.07,6461
6.09,6460
6.10,6459
6.14,6458
6.16,6457
6.17,6456
6.19,6455
6.20,6454
6.22,6453
6.24,6452
6.26,6451
6.27,6450
6.29,6449
6.30,6448
6.32,6447
6.33,6446
6.34,6445
6.36,6444
6.39,6443
6.40,6442
6.42,6441
6.43,6440
6.44,6439
6.46,6438
6.51,6437
6.52,6436
6.53,6435
6.55,6434
6.57,6433
6.58,6432
6.59,6431
6.62,6430
6.63,6429
6.65,6428
6.67,6427
6.68,6426
6.69,6425
6.70,6424
6.72,6423
6.74,6422
6.75,6421
6.77,6420
6.78,6419
6.79,6418
6.81,6417
6.82,6416
6.83,6415
6.85,6414
6.86,6413
6.88,6412
6.90,6411
6.92,6410
6.94,6409
6.95,6408
6.96,6407
7.01,6406
7.02,6405
7.05,6404
7.06,6403
7.08,6402
7.10,6401
7.12,6400
7.13,6399
7.15,6398
7.16,6397
7.17,6396
7.21,6395
7.22,6394
7.23,6393
7.24,6392
7.26,6391
7.27,6390
7.29,6389
7.31,6388
7.32,6387
7.33,6386
7.35,6385
7.36,6384
7.37,6383
7.39,6382
7.40,6381
7.42,6380
7.43,6379
7.45,6378
7.46,6377
7.47,6376
7.48,6375
7.50,6374
7.51,6373
7.52,6372
7.54,6371
7.55,6370
7.56,6369
7.57,6368
7.59,6367
7.60,6366
7.61,6365
7.63,6364
7.64,6363
7.65,6362
7.67,6361
7.68,6360
7.69,6359
7.71,6358
7.72,6357
7.73,6356
7.75,6355
7.76,6354
7.77,6353
7.79,6352
7.80,6351
7.81,6350
7.83,6349
7.84,6348
7.85,6347
7.86,6346
7.88,6345
7.89,6344
7.90,6343
7.92,6342
7.94,6341
7.95,6340
7.96,6339
7.98,6338
7.99,6337
8.00,6336
8.02,6335
8.03,6334
8.04,6333
8.06,6332
8.07,6331
8.08,6330
8.09,6329
8.11,6328
8.12,6327
8.13,6326
8.15,6325
8.16,6324
8.17,6323
8.19,6322
8.20,6321
8.21,6320
8.22,6319
8.24,6318
8.25,6317
8.26,6316
8.28,6315
8.29,6314
8.30,6313
8.32,6312
8.33,6311
8.34,6310
8.36,6309
8.37,6308
8.38,6307
8.40,6306
8.41,6305
8.42,6304
8.44,6303
8.45,6302
8.46,6301
8.48,6300
8.49,6299
8.50,6298
8.52,6297
8.53,6296
8.54,6295
8.55,6294
8.57,6293
8.58,6292
8.59,6291
8.61,6290
8.62,6289
8.63,6288
8.64,6287
8.66,6286
8.68,6285
8.69,6284
8.70,6283
8.71,6282
8.73,6281
8.74,6280
8.75,6279
8.77,6278
8.78,6277
8.80,6276
8.81,6275
8.82,6274
8.83,6273
8.85,6272
8.86,6271
8.87,6270
8.89,6269
8.90,6268
8.91,6267
8.92,6266
8.94,6265
8.95,6264
8.96,6263
8.98,6262
8.99,6261
9.01,6260
9.02,6259
9.03,6258
9.04,6257
9.06,6256
9.07,6255
9.08,6254
9.09,6253
9.11,6252
9.12,6251
9.13,6250
9.15,6249
9.16,6248
9.17,6247
9.18,6246
9.20,6245
9.21,6244
9.22,6243
9.24,6242
9.25,6241
9.26,6240
9.28,6239
9.29,6238
9.30,6237
9.32,6236
9.33,6235
9.34,6234
9.36,6233
9.37,6232
9.38,6231
9.39,6230
9.41,6229
9.42,6228
9.43,6227
9.45,6226
9.46,6225
9.47,6224
9.49,6223
9.50,6222
9.51,6221
9.53,6220
9.54,6219
9.55,6218
9.57,6217
9.58,6216
9.59,6215
9.61,6214
9.62,6213
9.63,6212
9.66,6211
9.67,6210
9.68,6209
9.70,6208
9.71,6207
9.72,6206
9.74,6205
9.75,6204
9.76,6203
9.78,6202
9.79,6201
9.80,6200
9.82,6199
9.83,6198
9.84,6197
9.85,6196
9.87,6195
9.88,6194
9.89,6193
9.91,6192
9.93,6191
9.94,6190
9.96,6189
9.97,6188
9.98,6187
10.00,6186
10.01,6185
10.02,6184
10.04,6183
10.05,6182
10.06,6181
10.08,6180
10.09,6179
10.10,6178
10.11,6177
10.14,6176
10.15,6175
10.17,6174
10.19,6173
10.20,6172
10.21,6171
10.23,6170
10.24,6169
10.25,6168
10.27,6167
10.28,6166
10.29,6165
10.31,6164
10.32,6163
10.33,6162
10.34,6161
10.36,6160
10.37,6159
10.38,6158
10.40,6157
10.41,6156
10.42,6155
10.44,6154
10.45,6153
10.46,6152
10.48,6151
10.49,6150
10.50,6149
10.52,6148
10.53,6147
10.54,6146
10.55,6145
10.57,6144
10.58,6143
10.59,6142
10.60,6141
10.62,6140
10.63,6139
10.64,6138
10.66,6137
10.67,6136
10.68,6135
10.70,6134
10.71,6133
10.72,6132
10.73,6131
10.75,6130
10.76,6129
10.77,6128
10.79,6127
10.80,6126
10.81,6125
10.83,6124
10.84,6123
10.85,6122
10.87,6121
10.88,6120
10.89,6119
10.91,6118
10.92,6117
10.93,6116
10.95,6115
10.96,6114
10.97,6113
10.98,6112
11.00,6111
11.01,6110
11.02,6109
11.04,6108
11.05,6107
11.06,6106
11.08,6105
11.09,6104
11.11,6103
11.12,6102
11.14,6101
11.15,6100
11.17,6099
11.18,6098
11.19,6097
11.21,6096
11.22,6095
11.23,6094
11.25,6093
11.26,6092
11.28,6091
11.29,6090
11.31,6089
11.32,6088
11.33,6087
11.35,6086
11.36,6085
11.38,6084
11.39,6083
11.41,6082
11.42,6081
11.43,6080
11.45,6079
11.46,6078
11.48,6077
11.49,6076
11.51,6075
11.52,6074
11.54,6073
11.56,6072
11.57,6071
11.59,6070
11.60,6069
11.62,6068
11.63,6067
11.64,6066
11.66,6065
11.67,6064
11.69,6063
11.70,6062
11.72,6061
11.73,6060
11.75,6059
11.76,6058
11.78,6057
11.79,6056
11.81,6055
11.82,6054
11.84,6053
11.85,6052
11.86,6051
11.88,6050
11.89,6049
11.91,6048
11.92,6047
11.94,6046
11.95,6045
11.96,6044
11.98,6043
11.99,6042
12.01,6041
12.02,6040
12.04,6039
12.05,6038
12.07,6037
12.08,6036
12.10,6035
12.11,6034
12.13,6033
12.14,6032
12.16,6031
12.17,6030
12.19,6029
12.20,6028
12.22,6027
12.23,6026
12.25,6025
12.26,6024
12.28,6023
12.29,6022
12.31,6021
12.32,6020
12.34,6019
12.35,6018
12.36,6017
12.38,6016
12.40,6015
12.41,6014
12.43,6013
12.44,6012
12.46,6011
12.47,6010
12.49,6009
12.50,6008
12.52,6007
12.53,6006
12.55,6005
12.56,6004
12.58,6003
12.59,6002
12.61,6001
12.62,6000
12.64,5999
12.65,5998
12.67,5997
12.68,5996
12.70,5995
12.71,5994
12.73,5993
12.74,5992
12.76,5991
12.77,5990
12.78,5989
12.80,5988
12.81,5987
12.83,5986
12.84,5985
12.86,5984
12.87,5983
12.89,5982
12.90,5981
12.92,5980
12.93,5979
12.95,5978
12.96,5977
12.98,5976
12.99,5975
13.00,5974
13.02,5973
13.03,5972
13.05,5971
13.06,5970
13.07,5969
13.09,5968
13.11,5967
13.13,5966
13.14,5965
13.15,5964
13.17,5963
13.18,5962
13.20,5961
13.21,5960
13.23,5959
13.24,5958
13.26,5957
13.27,5956
13.29,5955
13.30,5954
13.32,5953
13.33,5952
13.35,5951
13.36,5950
13.38,5949
13.39,5948
13.41,5947
13.42,5946
13.43,5945
13.45,5944
13.46,5943
13.48,5942
13.49,5941
13.51,5940
13.52,5939
13.54,5938
13.55,5937
13.57,5936
13.58,5935
13.60,5934
13.61,5933
13.62,5932
13.64,5931
13.65,5930
13.67,5929
13.68,5928
13.69,5927
13.71,5926
13.73,5925
13.74,5924
13.75,5923
13.76,5922
13.78,5921
13.79,5920
13.80,5919
13.82,5918
13.83,5917
13.84,5916
13.86,5915
13.88,5914
13.89,5913
13.91,5912
13.92,5911
13.93,5910
13.95,5909
13.96,5908
13.97,5907
13.99,5906
14.00,5905
14.01,5904
14.02,5903
14.04,5902
14.05,5901
14.06,5900
14.08,5899
14.09,5898
14.11,5897
14.12,5896
14.13,5895
14.15,5894
14.16,5893
14.17,5892
14.19,5891
14.20,5890
14.21,5889
14.22,5888
14.24,5887
14.25,5886
14.26,5885
14.28,5884
14.29,5883
14.30,5882
14.31,5881
14.33,5880
14.34,5879
14.35,5878
14.37,5877
14.38,5876
14.39,5875
14.41,5874
14.42,5873
14.43,5872
14.44,5871
14.46,5870
14.47,5869
14.48,5868
14.49,5867
14.51,5866
14.52,5865
14.53,5864
14.55,5863
14.57,5862
14.58,5861
14.59,5860
14.60,5859
14.62,5858
14.63,5857
14.64,5856
14.66,5855
14.67,5854
14.68,5853
14.69,5852
14.71,5851
14.72,5850
14.73,5849
14.75,5848
14.76,5847
14.77,5846
14.78,5845
14.80,5844
14.81,5843
14.82,5842
14.84,5841
14.85,5840
14.86,5839
14.88,5838
14.89,5837
14.90,5836
14.92,5835
14.93,5834
14.94,5833
14.96,5832
14.97,5831
14.98,5830
14.99,5829
15.01,5828
15.02,5827
15.03,5826
15.05,5825
15.06,5824
15.07,5823
15.09,5822
15.10,5821
15.11,5820
15.13,5819
15.14,5818
15.15,5817
15.17,5816
15.18,5815
15.19,5814
15.20,5813
15.22,5812
15.23,5811
15.24,5810
15.26,5809
15.27,5808
15.28,5807
15.30,5806
15.31,5805
15.33,5804
15.34,5803
15.35,5802
15.37,5801
15.38,5800
15.39,5799
15.41,5798
15.42,5797
15.43,5796
15.45,5795
15.46,5794
15.47,5793
15.49,5792
15.50,5791
15.51,5790
15.53,5789
15.54,5788
15.55,5787
15.56,5786
15.58,5785
15.59,5784
15.60,5783
15.62,5782
15.63,5781
15.64,5780
15.66,5779
15.67,5778
15.68,5777
15.70,5776
15.71,5775
15.72,5774
15.74,5773
15.75,5772
15.76,5771
15.78,5770
15.79,5769
15.80,5768
15.82,5767
15.83,5766
15.84,5765
15.85,5764
15.87,5763
15.88,5762
15.89,5761
15.91,5760
15.92,5759
15.93,5758
15.95,5757
15.96,5756
15.97,5755
15.99,5754
16.00,5753
16.01,5752
16.03,5751
16.04,5750
16.05,5749
16.07,5748
16.08,5747
16.09,5746
16.10,5745
16.12,5744
16.14,5743
16.15,5742
16.16,5741
16.18,5740
16.19,5739
16.20,5738
16.22,5737
16.23,5736
16.24,5735
16.25,5734
16.27,5733
16.28,5732
16.29,5731
16.31,5730
16.32,5729
16.33,5728
16.35,5727
16.36,5726
16.37,5725
16.39,5724
16.40,5723
16.41,5722
16.43,5721
16.44,5720
16.45,5719
16.46,5718
16.48,5717
16.49,5716
16.50,5715
16.52,5714
16.53,5713
16.54,5712
16.56,5711
16.57,5710
16.58,5709
16.60,5708
16.61,5707
16.62,5706
16.64,5705
16.65,5704
16.66,5703
16.68,5702
16.69,5701
16.70,5700
16.71,5699
16.73,5698
16.74,5697
16.75,5696
16.77,5695
16.78,5694
16.79,5693
16.81,5692
16.82,5691
16.83,5690
16.85,5689
16.86,5688
16.87,5687
16.89,5686
16.90,5685
16.91,5684
16.93,5683
16.94,5682
16.95,5681
16.96,5680
16.98,5679
16.99,5678
17.00,5677
17.02,5676
17.03,5675
17.04,5674
17.06,5673
17.07,5672
17.08,5671
17.10,5670
17.11,5669
17.12,5668
17.14,5667
17.15,5666
17.16,5665
17.18,5664
17.19,5663
17.20,5662
17.22,5661
17.23,5660
17.24,5659
17.26,5658
17.27,5657
17.28,5656
17.30,5655
17.31,5654
17.32,5653
17.33,5652
17.35,5651
17.36,5650
17.37,5649
17.39,5648
17.40,5647
17.41,5646
17.43,5645
17.44,5644
17.45,5643
17.47,5642
17.48,5641
17.49,5640
17.51,5639
17.52,5638
17.53,5637
17.54,5636
17.56,5635
17.57,5634
17.58,5633
17.60,5632
17.61,5631
17.62,5630
17.64,5629
17.65,5628
17.66,5627
17.68,5626
17.69,5625
17.70,5624
17.71,5623
17.73,5622
17.74,5621
17.75,5620
17.77,5619
17.78,5618
17.79,5617
17.81,5616
17.82,5615
17.83,5614
17.84,5613
17.86,5612
17.87,5611
17.88,5610
17.90,5609
17.91,5608
17.92,5607
17.94,5606
17.95,5605
17.96,5604
17.98,5603
17.99,5602
18.00,5601
18.01,5600
18.03,5599
18.04,5598
18.05,5597
18.07,5596
18.08,5595
18.09,5594
18.11,5593
18.12,5592
18.13,5591
18.14,5590
18.16,5589
18.17,5588
18.18,5587
18.20,5586
18.21,5585
18.22,5584
18.24,5583
18.25,5582
18.26,5581
18.27,5580
18.29,5579
18.30,5578
18.31,5577
18.33,5576
18.34,5575
18.35,5574
18.37,5573
18.38,5572
18.39,5571
18.40,5570
18.42,5569
18.43,5568
18.44,5567
18.45,5566
18.47,5565
18.48,5564
18.49,5563
18.50,5562
18.52,5561
18.53,5560
18.54,5559
18.55,5558
18.57,5557
18.58,5556
18.59,5555
18.60,5554
18.62,5553
18.63,5552
18.64,5551
18.65,5550
18.67,5549
18.68,5548
18.69,5547
18.70,5546
18.72,5545
18.73,5544
18.74,5543
18.75,5542
18.77,5541
18.78,5540
18.79,5539
18.80,5538
18.82,5537
18.83,5536
18.84,5535
18.85,5534
18.87,5533
18.88,5532
18.89,5531
18.90,5530
18.92,5529
18.93,5528
18.94,5527
18.96,5526
18.97,5525
18.98,5524
18.99,5523
19.01,5522
19.02,5521
19.03,5520
19.04,5519
19.06,5518
19.07,5517
19.08,5516
19.10,5515
19.11,5514
19.12,5513
19.13,5512
19.15,5511
19.16,5510
19.17,5509
19.19,5508
19.20,5507
19.21,5506
19.22,5505
19.24,5504
19.25,5503
19.26,5502
19.27,5501
19.29,5500
19.30,5499
19.31,5498
19.33,5497
19.34,5496
19.35,5495
19.36,5494
19.38,5493
19.39,5492
19.40,5491
19.41,5490
19.43,5489
19.44,5488
19.45,5487
19.47,5486
19.48,5485
19.49,5484
19.50,5483
19.52,5482
19.53,5481
19.54,5480
19.55,5479
19.57,5478
19.58,5477
19.59,5476
19.60,5475
19.62,5474
19.63,5473
19.64,5472
19.66,5471
19.67,5470
19.68,5469
19.69,5468
19.71,5467
19.72,5466
19.73,5465
19.75,5464
19.76,5463
19.77,5462
19.78,5461
19.80,5460
19.81,5459
19.82,5458
19.84,5457
19.85,5456
19.86,5455
19.87,5454
19.89,5453
19.90,5452
19.91,5451
19.93,5450
19.94,5449
19.95,5448
19.96,5447
19.98,5446
19.99,5445
20.00,5444
20.02,5443
20.03,5442
20.04,5441
20.05,5440
20.07,5439
20.08,5438
20.09,5437
20.11,5436
20.12,5435
20.13,5434
20.14,5433
20.16,5432
20.17,5431
20.18,5430
20.20,5429
20.21,5428
20.22,5427
20.23,5426
20.25,5425
20.26,5424
20.27,5423
20.29,5422
20.30,5421
20.31,5420
20.32,5419
20.34,5418
20.35,5417
20.36,5416
20.37,5415
20.39,5414
20.40,5413
20.41,5412
20.42,5411
20.44,5410
20.45,5409
20.46,5408
20.48,5407
20.49,5406
20.50,5405
20.51,5404
20.53,5403
20.54,5402
20.55,5401
20.56,5400
20.58,5399
20.59,5398
20.60,5397
20.61,5396
20.63,5395
20.64,5394
20.65,5393
20.66,5392
20.68,5391
20.69,5390
20.70,5389
20.71,5388
20.73,5387
20.74,5386
20.75,5385
20.76,5384
20.78,5383
20.79,5382
20.80,5381
20.81,5380
20.83,5379
20.84,5378
20.85,5377
20.86,5376
20.88,5375
20.89,5374
20.90,5373
20.91,5372
20.93,5371
20.94,5370
20.95,5369
20.96,5368
20.98,5367
20.99,5366
21.00,5365
21.01,5364
21.03,5363
21.04,5362
21.05,5361
21.06,5360
21.08,5359
21.09,5358
21.10,5357
21.11,5356
21.13,5355
21.14,5354
21.15,5353
21.16,5352
21.18,5351
21.19,5350
21.20,5349
21.22,5348
21.23,5347
21.24,5346
21.25,5345
21.27,5344
21.28,5343
21.29,5342
21.30,5341
21.32,5340
21.33,5339
21.34,5338
21.35,5337
21.37,5336
21.38,5335
21.39,5334
21.40,5333
21.42,5332
21.43,5331
21.44,5330
21.45,5329
21.47,5328
21.48,5327
21.49,5326
21.50,5325
21.52,5324
21.53,5323
21.54,5322
21.55,5321
21.57,5320
21.58,5319
21.59,5318
21.60,5317
21.62,5316
21.63,5315
21.64,5314
21.65,5313
21.67,5312
21.68,5311
21.69,5310
21.70,5309
21.72,5308
21.73,5307
21.74,5306
21.75,5305
21.77,5304
21.78,5303
21.79,5302
21.80,5301
21.82,5300
21.83,5299
21.84,5298
21.85,5297
21.87,5296
21.88,5295
21.89,5294
21.90,5293
21.91,5292
21.93,5291
21.94,5290
21.95,5289
21.96,5288
21.98,5287
21.99,5286
22.00,5285
22.01,5284
22.03,5283
22.04,5282
22.05,5281
22.06,5280
22.08,5279
22.09,5278
22.10,5277
22.11,5276
22.13,5275
22.14,5274
22.15,5273
22.16,5272
22.18,5271
22.19,5270
22.21,5269
22.22,5268
22.23,5267
22.25,5266
22.26,5265
22.27,5264
22.28,5263
22.30,5262
22.31,5261
22.32,5260
22.33,5259
22.35,5258
22.36,5257
22.37,5256
22.38,5255
22.40,5254
22.41,5253
22.42,5252
22.43,5251
22.45,5250
22.46,5249
22.47,5248
22.48,5247
22.50,5246
22.51,5245
22.52,5244
22.53,5243
22.55,5242
22.56,5241
22.57,5240
22.58,5239
22.59,5238
22.61,5237
22.62,5236
22.63,5235
22.64,5234
22.66,5233
22.67,5232
22.68,5231
22.70,5230
22.71,5229
22.72,5228
22.73,5227
22.75,5226
22.76,5225
22.77,5224
22.78,5223
22.79,5222
22.81,5221
22.82,5220
22.83,5219
22.84,5218
22.85,5217
22.87,5216
22.88,5215
22.89,5214
22.90,5213
22.92,5212
22.93,5211
22.94,5210
22.95,5209
22.96,5208
22.98,5207
22.99,5206
23.00,5205
23.01,5204
23.02,5203
23.03,5202
23.05,5201
23.06,5200
23.07,5199
23.08,5198
23.09,5197
23.11,5196
23.12,5195
23.13,5194
23.14,5193
23.15,5192
23.17,5191
23.18,5190
23.19,5189
23.20,5188
23.21,5187
23.23,5186
23.24,5185
23.25,5184
23.26,5183
23.27,5182
23.29,5181
23.30,5180
23.31,5179
23.32,5178
23.34,5177
23.35,5176
23.36,5175
23.37,5174
23.39,5173
23.40,5172
23.41,5171
23.42,5170
23.43,5169
23.45,5168
23.46,5167
23.47,5166
23.48,5165
23.50,5164
23.51,5163
23.52,5162
23.53,5161
23.55,5160
23.56,5159
23.57,5158
23.58,5157
23.59,5156
23.61,5155
23.62,5154
23.63,5153
23.64,5152
23.66,5151
23.67,5150
23.68,5149
23.69,5148
23.70,5147
23.72,5146
23.73,5145
23.74,5144
23.75,5143
23.77,5142
23.78,5141
23.79,5140
23.80,5139
23.81,5138
23.83,5137
23.84,5136
23.85,5135
23.86,5134
23.87,5133
23.89,5132
23.90,5131
23.91,5130
23.92,5129
23.93,5128
23.95,5127
23.96,5126
23.97,5125
23.98,5124
23.99,5123
24.01,5122
24.02,5121
24.03,5120
24.04,5119
24.06,5118
24.07,5117
24.08,5116
24.09,5115
24.10,5114
24.12,5113
24.13,5112
24.14,5111
24.15,5110
24.16,5109
24.18,5108
24.19,5107
24.20,5106
24.21,5105
24.23,5104
24.24,5103
24.25,5102
24.26,5101
24.27,5100
24.29,5099
24.30,5098
24.31,5097
24.32,5096
24.34,5095
24.35,5094
24.36,5093
24.37,5092
24.38,5091
24.40,5090
24.41,5089
24.42,5088
24.43,5087
24.45,5086
24.46,5085
24.47,5084
24.48,5083
24.49,5082
24.51,5081
24.52,5080
24.53,5079
24.54,5078
24.56,5077
24.57,5076
24.58,5075
24.59,5074
24.60,5073
24.62,5072
24.63,5071
24.64,5070
24.65,5069
24.66,5068
24.68,5067
24.69,5066
24.70,5065
24.71,5064
24.72,5063
24.74,5062
24.75,5061
24.76,5060
24.77,5059
24.78,5058
24.79,5057
24.81,5056
24.82,5055
24.83,5054
24.84,5053
24.85,5052
24.86,5051
24.88,5050
24.89,5049
24.90,5048
24.91,5047
24.92,5046
24.93,5045
24.95,5044
24.96,5043
24.97,5042
24.98,5041
24.99,5040
25.01,5039
25.02,5038
25.03,5037
25.04,5036
25.05,5035
25.06,5034
25.08,5033
25.09,5032
25.10,5031
25.11,5030
25.12,5029
25.13,5028
25.15,5027
25.16,5026
25.17,5025
25.18,5024
25.19,5023
25.20,5022
25.22,5021
25.23,5020
25.24,5019
25.25,5018
25.26,5017
25.27,5016
25.29,5015
25.30,5014
25.31,5013
25.32,5012
25.33,5011
25.34,5010
25.36,5009
25.37,5008
25.38,5007
25.39,5006
25.40,5005
25.41,5004
25.43,5003
25.44,5002
25.45,5001
25.46,5000
25.47,4999
25.48,4998
25.50,4997
25.51,4996
25.52,4995
25.53,4994
25.54,4993
25.55,4992
25.56,4991
25.58,4990
25.59,4989
25.60,4988
25.61,4987
25.62,4986
25.63,4985
25.65,4984
25.66,4983
25.67,4982
25.68,4981
25.69,4980
25.70,4979
25.72,4978
25.73,4977
25.74,4976
25.75,4975
25.76,4974
25.78,4973
25.79,4972
25.80,4971
25.81,4970
25.82,4969
25.83,4968
25.84,4967
25.86,4966
25.87,4965
25.88,4964
25.89,4963
25.90,4962
25.91,4961
25.93,4960
25.94,4959
25.95,4958
25.96,4957
25.97,4956
25.98,4955
26.00,4954
26.01,4953
26.02,4952
26.03,4951
26.04,4950
26.05,4949
26.07,4948
26.08,4947
26.09,4946
26.10,4945
26.11,4944
26.12,4943
26.14,4942
26.15,4941
26.16,4940
26.17,4939
26.18,4938
26.19,4937
26.21,4936
26.22,4935
26.23,4934
26.24,4933
26.25,4932
26.26,4931
26.27,4930
26.29,4929
26.30,4928
26.31,4927
26.32,4926
26.33,4925
26.34,4924
26.36,4923
26.37,4922
26.38,4921
26.39,4920
26.40,4919
26.41,4918
26.43,4917
26.44,4916
26.45,4915
26.46,4914
26.47,4913
26.49,4912
26.50,4911
26.51,4910
26.52,4909
26.53,4908
26.54,4907
26.55,4906
26.57,4905
26.58,4904
26.59,4903
26.60,4902
26.61,4901
26.62,4900
26.63,4899
26.65,4898
26.66,4897
26.67,4896
26.68,4895
26.69,4894
26.70,4893
26.73,4892
26.92,4891
26.99,4890
27.27,4889
27.31,4888
