1.03,6878
1.14,6877
1.17,6876
1.20,6875
1.22,6874
1.24,6873
1.26,6872
1.28,6871
1.31,6870
1.32,6869
1.34,6868
1.35,6867
1.36,6866
1.38,6865
1.39,6864
1.40,6863
1.41,6862
1.43,6861
1.44,6860
1.45,6859
1.47,6858
1.48,6857
1.49,6856
1.51,6855
1.52,6854
1.53,6853
1.55,6852
1.56,6851
1.57,6850
1.59,6849
1.60,6848
1.61,6847
1.62,6846
1.64,6845
1.65,6844
1.66,6843
1.67,6842
1.69,6841
1.70,6840
1.71,6839
1.73,6838
1.74,6837
1.75,6836
1.77,6835
1.78,6834
1.79,6833
1.81,6832
1.82,6831
1.83,6830
1.86,6829
1.87,6828
1.88,6827
1.90,6826
1.91,6825
1.92,6824
1.94,6823
1.95,6822
1.96,6821
1.97,6820
1.99,6819
2.00,6818
2.01,6817
2.03,6816
2.04,6815
2.05,6814
2.07,6813
2.08,6812
2.09,6811
2.11,6810
2.12,6809
2.13,6808
2.15,6807
2.16,6806
2.17,6805
2.19,6804
2.20,6803
2.21,6802
2.23,6801
2.24,6800
2.25,6799
2.27,6798
2.28,6797
2.29,6796
2.31,6795
2.32,6794
2.33,6793
2.34,6792
2.36,6791
2.37,6790
2.38,6789
2.40,6788
2.41,6787
2.42,6786
2.44,6785
2.45,6784
2.46,6783
2.48,6782
2.49,6781
2.51,6780
2.52,6779
2.54,6778
2.55,6777
2.57,6776
2.58,6775
2.60,6774
2.61,6773
2.63,6772
2.64,6771
2.66,6770
2.67,6769
2.69,6768
2.70,6767
2.71,6766
2.73,6765
2.74,6764
2.76,6763
2.77,6762
2.79,6761
2.80,6760
2.82,6759
2.83,6758
2.85,6757
2.86,6756
2.88,6755
2.89,6754
2.91,6753
2.92,6752
2.94,6751
2.95,6750
2.96,6749
2.99,6748
3.00,6747
3.02,6746
3.03,6745
3.04,6744
3.06,6743
3.07,6742
3.08,6741
3.09,6740
3.11,6739
3.12,6738
3.13,6737
3.14,6736
3.16,6735
3.17,6734
3.18,6733
3.20,6732
3.21,6731
3.22,6730
3.24,6729
3.25,6728
3.26,6727
3.28,6726
3.29,6725
3.30,6724
3.32,6723
3.33,6722
3.34,6721
3.35,6720
3.37,6719
3.38,6718
3.39,6717
3.40,6716
3.42,6715
3.43,6714
3.44,6713
3.46,6712
3.47,6711
3.48,6710
3.50,6709
3.51,6708
3.52,6707
3.54,6706
3.55,6705
3.56,6704
3.57,6703
3.59,6702
3.60,6701
3.61,6700
3.63,6699
3.64,6698
3.65,6697
3.67,6696
3.68,6695
3.69,6694
3.70,6693
3.72,6692
3.73,6691
3.74,6690
3.76,6689
3.77,6688
3.78,6687
3.80,6686
3.81,6685
3.82,6684
3.84,6683
3.85,6682
3.86,6681
3.87,6680
3.89,6679
3.91,6678
3.92,6677
3.93,6676
3.95,6675
3.96,6674
3.97,6673
3.99,6672
4.00,6671
4.02,6670
4.03,6669
4.06,6668
4.07,6667
4.08,6666
4.09,6665
4.11,6664
4.12,6663
4.13,6662
4.15,6661
4.17,6660
4.18,6659
4.19,6658
4.20,6657
4.22,6656
4.23,6655
4.24,6654
4.26,6653
4.27,6652
4.28,6651
4.30,6650
4.31,6649
4.32,6648
4.34,6647
4.35,6646
4.36,6645
4.38,6644
4.39,6643
4.40,6642
4.42,6641
4.43,6640
4.44,6639
4.46,6638
4.48,6637
4.49,6636
4.50,6635
4.52,6634
4.53,6633
4.54,6632
4.56,6631
4.57,6630
4.58,6629
4.60,6628
4.61,6627
4.62,6626
4.65,6625
4.66,6624
4.67,6623
4.69,6622
4.70,6621
4.71,6620
4.73,6619
4.74,6618
4.75,6617
4.77,6616
4.79,6615
4.80,6614
4.81,6613
4.82,6612
4.84,6611
4.85,6610
4.86,6609
4.87,6608
4.89,6607
4.91,6606
4.92,6605
4.93,6604
4.94,6603
4.96,6602
4.97,6601
4.99,6600
5.00,6599
5.01,6598
5.03,6597
5.04,6596
5.05,6595
5.07,6594
5.08,6593
5.10,6592
5.11,6591
5.12,6590
5.14,6589
5.15,6588
5.16,6587
5.18,6586
5.19,6585
5.22,6584
5.23,6583
5.25,6582
5.26,6581
5.30,6580
5.32,6579
5.33,6578
5.36,6577
5.38,6576
5.39,6575
5.41,6574
5.42,6573
5.44,6572
5.47,6571
5.48,6570
5.50,6569
5.51,6568
5.53,6567
5.54,6566
5.56,6565
5.58,6564
5.59,6563
5.61,6562
5.62,6561
5.64,6560
5.66,6559
5.67,6558
5.69,6557
5.70,6556
5.71,6555
5.73,6554
5.74,6553
5.76,6552
5.77,6551
5.79,6550
5.82,6549
5.83,6548
5.85,6547
5.86,6546
5.87,6545
5.93,6544
5.95,6543
5.96,6542
5.97,6541
6.01,6540
6.09,6539
6.12,6538
6.13,6537
6.15,6536
6.16,6535
6.18,6534
6.29,6533
6.31,6532
6.32,6531
6.34,6530
6.35,6529
6.37,6528
6.38,6527
6.40,6526
6.41,6525
6.43,6524
6.47,6523
6.49,6522
6.51,6521
6.52,6520
6.53,6519
6.54,6518
6.56,6517
6.57,6516
6.59,6515
6.60,6514
6.61,6513
6.64,6512
6.65,6511
6.75,6510
6.76,6509
6.78,6508
6.79,6507
6.81,6506
6.83,6505
6.85,6504
6.87,6503
6.88,6502
6.89,6501
6.91,6500
6.93,6499
6.98,6498
6.99,6497
7.00,6496
7.04,6495
7.05,6494
7.07,6493
7.08,6492
7.09,6491
7.10,6490
7.12,6489
7.14,6488
7.15,6487
7.16,6486
7.19,6485
7.20,6484
7.22,6483
7.23,6482
7.25,6481
7.26,6480
7.27,6479
7.28,6478
7.30,6477
7.31,6476
7.32,6475
7.34,6474
7.35,6473
7.36,6472
7.38,6471
7.39,6470
7.40,6469
7.41,6468
7.43,6467
7.44,6466
7.45,6465
7.47,6464
7.48,6463
7.49,6462
7.51,6461
7.52,6460
7.53,6459
7.55,6458
7.56,6457
7.57,6456
7.59,6455
7.60,6454
7.61,6453
7.63,6452
7.64,6451
7.65,6450
7.67,6449
7.68,6448
7.69,6447
7.70,6446
7.72,6445
7.73,6444
7.74,6443
7.76,6442
7.77,6441
7.78,6440
7.80,6439
7.81,6438
7.82,6437
7.84,6436
7.86,6435
7.88,6434
7.89,6433
7.90,6432
7.92,6431
7.93,6430
7.94,6429
7.96,6428
7.97,6427
7.98,6426
8.00,6425
8.01,6424
8.02,6423
8.04,6422
8.05,6421
8.06,6420
8.07,6419
8.09,6418
8.10,6417
8.11,6416
8.13,6415
8.14,6414
8.15,6413
8.17,6412
8.18,6411
8.19,6410
8.20,6409
8.22,6408
8.23,6407
8.24,6406
8.26,6405
8.27,6404
8.28,6403
8.30,6402
8.31,6401
8.32,6400
8.34,6399
8.35,6398
8.36,6397
8.38,6396
8.39,6395
8.40,6394
8.41,6393
8.43,6392
8.44,6391
8.45,6390
8.47,6389
8.48,6388
8.49,6387
8.51,6386
8.52,6385
8.53,6384
8.55,6383
8.56,6382
8.57,6381
8.59,6380
8.60,6379
8.61,6378
8.63,6377
8.64,6376
8.65,6375
8.67,6374
8.68,6373
8.69,6372
8.71,6371
8.72,6370
8.73,6369
8.75,6368
8.77,6367
8.78,6366
8.79,6365
8.81,6364
8.82,6363
8.83,6362
8.85,6361
8.86,6360
8.87,6359
8.89,6358
8.90,6357
8.91,6356
8.92,6355
8.94,6354
8.95,6353
8.96,6352
8.98,6351
8.99,6350
9.00,6349
9.02,6348
9.03,6347
9.04,6346
9.06,6345
9.07,6344
9.08,6343
9.10,6342
9.11,6341
9.12,6340
9.14,6339
9.15,6338
9.16,6337
9.17,6336
9.19,6335
9.20,6334
9.21,6333
9.23,6332
9.24,6331
9.25,6330
9.27,6329
9.28,6328
9.29,6327
9.31,6326
9.32,6325
9.33,6324
9.35,6323
9.36,6322
9.37,6321
9.39,6320
9.40,6319
9.41,6318
9.43,6317
9.44,6316
9.45,6315
9.47,6314
9.48,6313
9.49,6312
9.51,6311
9.52,6310
9.53,6309
9.55,6308
9.56,6307
9.57,6306
9.59,6305
9.60,6304
9.61,6303
9.63,6302
9.64,6301
9.65,6300
9.67,6299
9.68,6298
9.69,6297
9.71,6296
9.72,6295
9.73,6294
9.74,6293
9.76,6292
9.77,6291
9.78,6290
9.80,6289
9.81,6288
9.82,6287
9.84,6286
9.85,6285
9.86,6284
9.87,6283
9.89,6282
9.90,6281
9.91,6280
9.93,6279
9.94,6278
9.95,6277
9.97,6276
9.98,6275
9.99,6274
10.01,6273
10.02,6272
10.03,6271
10.05,6270
10.06,6269
10.07,6268
10.09,6267
10.10,6266
10.11,6265
10.13,6264
10.14,6263
10.15,6262
10.17,6261
10.18,6260
10.19,6259
10.21,6258
10.22,6257
10.23,6256
10.25,6255
10.26,6254
10.27,6253
10.29,6252
10.30,6251
10.31,6250
10.33,6249
10.34,6248
10.35,6247
10.37,6246
10.38,6245
10.39,6244
10.40,6243
10.42,6242
10.43,6241
10.44,6240
10.46,6239
10.48,6238
10.49,6237
10.50,6236
10.52,6235
10.53,6234
10.54,6233
10.56,6232
10.57,6231
10.58,6230
10.60,6229
10.61,6228
10.62,6227
10.64,6226
10.65,6225
10.66,6224
10.68,6223
10.69,6222
10.70,6221
10.72,6220
10.73,6219
10.74,6218
10.76,6217
10.77,6216
10.78,6215
10.80,6214
10.81,6213
10.82,6212
10.84,6211
10.85,6210
10.86,6209
10.88,6208
10.89,6207
10.90,6206
10.92,6205
10.93,6204
10.94,6203
10.95,6202
10.97,6201
10.98,6200
11.00,6199
11.01,6198
11.02,6197
11.04,6196
11.05,6195
11.07,6194
11.08,6193
11.10,6192
11.11,6191
11.13,6190
11.15,6189
11.16,6188
11.17,6187
11.19,6186
11.20,6185
11.22,6184
11.23,6183
11.25,6182
11.27,6181
11.28,6180
11.30,6179
11.32,6178
11.33,6177
11.35,6176
11.36,6175
11.38,6174
11.39,6173
11.41,6172
11.42,6171
11.44,6170
11.45,6169
11.47,6168
11.48,6167
11.50,6166
11.51,6165
11.53,6164
11.54,6163
11.56,6162
11.58,6161
11.59,6160
11.61,6159
11.62,6158
11.64,6157
11.65,6156
11.67,6155
11.68,6154
11.70,6153
11.71,6152
11.73,6151
11.74,6150
11.76,6149
11.77,6148
11.79,6147
11.80,6146
11.82,6145
11.83,6144
11.85,6143
11.86,6142
11.88,6141
11.89,6140
11.91,6139
11.92,6138
11.93,6137
11.95,6136
11.96,6135
11.98,6134
11.99,6133
12.01,6132
12.02,6131
12.04,6130
12.05,6129
12.07,6128
12.08,6127
12.10,6126
12.11,6125
12.13,6124
12.14,6123
12.16,6122
12.17,6121
12.19,6120
12.20,6119
12.22,6118
12.23,6117
12.25,6116
12.26,6115
12.28,6114
12.30,6113
12.31,6112
12.33,6111
12.34,6110
12.36,6109
12.37,6108
12.39,6107
12.40,6106
12.42,6105
12.43,6104
12.45,6103
12.46,6102
12.48,6101
12.49,6100
12.51,6099
12.52,6098
12.54,6097
12.55,6096
12.56,6095
12.58,6094
12.59,6093
12.61,6092
12.62,6091
12.64,6090
12.65,6089
12.67,6088
12.68,6087
12.70,6086
12.71,6085
12.73,6084
12.74,6083
12.76,6082
12.77,6081
12.79,6080
12.80,6079
12.82,6078
12.83,6077
12.85,6076
12.87,6075
12.88,6074
12.90,6073
12.91,6072
12.92,6071
12.94,6070
12.95,6069
12.97,6068
12.98,6067
13.00,6066
13.01,6065
13.03,6064
13.04,6063
13.06,6062
13.07,6061
13.09,6060
13.10,6059
13.12,6058
13.14,6057
13.15,6056
13.17,6055
13.18,6054
13.20,6053
13.21,6052
13.23,6051
13.24,6050
13.26,6049
13.27,6048
13.29,6047
13.30,6046
13.32,6045
13.33,6044
13.35,6043
13.36,6042
13.38,6041
13.39,6040
13.41,6039
13.42,6038
13.44,6037
13.45,6036
13.47,6035
13.49,6034
13.50,6033
13.51,6032
13.53,6031
13.54,6030
13.56,6029
13.57,6028
13.59,6027
13.60,6026
13.62,6025
13.63,6024
13.64,6023
13.66,6022
13.67,6021
13.68,6020
13.70,6019
13.71,6018
13.72,6017
13.74,6016
13.75,6015
13.76,6014
13.77,6013
13.79,6012
13.80,6011
13.81,6010
13.83,6009
13.84,6008
13.85,6007
13.87,6006
13.88,6005
13.89,6004
13.91,6003
13.92,6002
13.93,6001
13.95,6000
13.96,5999
13.97,5998
13.99,5997
14.00,5996
14.01,5995
14.02,5994
14.04,5993
14.05,5992
14.06,5991
14.08,5990
14.09,5989
14.10,5988
14.12,5987
14.13,5986
14.14,5985
14.16,5984
14.17,5983
14.18,5982
14.20,5981
14.21,5980
14.22,5979
14.24,5978
14.25,5977
14.26,5976
14.28,5975
14.29,5974
14.30,5973
14.32,5972
14.33,5971
14.34,5970
14.36,5969
14.37,5968
14.38,5967
14.40,5966
14.41,5965
14.42,5964
14.44,5963
14.45,5962
14.46,5961
14.48,5960
14.49,5959
14.50,5958
14.52,5957
14.53,5956
14.54,5955
14.56,5954
14.57,5953
14.58,5952
14.60,5951
14.61,5950
14.62,5949
14.64,5948
14.65,5947
14.66,5946
14.68,5945
14.69,5944
14.70,5943
14.72,5942
14.73,5941
14.74,5940
14.76,5939
14.77,5938
14.78,5937
14.80,5936
14.81,5935
14.82,5934
14.84,5933
14.85,5932
14.86,5931
14.88,5930
14.89,5929
14.90,5928
14.92,5927
14.93,5926
14.94,5925
14.96,5924
14.97,5923
14.98,5922
14.99,5921
15.01,5920
15.02,5919
15.03,5918
15.05,5917
15.06,5916
15.07,5915
15.09,5914
15.10,5913
15.11,5912
15.13,5911
15.14,5910
15.15,5909
15.17,5908
15.18,5907
15.19,5906
15.21,5905
15.22,5904
15.23,5903
15.25,5902
15.27,5901
15.28,5900
15.29,5899
15.31,5898
15.32,5897
15.33,5896
15.35,5895
15.36,5894
15.37,5893
15.38,5892
15.40,5891
15.41,5890
15.42,5889
15.44,5888
15.45,5887
15.46,5886
15.48,5885
15.49,5884
15.50,5883
15.52,5882
15.53,5881
15.54,5880
15.55,5879
15.57,5878
15.58,5877
15.59,5876
15.61,5875
15.62,5874
15.63,5873
15.65,5872
15.66,5871
15.67,5870
15.69,5869
15.70,5868
15.71,5867
15.73,5866
15.74,5865
15.75,5864
15.77,5863
15.78,5862
15.79,5861
15.81,5860
15.82,5859
15.83,5858
15.85,5857
15.86,5856
15.87,5855
15.89,5854
15.90,5853
15.91,5852
15.93,5851
15.94,5850
15.95,5849
15.97,5848
15.98,5847
15.99,5846
16.01,5845
16.02,5844
16.03,5843
16.05,5842
16.06,5841
16.07,5840
16.09,5839
16.10,5838
16.11,5837
16.13,5836
16.14,5835
16.15,5834
16.17,5833
16.18,5832
16.19,5831
16.21,5830
16.22,5829
16.23,5828
16.24,5827
16.26,5826
16.27,5825
16.28,5824
16.30,5823
16.31,5822
16.32,5821
16.33,5820
16.35,5819
16.36,5818
16.37,5817
16.39,5816
16.40,5815
16.41,5814
16.43,5813
16.44,5812
16.45,5811
16.47,5810
16.48,5809
16.49,5808
16.51,5807
16.52,5806
16.53,5805
16.54,5804
16.56,5803
16.57,5802
16.58,5801
16.60,5800
16.61,5799
16.62,5798
16.64,5797
16.65,5796
16.66,5795
16.67,5794
16.69,5793
16.70,5792
16.72,5791
16.73,5790
16.74,5789
16.76,5788
16.77,5787
16.78,5786
16.80,5785
16.81,5784
16.82,5783
16.84,5782
16.85,5781
16.86,5780
16.88,5779
16.89,5778
16.90,5777
16.91,5776
16.93,5775
16.94,5774
16.96,5773
16.97,5772
16.98,5771
17.00,5770
17.01,5769
17.02,5768
17.04,5767
17.05,5766
17.06,5765
17.08,5764
17.09,5763
17.10,5762
17.12,5761
17.13,5760
17.14,5759
17.16,5758
17.17,5757
17.18,5756
17.20,5755
17.21,5754
17.22,5753
17.24,5752
17.25,5751
17.26,5750
17.28,5749
17.29,5748
17.30,5747
17.32,5746
17.33,5745
17.34,5744
17.36,5743
17.37,5742
17.38,5741
17.39,5740
17.41,5739
17.42,5738
17.43,5737
17.45,5736
17.46,5735
17.47,5734
17.49,5733
17.50,5732
17.51,5731
17.53,5730
17.54,5729
17.55,5728
17.57,5727
17.58,5726
17.59,5725
17.61,5724
17.62,5723
17.63,5722
17.65,5721
17.66,5720
17.67,5719
17.69,5718
17.70,5717
17.71,5716
17.73,5715
17.74,5714
17.75,5713
17.77,5712
17.78,5711
17.79,5710
17.80,5709
17.82,5708
17.83,5707
17.84,5706
17.86,5705
17.87,5704
17.88,5703
17.90,5702
17.91,5701
17.92,5700
17.94,5699
17.95,5698
17.96,5697
17.98,5696
17.99,5695
18.00,5694
18.02,5693
18.03,5692
18.04,5691
18.06,5690
18.07,5689
18.08,5688
18.10,5687
18.11,5686
18.12,5685
18.14,5684
18.15,5683
18.16,5682
18.18,5681
18.19,5680
18.20,5679
18.22,5678
18.23,5677
18.24,5676
18.26,5675
18.27,5674
18.28,5673
18.30,5672
18.31,5671
18.32,5670
18.34,5669
18.35,5668
18.36,5667
18.37,5666
18.39,5665
18.40,5664
18.41,5663
18.43,5662
18.44,5661
18.45,5660
18.46,5659
18.48,5658
18.49,5657
18.50,5656
18.52,5655
18.53,5654
18.54,5653
18.56,5652
18.57,5651
18.58,5650
18.59,5649
18.61,5648
18.62,5647
18.63,5646
18.65,5645
18.66,5644
18.67,5643
18.68,5642
18.70,5641
18.71,5640
18.72,5639
18.74,5638
18.75,5637
18.76,5636
18.78,5635
18.79,5634
18.80,5633
18.82,5632
18.83,5631
18.84,5630
18.85,5629
18.87,5628
18.88,5627
18.89,5626
18.91,5625
18.92,5624
18.93,5623
18.94,5622
18.96,5621
18.97,5620
18.98,5619
19.00,5618
19.01,5617
19.02,5616
19.04,5615
19.05,5614
19.06,5613
19.07,5612
19.09,5611
19.10,5610
19.11,5609
19.13,5608
19.14,5607
19.15,5606
19.16,5605
19.18,5604
19.19,5603
19.20,5602
19.22,5601
19.23,5600
19.24,5599
19.25,5598
19.27,5597
19.28,5596
19.29,5595
19.31,5594
19.32,5593
19.33,5592
19.34,5591
19.36,5590
19.37,5589
19.38,5588
19.40,5587
19.41,5586
19.42,5585
19.44,5584
19.45,5583
19.46,5582
19.47,5581
19.49,5580
19.50,5579
19.51,5578
19.53,5577
19.54,5576
19.55,5575
19.56,5574
19.58,5573
19.59,5572
19.60,5571
19.62,5570
19.63,5569
19.64,5568
19.65,5567
19.67,5566
19.68,5565
19.69,5564
19.71,5563
19.72,5562
19.73,5561
19.75,5560
19.76,5559
19.77,5558
19.78,5557
19.80,5556
19.81,5555
19.82,5554
19.84,5553
19.85,5552
19.86,5551
19.87,5550
19.89,5549
19.90,5548
19.91,5547
19.93,5546
19.94,5545
19.95,5544
19.97,5543
19.98,5542
19.99,5541
20.00,5540
20.02,5539
20.03,5538
20.04,5537
20.06,5536
20.07,5535
20.08,5534
20.09,5533
20.11,5532
20.12,5531
20.13,5530
20.15,5529
20.16,5528
20.17,5527
20.19,5526
20.20,5525
20.21,5524
20.22,5523
20.24,5522
20.25,5521
20.26,5520
20.27,5519
20.29,5518
20.30,5517
20.31,5516
20.33,5515
20.34,5514
20.35,5513
20.36,5512
20.38,5511
20.39,5510
20.40,5509
20.42,5508
20.43,5507
20.44,5506
20.46,5505
20.47,5504
20.48,5503
20.49,5502
20.51,5501
20.52,5500
20.53,5499
20.55,5498
20.56,5497
20.57,5496
20.58,5495
20.60,5494
20.61,5493
20.62,5492
20.64,5491
20.65,5490
20.66,5489
20.67,5488
20.69,5487
20.70,5486
20.71,5485
20.73,5484
20.74,5483
20.75,5482
20.76,5481
20.78,5480
20.79,5479
20.80,5478
20.82,5477
20.83,5476
20.84,5475
20.85,5474
20.87,5473
20.88,5472
20.89,5471
20.91,5470
20.92,5469
20.93,5468
20.94,5467
20.96,5466
20.97,5465
20.98,5464
20.99,5463
21.01,5462
21.02,5461
21.03,5460
21.05,5459
21.06,5458
21.07,5457
21.09,5456
21.10,5455
21.11,5454
21.12,5453
21.14,5452
21.15,5451
21.16,5450
21.17,5449
21.19,5448
21.20,5447
21.21,5446
21.23,5445
21.24,5444
21.25,5443
21.26,5442
21.28,5441
21.29,5440
21.30,5439
21.31,5438
21.33,5437
21.34,5436
21.35,5435
21.37,5434
21.38,5433
21.39,5432
21.40,5431
21.42,5430
21.43,5429
21.44,5428
21.45,5427
21.47,5426
21.48,5425
21.49,5424
21.50,5423
21.52,5422
21.53,5421
21.54,5420
21.56,5419
21.57,5418
21.58,5417
21.59,5416
21.61,5415
21.62,5414
21.63,5413
21.65,5412
21.66,5411
21.67,5410
21.68,5409
21.70,5408
21.71,5407
21.72,5406
21.74,5405
21.75,5404
21.76,5403
21.77,5402
21.79,5401
21.80,5400
21.81,5399
21.83,5398
21.84,5397
21.85,5396
21.86,5395
21.88,5394
21.89,5393
21.90,5392
21.91,5391
21.93,5390
21.94,5389
21.95,5388
21.96,5387
21.98,5386
21.99,5385
22.00,5384
22.01,5383
22.03,5382
22.04,5381
22.05,5380
22.06,5379
22.08,5378
22.09,5377
22.10,5376
22.11,5375
22.13,5374
22.14,5373
22.15,5372
22.16,5371
22.18,5370
22.19,5369
22.20,5368
22.22,5367
22.23,5366
22.24,5365
22.25,5364
22.27,5363
22.28,5362
22.29,5361
22.30,5360
22.32,5359
22.33,5358
22.34,5357
22.36,5356
22.37,5355
22.38,5354
22.39,5353
22.41,5352
22.42,5351
22.43,5350
22.45,5349
22.46,5348
22.47,5347
22.48,5346
22.50,5345
22.51,5344
22.52,5343
22.53,5342
22.54,5341
22.56,5340
22.57,5339
22.58,5338
22.59,5337
22.61,5336
22.62,5335
22.63,5334
22.65,5333
22.66,5332
22.67,5331
22.68,5330
22.70,5329
22.71,5328
22.72,5327
22.73,5326
22.75,5325
22.76,5324
22.77,5323
22.78,5322
22.80,5321
22.81,5320
22.82,5319
22.83,5318
22.85,5317
22.86,5316
22.87,5315
22.88,5314
22.90,5313
22.91,5312
22.92,5311
22.93,5310
22.95,5309
22.96,5308
22.97,5307
22.98,5306
23.00,5305
23.01,5304
23.02,5303
23.03,5302
23.05,5301
23.06,5300
23.07,5299
23.08,5298
23.10,5297
23.11,5296
23.12,5295
23.13,5294
23.14,5293
23.16,5292
23.17,5291
23.18,5290
23.19,5289
23.21,5288
23.22,5287
23.23,5286
23.24,5285
23.26,5284
23.27,5283
23.28,5282
23.29,5281
23.30,5280
23.32,5279
23.33,5278
23.34,5277
23.35,5276
23.37,5275
23.38,5274
23.39,5273
23.40,5272
23.41,5271
23.43,5270
23.44,5269
23.45,5268
23.46,5267
23.48,5266
23.49,5265
23.50,5264
23.51,5263
23.52,5262
23.54,5261
23.55,5260
23.56,5259
23.57,5258
23.58,5257
23.60,5256
23.61,5255
23.62,5254
23.63,5253
23.64,5252
23.66,5251
23.67,5250
23.68,5249
23.69,5248
23.71,5247
23.72,5246
23.73,5245
23.74,5244
23.75,5243
23.77,5242
23.78,5241
23.79,5240
23.80,5239
23.81,5238
23.83,5237
23.84,5236
23.85,5235
23.86,5234
23.87,5233
23.89,5232
23.90,5231
23.91,5230
23.92,5229
23.93,5228
23.95,5227
23.96,5226
23.97,5225
23.99,5224
24.00,5223
24.01,5222
24.02,5221
24.04,5220
24.05,5219
24.06,5218
24.07,5217
24.08,5216
24.10,5215
24.11,5214
24.12,5213
24.13,5212
24.14,5211
24.16,5210
24.17,5209
24.18,5208
24.19,5207
24.20,5206
24.22,5205
24.23,5204
24.24,5203
24.25,5202
24.26,5201
24.28,5200
24.29,5199
24.30,5198
24.31,5197
24.32,5196
24.34,5195
24.35,5194
24.36,5193
24.38,5192
24.39,5191
24.40,5190
24.41,5189
24.43,5188
24.44,5187
24.45,5186
24.46,5185
24.47,5184
24.49,5183
24.50,5182
24.51,5181
24.52,5180
24.53,5179
24.55,5178
24.56,5177
24.57,5176
24.58,5175
24.59,5174
24.61,5173
24.62,5172
24.63,5171
24.64,5170
24.65,5169
24.67,5168
24.68,5167
24.69,5166
24.70,5165
24.71,5164
24.73,5163
24.74,5162
24.75,5161
24.76,5160
24.77,5159
24.79,5158
24.80,5157
24.81,5156
24.82,5155
24.83,5154
24.85,5153
24.86,5152
24.87,5151
24.88,5150
24.89,5149
24.91,5148
24.92,5147
24.93,5146
24.94,5145
24.95,5144
24.96,5143
24.98,5142
24.99,5141
25.00,5140
25.01,5139
25.02,5138
25.04,5137
25.05,5136
25.06,5135
25.07,5134
25.08,5133
25.10,5132
25.11,5131
25.12,5130
25.13,5129
25.14,5128
25.16,5127
25.17,5126
25.18,5125
25.19,5124
25.20,5123
25.21,5122
25.23,5121
25.24,5120
25.25,5119
25.26,5118
25.27,5117
25.29,5116
25.30,5115
25.31,5114
25.32,5113
25.33,5112
25.35,5111
25.36,5110
25.37,5109
25.38,5108
25.39,5107
25.40,5106
25.42,5105
25.43,5104
25.44,5103
25.45,5102
25.46,5101
25.48,5100
25.49,5099
25.50,5098
25.51,5097
25.52,5096
25.53,5095
25.55,5094
25.56,5093
25.57,5092
25.58,5091
25.59,5090
25.60,5089
25.62,5088
25.63,5087
25.64,5086
25.65,5085
25.66,5084
25.68,5083
25.69,5082
25.70,5081
25.71,5080
25.72,5079
25.73,5078
25.75,5077
25.76,5076
25.77,5075
25.78,5074
25.79,5073
25.80,5072
25.82,5071
25.83,5070
25.84,5069
25.85,5068
25.86,5067
25.88,5066
25.89,5065
25.90,5064
25.91,5063
25.92,5062
25.93,5061
25.95,5060
25.96,5059
25.97,5058
25.98,5057
25.99,5056
26.00,5055
26.02,5054
26.03,5053
26.04,5052
26.05,5051
26.06,5050
26.08,5049
26.09,5048
26.10,5047
26.11,5046
26.12,5045
26.13,5044
26.15,5043
26.16,5042
26.17,5041
26.18,5040
26.19,5039
26.21,5038
26.22,5037
26.23,5036
26.24,5035
26.25,5034
26.26,5033
26.28,5032
26.29,5031
26.30,5030
26.31,5029
26.32,5028
26.34,5027
26.35,5026
26.36,5025
26.37,5024
26.38,5023
26.39,5022
26.41,5021
26.42,5020
26.43,5019
26.44,5018
26.45,5017
26.47,5016
26.48,5015
26.49,5014
26.50,5013
26.51,5012
26.52,5011
26.54,5010
26.55,5009
26.56,5008
26.57,5007
26.59,5006
26.60,5005
26.61,5004
26.62,5003
26.63,5002
26.64,5001
26.66,5000
26.67,4999
26.68,4998
26.69,4997
26.70,4996
26.71,4995
26.73,4994
26.74,4993
26.75,4992
26.76,4991
26.77,4990
26.78,4989
26.80,4988
26.81,4987
26.82,4986
26.83,4985
26.84,4984
26.86,4983
26.87,4982
26.88,4981
26.89,4980
26.90,4979
26.91,4978
26.93,4977
26.94,4976
26.95,4975
26.96,4974
26.97,4973
26.99,4972
27.00,4971
27.01,4970
27.02,4969
27.03,4968
27.04,4967
27.06,4966
27.07,4965
27.08,4964
27.09,4963
27.10,4962
27.11,4961
27.13,4960
27.14,4959
27.15,4958
27.16,4957
27.17,4956
27.18,4955
27.20,4954
27.21,4953
27.22,4952
27.23,4951
27.24,4950
27.25,4949
27.26,4948
27.28,4947
27.29,4946
27.30,4945
27.31,4944
27.32,4943
27.33,4942
27.35,4941
27.36,4940
27.37,4939
27.38,4938
27.39,4937
27.40,4936
27.42,4935
27.43,4934
27.44,4933
27.45,4932
27.46,4931
27.47,4930
27.49,4929
27.50,4928
27.51,4927
27.52,4926
27.53,4925
27.54,4924
27.56,4923
27.57,4922
27.58,4921
27.59,4920
27.60,4919
27.61,4918
27.63,4917
27.64,4916
27.65,4915
27.66,4914
27.69,4913
27.77,4912
27.92,4911
28.02,4910
28.04,4909
28.20,4908
28.22,4907
28.23,4906
28.28,4905
28.39,4904
28.49,4903
28.50,4902
28.51,4901
28.76,4900
28.77,4899
