1.63,10212
1.73,10211
1.75,10210
1.77,10209
1.79,10208
1.81,10207
1.83,10206
1.85,10205
1.86,10204
1.88,10203
1.89,10202
1.90,10201
1.92,10200
1.93,10199
1.94,10198
1.95,10197
1.97,10196
1.98,10195
1.99,10194
2.00,10193
2.01,10192
2.03,10191
2.04,10190
2.05,10189
2.06,10188
2.07,10187
2.09,10186
2.11,10185
2.12,10184
2.13,10183
2.14,10182
2.15,10181
2.16,10180
2.17,10179
2.18,10178
2.19,10177
2.20,10176
2.21,10175
2.22,10174
2.23,10173
2.25,10172
2.26,10171
2.27,10170
2.28,10169
2.29,10168
2.30,10167
2.31,10166
2.32,10165
2.34,10164
2.35,10163
2.36,10162
2.37,10161
2.38,10160
2.39,10159
2.40,10158
2.41,10157
2.43,10156
2.44,10155
2.45,10154
2.46,10153
2.47,10152
2.48,10151
2.50,10150
2.51,10149
2.52,10148
2.53,10147
2.55,10146
2.56,10145
2.58,10144
2.59,10143
2.60,10142
2.62,10141
2.63,10140
2.64,10139
2.66,10138
2.67,10137
2.68,10136
2.70,10135
2.71,10134
2.72,10133
2.74,10132
2.75,10131
2.76,10130
2.78,10129
2.79,10128
2.80,10127
2.83,10126
2.84,10125
2.85,10124
2.86,10123
2.87,10122
2.88,10121
2.89,10120
2.90,10119
2.91,10118
2.92,10117
2.94,10116
2.95,10115
2.96,10114
2.97,10113
2.98,10112
2.99,10111
3.00,10110
3.01,10109
3.02,10108
3.03,10107
3.05,10106
3.06,10105
3.07,10104
3.08,10103
3.09,10102
3.10,10101
3.11,10100
3.12,10099
3.13,10098
3.14,10097
3.16,10096
3.17,10095
3.18,10094
3.19,10093
3.20,10092
3.21,10091
3.22,10090
3.23,10089
3.24,10088
3.26,10087
3.27,10086
3.28,10085
3.29,10084
3.30,10083
3.31,10082
3.32,10081
3.33,10080
3.34,10079
3.35,10078
3.37,10077
3.38,10076
3.39,10075
3.40,10074
3.41,10073
3.42,10072
3.43,10071
3.44,10070
3.45,10069
3.46,10068
3.48,10067
3.50,10066
3.51,10065
3.52,10064
3.53,10063
3.54,10062
3.55,10061
3.56,10060
3.57,10059
3.58,10058
3.60,10057
3.61,10056
3.62,10055
3.63,10054
3.64,10053
3.65,10052
3.66,10051
3.67,10050
3.68,10049
3.70,10048
3.71,10047
3.72,10046
3.73,10045
3.74,10044
3.75,10043
3.76,10042
3.77,10041
3.78,10040
3.79,10039
3.80,10038
3.82,10037
3.83,10036
3.84,10035
3.85,10034
3.86,10033
3.87,10032
3.88,10031
3.89,10030
3.90,10029
3.91,10028
3.92,10027
3.94,10026
3.95,10025
3.96,10024
3.97,10023
3.98,10022
3.99,10021
4.00,10020
4.01,10019
4.02,10018
4.03,10017
4.04,10016
4.05,10015
4.06,10014
4.08,10013
4.09,10012
4.10,10011
4.11,10010
4.12,10009
4.13,10008
4.14,10007
4.15,10006
4.16,10005
4.17,10004
4.18,10003
4.20,10002
4.21,10001
4.22,10000
4.24,9999
4.25,9998
4.26,9997
4.27,9996
4.29,9995
4.30,9994
4.31,9993
4.33,9992
4.34,9991
4.35,9990
4.37,9989
4.38,9988
4.39,9987
4.40,9986
4.42,9985
4.43,9984
4.44,9983
4.46,9982
4.47,9981
4.48,9980
4.49,9979
4.51,9978
4.52,9977
4.53,9976
4.55,9975
4.56,9974
4.57,9973
4.58,9972
4.59,9971
4.61,9970
4.62,9969
4.63,9968
4.64,9967
4.66,9966
4.67,9965
4.68,9964
4.69,9963
4.71,9962
4.72,9961
4.73,9960
4.75,9959
4.76,9958
4.77,9957
4.79,9956
4.80,9955
4.81,9954
4.83,9953
4.84,9952
4.85,9951
4.87,9950
4.88,9949
4.90,9948
4.91,9947
4.93,9946
4.94,9945
4.95,9944
4.96,9943
4.97,9942
4.98,9941
4.99,9940
5.00,9939
5.02,9938
5.03,9937
5.04,9936
5.05,9935
5.06,9934
5.07,9933
5.08,9932
5.10,9931
5.11,9930
5.12,9929
5.13,9928
5.14,9927
5.15,9926
5.16,9925
5.17,9924
5.19,9923
5.20,9922
5.21,9921
5.22,9920
5.23,9919
5.24,9918
5.25,9917
5.26,9916
5.28,9915
5.29,9914
5.30,9913
5.31,9912
5.32,9911
5.33,9910
5.34,9909
5.35,9908
5.36,9907
5.38,9906
5.39,9905
5.40,9904
5.41,9903
5.42,9902
5.43,9901
5.44,9900
5.45,9899
5.46,9898
5.48,9897
5.49,9896
5.50,9895
5.51,9894
5.52,9893
5.53,9892
5.54,9891
5.55,9890
5.57,9889
5.58,9888
5.59,9887
5.60,9886
5.61,9885
5.62,9884
5.63,9883
5.64,9882
5.65,9881
5.67,9880
5.68,9879
5.69,9878
5.70,9877
5.71,9876
5.72,9875
5.73,9874
5.74,9873
5.75,9872
5.76,9871
5.77,9870
5.79,9869
5.80,9868
5.81,9867
5.82,9866
5.83,9865
5.84,9864
5.85,9863
5.86,9862
5.87,9861
5.89,9860
5.90,9859
5.91,9858
5.92,9857
5.93,9856
5.94,9855
5.95,9854
5.96,9853
5.97,9852
5.99,9851
6.00,9850
6.01,9849
6.02,9848
6.03,9847
6.04,9846
6.05,9845
6.06,9844
6.07,9843
6.08,9842
6.10,9841
6.11,9840
6.12,9839
6.13,9838
6.14,9837
6.15,9836
6.16,9835
6.17,9834
6.18,9833
6.19,9832
6.21,9831
6.22,9830
6.23,9829
6.24,9828
6.25,9827
6.26,9826
6.27,9825
6.28,9824
6.30,9823
6.31,9822
6.32,9821
6.33,9820
6.34,9819
6.35,9818
6.36,9817
6.37,9816
6.38,9815
6.39,9814
6.41,9813
6.42,9812
6.43,9811
6.44,9810
6.45,9809
6.46,9808
6.47,9807
6.48,9806
6.49,9805
6.50,9804
6.52,9803
6.53,9802
6.54,9801
6.55,9800
6.56,9799
6.57,9798
6.58,9797
6.59,9796
6.60,9795
6.61,9794
6.63,9793
6.64,9792
6.65,9791
6.66,9790
6.67,9789
6.68,9788
6.69,9787
6.70,9786
6.71,9785
6.72,9784
6.73,9783
6.74,9782
6.75,9781
6.77,9780
6.78,9779
6.79,9778
6.80,9777
6.81,9776
6.82,9775
6.83,9774
6.84,9773
6.85,9772
6.86,9771
6.87,9770
6.88,9769
6.89,9768
6.91,9767
6.92,9766
6.93,9765
6.94,9764
6.95,9763
6.96,9762
6.97,9761
6.98,9760
6.99,9759
7.00,9758
7.01,9757
7.02,9756
7.03,9755
7.04,9754
7.06,9753
7.07,9752
7.08,9751
7.09,9750
7.10,9749
7.11,9748
7.12,9747
7.13,9746
7.14,9745
7.15,9744
7.16,9743
7.18,9742
7.19,9741
7.20,9740
7.21,9739
7.22,9738
7.23,9737
7.24,9736
7.25,9735
7.26,9734
7.27,9733
7.28,9732
7.30,9731
7.31,9730
7.32,9729
7.33,9728
7.34,9727
7.35,9726
7.36,9725
7.37,9724
7.38,9723
7.40,9722
7.41,9721
7.42,9720
7.43,9719
7.44,9718
7.45,9717
7.46,9716
7.47,9715
7.48,9714
7.50,9713
7.51,9712
7.52,9711
7.53,9710
7.55,9709
7.56,9708
7.57,9707
7.58,9706
7.59,9705
7.61,9704
7.62,9703
7.63,9702
7.65,9701
7.66,9700
7.67,9699
7.69,9698
7.70,9697
7.71,9696
7.73,9695
7.74,9694
7.75,9693
7.77,9692
7.78,9691
7.79,9690
7.81,9689
7.82,9688
7.83,9687
7.85,9686
7.86,9685
7.87,9684
7.89,9683
7.90,9682
7.91,9681
7.93,9680
7.94,9679
7.95,9678
7.97,9677
7.98,9676
7.99,9675
8.01,9674
8.02,9673
8.03,9672
8.05,9671
8.06,9670
8.07,9669
8.09,9668
8.10,9667
8.11,9666
8.13,9665
8.14,9664
8.16,9663
8.17,9662
8.18,9661
8.20,9660
8.21,9659
8.22,9658
8.24,9657
8.25,9656
8.26,9655
8.28,9654
8.29,9653
8.30,9652
8.32,9651
8.33,9650
8.34,9649
8.36,9648
8.37,9647
8.38,9646
8.40,9645
8.41,9644
8.42,9643
8.44,9642
8.45,9641
8.46,9640
8.48,9639
8.49,9638
8.50,9637
8.52,9636
8.53,9635
8.54,9634
8.56,9633
8.57,9632
8.58,9631
8.60,9630
8.61,9629
8.62,9628
8.64,9627
8.65,9626
8.66,9625
8.67,9624
8.69,9623
8.70,9622
8.71,9621
8.73,9620
8.74,9619
8.75,9618
8.77,9617
8.78,9616
8.79,9615
8.80,9614
8.82,9613
8.83,9612
8.84,9611
8.86,9610
8.87,9609
8.88,9608
8.90,9607
8.91,9606
8.92,9605
8.94,9604
8.95,9603
8.96,9602
8.97,9601
8.99,9600
9.00,9599
9.01,9598
9.03,9597
9.04,9596
9.05,9595
9.07,9594
9.08,9593
9.09,9592
9.10,9591
9.11,9590
9.12,9589
9.13,9588
9.14,9587
9.15,9586
9.17,9585
9.18,9584
9.19,9583
9.20,9582
9.21,9581
9.22,9580
9.23,9579
9.24,9578
9.25,9577
9.26,9576
9.28,9575
9.29,9574
9.30,9573
9.31,9572
9.32,9571
9.33,9570
9.34,9569
9.35,9568
9.36,9567
9.37,9566
9.38,9565
9.40,9564
9.41,9563
9.42,9562
9.43,9561
9.44,9560
9.45,9559
9.46,9558
9.47,9557
9.48,9556
9.49,9555
9.50,9554
9.51,9553
9.53,9552
9.54,9551
9.55,9550
9.56,9549
9.57,9548
9.58,9547
9.59,9546
9.60,9545
9.61,9544
9.62,9543
9.64,9542
9.65,9541
9.66,9540
9.67,9539
9.68,9538
9.69,9537
9.70,9536
9.71,9535
9.72,9534
9.73,9533
9.74,9532
9.75,9531
9.77,9530
9.78,9529
9.79,9528
9.80,9527
9.81,9526
9.82,9525
9.83,9524
9.84,9523
9.85,9522
9.86,9521
9.87,9520
9.89,9519
9.90,9518
9.91,9517
9.92,9516
9.93,9515
9.94,9514
9.95,9513
9.96,9512
9.97,9511
9.98,9510
10.00,9509
10.01,9508
10.02,9507
10.03,9506
10.04,9505
10.05,9504
10.06,9503
10.07,9502
10.08,9501
10.09,9500
10.10,9499
10.12,9498
10.13,9497
10.14,9496
10.15,9495
10.16,9494
10.17,9493
10.18,9492
10.19,9491
10.20,9490
10.21,9489
10.22,9488
10.24,9487
10.25,9486
10.26,9485
10.27,9484
10.28,9483
10.29,9482
10.30,9481
10.31,9480
10.32,9479
10.33,9478
10.35,9477
10.36,9476
10.37,9475
10.38,9474
10.39,9473
10.40,9472
10.41,9471
10.42,9470
10.43,9469
10.45,9468
10.46,9467
10.47,9466
10.48,9465
10.49,9464
10.50,9463
10.51,9462
10.52,9461
10.53,9460
10.54,9459
10.56,9458
10.57,9457
10.58,9456
10.59,9455
10.60,9454
10.61,9453
10.62,9452
10.63,9451
10.64,9450
10.65,9449
10.66,9448
10.68,9447
10.69,9446
10.70,9445
10.71,9444
10.72,9443
10.73,9442
10.74,9441
10.75,9440
10.76,9439
10.78,9438
10.79,9437
10.80,9436
10.81,9435
10.82,9434
10.83,9433
10.84,9432
10.85,9431
10.86,9430
10.87,9429
10.88,9428
10.89,9427
10.91,9426
10.92,9425
10.93,9424
10.94,9423
10.95,9422
10.96,9421
10.97,9420
10.98,9419
10.99,9418
11.00,9417
11.01,9416
11.02,9415
11.03,9414
11.04,9413
11.05,9412
11.06,9411
11.07,9410
11.09,9409
11.10,9408
11.11,9407
11.12,9406
11.13,9405
11.14,9404
11.15,9403
11.16,9402
11.17,9401
11.18,9400
11.19,9399
11.20,9398
11.21,9397
11.22,9396
11.24,9395
11.25,9394
11.26,9393
11.27,9392
11.28,9391
11.29,9390
11.30,9389
11.31,9388
11.32,9387
11.33,9386
11.34,9385
11.35,9384
11.36,9383
11.37,9382
11.39,9381
11.40,9380
11.41,9379
11.42,9378
11.43,9377
11.44,9376
11.45,9375
11.46,9374
11.47,9373
11.48,9372
11.49,9371
11.50,9370
11.51,9369
11.53,9368
11.54,9367
11.55,9366
11.56,9365
11.57,9364
11.58,9363
11.59,9362
11.60,9361
11.61,9360
11.62,9359
11.63,9358
11.64,9357
11.65,9356
11.66,9355
11.67,9354
11.69,9353
11.70,9352
11.71,9351
11.72,9350
11.73,9349
11.74,9348
11.75,9347
11.76,9346
11.77,9345
11.78,9344
11.79,9343
11.80,9342
11.81,9341
11.82,9340
11.83,9339
11.85,9338
11.86,9337
11.87,9336
11.88,9335
11.89,9334
11.90,9333
11.91,9332
11.92,9331
11.93,9330
11.94,9329
11.96,9328
11.97,9327
11.98,9326
11.99,9325
12.00,9324
12.01,9323
12.02,9322
12.03,9321
12.04,9320
12.05,9319
12.07,9318
12.08,9317
12.09,9316
12.10,9315
12.11,9314
12.12,9313
12.13,9312
12.14,9311
12.16,9310
12.17,9309
12.18,9308
12.19,9307
12.20,9306
12.22,9305
12.23,9304
12.24,9303
12.25,9302
12.26,9301
12.27,9300
12.28,9299
12.29,9298
12.30,9297
12.31,9296
12.33,9295
12.34,9294
12.35,9293
12.36,9292
12.37,9291
12.38,9290
12.39,9289
12.40,9288
12.41,9287
12.42,9286
12.43,9285
12.44,9284
12.46,9283
12.47,9282
12.48,9281
12.49,9280
12.50,9279
12.51,9278
12.52,9277
12.53,9276
12.54,9275
12.55,9274
12.56,9273
12.58,9272
12.59,9271
12.60,9270
12.61,9269
12.62,9268
12.63,9267
12.64,9266
12.65,9265
12.66,9264
12.67,9263
12.68,9262
12.70,9261
12.71,9260
12.72,9259
12.73,9258
12.74,9257
12.75,9256
12.76,9255
12.77,9254
12.78,9253
12.79,9252
12.80,9251
12.81,9250
12.82,9249
12.83,9248
12.85,9247
12.86,9246
12.87,9245
12.88,9244
12.89,9243
12.90,9242
12.91,9241
12.92,9240
12.93,9239
12.94,9238
12.95,9237
12.97,9236
12.98,9235
12.99,9234
13.00,9233
13.01,9232
13.02,9231
13.03,9230
13.04,9229
13.05,9228
13.06,9227
13.07,9226
13.09,9225
13.10,9224
13.11,9223
13.12,9222
13.13,9221
13.14,9220
13.15,9219
13.16,9218
13.17,9217
13.18,9216
13.19,9215
13.21,9214
13.22,9213
13.23,9212
13.24,9211
13.25,9210
13.26,9209
13.27,9208
13.28,9207
13.29,9206
13.30,9205
13.31,9204
13.32,9203
13.34,9202
13.35,9201
13.36,9200
13.37,9199
13.38,9198
13.39,9197
13.40,9196
13.41,9195
13.42,9194
13.43,9193
13.44,9192
13.45,9191
13.46,9190
13.47,9189
13.49,9188
13.50,9187
13.51,9186
13.52,9185
13.53,9184
13.54,9183
13.55,9182
13.56,9181
13.57,9180
13.58,9179
13.60,9178
13.61,9177
13.62,9176
13.63,9175
13.64,9174
13.65,9173
13.66,9172
13.67,9171
13.68,9170
13.70,9169
13.71,9168
13.72,9167
13.73,9166
13.74,9165
13.75,9164
13.76,9163
13.77,9162
13.78,9161
13.79,9160
13.80,9159
13.81,9158
13.82,9157
13.84,9156
13.85,9155
13.86,9154
13.87,9153
13.88,9152
13.89,9151
13.90,9150
13.91,9149
13.92,9148
13.94,9147
13.95,9146
13.96,9145
13.97,9144
13.98,9143
13.99,9142
14.00,9141
14.01,9140
14.02,9139
14.04,9138
14.05,9137
14.06,9136
14.07,9135
14.08,9134
14.09,9133
14.10,9132
14.11,9131
14.12,9130
14.13,9129
14.15,9128
14.16,9127
14.17,9126
14.18,9125
14.19,9124
14.20,9123
14.21,9122
14.22,9121
14.23,9120
14.24,9119
14.25,9118
14.26,9117
14.28,9116
14.29,9115
14.30,9114
14.31,9113
14.32,9112
14.33,9111
14.34,9110
14.35,9109
14.36,9108
14.37,9107
14.38,9106
14.39,9105
14.41,9104
14.42,9103
14.43,9102
14.44,9101
14.45,9100
14.46,9099
14.47,9098
14.48,9097
14.49,9096
14.50,9095
14.52,9094
14.53,9093
14.54,9092
14.55,9091
14.56,9090
14.57,9089
14.58,9088
14.59,9087
14.60,9086
14.61,9085
14.62,9084
14.63,9083
14.64,9082
14.66,9081
14.67,9080
14.68,9079
14.69,9078
14.70,9077
14.71,9076
14.72,9075
14.73,9074
14.74,9073
14.75,9072
14.76,9071
14.78,9070
14.79,9069
14.80,9068
14.81,9067
14.82,9066
14.83,9065
14.84,9064
14.85,9063
14.86,9062
14.87,9061
14.88,9060
14.89,9059
14.90,9058
14.91,9057
14.93,9056
14.94,9055
14.95,9054
14.96,9053
14.97,9052
14.98,9051
14.99,9050
15.00,9049
15.01,9048
15.02,9047
15.03,9046
15.04,9045
15.05,9044
15.06,9043
15.07,9042
15.08,9041
15.09,9040
15.10,9039
15.12,9038
15.13,9037
15.14,9036
15.15,9035
15.16,9034
15.17,9033
15.18,9032
15.19,9031
15.20,9030
15.21,9029
15.22,9028
15.23,9027
15.24,9026
15.25,9025
15.26,9024
15.27,9023
15.28,9022
15.29,9021
15.31,9020
15.32,9019
15.33,9018
15.34,9017
15.35,9016
15.36,9015
15.37,9014
15.38,9013
15.39,9012
15.40,9011
15.41,9010
15.42,9009
15.43,9008
15.44,9007
15.45,9006
15.47,9005
15.48,9004
15.49,9003
15.50,9002
15.51,9001
15.52,9000
15.53,8999
15.54,8998
15.55,8997
15.56,8996
15.57,8995
15.58,8994
15.59,8993
15.61,8992
15.62,8991
15.63,8990
15.64,8989
15.65,8988
15.66,8987
15.67,8986
15.68,8985
15.69,8984
15.70,8983
15.71,8982
15.73,8981
15.74,8980
15.75,8979
15.76,8978
15.77,8977
15.78,8976
15.79,8975
15.80,8974
15.81,8973
15.82,8972
15.83,8971
15.84,8970
15.86,8969
15.87,8968
15.88,8967
15.89,8966
15.90,8965
15.91,8964
15.92,8963
15.93,8962
15.94,8961
15.95,8960
15.96,8959
15.97,8958
15.99,8957
16.00,8956
16.01,8955
16.02,8954
16.03,8953
16.04,8952
16.05,8951
16.06,8950
16.07,8949
16.08,8948
16.09,8947
16.10,8946
16.12,8945
16.13,8944
16.14,8943
16.15,8942
16.16,8941
16.17,8940
16.18,8939
16.19,8938
16.20,8937
16.21,8936
16.22,8935
16.23,8934
16.25,8933
16.26,8932
16.27,8931
16.28,8930
16.29,8929
16.30,8928
16.31,8927
16.32,8926
16.33,8925
16.34,8924
16.35,8923
16.37,8922
16.38,8921
16.39,8920
16.40,8919
16.41,8918
16.42,8917
16.43,8916
16.44,8915
16.45,8914
16.46,8913
16.47,8912
16.48,8911
16.50,8910
16.51,8909
16.52,8908
16.53,8907
16.54,8906
16.55,8905
16.56,8904
16.57,8903
16.58,8902
16.59,8901
16.60,8900
16.61,8899
16.63,8898
16.64,8897
16.65,8896
16.66,8895
16.67,8894
16.68,8893
16.69,8892
16.70,8891
16.71,8890
16.72,8889
16.73,8888
16.75,8887
16.76,8886
16.77,8885
16.78,8884
16.79,8883
16.80,8882
16.81,8881
16.82,8880
16.83,8879
16.84,8878
16.85,8877
16.86,8876
16.87,8875
16.88,8874
16.90,8873
16.91,8872
16.92,8871
16.93,8870
16.94,8869
16.95,8868
16.96,8867
16.97,8866
16.98,8865
16.99,8864
17.00,8863
17.01,8862
17.02,8861
17.03,8860
17.04,8859
17.05,8858
17.06,8857
17.08,8856
17.09,8855
17.10,8854
17.11,8853
17.12,8852
17.13,8851
17.14,8850
17.15,8849
17.16,8848
17.17,8847
17.18,8846
17.19,8845
17.20,8844
17.21,8843
17.22,8842
17.23,8841
17.24,8840
17.25,8839
17.26,8838
17.27,8837
17.29,8836
17.30,8835
17.31,8834
17.32,8833
17.33,8832
17.34,8831
17.35,8830
17.36,8829
17.37,8828
17.38,8827
17.40,8826
17.41,8825
17.42,8824
17.43,8823
17.44,8822
17.45,8821
17.46,8820
17.47,8819
17.48,8818
17.49,8817
17.50,8816
17.51,8815
17.52,8814
17.54,8813
17.55,8812
17.56,8811
17.57,8810
17.58,8809
17.59,8808
17.60,8807
17.61,8806
17.62,8805
17.63,8804
17.64,8803
17.65,8802
17.66,8801
17.67,8800
17.69,8799
17.70,8798
17.71,8797
17.72,8796
17.73,8795
17.74,8794
17.75,8793
17.76,8792
17.77,8791
17.78,8790
17.79,8789
17.80,8788
17.82,8787
17.83,8786
17.84,8785
17.85,8784
17.86,8783
17.87,8782
17.88,8781
17.89,8780
17.90,8779
17.91,8778
17.92,8777
17.93,8776
17.95,8775
17.96,8774
17.97,8773
17.98,8772
17.99,8771
18.00,8770
18.01,8769
18.02,8768
18.03,8767
18.04,8766
18.05,8765
18.06,8764
18.07,8763
18.09,8762
18.10,8761
18.11,8760
18.12,8759
18.13,8758
18.14,8757
18.15,8756
18.16,8755
18.17,8754
18.18,8753
18.19,8752
18.20,8751
18.22,8750
18.23,8749
18.24,8748
18.25,8747
18.26,8746
18.27,8745
18.28,8744
18.29,8743
18.30,8742
18.31,8741
18.32,8740
18.34,8739
18.35,8738
18.36,8737
18.37,8736
18.38,8735
18.39,8734
18.40,8733
18.41,8732
18.42,8731
18.43,8730
18.44,8729
18.45,8728
18.46,8727
18.48,8726
18.49,8725
18.50,8724
18.51,8723
18.52,8722
18.53,8721
18.54,8720
18.55,8719
18.56,8718
18.57,8717
18.58,8716
18.59,8715
18.60,8714
18.62,8713
18.63,8712
18.64,8711
18.65,8710
18.66,8709
18.67,8708
18.68,8707
18.69,8706
18.70,8705
18.71,8704
18.72,8703
18.73,8702
18.74,8701
18.75,8700
18.77,8699
18.78,8698
18.79,8697
18.80,8696
18.81,8695
18.82,8694
18.83,8693
18.84,8692
18.85,8691
18.86,8690
18.87,8689
18.88,8688
18.90,8687
18.91,8686
18.92,8685
18.93,8684
18.94,8683
18.95,8682
18.96,8681
18.97,8680
18.98,8679
18.99,8678
19.00,8677
19.01,8676
19.02,8675
19.04,8674
19.05,8673
19.06,8672
19.07,8671
19.08,8670
19.09,8669
19.10,8668
19.11,8667
19.12,8666
19.13,8665
19.14,8664
19.15,8663
19.16,8662
19.17,8661
19.18,8660
19.20,8659
19.21,8658
19.22,8657
19.23,8656
19.24,8655
19.25,8654
19.26,8653
19.27,8652
19.28,8651
19.29,8650
19.30,8649
19.31,8648
19.32,8647
19.34,8646
19.35,8645
19.36,8644
19.37,8643
19.38,8642
19.39,8641
19.40,8640
19.41,8639
19.42,8638
19.43,8637
19.44,8636
19.45,8635
19.46,8634
19.47,8633
19.48,8632
19.49,8631
19.50,8630
19.51,8629
19.52,8628
19.54,8627
19.55,8626
19.56,8625
19.57,8624
19.58,8623
19.59,8622
19.60,8621
19.61,8620
19.62,8619
19.63,8618
19.64,8617
19.65,8616
19.66,8615
19.67,8614
19.68,8613
19.69,8612
19.70,8611
19.71,8610
19.72,8609
19.73,8608
19.75,8607
19.76,8606
19.77,8605
19.78,8604
19.79,8603
19.80,8602
19.81,8601
19.82,8600
19.83,8599
19.84,8598
19.85,8597
19.86,8596
19.87,8595
19.88,8594
19.89,8593
19.90,8592
19.91,8591
19.93,8590
19.94,8589
19.95,8588
19.96,8587
19.97,8586
19.98,8585
19.99,8584
20.00,8583
20.01,8582
20.02,8581
20.03,8580
20.04,8579
20.05,8578
20.06,8577
20.07,8576
20.08,8575
20.09,8574
20.10,8573
20.11,8572
20.12,8571
20.14,8570
20.15,8569
20.16,8568
20.17,8567
20.18,8566
20.19,8565
20.20,8564
20.21,8563
20.22,8562
20.23,8561
20.24,8560
20.25,8559
20.26,8558
20.27,8557
20.28,8556
20.29,8555
20.30,8554
20.31,8553
20.32,8552
20.33,8551
20.35,8550
20.36,8549
20.37,8548
20.38,8547
20.39,8546
20.40,8545
20.41,8544
20.42,8543
20.43,8542
20.44,8541
20.45,8540
20.46,8539
20.47,8538
20.48,8537
20.49,8536
20.50,8535
20.51,8534
20.52,8533
20.53,8532
20.54,8531
20.55,8530
20.56,8529
20.57,8528
20.58,8527
20.60,8526
20.61,8525
20.62,8524
20.63,8523
20.64,8522
20.65,8521
20.66,8520
20.67,8519
20.68,8518
20.69,8517
20.70,8516
20.71,8515
20.72,8514
20.73,8513
20.74,8512
20.75,8511
20.76,8510
20.77,8509
20.78,8508
20.79,8507
20.80,8506
20.82,8505
20.83,8504
20.84,8503
20.85,8502
20.86,8501
20.87,8500
20.88,8499
20.89,8498
20.90,8497
20.91,8496
20.92,8495
20.93,8494
20.94,8493
20.95,8492
20.96,8491
20.97,8490
20.98,8489
20.99,8488
21.00,8487
21.01,8486
21.03,8485
21.04,8484
21.05,8483
21.06,8482
21.07,8481
21.08,8480
21.09,8479
21.10,8478
21.11,8477
21.12,8476
21.13,8475
21.14,8474
21.15,8473
21.16,8472
21.17,8471
21.18,8470
21.19,8469
21.20,8468
21.21,8467
21.22,8466
21.23,8465
21.24,8464
21.25,8463
21.26,8462
21.28,8461
21.29,8460
21.30,8459
21.31,8458
21.32,8457
21.33,8456
21.34,8455
21.35,8454
21.36,8453
21.37,8452
21.38,8451
21.39,8450
21.40,8449
21.41,8448
21.42,8447
21.43,8446
21.44,8445
21.45,8444
21.46,8443
21.47,8442
21.48,8441
21.49,8440
21.50,8439
21.51,8438
21.53,8437
21.54,8436
21.55,8435
21.56,8434
21.57,8433
21.58,8432
21.59,8431
21.60,8430
21.61,8429
21.62,8428
21.63,8427
21.64,8426
21.65,8425
21.66,8424
21.67,8423
21.68,8422
21.69,8421
21.70,8420
21.71,8419
21.72,8418
21.74,8417
21.75,8416
21.76,8415
21.77,8414
21.78,8413
21.79,8412
21.80,8411
21.81,8410
21.82,8409
21.83,8408
21.84,8407
21.85,8406
21.86,8405
21.87,8404
21.88,8403
21.89,8402
21.90,8401
21.91,8400
21.92,8399
21.93,8398
21.94,8397
21.95,8396
21.96,8395
21.97,8394
21.98,8393
21.99,8392
22.00,8391
22.01,8390
22.02,8389
22.03,8388
22.04,8387
22.05,8386
22.06,8385
22.08,8384
22.09,8383
22.10,8382
22.11,8381
22.12,8380
22.13,8379
22.14,8378
22.15,8377
22.16,8376
22.17,8375
22.18,8374
22.19,8373
22.20,8372
22.21,8371
22.22,8370
22.23,8369
22.24,8368
22.25,8367
22.26,8366
22.27,8365
22.28,8364
22.30,8363
22.31,8362
22.32,8361
22.33,8360
22.34,8359
22.35,8358
22.36,8357
22.37,8356
22.38,8355
22.39,8354
22.40,8353
22.41,8352
22.42,8351
22.43,8350
22.44,8349
22.45,8348
22.46,8347
22.47,8346
22.48,8345
22.49,8344
22.50,8343
22.52,8342
22.53,8341
22.54,8340
22.55,8339
22.56,8338
22.57,8337
22.58,8336
22.59,8335
22.60,8334
22.61,8333
22.62,8332
22.63,8331
22.64,8330
22.65,8329
22.66,8328
22.67,8327
22.68,8326
22.69,8325
22.70,8324
22.71,8323
22.72,8322
22.73,8321
22.74,8320
22.76,8319
22.77,8318
22.78,8317
22.79,8316
22.80,8315
22.81,8314
22.82,8313
22.83,8312
22.84,8311
22.85,8310
22.86,8309
22.87,8308
22.88,8307
22.89,8306
22.90,8305
22.91,8304
22.92,8303
22.93,8302
22.94,8301
22.95,8300
22.96,8299
22.97,8298
22.98,8297
22.99,8296
23.00,8295
23.01,8294
23.03,8293
23.04,8292
23.05,8291
23.06,8290
23.07,8289
23.08,8288
23.09,8287
23.10,8286
23.11,8285
23.12,8284
23.13,8283
23.14,8282
23.15,8281
23.16,8280
23.17,8279
23.18,8278
23.19,8277
23.20,8276
23.21,8275
23.22,8274
23.23,8273
23.24,8272
23.25,8271
23.26,8270
23.27,8269
23.28,8268
23.29,8267
23.31,8266
23.32,8265
23.33,8264
23.34,8263
23.35,8262
23.36,8261
23.37,8260
23.38,8259
23.39,8258
23.40,8257
23.41,8256
23.42,8255
23.43,8254
23.44,8253
23.45,8252
23.46,8251
23.47,8250
23.48,8249
23.50,8248
23.51,8247
23.52,8246
23.53,8245
23.54,8244
23.55,8243
23.56,8242
23.57,8241
23.58,8240
23.59,8239
23.60,8238
23.61,8237
23.62,8236
23.63,8235
23.64,8234
23.65,8233
23.66,8232
23.67,8231
23.69,8230
23.70,8229
23.71,8228
23.72,8227
23.73,8226
23.74,8225
23.75,8224
23.76,8223
23.77,8222
23.78,8221
23.79,8220
23.80,8219
23.81,8218
23.82,8217
23.83,8216
23.84,8215
23.85,8214
23.87,8213
23.88,8212
23.89,8211
23.90,8210
23.91,8209
23.92,8208
23.93,8207
23.94,8206
23.95,8205
23.96,8204
23.97,8203
23.98,8202
24.00,8201
24.01,8200
24.02,8199
24.03,8198
24.04,8197
24.05,8196
24.06,8195
24.07,8194
24.08,8193
24.09,8192
24.10,8191
24.11,8190
24.12,8189
24.13,8188
24.14,8187
24.16,8186
24.17,8185
24.18,8184
24.19,8183
24.20,8182
24.21,8181
24.22,8180
24.23,8179
24.24,8178
24.25,8177
24.26,8176
24.27,8175
24.28,8174
24.29,8173
24.30,8172
24.32,8171
24.33,8170
24.34,8169
24.35,8168
24.36,8167
24.37,8166
24.38,8165
24.39,8164
24.40,8163
24.41,8162
24.42,8161
24.43,8160
24.44,8159
24.45,8158
24.46,8157
24.47,8156
24.49,8155
24.50,8154
24.51,8153
24.52,8152
24.53,8151
24.54,8150
24.55,8149
24.56,8148
24.57,8147
24.58,8146
24.59,8145
24.60,8144
24.61,8143
24.62,8142
24.64,8141
24.65,8140
24.66,8139
24.67,8138
24.68,8137
24.69,8136
24.70,8135
24.72,8134
24.73,8133
24.74,8132
24.75,8131
24.76,8130
24.77,8129
24.78,8128
24.79,8127
24.80,8126
24.81,8125
24.82,8124
24.83,8123
24.84,8122
24.85,8121
24.86,8120
24.88,8119
24.89,8118
24.90,8117
24.91,8116
24.92,8115
24.93,8114
24.94,8113
24.95,8112
24.96,8111
24.97,8110
24.98,8109
24.99,8108
25.00,8107
25.01,8106
25.02,8105
25.03,8104
25.05,8103
25.06,8102
25.07,8101
25.08,8100
25.09,8099
25.10,8098
25.11,8097
25.12,8096
25.13,8095
25.14,8094
25.15,8093
25.16,8092
25.17,8091
25.18,8090
25.19,8089
25.20,8088
25.22,8087
25.23,8086
25.24,8085
25.25,8084
25.26,8083
25.27,8082
25.28,8081
25.29,8080
25.30,8079
25.31,8078
25.32,8077
25.33,8076
25.34,8075
25.35,8074
25.36,8073
25.38,8072
25.39,8071
25.40,8070
25.41,8069
25.42,8068
25.43,8067
25.44,8066
25.45,8065
25.46,8064
25.47,8063
25.48,8062
25.49,8061
25.50,8060
25.52,8059
25.53,8058
25.54,8057
25.55,8056
25.56,8055
25.57,8054
25.58,8053
25.59,8052
25.60,8051
25.61,8050
25.62,8049
25.63,8048
25.64,8047
25.66,8046
25.67,8045
25.68,8044
25.69,8043
25.70,8042
25.72,8041
25.73,8040
25.74,8039
25.75,8038
25.76,8037
25.78,8036
25.79,8035
25.80,8034
25.81,8033
25.82,8032
25.83,8031
25.84,8030
25.85,8029
25.86,8028
25.87,8027
25.88,8026
25.90,8025
25.91,8024
25.92,8023
25.93,8022
25.94,8021
25.95,8020
25.96,8019
25.97,8018
25.98,8017
25.99,8016
26.00,8015
26.02,8014
26.03,8013
26.04,8012
26.05,8011
26.06,8010
26.07,8009
26.08,8008
26.09,8007
26.10,8006
26.11,8005
26.12,8004
26.13,8003
26.15,8002
26.16,8001
26.17,8000
26.18,7999
26.19,7998
26.20,7997
26.21,7996
26.22,7995
26.23,7994
26.24,7993
26.25,7992
26.27,7991
26.28,7990
26.29,7989
26.30,7988
26.31,7987
26.32,7986
26.33,7985
26.34,7984
26.35,7983
26.36,7982
26.37,7981
26.39,7980
26.40,7979
26.41,7978
26.42,7977
26.43,7976
26.44,7975
26.45,7974
26.46,7973
26.47,7972
26.48,7971
26.50,7970
26.51,7969
26.52,7968
26.53,7967
26.54,7966
26.55,7965
26.56,7964
26.57,7963
26.58,7962
26.59,7961
26.61,7960
26.62,7959
26.63,7958
26.64,7957
26.65,7956
26.66,7955
26.67,7954
26.68,7953
26.69,7952
26.70,7951
26.71,7950
26.72,7949
26.74,7948
26.75,7947
26.76,7946
26.77,7945
26.78,7944
26.79,7943
26.80,7942
26.81,7941
26.82,7940
26.83,7939
26.85,7938
26.86,7937
26.87,7936
26.88,7935
26.89,7934
26.90,7933
26.91,7932
26.92,7931
26.94,7930
26.95,7929
26.96,7928
26.97,7927
26.98,7926
26.99,7925
27.00,7924
27.02,7923
27.03,7922
27.04,7921
27.05,7920
27.06,7919
27.07,7918
27.08,7917
27.09,7916
27.10,7915
27.11,7914
27.12,7913
27.13,7912
27.15,7911
27.16,7910
27.17,7909
27.18,7908
27.19,7907
27.20,7906
27.21,7905
27.22,7904
27.23,7903
27.24,7902
27.25,7901
27.26,7900
27.28,7899
27.29,7898
27.30,7897
27.31,7896
27.32,7895
27.33,7894
27.34,7893
27.35,7892
27.36,7891
27.37,7890
27.39,7889
27.40,7888
27.41,7887
27.42,7886
27.43,7885
27.44,7884
27.45,7883
27.46,7882
27.47,7881
27.49,7880
27.50,7879
27.51,7878
27.52,7877
27.53,7876
27.54,7875
27.55,7874
27.56,7873
27.57,7872
27.58,7871
27.59,7870
27.61,7869
27.62,7868
27.63,7867
27.64,7866
27.65,7865
27.66,7864
27.67,7863
27.68,7862
27.69,7861
27.70,7860
27.72,7859
27.73,7858
27.74,7857
27.75,7856
27.76,7855
27.77,7854
27.78,7853
27.79,7852
27.80,7851
27.81,7850
27.83,7849
27.84,7848
27.85,7847
27.86,7846
27.87,7845
27.88,7844
27.89,7843
27.90,7842
27.91,7841
27.92,7840
27.93,7839
27.94,7838
27.96,7837
27.97,7836
27.98,7835
27.99,7834
28.00,7833
28.01,7832
28.02,7831
28.03,7830
28.04,7829
28.05,7828
28.07,7827
28.08,7826
28.09,7825
28.10,7824
28.11,7823
28.12,7822
28.13,7821
28.14,7820
28.15,7819
28.16,7818
28.17,7817
28.19,7816
28.20,7815
28.21,7814
28.22,7813
28.23,7812
28.24,7811
28.25,7810
28.26,7809
28.27,7808
28.29,7807
28.30,7806
28.31,7805
28.32,7804
28.33,7803
28.34,7802
28.35,7801
28.36,7800
28.37,7799
28.38,7798
28.39,7797
28.41,7796
28.42,7795
28.43,7794
28.44,7793
28.45,7792
28.46,7791
28.47,7790
28.48,7789
28.49,7788
28.50,7787
28.52,7786
28.53,7785
28.54,7784
28.55,7783
28.56,7782
28.57,7781
28.58,7780
28.59,7779
28.60,7778
28.61,7777
28.63,7776
28.64,7775
28.65,7774
28.66,7773
28.67,7772
28.68,7771
28.69,7770
28.70,7769
28.71,7768
28.72,7767
28.73,7766
28.74,7765
28.75,7764
28.76,7763
28.77,7762
28.79,7761
28.80,7760
28.81,7759
28.82,7758
28.83,7757
28.84,7756
28.85,7755
28.86,7754
28.87,7753
28.88,7752
28.89,7751
28.90,7750
28.91,7749
28.93,7748
28.94,7747
28.95,7746
28.96,7745
28.97,7744
28.98,7743
28.99,7742
29.00,7741
29.01,7740
29.02,7739
29.03,7738
29.04,7737
29.05,7736
29.06,7735
29.07,7734
29.09,7733
29.10,7732
29.11,7731
29.12,7730
29.13,7729
29.14,7728
29.15,7727
29.16,7726
29.17,7725
29.18,7724
29.19,7723
29.20,7722
29.22,7721
29.23,7720
29.24,7719
29.25,7718
29.26,7717
29.27,7716
29.28,7715
29.29,7714
29.30,7713
29.31,7712
29.32,7711
29.33,7710
29.35,7709
29.36,7708
29.37,7707
29.38,7706
29.39,7705
29.40,7704
29.41,7703
29.42,7702
29.43,7701
29.44,7700
29.46,7699
29.47,7698
29.48,7697
29.49,7696
29.50,7695
29.51,7694
29.52,7693
29.53,7692
29.54,7691
29.55,7690
29.56,7689
29.57,7688
29.59,7687
29.60,7686
29.61,7685
29.62,7684
29.63,7683
29.64,7682
29.65,7681
29.66,7680
29.67,7679
29.68,7678
29.69,7677
29.70,7676
29.71,7675
29.73,7674
29.74,7673
29.75,7672
29.76,7671
29.77,7670
29.78,7669
29.79,7668
29.80,7667
29.81,7666
29.82,7665
29.83,7664
29.84,7663
29.86,7662
29.87,7661
29.88,7660
29.89,7659
29.90,7658
29.91,7657
29.92,7656
29.93,7655
29.94,7654
29.95,7653
29.96,7652
29.97,7651
29.99,7650
30.00,7649
30.01,7648
30.02,7647
30.03,7646
30.04,7645
30.05,7644
30.06,7643
30.07,7642
30.08,7641
30.09,7640
30.11,7639
30.12,7638
30.13,7637
30.14,7636
30.15,7635
30.16,7634
30.17,7633
30.18,7632
30.19,7631
30.20,7630
30.21,7629
30.22,7628
30.23,7627
30.24,7626
30.25,7625
30.27,7624
30.28,7623
30.29,7622
30.30,7621
30.31,7620
30.32,7619
30.33,7618
30.34,7617
30.35,7616
30.36,7615
30.37,7614
30.39,7613
30.40,7612
30.41,7611
30.42,7610
30.43,7609
30.44,7608
30.45,7607
30.46,7606
30.47,7605
30.48,7604
30.49,7603
30.50,7602
30.52,7601
30.53,7600
30.54,7599
30.55,7598
30.56,7597
30.57,7596
30.58,7595
30.59,7594
30.60,7593
30.61,7592
30.62,7591
30.63,7590
30.65,7589
30.66,7588
30.67,7587
30.68,7586
30.69,7585
30.70,7584
30.71,7583
30.72,7582
30.73,7581
30.74,7580
30.76,7579
30.77,7578
30.78,7577
30.79,7576
30.80,7575
30.81,7574
30.82,7573
30.83,7572
30.84,7571
30.86,7570
30.87,7569
30.88,7568
30.89,7567
30.90,7566
30.91,7565
30.92,7564
30.93,7563
30.94,7562
30.95,7561
30.97,7560
30.98,7559
30.99,7558
31.00,7557
31.01,7556
31.02,7555
31.03,7554
31.04,7553
31.05,7552
31.07,7551
31.08,7550
31.09,7549
31.10,7548
31.11,7547
31.12,7546
31.13,7545
31.14,7544
31.15,7543
31.16,7542
31.17,7541
31.19,7540
31.20,7539
31.21,7538
31.22,7537
31.23,7536
31.24,7535
31.25,7534
31.26,7533
31.27,7532
31.28,7531
31.29,7530
31.31,7529
31.32,7528
31.33,7527
31.34,7526
31.35,7525
31.36,7524
31.37,7523
31.38,7522
31.39,7521
31.41,7520
31.42,7519
31.43,7518
31.44,7517
31.45,7516
31.46,7515
31.47,7514
31.48,7513
31.49,7512
31.51,7511
31.52,7510
31.53,7509
31.54,7508
31.55,7507
31.56,7506
31.57,7505
31.58,7504
31.60,7503
31.61,7502
31.62,7501
31.63,7500
31.64,7499
31.65,7498
31.66,7497
31.67,7496
31.69,7495
31.70,7494
31.71,7493
31.72,7492
31.73,7491
31.74,7490
31.75,7489
31.76,7488
31.78,7487
31.79,7486
31.80,7485
31.81,7484
31.82,7483
31.83,7482
31.84,7481
31.85,7480
31.86,7479
31.87,7478
31.89,7477
31.90,7476
31.91,7475
31.92,7474
31.93,7473
31.94,7472
31.95,7471
31.96,7470
31.97,7469
31.98,7468
32.00,7467
32.01,7466
32.02,7465
32.03,7464
32.04,7463
32.05,7462
32.06,7461
32.07,7460
32.08,7459
32.09,7458
32.11,7457
32.12,7456
32.13,7455
32.14,7454
32.15,7453
32.16,7452
32.17,7451
32.18,7450
32.19,7449
32.20,7448
32.22,7447
32.23,7446
32.24,7445
32.25,7444
32.26,7443
32.27,7442
32.28,7441
32.29,7440
32.30,7439
32.31,7438
32.33,7437
32.34,7436
32.35,7435
32.36,7434
32.37,7433
32.38,7432
32.39,7431
32.40,7430
32.41,7429
32.43,7428
32.44,7427
32.45,7426
32.46,7425
32.47,7424
32.48,7423
32.49,7422
32.50,7421
32.51,7420
32.53,7419
32.54,7418
32.55,7417
32.56,7416
32.57,7415
32.58,7414
32.59,7413
32.60,7412
32.61,7411
32.63,7410
32.64,7409
32.65,7408
32.66,7407
32.67,7406
32.68,7405
32.69,7404
32.70,7403
32.71,7402
32.73,7401
32.74,7400
32.75,7399
32.76,7398
32.77,7397
32.78,7396
32.79,7395
32.80,7394
32.82,7393
32.83,7392
32.84,7391
32.85,7390
32.86,7389
32.87,7388
32.88,7387
32.89,7386
32.90,7385
32.92,7384
32.93,7383
32.94,7382
32.95,7381
32.96,7380
32.97,7379
32.98,7378
32.99,7377
33.00,7376
33.02,7375
33.03,7374
33.04,7373
33.05,7372
33.06,7371
33.07,7370
33.08,7369
33.09,7368
33.10,7367
33.11,7366
33.13,7365
33.14,7364
33.15,7363
33.16,7362
33.17,7361
33.18,7360
33.19,7359
33.20,7358
33.21,7357
33.23,7356
33.24,7355
33.25,7354
33.26,7353
33.27,7352
33.28,7351
33.29,7350
33.30,7349
33.31,7348
33.32,7347
33.34,7346
33.35,7345
33.36,7344
33.37,7343
33.38,7342
33.39,7341
33.40,7340
33.41,7339
33.43,7338
33.44,7337
33.45,7336
33.46,7335
33.47,7334
33.48,7333
33.49,7332
33.50,7331
33.52,7330
33.53,7329
33.54,7328
33.55,7327
33.56,7326
33.57,7325
33.58,7324
33.59,7323
33.60,7322
33.62,7321
33.63,7320
33.64,7319
33.65,7318
33.66,7317
33.67,7316
33.68,7315
33.69,7314
33.71,7313
33.72,7312
33.73,7311
33.74,7310
33.75,7309
33.76,7308
33.77,7307
33.78,7306
33.80,7305
33.81,7304
33.82,7303
33.83,7302
33.85,7301
33.86,7300
33.87,7299
33.89,7298
33.90,7297
33.91,7296
33.92,7295
33.93,7294
33.94,7293
33.95,7292
33.96,7291
33.98,7290
33.99,7289
34.00,7288
34.01,7287
34.02,7286
34.03,7285
34.05,7284
34.06,7283
34.07,7282
34.08,7281
34.09,7280
34.10,7279
34.11,7278
34.12,7277
34.14,7276
34.15,7275
34.16,7274
34.17,7273
34.18,7272
34.19,7271
34.20,7270
34.21,7269
34.22,7268
34.24,7267
34.25,7266
34.26,7265
34.27,7264
34.28,7263
34.29,7262
34.30,7261
34.31,7260
34.32,7259
34.33,7258
34.35,7257
34.36,7256
34.37,7255
34.38,7254
34.39,7253
34.40,7252
34.41,7251
34.42,7250
34.44,7249
34.45,7248
34.46,7247
34.47,7246
34.48,7245
34.49,7244
34.50,7243
34.51,7242
34.52,7241
34.54,7240
34.55,7239
34.56,7238
34.57,7237
34.58,7236
34.59,7235
34.60,7234
34.61,7233
34.62,7232
34.63,7231
34.64,7230
34.66,7229
34.67,7228
34.68,7227
34.69,7226
34.70,7225
34.71,7224
34.72,7223
34.74,7222
34.75,7221
34.76,7220
34.77,7219
34.79,7218
34.80,7217
34.81,7216
34.82,7215
34.84,7214
34.85,7213
34.86,7212
34.87,7211
34.89,7210
34.90,7209
34.91,7208
34.92,7207
34.94,7206
34.95,7205
34.96,7204
34.97,7203
34.98,7202
35.00,7201
35.01,7200
35.02,7199
35.03,7198
35.04,7197
35.05,7196
35.06,7195
35.08,7194
35.09,7193
35.10,7192
35.11,7191
35.12,7190
35.13,7189
35.15,7188
35.16,7187
35.17,7186
35.18,7185
35.19,7184
35.20,7183
35.21,7182
35.23,7181
35.24,7180
35.25,7179
35.26,7178
35.27,7177
35.28,7176
35.29,7175
35.30,7174
35.32,7173
35.33,7172
35.34,7171
35.35,7170
35.36,7169
35.37,7168
35.39,7167
35.40,7166
35.41,7165
35.42,7164
35.43,7163
35.44,7162
35.45,7161
35.46,7160
35.47,7159
35.49,7158
35.50,7157
35.51,7156
35.52,7155
35.53,7154
35.54,7153
35.55,7152
35.56,7151
35.57,7150
35.58,7149
35.60,7148
35.61,7147
35.62,7146
35.63,7145
35.64,7144
35.65,7143
35.66,7142
35.67,7141
35.68,7140
35.70,7139
35.71,7138
35.72,7137
35.73,7136
35.74,7135
35.75,7134
35.76,7133
35.77,7132
35.79,7131
35.80,7130
35.81,7129
35.82,7128
35.83,7127
35.84,7126
35.85,7125
35.86,7124
35.88,7123
35.89,7122
35.90,7121
35.91,7120
35.92,7119
35.93,7118
35.94,7117
35.95,7116
35.97,7115
35.98,7114
35.99,7113
36.00,7112
36.01,7111
36.02,7110
36.04,7109
36.05,7108
36.06,7107
36.07,7106
36.08,7105
36.10,7104
36.11,7103
36.12,7102
36.14,7101
36.15,7100
36.16,7099
36.17,7098
36.19,7097
36.20,7096
36.21,7095
36.22,7094
36.23,7093
36.24,7092
36.25,7091
36.26,7090
36.28,7089
36.29,7088
36.30,7087
36.31,7086
36.32,7085
36.33,7084
36.34,7083
36.36,7082
36.37,7081
36.38,7080
36.39,7079
36.40,7078
36.41,7077
36.42,7076
36.44,7075
36.45,7074
36.46,7073
36.47,7072
36.48,7071
36.50,7070
36.51,7069
36.52,7068
36.53,7067
36.55,7066
36.56,7065
36.57,7064
36.58,7063
36.61,7062
36.62,7061
36.63,7060
36.65,7059
36.66,7058
36.67,7057
36.68,7056
36.69,7055
36.71,7054
36.72,7053
36.73,7052
36.75,7051
36.76,7050
36.77,7049
36.79,7048
36.80,7047
36.81,7046
36.82,7045
36.84,7044
36.85,7043
36.86,7042
36.87,7041
36.89,7040
36.90,7039
36.91,7038
36.92,7037
36.94,7036
36.95,7035
36.96,7034
36.97,7033
36.99,7032
37.00,7031
37.03,7030
37.04,7029
37.05,7028
37.06,7027
37.08,7026
37.09,7025
37.11,7024
37.12,7023
37.13,7022
37.14,7021
37.15,7020
37.17,7019
37.18,7018
37.19,7017
37.20,7016
37.21,7015
37.23,7014
37.24,7013
37.25,7012
37.26,7011
37.27,7010
37.29,7009
37.30,7008
37.31,7007
37.32,7006
37.37,7005
