1.07,6944
1.18,6943
1.21,6942
1.24,6941
1.26,6940
1.28,6939
1.29,6938
1.32,6937
1.34,6936
1.35,6935
1.36,6934
1.38,6933
1.39,6932
1.40,6931
1.41,6930
1.43,6929
1.44,6928
1.45,6927
1.46,6926
1.48,6925
1.49,6924
1.50,6923
1.51,6922
1.53,6921
1.54,6920
1.55,6919
1.56,6918
1.58,6917
1.59,6916
1.60,6915
1.61,6914
1.63,6913
1.64,6912
1.65,6911
1.66,6910
1.68,6909
1.69,6908
1.70,6907
1.71,6906
1.73,6905
1.74,6904
1.75,6903
1.76,6902
1.78,6901
1.79,6900
1.80,6899
1.81,6898
1.83,6897
1.85,6896
1.86,6895
1.88,6894
1.89,6893
1.90,6892
1.91,6891
1.93,6890
1.94,6889
1.95,6888
1.96,6887
1.98,6886
1.99,6885
2.00,6884
2.01,6883
2.02,6882
2.04,6881
2.05,6880
2.06,6879
2.07,6878
2.09,6877
2.10,6876
2.11,6875
2.13,6874
2.14,6873
2.15,6872
2.16,6871
2.18,6870
2.19,6869
2.20,6868
2.21,6867
2.23,6866
2.24,6865
2.25,6864
2.27,6863
2.28,6862
2.29,6861
2.30,6860
2.32,6859
2.33,6858
2.34,6857
2.35,6856
2.37,6855
2.38,6854
2.39,6853
2.41,6852
2.42,6851
2.43,6850
2.44,6849
2.46,6848
2.47,6847
2.49,6846
2.50,6845
2.51,6844
2.53,6843
2.54,6842
2.56,6841
2.57,6840
2.58,6839
2.60,6838
2.61,6837
2.63,6836
2.64,6835
2.65,6834
2.67,6833
2.68,6832
2.70,6831
2.71,6830
2.72,6829
2.74,6828
2.75,6827
2.77,6826
2.78,6825
2.79,6824
2.81,6823
2.82,6822
2.84,6821
2.85,6820
2.86,6819
2.88,6818
2.89,6817
2.92,6816
2.93,6815
2.94,6814
2.95,6813
2.97,6812
2.98,6811
2.99,6810
3.00,6809
3.01,6808
3.03,6807
3.04,6806
3.05,6805
3.06,6804
3.07,6803
3.09,6802
3.10,6801
3.11,6800
3.12,6799
3.14,6798
3.15,6797
3.16,6796
3.17,6795
3.18,6794
3.20,6793
3.21,6792
3.22,6791
3.23,6790
3.24,6789
3.26,6788
3.27,6787
3.28,6786
3.29,6785
3.30,6784
3.31,6783
3.33,6782
3.34,6781
3.35,6780
3.36,6779
3.37,6778
3.39,6777
3.40,6776
3.41,6775
3.42,6774
3.43,6773
3.44,6772
3.46,6771
3.47,6770
3.48,6769
3.49,6768
3.50,6767
3.52,6766
3.53,6765
3.54,6764
3.55,6763
3.56,6762
3.57,6761
3.59,6760
3.60,6759
3.61,6758
3.62,6757
3.63,6756
3.65,6755
3.66,6754
3.67,6753
3.68,6752
3.69,6751
3.71,6750
3.72,6749
3.73,6748
3.74,6747
3.75,6746
3.77,6745
3.78,6744
3.79,6743
3.80,6742
3.82,6741
3.83,6740
3.84,6739
3.85,6738
3.86,6737
3.88,6736
3.89,6735
3.91,6734
3.92,6733
3.94,6732
3.95,6731
3.96,6730
3.97,6729
3.98,6728
4.00,6727
4.01,6726
4.02,6725
4.03,6724
4.04,6723
4.06,6722
4.07,6721
4.08,6720
4.09,6719
4.10,6718
4.12,6717
4.13,6716
4.14,6715
4.15,6714
4.16,6713
4.17,6712
4.19,6711
4.20,6710
4.21,6709
4.22,6708
4.24,6707
4.25,6706
4.27,6705
4.28,6704
4.29,6703
4.30,6702
4.32,6701
4.33,6700
4.34,6699
4.36,6698
4.38,6697
4.39,6696
4.41,6695
4.42,6694
4.44,6693
4.45,6692
4.47,6691
4.48,6690
4.49,6689
4.50,6688
4.52,6687
4.53,6686
4.54,6685
4.55,6684
4.56,6683
4.58,6682
4.59,6681
4.60,6680
4.61,6679
4.62,6678
4.64,6677
4.65,6676
4.66,6675
4.67,6674
4.69,6673
4.70,6672
4.71,6671
4.72,6670
4.74,6669
4.75,6668
4.76,6667
4.77,6666
4.78,6665
4.80,6664
4.81,6663
4.82,6662
4.83,6661
4.85,6660
4.86,6659
4.87,6658
4.88,6657
4.89,6656
4.91,6655
4.92,6654
4.93,6653
4.95,6652
4.96,6651
4.98,6650
4.99,6649
5.00,6648
5.01,6647
5.03,6646
5.04,6645
5.05,6644
5.07,6643
5.08,6642
5.09,6641
5.13,6640
5.15,6639
5.16,6638
5.18,6637
5.20,6636
5.21,6635
5.22,6634
5.24,6633
5.26,6632
5.27,6631
5.29,6630
5.30,6629
5.31,6628
5.33,6627
5.34,6626
5.35,6625
5.37,6624
5.38,6623
5.39,6622
5.41,6621
5.42,6620
5.43,6619
5.45,6618
5.46,6617
5.48,6616
5.49,6615
5.50,6614
5.52,6613
5.53,6612
5.54,6611
5.56,6610
5.57,6609
5.60,6608
5.61,6607
5.65,6606
5.67,6605
5.69,6604
5.70,6603
5.71,6602
5.73,6601
5.74,6600
5.81,6599
5.82,6598
5.84,6597
5.88,6596
5.89,6595
5.91,6594
5.92,6593
5.93,6592
5.95,6591
5.96,6590
5.97,6589
5.99,6588
6.00,6587
6.01,6586
6.03,6585
6.04,6584
6.05,6583
6.07,6582
6.08,6581
6.09,6580
6.12,6579
6.13,6578
6.15,6577
6.16,6576
6.17,6575
6.19,6574
6.20,6573
6.21,6572
6.22,6571
6.23,6570
6.25,6569
6.26,6568
6.27,6567
6.28,6566
6.30,6565
6.31,6564
6.32,6563
6.34,6562
6.35,6561
6.36,6560
6.37,6559
6.40,6558
6.41,6557
6.42,6556
6.43,6555
6.44,6554
6.46,6553
6.47,6552
6.48,6551
6.50,6550
6.52,6549
6.53,6548
6.55,6547
6.56,6546
6.57,6545
6.58,6544
6.59,6543
6.60,6542
6.62,6541
6.65,6540
6.67,6539
6.69,6538
6.70,6537
6.71,6536
6.73,6535
6.74,6534
6.75,6533
6.76,6532
6.78,6531
6.79,6530
6.80,6529
6.81,6528
6.83,6527
6.84,6526
6.86,6525
6.87,6524
6.88,6523
6.89,6522
6.92,6521
7.01,6520
7.03,6519
7.04,6518
7.05,6517
7.06,6516
7.08,6515
7.09,6514
7.11,6513
7.12,6512
7.13,6511
7.14,6510
7.16,6509
7.17,6508
7.18,6507
7.19,6506
7.20,6505
7.22,6504
7.23,6503
7.24,6502
7.25,6501
7.27,6500
7.28,6499
7.29,6498
7.31,6497
7.32,6496
7.33,6495
7.34,6494
7.36,6493
7.37,6492
7.38,6491
7.40,6490
7.41,6489
7.42,6488
7.43,6487
7.45,6486
7.46,6485
7.47,6484
7.49,6483
7.50,6482
7.51,6481
7.52,6480
7.54,6479
7.55,6478
7.56,6477
7.58,6476
7.59,6475
7.60,6474
7.61,6473
7.63,6472
7.64,6471
7.65,6470
7.67,6469
7.68,6468
7.69,6467
7.70,6466
7.72,6465
7.73,6464
7.74,6463
7.76,6462
7.77,6461
7.78,6460
7.79,6459
7.81,6458
7.82,6457
7.83,6456
7.85,6455
7.86,6454
7.87,6453
7.88,6452
7.89,6451
7.91,6450
7.92,6449
7.93,6448
7.95,6447
7.96,6446
7.97,6445
7.98,6444
8.00,6443
8.01,6442
8.02,6441
8.03,6440
8.05,6439
8.07,6438
8.08,6437
8.09,6436
8.10,6435
8.12,6434
8.13,6433
8.14,6432
8.16,6431
8.17,6430
8.18,6429
8.19,6428
8.21,6427
8.22,6426
8.23,6425
8.25,6424
8.26,6423
8.27,6422
8.28,6421
8.30,6420
8.31,6419
8.32,6418
8.34,6417
8.36,6416
8.37,6415
8.38,6414
8.39,6413
8.41,6412
8.42,6411
8.43,6410
8.44,6409
8.46,6408
8.47,6407
8.48,6406
8.50,6405
8.51,6404
8.52,6403
8.53,6402
8.55,6401
8.56,6400
8.57,6399
8.58,6398
8.60,6397
8.61,6396
8.62,6395
8.63,6394
8.65,6393
8.66,6392
8.67,6391
8.68,6390
8.70,6389
8.71,6388
8.72,6387
8.74,6386
8.75,6385
8.76,6384
8.77,6383
8.79,6382
8.80,6381
8.81,6380
8.82,6379
8.84,6378
8.85,6377
8.86,6376
8.88,6375
8.89,6374
8.90,6373
8.91,6372
8.92,6371
8.94,6370
8.95,6369
8.96,6368
8.98,6367
8.99,6366
9.00,6365
9.01,6364
9.03,6363
9.04,6362
9.05,6361
9.06,6360
9.08,6359
9.09,6358
9.10,6357
9.11,6356
9.12,6355
9.14,6354
9.15,6353
9.16,6352
9.18,6351
9.19,6350
9.20,6349
9.21,6348
9.23,6347
9.24,6346
9.25,6345
9.26,6344
9.28,6343
9.29,6342
9.30,6341
9.32,6340
9.33,6339
9.34,6338
9.35,6337
9.37,6336
9.38,6335
9.39,6334
9.40,6333
9.42,6332
9.43,6331
9.44,6330
9.45,6329
9.47,6328
9.48,6327
9.49,6326
9.51,6325
9.52,6324
9.53,6323
9.54,6322
9.56,6321
9.57,6320
9.58,6319
9.59,6318
9.61,6317
9.62,6316
9.63,6315
9.64,6314
9.65,6313
9.67,6312
9.68,6311
9.69,6310
9.70,6309
9.72,6308
9.73,6307
9.74,6306
9.75,6305
9.77,6304
9.78,6303
9.79,6302
9.81,6301
9.82,6300
9.83,6299
9.84,6298
9.86,6297
9.88,6296
9.89,6295
9.90,6294
9.91,6293
9.92,6292
9.94,6291
9.95,6290
9.96,6289
9.97,6288
9.99,6287
10.00,6286
10.01,6285
10.03,6284
10.04,6283
10.05,6282
10.06,6281
10.08,6280
10.09,6279
10.10,6278
10.11,6277
10.13,6276
10.14,6275
10.15,6274
10.17,6273
10.18,6272
10.19,6271
10.20,6270
10.22,6269
10.23,6268
10.24,6267
10.26,6266
10.27,6265
10.28,6264
10.29,6263
10.31,6262
10.32,6261
10.33,6260
10.34,6259
10.36,6258
10.37,6257
10.38,6256
10.39,6255
10.41,6254
10.42,6253
10.43,6252
10.44,6251
10.46,6250
10.47,6249
10.48,6248
10.50,6247
10.51,6246
10.53,6245
10.54,6244
10.56,6243
10.57,6242
10.59,6241
10.60,6240
10.61,6239
10.63,6238
10.64,6237
10.65,6236
10.67,6235
10.68,6234
10.70,6233
10.71,6232
10.73,6231
10.74,6230
10.75,6229
10.77,6228
10.78,6227
10.80,6226
10.82,6225
10.83,6224
10.85,6223
10.86,6222
10.88,6221
10.89,6220
10.90,6219
10.92,6218
10.93,6217
10.95,6216
10.96,6215
10.98,6214
10.99,6213
11.00,6212
11.02,6211
11.03,6210
11.05,6209
11.06,6208
11.07,6207
11.09,6206
11.10,6205
11.12,6204
11.13,6203
11.15,6202
11.16,6201
11.18,6200
11.20,6199
11.21,6198
11.23,6197
11.24,6196
11.26,6195
11.27,6194
11.28,6193
11.30,6192
11.31,6191
11.33,6190
11.34,6189
11.35,6188
11.37,6187
11.38,6186
11.40,6185
11.41,6184
11.42,6183
11.44,6182
11.45,6181
11.47,6180
11.48,6179
11.50,6178
11.51,6177
11.53,6176
11.54,6175
11.55,6174
11.57,6173
11.58,6172
11.60,6171
11.61,6170
11.63,6169
11.64,6168
11.66,6167
11.67,6166
11.69,6165
11.70,6164
11.71,6163
11.73,6162
11.74,6161
11.76,6160
11.77,6159
11.79,6158
11.80,6157
11.82,6156
11.83,6155
11.84,6154
11.86,6153
11.87,6152
11.89,6151
11.90,6150
11.92,6149
11.93,6148
11.94,6147
11.96,6146
11.97,6145
11.99,6144
12.00,6143
12.01,6142
12.03,6141
12.04,6140
12.06,6139
12.07,6138
12.09,6137
12.10,6136
12.11,6135
12.13,6134
12.14,6133
12.16,6132
12.17,6131
12.19,6130
12.20,6129
12.22,6128
12.23,6127
12.24,6126
12.26,6125
12.27,6124
12.29,6123
12.31,6122
12.32,6121
12.33,6120
12.35,6119
12.36,6118
12.38,6117
12.39,6116
12.40,6115
12.42,6114
12.43,6113
12.45,6112
12.46,6111
12.48,6110
12.49,6109
12.50,6108
12.52,6107
12.53,6106
12.55,6105
12.56,6104
12.58,6103
12.59,6102
12.60,6101
12.62,6100
12.63,6099
12.65,6098
12.66,6097
12.67,6096
12.69,6095
12.70,6094
12.72,6093
12.73,6092
12.75,6091
12.76,6090
12.77,6089
12.79,6088
12.80,6087
12.82,6086
12.83,6085
12.85,6084
12.86,6083
12.87,6082
12.89,6081
12.90,6080
12.92,6079
12.93,6078
12.95,6077
12.96,6076
12.97,6075
12.99,6074
13.00,6073
13.01,6072
13.02,6071
13.04,6070
13.05,6069
13.06,6068
13.07,6067
13.09,6066
13.10,6065
13.11,6064
13.12,6063
13.14,6062
13.15,6061
13.16,6060
13.17,6059
13.19,6058
13.20,6057
13.21,6056
13.22,6055
13.24,6054
13.25,6053
13.26,6052
13.27,6051
13.29,6050
13.30,6049
13.31,6048
13.32,6047
13.34,6046
13.35,6045
13.36,6044
13.38,6043
13.39,6042
13.40,6041
13.41,6040
13.43,6039
13.44,6038
13.45,6037
13.46,6036
13.48,6035
13.49,6034
13.50,6033
13.51,6032
13.53,6031
13.54,6030
13.55,6029
13.56,6028
13.58,6027
13.59,6026
13.60,6025
13.61,6024
13.63,6023
13.64,6022
13.65,6021
13.66,6020
13.68,6019
13.69,6018
13.70,6017
13.72,6016
13.73,6015
13.75,6014
13.76,6013
13.77,6012
13.78,6011
13.80,6010
13.81,6009
13.82,6008
13.83,6007
13.85,6006
13.86,6005
13.87,6004
13.88,6003
13.90,6002
13.91,6001
13.92,6000
13.93,5999
13.95,5998
13.96,5997
13.98,5996
14.00,5995
14.01,5994
14.02,5993
14.03,5992
14.05,5991
14.06,5990
14.07,5989
14.08,5988
14.10,5987
14.11,5986
14.12,5985
14.14,5984
14.15,5983
14.16,5982
14.17,5981
14.19,5980
14.20,5979
14.21,5978
14.23,5977
14.24,5976
14.25,5975
14.26,5974
14.28,5973
14.29,5972
14.30,5971
14.31,5970
14.33,5969
14.34,5968
14.35,5967
14.37,5966
14.38,5965
14.39,5964
14.41,5963
14.42,5962
14.43,5961
14.44,5960
14.46,5959
14.47,5958
14.48,5957
14.49,5956
14.51,5955
14.52,5954
14.53,5953
14.56,5952
14.57,5951
14.58,5950
14.59,5949
14.61,5948
14.62,5947
14.63,5946
14.65,5945
14.66,5944
14.67,5943
14.68,5942
14.70,5941
14.71,5940
14.72,5939
14.73,5938
14.75,5937
14.76,5936
14.77,5935
14.78,5934
14.80,5933
14.81,5932
14.82,5931
14.83,5930
14.85,5929
14.86,5928
14.87,5927
14.88,5926
14.90,5925
14.91,5924
14.92,5923
14.93,5922
14.95,5921
14.96,5920
14.97,5919
14.99,5918
15.00,5917
15.01,5916
15.02,5915
15.04,5914
15.05,5913
15.06,5912
15.07,5911
15.09,5910
15.10,5909
15.11,5908
15.12,5907
15.14,5906
15.15,5905
15.16,5904
15.17,5903
15.19,5902
15.20,5901
15.21,5900
15.22,5899
15.24,5898
15.25,5897
15.26,5896
15.27,5895
15.29,5894
15.30,5893
15.31,5892
15.32,5891
15.34,5890
15.35,5889
15.36,5888
15.37,5887
15.39,5886
15.40,5885
15.41,5884
15.43,5883
15.44,5882
15.45,5881
15.46,5880
15.48,5879
15.49,5878
15.50,5877
15.51,5876
15.53,5875
15.54,5874
15.55,5873
15.56,5872
15.58,5871
15.59,5870
15.60,5869
15.62,5868
15.63,5867
15.64,5866
15.65,5865
15.67,5864
15.68,5863
15.69,5862
15.71,5861
15.72,5860
15.73,5859
15.74,5858
15.76,5857
15.77,5856
15.78,5855
15.79,5854
15.81,5853
15.82,5852
15.83,5851
15.84,5850
15.86,5849
15.87,5848
15.88,5847
15.90,5846
15.91,5845
15.92,5844
15.94,5843
15.95,5842
15.96,5841
15.97,5840
15.99,5839
16.00,5838
16.01,5837
16.02,5836
16.04,5835
16.05,5834
16.06,5833
16.08,5832
16.09,5831
16.10,5830
16.11,5829
16.12,5828
16.14,5827
16.15,5826
16.16,5825
16.17,5824
16.19,5823
16.20,5822
16.21,5821
16.22,5820
16.24,5819
16.25,5818
16.26,5817
16.28,5816
16.29,5815
16.30,5814
16.31,5813
16.33,5812
16.34,5811
16.35,5810
16.36,5809
16.38,5808
16.39,5807
16.40,5806
16.41,5805
16.43,5804
16.44,5803
16.45,5802
16.47,5801
16.48,5800
16.49,5799
16.50,5798
16.52,5797
16.53,5796
16.54,5795
16.55,5794
16.57,5793
16.58,5792
16.59,5791
16.61,5790
16.62,5789
16.63,5788
16.64,5787
16.66,5786
16.67,5785
16.68,5784
16.69,5783
16.71,5782
16.72,5781
16.73,5780
16.75,5779
16.76,5778
16.77,5777
16.78,5776
16.80,5775
16.81,5774
16.82,5773
16.83,5772
16.85,5771
16.86,5770
16.87,5769
16.89,5768
16.90,5767
16.91,5766
16.92,5765
16.94,5764
16.95,5763
16.96,5762
16.97,5761
16.99,5760
17.00,5759
17.01,5758
17.02,5757
17.04,5756
17.05,5755
17.06,5754
17.07,5753
17.09,5752
17.10,5751
17.11,5750
17.13,5749
17.14,5748
17.15,5747
17.16,5746
17.18,5745
17.19,5744
17.20,5743
17.21,5742
17.23,5741
17.24,5740
17.25,5739
17.26,5738
17.28,5737
17.29,5736
17.30,5735
17.31,5734
17.33,5733
17.34,5732
17.35,5731
17.36,5730
17.38,5729
17.39,5728
17.40,5727
17.42,5726
17.43,5725
17.44,5724
17.45,5723
17.47,5722
17.48,5721
17.49,5720
17.50,5719
17.52,5718
17.53,5717
17.54,5716
17.55,5715
17.57,5714
17.58,5713
17.59,5712
17.60,5711
17.62,5710
17.63,5709
17.64,5708
17.65,5707
17.66,5706
17.68,5705
17.69,5704
17.70,5703
17.71,5702
17.73,5701
17.74,5700
17.75,5699
17.77,5698
17.78,5697
17.79,5696
17.80,5695
17.81,5694
17.83,5693
17.84,5692
17.85,5691
17.86,5690
17.88,5689
17.89,5688
17.90,5687
17.91,5686
17.93,5685
17.94,5684
17.95,5683
17.96,5682
17.98,5681
17.99,5680
18.00,5679
18.01,5678
18.03,5677
18.04,5676
18.05,5675
18.06,5674
18.08,5673
18.09,5672
18.10,5671
18.11,5670
18.13,5669
18.14,5668
18.15,5667
18.16,5666
18.18,5665
18.19,5664
18.20,5663
18.21,5662
18.23,5661
18.24,5660
18.25,5659
18.26,5658
18.27,5657
18.29,5656
18.30,5655
18.31,5654
18.33,5653
18.34,5652
18.35,5651
18.36,5650
18.38,5649
18.39,5648
18.40,5647
18.41,5646
18.43,5645
18.44,5644
18.45,5643
18.46,5642
18.47,5641
18.49,5640
18.50,5639
18.51,5638
18.52,5637
18.54,5636
18.55,5635
18.56,5634
18.57,5633
18.59,5632
18.60,5631
18.61,5630
18.62,5629
18.64,5628
18.65,5627
18.66,5626
18.67,5625
18.69,5624
18.70,5623
18.71,5622
18.72,5621
18.74,5620
18.75,5619
18.76,5618
18.77,5617
18.79,5616
18.80,5615
18.81,5614
18.82,5613
18.83,5612
18.85,5611
18.86,5610
18.87,5609
18.88,5608
18.89,5607
18.91,5606
18.92,5605
18.93,5604
18.94,5603
18.96,5602
18.97,5601
18.98,5600
18.99,5599
19.01,5598
19.02,5597
19.03,5596
19.04,5595
19.06,5594
19.07,5593
19.08,5592
19.09,5591
19.11,5590
19.12,5589
19.13,5588
19.14,5587
19.16,5586
19.17,5585
19.18,5584
19.19,5583
19.20,5582
19.22,5581
19.23,5580
19.24,5579
19.25,5578
19.27,5577
19.28,5576
19.29,5575
19.30,5574
19.32,5573
19.33,5572
19.34,5571
19.35,5570
19.37,5569
19.38,5568
19.39,5567
19.40,5566
19.42,5565
19.43,5564
19.44,5563
19.45,5562
19.47,5561
19.48,5560
19.49,5559
19.50,5558
19.51,5557
19.53,5556
19.54,5555
19.55,5554
19.56,5553
19.58,5552
19.59,5551
19.60,5550
19.61,5549
19.63,5548
19.64,5547
19.65,5546
19.66,5545
19.68,5544
19.69,5543
19.70,5542
19.71,5541
19.72,5540
19.74,5539
19.75,5538
19.76,5537
19.77,5536
19.79,5535
19.80,5534
19.81,5533
19.82,5532
19.83,5531
19.85,5530
19.86,5529
19.87,5528
19.88,5527
19.89,5526
19.91,5525
19.92,5524
19.93,5523
19.94,5522
19.96,5521
19.97,5520
19.98,5519
19.99,5518
20.01,5517
20.02,5516
20.03,5515
20.04,5514
20.06,5513
20.07,5512
20.08,5511
20.09,5510
20.10,5509
20.12,5508
20.13,5507
20.14,5506
20.15,5505
20.17,5504
20.18,5503
20.19,5502
20.20,5501
20.21,5500
20.23,5499
20.24,5498
20.25,5497
20.26,5496
20.28,5495
20.29,5494
20.30,5493
20.31,5492
20.33,5491
20.34,5490
20.35,5489
20.36,5488
20.38,5487
20.39,5486
20.40,5485
20.41,5484
20.43,5483
20.44,5482
20.45,5481
20.46,5480
20.47,5479
20.48,5478
20.50,5477
20.51,5476
20.52,5475
20.53,5474
20.55,5473
20.56,5472
20.57,5471
20.58,5470
20.60,5469
20.61,5468
20.62,5467
20.63,5466
20.64,5465
20.66,5464
20.67,5463
20.68,5462
20.69,5461
20.70,5460
20.72,5459
20.73,5458
20.74,5457
20.75,5456
20.77,5455
20.78,5454
20.79,5453
20.80,5452
20.81,5451
20.83,5450
20.84,5449
20.85,5448
20.86,5447
20.87,5446
20.89,5445
20.90,5444
20.91,5443
20.92,5442
20.93,5441
20.95,5440
20.96,5439
20.97,5438
20.98,5437
21.00,5436
21.01,5435
21.02,5434
21.03,5433
21.04,5432
21.06,5431
21.07,5430
21.08,5429
21.09,5428
21.10,5427
21.12,5426
21.13,5425
21.14,5424
21.15,5423
21.16,5422
21.18,5421
21.19,5420
21.20,5419
21.21,5418
21.23,5417
21.24,5416
21.25,5415
21.26,5414
21.27,5413
21.29,5412
21.30,5411
21.31,5410
21.32,5409
21.33,5408
21.35,5407
21.36,5406
21.37,5405
21.38,5404
21.39,5403
21.41,5402
21.42,5401
21.43,5400
21.44,5399
21.45,5398
21.47,5397
21.48,5396
21.49,5395
21.50,5394
21.52,5393
21.53,5392
21.55,5391
21.56,5390
21.57,5389
21.58,5388
21.60,5387
21.61,5386
21.62,5385
21.63,5384
21.65,5383
21.66,5382
21.67,5381
21.68,5380
21.69,5379
21.71,5378
21.72,5377
21.73,5376
21.74,5375
21.75,5374
21.77,5373
21.78,5372
21.79,5371
21.80,5370
21.81,5369
21.83,5368
21.84,5367
21.85,5366
21.86,5365
21.87,5364
21.89,5363
21.90,5362
21.91,5361
21.92,5360
21.93,5359
21.95,5358
21.96,5357
21.97,5356
21.98,5355
21.99,5354
22.01,5353
22.02,5352
22.03,5351
22.04,5350
22.05,5349
22.06,5348
22.08,5347
22.09,5346
22.10,5345
22.11,5344
22.12,5343
22.14,5342
22.15,5341
22.16,5340
22.17,5339
22.18,5338
22.19,5337
22.21,5336
22.22,5335
22.23,5334
22.24,5333
22.25,5332
22.27,5331
22.28,5330
22.29,5329
22.30,5328
22.31,5327
22.33,5326
22.34,5325
22.35,5324
22.36,5323
22.37,5322
22.39,5321
22.40,5320
22.41,5319
22.42,5318
22.43,5317
22.45,5316
22.46,5315
22.47,5314
22.48,5313
22.50,5312
22.51,5311
22.52,5310
22.53,5309
22.54,5308
22.56,5307
22.57,5306
22.58,5305
22.59,5304
22.61,5303
22.62,5302
22.63,5301
22.64,5300
22.65,5299
22.66,5298
22.68,5297
22.69,5296
22.70,5295
22.71,5294
22.72,5293
22.73,5292
22.74,5291
22.76,5290
22.77,5289
22.78,5288
22.79,5287
22.80,5286
22.82,5285
22.83,5284
22.84,5283
22.85,5282
22.86,5281
22.87,5280
22.89,5279
22.90,5278
22.91,5277
22.92,5276
22.93,5275
22.95,5274
22.96,5273
22.97,5272
22.98,5271
22.99,5270
23.01,5269
23.02,5268
23.03,5267
23.04,5266
23.05,5265
23.06,5264
23.08,5263
23.09,5262
23.10,5261
23.11,5260
23.12,5259
23.13,5258
23.15,5257
23.16,5256
23.17,5255
23.18,5254
23.19,5253
23.21,5252
23.22,5251
23.23,5250
23.24,5249
23.25,5248
23.26,5247
23.28,5246
23.29,5245
23.30,5244
23.31,5243
23.32,5242
23.34,5241
23.35,5240
23.36,5239
23.37,5238
23.38,5237
23.39,5236
23.41,5235
23.42,5234
23.43,5233
23.44,5232
23.45,5231
23.47,5230
23.48,5229
23.49,5228
23.50,5227
23.51,5226
23.52,5225
23.54,5224
23.55,5223
23.56,5222
23.57,5221
23.58,5220
23.60,5219
23.61,5218
23.62,5217
23.63,5216
23.64,5215
23.65,5214
23.67,5213
23.68,5212
23.69,5211
23.70,5210
23.71,5209
23.72,5208
23.74,5207
23.75,5206
23.76,5205
23.77,5204
23.78,5203
23.79,5202
23.81,5201
23.82,5200
23.83,5199
23.84,5198
23.85,5197
23.86,5196
23.87,5195
23.89,5194
23.90,5193
23.91,5192
23.92,5191
23.93,5190
23.94,5189
23.96,5188
23.97,5187
23.98,5186
23.99,5185
24.00,5184
24.02,5183
24.03,5182
24.04,5181
24.05,5180
24.06,5179
24.07,5178
24.09,5177
24.10,5176
24.11,5175
24.12,5174
24.13,5173
24.14,5172
24.16,5171
24.17,5170
24.18,5169
24.19,5168
24.20,5167
24.21,5166
24.22,5165
24.24,5164
24.25,5163
24.26,5162
24.27,5161
24.28,5160
24.29,5159
24.30,5158
24.31,5157
24.33,5156
24.34,5155
24.35,5154
24.36,5153
24.37,5152
24.38,5151
24.39,5150
24.41,5149
24.42,5148
24.43,5147
24.44,5146
24.45,5145
24.46,5144
24.47,5143
24.48,5142
24.50,5141
24.51,5140
24.52,5139
24.53,5138
24.54,5137
24.55,5136
24.56,5135
24.58,5134
24.59,5133
24.60,5132
24.61,5131
24.62,5130
24.63,5129
24.64,5128
24.65,5127
24.67,5126
24.68,5125
24.69,5124
24.70,5123
24.71,5122
24.72,5121
24.74,5120
24.75,5119
24.76,5118
24.77,5117
24.78,5116
24.79,5115
24.81,5114
24.82,5113
24.83,5112
24.84,5111
24.85,5110
24.86,5109
24.88,5108
24.89,5107
24.90,5106
24.91,5105
24.92,5104
24.93,5103
24.95,5102
24.96,5101
24.97,5100
24.98,5099
24.99,5098
25.00,5097
25.02,5096
25.03,5095
25.04,5094
25.05,5093
25.06,5092
25.07,5091
25.09,5090
25.10,5089
25.11,5088
25.12,5087
25.13,5086
25.14,5085
25.15,5084
25.17,5083
25.18,5082
25.19,5081
25.20,5080
25.21,5079
25.22,5078
25.24,5077
25.25,5076
25.26,5075
25.27,5074
25.28,5073
25.29,5072
25.30,5071
25.32,5070
25.33,5069
25.34,5068
25.35,5067
25.36,5066
25.37,5065
25.38,5064
25.40,5063
25.41,5062
25.42,5061
25.43,5060
25.44,5059
25.45,5058
25.47,5057
25.48,5056
25.49,5055
25.50,5054
25.51,5053
25.52,5052
25.54,5051
25.55,5050
25.56,5049
25.57,5048
25.58,5047
25.59,5046
25.61,5045
25.62,5044
25.63,5043
25.64,5042
25.65,5041
25.66,5040
25.67,5039
25.69,5038
25.70,5037
25.71,5036
25.72,5035
25.73,5034
25.74,5033
25.76,5032
25.77,5031
25.78,5030
25.79,5029
25.80,5028
25.81,5027
25.83,5026
25.84,5025
25.85,5024
25.86,5023
25.87,5022
25.88,5021
25.89,5020
25.91,5019
25.92,5018
25.93,5017
25.94,5016
25.95,5015
25.96,5014
25.97,5013
25.99,5012
26.00,5011
26.01,5010
26.02,5009
26.03,5008
26.04,5007
26.06,5006
26.07,5005
26.08,5004
26.09,5003
26.10,5002
26.11,5001
26.12,5000
26.14,4999
26.15,4998
26.16,4997
26.17,4996
26.18,4995
26.19,4994
26.20,4993
26.21,4992
26.23,4991
26.24,4990
26.25,4989
26.26,4988
26.27,4987
26.28,4986
26.29,4985
26.31,4984
26.32,4983
26.33,4982
26.34,4981
26.35,4980
26.36,4979
26.37,4978
26.39,4977
26.40,4976
26.41,4975
26.42,4974
26.43,4973
26.44,4972
26.45,4971
26.47,4970
26.48,4969
26.49,4968
26.50,4967
26.51,4966
26.52,4965
26.53,4964
26.55,4963
26.56,4962
26.57,4961
26.58,4960
26.59,4959
26.60,4958
26.61,4957
26.62,4956
26.64,4955
26.65,4954
26.66,4953
26.67,4952
26.68,4951
26.69,4950
26.70,4949
26.72,4948
26.73,4947
26.74,4946
26.75,4945
26.76,4944
26.77,4943
26.78,4942
26.79,4941
26.81,4940
26.82,4939
26.83,4938
26.84,4937
26.85,4936
26.86,4935
26.87,4934
26.89,4933
26.90,4932
26.91,4931
26.92,4930
26.93,4929
26.94,4928
26.95,4927
26.96,4926
26.98,4925
26.99,4924
27.00,4923
27.01,4922
27.02,4921
27.03,4920
27.05,4919
27.06,4918
27.07,4917
27.08,4916
27.09,4915
27.10,4914
27.11,4913
27.12,4912
27.14,4911
27.15,4910
27.16,4909
27.17,4908
27.18,4907
27.19,4906
27.20,4905
27.22,4904
27.23,4903
27.24,4902
27.25,4901
27.26,4900
27.27,4899
27.28,4898
27.29,4897
27.31,4896
27.32,4895
27.33,4894
27.34,4893
27.35,4892
27.36,4891
27.37,4890
27.38,4889
27.39,4888
27.41,4887
27.42,4886
27.43,4885
27.44,4884
27.45,4883
27.46,4882
27.47,4881
27.49,4880
27.50,4879
27.51,4878
27.52,4877
27.53,4876
27.59,4875
27.60,4874
27.67,4873
27.69,4872
27.86,4871
28.12,4870
28.13,4869
28.19,4868
28.20,4867
28.23,4866
