1.63,10196
1.73,10195
1.76,10194
1.78,10193
1.81,10192
1.83,10191
1.85,10190
1.86,10189
1.88,10188
1.90,10187
1.91,10186
1.93,10185
1.94,10184
1.96,10183
1.97,10182
1.98,10181
2.00,10180
2.01,10179
2.03,10178
2.04,10177
2.06,10176
2.07,10175
2.08,10174
2.10,10173
2.11,10172
2.13,10171
2.15,10170
2.17,10169
2.18,10168
2.20,10167
2.21,10166
2.22,10165
2.24,10164
2.25,10163
2.26,10162
2.27,10161
2.29,10160
2.30,10159
2.31,10158
2.33,10157
2.34,10156
2.35,10155
2.36,10154
2.38,10153
2.39,10152
2.40,10151
2.41,10150
2.43,10149
2.44,10148
2.45,10147
2.46,10146
2.48,10145
2.49,10144
2.50,10143
2.51,10142
2.53,10141
2.54,10140
2.55,10139
2.56,10138
2.58,10137
2.59,10136
2.60,10135
2.62,10134
2.63,10133
2.64,10132
2.66,10131
2.67,10130
2.69,10129
2.70,10128
2.72,10127
2.73,10126
2.75,10125
2.76,10124
2.78,10123
2.79,10122
2.81,10121
2.82,10120
2.84,10119
2.85,10118
2.87,10117
2.88,10116
2.90,10115
2.91,10114
2.93,10113
2.94,10112
2.96,10111
2.98,10110
2.99,10109
3.01,10108
3.02,10107
3.03,10106
3.04,10105
3.06,10104
3.07,10103
3.08,10102
3.09,10101
3.11,10100
3.12,10099
3.13,10098
3.14,10097
3.16,10096
3.17,10095
3.18,10094
3.19,10093
3.21,10092
3.22,10091
3.23,10090
3.24,10089
3.26,10088
3.27,10087
3.28,10086
3.29,10085
3.31,10084
3.32,10083
3.33,10082
3.34,10081
3.36,10080
3.37,10079
3.38,10078
3.39,10077
3.40,10076
3.42,10075
3.43,10074
3.44,10073
3.45,10072
3.47,10071
3.48,10070
3.49,10069
3.50,10068
3.52,10067
3.53,10066
3.54,10065
3.55,10064
3.57,10063
3.58,10062
3.59,10061
3.60,10060
3.61,10059
3.63,10058
3.64,10057
3.65,10056
3.66,10055
3.68,10054
3.69,10053
3.70,10052
3.71,10051
3.74,10050
3.75,10049
3.76,10048
3.77,10047
3.78,10046
3.80,10045
3.81,10044
3.82,10043
3.83,10042
3.84,10041
3.86,10040
3.87,10039
3.88,10038
3.89,10037
3.90,10036
3.91,10035
3.93,10034
3.94,10033
3.95,10032
3.96,10031
3.97,10030
3.98,10029
4.00,10028
4.01,10027
4.02,10026
4.03,10025
4.04,10024
4.06,10023
4.07,10022
4.08,10021
4.09,10020
4.10,10019
4.11,10018
4.13,10017
4.14,10016
4.15,10015
4.16,10014
4.17,10013
4.18,10012
4.20,10011
4.21,10010
4.22,10009
4.23,10008
4.24,10007
4.26,10006
4.27,10005
4.28,10004
4.29,10003
4.31,10002
4.32,10001
4.33,10000
4.34,9999
4.35,9998
4.37,9997
4.38,9996
4.39,9995
4.40,9994
4.41,9993
4.43,9992
4.44,9991
4.45,9990
4.46,9989
4.47,9988
4.49,9987
4.50,9986
4.52,9985
4.53,9984
4.54,9983
4.56,9982
4.57,9981
4.59,9980
4.60,9979
4.62,9978
4.63,9977
4.65,9976
4.66,9975
4.68,9974
4.69,9973
4.70,9972
4.72,9971
4.73,9970
4.75,9969
4.76,9968
4.78,9967
4.79,9966
4.81,9965
4.82,9964
4.84,9963
4.85,9962
4.87,9961
4.88,9960
4.89,9959
4.91,9958
4.92,9957
4.94,9956
4.95,9955
4.97,9954
4.98,9953
5.00,9952
5.01,9951
5.03,9950
5.04,9949
5.06,9948
5.07,9947
5.08,9946
5.10,9945
5.11,9944
5.13,9943
5.14,9942
5.16,9941
5.17,9940
5.19,9939
5.20,9938
5.22,9937
5.23,9936
5.25,9935
5.26,9934
5.28,9933
5.29,9932
5.32,9931
5.33,9930
5.34,9929
5.35,9928
5.37,9927
5.38,9926
5.39,9925
5.40,9924
5.42,9923
5.43,9922
5.44,9921
5.45,9920
5.47,9919
5.48,9918
5.49,9917
5.51,9916
5.52,9915
5.53,9914
5.54,9913
5.56,9912
5.57,9911
5.58,9910
5.59,9909
5.61,9908
5.62,9907
5.63,9906
5.65,9905
5.66,9904
5.67,9903
5.68,9902
5.70,9901
5.71,9900
5.72,9899
5.73,9898
5.75,9897
5.76,9896
5.77,9895
5.78,9894
5.80,9893
5.81,9892
5.82,9891
5.83,9890
5.85,9889
5.86,9888
5.87,9887
5.88,9886
5.90,9885
5.91,9884
5.92,9883
5.93,9882
5.95,9881
5.96,9880
5.97,9879
5.99,9878
6.00,9877
6.01,9876
6.02,9875
6.04,9874
6.05,9873
6.06,9872
6.07,9871
6.09,9870
6.10,9869
6.11,9868
6.12,9867
6.14,9866
6.15,9865
6.16,9864
6.18,9863
6.19,9862
6.20,9861
6.21,9860
6.23,9859
6.24,9858
6.25,9857
6.26,9856
6.27,9855
6.29,9854
6.30,9853
6.31,9852
6.32,9851
6.34,9850
6.35,9849
6.36,9848
6.37,9847
6.39,9846
6.40,9845
6.41,9844
6.42,9843
6.44,9842
6.45,9841
6.46,9840
6.47,9839
6.49,9838
6.50,9837
6.51,9836
6.52,9835
6.53,9834
6.55,9833
6.56,9832
6.57,9831
6.58,9830
6.60,9829
6.61,9828
6.62,9827
6.63,9826
6.65,9825
6.66,9824
6.67,9823
6.68,9822
6.70,9821
6.71,9820
6.72,9819
6.73,9818
6.75,9817
6.76,9816
6.77,9815
6.78,9814
6.80,9813
6.81,9812
6.82,9811
6.84,9810
6.85,9809
6.86,9808
6.88,9807
6.89,9806
6.90,9805
6.91,9804
6.93,9803
6.94,9802
6.95,9801
6.97,9800
6.98,9799
6.99,9798
7.00,9797
7.02,9796
7.03,9795
7.04,9794
7.05,9793
7.07,9792
7.08,9791
7.09,9790
7.10,9789
7.12,9788
7.13,9787
7.14,9786
7.15,9785
7.17,9784
7.18,9783
7.19,9782
7.20,9781
7.22,9780
7.23,9779
7.24,9778
7.25,9777
7.26,9776
7.28,9775
7.29,9774
7.30,9773
7.31,9772
7.33,9771
7.34,9770
7.35,9769
7.36,9768
7.37,9767
7.39,9766
7.40,9765
7.41,9764
7.42,9763
7.44,9762
7.45,9761
7.46,9760
7.48,9759
7.49,9758
7.50,9757
7.51,9756
7.53,9755
7.54,9754
7.55,9753
7.56,9752
7.58,9751
7.59,9750
7.60,9749
7.61,9748
7.63,9747
7.64,9746
7.65,9745
7.67,9744
7.68,9743
7.69,9742
7.70,9741
7.72,9740
7.73,9739
7.74,9738
7.75,9737
7.77,9736
7.78,9735
7.79,9734
7.80,9733
7.82,9732
7.83,9731
7.84,9730
7.86,9729
7.87,9728
7.88,9727
7.90,9726
7.91,9725
7.92,9724
7.94,9723
7.95,9722
7.96,9721
7.98,9720
7.99,9719
8.01,9718
8.02,9717
8.03,9716
8.05,9715
8.06,9714
8.07,9713
8.09,9712
8.10,9711
8.12,9710
8.13,9709
8.14,9708
8.15,9707
8.17,9706
8.18,9705
8.19,9704
8.21,9703
8.22,9702
8.23,9701
8.24,9700
8.26,9699
8.27,9698
8.28,9697
8.29,9696
8.31,9695
8.32,9694
8.34,9693
8.35,9692
8.37,9691
8.38,9690
8.39,9689
8.41,9688
8.42,9687
8.44,9686
8.45,9685
8.47,9684
8.48,9683
8.50,9682
8.51,9681
8.53,9680
8.54,9679
8.56,9678
8.57,9677
8.59,9676
8.60,9675
8.62,9674
8.63,9673
8.65,9672
8.66,9671
8.68,9670
8.69,9669
8.71,9668
8.72,9667
8.74,9666
8.75,9665
8.77,9664
8.78,9663
8.80,9662
8.81,9661
8.83,9660
8.84,9659
8.86,9658
8.87,9657
8.89,9656
8.90,9655
8.92,9654
8.93,9653
8.95,9652
8.96,9651
8.98,9650
8.99,9649
9.01,9648
9.02,9647
9.04,9646
9.05,9645
9.07,9644
9.08,9643
9.10,9642
9.11,9641
9.13,9640
9.14,9639
9.16,9638
9.17,9637
9.19,9636
9.20,9635
9.22,9634
9.24,9633
9.25,9632
9.27,9631
9.28,9630
9.30,9629
9.31,9628
9.33,9627
9.34,9626
9.36,9625
9.37,9624
9.39,9623
9.40,9622
9.42,9621
9.43,9620
9.45,9619
9.46,9618
9.48,9617
9.49,9616
9.51,9615
9.52,9614
9.54,9613
9.55,9612
9.57,9611
9.58,9610
9.60,9609
9.61,9608
9.63,9607
9.64,9606
9.66,9605
9.67,9604
9.69,9603
9.70,9602
9.72,9601
9.73,9600
9.75,9599
9.76,9598
9.78,9597
9.79,9596
9.81,9595
9.82,9594
9.84,9593
9.85,9592
9.87,9591
9.88,9590
9.90,9589
9.91,9588
9.93,9587
9.94,9586
9.96,9585
9.97,9584
9.99,9583
10.00,9582
10.02,9581
10.03,9580
10.05,9579
10.06,9578
10.08,9577
10.09,9576
10.10,9575
10.12,9574
10.13,9573
10.14,9572
10.15,9571
10.17,9570
10.18,9569
10.19,9568
10.20,9567
10.22,9566
10.23,9565
10.24,9564
10.25,9563
10.27,9562
10.28,9561
10.29,9560
10.30,9559
10.32,9558
10.33,9557
10.34,9556
10.36,9555
10.37,9554
10.38,9553
10.39,9552
10.41,9551
10.42,9550
10.43,9549
10.44,9548
10.46,9547
10.47,9546
10.48,9545
10.49,9544
10.51,9543
10.52,9542
10.53,9541
10.54,9540
10.56,9539
10.57,9538
10.58,9537
10.59,9536
10.61,9535
10.62,9534
10.63,9533
10.65,9532
10.66,9531
10.67,9530
10.68,9529
10.70,9528
10.71,9527
10.72,9526
10.73,9525
10.75,9524
10.76,9523
10.77,9522
10.78,9521
10.80,9520
10.81,9519
10.82,9518
10.83,9517
10.85,9516
10.86,9515
10.87,9514
10.88,9513
10.90,9512
10.91,9511
10.92,9510
10.94,9509
10.95,9508
10.96,9507
10.97,9506
10.98,9505
11.00,9504
11.01,9503
11.02,9502
11.03,9501
11.05,9500
11.06,9499
11.07,9498
11.08,9497
11.10,9496
11.11,9495
11.12,9494
11.13,9493
11.14,9492
11.16,9491
11.17,9490
11.18,9489
11.19,9488
11.21,9487
11.22,9486
11.23,9485
11.24,9484
11.26,9483
11.27,9482
11.28,9481
11.29,9480
11.30,9479
11.32,9478
11.33,9477
11.34,9476
11.35,9475
11.37,9474
11.38,9473
11.39,9472
11.40,9471
11.41,9470
11.43,9469
11.44,9468
11.45,9467
11.46,9466
11.48,9465
11.49,9464
11.50,9463
11.51,9462
11.53,9461
11.54,9460
11.55,9459
11.56,9458
11.58,9457
11.59,9456
11.60,9455
11.62,9454
11.63,9453
11.64,9452
11.65,9451
11.67,9450
11.68,9449
11.69,9448
11.70,9447
11.72,9446
11.73,9445
11.74,9444
11.76,9443
11.77,9442
11.78,9441
11.79,9440
11.81,9439
11.82,9438
11.83,9437
11.84,9436
11.86,9435
11.87,9434
11.88,9433
11.89,9432
11.91,9431
11.92,9430
11.93,9429
11.94,9428
11.96,9427
11.97,9426
11.99,9425
12.00,9424
12.01,9423
12.02,9422
12.04,9421
12.05,9420
12.06,9419
12.07,9418
12.09,9417
12.10,9416
12.11,9415
12.12,9414
12.14,9413
12.15,9412
12.16,9411
12.18,9410
12.19,9409
12.20,9408
12.21,9407
12.23,9406
12.24,9405
12.25,9404
12.26,9403
12.27,9402
12.29,9401
12.30,9400
12.31,9399
12.32,9398
12.33,9397
12.35,9396
12.36,9395
12.37,9394
12.38,9393
12.40,9392
12.41,9391
12.42,9390
12.43,9389
12.45,9388
12.46,9387
12.47,9386
12.48,9385
12.49,9384
12.51,9383
12.52,9382
12.53,9381
12.54,9380
12.56,9379
12.57,9378
12.58,9377
12.59,9376
12.61,9375
12.62,9374
12.63,9373
12.64,9372
12.66,9371
12.67,9370
12.68,9369
12.69,9368
12.70,9367
12.72,9366
12.73,9365
12.74,9364
12.75,9363
12.77,9362
12.78,9361
12.79,9360
12.80,9359
12.81,9358
12.83,9357
12.84,9356
12.85,9355
12.86,9354
12.88,9353
12.89,9352
12.90,9351
12.91,9350
12.93,9349
12.94,9348
12.95,9347
12.96,9346
12.97,9345
12.99,9344
13.00,9343
13.01,9342
13.02,9341
13.03,9340
13.05,9339
13.06,9338
13.07,9337
13.08,9336
13.10,9335
13.11,9334
13.12,9333
13.13,9332
13.15,9331
13.16,9330
13.17,9329
13.18,9328
13.20,9327
13.21,9326
13.22,9325
13.23,9324
13.25,9323
13.26,9322
13.27,9321
13.28,9320
13.30,9319
13.31,9318
13.32,9317
13.33,9316
13.35,9315
13.36,9314
13.37,9313
13.38,9312
13.40,9311
13.41,9310
13.42,9309
13.43,9308
13.45,9307
13.46,9306
13.47,9305
13.48,9304
13.50,9303
13.51,9302
13.52,9301
13.53,9300
13.55,9299
13.56,9298
13.57,9297
13.58,9296
13.60,9295
13.61,9294
13.62,9293
13.63,9292
13.65,9291
13.66,9290
13.67,9289
13.68,9288
13.70,9287
13.71,9286
13.72,9285
13.73,9284
13.75,9283
13.76,9282
13.77,9281
13.78,9280
13.80,9279
13.81,9278
13.82,9277
13.83,9276
13.85,9275
13.86,9274
13.87,9273
13.88,9272
13.90,9271
13.91,9270
13.92,9269
13.93,9268
13.95,9267
13.96,9266
13.97,9265
13.98,9264
14.00,9263
14.01,9262
14.02,9261
14.03,9260
14.05,9259
14.06,9258
14.07,9257
14.08,9256
14.10,9255
14.11,9254
14.12,9253
14.13,9252
14.15,9251
14.16,9250
14.17,9249
14.18,9248
14.20,9247
14.21,9246
14.22,9245
14.23,9244
14.25,9243
14.26,9242
14.27,9241
14.28,9240
14.30,9239
14.31,9238
14.32,9237
14.33,9236
14.35,9235
14.36,9234
14.37,9233
14.38,9232
14.40,9231
14.41,9230
14.42,9229
14.43,9228
14.44,9227
14.46,9226
14.47,9225
14.48,9224
14.50,9223
14.51,9222
14.52,9221
14.53,9220
14.54,9219
14.56,9218
14.57,9217
14.58,9216
14.60,9215
14.61,9214
14.62,9213
14.63,9212
14.65,9211
14.66,9210
14.67,9209
14.68,9208
14.70,9207
14.71,9206
14.72,9205
14.73,9204
14.75,9203
14.76,9202
14.77,9201
14.78,9200
14.80,9199
14.81,9198
14.82,9197
14.83,9196
14.85,9195
14.86,9194
14.87,9193
14.88,9192
14.90,9191
14.91,9190
14.92,9189
14.93,9188
14.95,9187
14.96,9186
14.97,9185
14.98,9184
15.00,9183
15.01,9182
15.02,9181
15.03,9180
15.05,9179
15.06,9178
15.07,9177
15.08,9176
15.10,9175
15.11,9174
15.12,9173
15.14,9172
15.15,9171
15.16,9170
15.17,9169
15.19,9168
15.20,9167
15.21,9166
15.22,9165
15.24,9164
15.25,9163
15.26,9162
15.27,9161
15.29,9160
15.30,9159
15.31,9158
15.32,9157
15.34,9156
15.35,9155
15.36,9154
15.38,9153
15.39,9152
15.40,9151
15.41,9150
15.42,9149
15.44,9148
15.45,9147
15.46,9146
15.47,9145
15.49,9144
15.50,9143
15.51,9142
15.52,9141
15.54,9140
15.55,9139
15.56,9138
15.58,9137
15.59,9136
15.60,9135
15.61,9134
15.62,9133
15.64,9132
15.65,9131
15.66,9130
15.67,9129
15.69,9128
15.70,9127
15.71,9126
15.72,9125
15.74,9124
15.75,9123
15.76,9122
15.77,9121
15.79,9120
15.80,9119
15.81,9118
15.82,9117
15.84,9116
15.85,9115
15.86,9114
15.87,9113
15.88,9112
15.90,9111
15.91,9110
15.92,9109
15.93,9108
15.95,9107
15.96,9106
15.97,9105
15.98,9104
16.00,9103
16.01,9102
16.02,9101
16.03,9100
16.05,9099
16.06,9098
16.07,9097
16.08,9096
16.10,9095
16.11,9094
16.12,9093
16.13,9092
16.15,9091
16.16,9090
16.17,9089
16.18,9088
16.20,9087
16.21,9086
16.22,9085
16.23,9084
16.25,9083
16.26,9082
16.27,9081
16.28,9080
16.29,9079
16.31,9078
16.32,9077
16.33,9076
16.35,9075
16.36,9074
16.37,9073
16.38,9072
16.39,9071
16.41,9070
16.42,9069
16.43,9068
16.44,9067
16.46,9066
16.47,9065
16.48,9064
16.49,9063
16.51,9062
16.52,9061
16.53,9060
16.54,9059
16.56,9058
16.57,9057
16.58,9056
16.59,9055
16.61,9054
16.62,9053
16.63,9052
16.64,9051
16.66,9050
16.67,9049
16.68,9048
16.69,9047
16.71,9046
16.72,9045
16.73,9044
16.74,9043
16.75,9042
16.77,9041
16.78,9040
16.79,9039
16.80,9038
16.82,9037
16.83,9036
16.84,9035
16.85,9034
16.87,9033
16.88,9032
16.89,9031
16.90,9030
16.91,9029
16.93,9028
16.94,9027
16.95,9026
16.96,9025
16.98,9024
16.99,9023
17.00,9022
17.01,9021
17.02,9020
17.04,9019
17.05,9018
17.06,9017
17.07,9016
17.08,9015
17.10,9014
17.11,9013
17.12,9012
17.13,9011
17.14,9010
17.16,9009
17.17,9008
17.18,9007
17.19,9006
17.20,9005
17.22,9004
17.23,9003
17.24,9002
17.25,9001
17.27,9000
17.28,8999
17.29,8998
17.30,8997
17.31,8996
17.33,8995
17.34,8994
17.35,8993
17.36,8992
17.38,8991
17.39,8990
17.40,8989
17.42,8988
17.43,8987
17.44,8986
17.45,8985
17.47,8984
17.48,8983
17.49,8982
17.50,8981
17.51,8980
17.53,8979
17.54,8978
17.55,8977
17.56,8976
17.58,8975
17.59,8974
17.60,8973
17.61,8972
17.63,8971
17.64,8970
17.65,8969
17.66,8968
17.68,8967
17.69,8966
17.70,8965
17.71,8964
17.73,8963
17.74,8962
17.75,8961
17.76,8960
17.77,8959
17.79,8958
17.80,8957
17.81,8956
17.82,8955
17.84,8954
17.85,8953
17.86,8952
17.87,8951
17.89,8950
17.90,8949
17.91,8948
17.92,8947
17.94,8946
17.95,8945
17.96,8944
17.97,8943
17.98,8942
18.00,8941
18.01,8940
18.02,8939
18.03,8938
18.05,8937
18.06,8936
18.07,8935
18.08,8934
18.10,8933
18.11,8932
18.12,8931
18.14,8930
18.15,8929
18.16,8928
18.17,8927
18.19,8926
18.20,8925
18.21,8924
18.22,8923
18.23,8922
18.25,8921
18.26,8920
18.27,8919
18.28,8918
18.30,8917
18.31,8916
18.32,8915
18.34,8914
18.35,8913
18.36,8912
18.37,8911
18.38,8910
18.40,8909
18.41,8908
18.42,8907
18.43,8906
18.45,8905
18.46,8904
18.47,8903
18.48,8902
18.49,8901
18.51,8900
18.52,8899
18.53,8898
18.54,8897
18.55,8896
18.57,8895
18.58,8894
18.59,8893
18.60,8892
18.61,8891
18.63,8890
18.64,8889
18.65,8888
18.66,8887
18.67,8886
18.69,8885
18.70,8884
18.71,8883
18.72,8882
18.73,8881
18.75,8880
18.76,8879
18.77,8878
18.78,8877
18.79,8876
18.81,8875
18.82,8874
18.83,8873
18.84,8872
18.85,8871
18.87,8870
18.88,8869
18.89,8868
18.90,8867
18.92,8866
18.93,8865
18.94,8864
18.95,8863
18.96,8862
18.98,8861
18.99,8860
19.00,8859
19.01,8858
19.02,8857
19.04,8856
19.05,8855
19.06,8854
19.07,8853
19.08,8852
19.10,8851
19.11,8850
19.12,8849
19.13,8848
19.14,8847
19.16,8846
19.17,8845
19.18,8844
19.19,8843
19.20,8842
19.22,8841
19.23,8840
19.24,8839
19.25,8838
19.26,8837
19.28,8836
19.29,8835
19.30,8834
19.31,8833
19.33,8832
19.34,8831
19.35,8830
19.36,8829
19.38,8828
19.39,8827
19.40,8826
19.41,8825
19.42,8824
19.44,8823
19.45,8822
19.46,8821
19.47,8820
19.49,8819
19.50,8818
19.51,8817
19.52,8816
19.54,8815
19.55,8814
19.56,8813
19.57,8812
19.59,8811
19.60,8810
19.61,8809
19.62,8808
19.63,8807
19.65,8806
19.66,8805
19.67,8804
19.68,8803
19.70,8802
19.71,8801
19.72,8800
19.73,8799
19.75,8798
19.76,8797
19.77,8796
19.78,8795
19.80,8794
19.81,8793
19.82,8792
19.83,8791
19.85,8790
19.86,8789
19.87,8788
19.88,8787
19.90,8786
19.91,8785
19.92,8784
19.93,8783
19.95,8782
19.96,8781
19.97,8780
19.98,8779
20.00,8778
20.01,8777
20.02,8776
20.03,8775
20.04,8774
20.06,8773
20.07,8772
20.08,8771
20.09,8770
20.11,8769
20.12,8768
20.13,8767
20.15,8766
20.16,8765
20.17,8764
20.18,8763
20.19,8762
20.21,8761
20.22,8760
20.23,8759
20.24,8758
20.26,8757
20.27,8756
20.28,8755
20.29,8754
20.31,8753
20.32,8752
20.33,8751
20.34,8750
20.36,8749
20.37,8748
20.38,8747
20.39,8746
20.40,8745
20.42,8744
20.43,8743
20.44,8742
20.45,8741
20.47,8740
20.48,8739
20.49,8738
20.50,8737
20.52,8736
20.53,8735
20.54,8734
20.55,8733
20.57,8732
20.58,8731
20.59,8730
20.60,8729
20.62,8728
20.63,8727
20.64,8726
20.65,8725
20.66,8724
20.68,8723
20.69,8722
20.70,8721
20.71,8720
20.73,8719
20.74,8718
20.75,8717
20.76,8716
20.78,8715
20.79,8714
20.80,8713
20.81,8712
20.83,8711
20.84,8710
20.85,8709
20.87,8708
20.88,8707
20.89,8706
20.91,8705
20.92,8704
20.93,8703
20.94,8702
20.96,8701
20.97,8700
20.98,8699
20.99,8698
21.01,8697
21.02,8696
21.03,8695
21.04,8694
21.05,8693
21.07,8692
21.08,8691
21.09,8690
21.10,8689
21.12,8688
21.13,8687
21.14,8686
21.15,8685
21.16,8684
21.18,8683
21.19,8682
21.20,8681
21.21,8680
21.23,8679
21.24,8678
21.25,8677
21.26,8676
21.28,8675
21.29,8674
21.30,8673
21.31,8672
21.33,8671
21.34,8670
21.35,8669
21.36,8668
21.38,8667
21.39,8666
21.40,8665
21.41,8664
21.43,8663
21.44,8662
21.45,8661
21.46,8660
21.48,8659
21.49,8658
21.50,8657
21.51,8656
21.53,8655
21.54,8654
21.55,8653
21.56,8652
21.58,8651
21.59,8650
21.60,8649
21.61,8648
21.62,8647
21.64,8646
21.65,8645
21.66,8644
21.67,8643
21.69,8642
21.70,8641
21.71,8640
21.72,8639
21.74,8638
21.75,8637
21.76,8636
21.77,8635
21.79,8634
21.80,8633
21.81,8632
21.82,8631
21.84,8630
21.85,8629
21.86,8628
21.87,8627
21.89,8626
21.90,8625
21.91,8624
21.92,8623
21.93,8622
21.95,8621
21.96,8620
21.97,8619
21.98,8618
21.99,8617
22.01,8616
22.02,8615
22.03,8614
22.05,8613
22.06,8612
22.07,8611
22.08,8610
22.10,8609
22.11,8608
22.12,8607
22.13,8606
22.15,8605
22.16,8604
22.17,8603
22.18,8602
22.19,8601
22.21,8600
22.22,8599
22.23,8598
22.24,8597
22.26,8596
22.27,8595
22.28,8594
22.29,8593
22.31,8592
22.32,8591
22.33,8590
22.34,8589
22.35,8588
22.37,8587
22.38,8586
22.39,8585
22.40,8584
22.42,8583
22.43,8582
22.44,8581
22.45,8580
22.47,8579
22.48,8578
22.49,8577
22.50,8576
22.52,8575
22.53,8574
22.54,8573
22.55,8572
22.57,8571
22.58,8570
22.59,8569
22.60,8568
22.61,8567
22.63,8566
22.64,8565
22.65,8564
22.66,8563
22.68,8562
22.69,8561
22.70,8560
22.71,8559
22.73,8558
22.74,8557
22.75,8556
22.77,8555
22.78,8554
22.79,8553
22.80,8552
22.81,8551
22.83,8550
22.84,8549
22.85,8548
22.86,8547
22.88,8546
22.89,8545
22.90,8544
22.91,8543
22.93,8542
22.94,8541
22.95,8540
22.96,8539
22.98,8538
22.99,8537
23.00,8536
23.01,8535
23.03,8534
23.04,8533
23.05,8532
23.06,8531
23.07,8530
23.09,8529
23.10,8528
23.11,8527
23.12,8526
23.14,8525
23.15,8524
23.16,8523
23.17,8522
23.18,8521
23.20,8520
23.21,8519
23.22,8518
23.23,8517
23.25,8516
23.26,8515
23.27,8514
23.28,8513
23.30,8512
23.31,8511
23.32,8510
23.33,8509
23.34,8508
23.36,8507
23.37,8506
23.38,8505
23.39,8504
23.41,8503
23.42,8502
23.43,8501
23.44,8500
23.46,8499
23.47,8498
23.48,8497
23.49,8496
23.50,8495
23.52,8494
23.53,8493
23.54,8492
23.55,8491
23.56,8490
23.58,8489
23.59,8488
23.60,8487
23.61,8486
23.63,8485
23.64,8484
23.65,8483
23.66,8482
23.67,8481
23.69,8480
23.70,8479
23.71,8478
23.72,8477
23.73,8476
23.75,8475
23.76,8474
23.77,8473
23.78,8472
23.80,8471
23.81,8470
23.82,8469
23.83,8468
23.85,8467
23.86,8466
23.87,8465
23.88,8464
23.90,8463
23.91,8462
23.92,8461
23.93,8460
23.94,8459
23.96,8458
23.97,8457
23.98,8456
23.99,8455
24.00,8454
24.02,8453
24.03,8452
24.04,8451
24.05,8450
24.07,8449
24.08,8448
24.09,8447
24.10,8446
24.11,8445
24.13,8444
24.14,8443
24.15,8442
24.16,8441
24.17,8440
24.19,8439
24.20,8438
24.21,8437
24.22,8436
24.24,8435
24.25,8434
24.26,8433
24.27,8432
24.28,8431
24.30,8430
24.31,8429
24.32,8428
24.33,8427
24.34,8426
24.36,8425
24.37,8424
24.38,8423
24.39,8422
24.41,8421
24.42,8420
24.43,8419
24.44,8418
24.45,8417
24.47,8416
24.48,8415
24.49,8414
24.50,8413
24.52,8412
24.53,8411
24.54,8410
24.55,8409
24.57,8408
24.58,8407
24.59,8406
24.60,8405
24.62,8404
24.63,8403
24.64,8402
24.65,8401
24.66,8400
24.68,8399
24.69,8398
24.70,8397
24.71,8396
24.73,8395
24.74,8394
24.75,8393
24.76,8392
24.77,8391
24.79,8390
24.80,8389
24.81,8388
24.82,8387
24.84,8386
24.85,8385
24.86,8384
24.87,8383
24.88,8382
24.90,8381
24.91,8380
24.92,8379
24.93,8378
24.94,8377
24.96,8376
24.97,8375
24.98,8374
24.99,8373
25.01,8372
25.02,8371
25.03,8370
25.04,8369
25.06,8368
25.07,8367
25.08,8366
25.09,8365
25.10,8364
25.12,8363
25.13,8362
25.14,8361
25.15,8360
25.16,8359
25.18,8358
25.19,8357
25.20,8356
25.21,8355
25.22,8354
25.24,8353
25.25,8352
25.26,8351
25.27,8350
25.28,8349
25.29,8348
25.31,8347
25.32,8346
25.33,8345
25.34,8344
25.35,8343
25.37,8342
25.38,8341
25.39,8340
25.40,8339
25.41,8338
25.42,8337
25.44,8336
25.45,8335
25.46,8334
25.47,8333
25.48,8332
25.50,8331
25.51,8330
25.52,8329
25.53,8328
25.54,8327
25.56,8326
25.57,8325
25.58,8324
25.59,8323
25.60,8322
25.61,8321
25.63,8320
25.64,8319
25.65,8318
25.66,8317
25.68,8316
25.69,8315
25.70,8314
25.71,8313
25.73,8312
25.74,8311
25.75,8310
25.76,8309
25.77,8308
25.79,8307
25.80,8306
25.81,8305
25.82,8304
25.84,8303
25.85,8302
25.86,8301
25.87,8300
25.88,8299
25.90,8298
25.91,8297
25.92,8296
25.93,8295
25.95,8294
25.96,8293
25.97,8292
25.98,8291
25.99,8290
26.01,8289
26.02,8288
26.03,8287
26.04,8286
26.05,8285
26.07,8284
26.08,8283
26.09,8282
26.10,8281
26.11,8280
26.13,8279
26.14,8278
26.15,8277
26.16,8276
26.17,8275
26.19,8274
26.20,8273
26.21,8272
26.22,8271
26.24,8270
26.25,8269
26.26,8268
26.27,8267
26.28,8266
26.30,8265
26.31,8264
26.32,8263
26.33,8262
26.35,8261
26.36,8260
26.37,8259
26.38,8258
26.39,8257
26.41,8256
26.42,8255
26.43,8254
26.44,8253
26.45,8252
26.47,8251
26.48,8250
26.49,8249
26.50,8248
26.51,8247
26.53,8246
26.54,8245
26.55,8244
26.56,8243
26.58,8242
26.59,8241
26.60,8240
26.61,8239
26.62,8238
26.64,8237
26.65,8236
26.66,8235
26.67,8234
26.69,8233
26.70,8232
26.71,8231
26.72,8230
26.73,8229
26.75,8228
26.76,8227
26.77,8226
26.78,8225
26.79,8224
26.81,8223
26.82,8222
26.83,8221
26.84,8220
26.85,8219
26.87,8218
26.88,8217
26.89,8216
26.90,8215
26.91,8214
26.93,8213
26.94,8212
26.95,8211
26.96,8210
26.98,8209
26.99,8208
27.00,8207
27.01,8206
27.03,8205
27.04,8204
27.05,8203
27.06,8202
27.08,8201
27.09,8200
27.10,8199
27.11,8198
27.12,8197
27.14,8196
27.15,8195
27.16,8194
27.17,8193
27.18,8192
27.20,8191
27.21,8190
27.22,8189
27.23,8188
27.24,8187
27.26,8186
27.27,8185
27.28,8184
27.29,8183
27.31,8182
27.32,8181
27.33,8180
27.34,8179
27.35,8178
27.37,8177
27.38,8176
27.39,8175
27.40,8174
27.42,8173
27.43,8172
27.44,8171
27.45,8170
27.46,8169
27.48,8168
27.49,8167
27.50,8166
27.51,8165
27.53,8164
27.54,8163
27.55,8162
27.56,8161
27.58,8160
27.59,8159
27.60,8158
27.62,8157
27.63,8156
27.64,8155
27.66,8154
27.67,8153
27.68,8152
27.69,8151
27.71,8150
27.72,8149
27.73,8148
27.74,8147
27.75,8146
27.77,8145
27.78,8144
27.79,8143
27.80,8142
27.81,8141
27.83,8140
27.84,8139
27.85,8138
27.86,8137
27.88,8136
27.89,8135
27.90,8134
27.91,8133
27.92,8132
27.94,8131
27.95,8130
27.96,8129
27.97,8128
27.99,8127
28.00,8126
28.01,8125
28.02,8124
28.04,8123
28.05,8122
28.06,8121
28.07,8120
28.08,8119
28.10,8118
28.11,8117
28.12,8116
28.13,8115
28.14,8114
28.16,8113
28.17,8112
28.18,8111
28.19,8110
28.21,8109
28.22,8108
28.23,8107
28.24,8106
28.25,8105
28.27,8104
28.28,8103
28.29,8102
28.30,8101
28.32,8100
28.33,8099
28.34,8098
28.35,8097
28.37,8096
28.38,8095
28.39,8094
28.40,8093
28.41,8092
28.43,8091
28.44,8090
28.45,8089
28.46,8088
28.48,8087
28.49,8086
28.50,8085
28.51,8084
28.53,8083
28.54,8082
28.55,8081
28.56,8080
28.57,8079
28.59,8078
28.60,8077
28.61,8076
28.63,8075
28.64,8074
28.65,8073
28.66,8072
28.67,8071
28.69,8070
28.70,8069
28.71,8068
28.72,8067
28.73,8066
28.75,8065
28.76,8064
28.77,8063
28.78,8062
28.80,8061
28.81,8060
28.82,8059
28.83,8058
28.85,8057
28.86,8056
28.87,8055
28.88,8054
28.89,8053
28.91,8052
28.92,8051
28.93,8050
28.94,8049
28.95,8048
28.97,8047
28.98,8046
28.99,8045
29.00,8044
29.02,8043
29.03,8042
29.04,8041
29.05,8040
29.06,8039
29.08,8038
29.09,8037
29.10,8036
29.11,8035
29.13,8034
29.14,8033
29.15,8032
29.16,8031
29.18,8030
29.19,8029
29.20,8028
29.21,8027
29.22,8026
29.24,8025
29.25,8024
29.26,8023
29.27,8022
29.29,8021
29.30,8020
29.31,8019
29.32,8018
29.33,8017
29.35,8016
29.36,8015
29.37,8014
29.38,8013
29.40,8012
29.41,8011
29.42,8010
29.43,8009
29.45,8008
29.46,8007
29.47,8006
29.48,8005
29.49,8004
29.51,8003
29.52,8002
29.53,8001
29.54,8000
29.56,7999
29.57,7998
29.58,7997
29.59,7996
29.60,7995
29.62,7994
29.63,7993
29.64,7992
29.65,7991
29.66,7990
29.67,7989
29.69,7988
29.70,7987
29.71,7986
29.72,7985
29.73,7984
29.75,7983
29.76,7982
29.77,7981
29.78,7980
29.79,7979
29.81,7978
29.82,7977
29.83,7976
29.84,7975
29.85,7974
29.87,7973
29.88,7972
29.89,7971
29.90,7970
29.91,7969
29.93,7968
29.94,7967
29.95,7966
29.96,7965
29.98,7964
29.99,7963
30.00,7962
30.01,7961
30.02,7960
30.04,7959
30.05,7958
30.06,7957
30.07,7956
30.09,7955
30.10,7954
30.11,7953
30.12,7952
30.14,7951
30.15,7950
30.16,7949
30.17,7948
30.18,7947
30.20,7946
30.21,7945
30.22,7944
30.23,7943
30.25,7942
30.26,7941
30.27,7940
30.28,7939
30.30,7938
30.31,7937
30.32,7936
30.33,7935
30.34,7934
30.36,7933
30.37,7932
30.38,7931
30.39,7930
30.40,7929
30.42,7928
30.43,7927
30.44,7926
30.45,7925
30.46,7924
30.47,7923
30.49,7922
30.50,7921
30.51,7920
30.52,7919
30.53,7918
30.55,7917
30.56,7916
30.57,7915
30.58,7914
30.59,7913
30.60,7912
30.62,7911
30.63,7910
30.64,7909
30.65,7908
30.67,7907
30.68,7906
30.69,7905
30.70,7904
30.71,7903
30.73,7902
30.74,7901
30.75,7900
30.76,7899
30.77,7898
30.78,7897
30.80,7896
30.81,7895
30.82,7894
30.83,7893
30.84,7892
30.86,7891
30.87,7890
30.88,7889
30.89,7888
30.91,7887
30.92,7886
30.93,7885
30.94,7884
30.96,7883
30.97,7882
30.98,7881
30.99,7880
31.00,7879
31.02,7878
31.03,7877
31.04,7876
31.06,7875
31.07,7874
31.08,7873
31.09,7872
31.10,7871
31.12,7870
31.13,7869
31.14,7868
31.15,7867
31.17,7866
31.18,7865
31.19,7864
31.20,7863
31.22,7862
31.23,7861
31.24,7860
31.25,7859
31.26,7858
31.28,7857
31.29,7856
31.30,7855
31.31,7854
31.33,7853
31.34,7852
31.35,7851
31.36,7850
31.38,7849
31.39,7848
31.40,7847
31.41,7846
31.42,7845
31.44,7844
31.45,7843
31.46,7842
31.47,7841
31.49,7840
31.50,7839
31.51,7838
31.52,7837
31.53,7836
31.55,7835
31.56,7834
31.57,7833
31.58,7832
31.60,7831
31.61,7830
31.62,7829
31.63,7828
31.65,7827
31.66,7826
31.67,7825
31.68,7824
31.69,7823
31.71,7822
31.72,7821
31.73,7820
31.74,7819
31.76,7818
31.77,7817
31.78,7816
31.79,7815
31.80,7814
31.82,7813
31.83,7812
31.84,7811
31.85,7810
31.87,7809
31.88,7808
31.89,7807
31.90,7806
31.92,7805
31.93,7804
31.94,7803
31.95,7802
31.97,7801
31.98,7800
31.99,7799
32.00,7798
32.01,7797
32.03,7796
32.04,7795
32.05,7794
32.06,7793
32.08,7792
32.09,7791
32.10,7790
32.11,7789
32.12,7788
32.14,7787
32.15,7786
32.16,7785
32.17,7784
32.19,7783
32.20,7782
32.21,7781
32.22,7780
32.24,7779
32.25,7778
32.26,7777
32.27,7776
32.28,7775
32.30,7774
32.31,7773
32.32,7772
32.33,7771
32.35,7770
32.36,7769
32.37,7768
32.38,7767
32.40,7766
32.41,7765
32.42,7764
32.43,7763
32.44,7762
32.46,7761
32.47,7760
32.48,7759
32.49,7758
32.51,7757
32.52,7756
32.53,7755
32.54,7754
32.55,7753
32.57,7752
32.58,7751
32.59,7750
32.60,7749
32.62,7748
32.63,7747
32.64,7746
32.65,7745
32.67,7744
32.68,7743
32.69,7742
32.70,7741
32.71,7740
32.73,7739
32.74,7738
32.75,7737
32.76,7736
32.78,7735
32.79,7734
32.80,7733
32.81,7732
32.83,7731
32.84,7730
32.85,7729
32.86,7728
32.87,7727
32.89,7726
32.90,7725
32.91,7724
32.92,7723
32.94,7722
32.95,7721
32.96,7720
32.97,7719
32.99,7718
33.00,7717
33.01,7716
33.02,7715
33.03,7714
33.05,7713
33.06,7712
33.07,7711
33.09,7710
33.10,7709
33.11,7708
33.12,7707
33.13,7706
33.15,7705
33.16,7704
33.17,7703
33.18,7702
33.19,7701
33.21,7700
33.22,7699
33.23,7698
33.24,7697
33.26,7696
33.27,7695
33.28,7694
33.29,7693
33.31,7692
33.32,7691
33.33,7690
33.34,7689
33.36,7688
33.37,7687
33.38,7686
33.39,7685
33.40,7684
33.42,7683
33.43,7682
33.44,7681
33.45,7680
33.47,7679
33.48,7678
33.49,7677
33.50,7676
33.51,7675
33.53,7674
33.54,7673
33.55,7672
33.56,7671
33.57,7670
33.59,7669
33.60,7668
33.61,7667
33.62,7666
33.63,7665
33.65,7664
33.66,7663
33.67,7662
33.68,7661
33.69,7660
33.70,7659
33.72,7658
33.73,7657
33.74,7656
33.75,7655
33.76,7654
33.78,7653
33.79,7652
33.80,7651
33.81,7650
33.83,7649
33.84,7648
33.85,7647
33.86,7646
33.87,7645
33.89,7644
33.90,7643
33.91,7642
33.92,7641
33.93,7640
33.95,7639
33.96,7638
33.97,7637
33.98,7636
33.99,7635
34.01,7634
34.02,7633
34.03,7632
34.04,7631
34.06,7630
34.07,7629
34.08,7628
34.09,7627
34.11,7626
34.12,7625
34.13,7624
34.14,7623
34.15,7622
34.17,7621
34.18,7620
34.19,7619
34.20,7618
34.22,7617
34.23,7616
34.24,7615
34.25,7614
34.26,7613
34.28,7612
34.29,7611
34.30,7610
34.31,7609
34.33,7608
34.34,7607
34.35,7606
34.36,7605
34.37,7604
34.39,7603
34.40,7602
34.41,7601
34.42,7600
34.43,7599
34.45,7598
34.46,7597
34.47,7596
34.48,7595
34.50,7594
34.51,7593
34.52,7592
34.53,7591
34.55,7590
34.56,7589
34.57,7588
34.58,7587
34.59,7586
34.61,7585
34.62,7584
34.63,7583
34.64,7582
34.65,7581
34.67,7580
34.68,7579
34.69,7578
34.70,7577
34.72,7576
34.73,7575
34.74,7574
34.75,7573
34.77,7572
34.78,7571
34.79,7570
34.80,7569
34.82,7568
34.83,7567
34.84,7566
34.85,7565
34.87,7564
34.88,7563
34.89,7562
34.90,7561
34.92,7560
34.93,7559
34.94,7558
34.95,7557
34.96,7556
34.98,7555
34.99,7554
35.00,7553
35.01,7552
35.03,7551
35.04,7550
35.05,7549
35.06,7548
35.08,7547
35.09,7546
35.10,7545
35.11,7544
35.12,7543
35.14,7542
35.15,7541
35.16,7540
35.17,7539
35.19,7538
35.20,7537
35.21,7536
35.22,7535
35.23,7534
35.25,7533
35.26,7532
35.27,7531
35.28,7530
35.30,7529
35.31,7528
35.32,7527
35.33,7526
35.35,7525
35.36,7524
35.37,7523
35.38,7522
35.39,7521
35.41,7520
35.42,7519
35.43,7518
35.44,7517
35.46,7516
35.47,7515
35.48,7514
35.49,7513
35.51,7512
35.52,7511
35.53,7510
35.54,7509
35.56,7508
35.57,7507
35.58,7506
35.59,7505
35.60,7504
35.62,7503
35.63,7502
35.64,7501
35.65,7500
35.67,7499
35.68,7498
35.69,7497
35.70,7496
35.72,7495
35.73,7494
35.74,7493
35.75,7492
35.76,7491
35.78,7490
35.79,7489
35.80,7488
35.81,7487
35.83,7486
35.84,7485
35.85,7484
35.86,7483
35.87,7482
35.89,7481
35.90,7480
35.91,7479
35.92,7478
35.93,7477
35.95,7476
35.96,7475
35.97,7474
35.98,7473
35.99,7472
36.01,7471
36.02,7470
36.03,7469
36.04,7468
36.06,7467
36.07,7466
36.08,7465
36.09,7464
36.10,7463
36.12,7462
36.13,7461
36.14,7460
36.15,7459
36.17,7458
36.18,7457
36.19,7456
36.20,7455
36.22,7454
36.23,7453
36.24,7452
36.25,7451
36.26,7450
36.28,7449
36.29,7448
36.30,7447
36.31,7446
36.33,7445
36.34,7444
36.35,7443
36.36,7442
36.38,7441
36.39,7440
36.40,7439
36.41,7438
36.42,7437
36.44,7436
36.45,7435
36.46,7434
36.47,7433
36.49,7432
36.50,7431
36.51,7430
36.52,7429
36.54,7428
36.55,7427
36.56,7426
36.57,7425
36.58,7424
36.60,7423
36.61,7422
36.62,7421
36.63,7420
36.65,7419
36.66,7418
36.67,7417
36.68,7416
36.70,7415
36.71,7414
36.72,7413
36.73,7412
36.74,7411
36.76,7410
36.77,7409
36.78,7408
36.79,7407
36.81,7406
36.82,7405
36.83,7404
36.84,7403
36.85,7402
36.87,7401
36.88,7400
36.89,7399
36.90,7398
36.91,7397
36.93,7396
36.94,7395
36.95,7394
36.96,7393
36.98,7392
36.99,7391
37.00,7390
37.01,7389
37.02,7388
37.04,7387
37.05,7386
37.06,7385
37.07,7384
37.09,7383
37.10,7382
37.11,7381
37.12,7380
37.13,7379
37.15,7378
37.16,7377
37.17,7376
37.18,7375
37.19,7374
37.21,7373
37.22,7372
37.23,7371
37.24,7370
37.25,7369
37.27,7368
37.28,7367
37.29,7366
37.30,7365
37.31,7364
37.33,7363
37.34,7362
37.35,7361
37.36,7360
37.38,7359
37.39,7358
37.40,7357
37.41,7356
37.42,7355
37.44,7354
37.45,7353
37.46,7352
37.47,7351
37.49,7350
37.50,7349
37.51,7348
37.52,7347
37.54,7346
37.55,7345
37.56,7344
37.57,7343
37.59,7342
37.60,7341
37.61,7340
37.62,7339
37.64,7338
37.65,7337
37.66,7336
37.67,7335
37.69,7334
37.70,7333
37.71,7332
37.72,7331
37.73,7330
37.75,7329
37.76,7328
37.77,7327
37.78,7326
37.79,7325
37.81,7324
37.82,7323
37.83,7322
37.84,7321
37.85,7320
37.87,7319
37.88,7318
37.89,7317
37.91,7316
37.92,7315
37.94,7314
37.95,7313
37.96,7312
37.97,7311
37.98,7310
38.00,7309
38.01,7308
38.02,7307
38.03,7306
38.05,7305
38.06,7304
38.07,7303
38.08,7302
38.09,7301
38.11,7300
38.12,7299
38.13,7298
38.14,7297
38.16,7296
38.17,7295
38.18,7294
38.19,7293
38.21,7292
38.22,7291
38.23,7290
38.24,7289
38.25,7288
38.27,7287
38.29,7286
38.30,7285
38.31,7284
38.32,7283
38.34,7282
38.35,7281
38.36,7280
38.37,7279
38.38,7278
38.40,7277
38.41,7276
38.42,7275
38.43,7274
38.45,7273
38.46,7272
38.47,7271
38.48,7270
38.49,7269
38.51,7268
38.52,7267
38.53,7266
38.54,7265
38.56,7264
38.57,7263
38.58,7262
38.59,7261
38.60,7260
38.62,7259
38.63,7258
38.64,7257
38.65,7256
38.67,7255
38.68,7254
38.69,7253
38.70,7252
38.72,7251
38.73,7250
38.74,7249
38.75,7248
38.76,7247
38.77,7246
38.79,7245
38.80,7244
38.81,7243
38.82,7242
38.83,7241
38.85,7240
38.86,7239
38.87,7238
38.88,7237
38.89,7236
38.91,7235
38.92,7234
38.93,7233
38.94,7232
38.96,7231
38.97,7230
38.98,7229
38.99,7228
39.00,7227
39.02,7226
39.03,7225
39.04,7224
39.05,7223
39.06,7222
39.07,7221
39.09,7220
39.10,7219
39.11,7218
39.12,7217
39.13,7216
39.15,7215
39.16,7214
39.17,7213
39.18,7212
39.19,7211
39.21,7210
39.22,7209
39.23,7208
39.24,7207
39.25,7206
39.26,7205
39.28,7204
39.29,7203
39.30,7202
39.31,7201
39.32,7200
39.34,7199
39.35,7198
39.36,7197
39.37,7196
39.38,7195
39.39,7194
39.41,7193
39.42,7192
39.43,7191
39.44,7190
39.45,7189
39.47,7188
39.48,7187
39.49,7186
39.50,7185
39.51,7184
39.53,7183
39.54,7182
39.55,7181
39.56,7180
39.57,7179
39.59,7178
39.60,7177
39.61,7176
39.62,7175
39.63,7174
39.64,7173
39.66,7172
39.67,7171
39.68,7170
39.69,7169
39.70,7168
39.72,7167
39.73,7166
39.74,7165
39.75,7164
39.76,7163
39.77,7162
39.79,7161
39.80,7160
39.81,7159
39.82,7158
39.84,7157
39.85,7156
39.86,7155
39.87,7154
39.88,7153
39.89,7152
39.91,7151
39.92,7150
39.93,7149
39.94,7148
39.95,7147
39.97,7146
39.98,7145
39.99,7144
40.00,7143
40.01,7142
40.03,7141
40.04,7140
40.05,7139
40.06,7138
40.07,7137
40.09,7136
40.10,7135
40.11,7134
40.12,7133
40.13,7132
40.14,7131
40.15,7130
40.17,7129
40.18,7128
40.19,7127
40.20,7126
40.21,7125
40.22,7124
40.24,7123
40.25,7122
40.26,7121
40.27,7120
40.28,7119
40.29,7118
40.30,7117
40.32,7116
40.33,7115
40.34,7114
40.35,7113
40.36,7112
40.37,7111
40.39,7110
40.40,7109
40.41,7108
40.42,7107
40.43,7106
40.44,7105
40.46,7104
40.47,7103
40.48,7102
40.49,7101
40.50,7100
40.51,7099
40.53,7098
40.54,7097
40.55,7096
40.56,7095
40.57,7094
40.63,7093
40.67,7092
40.68,7091
40.69,7090
40.71,7089
40.72,7088
40.73,7087
40.74,7086
40.75,7085
40.77,7084
40.78,7083
40.79,7082
40.80,7081
40.81,7080
40.83,7079
40.84,7078
40.85,7077
40.86,7076
40.87,7075
40.89,7074
40.90,7073
40.91,7072
40.92,7071
40.93,7070
40.95,7069
40.96,7068
40.97,7067
40.98,7066
40.99,7065
41.01,7064
41.02,7063
41.03,7062
41.04,7061
41.08,7060
41.09,7059
41.10,7058
41.11,7057
41.13,7056
41.14,7055
41.15,7054
41.17,7053
41.18,7052
41.19,7051
41.21,7050
41.22,7049
41.24,7048
41.25,7047
41.26,7046
41.27,7045
41.28,7044
41.30,7043
41.31,7042
41.32,7041
41.33,7040
41.34,7039
41.35,7038
41.37,7037
41.38,7036
41.39,7035
41.40,7034
41.41,7033
41.42,7032
41.44,7031
41.45,7030
41.46,7029
41.47,7028
41.48,7027
41.53,7026
41.55,7025
41.57,7024
41.58,7023
41.59,7022
41.60,7021
41.62,7020
41.64,7019
41.65,7018
41.67,7017
41.69,7016
41.70,7015
41.75,7014
