1.08,6836
1.19,6835
1.22,6834
1.25,6833
1.27,6832
1.30,6831
1.32,6830
1.34,6829
1.36,6828
1.39,6827
1.40,6826
1.42,6825
1.43,6824
1.45,6823
1.46,6822
1.48,6821
1.49,6820
1.51,6819
1.52,6818
1.54,6817
1.55,6816
1.57,6815
1.59,6814
1.60,6813
1.62,6812
1.63,6811
1.65,6810
1.66,6809
1.68,6808
1.69,6807
1.71,6806
1.72,6805
1.74,6804
1.75,6803
1.77,6802
1.78,6801
1.80,6800
1.81,6799
1.83,6798
1.84,6797
1.86,6796
1.87,6795
1.89,6794
1.91,6793
1.92,6792
1.94,6791
1.95,6790
1.97,6789
1.98,6788
2.01,6787
2.02,6786
2.04,6785
2.05,6784
2.07,6783
2.08,6782
2.10,6781
2.11,6780
2.13,6779
2.15,6778
2.16,6777
2.18,6776
2.19,6775
2.21,6774
2.22,6773
2.24,6772
2.25,6771
2.27,6770
2.28,6769
2.30,6768
2.31,6767
2.33,6766
2.35,6765
2.36,6764
2.38,6763
2.39,6762
2.41,6761
2.42,6760
2.44,6759
2.45,6758
2.47,6757
2.48,6756
2.50,6755
2.51,6754
2.53,6753
2.54,6752
2.56,6751
2.57,6750
2.59,6749
2.60,6748
2.62,6747
2.63,6746
2.65,6745
2.66,6744
2.68,6743
2.69,6742
2.71,6741
2.72,6740
2.74,6739
2.76,6738
2.78,6737
2.79,6736
2.81,6735
2.83,6734
2.85,6733
2.86,6732
2.88,6731
2.90,6730
2.91,6729
2.93,6728
2.95,6727
2.96,6726
2.98,6725
3.00,6724
3.01,6723
3.03,6722
3.05,6721
3.06,6720
3.08,6719
3.10,6718
3.11,6717
3.13,6716
3.15,6715
3.16,6714
3.18,6713
3.20,6712
3.21,6711
3.23,6710
3.25,6709
3.26,6708
3.28,6707
3.30,6706
3.33,6705
3.34,6704
3.36,6703
3.37,6702
3.39,6701
3.40,6700
3.42,6699
3.43,6698
3.45,6697
3.46,6696
3.48,6695
3.49,6694
3.51,6693
3.52,6692
3.53,6691
3.55,6690
3.56,6689
3.58,6688
3.59,6687
3.61,6686
3.62,6685
3.64,6684
3.65,6683
3.67,6682
3.68,6681
3.70,6680
3.71,6679
3.73,6678
3.74,6677
3.76,6676
3.77,6675
3.79,6674
3.80,6673
3.81,6672
3.84,6671
3.85,6670
3.87,6669
3.88,6668
3.90,6667
3.91,6666
3.93,6665
3.94,6664
3.96,6663
3.97,6662
3.99,6661
4.00,6660
4.01,6659
4.03,6658
4.04,6657
4.06,6656
4.07,6655
4.09,6654
4.10,6653
4.12,6652
4.13,6651
4.15,6650
4.16,6649
4.18,6648
4.19,6647
4.21,6646
4.22,6645
4.24,6644
4.25,6643
4.27,6642
4.28,6641
4.30,6640
4.31,6639
4.33,6638
4.34,6637
4.36,6636
4.37,6635
4.39,6634
4.40,6633
4.42,6632
4.44,6631
4.45,6630
4.47,6629
4.48,6628
4.50,6627
4.51,6626
4.53,6625
4.56,6624
4.58,6623
4.59,6622
4.61,6621
4.62,6620
4.64,6619
4.65,6618
4.67,6617
4.68,6616
4.70,6615
4.71,6614
4.73,6613
4.75,6612
4.78,6611
4.80,6610
4.81,6609
4.83,6608
4.84,6607
4.86,6606
4.87,6605
4.89,6604
4.90,6603
4.92,6602
4.93,6601
4.95,6600
4.96,6599
4.98,6598
4.99,6597
5.01,6596
5.02,6595
5.04,6594
5.05,6593
5.07,6592
5.09,6591
5.10,6590
5.12,6589
5.14,6588
5.16,6587
5.19,6586
5.20,6585
5.22,6584
5.23,6583
5.25,6582
5.26,6581
5.28,6580
5.29,6579
5.31,6578
5.32,6577
5.34,6576
5.35,6575
5.37,6574
5.38,6573
5.40,6572
5.41,6571
5.43,6570
5.44,6569
5.46,6568
5.47,6567
5.49,6566
5.50,6565
5.52,6564
5.53,6563
5.55,6562
5.56,6561
5.58,6560
5.59,6559
5.61,6558
5.63,6557
5.64,6556
5.66,6555
5.67,6554
5.69,6553
5.70,6552
5.72,6551
5.73,6550
5.75,6549
5.76,6548
5.78,6547
5.79,6546
5.81,6545
5.83,6544
5.84,6543
5.86,6542
5.87,6541
5.90,6540
5.91,6539
5.93,6538
5.94,6537
5.96,6536
5.97,6535
5.99,6534
6.01,6533
6.02,6532
6.04,6531
6.07,6530
6.09,6529
6.11,6528
6.12,6527
6.14,6526
6.18,6525
6.20,6524
6.22,6523
6.23,6522
6.27,6521
6.28,6520
6.30,6519
6.32,6518
6.33,6517
6.35,6516
6.36,6515
6.38,6514
6.40,6513
6.42,6512
6.43,6511
6.45,6510
6.46,6509
6.48,6508
6.50,6507
6.52,6506
6.53,6505
6.55,6504
6.57,6503
6.58,6502
6.60,6501
6.63,6500
6.65,6499
6.68,6498
6.70,6497
6.72,6496
6.73,6495
6.79,6494
6.81,6493
6.83,6492
6.84,6491
6.86,6490
6.87,6489
6.89,6488
6.91,6487
6.92,6486
6.98,6485
7.00,6484
7.10,6483
7.12,6482
7.13,6481
7.15,6480
7.18,6479
7.20,6478
7.21,6477
7.23,6476
7.25,6475
7.26,6474
7.30,6473
7.33,6472
7.35,6471
7.37,6470
7.38,6469
7.40,6468
7.43,6467
7.44,6466
7.46,6465
7.47,6464
7.49,6463
7.50,6462
7.52,6461
7.53,6460
7.55,6459
7.56,6458
7.58,6457
7.61,6456
7.63,6455
7.64,6454
7.66,6453
7.69,6452
7.70,6451
7.72,6450
7.73,6449
7.76,6448
7.77,6447
7.79,6446
7.80,6445
7.82,6444
7.83,6443
7.85,6442
7.87,6441
7.88,6440
7.90,6439
7.92,6438
7.93,6437
7.95,6436
7.99,6435
8.01,6434
8.07,6433
8.10,6432
8.11,6431
8.13,6430
8.15,6429
8.16,6428
8.18,6427
8.19,6426
8.21,6425
8.22,6424
8.24,6423
8.26,6422
8.28,6421
8.29,6420
8.30,6419
8.32,6418
8.34,6417
8.35,6416
8.37,6415
8.38,6414
8.40,6413
8.41,6412
8.43,6411
8.44,6410
8.46,6409
8.47,6408
8.49,6407
8.50,6406
8.52,6405
8.53,6404
8.55,6403
8.57,6402
8.58,6401
8.60,6400
8.61,6399
8.63,6398
8.64,6397
8.66,6396
8.67,6395
8.69,6394
8.70,6393
8.72,6392
8.73,6391
8.75,6390
8.76,6389
8.78,6388
8.79,6387
8.81,6386
8.82,6385
8.84,6384
8.85,6383
8.87,6382
8.88,6381
8.90,6380
8.92,6379
8.93,6378
8.95,6377
8.96,6376
8.98,6375
8.99,6374
9.01,6373
9.02,6372
9.04,6371
9.05,6370
9.07,6369
9.08,6368
9.10,6367
9.12,6366
9.13,6365
9.15,6364
9.16,6363
9.18,6362
9.19,6361
9.21,6360
9.22,6359
9.24,6358
9.25,6357
9.27,6356
9.28,6355
9.30,6354
9.31,6353
9.33,6352
9.35,6351
9.36,6350
9.38,6349
9.39,6348
9.41,6347
9.42,6346
9.44,6345
9.45,6344
9.47,6343
9.48,6342
9.50,6341
9.51,6340
9.53,6339
9.54,6338
9.56,6337
9.57,6336
9.59,6335
9.60,6334
9.62,6333
9.63,6332
9.65,6331
9.66,6330
9.68,6329
9.69,6328
9.71,6327
9.72,6326
9.74,6325
9.75,6324
9.77,6323
9.79,6322
9.80,6321
9.82,6320
9.83,6319
9.85,6318
9.87,6317
9.88,6316
9.90,6315
9.91,6314
9.93,6313
9.95,6312
9.96,6311
9.98,6310
9.99,6309
10.01,6308
10.02,6307
10.04,6306
10.06,6305
10.07,6304
10.09,6303
10.10,6302
10.12,6301
10.13,6300
10.15,6299
10.16,6298
10.18,6297
10.19,6296
10.21,6295
10.22,6294
10.24,6293
10.25,6292
10.27,6291
10.28,6290
10.30,6289
10.31,6288
10.33,6287
10.34,6286
10.36,6285
10.37,6284
10.39,6283
10.40,6282
10.42,6281
10.43,6280
10.45,6279
10.46,6278
10.48,6277
10.49,6276
10.51,6275
10.52,6274
10.54,6273
10.55,6272
10.57,6271
10.58,6270
10.60,6269
10.62,6268
10.63,6267
10.65,6266
10.66,6265
10.68,6264
10.69,6263
10.71,6262
10.72,6261
10.74,6260
10.75,6259
10.77,6258
10.78,6257
10.80,6256
10.81,6255
10.83,6254
10.85,6253
10.86,6252
10.88,6251
10.89,6250
10.91,6249
10.92,6248
10.94,6247
10.95,6246
10.97,6245
10.99,6244
11.00,6243
11.02,6242
11.03,6241
11.05,6240
11.06,6239
11.08,6238
11.09,6237
11.11,6236
11.12,6235
11.14,6234
11.15,6233
11.17,6232
11.18,6231
11.20,6230
11.21,6229
11.23,6228
11.24,6227
11.26,6226
11.27,6225
11.29,6224
11.31,6223
11.32,6222
11.34,6221
11.35,6220
11.37,6219
11.38,6218
11.40,6217
11.41,6216
11.43,6215
11.44,6214
11.46,6213
11.48,6212
11.49,6211
11.51,6210
11.52,6209
11.54,6208
11.55,6207
11.57,6206
11.58,6205
11.60,6204
11.61,6203
11.63,6202
11.64,6201
11.66,6200
11.67,6199
11.69,6198
11.70,6197
11.72,6196
11.73,6195
11.75,6194
11.76,6193
11.78,6192
11.79,6191
11.81,6190
11.83,6189
11.84,6188
11.86,6187
11.88,6186
11.89,6185
11.91,6184
11.93,6183
11.94,6182
11.96,6181
11.97,6180
11.99,6179
12.00,6178
12.02,6177
12.03,6176
12.05,6175
12.06,6174
12.09,6173
12.10,6172
12.12,6171
12.13,6170
12.16,6169
12.17,6168
12.19,6167
12.20,6166
12.22,6165
12.23,6164
12.25,6163
12.27,6162
12.28,6161
12.29,6160
12.31,6159
12.33,6158
12.34,6157
12.36,6156
12.37,6155
12.39,6154
12.40,6153
12.42,6152
12.44,6151
12.45,6150
12.47,6149
12.48,6148
12.50,6147
12.51,6146
12.53,6145
12.54,6144
12.56,6143
12.57,6142
12.59,6141
12.60,6140
12.62,6139
12.63,6138
12.65,6137
12.66,6136
12.68,6135
12.70,6134
12.72,6133
12.73,6132
12.75,6131
12.77,6130
12.78,6129
12.80,6128
12.82,6127
12.83,6126
12.85,6125
12.86,6124
12.88,6123
12.89,6122
12.91,6121
12.93,6120
12.95,6119
12.96,6118
12.98,6117
13.00,6116
13.01,6115
13.03,6114
13.05,6113
13.06,6112
13.08,6111
13.10,6110
13.12,6109
13.13,6108
13.15,6107
13.17,6106
13.18,6105
13.20,6104
13.22,6103
13.24,6102
13.25,6101
13.27,6100
13.29,6099
13.30,6098
13.32,6097
13.34,6096
13.35,6095
13.37,6094
13.39,6093
13.41,6092
13.42,6091
13.44,6090
13.45,6089
13.47,6088
13.49,6087
13.51,6086
13.52,6085
13.54,6084
13.56,6083
13.57,6082
13.59,6081
13.61,6080
13.62,6079
13.64,6078
13.66,6077
13.67,6076
13.70,6075
13.71,6074
13.73,6073
13.75,6072
13.76,6071
13.78,6070
13.80,6069
13.81,6068
13.83,6067
13.85,6066
13.86,6065
13.88,6064
13.90,6063
13.91,6062
13.93,6061
13.95,6060
13.96,6059
13.98,6058
14.00,6057
14.01,6056
14.03,6055
14.04,6054
14.06,6053
14.08,6052
14.09,6051
14.11,6050
14.13,6049
14.15,6048
14.16,6047
14.18,6046
14.20,6045
14.22,6044
14.23,6043
14.25,6042
14.27,6041
14.28,6040
14.30,6039
14.32,6038
14.34,6037
14.35,6036
14.37,6035
14.39,6034
14.41,6033
14.42,6032
14.44,6031
14.46,6030
14.48,6029
14.50,6028
14.52,6027
14.53,6026
14.55,6025
14.57,6024
14.58,6023
14.60,6022
14.62,6021
14.63,6020
14.65,6019
14.67,6018
14.69,6017
14.70,6016
14.72,6015
14.74,6014
14.75,6013
14.77,6012
14.79,6011
14.80,6010
14.82,6009
14.84,6008
14.86,6007
14.87,6006
14.89,6005
14.91,6004
14.92,6003
14.94,6002
14.96,6001
14.98,6000
14.99,5999
15.01,5998
15.03,5997
15.04,5996
15.06,5995
15.08,5994
15.10,5993
15.11,5992
15.13,5991
15.15,5990
15.16,5989
15.18,5988
15.20,5987
15.22,5986
15.23,5985
15.25,5984
15.27,5983
15.28,5982
15.30,5981
15.32,5980
15.33,5979
15.35,5978
15.37,5977
15.39,5976
15.40,5975
15.42,5974
15.44,5973
15.46,5972
15.47,5971
15.49,5970
15.51,5969
15.53,5968
15.54,5967
15.56,5966
15.59,5965
15.61,5964
15.63,5963
15.65,5962
15.66,5961
15.68,5960
15.70,5959
15.71,5958
15.73,5957
15.74,5956
15.76,5955
15.77,5954
15.79,5953
15.81,5952
15.82,5951
15.84,5950
15.85,5949
15.87,5948
15.88,5947
15.90,5946
15.91,5945
15.93,5944
15.95,5943
15.96,5942
15.98,5941
15.99,5940
16.01,5939
16.02,5938
16.04,5937
16.05,5936
16.07,5935
16.08,5934
16.10,5933
16.11,5932
16.13,5931
16.14,5930
16.15,5929
16.17,5928
16.19,5927
16.20,5926
16.22,5925
16.23,5924
16.25,5923
16.26,5922
16.28,5921
16.29,5920
16.31,5919
16.32,5918
16.34,5917
16.35,5916
16.37,5915
16.38,5914
16.40,5913
16.41,5912
16.43,5911
16.44,5910
16.46,5909
16.47,5908
16.49,5907
16.50,5906
16.52,5905
16.53,5904
16.55,5903
16.57,5902
16.58,5901
16.60,5900
16.61,5899
16.63,5898
16.64,5897
16.66,5896
16.67,5895
16.69,5894
16.71,5893
16.72,5892
16.74,5891
16.75,5890
16.77,5889
16.78,5888
16.80,5887
16.81,5886
16.83,5885
16.84,5884
16.86,5883
16.87,5882
16.89,5881
16.90,5880
16.92,5879
16.93,5878
16.95,5877
16.97,5876
16.98,5875
17.00,5874
17.01,5873
17.03,5872
17.04,5871
17.06,5870
17.07,5869
17.09,5868
17.10,5867
17.12,5866
17.13,5865
17.15,5864
17.17,5863
17.18,5862
17.20,5861
17.21,5860
17.23,5859
17.24,5858
17.26,5857
17.27,5856
17.29,5855
17.30,5854
17.32,5853
17.33,5852
17.35,5851
17.36,5850
17.38,5849
17.39,5848
17.41,5847
17.42,5846
17.44,5845
17.45,5844
17.47,5843
17.48,5842
17.50,5841
17.52,5840
17.53,5839
17.55,5838
17.56,5837
17.58,5836
17.59,5835
17.61,5834
17.62,5833
17.64,5832
17.65,5831
17.67,5830
17.68,5829
17.70,5828
17.71,5827
17.73,5826
17.74,5825
17.76,5824
17.77,5823
17.79,5822
17.80,5821
17.82,5820
17.84,5819
17.85,5818
17.87,5817
17.88,5816
17.90,5815
17.91,5814
17.93,5813
17.94,5812
17.96,5811
17.97,5810
17.99,5809
18.00,5808
18.02,5807
18.03,5806
18.05,5805
18.06,5804
18.08,5803
18.10,5802
18.11,5801
18.12,5800
18.14,5799
18.16,5798
18.17,5797
18.19,5796
18.20,5795
18.22,5794
18.23,5793
18.25,5792
18.27,5791
18.28,5790
18.30,5789
18.31,5788
18.33,5787
18.34,5786
18.36,5785
18.37,5784
18.39,5783
18.40,5782
18.42,5781
18.43,5780
18.45,5779
18.46,5778
18.48,5777
18.49,5776
18.51,5775
18.52,5774
18.54,5773
18.56,5772
18.57,5771
18.59,5770
18.60,5769
18.62,5768
18.63,5767
18.65,5766
18.66,5765
18.68,5764
18.69,5763
18.71,5762
18.72,5761
18.74,5760
18.75,5759
18.77,5758
18.79,5757
18.80,5756
18.82,5755
18.83,5754
18.85,5753
18.86,5752
18.87,5751
18.89,5750
18.90,5749
18.92,5748
18.93,5747
18.95,5746
18.97,5745
18.98,5744
18.99,5743
19.01,5742
19.02,5741
19.04,5740
19.05,5739
19.07,5738
19.09,5737
19.10,5736
19.12,5735
19.13,5734
19.15,5733
19.16,5732
19.18,5731
19.19,5730
19.21,5729
19.22,5728
19.24,5727
19.25,5726
19.27,5725
19.28,5724
19.30,5723
19.31,5722
19.33,5721
19.35,5720
19.36,5719
19.38,5718
19.39,5717
19.41,5716
19.42,5715
19.44,5714
19.45,5713
19.47,5712
19.48,5711
19.50,5710
19.51,5709
19.53,5708
19.55,5707
19.56,5706
19.58,5705
19.59,5704
19.61,5703
19.62,5702
19.64,5701
19.66,5700
19.67,5699
19.69,5698
19.70,5697
19.72,5696
19.73,5695
19.75,5694
19.76,5693
19.78,5692
19.79,5691
19.81,5690
19.82,5689
19.84,5688
19.86,5687
19.87,5686
19.89,5685
19.90,5684
19.92,5683
19.93,5682
19.95,5681
19.96,5680
19.98,5679
20.00,5678
20.01,5677
20.03,5676
20.04,5675
20.06,5674
20.07,5673
20.09,5672
20.10,5671
20.12,5670
20.13,5669
20.15,5668
20.16,5667
20.18,5666
20.19,5665
20.21,5664
20.22,5663
20.24,5662
20.25,5661
20.27,5660
20.29,5659
20.30,5658
20.32,5657
20.33,5656
20.35,5655
20.36,5654
20.38,5653
20.39,5652
20.41,5651
20.42,5650
20.44,5649
20.46,5648
20.47,5647
20.49,5646
20.50,5645
20.52,5644
20.53,5643
20.55,5642
20.56,5641
20.58,5640
20.59,5639
20.61,5638
20.62,5637
20.64,5636
20.66,5635
20.67,5634
20.69,5633
20.70,5632
20.72,5631
20.73,5630
20.75,5629
20.76,5628
20.78,5627
20.79,5626
20.81,5625
20.82,5624
20.84,5623
20.85,5622
20.87,5621
20.88,5620
20.90,5619
20.91,5618
20.93,5617
20.94,5616
20.96,5615
20.97,5614
20.99,5613
21.00,5612
21.02,5611
21.03,5610
21.05,5609
21.07,5608
21.08,5607
21.10,5606
21.11,5605
21.13,5604
21.14,5603
21.16,5602
21.17,5601
21.19,5600
21.20,5599
21.22,5598
21.23,5597
21.25,5596
21.26,5595
21.28,5594
21.29,5593
21.31,5592
21.32,5591
21.34,5590
21.35,5589
21.37,5588
21.38,5587
21.40,5586
21.41,5585
21.43,5584
21.44,5583
21.46,5582
21.47,5581
21.49,5580
21.50,5579
21.52,5578
21.53,5577
21.55,5576
21.56,5575
21.58,5574
21.59,5573
21.61,5572
21.62,5571
21.64,5570
21.65,5569
21.67,5568
21.68,5567
21.70,5566
21.71,5565
21.73,5564
21.74,5563
21.76,5562
21.77,5561
21.79,5560
21.80,5559
21.82,5558
21.83,5557
21.85,5556
21.86,5555
21.88,5554
21.89,5553
21.91,5552
21.92,5551
21.94,5550
21.95,5549
21.97,5548
21.98,5547
22.00,5546
22.01,5545
22.03,5544
22.04,5543
22.06,5542
22.07,5541
22.09,5540
22.10,5539
22.12,5538
22.13,5537
22.15,5536
22.16,5535
22.18,5534
22.19,5533
22.21,5532
22.22,5531
22.24,5530
22.25,5529
22.27,5528
22.28,5527
22.30,5526
22.31,5525
22.33,5524
22.34,5523
22.36,5522
22.37,5521
22.39,5520
22.40,5519
22.42,5518
22.43,5517
22.45,5516
22.46,5515
22.48,5514
22.49,5513
22.51,5512
22.52,5511
22.54,5510
22.55,5509
22.56,5508
22.58,5507
22.59,5506
22.61,5505
22.62,5504
22.64,5503
22.65,5502
22.67,5501
22.68,5500
22.70,5499
22.71,5498
22.73,5497
22.74,5496
22.76,5495
22.77,5494
22.79,5493
22.80,5492
22.82,5491
22.83,5490
22.85,5489
22.86,5488
22.87,5487
22.89,5486
22.90,5485
22.92,5484
22.93,5483
22.95,5482
22.96,5481
22.98,5480
22.99,5479
23.01,5478
23.02,5477
23.04,5476
23.05,5475
23.07,5474
23.08,5473
23.10,5472
23.11,5471
23.13,5470
23.14,5469
23.16,5468
23.17,5467
23.19,5466
23.20,5465
23.22,5464
23.23,5463
23.25,5462
23.26,5461
23.28,5460
23.29,5459
23.31,5458
23.32,5457
23.33,5456
23.35,5455
23.36,5454
23.38,5453
23.39,5452
23.41,5451
23.42,5450
23.44,5449
23.45,5448
23.47,5447
23.48,5446
23.50,5445
23.51,5444
23.53,5443
23.54,5442
23.55,5441
23.57,5440
23.58,5439
23.60,5438
23.61,5437
23.63,5436
23.64,5435
23.66,5434
23.67,5433
23.68,5432
23.70,5431
23.71,5430
23.73,5429
23.74,5428
23.76,5427
23.77,5426
23.78,5425
23.80,5424
23.81,5423
23.83,5422
23.84,5421
23.86,5420
23.87,5419
23.88,5418
23.90,5417
23.91,5416
23.93,5415
23.94,5414
23.96,5413
23.97,5412
23.98,5411
24.00,5410
24.01,5409
24.03,5408
24.04,5407
24.06,5406
24.07,5405
24.09,5404
24.10,5403
24.12,5402
24.13,5401
24.15,5400
24.16,5399
24.17,5398
24.19,5397
24.20,5396
24.22,5395
24.23,5394
24.25,5393
24.26,5392
24.28,5391
24.29,5390
24.31,5389
24.32,5388
24.34,5387
24.35,5386
24.36,5385
24.38,5384
24.39,5383
24.41,5382
24.42,5381
24.44,5380
24.45,5379
24.47,5378
24.48,5377
24.50,5376
24.51,5375
24.53,5374
24.54,5373
24.56,5372
24.57,5371
24.59,5370
24.60,5369
24.62,5368
24.63,5367
24.64,5366
24.66,5365
24.67,5364
24.69,5363
24.70,5362
24.72,5361
24.73,5360
24.75,5359
24.76,5358
24.78,5357
24.79,5356
24.81,5355
24.82,5354
24.83,5353
24.85,5352
24.86,5351
24.88,5350
24.89,5349
24.91,5348
24.92,5347
24.94,5346
24.95,5345
24.97,5344
24.98,5343
24.99,5342
25.01,5341
25.02,5340
25.04,5339
25.05,5338
25.07,5337
25.08,5336
25.10,5335
25.11,5334
25.13,5333
25.14,5332
25.15,5331
25.17,5330
25.18,5329
25.20,5328
25.21,5327
25.23,5326
25.24,5325
25.26,5324
25.27,5323
25.29,5322
25.30,5321
25.32,5320
25.33,5319
25.35,5318
25.36,5317
25.38,5316
25.39,5315
25.41,5314
25.42,5313
25.44,5312
25.45,5311
25.47,5310
25.48,5309
25.50,5308
25.51,5307
25.52,5306
25.54,5305
25.56,5304
25.57,5303
25.58,5302
25.60,5301
25.61,5300
25.63,5299
25.64,5298
25.66,5297
25.67,5296
25.69,5295
25.70,5294
25.72,5293
25.73,5292
25.75,5291
25.76,5290
25.78,5289
25.79,5288
25.81,5287
25.82,5286
25.83,5285
25.85,5284
25.86,5283
25.88,5282
25.89,5281
25.91,5280
25.92,5279
25.94,5278
25.95,5277
25.97,5276
25.98,5275
26.00,5274
26.01,5273
26.03,5272
26.04,5271
26.05,5270
26.07,5269
26.08,5268
26.10,5267
26.11,5266
26.13,5265
26.14,5264
26.16,5263
26.17,5262
26.19,5261
26.20,5260
26.21,5259
26.23,5258
26.24,5257
26.26,5256
26.27,5255
26.29,5254
26.30,5253
26.32,5252
26.33,5251
26.35,5250
26.36,5249
26.37,5248
26.39,5247
26.40,5246
26.42,5245
26.43,5244
26.45,5243
26.46,5242
26.48,5241
26.49,5240
26.51,5239
26.52,5238
26.53,5237
26.55,5236
26.56,5235
26.58,5234
26.59,5233
26.61,5232
26.62,5231
26.63,5230
26.65,5229
26.66,5228
26.68,5227
26.69,5226
26.71,5225
26.72,5224
26.74,5223
26.75,5222
26.77,5221
26.78,5220
26.79,5219
26.81,5218
26.82,5217
26.84,5216
26.85,5215
26.87,5214
26.88,5213
26.90,5212
26.91,5211
26.92,5210
26.94,5209
26.95,5208
26.97,5207
26.98,5206
27.00,5205
27.01,5204
27.03,5203
27.04,5202
27.06,5201
27.07,5200
27.09,5199
27.10,5198
27.11,5197
27.13,5196
27.14,5195
27.16,5194
27.17,5193
27.19,5192
27.20,5191
27.22,5190
27.23,5189
27.24,5188
27.26,5187
27.27,5186
27.29,5185
27.30,5184
27.32,5183
27.33,5182
27.35,5181
27.36,5180
27.38,5179
27.39,5178
27.40,5177
27.42,5176
27.43,5175
27.45,5174
27.46,5173
27.48,5172
27.49,5171
27.51,5170
27.52,5169
27.53,5168
27.55,5167
27.56,5166
27.58,5165
27.59,5164
27.61,5163
27.62,5162
27.64,5161
27.65,5160
27.66,5159
27.68,5158
27.69,5157
27.71,5156
27.72,5155
27.74,5154
27.75,5153
27.77,5152
27.78,5151
27.79,5150
27.81,5149
27.82,5148
27.84,5147
27.85,5146
27.87,5145
27.88,5144
27.89,5143
27.91,5142
27.92,5141
27.94,5140
27.95,5139
27.97,5138
27.98,5137
28.00,5136
28.01,5135
28.02,5134
28.04,5133
28.05,5132
28.07,5131
28.08,5130
28.10,5129
28.11,5128
28.13,5127
28.14,5126
28.15,5125
28.17,5124
28.18,5123
28.20,5122
28.21,5121
28.23,5120
28.24,5119
28.25,5118
28.27,5117
28.28,5116
28.30,5115
28.31,5114
28.33,5113
28.34,5112
28.35,5111
28.37,5110
28.38,5109
28.40,5108
28.41,5107
28.43,5106
28.44,5105
28.45,5104
28.47,5103
28.48,5102
28.50,5101
28.51,5100
28.53,5099
28.54,5098
28.56,5097
28.57,5096
28.59,5095
28.60,5094
28.61,5093
28.63,5092
28.64,5091
28.66,5090
28.67,5089
28.69,5088
28.70,5087
28.71,5086
28.73,5085
28.74,5084
28.76,5083
28.77,5082
28.78,5081
28.80,5080
28.81,5079
28.83,5078
28.84,5077
28.86,5076
28.87,5075
28.89,5074
28.90,5073
28.91,5072
28.93,5071
28.94,5070
28.96,5069
28.97,5068
28.99,5067
29.00,5066
29.02,5065
29.03,5064
29.04,5063
29.06,5062
29.07,5061
29.09,5060
29.10,5059
29.11,5058
29.13,5057
29.14,5056
29.16,5055
29.17,5054
29.18,5053
29.20,5052
29.21,5051
29.23,5050
29.24,5049
29.26,5048
29.27,5047
29.28,5046
29.30,5045
29.31,5044
29.33,5043
29.34,5042
29.36,5041
29.37,5040
29.38,5039
29.40,5038
29.41,5037
29.43,5036
29.44,5035
29.46,5034
29.47,5033
29.48,5032
29.50,5031
29.51,5030
29.53,5029
29.54,5028
29.56,5027
29.57,5026
29.59,5025
29.60,5024
29.61,5023
29.63,5022
29.64,5021
29.66,5020
29.67,5019
29.68,5018
29.70,5017
29.71,5016
29.73,5015
29.74,5014
29.76,5013
29.77,5012
29.78,5011
29.80,5010
29.81,5009
29.83,5008
29.84,5007
29.86,5006
29.87,5005
29.88,5004
29.90,5003
29.91,5002
29.93,5001
29.94,5000
29.96,4999
29.97,4998
29.98,4997
30.00,4996
30.01,4995
30.03,4994
30.04,4993
30.06,4992
30.07,4991
30.08,4990
30.10,4989
30.11,4988
30.13,4987
30.14,4986
30.16,4985
30.17,4984
30.19,4983
30.20,4982
30.21,4981
30.23,4980
30.24,4979
30.26,4978
30.27,4977
30.28,4976
30.30,4975
30.31,4974
30.33,4973
30.34,4972
30.36,4971
30.37,4970
30.38,4969
30.40,4968
30.41,4967
30.43,4966
30.44,4965
30.45,4964
30.47,4963
30.48,4962
30.50,4961
30.51,4960
30.52,4959
30.54,4958
30.55,4957
30.57,4956
30.58,4955
30.59,4954
30.61,4953
30.62,4952
30.64,4951
30.65,4950
30.67,4949
30.68,4948
30.69,4947
30.71,4946
30.72,4945
30.74,4944
30.75,4943
30.76,4942
30.78,4941
30.79,4940
30.81,4939
30.82,4938
30.83,4937
30.85,4936
30.86,4935
30.88,4934
30.89,4933
30.90,4932
30.92,4931
30.93,4930
30.95,4929
30.96,4928
30.97,4927
30.99,4926
31.00,4925
31.02,4924
31.03,4923
31.04,4922
31.06,4921
31.07,4920
31.09,4919
31.10,4918
31.11,4917
31.13,4916
31.14,4915
31.16,4914
31.17,4913
31.18,4912
31.20,4911
31.21,4910
31.22,4909
31.24,4908
31.25,4907
31.27,4906
31.28,4905
31.30,4904
31.31,4903
31.32,4902
31.34,4901
31.35,4900
31.37,4899
31.38,4898
31.40,4897
31.41,4896
31.42,4895
31.44,4894
31.45,4893
31.47,4892
31.48,4891
31.49,4890
31.51,4889
31.52,4888
31.54,4887
31.55,4886
31.56,4885
31.58,4884
31.59,4883
31.61,4882
31.62,4881
31.63,4880
31.65,4879
31.66,4878
31.68,4877
31.70,4876
31.74,4875
