1.15,6870
1.26,6869
1.29,6868
1.32,6867
1.34,6866
1.36,6865
1.38,6864
1.40,6863
1.42,6862
1.45,6861
1.46,6860
1.48,6859
1.50,6858
1.51,6857
1.52,6856
1.54,6855
1.55,6854
1.57,6853
1.58,6852
1.60,6851
1.61,6850
1.62,6849
1.64,6848
1.65,6847
1.67,6846
1.68,6845
1.70,6844
1.71,6843
1.72,6842
1.74,6841
1.75,6840
1.77,6839
1.78,6838
1.80,6837
1.81,6836
1.83,6835
1.84,6834
1.85,6833
1.87,6832
1.88,6831
1.90,6830
1.91,6829
1.93,6828
1.94,6827
1.95,6826
1.97,6825
1.98,6824
2.00,6823
2.01,6822
2.04,6821
2.05,6820
2.07,6819
2.08,6818
2.10,6817
2.11,6816
2.12,6815
2.14,6814
2.15,6813
2.17,6812
2.18,6811
2.20,6810
2.21,6809
2.23,6808
2.24,6807
2.26,6806
2.27,6805
2.28,6804
2.30,6803
2.31,6802
2.33,6801
2.35,6800
2.36,6799
2.37,6798
2.39,6797
2.40,6796
2.42,6795
2.43,6794
2.45,6793
2.46,6792
2.48,6791
2.49,6790
2.50,6789
2.52,6788
2.53,6787
2.55,6786
2.56,6785
2.58,6784
2.59,6783
2.61,6782
2.62,6781
2.64,6780
2.65,6779
2.66,6778
2.68,6777
2.69,6776
2.71,6775
2.72,6774
2.74,6773
2.76,6772
2.77,6771
2.79,6770
2.81,6769
2.82,6768
2.84,6767
2.85,6766
2.87,6765
2.89,6764
2.90,6763
2.92,6762
2.93,6761
2.95,6760
2.97,6759
2.98,6758
3.00,6757
3.01,6756
3.03,6755
3.05,6754
3.06,6753
3.08,6752
3.09,6751
3.11,6750
3.13,6749
3.14,6748
3.16,6747
3.17,6746
3.19,6745
3.20,6744
3.22,6743
3.24,6742
3.25,6741
3.27,6740
3.29,6739
3.31,6738
3.32,6737
3.34,6736
3.35,6735
3.36,6734
3.38,6733
3.39,6732
3.41,6731
3.42,6730
3.44,6729
3.45,6728
3.46,6727
3.48,6726
3.49,6725
3.51,6724
3.52,6723
3.54,6722
3.55,6721
3.56,6720
3.58,6719
3.59,6718
3.60,6717
3.62,6716
3.63,6715
3.65,6714
3.66,6713
3.68,6712
3.69,6711
3.70,6710
3.72,6709
3.73,6708
3.75,6707
3.76,6706
3.78,6705
3.79,6704
3.80,6703
3.82,6702
3.83,6701
3.85,6700
3.86,6699
3.87,6698
3.89,6697
3.90,6696
3.92,6695
3.93,6694
3.95,6693
3.96,6692
3.98,6691
3.99,6690
4.00,6689
4.02,6688
4.03,6687
4.05,6686
4.06,6685
4.07,6684
4.09,6683
4.10,6682
4.12,6681
4.13,6680
4.15,6679
4.16,6678
4.17,6677
4.19,6676
4.20,6675
4.22,6674
4.24,6673
4.25,6672
4.27,6671
4.28,6670
4.30,6669
4.31,6668
4.33,6667
4.34,6666
4.36,6665
4.37,6664
4.39,6663
4.40,6662
4.41,6661
4.43,6660
4.45,6659
4.47,6658
4.48,6657
4.50,6656
4.51,6655
4.53,6654
4.55,6653
4.56,6652
4.58,6651
4.59,6650
4.60,6649
4.62,6648
4.63,6647
4.65,6646
4.66,6645
4.68,6644
4.69,6643
4.71,6642
4.72,6641
4.74,6640
4.75,6639
4.78,6638
4.79,6637
4.81,6636
4.83,6635
4.84,6634
4.86,6633
4.87,6632
4.89,6631
4.90,6630
4.91,6629
4.95,6628
4.96,6627
4.98,6626
4.99,6625
5.01,6624
5.02,6623
5.04,6622
5.06,6621
5.08,6620
5.09,6619
5.11,6618
5.12,6617
5.15,6616
5.16,6615
5.18,6614
5.19,6613
5.20,6612
5.22,6611
5.23,6610
5.24,6609
5.26,6608
5.27,6607
5.29,6606
5.30,6605
5.32,6604
5.33,6603
5.35,6602
5.36,6601
5.38,6600
5.40,6599
5.42,6598
5.43,6597
5.44,6596
5.46,6595
5.47,6594
5.49,6593
5.51,6592
5.52,6591
5.53,6590
5.55,6589
5.56,6588
5.58,6587
5.63,6586
5.64,6585
5.66,6584
5.67,6583
5.68,6582
5.70,6581
5.71,6580
5.73,6579
5.75,6578
5.76,6577
5.78,6576
5.79,6575
5.82,6574
5.83,6573
5.85,6572
5.86,6571
5.88,6570
5.89,6569
5.91,6568
5.92,6567
5.94,6566
5.96,6565
5.98,6564
6.00,6563
6.01,6562
6.03,6561
6.04,6560
6.06,6559
6.07,6558
6.09,6557
6.10,6556
6.12,6555
6.13,6554
6.15,6553
6.16,6552
6.18,6551
6.20,6550
6.21,6549
6.23,6548
6.24,6547
6.26,6546
6.28,6545
6.29,6544
6.31,6543
6.32,6542
6.34,6541
6.36,6540
6.38,6539
6.39,6538
6.42,6537
6.43,6536
6.45,6535
6.46,6534
6.48,6533
6.49,6532
6.51,6531
6.53,6530
6.54,6529
6.57,6528
6.59,6527
6.60,6526
6.66,6525
6.69,6524
6.71,6523
6.73,6522
6.75,6521
6.76,6520
6.78,6519
6.79,6518
6.82,6517
6.83,6516
6.85,6515
6.86,6514
6.88,6513
6.89,6512
6.91,6511
6.92,6510
6.94,6509
6.95,6508
6.97,6507
6.99,6506
7.00,6505
7.02,6504
7.03,6503
7.05,6502
7.07,6501
7.09,6500
7.10,6499
7.12,6498
7.14,6497
7.15,6496
7.17,6495
7.19,6494
7.20,6493
7.22,6492
7.24,6491
7.26,6490
7.27,6489
7.29,6488
7.30,6487
7.32,6486
7.33,6485
7.34,6484
7.36,6483
7.38,6482
7.40,6481
7.42,6480
7.43,6479
7.44,6478
7.50,6477
7.52,6476
7.53,6475
7.54,6474
7.56,6473
7.57,6472
7.59,6471
7.61,6470
7.63,6469
7.64,6468
7.66,6467
7.67,6466
7.69,6465
7.70,6464
7.84,6463
7.85,6462
7.87,6461
7.88,6460
7.89,6459
7.91,6458
7.96,6457
7.97,6456
8.02,6455
8.03,6454
8.04,6453
8.06,6452
8.11,6451
8.13,6450
8.15,6449
8.16,6448
8.17,6447
8.19,6446
8.20,6445
8.22,6444
8.23,6443
8.24,6442
8.26,6441
8.27,6440
8.30,6439
8.31,6438
8.32,6437
8.34,6436
8.35,6435
8.37,6434
8.38,6433
8.40,6432
8.42,6431
8.43,6430
8.45,6429
8.46,6428
8.48,6427
8.49,6426
8.51,6425
8.52,6424
8.53,6423
8.55,6422
8.56,6421
8.58,6420
8.59,6419
8.61,6418
8.63,6417
8.65,6416
8.66,6415
8.68,6414
8.69,6413
8.71,6412
8.72,6411
8.73,6410
8.75,6409
8.76,6408
8.78,6407
8.79,6406
8.81,6405
8.82,6404
8.85,6403
8.86,6402
8.88,6401
8.89,6400
8.90,6399
8.92,6398
8.93,6397
8.95,6396
8.96,6395
8.98,6394
8.99,6393
9.01,6392
9.02,6391
9.03,6390
9.05,6389
9.06,6388
9.08,6387
9.09,6386
9.11,6385
9.12,6384
9.14,6383
9.16,6382
9.17,6381
9.19,6380
9.20,6379
9.21,6378
9.23,6377
9.24,6376
9.26,6375
9.27,6374
9.29,6373
9.30,6372
9.32,6371
9.33,6370
9.35,6369
9.36,6368
9.37,6367
9.39,6366
9.40,6365
9.42,6364
9.43,6363
9.45,6362
9.46,6361
9.48,6360
9.49,6359
9.51,6358
9.52,6357
9.53,6356
9.55,6355
9.56,6354
9.58,6353
9.59,6352
9.61,6351
9.62,6350
9.64,6349
9.66,6348
9.67,6347
9.69,6346
9.70,6345
9.71,6344
9.73,6343
9.74,6342
9.76,6341
9.77,6340
9.79,6339
9.80,6338
9.82,6337
9.83,6336
9.85,6335
9.86,6334
9.87,6333
9.89,6332
9.90,6331
9.92,6330
9.93,6329
9.95,6328
9.96,6327
9.98,6326
9.99,6325
10.01,6324
10.02,6323
10.04,6322
10.05,6321
10.07,6320
10.08,6319
10.09,6318
10.11,6317
10.12,6316
10.14,6315
10.15,6314
10.17,6313
10.18,6312
10.20,6311
10.21,6310
10.23,6309
10.24,6308
10.25,6307
10.28,6306
10.29,6305
10.31,6304
10.32,6303
10.34,6302
10.35,6301
10.36,6300
10.38,6299
10.39,6298
10.41,6297
10.42,6296
10.44,6295
10.45,6294
10.47,6293
10.48,6292
10.50,6291
10.51,6290
10.52,6289
10.54,6288
10.55,6287
10.57,6286
10.58,6285
10.60,6284
10.61,6283
10.63,6282
10.64,6281
10.66,6280
10.67,6279
10.68,6278
10.71,6277
10.72,6276
10.73,6275
10.75,6274
10.76,6273
10.78,6272
10.79,6271
10.81,6270
10.82,6269
10.84,6268
10.85,6267
10.87,6266
10.88,6265
10.90,6264
10.91,6263
10.92,6262
10.94,6261
10.95,6260
10.97,6259
10.98,6258
10.99,6257
11.01,6256
11.02,6255
11.04,6254
11.05,6253
11.06,6252
11.08,6251
11.09,6250
11.11,6249
11.12,6248
11.13,6247
11.15,6246
11.16,6245
11.18,6244
11.19,6243
11.20,6242
11.22,6241
11.23,6240
11.25,6239
11.26,6238
11.28,6237
11.29,6236
11.31,6235
11.33,6234
11.34,6233
11.36,6232
11.37,6231
11.39,6230
11.40,6229
11.42,6228
11.43,6227
11.45,6226
11.46,6225
11.48,6224
11.49,6223
11.50,6222
11.52,6221
11.53,6220
11.55,6219
11.56,6218
11.57,6217
11.59,6216
11.60,6215
11.62,6214
11.63,6213
11.65,6212
11.66,6211
11.68,6210
11.69,6209
11.71,6208
11.72,6207
11.73,6206
11.75,6205
11.76,6204
11.78,6203
11.79,6202
11.81,6201
11.82,6200
11.84,6199
11.85,6198
11.87,6197
11.88,6196
11.90,6195
11.91,6194
11.92,6193
11.94,6192
11.95,6191
11.97,6190
11.98,6189
12.00,6188
12.01,6187
12.03,6186
12.04,6185
12.06,6184
12.07,6183
12.09,6182
12.10,6181
12.11,6180
12.13,6179
12.14,6178
12.16,6177
12.17,6176
12.19,6175
12.21,6174
12.22,6173
12.24,6172
12.26,6171
12.27,6170
12.29,6169
12.30,6168
12.32,6167
12.33,6166
12.35,6165
12.36,6164
12.38,6163
12.40,6162
12.41,6161
12.43,6160
12.45,6159
12.46,6158
12.48,6157
12.50,6156
12.51,6155
12.53,6154
12.55,6153
12.56,6152
12.58,6151
12.59,6150
12.61,6149
12.62,6148
12.64,6147
12.67,6146
12.68,6145
12.70,6144
12.71,6143
12.73,6142
12.75,6141
12.76,6140
12.78,6139
12.80,6138
12.81,6137
12.83,6136
12.85,6135
12.86,6134
12.88,6133
12.89,6132
12.91,6131
12.93,6130
12.94,6129
12.96,6128
12.98,6127
12.99,6126
13.01,6125
13.02,6124
13.04,6123
13.06,6122
13.07,6121
13.09,6120
13.11,6119
13.12,6118
13.14,6117
13.15,6116
13.17,6115
13.19,6114
13.20,6113
13.22,6112
13.24,6111
13.25,6110
13.27,6109
13.29,6108
13.30,6107
13.32,6106
13.34,6105
13.35,6104
13.37,6103
13.39,6102
13.41,6101
13.43,6100
13.44,6099
13.46,6098
13.47,6097
13.49,6096
13.51,6095
13.52,6094
13.54,6093
13.56,6092
13.57,6091
13.59,6090
13.60,6089
13.62,6088
13.63,6087
13.65,6086
13.67,6085
13.68,6084
13.70,6083
13.72,6082
13.73,6081
13.75,6080
13.77,6079
13.78,6078
13.80,6077
13.81,6076
13.83,6075
13.85,6074
13.86,6073
13.88,6072
13.89,6071
13.91,6070
13.93,6069
13.94,6068
13.96,6067
13.98,6066
13.99,6065
14.01,6064
14.03,6063
14.04,6062
14.06,6061
14.07,6060
14.09,6059
14.11,6058
14.14,6057
14.16,6056
14.17,6055
14.19,6054
14.21,6053
14.22,6052
14.24,6051
14.26,6050
14.27,6049
14.29,6048
14.30,6047
14.32,6046
14.34,6045
14.35,6044
14.37,6043
14.39,6042
14.40,6041
14.42,6040
14.44,6039
14.45,6038
14.47,6037
14.49,6036
14.50,6035
14.52,6034
14.54,6033
14.55,6032
14.57,6031
14.58,6030
14.60,6029
14.62,6028
14.63,6027
14.65,6026
14.66,6025
14.68,6024
14.70,6023
14.71,6022
14.73,6021
14.75,6020
14.76,6019
14.78,6018
14.80,6017
14.81,6016
14.83,6015
14.84,6014
14.86,6013
14.88,6012
14.89,6011
14.91,6010
14.93,6009
14.94,6008
14.96,6007
14.97,6006
14.99,6005
15.01,6004
15.02,6003
15.04,6002
15.05,6001
15.07,6000
15.08,5999
15.09,5998
15.11,5997
15.12,5996
15.14,5995
15.15,5994
15.17,5993
15.18,5992
15.20,5991
15.21,5990
15.22,5989
15.24,5988
15.25,5987
15.27,5986
15.28,5985
15.30,5984
15.31,5983
15.33,5982
15.34,5981
15.35,5980
15.37,5979
15.38,5978
15.40,5977
15.41,5976
15.43,5975
15.44,5974
15.46,5973
15.47,5972
15.48,5971
15.50,5970
15.51,5969
15.54,5968
15.55,5967
15.56,5966
15.58,5965
15.60,5964
15.62,5963
15.63,5962
15.64,5961
15.66,5960
15.67,5959
15.69,5958
15.70,5957
15.72,5956
15.73,5955
15.75,5954
15.76,5953
15.77,5952
15.79,5951
15.80,5950
15.82,5949
15.83,5948
15.85,5947
15.86,5946
15.87,5945
15.89,5944
15.90,5943
15.92,5942
15.93,5941
15.95,5940
15.96,5939
15.98,5938
15.99,5937
16.01,5936
16.02,5935
16.03,5934
16.05,5933
16.06,5932
16.08,5931
16.09,5930
16.10,5929
16.12,5928
16.13,5927
16.15,5926
16.16,5925
16.18,5924
16.19,5923
16.21,5922
16.22,5921
16.23,5920
16.25,5919
16.26,5918
16.28,5917
16.29,5916
16.31,5915
16.32,5914
16.33,5913
16.35,5912
16.36,5911
16.38,5910
16.39,5909
16.41,5908
16.42,5907
16.43,5906
16.45,5905
16.46,5904
16.48,5903
16.49,5902
16.51,5901
16.52,5900
16.54,5899
16.55,5898
16.57,5897
16.58,5896
16.59,5895
16.61,5894
16.62,5893
16.64,5892
16.65,5891
16.67,5890
16.68,5889
16.70,5888
16.71,5887
16.72,5886
16.74,5885
16.75,5884
16.77,5883
16.78,5882
16.79,5881
16.81,5880
16.82,5879
16.84,5878
16.85,5877
16.87,5876
16.88,5875
16.90,5874
16.91,5873
16.92,5872
16.94,5871
16.95,5870
16.97,5869
16.98,5868
17.00,5867
17.01,5866
17.02,5865
17.04,5864
17.05,5863
17.07,5862
17.08,5861
17.10,5860
17.11,5859
17.13,5858
17.14,5857
17.16,5856
17.17,5855
17.19,5854
17.20,5853
17.21,5852
17.23,5851
17.24,5850
17.26,5849
17.27,5848
17.29,5847
17.30,5846
17.32,5845
17.34,5844
17.35,5843
17.37,5842
17.39,5841
17.40,5840
17.42,5839
17.43,5838
17.45,5837
17.46,5836
17.48,5835
17.49,5834
17.50,5833
17.52,5832
17.53,5831
17.55,5830
17.56,5829
17.58,5828
17.59,5827
17.61,5826
17.62,5825
17.64,5824
17.65,5823
17.66,5822
17.68,5821
17.70,5820
17.71,5819
17.73,5818
17.74,5817
17.75,5816
17.77,5815
17.78,5814
17.80,5813
17.81,5812
17.83,5811
17.84,5810
17.86,5809
17.87,5808
17.88,5807
17.90,5806
17.91,5805
17.93,5804
17.94,5803
17.96,5802
17.98,5801
17.99,5800
18.01,5799
18.02,5798
18.04,5797
18.05,5796
18.07,5795
18.08,5794
18.10,5793
18.11,5792
18.12,5791
18.14,5790
18.15,5789
18.17,5788
18.18,5787
18.20,5786
18.21,5785
18.23,5784
18.24,5783
18.26,5782
18.27,5781
18.28,5780
18.30,5779
18.31,5778
18.33,5777
18.34,5776
18.36,5775
18.37,5774
18.39,5773
18.40,5772
18.42,5771
18.43,5770
18.45,5769
18.46,5768
18.48,5767
18.50,5766
18.51,5765
18.53,5764
18.54,5763
18.56,5762
18.57,5761
18.58,5760
18.60,5759
18.61,5758
18.63,5757
18.64,5756
18.66,5755
18.67,5754
18.69,5753
18.70,5752
18.72,5751
18.73,5750
18.75,5749
18.76,5748
18.78,5747
18.79,5746
18.80,5745
18.82,5744
18.83,5743
18.85,5742
18.86,5741
18.88,5740
18.89,5739
18.91,5738
18.92,5737
18.94,5736
18.95,5735
18.97,5734
18.98,5733
19.00,5732
19.01,5731
19.03,5730
19.04,5729
19.06,5728
19.07,5727
19.09,5726
19.10,5725
19.12,5724
19.13,5723
19.15,5722
19.16,5721
19.18,5720
19.19,5719
19.20,5718
19.22,5717
19.23,5716
19.25,5715
19.26,5714
19.28,5713
19.29,5712
19.31,5711
19.32,5710
19.34,5709
19.35,5708
19.37,5707
19.38,5706
19.39,5705
19.41,5704
19.42,5703
19.44,5702
19.45,5701
19.47,5700
19.48,5699
19.50,5698
19.51,5697
19.53,5696
19.54,5695
19.56,5694
19.57,5693
19.58,5692
19.60,5691
19.61,5690
19.63,5689
19.64,5688
19.66,5687
19.67,5686
19.69,5685
19.70,5684
19.72,5683
19.73,5682
19.75,5681
19.76,5680
19.78,5679
19.79,5678
19.80,5677
19.82,5676
19.83,5675
19.85,5674
19.86,5673
19.88,5672
19.89,5671
19.91,5670
19.92,5669
19.94,5668
19.95,5667
19.96,5666
19.98,5665
19.99,5664
20.01,5663
20.02,5662
20.04,5661
20.05,5660
20.07,5659
20.08,5658
20.10,5657
20.11,5656
20.13,5655
20.14,5654
20.16,5653
20.17,5652
20.18,5651
20.20,5650
20.21,5649
20.23,5648
20.24,5647
20.26,5646
20.27,5645
20.29,5644
20.30,5643
20.32,5642
20.33,5641
20.34,5640
20.36,5639
20.37,5638
20.39,5637
20.40,5636
20.41,5635
20.43,5634
20.44,5633
20.46,5632
20.47,5631
20.49,5630
20.50,5629
20.51,5628
20.53,5627
20.54,5626
20.56,5625
20.57,5624
20.59,5623
20.60,5622
20.62,5621
20.63,5620
20.64,5619
20.66,5618
20.67,5617
20.69,5616
20.70,5615
20.72,5614
20.73,5613
20.74,5612
20.76,5611
20.77,5610
20.79,5609
20.80,5608
20.82,5607
20.83,5606
20.84,5605
20.86,5604
20.87,5603
20.89,5602
20.90,5601
20.92,5600
20.93,5599
20.94,5598
20.96,5597
20.97,5596
20.99,5595
21.00,5594
21.01,5593
21.03,5592
21.04,5591
21.06,5590
21.07,5589
21.09,5588
21.10,5587
21.11,5586
21.13,5585
21.14,5584
21.16,5583
21.17,5582
21.18,5581
21.20,5580
21.21,5579
21.23,5578
21.24,5577
21.25,5576
21.27,5575
21.28,5574
21.30,5573
21.31,5572
21.33,5571
21.34,5570
21.35,5569
21.37,5568
21.38,5567
21.40,5566
21.41,5565
21.43,5564
21.44,5563
21.45,5562
21.47,5561
21.48,5560
21.50,5559
21.51,5558
21.53,5557
21.54,5556
21.56,5555
21.57,5554
21.58,5553
21.60,5552
21.61,5551
21.63,5550
21.64,5549
21.66,5548
21.67,5547
21.68,5546
21.70,5545
21.71,5544
21.73,5543
21.74,5542
21.76,5541
21.77,5540
21.79,5539
21.80,5538
21.81,5537
21.83,5536
21.84,5535
21.86,5534
21.87,5533
21.89,5532
21.90,5531
21.91,5530
21.93,5529
21.94,5528
21.96,5527
21.97,5526
21.99,5525
22.00,5524
22.01,5523
22.03,5522
22.04,5521
22.06,5520
22.07,5519
22.09,5518
22.10,5517
22.12,5516
22.13,5515
22.14,5514
22.16,5513
22.17,5512
22.19,5511
22.20,5510
22.22,5509
22.23,5508
22.24,5507
22.26,5506
22.27,5505
22.29,5504
22.30,5503
22.31,5502
22.33,5501
22.34,5500
22.36,5499
22.37,5498
22.38,5497
22.40,5496
22.41,5495
22.43,5494
22.44,5493
22.45,5492
22.47,5491
22.48,5490
22.50,5489
22.51,5488
22.53,5487
22.54,5486
22.55,5485
22.57,5484
22.58,5483
22.60,5482
22.61,5481
22.62,5480
22.64,5479
22.65,5478
22.67,5477
22.68,5476
22.70,5475
22.71,5474
22.72,5473
22.74,5472
22.75,5471
22.77,5470
22.78,5469
22.80,5468
22.81,5467
22.82,5466
22.84,5465
22.85,5464
22.87,5463
22.88,5462
22.89,5461
22.91,5460
22.92,5459
22.94,5458
22.95,5457
22.96,5456
22.98,5455
22.99,5454
23.01,5453
23.02,5452
23.04,5451
23.05,5450
23.06,5449
23.08,5448
23.09,5447
23.11,5446
23.12,5445
23.14,5444
23.15,5443
23.16,5442
23.18,5441
23.19,5440
23.20,5439
23.22,5438
23.23,5437
23.25,5436
23.26,5435
23.28,5434
23.29,5433
23.30,5432
23.32,5431
23.33,5430
23.35,5429
23.36,5428
23.37,5427
23.39,5426
23.40,5425
23.42,5424
23.43,5423
23.45,5422
23.46,5421
23.47,5420
23.49,5419
23.50,5418
23.52,5417
23.53,5416
23.54,5415
23.56,5414
23.57,5413
23.59,5412
23.60,5411
23.62,5410
23.63,5409
23.64,5408
23.66,5407
23.67,5406
23.69,5405
23.70,5404
23.72,5403
23.73,5402
23.74,5401
23.76,5400
23.77,5399
23.79,5398
23.80,5397
23.81,5396
23.83,5395
23.84,5394
23.86,5393
23.87,5392
23.88,5391
23.90,5390
23.91,5389
23.93,5388
23.94,5387
23.96,5386
23.97,5385
23.98,5384
24.00,5383
24.01,5382
24.03,5381
24.04,5380
24.05,5379
24.07,5378
24.08,5377
24.10,5376
24.11,5375
24.12,5374
24.14,5373
24.15,5372
24.16,5371
24.18,5370
24.19,5369
24.21,5368
24.22,5367
24.23,5366
24.25,5365
24.26,5364
24.27,5363
24.29,5362
24.30,5361
24.32,5360
24.33,5359
24.34,5358
24.36,5357
24.37,5356
24.38,5355
24.40,5354
24.41,5353
24.42,5352
24.44,5351
24.45,5350
24.47,5349
24.48,5348
24.49,5347
24.51,5346
24.52,5345
24.53,5344
24.55,5343
24.56,5342
24.58,5341
24.59,5340
24.60,5339
24.62,5338
24.63,5337
24.65,5336
24.66,5335
24.68,5334
24.69,5333
24.70,5332
24.72,5331
24.73,5330
24.75,5329
24.76,5328
24.77,5327
24.79,5326
24.80,5325
24.81,5324
24.83,5323
24.84,5322
24.86,5321
24.87,5320
24.88,5319
24.90,5318
24.91,5317
24.93,5316
24.94,5315
24.95,5314
24.97,5313
24.98,5312
25.00,5311
25.01,5310
25.02,5309
25.04,5308
25.05,5307
25.06,5306
25.08,5305
25.09,5304
25.11,5303
25.12,5302
25.13,5301
25.15,5300
25.16,5299
25.18,5298
25.19,5297
25.20,5296
25.22,5295
25.23,5294
25.25,5293
25.26,5292
25.27,5291
25.29,5290
25.30,5289
25.32,5288
25.33,5287
25.34,5286
25.36,5285
25.37,5284
25.39,5283
25.40,5282
25.41,5281
25.43,5280
25.44,5279
25.45,5278
25.47,5277
25.48,5276
25.50,5275
25.51,5274
25.52,5273
25.54,5272
25.55,5271
25.56,5270
25.58,5269
25.59,5268
25.60,5267
25.62,5266
25.63,5265
25.65,5264
25.66,5263
25.67,5262
25.69,5261
25.70,5260
25.71,5259
25.73,5258
25.74,5257
25.76,5256
25.77,5255
25.78,5254
25.80,5253
25.81,5252
25.83,5251
25.84,5250
25.85,5249
25.87,5248
25.88,5247
25.90,5246
25.91,5245
25.92,5244
25.94,5243
25.95,5242
25.96,5241
25.98,5240
25.99,5239
26.01,5238
26.02,5237
26.03,5236
26.05,5235
26.06,5234
26.08,5233
26.09,5232
26.10,5231
26.12,5230
26.13,5229
26.15,5228
26.16,5227
26.17,5226
26.19,5225
26.20,5224
26.22,5223
26.23,5222
26.24,5221
26.26,5220
26.27,5219
26.29,5218
26.30,5217
26.31,5216
26.33,5215
26.34,5214
26.36,5213
26.37,5212
26.38,5211
26.40,5210
26.41,5209
26.43,5208
26.44,5207
26.45,5206
26.47,5205
26.48,5204
26.49,5203
26.51,5202
26.52,5201
26.54,5200
26.55,5199
26.56,5198
26.58,5197
26.59,5196
26.61,5195
26.62,5194
26.63,5193
26.65,5192
26.66,5191
26.67,5190
26.69,5189
26.70,5188
26.71,5187
26.73,5186
26.74,5185
26.76,5184
26.77,5183
26.78,5182
26.80,5181
26.81,5180
26.82,5179
26.84,5178
26.85,5177
26.87,5176
26.88,5175
26.89,5174
26.91,5173
26.92,5172
26.94,5171
26.95,5170
26.96,5169
26.98,5168
26.99,5167
27.00,5166
27.02,5165
27.03,5164
27.05,5163
27.06,5162
27.07,5161
27.09,5160
27.10,5159
27.11,5158
27.13,5157
27.14,5156
27.15,5155
27.17,5154
27.18,5153
27.20,5152
27.21,5151
27.22,5150
27.24,5149
27.25,5148
27.27,5147
27.28,5146
27.29,5145
27.31,5144
27.32,5143
27.33,5142
27.35,5141
27.36,5140
27.37,5139
27.39,5138
27.40,5137
27.42,5136
27.43,5135
27.44,5134
27.46,5133
27.47,5132
27.48,5131
27.50,5130
27.51,5129
27.52,5128
27.54,5127
27.55,5126
27.57,5125
27.58,5124
27.59,5123
27.61,5122
27.62,5121
27.63,5120
27.65,5119
27.66,5118
27.67,5117
27.69,5116
27.70,5115
27.72,5114
27.73,5113
27.74,5112
27.76,5111
27.77,5110
27.78,5109
27.80,5108
27.81,5107
27.82,5106
27.84,5105
27.85,5104
27.87,5103
27.88,5102
27.89,5101
27.91,5100
27.92,5099
27.93,5098
27.95,5097
27.96,5096
27.97,5095
27.99,5094
28.00,5093
28.01,5092
28.03,5091
28.04,5090
28.06,5089
28.07,5088
28.08,5087
28.10,5086
28.11,5085
28.12,5084
28.14,5083
28.15,5082
28.16,5081
28.18,5080
28.19,5079
28.21,5078
28.22,5077
28.23,5076
28.25,5075
28.26,5074
28.27,5073
28.29,5072
28.30,5071
28.31,5070
28.33,5069
28.34,5068
28.36,5067
28.37,5066
28.38,5065
28.40,5064
28.41,5063
28.42,5062
28.44,5061
28.45,5060
28.46,5059
28.48,5058
28.49,5057
28.50,5056
28.52,5055
28.53,5054
28.54,5053
28.56,5052
28.57,5051
28.58,5050
28.60,5049
28.61,5048
28.62,5047
28.64,5046
28.65,5045
28.66,5044
28.68,5043
28.69,5042
28.71,5041
28.72,5040
28.73,5039
28.75,5038
28.76,5037
28.77,5036
28.79,5035
28.80,5034
28.81,5033
28.83,5032
28.84,5031
28.85,5030
28.87,5029
28.88,5028
28.89,5027
28.91,5026
28.92,5025
28.93,5024
28.94,5023
28.96,5022
28.97,5021
28.99,5020
29.00,5019
29.01,5018
29.03,5017
29.04,5016
29.05,5015
29.07,5014
29.08,5013
29.09,5012
29.11,5011
29.12,5010
29.13,5009
29.15,5008
29.16,5007
29.17,5006
29.19,5005
29.20,5004
29.21,5003
29.23,5002
29.24,5001
29.25,5000
29.27,4999
29.28,4998
29.29,4997
29.31,4996
29.32,4995
29.33,4994
29.35,4993
29.36,4992
29.37,4991
29.39,4990
29.40,4989
29.41,4988
29.43,4987
29.44,4986
29.46,4985
29.47,4984
29.48,4983
29.50,4982
29.51,4981
29.52,4980
29.54,4979
29.55,4978
29.56,4977
29.58,4976
29.59,4975
29.60,4974
29.62,4973
29.63,4972
29.64,4971
29.66,4970
29.67,4969
29.68,4968
29.70,4967
29.71,4966
29.72,4965
29.74,4964
29.75,4963
29.76,4962
29.78,4961
29.79,4960
29.80,4959
29.82,4958
29.83,4957
29.85,4956
29.86,4955
29.87,4954
29.89,4953
29.90,4952
29.91,4951
29.93,4950
29.94,4949
29.95,4948
29.97,4947
29.98,4946
29.99,4945
30.01,4944
30.02,4943
30.03,4942
30.04,4941
30.06,4940
30.07,4939
30.09,4938
30.10,4937
30.11,4936
30.13,4935
30.14,4934
30.15,4933
30.17,4932
30.18,4931
30.19,4930
30.20,4929
30.22,4928
30.23,4927
30.24,4926
30.26,4925
30.27,4924
30.28,4923
30.30,4922
30.31,4921
30.32,4920
30.34,4919
30.35,4918
30.36,4917
30.38,4916
30.39,4915
30.40,4914
30.42,4913
30.43,4912
30.44,4911
30.45,4910
30.47,4909
30.48,4908
30.50,4907
30.51,4906
30.52,4905
30.54,4904
30.55,4903
30.56,4902
30.57,4901
30.59,4900
30.60,4899
30.61,4898
30.63,4897
30.64,4896
30.65,4895
30.67,4894
30.68,4893
30.69,4892
30.71,4891
30.72,4890
30.73,4889
30.74,4888
30.76,4887
30.77,4886
30.79,4885
30.80,4884
30.81,4883
30.83,4882
30.84,4881
30.85,4880
30.87,4879
30.88,4878
30.89,4877
30.91,4876
30.92,4875
30.93,4874
30.95,4873
30.96,4872
31.02,4871
31.13,4870
31.15,4869
31.23,4868
31.29,4867
