1.00,6886
1.11,6885
1.14,6884
1.17,6883
1.19,6882
1.21,6881
1.23,6880
1.25,6879
1.27,6878
1.30,6877
1.31,6876
1.33,6875
1.34,6874
1.36,6873
1.37,6872
1.38,6871
1.40,6870
1.41,6869
1.42,6868
1.44,6867
1.45,6866
1.47,6865
1.48,6864
1.49,6863
1.51,6862
1.52,6861
1.54,6860
1.55,6859
1.56,6858
1.58,6857
1.59,6856
1.61,6855
1.62,6854
1.63,6853
1.65,6852
1.66,6851
1.67,6850
1.69,6849
1.70,6848
1.71,6847
1.73,6846
1.74,6845
1.76,6844
1.77,6843
1.78,6842
1.80,6841
1.81,6840
1.82,6839
1.84,6838
1.86,6837
1.88,6836
1.89,6835
1.91,6834
1.92,6833
1.93,6832
1.95,6831
1.96,6830
1.97,6829
1.99,6828
2.00,6827
2.01,6826
2.03,6825
2.04,6824
2.06,6823
2.07,6822
2.08,6821
2.10,6820
2.11,6819
2.13,6818
2.14,6817
2.15,6816
2.17,6815
2.18,6814
2.20,6813
2.21,6812
2.23,6811
2.24,6810
2.25,6809
2.27,6808
2.28,6807
2.29,6806
2.31,6805
2.32,6804
2.33,6803
2.35,6802
2.36,6801
2.37,6800
2.39,6799
2.40,6798
2.41,6797
2.43,6796
2.44,6795
2.46,6794
2.47,6793
2.48,6792
2.50,6791
2.51,6790
2.53,6789
2.54,6788
2.56,6787
2.57,6786
2.59,6785
2.60,6784
2.62,6783
2.63,6782
2.65,6781
2.66,6780
2.68,6779
2.69,6778
2.71,6777
2.72,6776
2.74,6775
2.76,6774
2.77,6773
2.79,6772
2.80,6771
2.82,6770
2.83,6769
2.85,6768
2.86,6767
2.88,6766
2.90,6765
2.91,6764
2.93,6763
2.94,6762
2.96,6761
2.98,6760
2.99,6759
3.01,6758
3.02,6757
3.05,6756
3.06,6755
3.08,6754
3.09,6753
3.10,6752
3.12,6751
3.13,6750
3.15,6749
3.16,6748
3.17,6747
3.19,6746
3.20,6745
3.21,6744
3.23,6743
3.24,6742
3.25,6741
3.27,6740
3.28,6739
3.29,6738
3.31,6737
3.32,6736
3.34,6735
3.35,6734
3.36,6733
3.38,6732
3.39,6731
3.40,6730
3.42,6729
3.43,6728
3.44,6727
3.46,6726
3.47,6725
3.48,6724
3.50,6723
3.51,6722
3.53,6721
3.54,6720
3.56,6719
3.57,6718
3.58,6717
3.60,6716
3.61,6715
3.62,6714
3.64,6713
3.65,6712
3.66,6711
3.68,6710
3.69,6709
3.71,6708
3.72,6707
3.73,6706
3.75,6705
3.76,6704
3.78,6703
3.79,6702
3.81,6701
3.82,6700
3.83,6699
3.85,6698
3.86,6697
3.88,6696
3.89,6695
3.90,6694
3.92,6693
3.93,6692
3.95,6691
3.96,6690
3.97,6689
3.99,6688
4.00,6687
4.02,6686
4.03,6685
4.05,6684
4.06,6683
4.07,6682
4.09,6681
4.10,6680
4.12,6679
4.13,6678
4.15,6677
4.16,6676
4.19,6675
4.20,6674
4.21,6673
4.23,6672
4.24,6671
4.26,6670
4.27,6669
4.28,6668
4.30,6667
4.33,6666
4.34,6665
4.36,6664
4.37,6663
4.39,6662
4.40,6661
4.42,6660
4.43,6659
4.44,6658
4.46,6657
4.47,6656
4.49,6655
4.50,6654
4.52,6653
4.53,6652
4.54,6651
4.56,6650
4.57,6649
4.59,6648
4.60,6647
4.64,6646
4.66,6645
4.67,6644
4.68,6643
4.70,6642
4.71,6641
4.73,6640
4.74,6639
4.75,6638
4.77,6637
4.78,6636
4.80,6635
4.81,6634
4.82,6633
4.84,6632
4.85,6631
4.87,6630
4.89,6629
4.91,6628
4.92,6627
4.93,6626
4.96,6625
4.97,6624
4.98,6623
5.00,6622
5.01,6621
5.02,6620
5.04,6619
5.05,6618
5.06,6617
5.08,6616
5.09,6615
5.11,6614
5.12,6613
5.13,6612
5.15,6611
5.16,6610
5.18,6609
5.19,6608
5.20,6607
5.23,6606
5.24,6605
5.25,6604
5.27,6603
5.28,6602
5.29,6601
5.31,6600
5.32,6599
5.33,6598
5.35,6597
5.36,6596
5.38,6595
5.39,6594
5.40,6593
5.42,6592
5.43,6591
5.44,6590
5.46,6589
5.48,6588
5.50,6587
5.51,6586
5.53,6585
5.54,6584
5.56,6583
5.57,6582
5.60,6581
5.61,6580
5.63,6579
5.64,6578
5.66,6577
5.67,6576
5.69,6575
5.71,6574
5.72,6573
5.74,6572
5.75,6571
5.77,6570
5.78,6569
5.80,6568
5.81,6567
5.83,6566
5.84,6565
5.86,6564
5.88,6563
5.89,6562
5.91,6561
5.92,6560
5.94,6559
5.96,6558
5.98,6557
6.00,6556
6.01,6555
6.03,6554
6.11,6553
6.12,6552
6.14,6551
6.15,6550
6.17,6549
6.19,6548
6.20,6547
6.22,6546
6.24,6545
6.27,6544
6.29,6543
6.33,6542
6.35,6541
6.36,6540
6.38,6539
6.40,6538
6.43,6537
6.44,6536
6.46,6535
6.47,6534
6.50,6533
6.54,6532
6.57,6531
6.60,6530
6.61,6529
6.63,6528
6.64,6527
6.66,6526
6.67,6525
6.69,6524
6.70,6523
6.76,6522
6.77,6521
6.82,6520
6.83,6519
6.85,6518
6.86,6517
6.88,6516
6.89,6515
6.90,6514
6.92,6513
6.93,6512
6.95,6511
6.96,6510
6.97,6509
6.99,6508
7.00,6507
7.02,6506
7.03,6505
7.08,6504
7.09,6503
7.11,6502
7.12,6501
7.14,6500
7.16,6499
7.17,6498
7.19,6497
7.20,6496
7.24,6495
7.25,6494
7.26,6493
7.28,6492
7.29,6491
7.31,6490
7.32,6489
7.34,6488
7.39,6487
7.40,6486
7.41,6485
7.43,6484
7.44,6483
7.46,6482
7.47,6481
7.48,6480
7.50,6479
7.52,6478
7.53,6477
7.55,6476
7.57,6475
7.58,6474
7.60,6473
7.61,6472
7.63,6471
7.64,6470
7.65,6469
7.67,6468
7.68,6467
7.70,6466
7.71,6465
7.73,6464
7.74,6463
7.76,6462
7.77,6461
7.78,6460
7.80,6459
7.81,6458
7.83,6457
7.84,6456
7.86,6455
7.87,6454
7.89,6453
7.90,6452
7.92,6451
7.93,6450
7.94,6449
7.96,6448
7.97,6447
7.99,6446
8.00,6445
8.02,6444
8.03,6443
8.04,6442
8.06,6441
8.07,6440
8.09,6439
8.10,6438
8.12,6437
8.13,6436
8.14,6435
8.16,6434
8.17,6433
8.19,6432
8.20,6431
8.22,6430
8.23,6429
8.25,6428
8.26,6427
8.28,6426
8.29,6425
8.30,6424
8.32,6423
8.33,6422
8.34,6421
8.36,6420
8.37,6419
8.39,6418
8.40,6417
8.41,6416
8.43,6415
8.44,6414
8.46,6413
8.47,6412
8.49,6411
8.50,6410
8.51,6409
8.54,6408
8.55,6407
8.56,6406
8.58,6405
8.59,6404
8.61,6403
8.62,6402
8.64,6401
8.65,6400
8.66,6399
8.68,6398
8.69,6397
8.71,6396
8.72,6395
8.73,6394
8.75,6393
8.76,6392
8.78,6391
8.79,6390
8.81,6389
8.82,6388
8.84,6387
8.85,6386
8.87,6385
8.88,6384
8.90,6383
8.92,6382
8.93,6381
8.94,6380
8.96,6379
8.97,6378
8.99,6377
9.00,6376
9.02,6375
9.03,6374
9.04,6373
9.06,6372
9.07,6371
9.09,6370
9.10,6369
9.12,6368
9.13,6367
9.15,6366
9.16,6365
9.17,6364
9.19,6363
9.20,6362
9.22,6361
9.23,6360
9.25,6359
9.26,6358
9.28,6357
9.29,6356
9.30,6355
9.32,6354
9.33,6353
9.35,6352
9.36,6351
9.37,6350
9.39,6349
9.40,6348
9.42,6347
9.43,6346
9.45,6345
9.46,6344
9.48,6343
9.49,6342
9.50,6341
9.52,6340
9.53,6339
9.55,6338
9.56,6337
9.57,6336
9.59,6335
9.60,6334
9.62,6333
9.63,6332
9.65,6331
9.66,6330
9.68,6329
9.69,6328
9.71,6327
9.72,6326
9.73,6325
9.75,6324
9.76,6323
9.78,6322
9.79,6321
9.81,6320
9.82,6319
9.84,6318
9.85,6317
9.86,6316
9.88,6315
9.89,6314
9.91,6313
9.92,6312
9.94,6311
9.95,6310
9.96,6309
9.98,6308
9.99,6307
10.01,6306
10.02,6305
10.04,6304
10.05,6303
10.07,6302
10.08,6301
10.09,6300
10.11,6299
10.12,6298
10.14,6297
10.15,6296
10.16,6295
10.18,6294
10.19,6293
10.21,6292
10.22,6291
10.24,6290
10.25,6289
10.26,6288
10.28,6287
10.29,6286
10.31,6285
10.32,6284
10.34,6283
10.35,6282
10.36,6281
10.38,6280
10.39,6279
10.41,6278
10.42,6277
10.44,6276
10.45,6275
10.46,6274
10.48,6273
10.49,6272
10.51,6271
10.52,6270
10.53,6269
10.55,6268
10.56,6267
10.58,6266
10.59,6265
10.61,6264
10.62,6263
10.64,6262
10.65,6261
10.66,6260
10.68,6259
10.69,6258
10.71,6257
10.72,6256
10.74,6255
10.75,6254
10.76,6253
10.78,6252
10.79,6251
10.81,6250
10.82,6249
10.84,6248
10.85,6247
10.86,6246
10.88,6245
10.89,6244
10.91,6243
10.92,6242
10.93,6241
10.95,6240
10.96,6239
10.98,6238
10.99,6237
11.01,6236
11.03,6235
11.04,6234
11.05,6233
11.07,6232
11.08,6231
11.09,6230
11.11,6229
11.12,6228
11.14,6227
11.15,6226
11.17,6225
11.18,6224
11.20,6223
11.21,6222
11.22,6221
11.24,6220
11.25,6219
11.27,6218
11.28,6217
11.30,6216
11.31,6215
11.33,6214
11.34,6213
11.35,6212
11.37,6211
11.38,6210
11.40,6209
11.41,6208
11.43,6207
11.44,6206
11.45,6205
11.47,6204
11.48,6203
11.50,6202
11.51,6201
11.53,6200
11.54,6199
11.55,6198
11.57,6197
11.58,6196
11.60,6195
11.61,6194
11.63,6193
11.64,6192
11.65,6191
11.67,6190
11.68,6189
11.70,6188
11.72,6187
11.73,6186
11.76,6185
11.77,6184
11.79,6183
11.80,6182
11.82,6181
11.83,6180
11.85,6179
11.86,6178
11.88,6177
11.89,6176
11.91,6175
11.92,6174
11.94,6173
11.96,6172
11.97,6171
11.99,6170
12.00,6169
12.02,6168
12.04,6167
12.05,6166
12.07,6165
12.08,6164
12.10,6163
12.12,6162
12.13,6161
12.15,6160
12.16,6159
12.18,6158
12.19,6157
12.21,6156
12.23,6155
12.24,6154
12.26,6153
12.28,6152
12.29,6151
12.31,6150
12.32,6149
12.34,6148
12.36,6147
12.37,6146
12.39,6145
12.40,6144
12.42,6143
12.43,6142
12.45,6141
12.46,6140
12.48,6139
12.50,6138
12.51,6137
12.53,6136
12.55,6135
12.56,6134
12.58,6133
12.59,6132
12.61,6131
12.63,6130
12.64,6129
12.66,6128
12.67,6127
12.69,6126
12.71,6125
12.72,6124
12.74,6123
12.75,6122
12.77,6121
12.78,6120
12.80,6119
12.82,6118
12.83,6117
12.85,6116
12.86,6115
12.88,6114
12.90,6113
12.91,6112
12.93,6111
12.94,6110
12.96,6109
12.98,6108
12.99,6107
13.01,6106
13.03,6105
13.04,6104
13.06,6103
13.07,6102
13.09,6101
13.11,6100
13.12,6099
13.14,6098
13.16,6097
13.18,6096
13.19,6095
13.21,6094
13.22,6093
13.24,6092
13.25,6091
13.27,6090
13.28,6089
13.30,6088
13.32,6087
13.33,6086
13.35,6085
13.37,6084
13.38,6083
13.40,6082
13.41,6081
13.43,6080
13.44,6079
13.46,6078
13.48,6077
13.49,6076
13.51,6075
13.52,6074
13.54,6073
13.56,6072
13.57,6071
13.59,6070
13.60,6069
13.62,6068
13.64,6067
13.65,6066
13.67,6065
13.69,6064
13.70,6063
13.72,6062
13.73,6061
13.75,6060
13.77,6059
13.78,6058
13.80,6057
13.81,6056
13.83,6055
13.84,6054
13.86,6053
13.88,6052
13.89,6051
13.91,6050
13.93,6049
13.94,6048
13.96,6047
13.97,6046
13.99,6045
14.01,6044
14.02,6043
14.04,6042
14.06,6041
14.07,6040
14.09,6039
14.10,6038
14.12,6037
14.14,6036
14.15,6035
14.17,6034
14.19,6033
14.20,6032
14.22,6031
14.23,6030
14.25,6029
14.27,6028
14.28,6027
14.30,6026
14.31,6025
14.33,6024
14.35,6023
14.36,6022
14.38,6021
14.40,6020
14.41,6019
14.43,6018
14.44,6017
14.46,6016
14.48,6015
14.49,6014
14.51,6013
14.52,6012
14.54,6011
14.55,6010
14.57,6009
14.58,6008
14.59,6007
14.61,6006
14.62,6005
14.64,6004
14.65,6003
14.67,6002
14.68,6001
14.70,6000
14.71,5999
14.72,5998
14.74,5997
14.75,5996
14.77,5995
14.78,5994
14.80,5993
14.81,5992
14.82,5991
14.84,5990
14.85,5989
14.87,5988
14.88,5987
14.90,5986
14.91,5985
14.93,5984
14.94,5983
14.95,5982
14.97,5981
14.98,5980
15.00,5979
15.01,5978
15.03,5977
15.04,5976
15.06,5975
15.07,5974
15.08,5973
15.10,5972
15.11,5971
15.13,5970
15.14,5969
15.16,5968
15.17,5967
15.18,5966
15.20,5965
15.21,5964
15.23,5963
15.24,5962
15.25,5961
15.27,5960
15.28,5959
15.30,5958
15.31,5957
15.33,5956
15.34,5955
15.35,5954
15.37,5953
15.38,5952
15.40,5951
15.42,5950
15.43,5949
15.45,5948
15.46,5947
15.48,5946
15.49,5945
15.51,5944
15.52,5943
15.53,5942
15.55,5941
15.56,5940
15.58,5939
15.59,5938
15.61,5937
15.62,5936
15.63,5935
15.65,5934
15.66,5933
15.68,5932
15.69,5931
15.71,5930
15.72,5929
15.74,5928
15.75,5927
15.77,5926
15.79,5925
15.80,5924
15.81,5923
15.83,5922
15.84,5921
15.86,5920
15.87,5919
15.89,5918
15.90,5917
15.91,5916
15.93,5915
15.94,5914
15.96,5913
15.97,5912
15.98,5911
16.00,5910
16.01,5909
16.03,5908
16.04,5907
16.05,5906
16.07,5905
16.08,5904
16.10,5903
16.11,5902
16.13,5901
16.14,5900
16.16,5899
16.17,5898
16.18,5897
16.20,5896
16.21,5895
16.23,5894
16.24,5893
16.26,5892
16.27,5891
16.28,5890
16.30,5889
16.31,5888
16.33,5887
16.34,5886
16.36,5885
16.37,5884
16.38,5883
16.40,5882
16.41,5881
16.43,5880
16.44,5879
16.46,5878
16.47,5877
16.48,5876
16.50,5875
16.51,5874
16.53,5873
16.54,5872
16.56,5871
16.57,5870
16.58,5869
16.60,5868
16.61,5867
16.63,5866
16.64,5865
16.66,5864
16.67,5863
16.69,5862
16.70,5861
16.71,5860
16.73,5859
16.74,5858
16.76,5857
16.77,5856
16.79,5855
16.80,5854
16.81,5853
16.83,5852
16.84,5851
16.86,5850
16.87,5849
16.88,5848
16.90,5847
16.91,5846
16.93,5845
16.94,5844
16.96,5843
16.97,5842
16.99,5841
17.00,5840
17.02,5839
17.03,5838
17.04,5837
17.06,5836
17.07,5835
17.09,5834
17.10,5833
17.12,5832
17.13,5831
17.15,5830
17.16,5829
17.18,5828
17.19,5827
17.20,5826
17.22,5825
17.23,5824
17.25,5823
17.26,5822
17.27,5821
17.29,5820
17.30,5819
17.32,5818
17.33,5817
17.34,5816
17.36,5815
17.37,5814
17.39,5813
17.40,5812
17.42,5811
17.43,5810
17.45,5809
17.46,5808
17.47,5807
17.49,5806
17.50,5805
17.52,5804
17.53,5803
17.55,5802
17.56,5801
17.58,5800
17.59,5799
17.60,5798
17.62,5797
17.63,5796
17.65,5795
17.66,5794
17.68,5793
17.69,5792
17.71,5791
17.72,5790
17.73,5789
17.75,5788
17.76,5787
17.78,5786
17.79,5785
17.81,5784
17.82,5783
17.84,5782
17.85,5781
17.87,5780
17.88,5779
17.90,5778
17.91,5777
17.92,5776
17.94,5775
17.95,5774
17.97,5773
17.98,5772
18.00,5771
18.01,5770
18.02,5769
18.04,5768
18.05,5767
18.07,5766
18.08,5765
18.10,5764
18.11,5763
18.13,5762
18.14,5761
18.16,5760
18.17,5759
18.18,5758
18.20,5757
18.21,5756
18.23,5755
18.24,5754
18.26,5753
18.27,5752
18.28,5751
18.30,5750
18.31,5749
18.33,5748
18.34,5747
18.36,5746
18.37,5745
18.39,5744
18.40,5743
18.42,5742
18.43,5741
18.44,5740
18.46,5739
18.47,5738
18.49,5737
18.50,5736
18.52,5735
18.53,5734
18.54,5733
18.56,5732
18.57,5731
18.59,5730
18.60,5729
18.62,5728
18.63,5727
18.64,5726
18.66,5725
18.67,5724
18.69,5723
18.70,5722
18.72,5721
18.73,5720
18.74,5719
18.76,5718
18.77,5717
18.79,5716
18.80,5715
18.82,5714
18.83,5713
18.85,5712
18.86,5711
18.87,5710
18.89,5709
18.90,5708
18.92,5707
18.93,5706
18.95,5705
18.96,5704
18.97,5703
18.99,5702
19.00,5701
19.02,5700
19.03,5699
19.05,5698
19.06,5697
19.08,5696
19.09,5695
19.10,5694
19.12,5693
19.13,5692
19.15,5691
19.16,5690
19.18,5689
19.19,5688
19.20,5687
19.22,5686
19.23,5685
19.25,5684
19.26,5683
19.27,5682
19.29,5681
19.30,5680
19.32,5679
19.33,5678
19.35,5677
19.36,5676
19.37,5675
19.39,5674
19.40,5673
19.42,5672
19.43,5671
19.44,5670
19.46,5669
19.47,5668
19.49,5667
19.50,5666
19.51,5665
19.53,5664
19.54,5663
19.56,5662
19.57,5661
19.58,5660
19.60,5659
19.61,5658
19.63,5657
19.64,5656
19.66,5655
19.67,5654
19.68,5653
19.70,5652
19.71,5651
19.73,5650
19.74,5649
19.75,5648
19.77,5647
19.78,5646
19.79,5645
19.81,5644
19.82,5643
19.84,5642
19.85,5641
19.87,5640
19.88,5639
19.89,5638
19.91,5637
19.92,5636
19.94,5635
19.95,5634
19.96,5633
19.98,5632
19.99,5631
20.01,5630
20.02,5629
20.04,5628
20.05,5627
20.06,5626
20.08,5625
20.09,5624
20.11,5623
20.12,5622
20.13,5621
20.15,5620
20.16,5619
20.18,5618
20.19,5617
20.20,5616
20.22,5615
20.23,5614
20.25,5613
20.26,5612
20.27,5611
20.29,5610
20.30,5609
20.32,5608
20.33,5607
20.35,5606
20.36,5605
20.37,5604
20.39,5603
20.40,5602
20.42,5601
20.43,5600
20.44,5599
20.46,5598
20.47,5597
20.49,5596
20.50,5595
20.52,5594
20.53,5593
20.54,5592
20.56,5591
20.57,5590
20.59,5589
20.60,5588
20.61,5587
20.63,5586
20.64,5585
20.66,5584
20.67,5583
20.68,5582
20.70,5581
20.71,5580
20.73,5579
20.74,5578
20.75,5577
20.77,5576
20.78,5575
20.80,5574
20.81,5573
20.82,5572
20.84,5571
20.85,5570
20.87,5569
20.88,5568
20.90,5567
20.91,5566
20.92,5565
20.94,5564
20.95,5563
20.97,5562
20.98,5561
20.99,5560
21.01,5559
21.02,5558
21.04,5557
21.05,5556
21.06,5555
21.08,5554
21.09,5553
21.11,5552
21.12,5551
21.14,5550
21.15,5549
21.16,5548
21.18,5547
21.19,5546
21.21,5545
21.22,5544
21.23,5543
21.25,5542
21.26,5541
21.28,5540
21.29,5539
21.30,5538
21.32,5537
21.33,5536
21.35,5535
21.36,5534
21.37,5533
21.39,5532
21.40,5531
21.42,5530
21.43,5529
21.44,5528
21.46,5527
21.47,5526
21.49,5525
21.50,5524
21.51,5523
21.53,5522
21.54,5521
21.56,5520
21.57,5519
21.58,5518
21.60,5517
21.61,5516
21.63,5515
21.64,5514
21.65,5513
21.67,5512
21.68,5511
21.70,5510
21.71,5509
21.72,5508
21.74,5507
21.75,5506
21.77,5505
21.78,5504
21.79,5503
21.81,5502
21.82,5501
21.84,5500
21.85,5499
21.86,5498
21.88,5497
21.89,5496
21.91,5495
21.92,5494
21.93,5493
21.95,5492
21.96,5491
21.98,5490
21.99,5489
22.00,5488
22.02,5487
22.03,5486
22.04,5485
22.06,5484
22.07,5483
22.09,5482
22.10,5481
22.11,5480
22.13,5479
22.14,5478
22.16,5477
22.17,5476
22.18,5475
22.20,5474
22.21,5473
22.22,5472
22.24,5471
22.25,5470
22.27,5469
22.28,5468
22.29,5467
22.31,5466
22.32,5465
22.34,5464
22.35,5463
22.36,5462
22.38,5461
22.39,5460
22.40,5459
22.42,5458
22.43,5457
22.45,5456
22.46,5455
22.47,5454
22.49,5453
22.50,5452
22.52,5451
22.53,5450
22.54,5449
22.56,5448
22.57,5447
22.58,5446
22.60,5445
22.61,5444
22.63,5443
22.64,5442
22.65,5441
22.67,5440
22.68,5439
22.70,5438
22.71,5437
22.72,5436
22.74,5435
22.75,5434
22.77,5433
22.78,5432
22.80,5431
22.81,5430
22.82,5429
22.84,5428
22.85,5427
22.86,5426
22.88,5425
22.89,5424
22.91,5423
22.92,5422
22.93,5421
22.95,5420
22.96,5419
22.98,5418
22.99,5417
23.00,5416
23.02,5415
23.03,5414
23.05,5413
23.06,5412
23.07,5411
23.09,5410
23.10,5409
23.11,5408
23.13,5407
23.14,5406
23.16,5405
23.17,5404
23.18,5403
23.20,5402
23.21,5401
23.23,5400
23.24,5399
23.25,5398
23.27,5397
23.28,5396
23.29,5395
23.31,5394
23.32,5393
23.34,5392
23.35,5391
23.36,5390
23.38,5389
23.39,5388
23.41,5387
23.42,5386
23.43,5385
23.45,5384
23.46,5383
23.48,5382
23.49,5381
23.50,5380
23.52,5379
23.53,5378
23.54,5377
23.56,5376
23.57,5375
23.59,5374
23.60,5373
23.61,5372
23.63,5371
23.64,5370
23.66,5369
23.67,5368
23.68,5367
23.70,5366
23.71,5365
23.73,5364
23.74,5363
23.75,5362
23.77,5361
23.78,5360
23.79,5359
23.81,5358
23.82,5357
23.84,5356
23.85,5355
23.86,5354
23.88,5353
23.89,5352
23.91,5351
23.92,5350
23.93,5349
23.95,5348
23.96,5347
23.97,5346
23.99,5345
24.00,5344
24.02,5343
24.03,5342
24.04,5341
24.06,5340
24.07,5339
24.09,5338
24.10,5337
24.11,5336
24.13,5335
24.14,5334
24.15,5333
24.17,5332
24.18,5331
24.20,5330
24.21,5329
24.22,5328
24.24,5327
24.25,5326
24.26,5325
24.28,5324
24.29,5323
24.31,5322
24.32,5321
24.33,5320
24.35,5319
24.36,5318
24.37,5317
24.39,5316
24.40,5315
24.42,5314
24.43,5313
24.44,5312
24.46,5311
24.47,5310
24.49,5309
24.50,5308
24.51,5307
24.53,5306
24.54,5305
24.55,5304
24.57,5303
24.58,5302
24.59,5301
24.61,5300
24.62,5299
24.64,5298
24.65,5297
24.66,5296
24.68,5295
24.69,5294
24.70,5293
24.72,5292
24.73,5291
24.75,5290
24.76,5289
24.77,5288
24.79,5287
24.80,5286
24.81,5285
24.83,5284
24.84,5283
24.85,5282
24.87,5281
24.88,5280
24.89,5279
24.91,5278
24.92,5277
24.93,5276
24.95,5275
24.96,5274
24.98,5273
24.99,5272
25.00,5271
25.02,5270
25.03,5269
25.04,5268
25.06,5267
25.07,5266
25.08,5265
25.10,5264
25.11,5263
25.12,5262
25.14,5261
25.15,5260
25.17,5259
25.18,5258
25.19,5257
25.21,5256
25.22,5255
25.23,5254
25.25,5253
25.26,5252
25.28,5251
25.29,5250
25.30,5249
25.32,5248
25.33,5247
25.34,5246
25.36,5245
25.37,5244
25.39,5243
25.40,5242
25.41,5241
25.43,5240
25.44,5239
25.45,5238
25.47,5237
25.48,5236
25.49,5235
25.51,5234
25.52,5233
25.53,5232
25.55,5231
25.56,5230
25.57,5229
25.59,5228
25.60,5227
25.62,5226
25.63,5225
25.64,5224
25.66,5223
25.67,5222
25.68,5221
25.70,5220
25.71,5219
25.73,5218
25.74,5217
25.75,5216
25.77,5215
25.78,5214
25.79,5213
25.81,5212
25.82,5211
25.83,5210
25.85,5209
25.86,5208
25.87,5207
25.89,5206
25.90,5205
25.91,5204
25.93,5203
25.94,5202
25.96,5201
25.97,5200
25.98,5199
26.00,5198
26.01,5197
26.02,5196
26.04,5195
26.05,5194
26.06,5193
26.08,5192
26.09,5191
26.10,5190
26.12,5189
26.13,5188
26.14,5187
26.16,5186
26.17,5185
26.19,5184
26.20,5183
26.21,5182
26.22,5181
26.24,5180
26.25,5179
26.27,5178
26.28,5177
26.29,5176
26.31,5175
26.32,5174
26.33,5173
26.35,5172
26.36,5171
26.37,5170
26.39,5169
26.40,5168
26.41,5167
26.43,5166
26.44,5165
26.45,5164
26.47,5163
26.48,5162
26.50,5161
26.51,5160
26.52,5159
26.54,5158
26.55,5157
26.56,5156
26.58,5155
26.59,5154
26.60,5153
26.62,5152
26.63,5151
26.64,5150
26.66,5149
26.67,5148
26.69,5147
26.70,5146
26.71,5145
26.73,5144
26.74,5143
26.75,5142
26.77,5141
26.78,5140
26.79,5139
26.81,5138
26.82,5137
26.83,5136
26.85,5135
26.86,5134
26.87,5133
26.89,5132
26.90,5131
26.91,5130
26.93,5129
26.94,5128
26.95,5127
26.97,5126
26.98,5125
27.00,5124
27.01,5123
27.02,5122
27.04,5121
27.05,5120
27.06,5119
27.08,5118
27.09,5117
27.10,5116
27.12,5115
27.13,5114
27.14,5113
27.16,5112
27.17,5111
27.18,5110
27.20,5109
27.21,5108
27.22,5107
27.24,5106
27.25,5105
27.26,5104
27.28,5103
27.29,5102
27.30,5101
27.32,5100
27.33,5099
27.34,5098
27.36,5097
27.37,5096
27.38,5095
27.40,5094
27.41,5093
27.42,5092
27.44,5091
27.45,5090
27.46,5089
27.48,5088
27.49,5087
27.50,5086
27.52,5085
27.53,5084
27.54,5083
27.56,5082
27.57,5081
27.58,5080
27.60,5079
27.61,5078
27.62,5077
27.64,5076
27.65,5075
27.66,5074
27.68,5073
27.69,5072
27.70,5071
27.72,5070
27.73,5069
27.74,5068
27.76,5067
27.77,5066
27.78,5065
27.80,5064
27.81,5063
27.82,5062
27.84,5061
27.85,5060
27.86,5059
27.88,5058
27.89,5057
27.90,5056
27.91,5055
27.93,5054
27.94,5053
27.95,5052
27.97,5051
27.98,5050
27.99,5049
28.01,5048
28.02,5047
28.03,5046
28.05,5045
28.06,5044
28.07,5043
28.09,5042
28.10,5041
28.11,5040
28.13,5039
28.14,5038
28.15,5037
28.17,5036
28.18,5035
28.20,5034
28.21,5033
28.22,5032
28.24,5031
28.25,5030
28.26,5029
28.28,5028
28.29,5027
28.30,5026
28.32,5025
28.33,5024
28.34,5023
28.36,5022
28.37,5021
28.38,5020
28.40,5019
28.41,5018
28.42,5017
28.43,5016
28.45,5015
28.46,5014
28.47,5013
28.49,5012
28.50,5011
28.51,5010
28.53,5009
28.54,5008
28.55,5007
28.57,5006
28.58,5005
28.59,5004
28.61,5003
28.62,5002
28.63,5001
28.65,5000
28.66,4999
28.67,4998
28.69,4997
28.70,4996
28.71,4995
28.72,4994
28.74,4993
28.75,4992
28.76,4991
28.78,4990
28.79,4989
28.80,4988
28.82,4987
28.83,4986
28.84,4985
28.86,4984
28.87,4983
28.88,4982
28.90,4981
28.91,4980
28.92,4979
28.93,4978
28.95,4977
28.96,4976
28.97,4975
28.99,4974
29.00,4973
29.01,4972
29.03,4971
29.04,4970
29.05,4969
29.07,4968
29.08,4967
29.09,4966
29.11,4965
29.12,4964
29.13,4963
29.15,4962
29.16,4961
29.17,4960
29.19,4959
29.20,4958
29.21,4957
29.23,4956
29.24,4955
29.25,4954
29.27,4953
29.28,4952
29.29,4951
29.31,4950
29.32,4949
29.33,4948
29.35,4947
29.36,4946
29.37,4945
29.39,4944
29.40,4943
29.41,4942
29.43,4941
29.44,4940
29.45,4939
29.46,4938
29.48,4937
29.49,4936
29.50,4935
29.52,4934
29.53,4933
29.54,4932
29.56,4931
29.57,4930
29.58,4929
29.60,4928
29.61,4927
29.62,4926
29.64,4925
29.65,4924
29.66,4923
29.68,4922
29.69,4921
29.70,4920
29.72,4919
29.73,4918
29.74,4917
29.75,4916
29.77,4915
29.78,4914
29.79,4913
29.81,4912
29.82,4911
29.83,4910
29.85,4909
29.86,4908
29.87,4907
29.89,4906
29.90,4905
29.91,4904
29.93,4903
29.94,4902
29.95,4901
29.96,4900
29.98,4899
29.99,4898
30.00,4897
30.02,4896
30.03,4895
30.04,4894
30.06,4893
30.07,4892
30.08,4891
30.09,4890
30.11,4889
30.12,4888
30.13,4887
30.15,4886
30.16,4885
30.17,4884
30.19,4883
30.20,4882
30.21,4881
30.22,4880
30.24,4879
30.31,4878
30.45,4877
