1.02,6794
1.14,6793
1.17,6792
1.20,6791
1.23,6790
1.25,6789
1.27,6788
1.29,6787
1.32,6786
1.34,6785
1.35,6784
1.37,6783
1.38,6782
1.40,6781
1.41,6780
1.43,6779
1.44,6778
1.46,6777
1.47,6776
1.49,6775
1.50,6774
1.52,6773
1.53,6772
1.55,6771
1.56,6770
1.58,6769
1.59,6768
1.60,6767
1.62,6766
1.63,6765
1.65,6764
1.66,6763
1.68,6762
1.69,6761
1.71,6760
1.72,6759
1.74,6758
1.75,6757
1.77,6756
1.78,6755
1.79,6754
1.81,6753
1.82,6752
1.84,6751
1.86,6750
1.87,6749
1.89,6748
1.90,6747
1.92,6746
1.94,6745
1.96,6744
1.97,6743
1.99,6742
2.00,6741
2.02,6740
2.03,6739
2.05,6738
2.06,6737
2.08,6736
2.09,6735
2.11,6734
2.12,6733
2.14,6732
2.15,6731
2.17,6730
2.18,6729
2.20,6728
2.21,6727
2.23,6726
2.24,6725
2.26,6724
2.27,6723
2.29,6722
2.30,6721
2.32,6720
2.33,6719
2.34,6718
2.36,6717
2.37,6716
2.39,6715
2.40,6714
2.42,6713
2.43,6712
2.45,6711
2.46,6710
2.48,6709
2.49,6708
2.51,6707
2.53,6706
2.54,6705
2.56,6704
2.57,6703
2.59,6702
2.60,6701
2.62,6700
2.63,6699
2.65,6698
2.66,6697
2.68,6696
2.70,6695
2.71,6694
2.73,6693
2.75,6692
2.77,6691
2.78,6690
2.80,6689
2.82,6688
2.83,6687
2.85,6686
2.87,6685
2.88,6684
2.90,6683
2.92,6682
2.93,6681
2.95,6680
2.97,6679
2.98,6678
3.00,6677
3.02,6676
3.03,6675
3.05,6674
3.07,6673
3.08,6672
3.10,6671
3.12,6670
3.14,6669
3.15,6668
3.17,6667
3.19,6666
3.20,6665
3.23,6664
3.25,6663
3.26,6662
3.28,6661
3.29,6660
3.31,6659
3.32,6658
3.34,6657
3.35,6656
3.37,6655
3.38,6654
3.40,6653
3.41,6652
3.43,6651
3.44,6650
3.46,6649
3.47,6648
3.49,6647
3.50,6646
3.52,6645
3.54,6644
3.55,6643
3.57,6642
3.58,6641
3.60,6640
3.61,6639
3.63,6638
3.64,6637
3.66,6636
3.67,6635
3.69,6634
3.70,6633
3.72,6632
3.73,6631
3.75,6630
3.76,6629
3.78,6628
3.79,6627
3.81,6626
3.82,6625
3.84,6624
3.85,6623
3.87,6622
3.88,6621
3.90,6620
3.91,6619
3.93,6618
3.94,6617
3.96,6616
3.97,6615
3.99,6614
4.00,6613
4.02,6612
4.03,6611
4.05,6610
4.06,6609
4.08,6608
4.09,6607
4.11,6606
4.12,6605
4.14,6604
4.15,6603
4.17,6602
4.18,6601
4.20,6600
4.21,6599
4.23,6598
4.24,6597
4.26,6596
4.27,6595
4.29,6594
4.30,6593
4.33,6592
4.34,6591
4.36,6590
4.37,6589
4.39,6588
4.40,6587
4.42,6586
4.44,6585
4.46,6584
4.47,6583
4.50,6582
4.51,6581
4.53,6580
4.54,6579
4.56,6578
4.57,6577
4.59,6576
4.60,6575
4.62,6574
4.63,6573
4.67,6572
4.69,6571
4.70,6570
4.72,6569
4.74,6568
4.75,6567
4.77,6566
4.78,6565
4.80,6564
4.81,6563
4.85,6562
4.86,6561
4.88,6560
4.89,6559
4.91,6558
4.92,6557
4.94,6556
4.95,6555
4.97,6554
4.98,6553
5.02,6552
5.03,6551
5.05,6550
5.07,6549
5.09,6548
5.10,6547
5.12,6546
5.13,6545
5.15,6544
5.16,6543
5.18,6542
5.20,6541
5.21,6540
5.23,6539
5.24,6538
5.26,6537
5.27,6536
5.30,6535
5.32,6534
5.33,6533
5.35,6532
5.36,6531
5.38,6530
5.39,6529
5.43,6528
5.45,6527
5.46,6526
5.48,6525
5.49,6524
5.51,6523
5.53,6522
5.54,6521
5.56,6520
5.57,6519
5.59,6518
5.60,6517
5.62,6516
5.63,6515
5.65,6514
5.66,6513
5.68,6512
5.69,6511
5.71,6510
5.72,6509
5.74,6508
5.75,6507
5.77,6506
5.78,6505
5.80,6504
5.81,6503
5.83,6502
5.84,6501
5.86,6500
5.87,6499
5.89,6498
5.91,6497
5.92,6496
5.94,6495
5.96,6494
5.97,6493
5.99,6492
6.01,6491
6.03,6490
6.08,6489
6.10,6488
6.12,6487
6.13,6486
6.16,6485
6.17,6484
6.20,6483
6.22,6482
6.23,6481
6.25,6480
6.27,6479
6.28,6478
6.30,6477
6.32,6476
6.33,6475
6.36,6474
6.40,6473
6.41,6472
6.43,6471
6.45,6470
6.47,6469
6.48,6468
6.50,6467
6.53,6466
6.55,6465
6.57,6464
6.59,6463
6.61,6462
6.62,6461
6.64,6460
6.66,6459
6.68,6458
6.69,6457
6.71,6456
6.73,6455
6.74,6454
6.76,6453
6.78,6452
6.79,6451
6.82,6450
6.83,6449
6.85,6448
6.87,6447
6.88,6446
6.90,6445
6.97,6444
6.99,6443
7.00,6442
7.02,6441
7.04,6440
7.05,6439
7.07,6438
7.11,6437
7.12,6436
7.14,6435
7.16,6434
7.20,6433
7.22,6432
7.25,6431
7.26,6430
7.28,6429
7.29,6428
7.31,6427
7.33,6426
7.34,6425
7.36,6424
7.38,6423
7.40,6422
7.41,6421
7.46,6420
7.47,6419
7.50,6418
7.51,6417
7.53,6416
7.60,6415
7.61,6414
7.64,6413
7.66,6412
7.70,6411
7.73,6410
7.79,6409
7.80,6408
7.82,6407
7.83,6406
7.86,6405
7.87,6404
7.90,6403
7.96,6402
7.98,6401
8.00,6400
8.01,6399
8.03,6398
8.04,6397
8.06,6396
8.07,6395
8.09,6394
8.10,6393
8.12,6392
8.13,6391
8.15,6390
8.16,6389
8.18,6388
8.20,6387
8.21,6386
8.23,6385
8.24,6384
8.26,6383
8.27,6382
8.29,6381
8.30,6380
8.32,6379
8.34,6378
8.35,6377
8.37,6376
8.39,6375
8.40,6374
8.42,6373
8.43,6372
8.45,6371
8.46,6370
8.48,6369
8.49,6368
8.51,6367
8.52,6366
8.54,6365
8.55,6364
8.57,6363
8.59,6362
8.60,6361
8.62,6360
8.63,6359
8.65,6358
8.66,6357
8.68,6356
8.69,6355
8.71,6354
8.72,6353
8.74,6352
8.75,6351
8.77,6350
8.78,6349
8.80,6348
8.81,6347
8.83,6346
8.85,6345
8.86,6344
8.88,6343
8.89,6342
8.91,6341
8.92,6340
8.94,6339
8.96,6338
8.99,6337
9.01,6336
9.02,6335
9.04,6334
9.05,6333
9.07,6332
9.08,6331
9.10,6330
9.11,6329
9.13,6328
9.14,6327
9.16,6326
9.17,6325
9.19,6324
9.20,6323
9.21,6322
9.23,6321
9.25,6320
9.26,6319
9.28,6318
9.29,6317
9.31,6316
9.32,6315
9.34,6314
9.35,6313
9.37,6312
9.38,6311
9.40,6310
9.42,6309
9.43,6308
9.45,6307
9.46,6306
9.48,6305
9.49,6304
9.51,6303
9.52,6302
9.54,6301
9.55,6300
9.57,6299
9.58,6298
9.61,6297
9.62,6296
9.64,6295
9.65,6294
9.67,6293
9.68,6292
9.70,6291
9.71,6290
9.73,6289
9.74,6288
9.76,6287
9.77,6286
9.79,6285
9.80,6284
9.82,6283
9.83,6282
9.85,6281
9.86,6280
9.88,6279
9.90,6278
9.91,6277
9.93,6276
9.94,6275
9.96,6274
9.97,6273
9.99,6272
10.00,6271
10.02,6270
10.04,6269
10.05,6268
10.07,6267
10.08,6266
10.10,6265
10.11,6264
10.13,6263
10.14,6262
10.16,6261
10.18,6260
10.20,6259
10.21,6258
10.23,6257
10.24,6256
10.26,6255
10.27,6254
10.29,6253
10.30,6252
10.32,6251
10.33,6250
10.35,6249
10.36,6248
10.38,6247
10.39,6246
10.41,6245
10.42,6244
10.44,6243
10.45,6242
10.47,6241
10.49,6240
10.50,6239
10.53,6238
10.55,6237
10.56,6236
10.58,6235
10.59,6234
10.61,6233
10.63,6232
10.64,6231
10.66,6230
10.67,6229
10.69,6228
10.70,6227
10.73,6226
10.74,6225
10.76,6224
10.77,6223
10.79,6222
10.80,6221
10.82,6220
10.83,6219
10.85,6218
10.87,6217
10.88,6216
10.90,6215
10.91,6214
10.93,6213
10.94,6212
10.96,6211
10.97,6210
10.99,6209
11.00,6208
11.02,6207
11.03,6206
11.05,6205
11.06,6204
11.08,6203
11.09,6202
11.11,6201
11.12,6200
11.14,6199
11.15,6198
11.17,6197
11.18,6196
11.20,6195
11.21,6194
11.23,6193
11.24,6192
11.26,6191
11.27,6190
11.29,6189
11.30,6188
11.32,6187
11.33,6186
11.35,6185
11.36,6184
11.37,6183
11.39,6182
11.40,6181
11.42,6180
11.43,6179
11.45,6178
11.46,6177
11.48,6176
11.49,6175
11.51,6174
11.52,6173
11.54,6172
11.55,6171
11.57,6170
11.58,6169
11.60,6168
11.62,6167
11.63,6166
11.65,6165
11.66,6164
11.68,6163
11.69,6162
11.71,6161
11.72,6160
11.74,6159
11.75,6158
11.77,6157
11.79,6156
11.80,6155
11.82,6154
11.83,6153
11.85,6152
11.86,6151
11.88,6150
11.89,6149
11.91,6148
11.92,6147
11.94,6146
11.95,6145
11.97,6144
11.98,6143
12.00,6142
12.01,6141
12.03,6140
12.04,6139
12.06,6138
12.08,6137
12.09,6136
12.11,6135
12.12,6134
12.14,6133
12.15,6132
12.17,6131
12.18,6130
12.20,6129
12.21,6128
12.24,6127
12.25,6126
12.27,6125
12.28,6124
12.30,6123
12.31,6122
12.33,6121
12.34,6120
12.36,6119
12.38,6118
12.39,6117
12.41,6116
12.42,6115
12.44,6114
12.45,6113
12.47,6112
12.48,6111
12.50,6110
12.52,6109
12.53,6108
12.55,6107
12.56,6106
12.58,6105
12.59,6104
12.61,6103
12.63,6102
12.64,6101
12.66,6100
12.68,6099
12.69,6098
12.71,6097
12.73,6096
12.74,6095
12.76,6094
12.78,6093
12.79,6092
12.81,6091
12.82,6090
12.84,6089
12.86,6088
12.88,6087
12.89,6086
12.91,6085
12.93,6084
12.94,6083
12.96,6082
12.98,6081
13.00,6080
13.02,6079
13.04,6078
13.05,6077
13.07,6076
13.09,6075
13.10,6074
13.12,6073
13.14,6072
13.15,6071
13.17,6070
13.19,6069
13.21,6068
13.22,6067
13.24,6066
13.26,6065
13.27,6064
13.29,6063
13.31,6062
13.33,6061
13.34,6060
13.36,6059
13.38,6058
13.39,6057
13.41,6056
13.43,6055
13.44,6054
13.46,6053
13.48,6052
13.50,6051
13.51,6050
13.53,6049
13.55,6048
13.56,6047
13.58,6046
13.60,6045
13.62,6044
13.63,6043
13.65,6042
13.67,6041
13.69,6040
13.70,6039
13.72,6038
13.74,6037
13.75,6036
13.77,6035
13.79,6034
13.81,6033
13.82,6032
13.84,6031
13.87,6030
13.88,6029
13.90,6028
13.92,6027
13.94,6026
13.95,6025
13.97,6024
13.99,6023
14.00,6022
14.02,6021
14.04,6020
14.06,6019
14.07,6018
14.09,6017
14.11,6016
14.12,6015
14.14,6014
14.16,6013
14.18,6012
14.19,6011
14.21,6010
14.23,6009
14.24,6008
14.26,6007
14.28,6006
14.30,6005
14.31,6004
14.33,6003
14.35,6002
14.37,6001
14.38,6000
14.40,5999
14.42,5998
14.43,5997
14.45,5996
14.47,5995
14.49,5994
14.50,5993
14.52,5992
14.54,5991
14.55,5990
14.57,5989
14.59,5988
14.61,5987
14.62,5986
14.64,5985
14.66,5984
14.67,5983
14.69,5982
14.71,5981
14.72,5980
14.74,5979
14.76,5978
14.77,5977
14.79,5976
14.81,5975
14.83,5974
14.84,5973
14.86,5972
14.88,5971
14.90,5970
14.91,5969
14.93,5968
14.95,5967
14.97,5966
14.98,5965
15.00,5964
15.02,5963
15.03,5962
15.05,5961
15.07,5960
15.09,5959
15.10,5958
15.12,5957
15.14,5956
15.16,5955
15.17,5954
15.19,5953
15.21,5952
15.23,5951
15.24,5950
15.26,5949
15.28,5948
15.30,5947
15.31,5946
15.33,5945
15.35,5944
15.36,5943
15.38,5942
15.40,5941
15.41,5940
15.43,5939
15.45,5938
15.47,5937
15.48,5936
15.50,5935
15.52,5934
15.54,5933
15.55,5932
15.57,5931
15.59,5930
15.61,5929
15.62,5928
15.64,5927
15.65,5926
15.67,5925
15.68,5924
15.70,5923
15.71,5922
15.73,5921
15.74,5920
15.76,5919
15.77,5918
15.79,5917
15.82,5916
15.83,5915
15.85,5914
15.86,5913
15.88,5912
15.90,5911
15.91,5910
15.93,5909
15.94,5908
15.96,5907
15.97,5906
15.99,5905
16.00,5904
16.02,5903
16.03,5902
16.05,5901
16.06,5900
16.08,5899
16.09,5898
16.11,5897
16.13,5896
16.14,5895
16.16,5894
16.17,5893
16.19,5892
16.20,5891
16.22,5890
16.23,5889
16.25,5888
16.26,5887
16.28,5886
16.29,5885
16.31,5884
16.33,5883
16.34,5882
16.36,5881
16.38,5880
16.39,5879
16.41,5878
16.42,5877
16.44,5876
16.45,5875
16.47,5874
16.48,5873
16.50,5872
16.52,5871
16.53,5870
16.55,5869
16.57,5868
16.59,5867
16.60,5866
16.62,5865
16.63,5864
16.65,5863
16.66,5862
16.68,5861
16.70,5860
16.71,5859
16.72,5858
16.74,5857
16.76,5856
16.77,5855
16.79,5854
16.80,5853
16.82,5852
16.83,5851
16.85,5850
16.86,5849
16.88,5848
16.89,5847
16.91,5846
16.94,5845
16.96,5844
16.97,5843
16.99,5842
17.00,5841
17.02,5840
17.03,5839
17.05,5838
17.06,5837
17.08,5836
17.09,5835
17.11,5834
17.13,5833
17.14,5832
17.16,5831
17.17,5830
17.19,5829
17.20,5828
17.22,5827
17.23,5826
17.25,5825
17.26,5824
17.28,5823
17.29,5822
17.31,5821
17.33,5820
17.34,5819
17.36,5818
17.37,5817
17.39,5816
17.40,5815
17.42,5814
17.43,5813
17.45,5812
17.46,5811
17.48,5810
17.49,5809
17.51,5808
17.52,5807
17.54,5806
17.56,5805
17.57,5804
17.59,5803
17.60,5802
17.62,5801
17.63,5800
17.65,5799
17.66,5798
17.70,5797
17.71,5796
17.73,5795
17.74,5794
17.76,5793
17.77,5792
17.79,5791
17.80,5790
17.82,5789
17.84,5788
17.86,5787
17.87,5786
17.89,5785
17.90,5784
17.92,5783
17.93,5782
17.95,5781
17.96,5780
17.98,5779
17.99,5778
18.01,5777
18.02,5776
18.04,5775
18.05,5774
18.07,5773
18.08,5772
18.10,5771
18.11,5770
18.13,5769
18.14,5768
18.16,5767
18.18,5766
18.19,5765
18.21,5764
18.22,5763
18.24,5762
18.25,5761
18.27,5760
18.29,5759
18.30,5758
18.32,5757
18.33,5756
18.35,5755
18.36,5754
18.38,5753
18.39,5752
18.41,5751
18.42,5750
18.44,5749
18.45,5748
18.47,5747
18.48,5746
18.50,5745
18.52,5744
18.53,5743
18.55,5742
18.56,5741
18.58,5740
18.59,5739
18.61,5738
18.62,5737
18.64,5736
18.65,5735
18.67,5734
18.68,5733
18.70,5732
18.72,5731
18.73,5730
18.75,5729
18.76,5728
18.78,5727
18.79,5726
18.81,5725
18.82,5724
18.84,5723
18.85,5722
18.87,5721
18.89,5720
18.90,5719
18.92,5718
18.93,5717
18.95,5716
18.96,5715
18.98,5714
18.99,5713
19.01,5712
19.03,5711
19.04,5710
19.06,5709
19.07,5708
19.09,5707
19.10,5706
19.12,5705
19.13,5704
19.15,5703
19.16,5702
19.18,5701
19.19,5700
19.21,5699
19.23,5698
19.24,5697
19.26,5696
19.27,5695
19.29,5694
19.30,5693
19.32,5692
19.34,5691
19.35,5690
19.37,5689
19.38,5688
19.40,5687
19.41,5686
19.43,5685
19.44,5684
19.46,5683
19.47,5682
19.49,5681
19.50,5680
19.52,5679
19.54,5678
19.55,5677
19.57,5676
19.58,5675
19.60,5674
19.61,5673
19.63,5672
19.64,5671
19.66,5670
19.67,5669
19.69,5668
19.71,5667
19.72,5666
19.74,5665
19.75,5664
19.77,5663
19.78,5662
19.80,5661
19.82,5660
19.83,5659
19.85,5658
19.86,5657
19.88,5656
19.89,5655
19.91,5654
19.92,5653
19.94,5652
19.95,5651
19.97,5650
19.98,5649
20.00,5648
20.01,5647
20.03,5646
20.05,5645
20.06,5644
20.08,5643
20.09,5642
20.11,5641
20.12,5640
20.14,5639
20.15,5638
20.17,5637
20.18,5636
20.20,5635
20.21,5634
20.23,5633
20.24,5632
20.26,5631
20.28,5630
20.29,5629
20.31,5628
20.32,5627
20.34,5626
20.35,5625
20.37,5624
20.38,5623
20.40,5622
20.42,5621
20.43,5620
20.45,5619
20.46,5618
20.48,5617
20.49,5616
20.51,5615
20.52,5614
20.54,5613
20.55,5612
20.57,5611
20.59,5610
20.60,5609
20.62,5608
20.63,5607
20.65,5606
20.66,5605
20.68,5604
20.69,5603
20.71,5602
20.72,5601
20.74,5600
20.75,5599
20.77,5598
20.78,5597
20.80,5596
20.81,5595
20.83,5594
20.84,5593
20.86,5592
20.87,5591
20.89,5590
20.90,5589
20.92,5588
20.93,5587
20.95,5586
20.96,5585
20.98,5584
20.99,5583
21.01,5582
21.02,5581
21.04,5580
21.05,5579
21.07,5578
21.08,5577
21.10,5576
21.11,5575
21.12,5574
21.14,5573
21.15,5572
21.17,5571
21.18,5570
21.20,5569
21.21,5568
21.23,5567
21.24,5566
21.26,5565
21.27,5564
21.29,5563
21.30,5562
21.32,5561
21.33,5560
21.35,5559
21.36,5558
21.38,5557
21.39,5556
21.41,5555
21.42,5554
21.44,5553
21.45,5552
21.47,5551
21.48,5550
21.50,5549
21.51,5548
21.53,5547
21.54,5546
21.56,5545
21.57,5544
21.59,5543
21.60,5542
21.62,5541
21.63,5540
21.65,5539
21.66,5538
21.67,5537
21.69,5536
21.71,5535
21.72,5534
21.74,5533
21.75,5532
21.76,5531
21.78,5530
21.79,5529
21.81,5528
21.82,5527
21.84,5526
21.85,5525
21.87,5524
21.88,5523
21.90,5522
21.91,5521
21.93,5520
21.94,5519
21.96,5518
21.97,5517
21.99,5516
22.00,5515
22.02,5514
22.03,5513
22.05,5512
22.06,5511
22.08,5510
22.09,5509
22.11,5508
22.12,5507
22.14,5506
22.15,5505
22.17,5504
22.18,5503
22.20,5502
22.21,5501
22.23,5500
22.24,5499
22.26,5498
22.27,5497
22.29,5496
22.30,5495
22.32,5494
22.33,5493
22.35,5492
22.36,5491
22.38,5490
22.39,5489
22.41,5488
22.42,5487
22.43,5486
22.45,5485
22.46,5484
22.48,5483
22.49,5482
22.51,5481
22.52,5480
22.54,5479
22.55,5478
22.57,5477
22.58,5476
22.60,5475
22.61,5474
22.63,5473
22.64,5472
22.66,5471
22.67,5470
22.69,5469
22.70,5468
22.72,5467
22.73,5466
22.75,5465
22.76,5464
22.78,5463
22.79,5462
22.81,5461
22.82,5460
22.84,5459
22.85,5458
22.87,5457
22.88,5456
22.90,5455
22.91,5454
22.93,5453
22.94,5452
22.96,5451
22.97,5450
22.99,5449
23.00,5448
23.02,5447
23.03,5446
23.05,5445
23.06,5444
23.08,5443
23.09,5442
23.11,5441
23.12,5440
23.14,5439
23.15,5438
23.17,5437
23.18,5436
23.20,5435
23.21,5434
23.23,5433
23.24,5432
23.25,5431
23.27,5430
23.29,5429
23.30,5428
23.32,5427
23.33,5426
23.35,5425
23.36,5424
23.38,5423
23.39,5422
23.40,5421
23.42,5420
23.43,5419
23.45,5418
23.46,5417
23.48,5416
23.49,5415
23.51,5414
23.52,5413
23.54,5412
23.55,5411
23.57,5410
23.58,5409
23.60,5408
23.61,5407
23.63,5406
23.64,5405
23.66,5404
23.67,5403
23.69,5402
23.70,5401
23.72,5400
23.73,5399
23.75,5398
23.76,5397
23.78,5396
23.79,5395
23.81,5394
23.82,5393
23.84,5392
23.85,5391
23.87,5390
23.88,5389
23.90,5388
23.91,5387
23.93,5386
23.94,5385
23.95,5384
23.97,5383
23.98,5382
24.00,5381
24.01,5380
24.03,5379
24.04,5378
24.06,5377
24.07,5376
24.09,5375
24.10,5374
24.12,5373
24.13,5372
24.15,5371
24.16,5370
24.18,5369
24.19,5368
24.21,5367
24.22,5366
24.24,5365
24.25,5364
24.27,5363
24.28,5362
24.30,5361
24.31,5360
24.33,5359
24.34,5358
24.36,5357
24.37,5356
24.39,5355
24.40,5354
24.42,5353
24.43,5352
24.45,5351
24.46,5350
24.47,5349
24.49,5348
24.51,5347
24.52,5346
24.53,5345
24.55,5344
24.56,5343
24.58,5342
24.59,5341
24.61,5340
24.62,5339
24.64,5338
24.65,5337
24.67,5336
24.68,5335
24.70,5334
24.71,5333
24.73,5332
24.74,5331
24.76,5330
24.77,5329
24.79,5328
24.80,5327
24.82,5326
24.83,5325
24.84,5324
24.86,5323
24.87,5322
24.89,5321
24.90,5320
24.92,5319
24.93,5318
24.95,5317
24.96,5316
24.98,5315
24.99,5314
25.01,5313
25.02,5312
25.04,5311
25.05,5310
25.07,5309
25.08,5308
25.10,5307
25.11,5306
25.13,5305
25.14,5304
25.16,5303
25.17,5302
25.19,5301
25.20,5300
25.21,5299
25.23,5298
25.24,5297
25.26,5296
25.27,5295
25.29,5294
25.30,5293
25.32,5292
25.33,5291
25.35,5290
25.36,5289
25.38,5288
25.39,5287
25.41,5286
25.42,5285
25.44,5284
25.45,5283
25.47,5282
25.48,5281
25.50,5280
25.51,5279
25.53,5278
25.54,5277
25.56,5276
25.57,5275
25.59,5274
25.60,5273
25.62,5272
25.63,5271
25.65,5270
25.66,5269
25.68,5268
25.69,5267
25.71,5266
25.72,5265
25.74,5264
25.75,5263
25.76,5262
25.78,5261
25.79,5260
25.81,5259
25.82,5258
25.84,5257
25.85,5256
25.86,5255
25.88,5254
25.89,5253
25.91,5252
25.92,5251
25.93,5250
25.95,5249
25.96,5248
25.98,5247
25.99,5246
26.01,5245
26.02,5244
26.03,5243
26.05,5242
26.06,5241
26.08,5240
26.09,5239
26.10,5238
26.12,5237
26.13,5236
26.15,5235
26.16,5234
26.17,5233
26.19,5232
26.20,5231
26.22,5230
26.23,5229
26.24,5228
26.26,5227
26.27,5226
26.29,5225
26.30,5224
26.32,5223
26.33,5222
26.35,5221
26.36,5220
26.38,5219
26.39,5218
26.41,5217
26.42,5216
26.44,5215
26.45,5214
26.47,5213
26.48,5212
26.49,5211
26.51,5210
26.52,5209
26.54,5208
26.55,5207
26.57,5206
26.58,5205
26.60,5204
26.61,5203
26.63,5202
26.64,5201
26.66,5200
26.67,5199
26.69,5198
26.70,5197
26.71,5196
26.73,5195
26.74,5194
26.76,5193
26.77,5192
26.79,5191
26.80,5190
26.82,5189
26.83,5188
26.85,5187
26.86,5186
26.87,5185
26.89,5184
26.90,5183
26.92,5182
26.93,5181
26.95,5180
26.96,5179
26.98,5178
26.99,5177
27.01,5176
27.02,5175
27.04,5174
27.05,5173
27.06,5172
27.08,5171
27.09,5170
27.11,5169
27.12,5168
27.14,5167
27.15,5166
27.17,5165
27.18,5164
27.20,5163
27.21,5162
27.22,5161
27.24,5160
27.25,5159
27.27,5158
27.28,5157
27.30,5156
27.31,5155
27.33,5154
27.34,5153
27.36,5152
27.37,5151
27.39,5150
27.40,5149
27.41,5148
27.43,5147
27.44,5146
27.46,5145
27.47,5144
27.49,5143
27.50,5142
27.52,5141
27.53,5140
27.55,5139
27.56,5138
27.57,5137
27.59,5136
27.60,5135
27.62,5134
27.63,5133
27.65,5132
27.66,5131
27.68,5130
27.69,5129
27.71,5128
27.72,5127
27.74,5126
27.75,5125
27.76,5124
27.78,5123
27.79,5122
27.81,5121
27.82,5120
27.84,5119
27.85,5118
27.87,5117
27.88,5116
27.90,5115
27.91,5114
27.92,5113
27.94,5112
27.95,5111
27.97,5110
27.98,5109
28.00,5108
28.01,5107
28.03,5106
28.04,5105
28.05,5104
28.07,5103
28.08,5102
28.10,5101
28.11,5100
28.13,5099
28.14,5098
28.15,5097
28.17,5096
28.18,5095
28.20,5094
28.21,5093
28.23,5092
28.24,5091
28.26,5090
28.27,5089
28.28,5088
28.30,5087
28.31,5086
28.33,5085
28.34,5084
28.36,5083
28.37,5082
28.39,5081
28.40,5080
28.41,5079
28.43,5078
28.44,5077
28.46,5076
28.47,5075
28.49,5074
28.50,5073
28.51,5072
28.53,5071
28.54,5070
28.56,5069
28.57,5068
28.59,5067
28.60,5066
28.62,5065
28.63,5064
28.64,5063
28.66,5062
28.67,5061
28.69,5060
28.70,5059
28.71,5058
28.73,5057
28.74,5056
28.76,5055
28.77,5054
28.79,5053
28.80,5052
28.81,5051
28.83,5050
28.84,5049
28.86,5048
28.87,5047
28.89,5046
28.90,5045
28.91,5044
28.93,5043
28.94,5042
28.96,5041
28.97,5040
28.99,5039
29.00,5038
29.01,5037
29.03,5036
29.04,5035
29.06,5034
29.07,5033
29.09,5032
29.10,5031
29.12,5030
29.13,5029
29.15,5028
29.16,5027
29.17,5026
29.19,5025
29.20,5024
29.22,5023
29.23,5022
29.24,5021
29.26,5020
29.27,5019
29.29,5018
29.30,5017
29.32,5016
29.33,5015
29.34,5014
29.36,5013
29.37,5012
29.39,5011
29.40,5010
29.42,5009
29.43,5008
29.45,5007
29.46,5006
29.47,5005
29.49,5004
29.50,5003
29.52,5002
29.53,5001
29.55,5000
29.56,4999
29.58,4998
29.59,4997
29.60,4996
29.62,4995
29.63,4994
29.65,4993
29.66,4992
29.68,4991
29.69,4990
29.71,4989
29.72,4988
29.73,4987
29.75,4986
29.76,4985
29.78,4984
29.79,4983
29.80,4982
29.82,4981
29.83,4980
29.85,4979
29.86,4978
29.88,4977
29.89,4976
29.90,4975
29.92,4974
29.93,4973
29.95,4972
29.96,4971
29.97,4970
29.99,4969
30.00,4968
30.02,4967
30.03,4966
30.04,4965
30.06,4964
30.07,4963
30.09,4962
30.10,4961
30.12,4960
30.13,4959
30.14,4958
30.16,4957
30.17,4956
30.19,4955
30.20,4954
30.22,4953
30.23,4952
30.24,4951
30.26,4950
30.27,4949
30.29,4948
30.30,4947
30.31,4946
30.33,4945
30.34,4944
30.36,4943
30.37,4942
30.39,4941
30.40,4940
30.41,4939
30.43,4938
30.44,4937
30.45,4936
30.47,4935
30.48,4934
30.50,4933
30.51,4932
30.53,4931
30.54,4930
30.55,4929
30.57,4928
30.58,4927
30.60,4926
30.61,4925
30.63,4924
30.64,4923
30.65,4922
30.67,4921
30.68,4920
30.70,4919
30.71,4918
30.72,4917
30.74,4916
30.75,4915
30.77,4914
30.78,4913
30.79,4912
30.81,4911
30.82,4910
30.84,4909
30.85,4908
30.87,4907
30.88,4906
30.89,4905
30.91,4904
30.92,4903
30.94,4902
30.95,4901
30.96,4900
30.98,4899
30.99,4898
31.00,4897
31.02,4896
31.03,4895
31.04,4894
31.06,4893
31.07,4892
31.09,4891
31.10,4890
31.11,4889
31.13,4888
31.18,4887
31.21,4886
31.53,4885
31.57,4884
31.76,4883
