1.14,6870
1.25,6869
1.28,6868
1.31,6867
1.33,6866
1.35,6865
1.37,6864
1.39,6863
1.41,6862
1.44,6861
1.45,6860
1.46,6859
1.48,6858
1.49,6857
1.50,6856
1.52,6855
1.53,6854
1.54,6853
1.56,6852
1.57,6851
1.59,6850
1.60,6849
1.61,6848
1.62,6847
1.64,6846
1.65,6845
1.66,6844
1.68,6843
1.69,6842
1.70,6841
1.71,6840
1.73,6839
1.74,6838
1.75,6837
1.77,6836
1.78,6835
1.79,6834
1.81,6833
1.82,6832
1.83,6831
1.85,6830
1.86,6829
1.88,6828
1.89,6827
1.90,6826
1.92,6825
1.93,6824
1.94,6823
1.96,6822
1.98,6821
2.00,6820
2.01,6819
2.03,6818
2.04,6817
2.05,6816
2.07,6815
2.08,6814
2.09,6813
2.11,6812
2.12,6811
2.13,6810
2.15,6809
2.16,6808
2.17,6807
2.19,6806
2.20,6805
2.21,6804
2.23,6803
2.24,6802
2.25,6801
2.27,6800
2.28,6799
2.30,6798
2.31,6797
2.32,6796
2.34,6795
2.35,6794
2.36,6793
2.38,6792
2.39,6791
2.40,6790
2.42,6789
2.43,6788
2.44,6787
2.46,6786
2.47,6785
2.48,6784
2.50,6783
2.51,6782
2.52,6781
2.54,6780
2.55,6779
2.56,6778
2.58,6777
2.59,6776
2.60,6775
2.62,6774
2.63,6773
2.65,6772
2.66,6771
2.68,6770
2.69,6769
2.71,6768
2.72,6767
2.74,6766
2.75,6765
2.77,6764
2.78,6763
2.80,6762
2.81,6761
2.83,6760
2.84,6759
2.86,6758
2.87,6757
2.89,6756
2.90,6755
2.92,6754
2.93,6753
2.95,6752
2.96,6751
2.98,6750
2.99,6749
3.01,6748
3.02,6747
3.04,6746
3.05,6745
3.07,6744
3.08,6743
3.10,6742
3.11,6741
3.13,6740
3.15,6739
3.17,6738
3.18,6737
3.19,6736
3.21,6735
3.22,6734
3.23,6733
3.25,6732
3.26,6731
3.27,6730
3.29,6729
3.30,6728
3.31,6727
3.33,6726
3.34,6725
3.35,6724
3.37,6723
3.38,6722
3.39,6721
3.41,6720
3.42,6719
3.43,6718
3.45,6717
3.46,6716
3.47,6715
3.49,6714
3.50,6713
3.51,6712
3.53,6711
3.54,6710
3.55,6709
3.57,6708
3.58,6707
3.59,6706
3.61,6705
3.62,6704
3.63,6703
3.65,6702
3.66,6701
3.67,6700
3.69,6699
3.70,6698
3.71,6697
3.73,6696
3.74,6695
3.75,6694
3.77,6693
3.78,6692
3.79,6691
3.81,6690
3.82,6689
3.83,6688
3.85,6687
3.86,6686
3.87,6685
3.89,6684
3.90,6683
3.91,6682
3.93,6681
3.94,6680
3.95,6679
3.97,6678
3.98,6677
3.99,6676
4.01,6675
4.02,6674
4.03,6673
4.05,6672
4.06,6671
4.07,6670
4.09,6669
4.10,6668
4.12,6667
4.13,6666
4.14,6665
4.16,6664
4.17,6663
4.18,6662
4.20,6661
4.21,6660
4.24,6659
4.25,6658
4.26,6657
4.28,6656
4.29,6655
4.30,6654
4.32,6653
4.33,6652
4.34,6651
4.36,6650
4.37,6649
4.38,6648
4.40,6647
4.41,6646
4.42,6645
4.44,6644
4.45,6643
4.46,6642
4.48,6641
4.50,6640
4.52,6639
4.54,6638
4.55,6637
4.56,6636
4.58,6635
4.59,6634
4.60,6633
4.62,6632
4.63,6631
4.65,6630
4.66,6629
4.69,6628
4.70,6627
4.71,6626
4.73,6625
4.74,6624
4.75,6623
4.77,6622
4.78,6621
4.79,6620
4.80,6619
4.82,6618
4.83,6617
4.84,6616
4.86,6615
4.87,6614
4.89,6613
4.90,6612
4.91,6611
4.93,6610
4.94,6609
4.95,6608
4.97,6607
4.98,6606
4.99,6605
5.01,6604
5.02,6603
5.03,6602
5.05,6601
5.06,6600
5.07,6599
5.09,6598
5.10,6597
5.11,6596
5.13,6595
5.14,6594
5.15,6593
5.16,6592
5.18,6591
5.19,6590
5.20,6589
5.22,6588
5.23,6587
5.24,6586
5.26,6585
5.27,6584
5.28,6583
5.30,6582
5.31,6581
5.32,6580
5.33,6579
5.37,6578
5.38,6577
5.39,6576
5.40,6575
5.42,6574
5.43,6573
5.44,6572
5.46,6571
5.47,6570
5.49,6569
5.51,6568
5.53,6567
5.54,6566
5.59,6565
5.60,6564
5.62,6563
5.65,6562
5.66,6561
5.68,6560
5.69,6559
5.71,6558
5.72,6557
5.74,6556
5.75,6555
5.77,6554
5.78,6553
5.80,6552
5.81,6551
5.82,6550
5.85,6549
5.86,6548
5.89,6547
5.90,6546
5.92,6545
5.95,6544
5.97,6543
5.98,6542
6.00,6541
6.01,6540
6.03,6539
6.04,6538
6.06,6537
6.07,6536
6.09,6535
6.10,6534
6.12,6533
6.13,6532
6.15,6531
6.16,6530
6.18,6529
6.25,6528
6.27,6527
6.28,6526
6.30,6525
6.31,6524
6.33,6523
6.34,6522
6.36,6521
6.37,6520
6.39,6519
6.41,6518
6.42,6517
6.44,6516
6.45,6515
6.47,6514
6.48,6513
6.50,6512
6.51,6511
6.53,6510
6.54,6509
6.56,6508
6.61,6507
6.64,6506
6.67,6505
6.68,6504
6.69,6503
6.71,6502
6.73,6501
6.74,6500
6.76,6499
6.77,6498
6.78,6497
6.80,6496
6.81,6495
6.82,6494
6.84,6493
6.85,6492
6.87,6491
6.89,6490
6.90,6489
6.91,6488
6.93,6487
6.94,6486
6.96,6485
6.97,6484
7.00,6483
7.02,6482
7.03,6481
7.05,6480
7.06,6479
7.08,6478
7.09,6477
7.10,6476
7.12,6475
7.13,6474
7.14,6473
7.16,6472
7.17,6471
7.18,6470
7.20,6469
7.21,6468
7.23,6467
7.33,6466
7.34,6465
7.37,6464
7.38,6463
7.39,6462
7.41,6461
7.42,6460
7.43,6459
7.45,6458
7.47,6457
7.49,6456
7.50,6455
7.52,6454
7.53,6453
7.54,6452
7.56,6451
7.57,6450
7.59,6449
7.60,6448
7.61,6447
7.63,6446
7.64,6445
7.65,6444
7.67,6443
7.68,6442
7.70,6441
7.71,6440
7.72,6439
7.74,6438
7.75,6437
7.77,6436
7.78,6435
7.79,6434
7.81,6433
7.82,6432
7.83,6431
7.85,6430
7.86,6429
7.88,6428
7.89,6427
7.90,6426
7.92,6425
7.93,6424
7.94,6423
7.96,6422
7.97,6421
7.98,6420
8.00,6419
8.01,6418
8.03,6417
8.04,6416
8.05,6415
8.07,6414
8.08,6413
8.09,6412
8.11,6411
8.12,6410
8.14,6409
8.15,6408
8.16,6407
8.18,6406
8.19,6405
8.20,6404
8.22,6403
8.23,6402
8.25,6401
8.26,6400
8.27,6399
8.29,6398
8.30,6397
8.31,6396
8.33,6395
8.34,6394
8.35,6393
8.37,6392
8.38,6391
8.40,6390
8.41,6389
8.42,6388
8.44,6387
8.45,6386
8.47,6385
8.48,6384
8.49,6383
8.51,6382
8.52,6381
8.54,6380
8.55,6379
8.56,6378
8.58,6377
8.59,6376
8.61,6375
8.62,6374
8.63,6373
8.65,6372
8.66,6371
8.68,6370
8.69,6369
8.71,6368
8.72,6367
8.73,6366
8.75,6365
8.76,6364
8.78,6363
8.79,6362
8.80,6361
8.82,6360
8.83,6359
8.85,6358
8.86,6357
8.87,6356
8.89,6355
8.90,6354
8.92,6353
8.93,6352
8.94,6351
8.96,6350
8.97,6349
8.98,6348
9.00,6347
9.01,6346
9.02,6345
9.04,6344
9.05,6343
9.07,6342
9.08,6341
9.09,6340
9.11,6339
9.12,6338
9.14,6337
9.16,6336
9.17,6335
9.18,6334
9.20,6333
9.21,6332
9.23,6331
9.24,6330
9.25,6329
9.27,6328
9.28,6327
9.30,6326
9.31,6325
9.32,6324
9.34,6323
9.35,6322
9.37,6321
9.38,6320
9.39,6319
9.41,6318
9.42,6317
9.43,6316
9.45,6315
9.46,6314
9.48,6313
9.49,6312
9.50,6311
9.52,6310
9.53,6309
9.54,6308
9.56,6307
9.57,6306
9.59,6305
9.60,6304
9.61,6303
9.63,6302
9.64,6301
9.66,6300
9.67,6299
9.68,6298
9.70,6297
9.71,6296
9.72,6295
9.74,6294
9.75,6293
9.76,6292
9.78,6291
9.79,6290
9.81,6289
9.82,6288
9.83,6287
9.85,6286
9.86,6285
9.87,6284
9.89,6283
9.90,6282
9.92,6281
9.93,6280
9.94,6279
9.96,6278
9.97,6277
9.98,6276
10.00,6275
10.01,6274
10.03,6273
10.04,6272
10.06,6271
10.07,6270
10.08,6269
10.10,6268
10.11,6267
10.12,6266
10.14,6265
10.15,6264
10.17,6263
10.18,6262
10.19,6261
10.21,6260
10.22,6259
10.24,6258
10.26,6257
10.27,6256
10.28,6255
10.30,6254
10.31,6253
10.32,6252
10.34,6251
10.35,6250
10.36,6249
10.38,6248
10.39,6247
10.40,6246
10.42,6245
10.43,6244
10.45,6243
10.46,6242
10.47,6241
10.49,6240
10.50,6239
10.52,6238
10.53,6237
10.54,6236
10.56,6235
10.57,6234
10.59,6233
10.60,6232
10.61,6231
10.63,6230
10.64,6229
10.65,6228
10.67,6227
10.68,6226
10.70,6225
10.71,6224
10.72,6223
10.74,6222
10.75,6221
10.76,6220
10.78,6219
10.79,6218
10.80,6217
10.82,6216
10.83,6215
10.85,6214
10.86,6213
10.87,6212
10.88,6211
10.90,6210
10.91,6209
10.93,6208
10.94,6207
10.95,6206
10.97,6205
10.98,6204
10.99,6203
11.01,6202
11.02,6201
11.04,6200
11.05,6199
11.06,6198
11.08,6197
11.09,6196
11.10,6195
11.12,6194
11.13,6193
11.15,6192
11.16,6191
11.17,6190
11.19,6189
11.20,6188
11.22,6187
11.23,6186
11.24,6185
11.25,6184
11.27,6183
11.28,6182
11.29,6181
11.31,6180
11.32,6179
11.33,6178
11.35,6177
11.36,6176
11.38,6175
11.39,6174
11.40,6173
11.42,6172
11.43,6171
11.44,6170
11.46,6169
11.47,6168
11.49,6167
11.50,6166
11.52,6165
11.53,6164
11.56,6163
11.57,6162
11.59,6161
11.60,6160
11.61,6159
11.63,6158
11.64,6157
11.66,6156
11.67,6155
11.69,6154
11.70,6153
11.72,6152
11.73,6151
11.75,6150
11.76,6149
11.78,6148
11.80,6147
11.81,6146
11.83,6145
11.84,6144
11.86,6143
11.87,6142
11.89,6141
11.90,6140
11.92,6139
11.93,6138
11.95,6137
11.96,6136
11.98,6135
11.99,6134
12.01,6133
12.03,6132
12.04,6131
12.06,6130
12.07,6129
12.09,6128
12.10,6127
12.12,6126
12.13,6125
12.15,6124
12.16,6123
12.18,6122
12.19,6121
12.21,6120
12.22,6119
12.24,6118
12.25,6117
12.27,6116
12.29,6115
12.30,6114
12.32,6113
12.33,6112
12.35,6111
12.36,6110
12.39,6109
12.40,6108
12.42,6107
12.43,6106
12.45,6105
12.47,6104
12.49,6103
12.50,6102
12.52,6101
12.53,6100
12.55,6099
12.56,6098
12.58,6097
12.60,6096
12.61,6095
12.63,6094
12.64,6093
12.66,6092
12.67,6091
12.69,6090
12.70,6089
12.72,6088
12.74,6087
12.75,6086
12.77,6085
12.78,6084
12.80,6083
12.81,6082
12.83,6081
12.84,6080
12.86,6079
12.87,6078
12.89,6077
12.90,6076
12.92,6075
12.94,6074
12.95,6073
12.97,6072
12.98,6071
13.00,6070
13.01,6069
13.03,6068
13.04,6067
13.06,6066
13.08,6065
13.09,6064
13.11,6063
13.12,6062
13.14,6061
13.15,6060
13.18,6059
13.19,6058
13.21,6057
13.22,6056
13.24,6055
13.25,6054
13.27,6053
13.29,6052
13.30,6051
13.32,6050
13.33,6049
13.35,6048
13.36,6047
13.38,6046
13.39,6045
13.41,6044
13.43,6043
13.44,6042
13.46,6041
13.47,6040
13.49,6039
13.50,6038
13.52,6037
13.53,6036
13.55,6035
13.57,6034
13.58,6033
13.60,6032
13.61,6031
13.63,6030
13.64,6029
13.66,6028
13.67,6027
13.69,6026
13.71,6025
13.72,6024
13.74,6023
13.75,6022
13.77,6021
13.78,6020
13.80,6019
13.81,6018
13.83,6017
13.84,6016
13.86,6015
13.87,6014
13.89,6013
13.91,6012
13.92,6011
13.94,6010
13.95,6009
13.97,6008
13.98,6007
14.00,6006
14.02,6005
14.03,6004
14.05,6003
14.06,6002
14.08,6001
14.09,6000
14.11,5999
14.12,5998
14.14,5997
14.15,5996
14.17,5995
14.19,5994
14.20,5993
14.21,5992
14.23,5991
14.24,5990
14.25,5989
14.28,5988
14.29,5987
14.30,5986
14.32,5985
14.33,5984
14.34,5983
14.36,5982
14.37,5981
14.38,5980
14.40,5979
14.41,5978
14.42,5977
14.44,5976
14.45,5975
14.47,5974
14.48,5973
14.49,5972
14.51,5971
14.52,5970
14.53,5969
14.55,5968
14.56,5967
14.58,5966
14.59,5965
14.60,5964
14.62,5963
14.63,5962
14.64,5961
14.66,5960
14.67,5959
14.68,5958
14.70,5957
14.71,5956
14.73,5955
14.74,5954
14.75,5953
14.77,5952
14.78,5951
14.79,5950
14.81,5949
14.82,5948
14.83,5947
14.85,5946
14.86,5945
14.88,5944
14.89,5943
14.90,5942
14.92,5941
14.94,5940
14.95,5939
14.96,5938
14.98,5937
14.99,5936
15.00,5935
15.02,5934
15.03,5933
15.05,5932
15.06,5931
15.07,5930
15.09,5929
15.10,5928
15.11,5927
15.13,5926
15.14,5925
15.15,5924
15.17,5923
15.18,5922
15.20,5921
15.21,5920
15.22,5919
15.24,5918
15.25,5917
15.27,5916
15.28,5915
15.29,5914
15.31,5913
15.32,5912
15.34,5911
15.35,5910
15.36,5909
15.38,5908
15.39,5907
15.40,5906
15.42,5905
15.44,5904
15.45,5903
15.46,5902
15.48,5901
15.49,5900
15.50,5899
15.52,5898
15.53,5897
15.55,5896
15.56,5895
15.57,5894
15.59,5893
15.60,5892
15.61,5891
15.63,5890
15.64,5889
15.66,5888
15.67,5887
15.68,5886
15.70,5885
15.71,5884
15.73,5883
15.74,5882
15.75,5881
15.77,5880
15.78,5879
15.79,5878
15.81,5877
15.82,5876
15.84,5875
15.85,5874
15.86,5873
15.88,5872
15.89,5871
15.90,5870
15.92,5869
15.93,5868
15.94,5867
15.96,5866
15.97,5865
15.98,5864
16.00,5863
16.01,5862
16.02,5861
16.04,5860
16.05,5859
16.07,5858
16.08,5857
16.10,5856
16.11,5855
16.13,5854
16.14,5853
16.15,5852
16.17,5851
16.18,5850
16.20,5849
16.21,5848
16.23,5847
16.24,5846
16.25,5845
16.27,5844
16.28,5843
16.29,5842
16.31,5841
16.32,5840
16.34,5839
16.35,5838
16.36,5837
16.38,5836
16.39,5835
16.40,5834
16.42,5833
16.43,5832
16.44,5831
16.46,5830
16.47,5829
16.49,5828
16.50,5827
16.51,5826
16.53,5825
16.54,5824
16.56,5823
16.57,5822
16.58,5821
16.60,5820
16.61,5819
16.63,5818
16.64,5817
16.66,5816
16.67,5815
16.68,5814
16.70,5813
16.71,5812
16.72,5811
16.74,5810
16.75,5809
16.77,5808
16.78,5807
16.79,5806
16.81,5805
16.82,5804
16.83,5803
16.85,5802
16.86,5801
16.87,5800
16.89,5799
16.90,5798
16.92,5797
16.93,5796
16.94,5795
16.96,5794
16.97,5793
16.98,5792
17.00,5791
17.01,5790
17.03,5789
17.04,5788
17.05,5787
17.07,5786
17.08,5785
17.09,5784
17.11,5783
17.12,5782
17.14,5781
17.15,5780
17.16,5779
17.18,5778
17.19,5777
17.20,5776
17.22,5775
17.23,5774
17.25,5773
17.26,5772
17.27,5771
17.29,5770
17.30,5769
17.32,5768
17.33,5767
17.34,5766
17.36,5765
17.38,5764
17.39,5763
17.41,5762
17.42,5761
17.43,5760
17.45,5759
17.46,5758
17.47,5757
17.49,5756
17.50,5755
17.52,5754
17.53,5753
17.54,5752
17.56,5751
17.57,5750
17.59,5749
17.60,5748
17.61,5747
17.63,5746
17.64,5745
17.66,5744
17.67,5743
17.68,5742
17.70,5741
17.71,5740
17.73,5739
17.74,5738
17.75,5737
17.77,5736
17.78,5735
17.79,5734
17.81,5733
17.82,5732
17.84,5731
17.85,5730
17.86,5729
17.88,5728
17.89,5727
17.91,5726
17.92,5725
17.93,5724
17.95,5723
17.96,5722
17.97,5721
17.99,5720
18.00,5719
18.02,5718
18.03,5717
18.04,5716
18.06,5715
18.07,5714
18.09,5713
18.10,5712
18.11,5711
18.13,5710
18.14,5709
18.16,5708
18.17,5707
18.18,5706
18.20,5705
18.21,5704
18.23,5703
18.24,5702
18.25,5701
18.27,5700
18.28,5699
18.29,5698
18.31,5697
18.32,5696
18.34,5695
18.35,5694
18.36,5693
18.38,5692
18.39,5691
18.41,5690
18.42,5689
18.43,5688
18.45,5687
18.46,5686
18.47,5685
18.49,5684
18.50,5683
18.52,5682
18.53,5681
18.54,5680
18.56,5679
18.57,5678
18.59,5677
18.60,5676
18.61,5675
18.63,5674
18.64,5673
18.65,5672
18.67,5671
18.68,5670
18.70,5669
18.71,5668
18.72,5667
18.74,5666
18.75,5665
18.77,5664
18.78,5663
18.79,5662
18.81,5661
18.82,5660
18.83,5659
18.85,5658
18.86,5657
18.88,5656
18.89,5655
18.90,5654
18.92,5653
18.93,5652
18.94,5651
18.96,5650
18.97,5649
18.99,5648
19.00,5647
19.01,5646
19.03,5645
19.04,5644
19.06,5643
19.07,5642
19.08,5641
19.10,5640
19.11,5639
19.13,5638
19.14,5637
19.15,5636
19.17,5635
19.18,5634
19.19,5633
19.21,5632
19.22,5631
19.24,5630
19.25,5629
19.26,5628
19.28,5627
19.29,5626
19.30,5625
19.32,5624
19.33,5623
19.34,5622
19.36,5621
19.37,5620
19.39,5619
19.40,5618
19.41,5617
19.43,5616
19.44,5615
19.45,5614
19.47,5613
19.48,5612
19.49,5611
19.51,5610
19.52,5609
19.53,5608
19.55,5607
19.56,5606
19.58,5605
19.59,5604
19.60,5603
19.62,5602
19.63,5601
19.64,5600
19.66,5599
19.67,5598
19.68,5597
19.70,5596
19.71,5595
19.72,5594
19.74,5593
19.75,5592
19.76,5591
19.78,5590
19.79,5589
19.81,5588
19.82,5587
19.83,5586
19.85,5585
19.86,5584
19.87,5583
19.89,5582
19.90,5581
19.92,5580
19.93,5579
19.94,5578
19.96,5577
19.97,5576
19.98,5575
20.00,5574
20.01,5573
20.02,5572
20.04,5571
20.05,5570
20.06,5569
20.08,5568
20.09,5567
20.11,5566
20.12,5565
20.13,5564
20.15,5563
20.16,5562
20.17,5561
20.19,5560
20.20,5559
20.21,5558
20.23,5557
20.24,5556
20.25,5555
20.27,5554
20.28,5553
20.30,5552
20.31,5551
20.32,5550
20.34,5549
20.35,5548
20.36,5547
20.38,5546
20.39,5545
20.40,5544
20.42,5543
20.43,5542
20.44,5541
20.46,5540
20.47,5539
20.48,5538
20.50,5537
20.51,5536
20.52,5535
20.54,5534
20.55,5533
20.56,5532
20.58,5531
20.59,5530
20.61,5529
20.62,5528
20.63,5527
20.65,5526
20.66,5525
20.67,5524
20.69,5523
20.70,5522
20.72,5521
20.73,5520
20.74,5519
20.76,5518
20.77,5517
20.78,5516
20.80,5515
20.81,5514
20.82,5513
20.84,5512
20.85,5511
20.86,5510
20.88,5509
20.89,5508
20.90,5507
20.92,5506
20.93,5505
20.94,5504
20.96,5503
20.97,5502
20.98,5501
21.00,5500
21.01,5499
21.02,5498
21.04,5497
21.05,5496
21.06,5495
21.08,5494
21.09,5493
21.10,5492
21.12,5491
21.13,5490
21.14,5489
21.16,5488
21.17,5487
21.18,5486
21.20,5485
21.21,5484
21.22,5483
21.24,5482
21.25,5481
21.26,5480
21.28,5479
21.29,5478
21.30,5477
21.32,5476
21.33,5475
21.34,5474
21.36,5473
21.37,5472
21.38,5471
21.40,5470
21.41,5469
21.42,5468
21.44,5467
21.45,5466
21.46,5465
21.48,5464
21.49,5463
21.50,5462
21.51,5461
21.53,5460
21.54,5459
21.55,5458
21.57,5457
21.58,5456
21.59,5455
21.61,5454
21.62,5453
21.64,5452
21.65,5451
21.66,5450
21.68,5449
21.69,5448
21.70,5447
21.72,5446
21.73,5445
21.74,5444
21.76,5443
21.77,5442
21.78,5441
21.80,5440
21.81,5439
21.82,5438
21.84,5437
21.85,5436
21.86,5435
21.88,5434
21.89,5433
21.90,5432
21.92,5431
21.93,5430
21.94,5429
21.96,5428
21.97,5427
21.98,5426
22.00,5425
22.01,5424
22.02,5423
22.04,5422
22.05,5421
22.06,5420
22.08,5419
22.09,5418
22.10,5417
22.12,5416
22.13,5415
22.14,5414
22.16,5413
22.17,5412
22.19,5411
22.20,5410
22.21,5409
22.23,5408
22.24,5407
22.25,5406
22.27,5405
22.28,5404
22.29,5403
22.31,5402
22.32,5401
22.33,5400
22.35,5399
22.36,5398
22.37,5397
22.39,5396
22.40,5395
22.41,5394
22.43,5393
22.44,5392
22.45,5391
22.47,5390
22.48,5389
22.49,5388
22.50,5387
22.52,5386
22.53,5385
22.54,5384
22.56,5383
22.57,5382
22.59,5381
22.60,5380
22.61,5379
22.62,5378
22.64,5377
22.65,5376
22.66,5375
22.68,5374
22.69,5373
22.70,5372
22.72,5371
22.73,5370
22.74,5369
22.76,5368
22.77,5367
22.78,5366
22.80,5365
22.81,5364
22.83,5363
22.84,5362
22.85,5361
22.86,5360
22.88,5359
22.89,5358
22.90,5357
22.92,5356
22.93,5355
22.94,5354
22.96,5353
22.97,5352
22.99,5351
23.00,5350
23.02,5349
23.03,5348
23.05,5347
23.06,5346
23.07,5345
23.09,5344
23.10,5343
23.11,5342
23.13,5341
23.14,5340
23.15,5339
23.17,5338
23.18,5337
23.19,5336
23.21,5335
23.22,5334
23.23,5333
23.25,5332
23.26,5331
23.27,5330
23.29,5329
23.30,5328
23.31,5327
23.33,5326
23.34,5325
23.35,5324
23.37,5323
23.38,5322
23.39,5321
23.41,5320
23.42,5319
23.43,5318
23.45,5317
23.46,5316
23.48,5315
23.49,5314
23.50,5313
23.52,5312
23.53,5311
23.54,5310
23.56,5309
23.57,5308
23.58,5307
23.60,5306
23.61,5305
23.62,5304
23.64,5303
23.65,5302
23.66,5301
23.68,5300
23.69,5299
23.70,5298
23.72,5297
23.73,5296
23.74,5295
23.76,5294
23.77,5293
23.78,5292
23.80,5291
23.81,5290
23.82,5289
23.84,5288
23.85,5287
23.86,5286
23.88,5285
23.89,5284
23.90,5283
23.91,5282
23.93,5281
23.94,5280
23.95,5279
23.97,5278
23.98,5277
23.99,5276
24.01,5275
24.02,5274
24.03,5273
24.05,5272
24.06,5271
24.07,5270
24.09,5269
24.10,5268
24.11,5267
24.12,5266
24.14,5265
24.15,5264
24.16,5263
24.18,5262
24.19,5261
24.20,5260
24.21,5259
24.23,5258
24.24,5257
24.25,5256
24.27,5255
24.28,5254
24.29,5253
24.31,5252
24.32,5251
24.33,5250
24.34,5249
24.36,5248
24.37,5247
24.38,5246
24.40,5245
24.41,5244
24.42,5243
24.44,5242
24.45,5241
24.46,5240
24.47,5239
24.49,5238
24.50,5237
24.51,5236
24.53,5235
24.54,5234
24.55,5233
24.57,5232
24.58,5231
24.59,5230
24.61,5229
24.62,5228
24.63,5227
24.64,5226
24.66,5225
24.67,5224
24.68,5223
24.70,5222
24.71,5221
24.72,5220
24.74,5219
24.75,5218
24.76,5217
24.77,5216
24.79,5215
24.80,5214
24.81,5213
24.83,5212
24.84,5211
24.85,5210
24.86,5209
24.88,5208
24.89,5207
24.90,5206
24.92,5205
24.93,5204
24.94,5203
24.96,5202
24.97,5201
24.98,5200
24.99,5199
25.01,5198
25.02,5197
25.03,5196
25.05,5195
25.06,5194
25.07,5193
25.08,5192
25.10,5191
25.11,5190
25.12,5189
25.14,5188
25.15,5187
25.16,5186
25.17,5185
25.19,5184
25.20,5183
25.21,5182
25.23,5181
25.24,5180
25.25,5179
25.26,5178
25.28,5177
25.29,5176
25.30,5175
25.32,5174
25.33,5173
25.34,5172
25.35,5171
25.37,5170
25.38,5169
25.39,5168
25.41,5167
25.42,5166
25.43,5165
25.44,5164
25.46,5163
25.47,5162
25.48,5161
25.50,5160
25.51,5159
25.52,5158
25.54,5157
25.55,5156
25.56,5155
25.57,5154
25.59,5153
25.60,5152
25.61,5151
25.63,5150
25.64,5149
25.65,5148
25.67,5147
25.68,5146
25.69,5145
25.70,5144
25.72,5143
25.73,5142
25.74,5141
25.76,5140
25.77,5139
25.78,5138
25.79,5137
25.81,5136
25.82,5135
25.83,5134
25.84,5133
25.86,5132
25.87,5131
25.88,5130
25.90,5129
25.91,5128
25.92,5127
25.93,5126
25.95,5125
25.96,5124
25.97,5123
25.99,5122
26.00,5121
26.01,5120
26.02,5119
26.04,5118
26.05,5117
26.06,5116
26.08,5115
26.09,5114
26.10,5113
26.11,5112
26.13,5111
26.14,5110
26.15,5109
26.17,5108
26.18,5107
26.19,5106
26.20,5105
26.22,5104
26.23,5103
26.24,5102
26.26,5101
26.27,5100
26.28,5099
26.29,5098
26.31,5097
26.32,5096
26.33,5095
26.34,5094
26.36,5093
26.37,5092
26.38,5091
26.40,5090
26.41,5089
26.42,5088
26.43,5087
26.45,5086
26.46,5085
26.47,5084
26.48,5083
26.50,5082
26.51,5081
26.52,5080
26.53,5079
26.55,5078
26.56,5077
26.57,5076
26.58,5075
26.60,5074
26.61,5073
26.62,5072
26.64,5071
26.65,5070
26.66,5069
26.67,5068
26.69,5067
26.70,5066
26.71,5065
26.73,5064
26.74,5063
26.75,5062
26.76,5061
26.78,5060
26.79,5059
26.80,5058
26.81,5057
26.83,5056
26.84,5055
26.85,5054
26.86,5053
26.88,5052
26.89,5051
26.90,5050
26.92,5049
26.93,5048
26.94,5047
26.95,5046
26.97,5045
26.98,5044
26.99,5043
27.00,5042
27.02,5041
27.03,5040
27.04,5039
27.06,5038
27.07,5037
27.08,5036
27.09,5035
27.11,5034
27.12,5033
27.13,5032
27.14,5031
27.16,5030
27.17,5029
27.18,5028
27.19,5027
27.21,5026
27.22,5025
27.23,5024
27.24,5023
27.26,5022
27.27,5021
27.28,5020
27.29,5019
27.31,5018
27.32,5017
27.33,5016
27.35,5015
27.36,5014
27.37,5013
27.38,5012
27.40,5011
27.41,5010
27.42,5009
27.43,5008
27.45,5007
27.46,5006
27.47,5005
27.48,5004
27.50,5003
27.51,5002
27.52,5001
27.53,5000
27.55,4999
27.56,4998
27.57,4997
27.58,4996
27.60,4995
27.61,4994
27.62,4993
27.63,4992
27.65,4991
27.66,4990
27.67,4989
27.69,4988
27.70,4987
27.71,4986
27.72,4985
27.74,4984
27.75,4983
27.76,4982
27.77,4981
27.79,4980
27.80,4979
27.81,4978
27.82,4977
27.84,4976
27.85,4975
27.86,4974
27.87,4973
27.89,4972
27.90,4971
27.91,4970
27.92,4969
27.94,4968
27.95,4967
27.96,4966
27.97,4965
27.99,4964
28.00,4963
28.01,4962
28.02,4961
28.04,4960
28.05,4959
28.06,4958
28.07,4957
28.09,4956
28.10,4955
28.11,4954
28.12,4953
28.14,4952
28.15,4951
28.16,4950
28.17,4949
28.19,4948
28.20,4947
28.21,4946
28.23,4945
28.24,4944
28.25,4943
28.26,4942
28.28,4941
28.29,4940
28.30,4939
28.31,4938
28.33,4937
28.34,4936
28.35,4935
28.36,4934
28.38,4933
28.39,4932
28.40,4931
28.41,4930
28.43,4929
28.44,4928
28.45,4927
28.46,4926
28.48,4925
28.49,4924
28.50,4923
28.51,4922
28.53,4921
28.54,4920
28.55,4919
28.56,4918
28.58,4917
28.59,4916
28.60,4915
28.62,4914
28.63,4913
28.64,4912
28.65,4911
28.67,4910
28.68,4909
28.69,4908
28.70,4907
28.72,4906
28.73,4905
28.74,4904
28.75,4903
28.77,4902
28.78,4901
28.79,4900
28.80,4899
28.82,4898
28.83,4897
28.84,4896
28.85,4895
28.87,4894
28.88,4893
28.89,4892
28.90,4891
28.91,4890
28.93,4889
28.94,4888
28.95,4887
28.97,4886
28.98,4885
28.99,4884
29.00,4883
29.01,4882
29.03,4881
29.04,4880
29.05,4879
29.06,4878
29.08,4877
29.09,4876
29.10,4875
29.11,4874
29.13,4873
29.14,4872
29.15,4871
29.16,4870
29.18,4869
29.19,4868
29.20,4867
29.21,4866
29.23,4865
29.24,4864
29.25,4863
29.45,4862
29.54,4861
29.74,4860
29.81,4859
