1.07,6906
1.19,6905
1.22,6904
1.24,6903
1.27,6902
1.29,6901
1.31,6900
1.33,6899
1.36,6898
1.38,6897
1.40,6896
1.42,6895
1.43,6894
1.45,6893
1.46,6892
1.47,6891
1.49,6890
1.50,6889
1.52,6888
1.53,6887
1.55,6886
1.57,6885
1.58,6884
1.60,6883
1.61,6882
1.63,6881
1.64,6880
1.66,6879
1.67,6878
1.69,6877
1.70,6876
1.72,6875
1.73,6874
1.75,6873
1.76,6872
1.78,6871
1.79,6870
1.81,6869
1.82,6868
1.84,6867
1.85,6866
1.87,6865
1.88,6864
1.90,6863
1.91,6862
1.93,6861
1.94,6860
1.96,6859
1.97,6858
2.00,6857
2.02,6856
2.03,6855
2.04,6854
2.06,6853
2.07,6852
2.09,6851
2.10,6850
2.12,6849
2.13,6848
2.14,6847
2.16,6846
2.17,6845
2.19,6844
2.20,6843
2.22,6842
2.23,6841
2.24,6840
2.26,6839
2.27,6838
2.29,6837
2.30,6836
2.31,6835
2.33,6834
2.34,6833
2.36,6832
2.37,6831
2.39,6830
2.40,6829
2.41,6828
2.43,6827
2.44,6826
2.46,6825
2.47,6824
2.49,6823
2.50,6822
2.52,6821
2.53,6820
2.55,6819
2.56,6818
2.58,6817
2.59,6816
2.61,6815
2.62,6814
2.64,6813
2.65,6812
2.67,6811
2.68,6810
2.70,6809
2.72,6808
2.73,6807
2.75,6806
2.77,6805
2.78,6804
2.80,6803
2.82,6802
2.83,6801
2.85,6800
2.87,6799
2.88,6798
2.90,6797
2.92,6796
2.94,6795
2.95,6794
2.97,6793
2.99,6792
3.00,6791
3.02,6790
3.04,6789
3.05,6788
3.07,6787
3.09,6786
3.11,6785
3.12,6784
3.14,6783
3.16,6782
3.17,6781
3.19,6780
3.21,6779
3.22,6778
3.26,6777
3.27,6776
3.29,6775
3.30,6774
3.32,6773
3.33,6772
3.35,6771
3.36,6770
3.38,6769
3.39,6768
3.41,6767
3.42,6766
3.44,6765
3.45,6764
3.47,6763
3.48,6762
3.50,6761
3.51,6760
3.53,6759
3.54,6758
3.56,6757
3.57,6756
3.58,6755
3.60,6754
3.61,6753
3.63,6752
3.64,6751
3.67,6750
3.68,6749
3.70,6748
3.72,6747
3.73,6746
3.75,6745
3.76,6744
3.78,6743
3.80,6742
3.81,6741
3.82,6740
3.84,6739
3.85,6738
3.87,6737
3.88,6736
3.90,6735
3.91,6734
3.93,6733
3.94,6732
3.96,6731
3.97,6730
3.99,6729
4.00,6728
4.02,6727
4.03,6726
4.05,6725
4.06,6724
4.08,6723
4.09,6722
4.11,6721
4.12,6720
4.14,6719
4.15,6718
4.16,6717
4.18,6716
4.19,6715
4.21,6714
4.22,6713
4.24,6712
4.26,6711
4.30,6710
4.31,6709
4.33,6708
4.34,6707
4.36,6706
4.37,6705
4.39,6704
4.41,6703
4.42,6702
4.44,6701
4.45,6700
4.47,6699
4.48,6698
4.51,6697
4.53,6696
4.54,6695
4.55,6694
4.57,6693
4.58,6692
4.60,6691
4.61,6690
4.63,6689
4.64,6688
4.66,6687
4.67,6686
4.69,6685
4.70,6684
4.72,6683
4.73,6682
4.75,6681
4.76,6680
4.78,6679
4.79,6678
4.80,6677
4.82,6676
4.83,6675
4.85,6674
4.86,6673
4.88,6672
4.89,6671
4.91,6670
4.92,6669
4.94,6668
4.95,6667
4.97,6666
4.98,6665
5.00,6664
5.01,6663
5.03,6662
5.04,6661
5.05,6660
5.07,6659
5.08,6658
5.10,6657
5.11,6656
5.13,6655
5.14,6654
5.16,6653
5.17,6652
5.19,6651
5.20,6650
5.22,6649
5.23,6648
5.24,6647
5.26,6646
5.27,6645
5.29,6644
5.31,6643
5.32,6642
5.34,6641
5.35,6640
5.36,6639
5.38,6638
5.39,6637
5.41,6636
5.42,6635
5.44,6634
5.45,6633
5.46,6632
5.48,6631
5.49,6630
5.51,6629
5.52,6628
5.53,6627
5.55,6626
5.56,6625
5.58,6624
5.59,6623
5.61,6622
5.62,6621
5.63,6620
5.65,6619
5.69,6618
5.71,6617
5.72,6616
5.74,6615
5.75,6614
5.78,6613
5.80,6612
5.81,6611
5.83,6610
5.84,6609
5.88,6608
5.92,6607
5.94,6606
5.96,6605
5.97,6604
5.99,6603
6.00,6602
6.02,6601
6.04,6600
6.06,6599
6.08,6598
6.09,6597
6.11,6596
6.13,6595
6.14,6594
6.19,6593
6.21,6592
6.22,6591
6.26,6590
6.27,6589
6.30,6588
6.31,6587
6.33,6586
6.35,6585
6.36,6584
6.39,6583
6.40,6582
6.45,6581
6.47,6580
6.48,6579
6.50,6578
6.52,6577
6.57,6576
6.60,6575
6.61,6574
6.63,6573
6.65,6572
6.66,6571
6.68,6570
6.70,6569
6.71,6568
6.73,6567
6.74,6566
6.76,6565
6.78,6564
6.79,6563
6.82,6562
6.83,6561
6.85,6560
6.87,6559
6.88,6558
6.90,6557
6.92,6556
6.93,6555
6.95,6554
6.97,6553
6.99,6552
7.01,6551
7.02,6550
7.04,6549
7.05,6548
7.07,6547
7.09,6546
7.10,6545
7.20,6544
7.21,6543
7.23,6542
7.24,6541
7.26,6540
7.27,6539
7.29,6538
7.30,6537
7.32,6536
7.35,6535
7.36,6534
7.38,6533
7.39,6532
7.41,6531
7.42,6530
7.44,6529
7.45,6528
7.47,6527
7.48,6526
7.50,6525
7.51,6524
7.53,6523
7.54,6522
7.56,6521
7.57,6520
7.59,6519
7.60,6518
7.62,6517
7.63,6516
7.65,6515
7.66,6514
7.68,6513
7.69,6512
7.73,6511
7.75,6510
7.76,6509
7.77,6508
7.79,6507
7.80,6506
7.82,6505
7.83,6504
7.85,6503
7.87,6502
7.89,6501
7.90,6500
7.92,6499
7.93,6498
7.95,6497
7.96,6496
7.98,6495
8.01,6494
8.02,6493
8.03,6492
8.05,6491
8.06,6490
8.08,6489
8.09,6488
8.11,6487
8.12,6486
8.14,6485
8.15,6484
8.17,6483
8.18,6482
8.19,6481
8.21,6480
8.22,6479
8.24,6478
8.25,6477
8.27,6476
8.28,6475
8.30,6474
8.31,6473
8.32,6472
8.34,6471
8.35,6470
8.37,6469
8.38,6468
8.40,6467
8.41,6466
8.43,6465
8.44,6464
8.46,6463
8.48,6462
8.49,6461
8.51,6460
8.52,6459
8.54,6458
8.55,6457
8.57,6456
8.58,6455
8.60,6454
8.61,6453
8.63,6452
8.64,6451
8.66,6450
8.67,6449
8.69,6448
8.70,6447
8.72,6446
8.74,6445
8.75,6444
8.77,6443
8.79,6442
8.80,6441
8.82,6440
8.83,6439
8.85,6438
8.86,6437
8.88,6436
8.89,6435
8.91,6434
8.92,6433
8.94,6432
8.95,6431
8.97,6430
8.98,6429
9.00,6428
9.01,6427
9.03,6426
9.05,6425
9.06,6424
9.08,6423
9.10,6422
9.11,6421
9.13,6420
9.14,6419
9.16,6418
9.17,6417
9.19,6416
9.21,6415
9.22,6414
9.24,6413
9.25,6412
9.27,6411
9.28,6410
9.30,6409
9.31,6408
9.33,6407
9.34,6406
9.36,6405
9.37,6404
9.39,6403
9.40,6402
9.42,6401
9.43,6400
9.45,6399
9.46,6398
9.48,6397
9.49,6396
9.51,6395
9.52,6394
9.54,6393
9.55,6392
9.57,6391
9.58,6390
9.60,6389
9.61,6388
9.63,6387
9.65,6386
9.66,6385
9.68,6384
9.69,6383
9.71,6382
9.72,6381
9.74,6380
9.76,6379
9.77,6378
9.79,6377
9.80,6376
9.82,6375
9.83,6374
9.85,6373
9.86,6372
9.88,6371
9.89,6370
9.91,6369
9.92,6368
9.93,6367
9.95,6366
9.96,6365
9.98,6364
9.99,6363
10.01,6362
10.03,6361
10.05,6360
10.06,6359
10.08,6358
10.09,6357
10.11,6356
10.12,6355
10.14,6354
10.16,6353
10.17,6352
10.19,6351
10.20,6350
10.22,6349
10.23,6348
10.25,6347
10.26,6346
10.28,6345
10.29,6344
10.31,6343
10.32,6342
10.34,6341
10.35,6340
10.37,6339
10.39,6338
10.40,6337
10.42,6336
10.43,6335
10.45,6334
10.46,6333
10.48,6332
10.49,6331
10.51,6330
10.52,6329
10.54,6328
10.55,6327
10.57,6326
10.58,6325
10.60,6324
10.61,6323
10.63,6322
10.65,6321
10.66,6320
10.68,6319
10.69,6318
10.71,6317
10.72,6316
10.74,6315
10.75,6314
10.77,6313
10.78,6312
10.80,6311
10.81,6310
10.83,6309
10.84,6308
10.86,6307
10.88,6306
10.89,6305
10.91,6304
10.92,6303
10.94,6302
10.95,6301
10.97,6300
10.98,6299
11.00,6298
11.01,6297
11.03,6296
11.04,6295
11.06,6294
11.07,6293
11.09,6292
11.10,6291
11.11,6290
11.13,6289
11.14,6288
11.16,6287
11.17,6286
11.19,6285
11.20,6284
11.22,6283
11.23,6282
11.25,6281
11.26,6280
11.27,6279
11.29,6278
11.30,6277
11.32,6276
11.33,6275
11.35,6274
11.36,6273
11.38,6272
11.39,6271
11.41,6270
11.42,6269
11.44,6268
11.45,6267
11.47,6266
11.48,6265
11.50,6264
11.53,6263
11.54,6262
11.56,6261
11.57,6260
11.59,6259
11.60,6258
11.62,6257
11.64,6256
11.65,6255
11.67,6254
11.68,6253
11.70,6252
11.71,6251
11.73,6250
11.75,6249
11.77,6248
11.79,6247
11.80,6246
11.82,6245
11.83,6244
11.86,6243
11.87,6242
11.89,6241
11.90,6240
11.91,6239
11.93,6238
11.95,6237
11.96,6236
11.98,6235
11.99,6234
12.01,6233
12.02,6232
12.04,6231
12.05,6230
12.07,6229
12.08,6228
12.10,6227
12.11,6226
12.13,6225
12.14,6224
12.16,6223
12.18,6222
12.19,6221
12.21,6220
12.22,6219
12.24,6218
12.25,6217
12.27,6216
12.28,6215
12.29,6214
12.31,6213
12.32,6212
12.34,6211
12.36,6210
12.37,6209
12.39,6208
12.40,6207
12.42,6206
12.44,6205
12.46,6204
12.47,6203
12.49,6202
12.51,6201
12.52,6200
12.54,6199
12.55,6198
12.57,6197
12.59,6196
12.60,6195
12.62,6194
12.64,6193
12.66,6192
12.68,6191
12.70,6190
12.72,6189
12.73,6188
12.75,6187
12.77,6186
12.78,6185
12.80,6184
12.82,6183
12.84,6182
12.85,6181
12.87,6180
12.89,6179
12.90,6178
12.92,6177
12.94,6176
12.96,6175
12.97,6174
12.99,6173
13.01,6172
13.02,6171
13.04,6170
13.06,6169
13.08,6168
13.09,6167
13.11,6166
13.13,6165
13.15,6164
13.16,6163
13.18,6162
13.20,6161
13.21,6160
13.23,6159
13.26,6158
13.27,6157
13.29,6156
13.30,6155
13.32,6154
13.34,6153
13.35,6152
13.37,6151
13.39,6150
13.41,6149
13.42,6148
13.44,6147
13.46,6146
13.47,6145
13.49,6144
13.51,6143
13.52,6142
13.54,6141
13.56,6140
13.58,6139
13.59,6138
13.61,6137
13.63,6136
13.64,6135
13.66,6134
13.67,6133
13.69,6132
13.71,6131
13.72,6130
13.74,6129
13.76,6128
13.78,6127
13.79,6126
13.81,6125
13.83,6124
13.84,6123
13.86,6122
13.88,6121
13.90,6120
13.91,6119
13.93,6118
13.95,6117
13.96,6116
13.98,6115
14.00,6114
14.01,6113
14.03,6112
14.05,6111
14.06,6110
14.08,6109
14.10,6108
14.11,6107
14.13,6106
14.15,6105
14.17,6104
14.18,6103
14.20,6102
14.22,6101
14.23,6100
14.25,6099
14.27,6098
14.28,6097
14.30,6096
14.32,6095
14.34,6094
14.35,6093
14.37,6092
14.39,6091
14.41,6090
14.42,6089
14.44,6088
14.46,6087
14.48,6086
14.49,6085
14.51,6084
14.53,6083
14.54,6082
14.56,6081
14.58,6080
14.59,6079
14.61,6078
14.63,6077
14.64,6076
14.66,6075
14.68,6074
14.70,6073
14.71,6072
14.73,6071
14.75,6070
14.76,6069
14.78,6068
14.80,6067
14.81,6066
14.83,6065
14.85,6064
14.86,6063
14.88,6062
14.90,6061
14.91,6060
14.93,6059
14.95,6058
14.97,6057
14.98,6056
15.00,6055
15.02,6054
15.03,6053
15.05,6052
15.07,6051
15.08,6050
15.10,6049
15.12,6048
15.14,6047
15.15,6046
15.17,6045
15.19,6044
15.20,6043
15.22,6042
15.24,6041
15.25,6040
15.27,6039
15.29,6038
15.30,6037
15.32,6036
15.34,6035
15.35,6034
15.37,6033
15.38,6032
15.40,6031
15.41,6030
15.43,6029
15.44,6028
15.46,6027
15.48,6026
15.49,6025
15.51,6024
15.52,6023
15.54,6022
15.55,6021
15.57,6020
15.58,6019
15.60,6018
15.61,6017
15.63,6016
15.64,6015
15.66,6014
15.67,6013
15.69,6012
15.70,6011
15.72,6010
15.73,6009
15.75,6008
15.76,6007
15.78,6006
15.79,6005
15.81,6004
15.82,6003
15.84,6002
15.86,6001
15.87,6000
15.89,5999
15.90,5998
15.92,5997
15.93,5996
15.95,5995
15.96,5994
15.98,5993
15.99,5992
16.01,5991
16.02,5990
16.04,5989
16.06,5988
16.08,5987
16.09,5986
16.11,5985
16.12,5984
16.14,5983
16.15,5982
16.17,5981
16.18,5980
16.20,5979
16.21,5978
16.23,5977
16.24,5976
16.25,5975
16.27,5974
16.28,5973
16.30,5972
16.31,5971
16.33,5970
16.34,5969
16.36,5968
16.37,5967
16.38,5966
16.40,5965
16.41,5964
16.43,5963
16.44,5962
16.46,5961
16.47,5960
16.49,5959
16.50,5958
16.52,5957
16.53,5956
16.55,5955
16.56,5954
16.58,5953
16.59,5952
16.60,5951
16.62,5950
16.63,5949
16.65,5948
16.66,5947
16.68,5946
16.69,5945
16.71,5944
16.72,5943
16.74,5942
16.75,5941
16.76,5940
16.78,5939
16.79,5938
16.81,5937
16.82,5936
16.84,5935
16.85,5934
16.87,5933
16.88,5932
16.90,5931
16.91,5930
16.93,5929
16.94,5928
16.96,5927
16.97,5926
16.99,5925
17.00,5924
17.01,5923
17.03,5922
17.04,5921
17.06,5920
17.07,5919
17.09,5918
17.10,5917
17.12,5916
17.13,5915
17.15,5914
17.16,5913
17.18,5912
17.19,5911
17.20,5910
17.22,5909
17.23,5908
17.25,5907
17.26,5906
17.28,5905
17.29,5904
17.31,5903
17.32,5902
17.34,5901
17.35,5900
17.37,5899
17.39,5898
17.40,5897
17.42,5896
17.43,5895
17.45,5894
17.46,5893
17.48,5892
17.49,5891
17.51,5890
17.52,5889
17.54,5888
17.55,5887
17.56,5886
17.58,5885
17.59,5884
17.61,5883
17.62,5882
17.64,5881
17.65,5880
17.67,5879
17.68,5878
17.70,5877
17.71,5876
17.73,5875
17.74,5874
17.76,5873
17.77,5872
17.79,5871
17.80,5870
17.82,5869
17.83,5868
17.84,5867
17.86,5866
17.87,5865
17.89,5864
17.90,5863
17.92,5862
17.93,5861
17.95,5860
17.96,5859
17.98,5858
17.99,5857
18.01,5856
18.02,5855
18.04,5854
18.05,5853
18.07,5852
18.08,5851
18.09,5850
18.11,5849
18.12,5848
18.14,5847
18.15,5846
18.17,5845
18.18,5844
18.20,5843
18.21,5842
18.23,5841
18.24,5840
18.26,5839
18.27,5838
18.28,5837
18.30,5836
18.31,5835
18.33,5834
18.34,5833
18.36,5832
18.37,5831
18.39,5830
18.40,5829
18.42,5828
18.43,5827
18.45,5826
18.46,5825
18.48,5824
18.49,5823
18.51,5822
18.53,5821
18.54,5820
18.56,5819
18.57,5818
18.59,5817
18.60,5816
18.62,5815
18.64,5814
18.65,5813
18.67,5812
18.68,5811
18.70,5810
18.71,5809
18.73,5808
18.74,5807
18.76,5806
18.77,5805
18.78,5804
18.80,5803
18.81,5802
18.83,5801
18.84,5800
18.86,5799
18.87,5798
18.89,5797
18.90,5796
18.92,5795
18.93,5794
18.95,5793
18.96,5792
18.98,5791
18.99,5790
19.01,5789
19.02,5788
19.04,5787
19.05,5786
19.07,5785
19.08,5784
19.10,5783
19.11,5782
19.13,5781
19.14,5780
19.16,5779
19.17,5778
19.19,5777
19.20,5776
19.22,5775
19.23,5774
19.25,5773
19.26,5772
19.28,5771
19.29,5770
19.31,5769
19.32,5768
19.33,5767
19.35,5766
19.36,5765
19.38,5764
19.39,5763
19.41,5762
19.42,5761
19.44,5760
19.45,5759
19.47,5758
19.48,5757
19.50,5756
19.51,5755
19.53,5754
19.54,5753
19.56,5752
19.57,5751
19.59,5750
19.60,5749
19.62,5748
19.63,5747
19.65,5746
19.66,5745
19.68,5744
19.69,5743
19.71,5742
19.72,5741
19.73,5740
19.75,5739
19.76,5738
19.78,5737
19.79,5736
19.81,5735
19.82,5734
19.84,5733
19.85,5732
19.87,5731
19.88,5730
19.90,5729
19.91,5728
19.93,5727
19.94,5726
19.96,5725
19.97,5724
19.99,5723
20.00,5722
20.02,5721
20.03,5720
20.04,5719
20.06,5718
20.07,5717
20.09,5716
20.10,5715
20.12,5714
20.13,5713
20.15,5712
20.16,5711
20.18,5710
20.19,5709
20.21,5708
20.22,5707
20.24,5706
20.25,5705
20.27,5704
20.28,5703
20.30,5702
20.31,5701
20.33,5700
20.34,5699
20.36,5698
20.37,5697
20.39,5696
20.40,5695
20.42,5694
20.43,5693
20.45,5692
20.46,5691
20.48,5690
20.49,5689
20.51,5688
20.52,5687
20.54,5686
20.55,5685
20.57,5684
20.58,5683
20.60,5682
20.61,5681
20.63,5680
20.64,5679
20.65,5678
20.67,5677
20.68,5676
20.70,5675
20.71,5674
20.73,5673
20.74,5672
20.76,5671
20.77,5670
20.79,5669
20.80,5668
20.82,5667
20.83,5666
20.85,5665
20.86,5664
20.88,5663
20.89,5662
20.91,5661
20.92,5660
20.94,5659
20.95,5658
20.97,5657
20.98,5656
21.00,5655
21.01,5654
21.03,5653
21.04,5652
21.06,5651
21.07,5650
21.09,5649
21.10,5648
21.12,5647
21.13,5646
21.15,5645
21.16,5644
21.18,5643
21.19,5642
21.21,5641
21.22,5640
21.24,5639
21.25,5638
21.27,5637
21.28,5636
21.30,5635
21.31,5634
21.33,5633
21.34,5632
21.36,5631
21.37,5630
21.39,5629
21.40,5628
21.42,5627
21.43,5626
21.45,5625
21.46,5624
21.48,5623
21.49,5622
21.51,5621
21.52,5620
21.54,5619
21.55,5618
21.57,5617
21.58,5616
21.60,5615
21.61,5614
21.63,5613
21.64,5612
21.66,5611
21.67,5610
21.69,5609
21.70,5608
21.72,5607
21.73,5606
21.75,5605
21.76,5604
21.78,5603
21.79,5602
21.81,5601
21.82,5600
21.84,5599
21.85,5598
21.87,5597
21.88,5596
21.90,5595
21.91,5594
21.93,5593
21.94,5592
21.96,5591
21.97,5590
21.99,5589
22.00,5588
22.02,5587
22.03,5586
22.05,5585
22.06,5584
22.08,5583
22.09,5582
22.11,5581
22.12,5580
22.14,5579
22.15,5578
22.17,5577
22.18,5576
22.20,5575
22.21,5574
22.23,5573
22.24,5572
22.26,5571
22.27,5570
22.29,5569
22.30,5568
22.32,5567
22.33,5566
22.35,5565
22.36,5564
22.38,5563
22.39,5562
22.40,5561
22.42,5560
22.43,5559
22.45,5558
22.46,5557
22.48,5556
22.49,5555
22.51,5554
22.52,5553
22.54,5552
22.55,5551
22.57,5550
22.58,5549
22.60,5548
22.61,5547
22.63,5546
22.64,5545
22.66,5544
22.67,5543
22.69,5542
22.70,5541
22.72,5540
22.73,5539
22.75,5538
22.76,5537
22.77,5536
22.79,5535
22.80,5534
22.82,5533
22.83,5532
22.85,5531
22.86,5530
22.88,5529
22.89,5528
22.91,5527
22.92,5526
22.94,5525
22.95,5524
22.97,5523
22.98,5522
22.99,5521
23.01,5520
23.02,5519
23.04,5518
23.05,5517
23.07,5516
23.08,5515
23.10,5514
23.11,5513
23.13,5512
23.14,5511
23.16,5510
23.17,5509
23.19,5508
23.20,5507
23.22,5506
23.23,5505
23.25,5504
23.26,5503
23.28,5502
23.29,5501
23.30,5500
23.32,5499
23.33,5498
23.35,5497
23.36,5496
23.38,5495
23.39,5494
23.41,5493
23.42,5492
23.44,5491
23.45,5490
23.47,5489
23.48,5488
23.50,5487
23.51,5486
23.53,5485
23.54,5484
23.56,5483
23.57,5482
23.59,5481
23.60,5480
23.62,5479
23.63,5478
23.64,5477
23.66,5476
23.67,5475
23.69,5474
23.70,5473
23.72,5472
23.73,5471
23.75,5470
23.76,5469
23.78,5468
23.79,5467
23.81,5466
23.82,5465
23.84,5464
23.85,5463
23.86,5462
23.88,5461
23.89,5460
23.91,5459
23.93,5458
23.94,5457
23.95,5456
23.97,5455
23.98,5454
24.00,5453
24.01,5452
24.03,5451
24.04,5450
24.06,5449
24.07,5448
24.09,5447
24.10,5446
24.12,5445
24.13,5444
24.15,5443
24.16,5442
24.18,5441
24.19,5440
24.21,5439
24.22,5438
24.24,5437
24.25,5436
24.26,5435
24.28,5434
24.29,5433
24.31,5432
24.32,5431
24.34,5430
24.35,5429
24.37,5428
24.38,5427
24.40,5426
24.41,5425
24.43,5424
24.44,5423
24.46,5422
24.47,5421
24.49,5420
24.50,5419
24.51,5418
24.53,5417
24.54,5416
24.56,5415
24.57,5414
24.59,5413
24.60,5412
24.62,5411
24.63,5410
24.65,5409
24.66,5408
24.68,5407
24.69,5406
24.70,5405
24.72,5404
24.73,5403
24.75,5402
24.76,5401
24.78,5400
24.79,5399
24.81,5398
24.82,5397
24.84,5396
24.85,5395
24.87,5394
24.88,5393
24.89,5392
24.91,5391
24.92,5390
24.94,5389
24.95,5388
24.97,5387
24.98,5386
25.00,5385
25.01,5384
25.03,5383
25.04,5382
25.06,5381
25.07,5380
25.09,5379
25.10,5378
25.12,5377
25.13,5376
25.15,5375
25.16,5374
25.17,5373
25.19,5372
25.20,5371
25.22,5370
25.23,5369
25.25,5368
25.26,5367
25.28,5366
25.29,5365
25.31,5364
25.32,5363
25.34,5362
25.35,5361
25.37,5360
25.38,5359
25.39,5358
25.41,5357
25.42,5356
25.44,5355
25.45,5354
25.47,5353
25.48,5352
25.50,5351
25.51,5350
25.53,5349
25.54,5348
25.55,5347
25.57,5346
25.58,5345
25.60,5344
25.61,5343
25.63,5342
25.64,5341
25.66,5340
25.67,5339
25.69,5338
25.70,5337
25.72,5336
25.73,5335
25.75,5334
25.76,5333
25.78,5332
25.79,5331
25.80,5330
25.82,5329
25.83,5328
25.85,5327
25.86,5326
25.88,5325
25.89,5324
25.91,5323
25.92,5322
25.94,5321
25.95,5320
25.96,5319
25.98,5318
25.99,5317
26.01,5316
26.02,5315
26.04,5314
26.05,5313
26.07,5312
26.08,5311
26.09,5310
26.11,5309
26.12,5308
26.14,5307
26.15,5306
26.17,5305
26.18,5304
26.20,5303
26.21,5302
26.22,5301
26.24,5300
26.25,5299
26.27,5298
26.28,5297
26.30,5296
26.31,5295
26.33,5294
26.34,5293
26.36,5292
26.37,5291
26.38,5290
26.40,5289
26.41,5288
26.43,5287
26.44,5286
26.46,5285
26.47,5284
26.49,5283
26.50,5282
26.52,5281
26.53,5280
26.54,5279
26.56,5278
26.57,5277
26.59,5276
26.60,5275
26.62,5274
26.63,5273
26.65,5272
26.66,5271
26.67,5270
26.69,5269
26.70,5268
26.72,5267
26.73,5266
26.75,5265
26.76,5264
26.78,5263
26.79,5262
26.80,5261
26.82,5260
26.83,5259
26.85,5258
26.86,5257
26.88,5256
26.89,5255
26.91,5254
26.92,5253
26.93,5252
26.95,5251
26.96,5250
26.98,5249
26.99,5248
27.01,5247
27.02,5246
27.03,5245
27.05,5244
27.06,5243
27.08,5242
27.09,5241
27.10,5240
27.12,5239
27.13,5238
27.15,5237
27.16,5236
27.17,5235
27.19,5234
27.20,5233
27.22,5232
27.23,5231
27.24,5230
27.26,5229
27.27,5228
27.28,5227
27.30,5226
27.31,5225
27.33,5224
27.34,5223
27.35,5222
27.37,5221
27.38,5220
27.39,5219
27.41,5218
27.42,5217
27.44,5216
27.45,5215
27.46,5214
27.48,5213
27.49,5212
27.50,5211
27.52,5210
27.53,5209
27.55,5208
27.56,5207
27.57,5206
27.59,5205
27.60,5204
27.62,5203
27.63,5202
27.64,5201
27.66,5200
27.67,5199
27.69,5198
27.70,5197
27.72,5196
27.73,5195
27.74,5194
27.76,5193
27.77,5192
27.79,5191
27.80,5190
27.82,5189
27.83,5188
27.84,5187
27.86,5186
27.87,5185
27.89,5184
27.90,5183
27.92,5182
27.93,5181
27.94,5180
27.96,5179
27.97,5178
27.99,5177
28.00,5176
28.01,5175
28.03,5174
28.04,5173
28.06,5172
28.07,5171
28.08,5170
28.10,5169
28.11,5168
28.13,5167
28.14,5166
28.16,5165
28.17,5164
28.18,5163
28.20,5162
28.21,5161
28.23,5160
28.24,5159
28.25,5158
28.27,5157
28.28,5156
28.30,5155
28.31,5154
28.33,5153
28.34,5152
28.35,5151
28.37,5150
28.38,5149
28.40,5148
28.41,5147
28.42,5146
28.44,5145
28.45,5144
28.47,5143
28.48,5142
28.50,5141
28.51,5140
28.52,5139
28.54,5138
28.55,5137
28.57,5136
28.58,5135
28.59,5134
28.61,5133
28.62,5132
28.64,5131
28.65,5130
28.66,5129
28.68,5128
28.69,5127
28.71,5126
28.72,5125
28.73,5124
28.75,5123
28.76,5122
28.78,5121
28.79,5120
28.80,5119
28.82,5118
28.83,5117
28.85,5116
28.86,5115
28.87,5114
28.89,5113
28.90,5112
28.92,5111
28.93,5110
28.94,5109
28.96,5108
28.97,5107
28.98,5106
29.00,5105
29.01,5104
29.03,5103
29.04,5102
29.05,5101
29.07,5100
29.08,5099
29.10,5098
29.11,5097
29.12,5096
29.14,5095
29.15,5094
29.17,5093
29.18,5092
29.20,5091
29.21,5090
29.22,5089
29.24,5088
29.25,5087
29.27,5086
29.28,5085
29.29,5084
29.31,5083
29.32,5082
29.34,5081
29.35,5080
29.36,5079
29.38,5078
29.39,5077
29.41,5076
29.42,5075
29.44,5074
29.45,5073
29.46,5072
29.48,5071
29.49,5070
29.51,5069
29.52,5068
29.53,5067
29.55,5066
29.56,5065
29.58,5064
29.59,5063
29.61,5062
29.62,5061
29.63,5060
29.65,5059
29.66,5058
29.68,5057
29.69,5056
29.70,5055
29.72,5054
29.73,5053
29.75,5052
29.76,5051
29.77,5050
29.79,5049
29.80,5048
29.82,5047
29.83,5046
29.85,5045
29.86,5044
29.87,5043
29.89,5042
29.90,5041
29.92,5040
29.93,5039
29.94,5038
29.96,5037
29.97,5036
29.99,5035
30.00,5034
30.01,5033
30.03,5032
30.04,5031
30.05,5030
30.07,5029
30.08,5028
30.10,5027
30.11,5026
30.12,5025
30.14,5024
30.15,5023
30.17,5022
30.18,5021
30.19,5020
30.21,5019
30.22,5018
30.24,5017
30.25,5016
30.26,5015
30.28,5014
30.29,5013
30.31,5012
30.32,5011
30.33,5010
30.35,5009
30.36,5008
30.38,5007
30.39,5006
30.40,5005
30.42,5004
30.43,5003
30.45,5002
30.46,5001
30.47,5000
30.49,4999
30.50,4998
30.52,4997
30.53,4996
30.54,4995
30.56,4994
30.57,4993
30.59,4992
30.60,4991
30.61,4990
30.63,4989
30.64,4988
30.66,4987
30.67,4986
30.68,4985
30.70,4984
30.71,4983
30.73,4982
30.74,4981
30.75,4980
30.77,4979
30.78,4978
30.79,4977
30.81,4976
30.82,4975
30.84,4974
30.85,4973
30.86,4972
30.88,4971
30.89,4970
30.91,4969
30.92,4968
30.93,4967
30.95,4966
30.96,4965
30.97,4964
30.99,4963
31.00,4962
31.01,4961
31.03,4960
31.04,4959
31.06,4958
31.07,4957
31.08,4956
31.10,4955
31.11,4954
31.13,4953
31.14,4952
31.15,4951
31.17,4950
31.18,4949
31.20,4948
31.21,4947
31.22,4946
31.24,4945
31.25,4944
31.27,4943
31.28,4942
31.29,4941
31.31,4940
31.32,4939
31.33,4938
31.35,4937
31.36,4936
31.38,4935
31.39,4934
31.40,4933
31.42,4932
31.43,4931
31.45,4930
31.46,4929
31.47,4928
31.49,4927
31.50,4926
31.52,4925
31.53,4924
31.54,4923
31.56,4922
31.57,4921
31.58,4920
31.60,4919
31.61,4918
31.63,4917
31.64,4916
31.65,4915
31.67,4914
31.68,4913
31.70,4912
31.71,4911
31.72,4910
31.74,4909
31.75,4908
31.77,4907
31.78,4906
31.79,4905
31.81,4904
31.82,4903
31.84,4902
31.85,4901
31.86,4900
31.88,4899
31.89,4898
31.90,4897
31.92,4896
31.93,4895
31.94,4894
31.96,4893
31.97,4892
31.99,4891
32.00,4890
32.01,4889
32.03,4888
32.04,4887
32.06,4886
32.07,4885
32.08,4884
32.10,4883
32.11,4882
32.12,4881
32.14,4880
32.15,4879
32.17,4878
32.18,4877
32.19,4876
32.21,4875
32.22,4874
32.24,4873
32.25,4872
32.26,4871
32.28,4870
32.29,4869
32.30,4868
32.32,4867
32.33,4866
32.35,4865
32.36,4864
32.37,4863
32.39,4862
32.40,4861
32.42,4860
32.43,4859
32.44,4858
32.46,4857
32.47,4856
32.49,4855
32.58,4854
32.73,4853
