1.05,6840
1.16,6839
1.19,6838
1.21,6837
1.24,6836
1.26,6835
1.28,6834
1.30,6833
1.33,6832
1.35,6831
1.36,6830
1.37,6829
1.39,6828
1.40,6827
1.42,6826
1.43,6825
1.44,6824
1.46,6823
1.47,6822
1.49,6821
1.50,6820
1.52,6819
1.53,6818
1.54,6817
1.56,6816
1.57,6815
1.59,6814
1.60,6813
1.61,6812
1.63,6811
1.64,6810
1.66,6809
1.67,6808
1.68,6807
1.70,6806
1.71,6805
1.73,6804
1.74,6803
1.75,6802
1.77,6801
1.78,6800
1.80,6799
1.81,6798
1.82,6797
1.84,6796
1.85,6795
1.87,6794
1.88,6793
1.91,6792
1.92,6791
1.94,6790
1.95,6789
1.96,6788
1.98,6787
1.99,6786
2.00,6785
2.02,6784
2.03,6783
2.05,6782
2.06,6781
2.07,6780
2.09,6779
2.10,6778
2.11,6777
2.13,6776
2.14,6775
2.16,6774
2.17,6773
2.18,6772
2.20,6771
2.21,6770
2.22,6769
2.24,6768
2.25,6767
2.26,6766
2.28,6765
2.29,6764
2.31,6763
2.32,6762
2.33,6761
2.35,6760
2.36,6759
2.37,6758
2.39,6757
2.40,6756
2.42,6755
2.43,6754
2.44,6753
2.46,6752
2.47,6751
2.49,6750
2.50,6749
2.51,6748
2.53,6747
2.54,6746
2.56,6745
2.57,6744
2.58,6743
2.60,6742
2.62,6741
2.63,6740
2.65,6739
2.66,6738
2.68,6737
2.70,6736
2.71,6735
2.73,6734
2.74,6733
2.76,6732
2.77,6731
2.79,6730
2.80,6729
2.82,6728
2.83,6727
2.85,6726
2.87,6725
2.88,6724
2.90,6723
2.91,6722
2.93,6721
2.94,6720
2.96,6719
2.97,6718
2.99,6717
3.01,6716
3.02,6715
3.04,6714
3.05,6713
3.08,6712
3.09,6711
3.11,6710
3.12,6709
3.14,6708
3.15,6707
3.16,6706
3.18,6705
3.19,6704
3.20,6703
3.22,6702
3.23,6701
3.25,6700
3.26,6699
3.27,6698
3.29,6697
3.30,6696
3.31,6695
3.33,6694
3.34,6693
3.35,6692
3.37,6691
3.38,6690
3.39,6689
3.41,6688
3.42,6687
3.44,6686
3.45,6685
3.46,6684
3.48,6683
3.49,6682
3.50,6681
3.52,6680
3.53,6679
3.54,6678
3.56,6677
3.57,6676
3.58,6675
3.60,6674
3.61,6673
3.62,6672
3.64,6671
3.65,6670
3.67,6669
3.68,6668
3.69,6667
3.71,6666
3.72,6665
3.73,6664
3.75,6663
3.76,6662
3.78,6661
3.79,6660
3.80,6659
3.82,6658
3.83,6657
3.85,6656
3.86,6655
3.87,6654
3.89,6653
3.90,6652
3.92,6651
3.93,6650
3.94,6649
3.96,6648
3.97,6647
3.98,6646
4.00,6645
4.01,6644
4.03,6643
4.04,6642
4.06,6641
4.07,6640
4.08,6639
4.10,6638
4.11,6637
4.12,6636
4.14,6635
4.15,6634
4.17,6633
4.19,6632
4.21,6631
4.22,6630
4.23,6629
4.25,6628
4.26,6627
4.27,6626
4.29,6625
4.30,6624
4.32,6623
4.34,6622
4.35,6621
4.37,6620
4.38,6619
4.39,6618
4.41,6617
4.42,6616
4.44,6615
4.45,6614
4.46,6613
4.48,6612
4.50,6611
4.51,6610
4.53,6609
4.54,6608
4.56,6607
4.57,6606
4.59,6605
4.60,6604
4.61,6603
4.63,6602
4.64,6601
4.65,6600
4.68,6599
4.69,6598
4.71,6597
4.72,6596
4.74,6595
4.75,6594
4.76,6593
4.77,6592
4.79,6591
4.80,6590
4.83,6589
4.84,6588
4.85,6587
4.87,6586
4.88,6585
4.89,6584
4.91,6583
4.92,6582
4.93,6581
4.95,6580
4.96,6579
4.97,6578
4.99,6577
5.00,6576
5.01,6575
5.03,6574
5.04,6573
5.05,6572
5.07,6571
5.08,6570
5.09,6569
5.11,6568
5.12,6567
5.13,6566
5.14,6565
5.16,6564
5.17,6563
5.18,6562
5.20,6561
5.21,6560
5.22,6559
5.24,6558
5.25,6557
5.26,6556
5.28,6555
5.29,6554
5.31,6553
5.32,6552
5.33,6551
5.35,6550
5.36,6549
5.38,6548
5.39,6547
5.40,6546
5.42,6545
5.43,6544
5.45,6543
5.46,6542
5.48,6541
5.50,6540
5.51,6539
5.53,6538
5.54,6537
5.56,6536
5.58,6535
5.59,6534
5.61,6533
5.63,6532
5.64,6531
5.66,6530
5.67,6529
5.69,6528
5.70,6527
5.72,6526
5.74,6525
5.76,6524
5.77,6523
5.79,6522
5.80,6521
5.81,6520
5.83,6519
5.84,6518
5.90,6517
5.91,6516
5.93,6515
5.94,6514
5.97,6513
5.98,6512
6.00,6511
6.01,6510
6.03,6509
6.04,6508
6.06,6507
6.07,6506
6.09,6505
6.10,6504
6.12,6503
6.13,6502
6.15,6501
6.16,6500
6.18,6499
6.19,6498
6.21,6497
6.22,6496
6.24,6495
6.26,6494
6.27,6493
6.29,6492
6.30,6491
6.32,6490
6.41,6489
6.43,6488
6.44,6487
6.46,6486
6.47,6485
6.49,6484
6.50,6483
6.52,6482
6.53,6481
6.55,6480
6.56,6479
6.58,6478
6.59,6477
6.62,6476
6.64,6475
6.65,6474
6.67,6473
6.68,6472
6.70,6471
6.71,6470
6.72,6469
6.74,6468
6.75,6467
6.77,6466
6.78,6465
6.79,6464
6.81,6463
6.82,6462
6.86,6461
6.89,6460
6.90,6459
6.92,6458
6.94,6457
6.95,6456
6.96,6455
6.98,6454
6.99,6453
7.01,6452
7.03,6451
7.04,6450
7.05,6449
7.07,6448
7.09,6447
7.10,6446
7.12,6445
7.13,6444
7.14,6443
7.16,6442
7.18,6441
7.20,6440
7.21,6439
7.23,6438
7.24,6437
7.25,6436
7.27,6435
7.28,6434
7.30,6433
7.31,6432
7.33,6431
7.34,6430
7.35,6429
7.37,6428
7.38,6427
7.39,6426
7.41,6425
7.46,6424
7.47,6423
7.49,6422
7.50,6421
7.51,6420
7.53,6419
7.55,6418
7.56,6417
7.57,6416
7.59,6415
7.60,6414
7.61,6413
7.63,6412
7.65,6411
7.66,6410
7.68,6409
7.70,6408
7.71,6407
7.72,6406
7.74,6405
7.75,6404
7.76,6403
7.78,6402
7.79,6401
7.80,6400
7.82,6399
7.83,6398
7.85,6397
7.86,6396
7.87,6395
7.89,6394
7.90,6393
7.92,6392
7.93,6391
7.94,6390
7.96,6389
7.97,6388
7.99,6387
8.00,6386
8.01,6385
8.03,6384
8.04,6383
8.06,6382
8.08,6381
8.09,6380
8.11,6379
8.12,6378
8.13,6377
8.15,6376
8.16,6375
8.18,6374
8.19,6373
8.20,6372
8.22,6371
8.24,6370
8.25,6369
8.27,6368
8.28,6367
8.29,6366
8.31,6365
8.32,6364
8.33,6363
8.35,6362
8.36,6361
8.38,6360
8.39,6359
8.41,6358
8.42,6357
8.43,6356
8.45,6355
8.46,6354
8.47,6353
8.49,6352
8.50,6351
8.52,6350
8.53,6349
8.54,6348
8.56,6347
8.57,6346
8.59,6345
8.60,6344
8.62,6343
8.63,6342
8.64,6341
8.66,6340
8.67,6339
8.69,6338
8.70,6337
8.71,6336
8.73,6335
8.74,6334
8.76,6333
8.77,6332
8.78,6331
8.80,6330
8.81,6329
8.82,6328
8.84,6327
8.85,6326
8.87,6325
8.88,6324
8.90,6323
8.91,6322
8.92,6321
8.94,6320
8.95,6319
8.96,6318
8.98,6317
8.99,6316
9.00,6315
9.02,6314
9.03,6313
9.05,6312
9.06,6311
9.07,6310
9.09,6309
9.10,6308
9.11,6307
9.13,6306
9.14,6305
9.16,6304
9.17,6303
9.18,6302
9.20,6301
9.21,6300
9.22,6299
9.24,6298
9.25,6297
9.26,6296
9.28,6295
9.29,6294
9.30,6293
9.32,6292
9.33,6291
9.34,6290
9.36,6289
9.37,6288
9.38,6287
9.40,6286
9.41,6285
9.42,6284
9.44,6283
9.45,6282
9.46,6281
9.48,6280
9.49,6279
9.51,6278
9.52,6277
9.53,6276
9.55,6275
9.56,6274
9.57,6273
9.59,6272
9.60,6271
9.61,6270
9.63,6269
9.64,6268
9.65,6267
9.67,6266
9.69,6265
9.71,6264
9.72,6263
9.73,6262
9.75,6261
9.76,6260
9.77,6259
9.79,6258
9.80,6257
9.82,6256
9.83,6255
9.84,6254
9.86,6253
9.87,6252
9.88,6251
9.90,6250
9.91,6249
9.92,6248
9.94,6247
9.95,6246
9.97,6245
9.98,6244
9.99,6243
10.01,6242
10.02,6241
10.03,6240
10.05,6239
10.06,6238
10.07,6237
10.09,6236
10.10,6235
10.11,6234
10.13,6233
10.14,6232
10.15,6231
10.17,6230
10.18,6229
10.19,6228
10.21,6227
10.22,6226
10.23,6225
10.25,6224
10.26,6223
10.28,6222
10.29,6221
10.30,6220
10.32,6219
10.33,6218
10.34,6217
10.36,6216
10.37,6215
10.38,6214
10.40,6213
10.41,6212
10.42,6211
10.44,6210
10.45,6209
10.47,6208
10.48,6207
10.49,6206
10.51,6205
10.52,6204
10.53,6203
10.55,6202
10.56,6201
10.57,6200
10.59,6199
10.60,6198
10.61,6197
10.63,6196
10.64,6195
10.65,6194
10.67,6193
10.68,6192
10.69,6191
10.71,6190
10.72,6189
10.73,6188
10.75,6187
10.76,6186
10.77,6185
10.79,6184
10.80,6183
10.81,6182
10.83,6181
10.84,6180
10.85,6179
10.87,6178
10.88,6177
10.89,6176
10.91,6175
10.92,6174
10.94,6173
10.95,6172
10.96,6171
10.97,6170
10.99,6169
11.00,6168
11.01,6167
11.03,6166
11.04,6165
11.05,6164
11.07,6163
11.08,6162
11.10,6161
11.11,6160
11.12,6159
11.14,6158
11.15,6157
11.16,6156
11.18,6155
11.19,6154
11.20,6153
11.22,6152
11.23,6151
11.24,6150
11.26,6149
11.27,6148
11.29,6147
11.30,6146
11.31,6145
11.33,6144
11.34,6143
11.36,6142
11.37,6141
11.39,6140
11.41,6139
11.42,6138
11.44,6137
11.45,6136
11.46,6135
11.48,6134
11.49,6133
11.51,6132
11.52,6131
11.54,6130
11.55,6129
11.57,6128
11.58,6127
11.60,6126
11.61,6125
11.63,6124
11.64,6123
11.66,6122
11.67,6121
11.69,6120
11.71,6119
11.72,6118
11.74,6117
11.75,6116
11.76,6115
11.78,6114
11.80,6113
11.81,6112
11.83,6111
11.84,6110
11.86,6109
11.87,6108
11.89,6107
11.90,6106
11.92,6105
11.93,6104
11.95,6103
11.96,6102
11.98,6101
11.99,6100
12.01,6099
12.03,6098
12.04,6097
12.06,6096
12.08,6095
12.09,6094
12.11,6093
12.12,6092
12.14,6091
12.15,6090
12.18,6089
12.19,6088
12.21,6087
12.22,6086
12.24,6085
12.25,6084
12.27,6083
12.28,6082
12.30,6081
12.31,6080
12.33,6079
12.34,6078
12.36,6077
12.37,6076
12.39,6075
12.41,6074
12.42,6073
12.43,6072
12.45,6071
12.46,6070
12.48,6069
12.49,6068
12.51,6067
12.52,6066
12.54,6065
12.55,6064
12.57,6063
12.58,6062
12.60,6061
12.62,6060
12.63,6059
12.65,6058
12.66,6057
12.68,6056
12.69,6055
12.71,6054
12.72,6053
12.73,6052
12.75,6051
12.76,6050
12.78,6049
12.79,6048
12.81,6047
12.82,6046
12.84,6045
12.86,6044
12.87,6043
12.89,6042
12.90,6041
12.92,6040
12.93,6039
12.95,6038
12.96,6037
12.98,6036
12.99,6035
13.01,6034
13.02,6033
13.04,6032
13.05,6031
13.07,6030
13.08,6029
13.10,6028
13.11,6027
13.13,6026
13.14,6025
13.16,6024
13.17,6023
13.19,6022
13.21,6021
13.22,6020
13.25,6019
13.27,6018
13.28,6017
13.30,6016
13.31,6015
13.33,6014
13.34,6013
13.36,6012
13.37,6011
13.39,6010
13.42,6009
13.43,6008
13.45,6007
13.47,6006
13.48,6005
13.50,6004
13.51,6003
13.53,6002
13.54,6001
13.56,6000
13.58,5999
13.59,5998
13.61,5997
13.62,5996
13.64,5995
13.65,5994
13.67,5993
13.68,5992
13.70,5991
13.72,5990
13.73,5989
13.75,5988
13.76,5987
13.78,5986
13.79,5985
13.81,5984
13.82,5983
13.84,5982
13.85,5981
13.87,5980
13.89,5979
13.90,5978
13.92,5977
13.93,5976
13.95,5975
13.96,5974
13.98,5973
13.99,5972
14.00,5971
14.02,5970
14.03,5969
14.05,5968
14.06,5967
14.07,5966
14.09,5965
14.10,5964
14.12,5963
14.13,5962
14.14,5961
14.16,5960
14.17,5959
14.18,5958
14.20,5957
14.21,5956
14.23,5955
14.24,5954
14.25,5953
14.27,5952
14.28,5951
14.30,5950
14.31,5949
14.32,5948
14.34,5947
14.35,5946
14.37,5945
14.38,5944
14.39,5943
14.41,5942
14.42,5941
14.44,5940
14.45,5939
14.47,5938
14.48,5937
14.50,5936
14.51,5935
14.52,5934
14.54,5933
14.55,5932
14.56,5931
14.58,5930
14.59,5929
14.61,5928
14.62,5927
14.63,5926
14.65,5925
14.66,5924
14.68,5923
14.69,5922
14.70,5921
14.72,5920
14.73,5919
14.75,5918
14.76,5917
14.77,5916
14.79,5915
14.80,5914
14.81,5913
14.83,5912
14.84,5911
14.86,5910
14.87,5909
14.88,5908
14.90,5907
14.91,5906
14.93,5905
14.94,5904
14.95,5903
14.97,5902
14.98,5901
14.99,5900
15.01,5899
15.02,5898
15.04,5897
15.05,5896
15.06,5895
15.08,5894
15.09,5893
15.11,5892
15.12,5891
15.13,5890
15.15,5889
15.16,5888
15.17,5887
15.19,5886
15.20,5885
15.21,5884
15.23,5883
15.24,5882
15.26,5881
15.27,5880
15.28,5879
15.30,5878
15.31,5877
15.33,5876
15.34,5875
15.35,5874
15.37,5873
15.38,5872
15.40,5871
15.41,5870
15.42,5869
15.44,5868
15.45,5867
15.46,5866
15.48,5865
15.49,5864
15.51,5863
15.52,5862
15.53,5861
15.55,5860
15.56,5859
15.58,5858
15.59,5857
15.60,5856
15.62,5855
15.63,5854
15.65,5853
15.67,5852
15.68,5851
15.69,5850
15.71,5849
15.72,5848
15.73,5847
15.75,5846
15.76,5845
15.78,5844
15.79,5843
15.80,5842
15.82,5841
15.83,5840
15.85,5839
15.87,5838
15.88,5837
15.89,5836
15.91,5835
15.92,5834
15.94,5833
15.96,5832
15.97,5831
15.98,5830
16.00,5829
16.01,5828
16.03,5827
16.04,5826
16.05,5825
16.07,5824
16.08,5823
16.10,5822
16.11,5821
16.12,5820
16.14,5819
16.15,5818
16.17,5817
16.18,5816
16.19,5815
16.21,5814
16.22,5813
16.23,5812
16.25,5811
16.26,5810
16.27,5809
16.29,5808
16.30,5807
16.32,5806
16.33,5805
16.34,5804
16.36,5803
16.37,5802
16.38,5801
16.40,5800
16.41,5799
16.43,5798
16.44,5797
16.46,5796
16.47,5795
16.49,5794
16.50,5793
16.52,5792
16.53,5791
16.54,5790
16.56,5789
16.57,5788
16.58,5787
16.60,5786
16.61,5785
16.63,5784
16.64,5783
16.66,5782
16.67,5781
16.68,5780
16.70,5779
16.71,5778
16.73,5777
16.75,5776
16.76,5775
16.77,5774
16.79,5773
16.80,5772
16.81,5771
16.83,5770
16.84,5769
16.86,5768
16.87,5767
16.88,5766
16.90,5765
16.91,5764
16.93,5763
16.94,5762
16.95,5761
16.97,5760
16.98,5759
17.00,5758
17.01,5757
17.02,5756
17.04,5755
17.05,5754
17.07,5753
17.08,5752
17.09,5751
17.11,5750
17.12,5749
17.14,5748
17.15,5747
17.16,5746
17.18,5745
17.19,5744
17.20,5743
17.22,5742
17.23,5741
17.25,5740
17.26,5739
17.27,5738
17.29,5737
17.31,5736
17.32,5735
17.34,5734
17.35,5733
17.37,5732
17.39,5731
17.40,5730
17.41,5729
17.43,5728
17.44,5727
17.45,5726
17.47,5725
17.48,5724
17.50,5723
17.51,5722
17.53,5721
17.54,5720
17.55,5719
17.57,5718
17.58,5717
17.60,5716
17.61,5715
17.62,5714
17.64,5713
17.65,5712
17.67,5711
17.68,5710
17.69,5709
17.71,5708
17.72,5707
17.74,5706
17.75,5705
17.76,5704
17.78,5703
17.79,5702
17.81,5701
17.82,5700
17.83,5699
17.85,5698
17.86,5697
17.87,5696
17.89,5695
17.90,5694
17.92,5693
17.93,5692
17.94,5691
17.96,5690
17.97,5689
17.99,5688
18.00,5687
18.01,5686
18.03,5685
18.04,5684
18.05,5683
18.07,5682
18.08,5681
18.10,5680
18.11,5679
18.12,5678
18.14,5677
18.15,5676
18.17,5675
18.18,5674
18.19,5673
18.21,5672
18.22,5671
18.24,5670
18.25,5669
18.26,5668
18.28,5667
18.29,5666
18.30,5665
18.32,5664
18.33,5663
18.35,5662
18.36,5661
18.37,5660
18.39,5659
18.40,5658
18.41,5657
18.43,5656
18.44,5655
18.46,5654
18.47,5653
18.48,5652
18.50,5651
18.51,5650
18.53,5649
18.54,5648
18.55,5647
18.57,5646
18.58,5645
18.60,5644
18.61,5643
18.62,5642
18.64,5641
18.65,5640
18.66,5639
18.68,5638
18.69,5637
18.71,5636
18.72,5635
18.73,5634
18.75,5633
18.76,5632
18.78,5631
18.79,5630
18.80,5629
18.82,5628
18.83,5627
18.85,5626
18.86,5625
18.87,5624
18.89,5623
18.90,5622
18.91,5621
18.93,5620
18.94,5619
18.95,5618
18.97,5617
18.98,5616
18.99,5615
19.01,5614
19.02,5613
19.04,5612
19.05,5611
19.06,5610
19.08,5609
19.09,5608
19.11,5607
19.12,5606
19.13,5605
19.15,5604
19.16,5603
19.17,5602
19.19,5601
19.20,5600
19.21,5599
19.23,5598
19.24,5597
19.26,5596
19.27,5595
19.28,5594
19.30,5593
19.31,5592
19.32,5591
19.34,5590
19.35,5589
19.36,5588
19.38,5587
19.39,5586
19.41,5585
19.42,5584
19.43,5583
19.45,5582
19.46,5581
19.47,5580
19.49,5579
19.50,5578
19.51,5577
19.53,5576
19.54,5575
19.56,5574
19.57,5573
19.58,5572
19.60,5571
19.61,5570
19.62,5569
19.64,5568
19.65,5567
19.67,5566
19.68,5565
19.69,5564
19.71,5563
19.72,5562
19.73,5561
19.75,5560
19.76,5559
19.77,5558
19.79,5557
19.80,5556
19.81,5555
19.83,5554
19.84,5553
19.85,5552
19.87,5551
19.88,5550
19.89,5549
19.91,5548
19.92,5547
19.93,5546
19.95,5545
19.96,5544
19.97,5543
19.99,5542
20.00,5541
20.01,5540
20.03,5539
20.04,5538
20.05,5537
20.07,5536
20.08,5535
20.09,5534
20.11,5533
20.12,5532
20.13,5531
20.15,5530
20.16,5529
20.17,5528
20.19,5527
20.20,5526
20.21,5525
20.23,5524
20.24,5523
20.25,5522
20.27,5521
20.28,5520
20.29,5519
20.31,5518
20.32,5517
20.33,5516
20.35,5515
20.36,5514
20.37,5513
20.39,5512
20.40,5511
20.41,5510
20.43,5509
20.44,5508
20.46,5507
20.47,5506
20.48,5505
20.50,5504
20.51,5503
20.53,5502
20.54,5501
20.55,5500
20.57,5499
20.58,5498
20.59,5497
20.61,5496
20.62,5495
20.63,5494
20.65,5493
20.66,5492
20.67,5491
20.69,5490
20.70,5489
20.71,5488
20.73,5487
20.74,5486
20.76,5485
20.77,5484
20.78,5483
20.80,5482
20.81,5481
20.82,5480
20.84,5479
20.85,5478
20.86,5477
20.88,5476
20.89,5475
20.90,5474
20.92,5473
20.93,5472
20.94,5471
20.96,5470
20.97,5469
20.98,5468
21.00,5467
21.01,5466
21.02,5465
21.04,5464
21.05,5463
21.06,5462
21.08,5461
21.09,5460
21.10,5459
21.12,5458
21.13,5457
21.14,5456
21.16,5455
21.17,5454
21.18,5453
21.20,5452
21.21,5451
21.22,5450
21.24,5449
21.25,5448
21.26,5447
21.28,5446
21.29,5445
21.30,5444
21.32,5443
21.33,5442
21.35,5441
21.36,5440
21.37,5439
21.38,5438
21.40,5437
21.41,5436
21.42,5435
21.44,5434
21.45,5433
21.47,5432
21.48,5431
21.49,5430
21.51,5429
21.52,5428
21.53,5427
21.54,5426
21.56,5425
21.57,5424
21.58,5423
21.60,5422
21.61,5421
21.62,5420
21.64,5419
21.65,5418
21.67,5417
21.68,5416
21.69,5415
21.70,5414
21.72,5413
21.73,5412
21.74,5411
21.76,5410
21.77,5409
21.78,5408
21.80,5407
21.81,5406
21.82,5405
21.84,5404
21.85,5403
21.86,5402
21.88,5401
21.89,5400
21.90,5399
21.92,5398
21.93,5397
21.94,5396
21.96,5395
21.97,5394
21.98,5393
22.00,5392
22.01,5391
22.02,5390
22.04,5389
22.05,5388
22.06,5387
22.08,5386
22.09,5385
22.10,5384
22.12,5383
22.13,5382
22.14,5381
22.16,5380
22.17,5379
22.18,5378
22.20,5377
22.21,5376
22.22,5375
22.24,5374
22.25,5373
22.26,5372
22.28,5371
22.29,5370
22.30,5369
22.32,5368
22.33,5367
22.34,5366
22.36,5365
22.37,5364
22.38,5363
22.40,5362
22.41,5361
22.42,5360
22.44,5359
22.45,5358
22.46,5357
22.48,5356
22.49,5355
22.50,5354
22.52,5353
22.53,5352
22.54,5351
22.56,5350
22.57,5349
22.58,5348
22.60,5347
22.61,5346
22.62,5345
22.64,5344
22.65,5343
22.66,5342
22.68,5341
22.69,5340
22.70,5339
22.72,5338
22.73,5337
22.74,5336
22.76,5335
22.77,5334
22.78,5333
22.80,5332
22.81,5331
22.82,5330
22.84,5329
22.85,5328
22.86,5327
22.88,5326
22.89,5325
22.90,5324
22.92,5323
22.93,5322
22.94,5321
22.96,5320
22.97,5319
22.98,5318
23.00,5317
23.01,5316
23.02,5315
23.04,5314
23.05,5313
23.06,5312
23.08,5311
23.09,5310
23.10,5309
23.12,5308
23.13,5307
23.14,5306
23.16,5305
23.17,5304
23.18,5303
23.20,5302
23.21,5301
23.22,5300
23.24,5299
23.25,5298
23.26,5297
23.27,5296
23.29,5295
23.30,5294
23.32,5293
23.33,5292
23.34,5291
23.36,5290
23.37,5289
23.38,5288
23.39,5287
23.41,5286
23.42,5285
23.43,5284
23.45,5283
23.46,5282
23.47,5281
23.49,5280
23.50,5279
23.51,5278
23.53,5277
23.54,5276
23.55,5275
23.57,5274
23.58,5273
23.59,5272
23.60,5271
23.62,5270
23.63,5269
23.64,5268
23.65,5267
23.67,5266
23.68,5265
23.69,5264
23.71,5263
23.72,5262
23.73,5261
23.74,5260
23.76,5259
23.77,5258
23.78,5257
23.80,5256
23.81,5255
23.82,5254
23.83,5253
23.85,5252
23.86,5251
23.87,5250
23.88,5249
23.90,5248
23.91,5247
23.92,5246
23.94,5245
23.95,5244
23.96,5243
23.97,5242
23.99,5241
24.00,5240
24.01,5239
24.03,5238
24.04,5237
24.05,5236
24.07,5235
24.08,5234
24.09,5233
24.10,5232
24.12,5231
24.13,5230
24.14,5229
24.16,5228
24.17,5227
24.18,5226
24.20,5225
24.21,5224
24.22,5223
24.24,5222
24.25,5221
24.26,5220
24.27,5219
24.29,5218
24.30,5217
24.31,5216
24.33,5215
24.34,5214
24.35,5213
24.37,5212
24.38,5211
24.39,5210
24.41,5209
24.42,5208
24.43,5207
24.44,5206
24.46,5205
24.47,5204
24.48,5203
24.50,5202
24.51,5201
24.52,5200
24.54,5199
24.55,5198
24.56,5197
24.58,5196
24.59,5195
24.60,5194
24.62,5193
24.63,5192
24.64,5191
24.66,5190
24.67,5189
24.68,5188
24.69,5187
24.71,5186
24.72,5185
24.73,5184
24.75,5183
24.76,5182
24.77,5181
24.78,5180
24.80,5179
24.81,5178
24.82,5177
24.84,5176
24.85,5175
24.86,5174
24.87,5173
24.89,5172
24.90,5171
24.91,5170
24.93,5169
24.94,5168
24.95,5167
24.97,5166
24.98,5165
24.99,5164
25.01,5163
25.02,5162
25.03,5161
25.04,5160
25.06,5159
25.07,5158
25.08,5157
25.10,5156
25.11,5155
25.12,5154
25.14,5153
25.15,5152
25.16,5151
25.18,5150
25.19,5149
25.20,5148
25.21,5147
25.23,5146
25.24,5145
25.25,5144
25.27,5143
25.28,5142
25.29,5141
25.30,5140
25.32,5139
25.33,5138
25.34,5137
25.36,5136
25.37,5135
25.38,5134
25.40,5133
25.41,5132
25.42,5131
25.43,5130
25.45,5129
25.46,5128
25.47,5127
25.48,5126
25.50,5125
25.51,5124
25.52,5123
25.53,5122
25.55,5121
25.56,5120
25.57,5119
25.59,5118
25.60,5117
25.61,5116
25.62,5115
25.64,5114
25.65,5113
25.66,5112
25.67,5111
25.69,5110
25.70,5109
25.71,5108
25.72,5107
25.74,5106
25.75,5105
25.76,5104
25.77,5103
25.79,5102
25.80,5101
25.81,5100
25.82,5099
25.84,5098
25.85,5097
25.86,5096
25.87,5095
25.89,5094
25.90,5093
25.91,5092
25.93,5091
25.94,5090
25.95,5089
25.96,5088
25.98,5087
25.99,5086
26.00,5085
26.01,5084
26.03,5083
26.04,5082
26.05,5081
26.06,5080
26.08,5079
26.09,5078
26.10,5077
26.12,5076
26.13,5075
26.14,5074
26.15,5073
26.17,5072
26.18,5071
26.19,5070
26.20,5069
26.22,5068
26.23,5067
26.24,5066
26.26,5065
26.27,5064
26.28,5063
26.29,5062
26.31,5061
26.32,5060
26.33,5059
26.35,5058
26.36,5057
26.37,5056
26.38,5055
26.40,5054
26.41,5053
26.42,5052
26.44,5051
26.45,5050
26.46,5049
26.48,5048
26.49,5047
26.50,5046
26.51,5045
26.53,5044
26.54,5043
26.55,5042
26.57,5041
26.58,5040
26.59,5039
26.61,5038
26.62,5037
26.63,5036
26.64,5035
26.66,5034
26.67,5033
26.68,5032
26.70,5031
26.71,5030
26.72,5029
26.73,5028
26.75,5027
26.76,5026
26.77,5025
26.78,5024
26.80,5023
26.81,5022
26.82,5021
26.84,5020
26.85,5019
26.86,5018
26.88,5017
26.89,5016
26.90,5015
26.91,5014
26.93,5013
26.94,5012
26.95,5011
26.96,5010
26.98,5009
26.99,5008
27.00,5007
27.02,5006
27.03,5005
27.04,5004
27.05,5003
27.07,5002
27.08,5001
27.09,5000
27.11,4999
27.12,4998
27.13,4997
27.14,4996
27.16,4995
27.17,4994
27.18,4993
27.20,4992
27.21,4991
27.22,4990
27.23,4989
27.25,4988
27.26,4987
27.27,4986
27.29,4985
27.30,4984
27.31,4983
27.32,4982
27.34,4981
27.35,4980
27.36,4979
27.37,4978
27.39,4977
27.40,4976
27.41,4975
27.42,4974
27.44,4973
27.45,4972
27.46,4971
27.48,4970
27.49,4969
27.50,4968
27.51,4967
27.53,4966
27.54,4965
27.55,4964
27.56,4963
27.58,4962
27.59,4961
27.60,4960
27.62,4959
27.63,4958
27.64,4957
27.65,4956
27.67,4955
27.68,4954
27.69,4953
27.71,4952
27.72,4951
27.73,4950
27.74,4949
27.76,4948
27.77,4947
27.78,4946
27.79,4945
27.81,4944
27.82,4943
27.83,4942
27.84,4941
27.86,4940
27.87,4939
27.88,4938
27.90,4937
27.91,4936
27.92,4935
27.93,4934
27.95,4933
27.96,4932
27.97,4931
27.99,4930
28.00,4929
28.01,4928
28.02,4927
28.04,4926
28.05,4925
28.06,4924
28.07,4923
28.09,4922
28.10,4921
28.11,4920
28.13,4919
28.14,4918
28.15,4917
28.16,4916
28.18,4915
28.19,4914
28.20,4913
28.22,4912
28.23,4911
28.24,4910
28.25,4909
28.27,4908
28.28,4907
28.29,4906
28.30,4905
28.32,4904
28.33,4903
28.34,4902
28.35,4901
28.37,4900
28.38,4899
28.39,4898
28.40,4897
28.42,4896
28.43,4895
28.44,4894
28.45,4893
28.47,4892
28.48,4891
28.49,4890
28.51,4889
28.52,4888
28.53,4887
28.54,4886
28.56,4885
28.57,4884
28.58,4883
28.59,4882
28.61,4881
28.62,4880
28.63,4879
28.64,4878
28.66,4877
28.67,4876
28.68,4875
28.70,4874
28.71,4873
28.72,4872
28.73,4871
28.75,4870
28.76,4869
28.77,4868
28.78,4867
28.80,4866
28.81,4865
28.82,4864
28.83,4863
28.85,4862
28.86,4861
28.87,4860
28.88,4859
28.89,4858
28.91,4857
28.94,4856
28.98,4855
29.05,4854
29.29,4853
29.49,4852
29.65,4851
29.66,4850
29.77,4849
