1.06,6832
1.18,6831
1.20,6830
1.23,6829
1.25,6828
1.28,6827
1.30,6826
1.31,6825
1.33,6824
1.36,6823
1.38,6822
1.39,6821
1.41,6820
1.42,6819
1.44,6818
1.45,6817
1.47,6816
1.48,6815
1.50,6814
1.51,6813
1.53,6812
1.54,6811
1.56,6810
1.57,6809
1.59,6808
1.60,6807
1.62,6806
1.63,6805
1.65,6804
1.66,6803
1.68,6802
1.69,6801
1.71,6800
1.72,6799
1.74,6798
1.75,6797
1.76,6796
1.78,6795
1.79,6794
1.81,6793
1.82,6792
1.84,6791
1.85,6790
1.87,6789
1.88,6788
1.90,6787
1.91,6786
1.92,6785
1.94,6784
1.95,6783
1.98,6782
2.00,6781
2.01,6780
2.02,6779
2.04,6778
2.05,6777
2.07,6776
2.08,6775
2.10,6774
2.11,6773
2.13,6772
2.14,6771
2.15,6770
2.17,6769
2.18,6768
2.20,6767
2.21,6766
2.23,6765
2.24,6764
2.25,6763
2.27,6762
2.28,6761
2.30,6760
2.31,6759
2.33,6758
2.34,6757
2.35,6756
2.37,6755
2.38,6754
2.40,6753
2.41,6752
2.43,6751
2.44,6750
2.46,6749
2.47,6748
2.48,6747
2.50,6746
2.51,6745
2.53,6744
2.54,6743
2.56,6742
2.57,6741
2.59,6740
2.60,6739
2.61,6738
2.63,6737
2.64,6736
2.66,6735
2.68,6734
2.69,6733
2.71,6732
2.72,6731
2.74,6730
2.76,6729
2.77,6728
2.79,6727
2.80,6726
2.82,6725
2.84,6724
2.85,6723
2.87,6722
2.88,6721
2.90,6720
2.92,6719
2.93,6718
2.95,6717
2.97,6716
2.98,6715
3.00,6714
3.01,6713
3.03,6712
3.05,6711
3.06,6710
3.08,6709
3.10,6708
3.11,6707
3.13,6706
3.15,6705
3.16,6704
3.18,6703
3.20,6702
3.21,6701
3.24,6700
3.25,6699
3.27,6698
3.28,6697
3.30,6696
3.31,6695
3.33,6694
3.34,6693
3.36,6692
3.37,6691
3.39,6690
3.40,6689
3.41,6688
3.43,6687
3.44,6686
3.46,6685
3.47,6684
3.49,6683
3.50,6682
3.52,6681
3.53,6680
3.55,6679
3.56,6678
3.57,6677
3.59,6676
3.60,6675
3.62,6674
3.63,6673
3.65,6672
3.66,6671
3.67,6670
3.69,6669
3.70,6668
3.72,6667
3.73,6666
3.75,6665
3.77,6664
3.78,6663
3.79,6662
3.81,6661
3.82,6660
3.84,6659
3.85,6658
3.87,6657
3.88,6656
3.90,6655
3.91,6654
3.92,6653
3.94,6652
3.95,6651
3.97,6650
3.98,6649
4.00,6648
4.01,6647
4.02,6646
4.04,6645
4.05,6644
4.07,6643
4.08,6642
4.10,6641
4.11,6640
4.13,6639
4.14,6638
4.16,6637
4.17,6636
4.19,6635
4.20,6634
4.22,6633
4.23,6632
4.25,6631
4.26,6630
4.28,6629
4.29,6628
4.31,6627
4.32,6626
4.34,6625
4.35,6624
4.37,6623
4.38,6622
4.39,6621
4.41,6620
4.44,6619
4.45,6618
4.46,6617
4.48,6616
4.49,6615
4.51,6614
4.52,6613
4.54,6612
4.55,6611
4.57,6610
4.58,6609
4.60,6608
4.61,6607
4.62,6606
4.64,6605
4.65,6604
4.67,6603
4.68,6602
4.70,6601
4.71,6600
4.73,6599
4.74,6598
4.76,6597
4.77,6596
4.80,6595
4.82,6594
4.83,6593
4.85,6592
4.86,6591
4.88,6590
4.89,6589
4.91,6588
4.93,6587
4.94,6586
4.95,6585
4.99,6584
5.00,6583
5.02,6582
5.03,6581
5.05,6580
5.06,6579
5.08,6578
5.09,6577
5.11,6576
5.12,6575
5.14,6574
5.15,6573
5.17,6572
5.18,6571
5.19,6570
5.21,6569
5.22,6568
5.24,6567
5.25,6566
5.27,6565
5.28,6564
5.30,6563
5.31,6562
5.33,6561
5.34,6560
5.36,6559
5.37,6558
5.39,6557
5.40,6556
5.42,6555
5.43,6554
5.44,6553
5.46,6552
5.47,6551
5.49,6550
5.50,6549
5.52,6548
5.53,6547
5.55,6546
5.56,6545
5.58,6544
5.59,6543
5.61,6542
5.62,6541
5.64,6540
5.65,6539
5.67,6538
5.70,6537
5.72,6536
5.73,6535
5.75,6534
5.76,6533
5.78,6532
5.79,6531
5.82,6530
5.84,6529
5.86,6528
5.87,6527
5.89,6526
5.90,6525
5.92,6524
5.94,6523
5.95,6522
5.97,6521
5.99,6520
6.01,6519
6.03,6518
6.09,6517
6.11,6516
6.12,6515
6.14,6514
6.16,6513
6.17,6512
6.19,6511
6.21,6510
6.22,6509
6.24,6508
6.27,6507
6.29,6506
6.31,6505
6.33,6504
6.34,6503
6.36,6502
6.37,6501
6.41,6500
6.42,6499
6.44,6498
6.46,6497
6.47,6496
6.49,6495
6.52,6494
6.54,6493
6.55,6492
6.59,6491
6.61,6490
6.63,6489
6.64,6488
6.66,6487
6.67,6486
6.69,6485
6.71,6484
6.72,6483
6.75,6482
6.76,6481
6.78,6480
6.80,6479
6.81,6478
6.83,6477
6.84,6476
6.86,6475
6.88,6474
6.91,6473
6.92,6472
6.94,6471
6.95,6470
6.97,6469
7.03,6468
7.04,6467
7.06,6466
7.07,6465
7.10,6464
7.11,6463
7.14,6462
7.16,6461
7.17,6460
7.18,6459
7.20,6458
7.21,6457
7.23,6456
7.25,6455
7.26,6454
7.28,6453
7.29,6452
7.31,6451
7.32,6450
7.38,6449
7.39,6448
7.41,6447
7.44,6446
7.45,6445
7.46,6444
7.49,6443
7.51,6442
7.52,6441
7.54,6440
7.55,6439
7.57,6438
7.58,6437
7.60,6436
7.61,6435
7.63,6434
7.66,6433
7.67,6432
7.68,6431
7.70,6430
7.72,6429
7.75,6428
7.79,6427
7.80,6426
7.82,6425
7.85,6424
7.87,6423
7.88,6422
7.90,6421
7.91,6420
7.93,6419
7.94,6418
7.96,6417
7.97,6416
8.00,6415
8.02,6414
8.03,6413
8.05,6412
8.06,6411
8.08,6410
8.09,6409
8.11,6408
8.12,6407
8.14,6406
8.15,6405
8.17,6404
8.18,6403
8.20,6402
8.21,6401
8.23,6400
8.24,6399
8.26,6398
8.27,6397
8.29,6396
8.30,6395
8.32,6394
8.33,6393
8.35,6392
8.36,6391
8.38,6390
8.39,6389
8.41,6388
8.42,6387
8.45,6386
8.46,6385
8.48,6384
8.49,6383
8.51,6382
8.52,6381
8.54,6380
8.55,6379
8.57,6378
8.58,6377
8.60,6376
8.61,6375
8.63,6374
8.64,6373
8.66,6372
8.67,6371
8.69,6370
8.70,6369
8.72,6368
8.73,6367
8.75,6366
8.76,6365
8.78,6364
8.79,6363
8.81,6362
8.83,6361
8.85,6360
8.86,6359
8.88,6358
8.89,6357
8.91,6356
8.92,6355
8.94,6354
8.95,6353
8.97,6352
8.98,6351
9.00,6350
9.01,6349
9.03,6348
9.04,6347
9.06,6346
9.07,6345
9.09,6344
9.10,6343
9.12,6342
9.13,6341
9.15,6340
9.16,6339
9.18,6338
9.19,6337
9.21,6336
9.22,6335
9.24,6334
9.25,6333
9.27,6332
9.29,6331
9.30,6330
9.32,6329
9.33,6328
9.35,6327
9.36,6326
9.38,6325
9.39,6324
9.41,6323
9.42,6322
9.44,6321
9.45,6320
9.46,6319
9.48,6318
9.49,6317
9.51,6316
9.52,6315
9.54,6314
9.55,6313
9.57,6312
9.58,6311
9.60,6310
9.61,6309
9.62,6308
9.64,6307
9.65,6306
9.67,6305
9.68,6304
9.70,6303
9.71,6302
9.73,6301
9.74,6300
9.76,6299
9.78,6298
9.79,6297
9.81,6296
9.82,6295
9.84,6294
9.85,6293
9.87,6292
9.88,6291
9.91,6290
9.92,6289
9.94,6288
9.96,6287
9.97,6286
9.99,6285
10.00,6284
10.01,6283
10.03,6282
10.04,6281
10.06,6280
10.07,6279
10.09,6278
10.10,6277
10.12,6276
10.14,6275
10.15,6274
10.16,6273
10.18,6272
10.20,6271
10.21,6270
10.23,6269
10.24,6268
10.26,6267
10.27,6266
10.29,6265
10.30,6264
10.32,6263
10.33,6262
10.35,6261
10.36,6260
10.38,6259
10.39,6258
10.41,6257
10.43,6256
10.44,6255
10.46,6254
10.47,6253
10.49,6252
10.50,6251
10.52,6250
10.53,6249
10.55,6248
10.56,6247
10.58,6246
10.59,6245
10.61,6244
10.62,6243
10.63,6242
10.65,6241
10.66,6240
10.68,6239
10.69,6238
10.71,6237
10.72,6236
10.74,6235
10.75,6234
10.77,6233
10.78,6232
10.80,6231
10.81,6230
10.83,6229
10.84,6228
10.86,6227
10.87,6226
10.88,6225
10.90,6224
10.91,6223
10.93,6222
10.94,6221
10.96,6220
10.97,6219
10.99,6218
11.00,6217
11.02,6216
11.04,6215
11.06,6214
11.07,6213
11.09,6212
11.11,6211
11.12,6210
11.14,6209
11.15,6208
11.17,6207
11.18,6206
11.20,6205
11.21,6204
11.23,6203
11.25,6202
11.26,6201
11.28,6200
11.29,6199
11.31,6198
11.32,6197
11.33,6196
11.35,6195
11.36,6194
11.38,6193
11.39,6192
11.41,6191
11.43,6190
11.44,6189
11.46,6188
11.47,6187
11.49,6186
11.50,6185
11.52,6184
11.53,6183
11.55,6182
11.56,6181
11.58,6180
11.59,6179
11.61,6178
11.62,6177
11.64,6176
11.65,6175
11.67,6174
11.68,6173
11.70,6172
11.71,6171
11.73,6170
11.75,6169
11.76,6168
11.78,6167
11.79,6166
11.81,6165
11.82,6164
11.84,6163
11.85,6162
11.87,6161
11.88,6160
11.90,6159
11.91,6158
11.93,6157
11.94,6156
11.96,6155
11.97,6154
11.99,6153
12.00,6152
12.02,6151
12.03,6150
12.05,6149
12.06,6148
12.08,6147
12.09,6146
12.11,6145
12.12,6144
12.14,6143
12.15,6142
12.17,6141
12.18,6140
12.20,6139
12.21,6138
12.23,6137
12.24,6136
12.26,6135
12.27,6134
12.29,6133
12.30,6132
12.32,6131
12.33,6130
12.35,6129
12.36,6128
12.38,6127
12.40,6126
12.41,6125
12.43,6124
12.45,6123
12.47,6122
12.48,6121
12.50,6120
12.52,6119
12.53,6118
12.55,6117
12.56,6116
12.58,6115
12.60,6114
12.61,6113
12.63,6112
12.65,6111
12.66,6110
12.68,6109
12.70,6108
12.71,6107
12.73,6106
12.75,6105
12.77,6104
12.78,6103
12.80,6102
12.82,6101
12.83,6100
12.85,6099
12.87,6098
12.88,6097
12.90,6096
12.92,6095
12.93,6094
12.95,6093
12.97,6092
12.98,6091
13.00,6090
13.02,6089
13.03,6088
13.05,6087
13.06,6086
13.08,6085
13.10,6084
13.11,6083
13.13,6082
13.15,6081
13.16,6080
13.18,6079
13.20,6078
13.21,6077
13.23,6076
13.24,6075
13.26,6074
13.28,6073
13.29,6072
13.31,6071
13.33,6070
13.34,6069
13.36,6068
13.38,6067
13.39,6066
13.41,6065
13.43,6064
13.45,6063
13.46,6062
13.48,6061
13.50,6060
13.51,6059
13.53,6058
13.55,6057
13.56,6056
13.58,6055
13.60,6054
13.61,6053
13.64,6052
13.65,6051
13.67,6050
13.69,6049
13.70,6048
13.72,6047
13.74,6046
13.75,6045
13.77,6044
13.79,6043
13.80,6042
13.82,6041
13.84,6040
13.85,6039
13.87,6038
13.89,6037
13.90,6036
13.92,6035
13.94,6034
13.95,6033
13.97,6032
13.99,6031
14.00,6030
14.02,6029
14.04,6028
14.05,6027
14.07,6026
14.08,6025
14.10,6024
14.12,6023
14.13,6022
14.15,6021
14.17,6020
14.18,6019
14.20,6018
14.22,6017
14.23,6016
14.25,6015
14.27,6014
14.29,6013
14.30,6012
14.32,6011
14.34,6010
14.35,6009
14.37,6008
14.38,6007
14.40,6006
14.42,6005
14.44,6004
14.45,6003
14.47,6002
14.48,6001
14.50,6000
14.52,5999
14.53,5998
14.55,5997
14.56,5996
14.58,5995
14.60,5994
14.61,5993
14.63,5992
14.65,5991
14.66,5990
14.68,5989
14.70,5988
14.71,5987
14.73,5986
14.74,5985
14.76,5984
14.77,5983
14.79,5982
14.81,5981
14.82,5980
14.84,5979
14.86,5978
14.87,5977
14.89,5976
14.91,5975
14.92,5974
14.94,5973
14.96,5972
14.97,5971
14.99,5970
15.00,5969
15.02,5968
15.04,5967
15.05,5966
15.07,5965
15.09,5964
15.10,5963
15.12,5962
15.14,5961
15.15,5960
15.17,5959
15.19,5958
15.21,5957
15.22,5956
15.24,5955
15.25,5954
15.27,5953
15.29,5952
15.31,5951
15.32,5950
15.34,5949
15.35,5948
15.37,5947
15.38,5946
15.40,5945
15.41,5944
15.43,5943
15.44,5942
15.45,5941
15.47,5940
15.48,5939
15.50,5938
15.52,5937
15.53,5936
15.54,5935
15.56,5934
15.57,5933
15.59,5932
15.60,5931
15.62,5930
15.63,5929
15.65,5928
15.66,5927
15.68,5926
15.69,5925
15.71,5924
15.72,5923
15.73,5922
15.75,5921
15.76,5920
15.78,5919
15.79,5918
15.81,5917
15.82,5916
15.83,5915
15.85,5914
15.86,5913
15.88,5912
15.89,5911
15.91,5910
15.92,5909
15.93,5908
15.95,5907
15.96,5906
15.98,5905
15.99,5904
16.01,5903
16.02,5902
16.03,5901
16.05,5900
16.06,5899
16.08,5898
16.09,5897
16.11,5896
16.12,5895
16.14,5894
16.15,5893
16.17,5892
16.19,5891
16.21,5890
16.22,5889
16.24,5888
16.25,5887
16.27,5886
16.28,5885
16.30,5884
16.31,5883
16.33,5882
16.34,5881
16.36,5880
16.37,5879
16.39,5878
16.40,5877
16.42,5876
16.43,5875
16.45,5874
16.46,5873
16.48,5872
16.49,5871
16.51,5870
16.53,5869
16.54,5868
16.56,5867
16.57,5866
16.59,5865
16.60,5864
16.62,5863
16.63,5862
16.64,5861
16.66,5860
16.67,5859
16.69,5858
16.70,5857
16.72,5856
16.73,5855
16.75,5854
16.76,5853
16.79,5852
16.80,5851
16.82,5850
16.83,5849
16.85,5848
16.86,5847
16.88,5846
16.89,5845
16.91,5844
16.92,5843
16.94,5842
16.95,5841
16.97,5840
16.98,5839
17.00,5838
17.01,5837
17.03,5836
17.04,5835
17.06,5834
17.07,5833
17.09,5832
17.10,5831
17.12,5830
17.14,5829
17.15,5828
17.17,5827
17.18,5826
17.20,5825
17.21,5824
17.23,5823
17.24,5822
17.26,5821
17.27,5820
17.29,5819
17.30,5818
17.32,5817
17.33,5816
17.35,5815
17.36,5814
17.38,5813
17.39,5812
17.41,5811
17.42,5810
17.44,5809
17.45,5808
17.47,5807
17.48,5806
17.50,5805
17.51,5804
17.53,5803
17.54,5802
17.56,5801
17.57,5800
17.59,5799
17.60,5798
17.62,5797
17.63,5796
17.65,5795
17.66,5794
17.68,5793
17.70,5792
17.71,5791
17.72,5790
17.74,5789
17.75,5788
17.77,5787
17.78,5786
17.80,5785
17.81,5784
17.83,5783
17.84,5782
17.86,5781
17.87,5780
17.89,5779
17.90,5778
17.92,5777
17.93,5776
17.95,5775
17.97,5774
17.98,5773
18.00,5772
18.01,5771
18.03,5770
18.04,5769
18.06,5768
18.07,5767
18.09,5766
18.10,5765
18.11,5764
18.13,5763
18.15,5762
18.16,5761
18.18,5760
18.19,5759
18.21,5758
18.22,5757
18.24,5756
18.25,5755
18.27,5754
18.28,5753
18.30,5752
18.31,5751
18.33,5750
18.34,5749
18.36,5748
18.37,5747
18.39,5746
18.40,5745
18.42,5744
18.43,5743
18.45,5742
18.46,5741
18.48,5740
18.49,5739
18.51,5738
18.52,5737
18.54,5736
18.55,5735
18.57,5734
18.58,5733
18.60,5732
18.61,5731
18.63,5730
18.64,5729
18.66,5728
18.67,5727
18.69,5726
18.70,5725
18.72,5724
18.73,5723
18.75,5722
18.77,5721
18.78,5720
18.80,5719
18.81,5718
18.83,5717
18.84,5716
18.86,5715
18.87,5714
18.89,5713
18.90,5712
18.92,5711
18.93,5710
18.95,5709
18.96,5708
18.98,5707
18.99,5706
19.01,5705
19.02,5704
19.04,5703
19.05,5702
19.07,5701
19.08,5700
19.10,5699
19.11,5698
19.13,5697
19.14,5696
19.16,5695
19.17,5694
19.19,5693
19.20,5692
19.22,5691
19.23,5690
19.25,5689
19.27,5688
19.28,5687
19.30,5686
19.31,5685
19.33,5684
19.34,5683
19.36,5682
19.37,5681
19.39,5680
19.40,5679
19.42,5678
19.43,5677
19.45,5676
19.46,5675
19.48,5674
19.49,5673
19.51,5672
19.52,5671
19.54,5670
19.55,5669
19.57,5668
19.58,5667
19.60,5666
19.61,5665
19.63,5664
19.64,5663
19.66,5662
19.67,5661
19.69,5660
19.71,5659
19.72,5658
19.74,5657
19.75,5656
19.77,5655
19.78,5654
19.80,5653
19.81,5652
19.83,5651
19.84,5650
19.86,5649
19.87,5648
19.89,5647
19.90,5646
19.92,5645
19.93,5644
19.95,5643
19.96,5642
19.98,5641
19.99,5640
20.01,5639
20.02,5638
20.04,5637
20.05,5636
20.07,5635
20.08,5634
20.10,5633
20.11,5632
20.13,5631
20.15,5630
20.16,5629
20.18,5628
20.19,5627
20.21,5626
20.22,5625
20.24,5624
20.25,5623
20.27,5622
20.28,5621
20.30,5620
20.31,5619
20.33,5618
20.34,5617
20.36,5616
20.37,5615
20.39,5614
20.40,5613
20.42,5612
20.43,5611
20.45,5610
20.46,5609
20.48,5608
20.49,5607
20.51,5606
20.52,5605
20.54,5604
20.55,5603
20.57,5602
20.58,5601
20.60,5600
20.61,5599
20.63,5598
20.64,5597
20.66,5596
20.67,5595
20.68,5594
20.70,5593
20.72,5592
20.73,5591
20.74,5590
20.76,5589
20.77,5588
20.79,5587
20.80,5586
20.82,5585
20.83,5584
20.85,5583
20.86,5582
20.87,5581
20.89,5580
20.90,5579
20.92,5578
20.93,5577
20.95,5576
20.96,5575
20.98,5574
20.99,5573
21.01,5572
21.02,5571
21.04,5570
21.05,5569
21.07,5568
21.08,5567
21.10,5566
21.11,5565
21.13,5564
21.14,5563
21.16,5562
21.17,5561
21.19,5560
21.20,5559
21.22,5558
21.23,5557
21.25,5556
21.26,5555
21.28,5554
21.29,5553
21.31,5552
21.32,5551
21.34,5550
21.35,5549
21.37,5548
21.38,5547
21.40,5546
21.41,5545
21.43,5544
21.44,5543
21.46,5542
21.47,5541
21.49,5540
21.50,5539
21.52,5538
21.53,5537
21.55,5536
21.56,5535
21.58,5534
21.59,5533
21.61,5532
21.62,5531
21.64,5530
21.65,5529
21.67,5528
21.68,5527
21.70,5526
21.71,5525
21.73,5524
21.74,5523
21.76,5522
21.77,5521
21.79,5520
21.80,5519
21.82,5518
21.83,5517
21.85,5516
21.86,5515
21.88,5514
21.89,5513
21.90,5512
21.92,5511
21.93,5510
21.95,5509
21.96,5508
21.98,5507
21.99,5506
22.01,5505
22.02,5504
22.04,5503
22.05,5502
22.07,5501
22.08,5500
22.10,5499
22.11,5498
22.13,5497
22.14,5496
22.16,5495
22.17,5494
22.19,5493
22.20,5492
22.22,5491
22.23,5490
22.25,5489
22.26,5488
22.28,5487
22.29,5486
22.31,5485
22.32,5484
22.34,5483
22.35,5482
22.36,5481
22.38,5480
22.39,5479
22.41,5478
22.42,5477
22.44,5476
22.45,5475
22.47,5474
22.48,5473
22.50,5472
22.51,5471
22.53,5470
22.54,5469
22.56,5468
22.57,5467
22.59,5466
22.60,5465
22.62,5464
22.63,5463
22.65,5462
22.66,5461
22.67,5460
22.69,5459
22.70,5458
22.72,5457
22.73,5456
22.75,5455
22.76,5454
22.78,5453
22.79,5452
22.81,5451
22.82,5450
22.84,5449
22.85,5448
22.87,5447
22.88,5446
22.90,5445
22.91,5444
22.92,5443
22.94,5442
22.95,5441
22.97,5440
22.98,5439
23.00,5438
23.01,5437
23.03,5436
23.04,5435
23.06,5434
23.07,5433
23.09,5432
23.10,5431
23.12,5430
23.13,5429
23.15,5428
23.16,5427
23.18,5426
23.19,5425
23.21,5424
23.22,5423
23.24,5422
23.25,5421
23.26,5420
23.28,5419
23.29,5418
23.31,5417
23.32,5416
23.34,5415
23.35,5414
23.37,5413
23.38,5412
23.40,5411
23.41,5410
23.42,5409
23.44,5408
23.45,5407
23.47,5406
23.48,5405
23.50,5404
23.51,5403
23.53,5402
23.54,5401
23.56,5400
23.57,5399
23.59,5398
23.60,5397
23.61,5396
23.63,5395
23.64,5394
23.66,5393
23.67,5392
23.69,5391
23.70,5390
23.72,5389
23.73,5388
23.75,5387
23.76,5386
23.77,5385
23.79,5384
23.80,5383
23.82,5382
23.83,5381
23.85,5380
23.86,5379
23.88,5378
23.89,5377
23.91,5376
23.92,5375
23.93,5374
23.95,5373
23.96,5372
23.98,5371
23.99,5370
24.01,5369
24.02,5368
24.03,5367
24.05,5366
24.06,5365
24.08,5364
24.09,5363
24.11,5362
24.12,5361
24.14,5360
24.15,5359
24.17,5358
24.18,5357
24.19,5356
24.21,5355
24.22,5354
24.24,5353
24.25,5352
24.27,5351
24.28,5350
24.30,5349
24.31,5348
24.32,5347
24.34,5346
24.35,5345
24.37,5344
24.38,5343
24.40,5342
24.41,5341
24.43,5340
24.44,5339
24.46,5338
24.47,5337
24.48,5336
24.50,5335
24.51,5334
24.53,5333
24.54,5332
24.56,5331
24.57,5330
24.59,5329
24.60,5328
24.62,5327
24.63,5326
24.65,5325
24.66,5324
24.67,5323
24.69,5322
24.70,5321
24.72,5320
24.73,5319
24.75,5318
24.76,5317
24.78,5316
24.79,5315
24.80,5314
24.82,5313
24.83,5312
24.85,5311
24.86,5310
24.88,5309
24.89,5308
24.90,5307
24.92,5306
24.93,5305
24.95,5304
24.96,5303
24.98,5302
24.99,5301
25.01,5300
25.02,5299
25.03,5298
25.05,5297
25.06,5296
25.08,5295
25.09,5294
25.11,5293
25.12,5292
25.14,5291
25.15,5290
25.16,5289
25.18,5288
25.19,5287
25.21,5286
25.22,5285
25.24,5284
25.25,5283
25.27,5282
25.28,5281
25.29,5280
25.31,5279
25.32,5278
25.34,5277
25.35,5276
25.37,5275
25.38,5274
25.40,5273
25.41,5272
25.43,5271
25.44,5270
25.45,5269
25.47,5268
25.48,5267
25.50,5266
25.51,5265
25.53,5264
25.54,5263
25.56,5262
25.57,5261
25.59,5260
25.60,5259
25.61,5258
25.63,5257
25.64,5256
25.66,5255
25.67,5254
25.69,5253
25.70,5252
25.71,5251
25.73,5250
25.74,5249
25.76,5248
25.77,5247
25.79,5246
25.80,5245
25.82,5244
25.83,5243
25.85,5242
25.86,5241
25.88,5240
25.89,5239
25.91,5238
25.92,5237
25.93,5236
25.95,5235
25.96,5234
25.98,5233
25.99,5232
26.01,5231
26.02,5230
26.04,5229
26.05,5228
26.06,5227
26.08,5226
26.09,5225
26.11,5224
26.12,5223
26.14,5222
26.15,5221
26.16,5220
26.18,5219
26.19,5218
26.21,5217
26.22,5216
26.23,5215
26.25,5214
26.26,5213
26.28,5212
26.29,5211
26.31,5210
26.32,5209
26.33,5208
26.35,5207
26.36,5206
26.38,5205
26.39,5204
26.40,5203
26.42,5202
26.43,5201
26.45,5200
26.46,5199
26.48,5198
26.49,5197
26.50,5196
26.52,5195
26.53,5194
26.55,5193
26.56,5192
26.57,5191
26.59,5190
26.60,5189
26.62,5188
26.63,5187
26.65,5186
26.66,5185
26.67,5184
26.69,5183
26.70,5182
26.72,5181
26.73,5180
26.75,5179
26.76,5178
26.77,5177
26.79,5176
26.80,5175
26.82,5174
26.83,5173
26.84,5172
26.86,5171
26.87,5170
26.89,5169
26.90,5168
26.92,5167
26.93,5166
26.94,5165
26.96,5164
26.97,5163
26.99,5162
27.00,5161
27.02,5160
27.03,5159
27.04,5158
27.06,5157
27.07,5156
27.09,5155
27.10,5154
27.11,5153
27.13,5152
27.14,5151
27.16,5150
27.17,5149
27.18,5148
27.20,5147
27.21,5146
27.23,5145
27.24,5144
27.25,5143
27.27,5142
27.28,5141
27.29,5140
27.31,5139
27.32,5138
27.34,5137
27.35,5136
27.36,5135
27.38,5134
27.39,5133
27.40,5132
27.42,5131
27.43,5130
27.44,5129
27.46,5128
27.47,5127
27.49,5126
27.50,5125
27.51,5124
27.53,5123
27.54,5122
27.55,5121
27.57,5120
27.58,5119
27.59,5118
27.61,5117
27.62,5116
27.64,5115
27.65,5114
27.66,5113
27.68,5112
27.69,5111
27.71,5110
27.72,5109
27.73,5108
27.75,5107
27.76,5106
27.78,5105
27.79,5104
27.81,5103
27.82,5102
27.84,5101
27.85,5100
27.86,5099
27.88,5098
27.89,5097
27.91,5096
27.92,5095
27.93,5094
27.95,5093
27.96,5092
27.98,5091
27.99,5090
28.01,5089
28.02,5088
28.03,5087
28.05,5086
28.06,5085
28.07,5084
28.09,5083
28.10,5082
28.12,5081
28.13,5080
28.14,5079
28.16,5078
28.17,5077
28.19,5076
28.20,5075
28.22,5074
28.23,5073
28.24,5072
28.26,5071
28.27,5070
28.29,5069
28.30,5068
28.32,5067
28.33,5066
28.34,5065
28.36,5064
28.37,5063
28.39,5062
28.40,5061
28.42,5060
28.43,5059
28.44,5058
28.46,5057
28.47,5056
28.49,5055
28.50,5054
28.51,5053
28.53,5052
28.54,5051
28.56,5050
28.57,5049
28.58,5048
28.60,5047
28.61,5046
28.63,5045
28.64,5044
28.65,5043
28.67,5042
28.68,5041
28.70,5040
28.71,5039
28.72,5038
28.74,5037
28.75,5036
28.77,5035
28.78,5034
28.80,5033
28.81,5032
28.82,5031
28.84,5030
28.85,5029
28.87,5028
28.88,5027
28.89,5026
28.91,5025
28.92,5024
28.94,5023
28.95,5022
28.96,5021
28.98,5020
28.99,5019
29.01,5018
29.02,5017
29.03,5016
29.05,5015
29.06,5014
29.08,5013
29.09,5012
29.11,5011
29.12,5010
29.13,5009
29.15,5008
29.16,5007
29.18,5006
29.19,5005
29.20,5004
29.22,5003
29.23,5002
29.25,5001
29.26,5000
29.27,4999
29.29,4998
29.30,4997
29.31,4996
29.33,4995
29.34,4994
29.36,4993
29.37,4992
29.39,4991
29.40,4990
29.41,4989
29.43,4988
29.44,4987
29.46,4986
29.47,4985
29.48,4984
29.50,4983
29.51,4982
29.53,4981
29.54,4980
29.55,4979
29.57,4978
29.58,4977
29.60,4976
29.61,4975
29.62,4974
29.64,4973
29.65,4972
29.67,4971
29.68,4970
29.69,4969
29.71,4968
29.72,4967
29.73,4966
29.75,4965
29.76,4964
29.78,4963
29.79,4962
29.81,4961
29.82,4960
29.83,4959
29.85,4958
29.86,4957
29.88,4956
29.89,4955
29.90,4954
29.92,4953
29.93,4952
29.94,4951
29.96,4950
29.97,4949
29.99,4948
30.00,4947
30.01,4946
30.03,4945
30.04,4944
30.06,4943
30.07,4942
30.08,4941
30.10,4940
30.11,4939
30.13,4938
30.14,4937
30.15,4936
30.17,4935
30.18,4934
30.20,4933
30.21,4932
30.22,4931
30.24,4930
30.25,4929
30.27,4928
30.28,4927
30.29,4926
30.31,4925
30.32,4924
30.34,4923
30.35,4922
30.36,4921
30.38,4920
30.39,4919
30.41,4918
30.42,4917
30.43,4916
30.45,4915
30.46,4914
30.47,4913
30.49,4912
30.50,4911
30.52,4910
30.53,4909
30.54,4908
30.56,4907
30.57,4906
30.58,4905
30.60,4904
30.61,4903
30.63,4902
30.64,4901
30.65,4900
30.67,4899
30.68,4898
30.70,4897
30.71,4896
30.73,4895
30.74,4894
30.75,4893
30.77,4892
30.78,4891
30.80,4890
30.81,4889
30.82,4888
30.84,4887
30.85,4886
30.86,4885
30.89,4884
30.92,4883
31.08,4882
31.09,4881
31.14,4880
31.27,4879
31.37,4878
